This is XeTeX, Version 3.141592653-2.6-0.999995 (TeX Live 2023/Debian) (preloaded format=xelatex 2025.6.27)  13 JUL 2025 22:55
entering extended mode
 restricted \write18 enabled.
 %&-line parsing enabled.
**khmertranslated3.tex
(./khmertranslated3.tex
LaTeX2e <2023-11-01> patch level 1
L3 programming layer <2024-01-22>
(/usr/share/texlive/texmf-dist/tex/latex/base/article.cls
Document Class: article 2023/05/17 v1.4n Standard LaTeX document class
(/usr/share/texlive/texmf-dist/tex/latex/base/size10.clo
File: size10.clo 2023/05/17 v1.4n Standard LaTeX file (size option)
)
\c@part=\count183
\c@section=\count184
\c@subsection=\count185
\c@subsubsection=\count186
\c@paragraph=\count187
\c@subparagraph=\count188
\c@figure=\count189
\c@table=\count190
\abovecaptionskip=\skip48
\belowcaptionskip=\skip49
\bibindent=\dimen140
)
(/usr/share/texlive/texmf-dist/tex/latex/booktabs/booktabs.sty
Package: booktabs 2020/01/12 v1.61803398 Publication quality tables
\heavyrulewidth=\dimen141
\lightrulewidth=\dimen142
\cmidrulewidth=\dimen143
\belowrulesep=\dimen144
\belowbottomsep=\dimen145
\aboverulesep=\dimen146
\abovetopsep=\dimen147
\cmidrulesep=\dimen148
\cmidrulekern=\dimen149
\defaultaddspace=\dimen150
\@cmidla=\count191
\@cmidlb=\count192
\@aboverulesep=\dimen151
\@belowrulesep=\dimen152
\@thisruleclass=\count193
\@lastruleclass=\count194
\@thisrulewidth=\dimen153
)
(/usr/share/texlive/texmf-dist/tex/latex/sttools/stfloats.sty
Package: stfloats 2017/03/27 v3.3 Improve float mechanism and baselineskip sett
ings
\@dblbotnum=\count195
\c@dblbotnumber=\count196
)
(/usr/share/texlive/texmf-dist/tex/latex/float/float.sty
Package: float 2001/11/08 v1.3d Float enhancements (AL)
\c@float@type=\count197
\float@exts=\toks17
\float@box=\box51
\@float@everytoks=\toks18
\@floatcapt=\box52
)
(/usr/share/texlive/texmf-dist/tex/latex/fontspec/fontspec.sty
(/usr/share/texlive/texmf-dist/tex/latex/l3packages/xparse/xparse.sty
(/usr/share/texlive/texmf-dist/tex/latex/l3kernel/expl3.sty
Package: expl3 2024-01-22 L3 programming layer (loader) 

(/usr/share/texlive/texmf-dist/tex/latex/l3backend/l3backend-xetex.def
File: l3backend-xetex.def 2024-01-04 L3 backend support: XeTeX
\g__graphics_track_int=\count198
\l__pdf_internal_box=\box53
\g__pdf_backend_object_int=\count199
\g__pdf_backend_annotation_int=\count266
\g__pdf_backend_link_int=\count267
))
Package: xparse 2023-10-10 L3 Experimental document command parser
)
Package: fontspec 2022/01/15 v2.8a Font selection for XeLaTeX and LuaLaTeX

(/usr/share/texlive/texmf-dist/tex/latex/fontspec/fontspec-xetex.sty
Package: fontspec-xetex 2022/01/15 v2.8a Font selection for XeLaTeX and LuaLaTe
X
\l__fontspec_script_int=\count268
\l__fontspec_language_int=\count269
\l__fontspec_strnum_int=\count270
\l__fontspec_tmp_int=\count271
\l__fontspec_tmpa_int=\count272
\l__fontspec_tmpb_int=\count273
\l__fontspec_tmpc_int=\count274
\l__fontspec_em_int=\count275
\l__fontspec_emdef_int=\count276
\l__fontspec_strong_int=\count277
\l__fontspec_strongdef_int=\count278
\l__fontspec_tmpa_dim=\dimen154
\l__fontspec_tmpb_dim=\dimen155
\l__fontspec_tmpc_dim=\dimen156

(/usr/share/texlive/texmf-dist/tex/latex/base/fontenc.sty
Package: fontenc 2021/04/29 v2.0v Standard LaTeX package
)
(/usr/share/texlive/texmf-dist/tex/latex/fontspec/fontspec.cfg)))

Package fontspec Info: Font family 'LatinModernRoman(0)' created for font
(fontspec)             'Latin Modern Roman' with options [].
(fontspec)              
(fontspec)              This font family consists of the following NFSS
(fontspec)             series/shapes:
(fontspec)              
(fontspec)             - 'normal' (m/n) with NFSS spec.: <->"Latin Modern
(fontspec)             Roman/OT:script=latn;language=dflt;"
(fontspec)             - 'small caps'  (m/sc) with NFSS spec.: 
(fontspec)             - 'bold' (b/n) with NFSS spec.: <->"Latin Modern
(fontspec)             Roman/B/OT:script=latn;language=dflt;"
(fontspec)             - 'bold small caps'  (b/sc) with NFSS spec.: 
(fontspec)             - 'italic' (m/it) with NFSS spec.: <->"Latin Modern
(fontspec)             Roman/I/OT:script=latn;language=dflt;"
(fontspec)             - 'italic small caps'  (m/scit) with NFSS spec.: 
(fontspec)             - 'bold italic' (b/it) with NFSS spec.: <->"Latin
(fontspec)             Modern Roman/BI/OT:script=latn;language=dflt;"
(fontspec)             - 'bold italic small caps'  (b/scit) with NFSS spec.: 


Package fontspec Info: Could not resolve font "Noto Sans Khmer/I" (it probably
(fontspec)             doesn't exist).


Package fontspec Info: Font family 'NotoSansKhmer(0)' created for font 'Noto
(fontspec)             Sans Khmer' with options [Script=Khmer].
(fontspec)              
(fontspec)              This font family consists of the following NFSS
(fontspec)             series/shapes:
(fontspec)              
(fontspec)             - 'normal' (m/n) with NFSS spec.: <->"Noto Sans
(fontspec)             Khmer/OT:script=khmr;language=dflt;"
(fontspec)             - 'small caps'  (m/sc) with NFSS spec.: 
(fontspec)             - 'bold' (b/n) with NFSS spec.: <->"Noto Sans
(fontspec)             Khmer/B/OT:script=khmr;language=dflt;"
(fontspec)             - 'bold small caps'  (b/sc) with NFSS spec.: 
(fontspec)             - 'bold italic' (b/it) with NFSS spec.: <->"Noto Sans
(fontspec)             Khmer/BI/OT:script=khmr;language=dflt;"
(fontspec)             - 'bold italic small caps'  (b/scit) with NFSS spec.: 


(/usr/share/texlive/texmf-dist/tex/xelatex/ucharclasses/ucharclasses.sty
Package: ucharclasses 2022/10/20 v2.6.0 Unicode block character classes for XeL
aTeX

(/usr/share/texlive/texmf-dist/tex/generic/iftex/ifxetex.sty
Package: ifxetex 2019/10/25 v0.7 ifxetex legacy package. Use iftex instead.

(/usr/share/texlive/texmf-dist/tex/generic/iftex/iftex.sty
Package: iftex 2022/02/03 v1.0f TeX engine tests
))
\AegeanNumbersClass=\XeTeXcharclass1
\AlphabeticPresentationFormsClass=\XeTeXcharclass2
\AncientGreekMusicalNotationClass=\XeTeXcharclass3
\AncientGreekNumbersClass=\XeTeXcharclass4
\AncientSymbolsClass=\XeTeXcharclass5
\ArabicClass=\XeTeXcharclass6
\ArabicPresentationFormsAClass=\XeTeXcharclass7
\ArabicPresentationFormsBClass=\XeTeXcharclass8
\ArabicSupplementClass=\XeTeXcharclass9
\ArmenianClass=\XeTeXcharclass10
\ArrowsClass=\XeTeXcharclass11
\BalineseClass=\XeTeXcharclass12
\BasicLatinClass=\XeTeXcharclass13
\BengaliClass=\XeTeXcharclass14
\BlockElementsClass=\XeTeXcharclass15
\BopomofoClass=\XeTeXcharclass16
\BopomofoExtendedClass=\XeTeXcharclass17
\BoxDrawingClass=\XeTeXcharclass18
\BraillePatternsClass=\XeTeXcharclass19
\BugineseClass=\XeTeXcharclass20
\BuhidClass=\XeTeXcharclass21
\ByzantineMusicalSymbolsClass=\XeTeXcharclass22
\ChamClass=\XeTeXcharclass23
\CherokeeClass=\XeTeXcharclass24
\CJKCompatibilityClass=\XeTeXcharclass25
\CJKCompatibilityFormsClass=\XeTeXcharclass26
\CJKCompatibilityIdeographsClass=\XeTeXcharclass27
\CJKCompatibilityIdeographsSupplementClass=\XeTeXcharclass28
\CJKRadicalsSupplementClass=\XeTeXcharclass29
\CJKStrokesClass=\XeTeXcharclass30
\CJKSymbolsAndPunctuationClass=\XeTeXcharclass31
\CJKUnifiedIdeographsClass=\XeTeXcharclass32
\CJKUnifiedIdeographsExtensionAClass=\XeTeXcharclass33
\CJKUnifiedIdeographsExtensionBClass=\XeTeXcharclass34
\CombiningDiacriticalMarksClass=\XeTeXcharclass35
\CombiningDiacriticalMarksForSymbolsClass=\XeTeXcharclass36
\CombiningDiacriticalMarksSupplementClass=\XeTeXcharclass37
\CombiningHalfMarksClass=\XeTeXcharclass38
\ControlPicturesClass=\XeTeXcharclass39
\CopticClass=\XeTeXcharclass40
\CountingRodNumeralsClass=\XeTeXcharclass41
\CuneiformClass=\XeTeXcharclass42
\CuneiformNumbersAndPunctuationClass=\XeTeXcharclass43
\CurrencySymbolsClass=\XeTeXcharclass44
\CypriotSyllabaryClass=\XeTeXcharclass45
\CyrillicClass=\XeTeXcharclass46
\CyrillicExtendedAClass=\XeTeXcharclass47
\CyrillicExtendedBClass=\XeTeXcharclass48
\CyrillicSupplementClass=\XeTeXcharclass49
\DeseretClass=\XeTeXcharclass50
\DevanagariDanDaClass=\XeTeXcharclass51
\DevanagariMarksClass=\XeTeXcharclass52
\DevanagariPostDanDaClass=\XeTeXcharclass53
\DevanagariPostMarksClass=\XeTeXcharclass54
\DevanagariPreMarksClass=\XeTeXcharclass55
\DingbatsClass=\XeTeXcharclass56
\DominoTilesClass=\XeTeXcharclass57
\EnclosedAlphanumericsClass=\XeTeXcharclass58
\EnclosedCJKLettersAndMonthsClass=\XeTeXcharclass59
\EthiopicClass=\XeTeXcharclass60
\EthiopicExtendedClass=\XeTeXcharclass61
\EthiopicSupplementClass=\XeTeXcharclass62
\GeneralPunctuationClass=\XeTeXcharclass63
\GeometricShapesClass=\XeTeXcharclass64
\GeorgianClass=\XeTeXcharclass65
\GeorgianSupplementClass=\XeTeXcharclass66
\GlagoliticClass=\XeTeXcharclass67
\GreekAndCopticClass=\XeTeXcharclass68
\GreekExtendedClass=\XeTeXcharclass69
\GujaratiClass=\XeTeXcharclass70
\GurmukhiClass=\XeTeXcharclass71
\HalfwidthAndFullwidthFormsClass=\XeTeXcharclass72
\HangulCompatibilityJamoClass=\XeTeXcharclass73
\HangulJamoClass=\XeTeXcharclass74
\HangulSyllablesClass=\XeTeXcharclass75
\HanunooClass=\XeTeXcharclass76
\HebrewClass=\XeTeXcharclass77
\HiraganaClass=\XeTeXcharclass78
\IdeographicDescriptionCharactersClass=\XeTeXcharclass79
\IPAExtensionsClass=\XeTeXcharclass80
\KanbunClass=\XeTeXcharclass81
\KangxiRadicalsClass=\XeTeXcharclass82
\KannadaClass=\XeTeXcharclass83
\KatakanaClass=\XeTeXcharclass84
\KatakanaPhoneticExtensionsClass=\XeTeXcharclass85
\KayahLiClass=\XeTeXcharclass86
\KhmerClass=\XeTeXcharclass87
\KhmerSymbolsClass=\XeTeXcharclass88
\LaoClass=\XeTeXcharclass89
\LatinExtendedAdditionalClass=\XeTeXcharclass90
\LatinExtendedAClass=\XeTeXcharclass91
\LatinExtendedBClass=\XeTeXcharclass92
\LatinExtendedCClass=\XeTeXcharclass93
\LatinExtendedDClass=\XeTeXcharclass94
\LatinSupplementClass=\XeTeXcharclass95
\LepchaClass=\XeTeXcharclass96
\LetterlikeSymbolsClass=\XeTeXcharclass97
\LimbuClass=\XeTeXcharclass98
\LinearBIdeogramsClass=\XeTeXcharclass99
\LinearBSyllabaryClass=\XeTeXcharclass100
\MahjongTilesClass=\XeTeXcharclass101
\MalayalamClass=\XeTeXcharclass102
\MathematicalAlphanumericSymbolsClass=\XeTeXcharclass103
\MathematicalOperatorsClass=\XeTeXcharclass104
\MiscellaneousMathematicalSymbolsAClass=\XeTeXcharclass105
\MiscellaneousMathematicalSymbolsBClass=\XeTeXcharclass106
\MiscellaneousSymbolsClass=\XeTeXcharclass107
\MiscellaneousSymbolsAndArrowsClass=\XeTeXcharclass108
\MiscellaneousTechnicalClass=\XeTeXcharclass109
\ModifierToneLettersClass=\XeTeXcharclass110
\MongolianClass=\XeTeXcharclass111
\MusicalSymbolsClass=\XeTeXcharclass112
\MyanmarClass=\XeTeXcharclass113
\NewTaiLueClass=\XeTeXcharclass114
\NKoClass=\XeTeXcharclass115
\NumberFormsClass=\XeTeXcharclass116
\OghamClass=\XeTeXcharclass117
\OlChikiClass=\XeTeXcharclass118
\OldPersianClass=\XeTeXcharclass119
\OpticalCharacterRecognitionClass=\XeTeXcharclass120
\OriyaClass=\XeTeXcharclass121
\OsmanyaClass=\XeTeXcharclass122
\PhagsPaClass=\XeTeXcharclass123
\PhoenicianClass=\XeTeXcharclass124
\PhoneticExtensionsClass=\XeTeXcharclass125
\PhoneticExtensionsSupplementClass=\XeTeXcharclass126
\PrivateUseAreaClass=\XeTeXcharclass127
\RejangClass=\XeTeXcharclass128
\RunicClass=\XeTeXcharclass129
\SaurashtraClass=\XeTeXcharclass130
\ShavianClass=\XeTeXcharclass131
\SinhalaClass=\XeTeXcharclass132
\SmallFormVariantsClass=\XeTeXcharclass133
\SpacingModifierLettersClass=\XeTeXcharclass134
\SundaneseClass=\XeTeXcharclass135
\SuperscriptsAndSubscriptsClass=\XeTeXcharclass136
\SupplementalArrowsAClass=\XeTeXcharclass137
\SupplementalArrowsBClass=\XeTeXcharclass138
\SupplementalMathematicalOperatorsClass=\XeTeXcharclass139
\SupplementalPunctuationClass=\XeTeXcharclass140
\SylotiNagriClass=\XeTeXcharclass141
\SyriacClass=\XeTeXcharclass142
\TagalogClass=\XeTeXcharclass143
\TagbanwaClass=\XeTeXcharclass144
\TagsClass=\XeTeXcharclass145
\TaiLeClass=\XeTeXcharclass146
\TaiXuanJingSymbolsClass=\XeTeXcharclass147
\TamilClass=\XeTeXcharclass148
\TeluguClass=\XeTeXcharclass149
\ThaanaClass=\XeTeXcharclass150
\ThaiClass=\XeTeXcharclass151
\TibetanClass=\XeTeXcharclass152
\TifinaghClass=\XeTeXcharclass153
\UgariticClass=\XeTeXcharclass154
\UnifiedCanadianAboriginalSyllabicsClass=\XeTeXcharclass155
\VaiClass=\XeTeXcharclass156
\VerticalFormsClass=\XeTeXcharclass157
\YiRadicalsClass=\XeTeXcharclass158
\YiSyllablesClass=\XeTeXcharclass159
\YijingHexagramSymbolsClass=\XeTeXcharclass160
\AvestanClass=\XeTeXcharclass161
\BamumClass=\XeTeXcharclass162
\CJKUnifiedIdeographsExtensionCClass=\XeTeXcharclass163
\CommonIndicNumberFormsClass=\XeTeXcharclass164
\DevanagariExtendedClass=\XeTeXcharclass165
\EgyptianHieroglyphsClass=\XeTeXcharclass166
\EnclosedAlphanumericSupplementClass=\XeTeXcharclass167
\EnclosedIdeographicSupplementClass=\XeTeXcharclass168
\HangulJamoExtendedAClass=\XeTeXcharclass169
\HangulJamoExtendedBClass=\XeTeXcharclass170
\ImperialAramaicClass=\XeTeXcharclass171
\InscriptionalPahlaviClass=\XeTeXcharclass172
\InscriptionalParthianClass=\XeTeXcharclass173
\JavaneseClass=\XeTeXcharclass174
\KaithiClass=\XeTeXcharclass175
\LisuClass=\XeTeXcharclass176
\MeeteiMayekClass=\XeTeXcharclass177
\MyanmarExtendedAClass=\XeTeXcharclass178
\RumiNumeralSymbolsClass=\XeTeXcharclass179
\SamaritanClass=\XeTeXcharclass180
\TaiThamClass=\XeTeXcharclass181
\TaiVietClass=\XeTeXcharclass182
\UnifiedCanadianAboriginalSyllabicsExtendedClass=\XeTeXcharclass183
\VedicExtensionsClass=\XeTeXcharclass184
\AlchemicalSymbolsClass=\XeTeXcharclass185
\BamumSupplementClass=\XeTeXcharclass186
\BatakClass=\XeTeXcharclass187
\BrahmiClass=\XeTeXcharclass188
\CJKUnifiedIdeographsExtensionDClass=\XeTeXcharclass189
\EmoticonsClass=\XeTeXcharclass190
\EthiopicExtendedAClass=\XeTeXcharclass191
\KanaSupplementClass=\XeTeXcharclass192
\MandaicClass=\XeTeXcharclass193
\MiscellaneousSymbolsAndPictographsClass=\XeTeXcharclass194
\PlayingCardsClass=\XeTeXcharclass195
\TransportAndMapSymbolsClass=\XeTeXcharclass196
\ArabicExtendedAClass=\XeTeXcharclass197
\ArabicMathematicalAlphabeticSymbolsClass=\XeTeXcharclass198
\ChakmaClass=\XeTeXcharclass199
\MeeteiMayekExtensionsClass=\XeTeXcharclass200
\MeroiticCursiveClass=\XeTeXcharclass201
\MeroiticHieroglyphsClass=\XeTeXcharclass202
\MiaoClass=\XeTeXcharclass203
\SharadaClass=\XeTeXcharclass204
\SoraSompengClass=\XeTeXcharclass205
\SundaneseSupplementClass=\XeTeXcharclass206
\TakriClass=\XeTeXcharclass207
\BassaVahClass=\XeTeXcharclass208
\CaucasianAlbanianClass=\XeTeXcharclass209
\CombiningDiacriticalMarksExtendedClass=\XeTeXcharclass210
\CopticEpactNumbersClass=\XeTeXcharclass211
\ElbasanClass=\XeTeXcharclass212
\GeometricShapesExtendedClass=\XeTeXcharclass213
\GranthaClass=\XeTeXcharclass214
\KhojkiClass=\XeTeXcharclass215
\KhudawadiClass=\XeTeXcharclass216
\LatinExtendedEClass=\XeTeXcharclass217
\LinearAClass=\XeTeXcharclass218
\MahajaniClass=\XeTeXcharclass219
\MendeKikakuiClass=\XeTeXcharclass220
\ModiClass=\XeTeXcharclass221
\MroClass=\XeTeXcharclass222
\MyanmarExtendedBClass=\XeTeXcharclass223
\OrnamentalDingbatsClass=\XeTeXcharclass224
\PahawhHmongClass=\XeTeXcharclass225
\PauCinHauClass=\XeTeXcharclass226
\SiddhamClass=\XeTeXcharclass227
\SinhalaArchaicNumbersClass=\XeTeXcharclass228
\SupplementalArrowsCClass=\XeTeXcharclass229
\TirhutaClass=\XeTeXcharclass230
\WarangCitiClass=\XeTeXcharclass231
\CherokeeSupplementClass=\XeTeXcharclass232
\CJKUnifiedIdeographsExtensionEClass=\XeTeXcharclass233
\SupplementalSymbolsAndPictographsClass=\XeTeXcharclass234
\CyrillicExtendedCClass=\XeTeXcharclass235
\GlagoliticSupplementClass=\XeTeXcharclass236
\IdeographicSymbolsAndPunctuationClass=\XeTeXcharclass237
\MongolianSupplementClass=\XeTeXcharclass238
\CJKUnifiedIdeographsExtensionFClass=\XeTeXcharclass239
\KanaExtendedAClass=\XeTeXcharclass240
\SyriacSupplementClass=\XeTeXcharclass241
\GeorgianExtendedClass=\XeTeXcharclass242
\SmallKanaExtensionClass=\XeTeXcharclass243
\SymbolsAndPictographsExtendedAClass=\XeTeXcharclass244
\CJKUnifiedIdeographsExtensionGClass=\XeTeXcharclass245
\ArabicExtendedBClass=\XeTeXcharclass246
\EthiopicExtendedBClass=\XeTeXcharclass247
\KanaExtendedBClass=\XeTeXcharclass248
\LatinExtendedFClass=\XeTeXcharclass249
\LatinExtendedGClass=\XeTeXcharclass250
\UnifiedCanadianAboriginalSyllabicsExtendedAClass=\XeTeXcharclass251
\ArabicExtendedCClass=\XeTeXcharclass252
\CJKUnifiedIdeographsExtensionHClass=\XeTeXcharclass253
\CyrillicExtendedDClass=\XeTeXcharclass254
\DevanagariExtendedAClass=\XeTeXcharclass255
\CarianClass=\XeTeXcharclass256
\GothicClass=\XeTeXcharclass257
\KharoshthiClass=\XeTeXcharclass258
\LycianClass=\XeTeXcharclass259
\LydianClass=\XeTeXcharclass260
\OldItalicClass=\XeTeXcharclass261
\PhaistosDiscClass=\XeTeXcharclass262
\SupplementaryPrivateUseAreaAClass=\XeTeXcharclass263
\SupplementaryPrivateUseAreaBClass=\XeTeXcharclass264
\OldSouthArabianClass=\XeTeXcharclass265
\OldTurkicClass=\XeTeXcharclass266
\DuployanClass=\XeTeXcharclass267
\ManichaeanClass=\XeTeXcharclass268
\NabataeanClass=\XeTeXcharclass269
\OldNorthArabianClass=\XeTeXcharclass270
\OldPermicClass=\XeTeXcharclass271
\PalmyreneClass=\XeTeXcharclass272
\PsalterPahlaviClass=\XeTeXcharclass273
\ShorthandFormatControlsClass=\XeTeXcharclass274
\AhomClass=\XeTeXcharclass275
\AnatolianHieroglyphsClass=\XeTeXcharclass276
\EarlyDynasticCuneiformClass=\XeTeXcharclass277
\HatranClass=\XeTeXcharclass278
\MultaniClass=\XeTeXcharclass279
\OldHungarianClass=\XeTeXcharclass280
\SuttonSignWritingClass=\XeTeXcharclass281
\AdlamClass=\XeTeXcharclass282
\BhaiksukiClass=\XeTeXcharclass283
\MarchenClass=\XeTeXcharclass284
\NewaClass=\XeTeXcharclass285
\OsageClass=\XeTeXcharclass286
\TangutClass=\XeTeXcharclass287
\TangutComponentsClass=\XeTeXcharclass288
\MasaramGondiClass=\XeTeXcharclass289
\NushuClass=\XeTeXcharclass290
\SoyomboClass=\XeTeXcharclass291
\ZanabazarSquareClass=\XeTeXcharclass292
\ChessSymbolsClass=\XeTeXcharclass293
\DograClass=\XeTeXcharclass294
\GunjalaGondiClass=\XeTeXcharclass295
\HanifiRohingyaClass=\XeTeXcharclass296
\IndicSiyaqNumbersClass=\XeTeXcharclass297
\MakasarClass=\XeTeXcharclass298
\MayanNumeralsClass=\XeTeXcharclass299
\MedefaidrinClass=\XeTeXcharclass300
\OldSogdianClass=\XeTeXcharclass301
\SogdianClass=\XeTeXcharclass302
\EgyptianHieroglyphFormatControlsClass=\XeTeXcharclass303
\ElymaicClass=\XeTeXcharclass304
\NandinagariClass=\XeTeXcharclass305
\NyiakengPuachueHmongClass=\XeTeXcharclass306
\OttomanSiyaqNumbersClass=\XeTeXcharclass307
\TamilSupplementClass=\XeTeXcharclass308
\WanchoClass=\XeTeXcharclass309
\ChorasmianClass=\XeTeXcharclass310
\DivesAkuruClass=\XeTeXcharclass311
\KhitanSmallScriptClass=\XeTeXcharclass312
\LisuSupplementClass=\XeTeXcharclass313
\SymbolsForLegacyComputingClass=\XeTeXcharclass314
\TangutSupplementClass=\XeTeXcharclass315
\YezidiClass=\XeTeXcharclass316
\CyproMinoanClass=\XeTeXcharclass317
\OldUighurClass=\XeTeXcharclass318
\TangsaClass=\XeTeXcharclass319
\TotoClass=\XeTeXcharclass320
\VithkuqiClass=\XeTeXcharclass321
\ZnamennyMusicalNotationClass=\XeTeXcharclass322
\KaktovikNumeralsClass=\XeTeXcharclass323
\KawiClass=\XeTeXcharclass324
\NagMundariClass=\XeTeXcharclass325
) (./cvpr.sty
(./eso-pic.sty
Package: eso-pic 2002/11/16 v1.1b eso-pic (RN)
 (./cvpr_eso.sty

LaTeX Warning: You have requested package `eso-pic',
               but the package provides `everyshi'.

Package: everyshi 2001/05/15 v3.00 EveryShipout Package (MS)
) (/usr/share/texlive/texmf-dist/tex/latex/graphics/keyval.sty
Package: keyval 2022/05/29 v1.15 key=value parser (DPC)
\KV@toks@=\toks19
))
(/usr/share/texlive/texmf-dist/tex/latex/tools/xspace.sty
Package: xspace 2014/10/28 v1.13 Space after command names (DPC,MH)
)
CVPR 8.5 x 11-Inch Proceedings Style `cvpr.sty'.
\@ctmp=\skip50
\@figindent=\skip51
\cvprrulerbox=\box54
\cvprrulercount=\count279
\cvprruleroffset=\dimen157
\cv@lineheight=\dimen158
\cv@boxheight=\dimen159
\cv@tmpbox=\box55
\cv@refno=\count280
\cv@tot=\count281
\cv@tmpc@=\count282
\cv@tmpc=\count283
) (/usr/share/texlive/texmf-dist/tex/latex/psnfss/times.sty
Package: times 2020/03/25 PSNFSS-v9.3 (SPQR) 
)
(/usr/share/texlive/texmf-dist/tex/latex/graphics/epsfig.sty
Package: epsfig 2017/06/25 v1.7b (e)psfig emulation (SPQR)

(/usr/share/texlive/texmf-dist/tex/latex/graphics/graphicx.sty
Package: graphicx 2021/09/16 v1.2d Enhanced LaTeX Graphics (DPC,SPQR)

(/usr/share/texlive/texmf-dist/tex/latex/graphics/graphics.sty
Package: graphics 2022/03/10 v1.4e Standard LaTeX Graphics (DPC,SPQR)

(/usr/share/texlive/texmf-dist/tex/latex/graphics/trig.sty
Package: trig 2021/08/11 v1.11 sin cos tan (DPC)
)
(/usr/share/texlive/texmf-dist/tex/latex/graphics-cfg/graphics.cfg
File: graphics.cfg 2016/06/04 v1.11 sample graphics configuration
)
Package graphics Info: Driver file: xetex.def on input line 107.

(/usr/share/texlive/texmf-dist/tex/latex/graphics-def/xetex.def
File: xetex.def 2022/09/22 v5.0n Graphics/color driver for xetex
))
\Gin@req@height=\dimen160
\Gin@req@width=\dimen161
)
\epsfxsize=\dimen162
\epsfysize=\dimen163
)
(/usr/share/texlive/texmf-dist/tex/latex/amsmath/amsmath.sty
Package: amsmath 2023/05/13 v2.17o AMS math features
\@mathmargin=\skip52

For additional information on amsmath, use the `?' option.
(/usr/share/texlive/texmf-dist/tex/latex/amsmath/amstext.sty
Package: amstext 2021/08/26 v2.01 AMS text

(/usr/share/texlive/texmf-dist/tex/latex/amsmath/amsgen.sty
File: amsgen.sty 1999/11/30 v2.0 generic functions
\@emptytoks=\toks20
\ex@=\dimen164
))
(/usr/share/texlive/texmf-dist/tex/latex/amsmath/amsbsy.sty
Package: amsbsy 1999/11/29 v1.2d Bold Symbols
\pmbraise@=\dimen165
)
(/usr/share/texlive/texmf-dist/tex/latex/amsmath/amsopn.sty
Package: amsopn 2022/04/08 v2.04 operator names
)
\inf@bad=\count284
LaTeX Info: Redefining \frac on input line 234.
\uproot@=\count285
\leftroot@=\count286
LaTeX Info: Redefining \overline on input line 399.
LaTeX Info: Redefining \colon on input line 410.
\classnum@=\count287
\DOTSCASE@=\count288
LaTeX Info: Redefining \ldots on input line 496.
LaTeX Info: Redefining \dots on input line 499.
LaTeX Info: Redefining \cdots on input line 620.
\Mathstrutbox@=\box56
\strutbox@=\box57
LaTeX Info: Redefining \big on input line 722.
LaTeX Info: Redefining \Big on input line 723.
LaTeX Info: Redefining \bigg on input line 724.
LaTeX Info: Redefining \Bigg on input line 725.
\big@size=\dimen166
LaTeX Font Info:    Redeclaring font encoding OML on input line 743.
LaTeX Font Info:    Redeclaring font encoding OMS on input line 744.
\macc@depth=\count289
LaTeX Info: Redefining \bmod on input line 905.
LaTeX Info: Redefining \pmod on input line 910.
LaTeX Info: Redefining \smash on input line 940.
LaTeX Info: Redefining \relbar on input line 970.
LaTeX Info: Redefining \Relbar on input line 971.
\c@MaxMatrixCols=\count290
\dotsspace@=\muskip16
\c@parentequation=\count291
\dspbrk@lvl=\count292
\tag@help=\toks21
\row@=\count293
\column@=\count294
\maxfields@=\count295
\andhelp@=\toks22
\eqnshift@=\dimen167
\alignsep@=\dimen168
\tagshift@=\dimen169
\tagwidth@=\dimen170
\totwidth@=\dimen171
\lineht@=\dimen172
\@envbody=\toks23
\multlinegap=\skip53
\multlinetaggap=\skip54
\mathdisplay@stack=\toks24
LaTeX Info: Redefining \[ on input line 2953.
LaTeX Info: Redefining \] on input line 2954.
)
(/usr/share/texlive/texmf-dist/tex/latex/amsfonts/amssymb.sty
Package: amssymb 2013/01/14 v3.01 AMS font symbols

(/usr/share/texlive/texmf-dist/tex/latex/amsfonts/amsfonts.sty
Package: amsfonts 2013/01/14 v3.01 Basic AMSFonts support
\symAMSa=\mathgroup4
\symAMSb=\mathgroup5
LaTeX Font Info:    Redeclaring math symbol \hbar on input line 98.
LaTeX Font Info:    Overwriting math alphabet `\mathfrak' in version `bold'
(Font)                  U/euf/m/n --> U/euf/b/n on input line 106.
))
(/usr/share/texlive/texmf-dist/tex/latex/hyperref/hyperref.sty
Package: hyperref 2024-01-20 v7.01h Hypertext links for LaTeX

(/usr/share/texlive/texmf-dist/tex/latex/kvsetkeys/kvsetkeys.sty
Package: kvsetkeys 2022-10-05 v1.19 Key value parser (HO)
)
(/usr/share/texlive/texmf-dist/tex/generic/kvdefinekeys/kvdefinekeys.sty
Package: kvdefinekeys 2019-12-19 v1.6 Define keys (HO)
)
(/usr/share/texlive/texmf-dist/tex/generic/pdfescape/pdfescape.sty
Package: pdfescape 2019/12/09 v1.15 Implements pdfTeX's escape features (HO)

(/usr/share/texlive/texmf-dist/tex/generic/ltxcmds/ltxcmds.sty
Package: ltxcmds 2023-12-04 v1.26 LaTeX kernel commands for general use (HO)
)
(/usr/share/texlive/texmf-dist/tex/generic/pdftexcmds/pdftexcmds.sty
Package: pdftexcmds 2020-06-27 v0.33 Utility functions of pdfTeX for LuaTeX (HO
)

(/usr/share/texlive/texmf-dist/tex/generic/infwarerr/infwarerr.sty
Package: infwarerr 2019/12/03 v1.5 Providing info/warning/error messages (HO)
)
Package pdftexcmds Info: \pdf@primitive is available.
Package pdftexcmds Info: \pdf@ifprimitive is available.
Package pdftexcmds Info: \pdfdraftmode not found.
))
(/usr/share/texlive/texmf-dist/tex/latex/hycolor/hycolor.sty
Package: hycolor 2020-01-27 v1.10 Color options for hyperref/bookmark (HO)
)
(/usr/share/texlive/texmf-dist/tex/latex/auxhook/auxhook.sty
Package: auxhook 2019-12-17 v1.6 Hooks for auxiliary files (HO)
)
(/usr/share/texlive/texmf-dist/tex/latex/hyperref/nameref.sty
Package: nameref 2023-11-26 v2.56 Cross-referencing by name of section

(/usr/share/texlive/texmf-dist/tex/latex/refcount/refcount.sty
Package: refcount 2019/12/15 v3.6 Data extraction from label references (HO)
)
(/usr/share/texlive/texmf-dist/tex/generic/gettitlestring/gettitlestring.sty
Package: gettitlestring 2019/12/15 v1.6 Cleanup title references (HO)

(/usr/share/texlive/texmf-dist/tex/latex/kvoptions/kvoptions.sty
Package: kvoptions 2022-06-15 v3.15 Key value format for package options (HO)
))
\c@section@level=\count296
)
(/usr/share/texlive/texmf-dist/tex/latex/etoolbox/etoolbox.sty
Package: etoolbox 2020/10/05 v2.5k e-TeX tools for LaTeX (JAW)
\etb@tempcnta=\count297
)
\@linkdim=\dimen173
\Hy@linkcounter=\count298
\Hy@pagecounter=\count299

(/usr/share/texlive/texmf-dist/tex/latex/hyperref/pd1enc.def
File: pd1enc.def 2024-01-20 v7.01h Hyperref: PDFDocEncoding definition (HO)
)
(/usr/share/texlive/texmf-dist/tex/generic/intcalc/intcalc.sty
Package: intcalc 2019/12/15 v1.3 Expandable calculations with integers (HO)
)
\Hy@SavedSpaceFactor=\count300

(/usr/share/texlive/texmf-dist/tex/latex/hyperref/puenc.def
File: puenc.def 2024-01-20 v7.01h Hyperref: PDF Unicode definition (HO)
)
Package hyperref Info: Option `breaklinks' set `true' on input line 4062.
Package hyperref Info: Option `bookmarks' set `false' on input line 4062.
Package hyperref Info: Hyper figures OFF on input line 4179.
Package hyperref Info: Link nesting OFF on input line 4184.
Package hyperref Info: Hyper index ON on input line 4187.
Package hyperref Info: Plain pages OFF on input line 4194.
Package hyperref Info: Backreferencing OFF on input line 4199.
Package hyperref Info: Implicit mode ON; LaTeX internals redefined.
Package hyperref Info: Bookmarks OFF on input line 4452.
\c@Hy@tempcnt=\count301

(/usr/share/texlive/texmf-dist/tex/latex/url/url.sty
\Urlmuskip=\muskip17
Package: url 2013/09/16  ver 3.4  Verb mode for urls, etc.
)
LaTeX Info: Redefining \url on input line 4784.
\XeTeXLinkMargin=\dimen174

(/usr/share/texlive/texmf-dist/tex/generic/bitset/bitset.sty
Package: bitset 2019/12/09 v1.3 Handle bit-vector datatype (HO)

(/usr/share/texlive/texmf-dist/tex/generic/bigintcalc/bigintcalc.sty
Package: bigintcalc 2019/12/15 v1.5 Expandable calculations on big integers (HO
)
))
\Fld@menulength=\count302
\Field@Width=\dimen175
\Fld@charsize=\dimen176
Package hyperref Info: Hyper figures OFF on input line 6063.
Package hyperref Info: Link nesting OFF on input line 6068.
Package hyperref Info: Hyper index ON on input line 6071.
Package hyperref Info: backreferencing OFF on input line 6078.
Package hyperref Info: Link coloring OFF on input line 6083.
Package hyperref Info: Link coloring with OCG OFF on input line 6088.
Package hyperref Info: PDF/A mode OFF on input line 6093.

(/usr/share/texlive/texmf-dist/tex/latex/base/atbegshi-ltx.sty
Package: atbegshi-ltx 2021/01/10 v1.0c Emulation of the original atbegshi
package with kernel methods
)
\Hy@abspage=\count303
\c@Item=\count304
\c@Hfootnote=\count305
)
Package hyperref Info: Driver (autodetected): hxetex.

(/usr/share/texlive/texmf-dist/tex/latex/hyperref/hxetex.def
File: hxetex.def 2024-01-20 v7.01h Hyperref driver for XeTeX

(/usr/share/texlive/texmf-dist/tex/generic/stringenc/stringenc.sty
Package: stringenc 2019/11/29 v1.12 Convert strings between diff. encodings (HO
)
)
\pdfm@box=\box58
\c@Hy@AnnotLevel=\count306
\HyField@AnnotCount=\count307
\Fld@listcount=\count308
\c@bookmark@seq@number=\count309

(/usr/share/texlive/texmf-dist/tex/latex/rerunfilecheck/rerunfilecheck.sty
Package: rerunfilecheck 2022-07-10 v1.10 Rerun checks for auxiliary files (HO)

(/usr/share/texlive/texmf-dist/tex/latex/base/atveryend-ltx.sty
Package: atveryend-ltx 2020/08/19 v1.0a Emulation of the original atveryend pac
kage
with kernel methods
)
(/usr/share/texlive/texmf-dist/tex/generic/uniquecounter/uniquecounter.sty
Package: uniquecounter 2019/12/15 v1.4 Provide unlimited unique counter (HO)
)
Package uniquecounter Info: New unique counter `rerunfilecheck' on input line 2
85.
)
\Hy@SectionHShift=\skip55
)
LaTeX Font Info:    Trying to load font information for TU+ptm on input line 98
.
LaTeX Font Info:    No file TUptm.fd. on input line 98.


LaTeX Font Warning: Font shape `TU/ptm/m/n' undefined
(Font)              using `TU/lmr/m/n' instead on input line 98.

(./khmertranslated3.aux

LaTeX Warning: Label `fig:onecol' multiply defined.


LaTeX Warning: Label `fig:onecol' multiply defined.


LaTeX Warning: Label `fig:onecol' multiply defined.


LaTeX Warning: Label `fig:onecol' multiply defined.


LaTeX Warning: Label `fig:onecol' multiply defined.


LaTeX Warning: Label `fig:onecol' multiply defined.


LaTeX Warning: Label `fig:onecol' multiply defined.


LaTeX Warning: Label `fig:12' multiply defined.


LaTeX Warning: Label `fig:onecol' multiply defined.


LaTeX Warning: Label `fig:onecol' multiply defined.

)
\openout1 = `khmertranslated3.aux'.

LaTeX Font Info:    Checking defaults for OML/cmm/m/it on input line 98.
LaTeX Font Info:    ... okay on input line 98.
LaTeX Font Info:    Checking defaults for OMS/cmsy/m/n on input line 98.
LaTeX Font Info:    ... okay on input line 98.
LaTeX Font Info:    Checking defaults for OT1/cmr/m/n on input line 98.
LaTeX Font Info:    ... okay on input line 98.
LaTeX Font Info:    Checking defaults for T1/cmr/m/n on input line 98.
LaTeX Font Info:    ... okay on input line 98.
LaTeX Font Info:    Checking defaults for TS1/cmr/m/n on input line 98.
LaTeX Font Info:    Trying to load font information for TS1+cmr on input line 9
8.
 (/usr/share/texlive/texmf-dist/tex/latex/base/ts1cmr.fd
File: ts1cmr.fd 2023/04/13 v2.5m Standard LaTeX font definitions
)
LaTeX Font Info:    ... okay on input line 98.
LaTeX Font Info:    Checking defaults for TU/lmr/m/n on input line 98.
LaTeX Font Info:    ... okay on input line 98.
LaTeX Font Info:    Checking defaults for OMX/cmex/m/n on input line 98.
LaTeX Font Info:    ... okay on input line 98.
LaTeX Font Info:    Checking defaults for U/cmr/m/n on input line 98.
LaTeX Font Info:    ... okay on input line 98.
LaTeX Font Info:    Checking defaults for PD1/pdf/m/n on input line 98.
LaTeX Font Info:    ... okay on input line 98.
LaTeX Font Info:    Checking defaults for PU/pdf/m/n on input line 98.
LaTeX Font Info:    ... okay on input line 98.

Package fontspec Info: Adjusting the maths setup (use [no-math] to avoid
(fontspec)             this).

\symlegacymaths=\mathgroup6
LaTeX Font Info:    Overwriting symbol font `legacymaths' in version `bold'
(Font)                  OT1/cmr/m/n --> OT1/cmr/bx/n on input line 98.
LaTeX Font Info:    Redeclaring math accent \acute on input line 98.
LaTeX Font Info:    Redeclaring math accent \grave on input line 98.
LaTeX Font Info:    Redeclaring math accent \ddot on input line 98.
LaTeX Font Info:    Redeclaring math accent \tilde on input line 98.
LaTeX Font Info:    Redeclaring math accent \bar on input line 98.
LaTeX Font Info:    Redeclaring math accent \breve on input line 98.
LaTeX Font Info:    Redeclaring math accent \check on input line 98.
LaTeX Font Info:    Redeclaring math accent \hat on input line 98.
LaTeX Font Info:    Redeclaring math accent \dot on input line 98.
LaTeX Font Info:    Redeclaring math accent \mathring on input line 98.
LaTeX Font Info:    Redeclaring math symbol \Gamma on input line 98.
LaTeX Font Info:    Redeclaring math symbol \Delta on input line 98.
LaTeX Font Info:    Redeclaring math symbol \Theta on input line 98.
LaTeX Font Info:    Redeclaring math symbol \Lambda on input line 98.
LaTeX Font Info:    Redeclaring math symbol \Xi on input line 98.
LaTeX Font Info:    Redeclaring math symbol \Pi on input line 98.
LaTeX Font Info:    Redeclaring math symbol \Sigma on input line 98.
LaTeX Font Info:    Redeclaring math symbol \Upsilon on input line 98.
LaTeX Font Info:    Redeclaring math symbol \Phi on input line 98.
LaTeX Font Info:    Redeclaring math symbol \Psi on input line 98.
LaTeX Font Info:    Redeclaring math symbol \Omega on input line 98.
LaTeX Font Info:    Redeclaring math symbol \mathdollar on input line 98.
LaTeX Font Info:    Redeclaring symbol font `operators' on input line 98.
LaTeX Font Info:    Encoding `OT1' has changed to `TU' for symbol font
(Font)              `operators' in the math version `normal' on input line 98.
LaTeX Font Info:    Overwriting symbol font `operators' in version `normal'
(Font)                  OT1/cmr/m/n --> TU/ptm/m/n on input line 98.
LaTeX Font Info:    Encoding `OT1' has changed to `TU' for symbol font
(Font)              `operators' in the math version `bold' on input line 98.
LaTeX Font Info:    Overwriting symbol font `operators' in version `bold'
(Font)                  OT1/cmr/bx/n --> TU/ptm/m/n on input line 98.
LaTeX Font Info:    Overwriting symbol font `operators' in version `normal'
(Font)                  TU/ptm/m/n --> TU/ptm/m/n on input line 98.
LaTeX Font Info:    Overwriting math alphabet `\mathit' in version `normal'
(Font)                  OT1/cmr/m/it --> TU/ptm/m/it on input line 98.
LaTeX Font Info:    Overwriting math alphabet `\mathbf' in version `normal'
(Font)                  OT1/cmr/bx/n --> TU/ptm/b/n on input line 98.
LaTeX Font Info:    Overwriting math alphabet `\mathsf' in version `normal'
(Font)                  OT1/cmss/m/n --> TU/phv/m/n on input line 98.
LaTeX Font Info:    Overwriting math alphabet `\mathtt' in version `normal'
(Font)                  OT1/cmtt/m/n --> TU/pcr/m/n on input line 98.
LaTeX Font Info:    Overwriting symbol font `operators' in version `bold'
(Font)                  TU/ptm/m/n --> TU/ptm/b/n on input line 98.
LaTeX Font Info:    Overwriting math alphabet `\mathit' in version `bold'
(Font)                  OT1/cmr/bx/it --> TU/ptm/b/it on input line 98.
LaTeX Font Info:    Overwriting math alphabet `\mathsf' in version `bold'
(Font)                  OT1/cmss/bx/n --> TU/phv/b/n on input line 98.
LaTeX Font Info:    Overwriting math alphabet `\mathtt' in version `bold'
(Font)                  OT1/cmtt/m/n --> TU/pcr/b/n on input line 98.

ABD: EveryShipout initializing macros
(/usr/share/texlive/texmf-dist/tex/latex/graphics/color.sty
Package: color 2022/01/06 v1.3d Standard LaTeX Color (DPC)

(/usr/share/texlive/texmf-dist/tex/latex/graphics-cfg/color.cfg
File: color.cfg 2016/01/02 v1.6 sample color configuration
)
Package color Info: Driver file: xetex.def on input line 149.

(/usr/share/texlive/texmf-dist/tex/latex/graphics/mathcolor.ltx))
Package hyperref Info: Link coloring OFF on input line 98.


LaTeX Font Warning: Font shape `TU/ptm/b/n' undefined
(Font)              using `TU/ptm/m/n' instead on input line 110.

LaTeX Font Info:    Trying to load font information for U+msa on input line 110
.
(/usr/share/texlive/texmf-dist/tex/latex/amsfonts/umsa.fd
File: umsa.fd 2013/01/14 v3.01 AMS symbols A
)
LaTeX Font Info:    Trying to load font information for U+msb on input line 110
.

(/usr/share/texlive/texmf-dist/tex/latex/amsfonts/umsb.fd
File: umsb.fd 2013/01/14 v3.01 AMS symbols B
)
LaTeX Font Info:    Trying to load font information for TU+pcr on input line 11
0.
LaTeX Font Info:    No file TUpcr.fd. on input line 110.


LaTeX Font Warning: Font shape `TU/pcr/m/n' undefined
(Font)              using `TU/lmr/m/n' instead on input line 110.


LaTeX Font Warning: Font shape `TU/ptm/m/it' undefined
(Font)              using `TU/ptm/m/n' instead on input line 111.


LaTeX Font Warning: Font shape `TU/NotoSansKhmer(0)/m/it' undefined
(Font)              using `TU/NotoSansKhmer(0)/m/n' instead on input line 112.


Underfull \hbox (badness 1527) in paragraph at lines 112--113
\TU/NotoSansKhmer(0)/m/it/10 ប្រើឈ្មោះមិនពិតប្រាកដថា \TU/LatinModernRoman(0)/m/
it/10 "The Ethical Skeptic" [[]] \TU/NotoSansKhmer(0)/m/it/10 បាន
 []


Underfull \hbox (badness 10000) in paragraph at lines 112--113
\TU/NotoSansKhmer(0)/m/it/10 ផ្សព្វផ្សាយទ្រឹស្ដីបំប្លែងមួយដែលមានឈ្មោះថា ឈ្មោះថា
៖ព្រឹត្តិការណ៍
 []


Underfull \hbox (badness 10000) in paragraph at lines 112--113
\TU/NotoSansKhmer(0)/m/it/10 នៃការបញ្ជេញកម្តៅដែលកើតចេញពីស្រទាប់ស្នូលទាំងពីរនៃផែ
នដី
 []


Underfull \hbox (badness 10000) in paragraph at lines 112--113
\TU/NotoSansKhmer(0)/m/it/10 វិលបញ្ជ្រាស់គ្នា\TU/LatinModernRoman(0)/m/it/10 (E
CDO) [[]]\TU/NotoSansKhmer(0)/m/it/10 ។ ទ្រឹស្ដីនេះមិនត្រឹមតែបានផ្តល់នូវ
 []


Underfull \hbox (badness 10000) in paragraph at lines 112--113
\TU/NotoSansKhmer(0)/m/it/10 ទឹកជំនន់ដ៏ធំទូទាំងពិភពលោក ដែលបណ្តាលអោយមហាសមុទ្រលេច

 []


Underfull \hbox (badness 10000) in paragraph at lines 112--113
\TU/NotoSansKhmer(0)/m/it/10 ថែមទាំងផ្ដល់ការបកស្រាយនៃដំណើរការភូមិវិទ្យាដែលផ្តោត
លើទិន្នន័យ
 []


Underfull \hbox (badness 10000) in paragraph at lines 112--113
\TU/NotoSansKhmer(0)/m/it/10 ហេតុផលដែលបានបង្ហាញថាការផ្លាស់ប្តូរផែនដីអាចនឹងកើតមា
នម្តង
 []


Underfull \hbox (badness 10000) in paragraph at lines 112--113
\TU/NotoSansKhmer(0)/m/it/10 ទៀត។ ទោះបីជាការព្យាករណ៍ទឹកជំនន់និងគ្រោះមហន្តរាយមិន
មែន
 []


Underfull \hbox (badness 10000) in paragraph at lines 112--113
\TU/NotoSansKhmer(0)/m/it/10 ជារឿងថ្មីក៏ដោយ ទ្រឹស្ដី \TU/LatinModernRoman(0)/m/
it/10 ECDO \TU/NotoSansKhmer(0)/m/it/10 គឺមានភាពទាក់ទាញយ៉ាងខ្លាំង
 []


Underfull \hbox (badness 10000) in paragraph at lines 112--113
\TU/NotoSansKhmer(0)/m/it/10 ដោយសារតែការយោងទៅលើវិទ្យាសាស្ត្រ ពហុបច្ចេកទេស និងមា
ន
 []


Underfull \hbox (badness 10000) in paragraph at lines 122--124
\TU/NotoSansKhmer(0)/m/it/10 អត្ថបទមួយនេះបានបង្ហាញយ៉ាងច្បាស់លាស់អំពីការត្រៀមខ្ល
ួនរបស់
 []


Underfull \hbox (badness 10000) in paragraph at lines 122--124
\TU/NotoSansKhmer(0)/m/it/10 ប្រទេសលោកខាងលេចដើម្បីការពារគ្រោះមហន្តរាយភូគព្ភសាស្
ត្រត្រ
 []


Underfull \hbox (badness 10000) in paragraph at lines 126--127
[]\TU/NotoSansKhmer(0)/m/it/10 នៅខែមករា ឆ្នាំ \TU/LatinModernRoman(0)/m/n/10 20
10 \TU/NotoSansKhmer(0)/m/it/10 គម្រោង \TU/LatinModernRoman(0)/m/n/10 Camelot \
TU/NotoSansKhmer(0)/m/it/10 ដែលជា
 []


Underfull \hbox (badness 10000) in paragraph at lines 126--127
\TU/NotoSansKhmer(0)/m/it/10 អង្គការសារពត៌មាននិងកាសែតមួយដែលចងក្រងសក្ខីកម្ម បាន
 []


Underfull \hbox (badness 10000) in paragraph at lines 126--127
\TU/NotoSansKhmer(0)/m/it/10 សម្ភាសន៍\TU/LatinModernRoman(0)/m/n/10 [[], []] \T
U/NotoSansKhmer(0)/m/it/10 ជនបង្កប់ខ្លួនម្នាក់ ដែលមានវត្តមាននៅក្នុង
 []


Underfull \hbox (badness 10000) in paragraph at lines 126--127
\TU/NotoSansKhmer(0)/m/it/10 កិច្ចប្រជុំរបស់សមាជិកជាន់ខ្ពស់របស់ហ្វ្រីម៉ាសុនរី ន
ៅក្នុងទីក្រុងឡុងដ៍
 []


Underfull \hbox (badness 10000) in paragraph at lines 126--127
\TU/NotoSansKhmer(0)/m/it/10 គឺអំពីផែនការយោធា និងនយោបាយដែលផ្តោតទៅលើ \TU/LatinMo
dernRoman(0)/m/n/10 "\TU/NotoSansKhmer(0)/m/it/10 ព្រឹត្តិការណ៍
 []

File: freemason.jpg Graphic file (type bmp)
<freemason.jpg>
Missing character: There is no ​ (U+200B) in font Latin Modern Roman 9 Regular/
OT:script=latn;language=dflt;!
Missing character: There is no ​ (U+200B) in font Latin Modern Roman 9 Regular/
OT:script=latn;language=dflt;!
File: british.jpg Graphic file (type bmp)
<british.jpg>
Missing character: There is no ​ (U+200B) in font Latin Modern Roman 10 Italic/
OT:script=latn;language=dflt;!
Missing character: There is no ​ (U+200B) in font Latin Modern Roman 10 Italic/
OT:script=latn;language=dflt;!

Underfull \hbox (badness 2119) in paragraph at lines 144--145
[]\TU/NotoSansKhmer(0)/m/it/10 បើយោងទៅតាមជនបង្កប់ខ្លួន មានមនុស្សប្រហែល\TU/Latin
ModernRoman(0)/m/n/10 25-30\TU/NotoSansKhmer(0)/m/it/10 នាក់ដែល
 []


Underfull \hbox (badness 10000) in paragraph at lines 144--145
\TU/NotoSansKhmer(0)/m/it/10 បានចូលរួមក្នុងកិច្ចប្រជុំនោះគឺ \TU/LatinModernRoma
n(0)/m/it/10 "...\TU/NotoSansKhmer(0)/m/it/10 សុទ្ធតែជាជនជាតិអង់គ្លេសទាំងអស់
 []


Underfull \hbox (badness 10000) in paragraph at lines 144--145
\TU/NotoSansKhmer(0)/m/it/10 ហើយសមាជិកមួយចំនួនគឺជាជនល្បីៗដែលប្រជាជនអង់គ្លេសអាចន
ឹង
 []


Underfull \hbox (badness 10000) in paragraph at lines 144--145
\TU/NotoSansKhmer(0)/m/it/10 ដែលជាអ្នកនយោបាយជាន់ខ្ពស់។ មានមនុស្សពីរនាក់ទៀតដែរជា
ម
 []


Underfull \hbox (badness 5607) in paragraph at lines 144--145
\TU/NotoSansKhmer(0)/m/it/10 ន្ត្រីប៉ូលីសជាន់ខ្ពស់ និងម្នាក់ទៀតជាមន្ត្រីកងទ័ព។ 
ជនទាំងពីនាក់នេះ
 []


Underfull \hbox (badness 10000) in paragraph at lines 144--145
\TU/NotoSansKhmer(0)/m/it/10 សុទ្ធតែជាជនល្បីល្បាញថ្នាក់ជាតិ ហើយមានតួនាទីយ៉ាងសំខ
ាន់ក្នុង
 []


Underfull \hbox (badness 10000) in paragraph at lines 144--145
\TU/NotoSansKhmer(0)/m/it/10 ជួររដ្ឋាភិបាលនាពេលបច្ចុប្បន្ន\TU/LatinModernRoman(
0)/m/it/10 "\TU/LatinModernRoman(0)/m/n/10 [[]]\TU/NotoSansKhmer(0)/m/it/10 ។ ជ
នបង្កប់ខ្លួនបានរាយការណ៍ថា
 []


Underfull \hbox (badness 4024) in paragraph at lines 144--145
\TU/NotoSansKhmer(0)/m/it/10 គាត់បានចូលរួមកិច្ចប្រជុំមួយនេះ\TU/LatinModernRoman
(0)/m/it/10 "\TU/NotoSansKhmer(0)/m/it/10 ដោយចៃដន្យ\TU/LatinModernRoman(0)/m/it
/10 ! \TU/NotoSansKhmer(0)/m/it/10 ខ្ញុំគិតថាវាគ្រាន់តែ
 []


Underfull \hbox (badness 2932) in paragraph at lines 144--145
\TU/NotoSansKhmer(0)/m/it/10 ជាកិច្ចប្រជុំធម្មតាដែលធ្វើឡើងរៀងរាល់\TU/LatinModer
nRoman(0)/m/it/10 3\TU/NotoSansKhmer(0)/m/it/10 ខែម្តង\TU/LatinModernRoman(0)/m
/it/10 ... \TU/NotoSansKhmer(0)/m/it/10 តាមពិតនៅពេល
 []


Underfull \hbox (badness 10000) in paragraph at lines 144--145
\TU/NotoSansKhmer(0)/m/it/10 ដែលចូលរួមកិច្ចប្រជុំនេះ វាមិនមែនជាអ្វីដែលខ្ញុំ\TU/
LatinModernRoman(0)/m/it/10 ​\TU/NotoSansKhmer(0)/m/it/10 បានរំពឹងទុកនោះទេ។
 []


Underfull \hbox (badness 10000) in paragraph at lines 144--145
\TU/NotoSansKhmer(0)/m/it/10 ខ្ញុំជឿជាក់ថាមូលហេតុដែលគេបានអញ្ជើញខ្ញុំ\TU/LatinMo
dernRoman(0)/m/it/10 ... \TU/NotoSansKhmer(0)/m/it/10 គឺដោយសារតែ
 []

[1


]
Underfull \hbox (badness 10000) in paragraph at lines 146--147
[]\TU/NotoSansKhmer(0)/m/it/10 បញ្ជីរព្រឹត្តិការណ៍ដែលជាមូលដ្ឋាននៃការពិភាក្សានៅក
្នុងកិច្ចប្រជុំ\TU/LatinModernRoman(0)/m/n/10 (\TU/NotoSansKhmer(0)/m/it/10 នៅ
 []


Underfull \hbox (badness 10000) in paragraph at lines 156--157
[]\TU/NotoSansKhmer(0)/m/it/10 ប៉ុន្តែអ្វីដែលសំខាន់បំផុតនោះ គឺអ្វីដែលគេរំពឹងថាន
ឹងកើតឡើង
 []


Underfull \hbox (badness 10000) in paragraph at lines 156--157
\TU/NotoSansKhmer(0)/m/it/10 បន្ទាប់ពីព្រឹត្តិការណ៍ទាំងនេះ៖ \TU/LatinModernRoma
n(0)/m/it/10 "\TU/NotoSansKhmer(0)/m/it/10 ដូច្នេះយើងនឹងលូកដៃទៅក្នុង
 []


Underfull \hbox (badness 10000) in paragraph at lines 156--157
\TU/NotoSansKhmer(0)/m/it/10 សង្គ្រាមនេះ បន្ទាប់មក\TU/LatinModernRoman(0)/m/it/
10 ... \TU/NotoSansKhmer(0)/m/it/10 នឹងមានព្រឹត្តិការណ៍ភូគព្ភសាស្ត្រ
 []


Underfull \hbox (badness 10000) in paragraph at lines 156--157
\TU/NotoSansKhmer(0)/m/it/10 មួយកើតឡើងនៅលើផែនដី ដែលនឹងប៉ះពាល់ដល់មនុស្ស
 []


Underfull \hbox (badness 10000) in paragraph at lines 156--157
\TU/NotoSansKhmer(0)/m/it/10 គ្រប់គ្នា\TU/LatinModernRoman(0)/m/it/10 "\TU/Lati
nModernRoman(0)/m/n/10 [[]]\TU/NotoSansKhmer(0)/m/it/10 ។ ជនបង្កប់បានជឿជាក់ថា ក
្នុងអំឡុងពេលព្រឹត្តិការណ៍
 []


Underfull \hbox (badness 10000) in paragraph at lines 156--157
\TU/NotoSansKhmer(0)/m/it/10 ភូគព្ភសាស្ត្រនេះ \TU/LatinModernRoman(0)/b/it/10 "
\TU/NotoSansKhmer(0)/b/it/10 សំបកផែនដីនឹងផ្លាស់ប្តូររហូតទៅដល់\TU/LatinModernRom
an(0)/b/it/10 30\TU/NotoSansKhmer(0)/b/it/10 ដឺក្រេ
 []


Underfull \hbox (badness 1735) in paragraph at lines 156--157
\TU/NotoSansKhmer(0)/b/it/10 ប្រហែល\TU/LatinModernRoman(0)/b/it/10 2700\TU/Noto
SansKhmer(0)/b/it/10 ទៅ\TU/LatinModernRoman(0)/b/it/10 3200\TU/NotoSansKhmer(0)
/b/it/10 គីឡូម៉ែត្រទៅផ្នែកខាងត្បូង ដែលបណ្តាល
 []


Underfull \hbox (badness 10000) in paragraph at lines 156--157
\TU/NotoSansKhmer(0)/b/it/10 អោយមានភាពចលាចលយ៉ាងខ្លាំង ហើយផលប៉ះពាល់របស់វានឹង
 []

Missing character: There is no ​ (U+200B) in font Latin Modern Roman 10 Italic/
OT:script=latn;language=dflt;!
Missing character: There is no ​ (U+200B) in font Latin Modern Roman 10 Italic/
OT:script=latn;language=dflt;!
Missing character: There is no ​ (U+200B) in font Latin Modern Roman 10 Bold It
alic/OT:script=latn;language=dflt;!

Underfull \hbox (badness 10000) in paragraph at lines 158--160
[]\TU/NotoSansKhmer(0)/m/it/10 មូលហេតុសម្រាប់ការរៀបចំគម្រោងសម្ងាត់ទាំងអស់នេះគឺដ
ើម្បី
 []


Underfull \hbox (badness 10000) in paragraph at lines 158--160
\TU/NotoSansKhmer(0)/m/it/10 អំណាច។ ជនបង្កប់បានពន្យល់ថា \TU/LatinModernRoman(0)
/m/it/10 "\TU/NotoSansKhmer(0)/m/it/10 ទម្រាំតែពួកយើងអាចឆ្លងកាត់
 []


Underfull \hbox (badness 10000) in paragraph at lines 158--160
\TU/NotoSansKhmer(0)/m/it/10 បានកាត់បន្ថយយ៉ាងខ្លាំង។ នៅពេលដែលព្រឹត្តិការណ៍ភូគព្
ភសាស្ត្រនេះ
 []


Underfull \hbox (badness 1400) in paragraph at lines 158--160
\TU/NotoSansKhmer(0)/m/it/10 កើតឡើង សូម្បីតែមនុស្សដែលនៅមានជីវិតច្បាស់ជាស្លាប់ពា
ក់កណ្តាល
 []


Underfull \hbox (badness 2564) in paragraph at lines 158--160
\TU/NotoSansKhmer(0)/m/it/10 បន្ទាប់ពីព្រឹត្តិការណ៍គ្រោះមហន្តរាយ ហើយនៅពេលនោះ អ្
នកណានឹង
 []


Underfull \hbox (badness 6016) in paragraph at lines 158--160
\TU/NotoSansKhmer(0)/m/it/10 គ្រប់គ្រងនិងកាន់កាប់ពួកយើង\TU/LatinModernRoman(0)/
m/it/10 ? \TU/NotoSansKhmer(0)/m/it/10 និយាយទៅវាទាក់ទងទៅនឹងរឿង
 []


Underfull \hbox (badness 10000) in paragraph at lines 158--160
\TU/NotoSansKhmer(0)/m/it/10 នេះទាំងអស់។ នេះជាមូលហេតុដែលពួកគេបានព្យាយាមយ៉ាងខ្លា
ំង
 []


Underfull \hbox (badness 10000) in paragraph at lines 158--160
\TU/NotoSansKhmer(0)/m/it/10 ដើម្បីអោយរឿងទាំងនេះកើតឡើងក្នុងរយៈពេលដែលបានកំណត់\TU
/LatinModernRoman(0)/m/it/10 ...
 []


Underfull \hbox (badness 10000) in paragraph at lines 158--160
\TU/NotoSansKhmer(0)/m/it/10 ពួកគេត្រូវការសំណង់ណាមួយដែលអាចជួយអោយពួកគេនៅរស់រាន
 []


Underfull \hbox (badness 1968) in paragraph at lines 158--160
\TU/NotoSansKhmer(0)/m/it/10 មានជីវិត បន្ទាប់ពីភាពចលាចលទាំងនេះកើតឡើង\TU/LatinMo
dernRoman(0)/m/it/10 — \TU/NotoSansKhmer(0)/m/it/10 គេធ្វើបែបនេះគឺ
 []


Underfull \hbox (badness 10000) in paragraph at lines 158--160
\TU/NotoSansKhmer(0)/m/it/10 ដើម្បីគេចផុតពីគ្រោះមហន្តរាយទាំងនេះ ហើយបន្តកាន់អំណា
ចយ៉ាង
 []


Underfull \hbox (badness 10000) in paragraph at lines 158--160
\TU/NotoSansKhmer(0)/m/it/10 រំភើយ ខ្លាំងជាងសម័យមុនទៅទៀត\TU/LatinModernRoman(0)
/m/it/10 " \TU/LatinModernRoman(0)/m/n/10 [[]]\TU/NotoSansKhmer(0)/m/it/10 ។ ក្
នុងអំឡុងពេលដែល
 []


Underfull \hbox (badness 10000) in paragraph at lines 158--160
\TU/NotoSansKhmer(0)/m/it/10 សម្ភាសន៍ ឈ្មោះនៃផែនការនេះដែលត្រូវបានហៅថា \TU/Latin
ModernRoman(0)/m/n/10 "\TU/NotoSansKhmer(0)/m/it/10 បេសកកម្ម
 []


Underfull \hbox (badness 10000) in paragraph at lines 158--160
\TU/NotoSansKhmer(0)/m/it/10 អង់គ្លេស\TU/LatinModernRoman(0)/m/n/10 -\TU/NotoSa
nsKhmer(0)/m/it/10 សាក់សុន\TU/LatinModernRoman(0)/m/n/10 " \TU/NotoSansKhmer(0)
/m/it/10 ក៏ត្រូវបានពិភាក្សាផងដែរ៖ \TU/LatinModernRoman(0)/m/it/10 [\TU/NotoSans
Khmer(0)/m/it/10 អ្នកសម្ភាសន៍\TU/LatinModernRoman(0)/m/it/10 ]\TU/NotoSansKhmer
(0)/m/it/10 ៖
 []


Underfull \hbox (badness 10000) in paragraph at lines 158--160
\TU/LatinModernRoman(0)/m/it/10 "...\TU/NotoSansKhmer(0)/m/it/10 មូលហេតុដែលគេហៅ
វាថា បេសកកម្មអង់គ្លេស\TU/LatinModernRoman(0)/m/it/10 -\TU/NotoSansKhmer(0)/m/it
/10 សាក់សុន គឺ
 []


Underfull \hbox (badness 10000) in paragraph at lines 158--160
\TU/NotoSansKhmer(0)/m/it/10 ដោយសារតែផែនការនេះសម្រាប់លុបបំបាត់ជនជាតិចិនទាំងស្រុ
ង និង
 []


Underfull \hbox (badness 10000) in paragraph at lines 158--160
\TU/NotoSansKhmer(0)/m/it/10 ដើម្បីគ្រប់គ្រងពិភពលោកថ្មី\TU/LatinModernRoman(0)/
m/it/10 ​\TU/NotoSansKhmer(0)/m/it/10 បន្ទាប់ពីព្រឹត្តិការណ៍គ្រោះមហន្តរាយនេះបាន

 []


Underfull \hbox (badness 1028) in paragraph at lines 158--160
\TU/NotoSansKhmer(0)/m/it/10 កើតឡើង។ តើរឿងនេះពិតប្រាកដដែរឬទេ\TU/LatinModernRoma
n(0)/m/it/10 ?" [\TU/NotoSansKhmer(0)/m/it/10 ជនបង្កប់\TU/LatinModernRoman(0)/m
/it/10 ]\TU/NotoSansKhmer(0)/m/it/10 ៖ \TU/LatinModernRoman(0)/m/it/10 "\TU/Not
oSansKhmer(0)/m/it/10 ខ្ញុំមិនសូវ
 []


Underfull \hbox (badness 10000) in paragraph at lines 158--160
\TU/NotoSansKhmer(0)/m/it/10 បានដឹកនាំដោយប្រទេសលោកខាងលិចនិងតំបន់ខាងជើងនៃភពផែន
 []


Underfull \hbox (badness 10000) in paragraph at lines 158--160
\TU/NotoSansKhmer(0)/m/it/10 ដីនេះ\TU/LatinModernRoman(0)/m/it/10 "\TU/LatinMod
ernRoman(0)/m/n/10 [[]]\TU/NotoSansKhmer(0)/m/it/10 ។ ទាក់ទងទៅនឹងពេលវេលាច្បាស់ល
ាស់នៃព្រឹត្តិការណ៍
 []


Underfull \hbox (badness 10000) in paragraph at lines 158--160
\TU/NotoSansKhmer(0)/m/it/10 ភូគព្ភសាស្ត្រនេះ ជនបង្កប់បានទស្សន៍ទាយថា៖\TU/LatinM
odernRoman(0)/m/it/10 "...\TU/NotoSansKhmer(0)/m/it/10 បើតាមអារម្មណ៍ខ្ញុំ
 []


Underfull \hbox (badness 4582) in paragraph at lines 158--160
\TU/NotoSansKhmer(0)/m/it/10 ពួកគេកំពុងតែត្រៀមខ្លួន\TU/LatinModernRoman(0)/m/it
/10 ... \TU/NotoSansKhmer(0)/m/it/10 ហើយខ្ញុំគិតថាពួកគេដឹងអំពីពេលវេលា
 []


Underfull \hbox (badness 10000) in paragraph at lines 158--160
\TU/NotoSansKhmer(0)/m/it/10 ជាក់លាក់ដែលព្រឹត្តិការណ៍នេះនឹងកើតឡើង\TU/LatinModer
nRoman(0)/m/it/10 ... \TU/NotoSansKhmer(0)/b/it/10 ខ្ញុំមានអារម្មណ៍
 []


Underfull \hbox (badness 10000) in paragraph at lines 158--160
\TU/NotoSansKhmer(0)/b/it/10 យ៉ាងច្បាស់ថា \TU/LatinModernRoman(0)/b/it/10 ​\TU/
NotoSansKhmer(0)/b/it/10 ព្រឹត្តិការណ័នេះនឹងកើតឡើងនៅក្នុងជីវិតរបស់ខ្ញុំ
 []


Underfull \hbox (badness 4765) in paragraph at lines 158--160
\TU/NotoSansKhmer(0)/b/it/10 ប្រហែលក្នុងរយៈពេល\TU/LatinModernRoman(0)/b/it/10 2
0\TU/NotoSansKhmer(0)/b/it/10 ឆ្នាំខាងមុខ\TU/LatinModernRoman(0)/m/it/10 ... \T
U/NotoSansKhmer(0)/m/it/10 មានន័យថា វាស្ថិតនៅ
 []


Underfull \hbox (badness 10000) in paragraph at lines 158--160
\TU/NotoSansKhmer(0)/m/it/10 ក្នុងពេលឥឡូវនេះដែលព្រឹត្តិការណ៍ភូគព្ភសាស្ត្រនេះនឹង
កើតឡើង។
 []


Underfull \hbox (badness 10000) in paragraph at lines 158--160
\TU/NotoSansKhmer(0)/m/it/10 បើយើងពិចារណាទៅលើរយៈពេលចុងក្រោយដែលព្រឹត្តិការណ៍នេះ
 []


Underfull \hbox (badness 10000) in paragraph at lines 158--160
\TU/NotoSansKhmer(0)/m/it/10 បានកើតឡើងគឺប្រហែល\TU/LatinModernRoman(0)/m/it/10 1
1,500\TU/NotoSansKhmer(0)/m/it/10 ឆ្នាំកន្លងមកហើយ ជាទូទៅវាតែងតែ
 []


Underfull \hbox (badness 10000) in paragraph at lines 158--160
\TU/NotoSansKhmer(0)/m/it/10 កើតឡើងរៀងរាល់\TU/LatinModernRoman(0)/m/it/10 11,50
0\TU/NotoSansKhmer(0)/m/it/10 ឆ្នាំម្ដង។ ឥឡូវនេះវាដល់ដំណាក់កាលដែល
 []


Underfull \hbox (badness 10000) in paragraph at lines 158--160
\TU/NotoSansKhmer(0)/m/it/10 យ៉ាងពិតប្រាកដថាព្រឹត្តិការណ៍នេះនឹងកើតឡើងម្តងទៀត។ ព
្រោះមាន
 []


Underfull \hbox (badness 10000) in paragraph at lines 158--160
\TU/NotoSansKhmer(0)/m/it/10 មនុស្សឆ្លាតវៃជាច្រើនដែលកំពុងស្រាវជ្រាវអំពីព្រឹត្តិ
ការណ៍នេះសម្រាប់
 []


Underfull \vbox (badness 10000) has occurred while \output is active []

 [2]
Underfull \hbox (badness 10000) in paragraph at lines 161--162
[]\TU/NotoSansKhmer(0)/m/it/10 នេះគឺជាភស្ថុតាងដ៏អស្ចារ្យមួយដែលពួកយើងទាំងអស់គ្នា
គួរតែ
 []


Underfull \hbox (badness 3312) in paragraph at lines 161--162
\TU/NotoSansKhmer(0)/m/it/10 ដឹងគុណ។ នៅក្នុងកិច្ចសម្ភាសន៍នេះ អ្នកនិពន្ធក៏បានរៀប
រាប់អំពីជំនឿ
 []


Underfull \hbox (badness 7944) in paragraph at lines 161--162
\TU/NotoSansKhmer(0)/m/it/10 របស់គាត់ថា សង្គ្រាមលោកលើកទីមួយនិងលើកទីពីរគឺជាសង្គ្
រាមដែល
 []


Underfull \hbox (badness 5787) in paragraph at lines 161--162
\TU/NotoSansKhmer(0)/m/it/10 ត្រូវបានគេរៀបចំឡើង ហើយបេសកកម្មអង់គ្លេស\TU/LatinMod
ernRoman(0)/m/n/10 -\TU/NotoSansKhmer(0)/m/it/10 សាក់សុង អាចត្រូវ
 []


Underfull \hbox (badness 10000) in paragraph at lines 161--162
\TU/NotoSansKhmer(0)/m/it/10 បានបង្កើតឡើងជាច្រើនជំនាន់មកហើយ។ ការសម្ភាសនៅឆ្នាំ\T
U/LatinModernRoman(0)/m/n/10 2010\TU/NotoSansKhmer(0)/m/it/10 នេះ
 []


Underfull \hbox (badness 10000) in paragraph at lines 161--162
\TU/NotoSansKhmer(0)/m/it/10 មានរយ\TU/LatinModernRoman(0)/m/n/10 :\TU/NotoSansK
hmer(0)/m/it/10 ពេល\TU/LatinModernRoman(0)/m/n/10 15\TU/NotoSansKhmer(0)/m/it/1
0 ឆ្នាំកន្លងមក។ បើយោងទៅតាមការទស្សន៍ទាយរបស់
 []


Underfull \hbox (badness 3019) in paragraph at lines 161--162
\TU/NotoSansKhmer(0)/m/it/10 ជនបង្កប់ យើងនៅមានរយៈពេល\TU/LatinModernRoman(0)/m/n
/10 5\TU/NotoSansKhmer(0)/m/it/10 ឆ្នាំទៅមុខទៀត មុននឹងព្រឹត្តិការណ៍
 []


Underfull \hbox (badness 10000) in paragraph at lines 162--162
[] \TU/LatinModernRoman(0)/b/n/11 . \TU/NotoSansKhmer(0)/b/n/11 ចំណេះដឹងអាថ៌កំប
ាំងនៃជំនឿឌ្រូអីដរបស់
 []

Missing character: There is no ​ (U+200B) in font Latin Modern Roman 10 Italic/
OT:script=latn;language=dflt;!
Missing character: There is no ​ (U+200B) in font Latin Modern Roman 10 Italic/
OT:script=latn;language=dflt;!

Underfull \hbox (badness 10000) in paragraph at lines 164--165
[]\TU/NotoSansKhmer(0)/m/it/10 មិនត្រឹមតែរ្វីម៉ាសុននោះទេ សូម្បីតែលោកខាងលិចក៏ដឹង
អំពី
 []


Underfull \hbox (badness 10000) in paragraph at lines 164--165
\TU/NotoSansKhmer(0)/m/it/10 គ្រោះមហន្តរាយដែលតែងតែកើតឡើងផងដែរ រឿងនេះត្រូវបានគេ
 []


Underfull \hbox (badness 10000) in paragraph at lines 164--165
\TU/NotoSansKhmer(0)/m/it/10 លាក់យ៉ាងជិត។ អ្នកជំនឿឌ្រូអីដ ដែលជាវប្បធម៌ \TU/Lati
nModernRoman(0)/m/n/10 Celtic \TU/NotoSansKhmer(0)/m/it/10 មួយ
 []


Underfull \hbox (badness 10000) in paragraph at lines 164--165
\TU/NotoSansKhmer(0)/m/it/10 តាំងពីបុរាណដែលមានឯកសារចងក្រងយ៉ាងល្អ មានអាយុកាល
 []


Underfull \hbox (badness 10000) in paragraph at lines 164--165
\TU/NotoSansKhmer(0)/m/it/10 យ៉ាងហោចណាស់\TU/LatinModernRoman(0)/m/n/10 2,400\TU
/NotoSansKhmer(0)/m/it/10 ឆ្នាំមកហើយ\TU/LatinModernRoman(0)/m/n/10 [[]] \TU/Not
oSansKhmer(0)/m/it/10 ពួកគេនៅតែបង្រៀននូវ
 []


Underfull \hbox (badness 10000) in paragraph at lines 164--165
\TU/NotoSansKhmer(0)/m/it/10 ចំណេះដឹងអំពីគ្រោះមហន្តរាយដែលតែងតែកើតឡើងនៅលើផែនដី។
 []


Underfull \hbox (badness 10000) in paragraph at lines 164--165
\TU/NotoSansKhmer(0)/m/it/10 អ្នកជំនឿឌ្រូអីដចុងក្រោយគេបង្អស់ដែលគេស្គាល់គឺលោក \T
U/LatinModernRoman(0)/m/n/10 Ben
 []


Underfull \hbox (badness 3271) in paragraph at lines 164--165
\TU/NotoSansKhmer(0)/m/it/10 បានចែករំលែកពត៌មានអំពីចំណេះដឹងរបស់ពួកឌ្រូអីដ៖ \TU/L
atinModernRoman(0)/m/it/10 "\TU/NotoSansKhmer(0)/m/it/10 បើតាមលំដាប់
 []


Underfull \hbox (badness 10000) in paragraph at lines 164--165
\TU/NotoSansKhmer(0)/m/it/10 ខ្ញុំអាចជាសមាជិកចុងក្រោយគេបង្អស់។ ជំនឿនេះគឺត្រូវបា
នបង្កើត
 []


Underfull \hbox (badness 10000) in paragraph at lines 164--165
\TU/NotoSansKhmer(0)/m/it/10 ឡើងបន្ទាប់ពីគ្រោះមហន្តរាយចុងក្រោយគេដែលបានប៉ះពាល់ទូ
ទាំង
 []


Underfull \hbox (badness 10000) in paragraph at lines 164--165
\TU/NotoSansKhmer(0)/m/it/10 ពិភពលោក។ ឥឡូវនេះដោយមានការប៉ះពាល់ដ៏អាក្រក់\TU/Latin
ModernRoman(0)/m/it/10 ​\TU/NotoSansKhmer(0)/m/it/10 និងគួរអោយ
 []


Underfull \hbox (badness 10000) in paragraph at lines 164--165
\TU/NotoSansKhmer(0)/m/it/10 ភ័យខ្លាចលើភពផែនដីដោយសារព្យុះអគ្គីសនីដ៏កំណាចនិងអាចម
៍ផ្កាយ
 []


Underfull \hbox (badness 10000) in paragraph at lines 164--165
\TU/NotoSansKhmer(0)/m/it/10 អំពីតារាសាស្ត្រ អាចធ្វើអោយពួកគេទស្សន៍ទាយថាគ្រោះមហន
្តរាយ
 []


Underfull \hbox (badness 10000) in paragraph at lines 164--165
\TU/NotoSansKhmer(0)/m/it/10 ទាំងនេះអាចកើតឡើងនៅពេលណាបាន និងដើម្បីស្វែងរកវិធីសាស
្ត្រ
 []


Underfull \hbox (badness 10000) in paragraph at lines 164--165
\TU/NotoSansKhmer(0)/m/it/10 ក្នុងការការពារខ្លួន។ បើសិនជាអ្នកក្រឡេកទៅមើលសំណង់ថ្
មបុរាណដ៏
 []


Underfull \hbox (badness 10000) in paragraph at lines 164--165
\TU/NotoSansKhmer(0)/m/it/10 ធំមហិមានៅប្រទេសអៀរឡង់វិញ អ្នកនឹងឃើញថាអ្វីដែលគេហៅថា
ផ្លូវ
 []


Underfull \hbox (badness 10000) in paragraph at lines 164--165
\TU/NotoSansKhmer(0)/m/it/10 ថ្នូរបុរាណ តាមពិតជាជម្រកការពាររបស់មនុស្សសម័យមុន។ ជ
ម្រក
 []


Underfull \hbox (badness 10000) in paragraph at lines 164--165
\TU/NotoSansKhmer(0)/m/it/10 របស់ពួកគេគឺមានកម្ពស់ខ្ពស់ដើម្បីការពារពីទឹកជំនន់និង
អាចម៍ផ្កាយផង
 []


Underfull \hbox (badness 10000) in paragraph at lines 167--167
[] \TU/LatinModernRoman(0)/b/n/12 . \TU/NotoSansKhmer(0)/b/n/12 ភស្តុតាងនៃការរៀ
បចំសម្រាប់គ្រោះមហន្តរាយរបស់
 []

Missing character: There is no ​ (U+200B) in font Latin Modern Roman 10 Regular
/OT:script=latn;language=dflt;!
Missing character: There is no ​ (U+200B) in font Latin Modern Roman 10 Regular
/OT:script=latn;language=dflt;!
Missing character: There is no ​ (U+200B) in font Latin Modern Roman 10 Regular
/OT:script=latn;language=dflt;!

Underfull \hbox (badness 10000) in paragraph at lines 169--170
[]\TU/NotoSansKhmer(0)/m/it/10 ដោយសារតែមហាអំណាចលោកខាងលិចមានជំនឿថា
 []


Underfull \hbox (badness 10000) in paragraph at lines 169--170
\TU/NotoSansKhmer(0)/m/it/10 គ្រោះមហន្តរាយនៃភូគព្ភសាស្ត្រសាកលនឹងកើតឡើងនាពេលឆាប់
ៗ
 []


Underfull \hbox (badness 10000) in paragraph at lines 169--170
\TU/NotoSansKhmer(0)/m/it/10 យើងអាចរំពឹងថានឹងមានការរៀបចំយ៉ាងសំខាន់ដើម្បីការពារខ
្លួនពួកគេ
 []


Underfull \hbox (badness 10000) in paragraph at lines 169--170
\TU/NotoSansKhmer(0)/m/it/10 សម្រាប់ព្រឹត្តិការណ៍នេះ។ ជាក់ស្តែងមានភស្តុតាងនៅក្ន
ុង \TU/LatinModernRoman(0)/m/n/10 domain
 []


Underfull \hbox (badness 10000) in paragraph at lines 169--170
\TU/NotoSansKhmer(0)/m/it/10 សាធារណៈអំពីបណ្តាញដ៏ធំទូលាយនៃមូលដ្ឋានក្រោមដីយ៉ាងជ្រ
ៅនៅក្នុង
 []


Underfull \hbox (badness 10000) in paragraph at lines 169--170
\TU/NotoSansKhmer(0)/m/it/10 ប្រទេសលោកខាងលិចជាច្រើន។ ខណៈដែលការសាងសង់ទីតាំង
 []


Underfull \hbox (badness 10000) in paragraph at lines 169--170
\TU/NotoSansKhmer(0)/m/it/10 ទាំងនេះពិតជាអាចការពារពួកគេនៅក្នុងសង្គ្រាមនុយក្លេអ៊
ែរបានយ៉ាង
 []


Underfull \hbox (badness 3460) in paragraph at lines 169--170
\TU/NotoSansKhmer(0)/m/it/10 ពិតប្រាកដមែន វាក៏អាចការពារពីគ្រោះមហន្តរាយធម្មជាតិផ
្សេងៗគ្នាផង
 []


Underfull \hbox (badness 10000) in paragraph at lines 169--170
\TU/NotoSansKhmer(0)/m/it/10 គឺមិនត្រឹមតែអាចកើតមាននោះទេ\TU/LatinModernRoman(0)/
m/n/10 ​ \TU/NotoSansKhmer(0)/m/it/10 ប៉ុន្តែជាផែនការដែលបានគ្រោងទុក
 []


Underfull \hbox (badness 10000) in paragraph at lines 169--170
\TU/NotoSansKhmer(0)/m/it/10 ជាមុន។ អ្វីដែលគួរអោយកត់សម្គាល់ផងដែរនោះ\TU/LatinMod
ernRoman(0)/m/n/10 ​\TU/NotoSansKhmer(0)/m/it/10 គឺចំនួនទឹកប្រាក់យ៉ាង
 []


Underfull \hbox (badness 2837) in paragraph at lines 169--170
\TU/NotoSansKhmer(0)/m/it/10 មហាសាលដែលត្រូវចំណាយទៅលើការសាងសង់ ថែទាំ និងជួសជុល
 []


Underfull \hbox (badness 10000) in paragraph at lines 169--170
\TU/NotoSansKhmer(0)/m/it/10 ដុល្លារពីរដ្ឋាភិបាលសហរដ្ឋអាមេរិកនាពេល\TU/LatinMode
rnRoman(0)/m/n/10 18\TU/NotoSansKhmer(0)/m/it/10 ឆ្នាំមកនេះ \TU/LatinModernRoma
n(0)/m/n/10 (\TU/NotoSansKhmer(0)/m/it/10 ពត៍មាននេះ
 []


Underfull \hbox (badness 10000) in paragraph at lines 169--170
\TU/NotoSansKhmer(0)/m/it/10 ផ្សេងទៀតអំពីការរៀបចំសម្រាប់ព្រឹត្តិការណ៍វិនាសកម្មម
ានដូចជាឃ្លាំង
 []

Missing character: There is no ​ (U+200B) in font Latin Modern Roman 10 Regular
/OT:script=latn;language=dflt;!
Missing character: There is no ​ (U+200B) in font Latin Modern Roman 10 Italic/
OT:script=latn;language=dflt;!

Underfull \hbox (badness 10000) in paragraph at lines 172--173
[]\TU/NotoSansKhmer(0)/m/it/10 ការស៊ើបអង្កេតជាសាធារណៈដ៏សុីជម្រៅដែលខ្ញុំបានរកឃើញ
អំពី
 []


Underfull \hbox (badness 3312) in paragraph at lines 172--173
\TU/NotoSansKhmer(0)/m/it/10 មូលដ្ឋានក្រោមដីគឺមានប្រភពពីលោក \TU/LatinModernRoma
n(0)/m/n/10 Richard Sauder\TU/NotoSansKhmer(0)/m/it/10 ។ គាត់ជា
 []


Underfull \hbox (badness 10000) in paragraph at lines 172--173
\TU/NotoSansKhmer(0)/m/it/10 អ្នកស្រាវជ្រាវឯករាជ្យជនជាតិអាមេរិកាំងមួយរូប ដែលបាន
បោះពុម្ព
 []


Underfull \hbox (badness 10000) in paragraph at lines 172--173
\TU/NotoSansKhmer(0)/m/it/10 សៀវភៅជាច្រើនក្បាលអំពីមូលដ្ឋានក្រោមដី\TU/LatinModer
nRoman(0)/m/n/10 [[]]\TU/NotoSansKhmer(0)/m/it/10 ។ ការងាររបស់លោក
 []


Underfull \hbox (badness 10000) in paragraph at lines 172--173
\TU/LatinModernRoman(0)/m/n/10 Sauder \TU/NotoSansKhmer(0)/m/it/10 គឺផ្តោតទៅលើក
ារប្រមូលឯកសាររាជរដ្ឋាភិបាលនិងផែនការ
 []


Underfull \hbox (badness 4132) in paragraph at lines 172--173
\TU/NotoSansKhmer(0)/m/it/10 នានា ដែលផ្តោតទៅលើការសិក្សាអំពីប្រវត្តិសាស្ត្រ រឿងរ
៉ាវថ្មីៗប្រចាំថ្ងៃ
 []


Underfull \hbox (badness 5802) in paragraph at lines 172--173
\TU/NotoSansKhmer(0)/m/it/10 ក្រោមដីនិងក្រោមបាតសមុទ្រធំៗជាច្រើនជុំវិញទឹកដីអាមេរ
ិក \TU/LatinModernRoman(0)/m/n/10 (\TU/NotoSansKhmer(0)/m/it/10 រូបភាពទី
 []


Underfull \hbox (badness 10000) in paragraph at lines 172--173
\TU/NotoSansKhmer(0)/m/it/10 ទាំងនេះអាចត្រូវបានតភ្ជាប់ដោយរថភ្លើងម៉ាញេទិចដែលមានល
្បឿន
 []


Underfull \hbox (badness 10000) in paragraph at lines 172--173
\TU/NotoSansKhmer(0)/m/it/10 លឿនផងដែរ។ មូលដ្ឋានទាំងនេះ\TU/LatinModernRoman(0)/m
/n/10 ​\TU/NotoSansKhmer(0)/m/it/10 ត្រូវបានសាងសង់យ៉ាងសម្ងាត់ដោយ
 []


Underfull \hbox (badness 10000) in paragraph at lines 172--173
\TU/NotoSansKhmer(0)/m/it/10 លាងលុយកខ្វក់\TU/LatinModernRoman(0)/m/it/10 " \TU/
NotoSansKhmer(0)/m/it/10 ដែលគ្រប់គ្រងដោយក្រុមមនុស្សដែលជាម្ចាស់ក្រុម
 []


Underfull \hbox (badness 10000) in paragraph at lines 172--173
\TU/NotoSansKhmer(0)/m/it/10 ម្នាក់ដែលបានសហការជាមួយគាត់បានប៉ានស្មានថាមានមូលដ្ឋា
នក្រោម
 []


Underfull \hbox (badness 4279) in paragraph at lines 172--173
\TU/NotoSansKhmer(0)/m/it/10 ដីនិងក្រោមបាតសមុទ្រយ៉ាងតិច\TU/LatinModernRoman(0)/
m/n/10 170\TU/NotoSansKhmer(0)/m/it/10 កន្លែងនៅក្នុងទឹកដីអាម៉េរិច \TU/LatinMode
rnRoman(0)/m/n/10 (\TU/NotoSansKhmer(0)/m/it/10 យើង
 []

File: basescrop.png Graphic file (type bmp)
<basescrop.png>
Missing character: There is no ​ (U+200B) in font Latin Modern Roman 9 Regular/
OT:script=latn;language=dflt;!
Missing character: There is no ​ (U+200B) in font Latin Modern Roman 9 Regular/
OT:script=latn;language=dflt;!
File: penta.jpg Graphic file (type bmp)
<penta.jpg>
Missing character: There is no ​ (U+200B) in font Latin Modern Roman 10 Regular
/OT:script=latn;language=dflt;!

Underfull \hbox (badness 10000) in paragraph at lines 194--195
[]\TU/NotoSansKhmer(0)/m/it/10 នេះជាអត្ថបទសក្ខីកម្មមួយចំនួនដែលលោកស្រី \TU/Latin
ModernRoman(0)/m/n/10 Sauder \TU/NotoSansKhmer(0)/m/it/10 បាន
 []

[3]
Missing character: There is no ​ (U+200B) in font Latin Modern Roman 10 Italic/
OT:script=latn;language=dflt;!
File: undersea.jpg Graphic file (type bmp)
<undersea.jpg>

Underfull \hbox (badness 1242) in paragraph at lines 208--208
\TU/LatinModernRoman(0)/m/n/9 Koerschner\TU/NotoSansKhmer(0)/m/it/9 ។ គាត់ជាអ្ន
កគូរគំនូរម្នាក់សម្រាប់មូលដ្ឋានក្រោមសមុទ្រ \TU/LatinModernRoman(0)/m/n/9 Rock-
 []


Underfull \hbox (badness 1442) in paragraph at lines 208--208
\TU/NotoSansKhmer(0)/m/it/9 នៃរដ្ឋ \TU/LatinModernRoman(0)/m/n/9 California \TU
/NotoSansKhmer(0)/m/it/9 ក្នុងទសវត្សរ៍ឆ្នាំ\TU/LatinModernRoman(0)/m/n/9 1960\T
U/NotoSansKhmer(0)/m/it/9 ។ បើយោងទៅតាមប្រភពមួយរបស់
 []

Missing character: There is no ​ (U+200B) in font Latin Modern Roman 10 Regular
/OT:script=latn;language=dflt;!
File: sub.jpg Graphic file (type bmp)
<sub.jpg>
File: iran.jpeg Graphic file (type bmp)
<iran.jpeg>
Missing character: There is no ​ (U+200B) in font Latin Modern Roman 10 Regular
/OT:script=latn;language=dflt;!

Underfull \hbox (badness 10000) in paragraph at lines 213--233
[]\TU/NotoSansKhmer(0)/m/it/10 លោកស្រី\TU/LatinModernRoman(0)/m/n/10 ​ Saunder 
\TU/NotoSansKhmer(0)/m/it/10 ក៏បានទទួលពត៍មានអំពីរថភ្លើងម៉ាញ៉េតិក
 []


Underfull \hbox (badness 10000) in paragraph at lines 213--233
\TU/NotoSansKhmer(0)/m/it/10 បាងសាងសង់ក្រោមបាតសមុទ្រ \TU/LatinModernRoman(0)/m/
n/10 (\TU/NotoSansKhmer(0)/m/it/10 រូបភាពទី []\TU/LatinModernRoman(0)/m/n/10 5[
]) \TU/NotoSansKhmer(0)/m/it/10 និងផ្លូវនាវាមុជទឹក
 []


Underfull \hbox (badness 10000) in paragraph at lines 213--233
\TU/NotoSansKhmer(0)/m/it/10 ក្រោមសមុទ្រដែលអាចធ្វើដំណើរឆ្ពោះទៅលើគោកបាន។ បើយោងទៅ

 []


Underfull \hbox (badness 10000) in paragraph at lines 213--233
\TU/NotoSansKhmer(0)/m/it/10 តាមពត៍មានមួយទៀតអំពីមូលដ្ឋានក្រោមទឹកនៅឈូងសមុទ្រម៉ិក
ស៊ិក
 []


Underfull \hbox (badness 2401) in paragraph at lines 213--233
\TU/NotoSansKhmer(0)/m/it/10 លោកស្រី \TU/LatinModernRoman(0)/m/n/10 Saunder \TU
/NotoSansKhmer(0)/m/it/10 បាននិយាយថា\TU/LatinModernRoman(0)/m/it/10 "\TU/NotoSa
nsKhmer(0)/m/it/10 បន្ទាប់ពីមានការផ្សព្វផ្សាយអស់
 []


Underfull \hbox (badness 2134) in paragraph at lines 213--233
\TU/NotoSansKhmer(0)/m/it/10 រយ\TU/LatinModernRoman(0)/m/it/10 :\TU/NotoSansKhm
er(0)/m/it/10 ពេលកន្លះឆ្នាំអំពីមូលដ្ឋានក្រោមទឹកនិងក្រោមដី មានបុរសម្នាក់បាន
 []


Underfull \hbox (badness 10000) in paragraph at lines 213--233
\TU/NotoSansKhmer(0)/m/it/10 ទាក់ទងមកខ្ញុំហើយបកស្រាយថា គាត់បានដឹងអំពីគម្រោងមូលដ
្ឋាន
 []


Underfull \hbox (badness 3058) in paragraph at lines 213--233
\TU/NotoSansKhmer(0)/m/it/10 ក្រោមទឹកដ៏សែនចម្លែកមួយនេះ \TU/LatinModernRoman(0)/
m/it/10 ... \TU/NotoSansKhmer(0)/m/it/10 គាត់បានបញ្ជាក់ថា គម្រោង
 []


Underfull \hbox (badness 10000) in paragraph at lines 213--233
\TU/NotoSansKhmer(0)/m/it/10 នេះស្ថិតនៅក្រោមបាតសមុទ្រនៃឈូងសមុទ្រម៉ិកស៊ិក ហើយក្រ
ុមហ៊ុន
 []


Underfull \hbox (badness 10000) in paragraph at lines 213--233
\TU/LatinModernRoman(0)/m/it/10 Parsons \TU/NotoSansKhmer(0)/m/it/10 គឺជាអ្នកម៉
ៅការ។ គាត់បានបន្តថាក្រុមហ៊ុន \TU/LatinModernRoman(0)/m/it/10 Parsons
 []


Underfull \hbox (badness 10000) in paragraph at lines 213--233
\TU/NotoSansKhmer(0)/m/it/10 បានទិញឧបករណ៍ពិសេសមួយចំនួន ក្នុងគោលបំណងប្រើប្រាស់នៅ

 []


Underfull \hbox (badness 3291) in paragraph at lines 213--233
\TU/NotoSansKhmer(0)/m/it/10 ទាំងនេះមានលក្ខណៈពិសេសដែលយើងអាចសន្និដ្ឋានបានថា នៅពេ
ល
 []


Underfull \hbox (badness 10000) in paragraph at lines 213--233
\TU/NotoSansKhmer(0)/m/it/10 ដែលសាងសង់រួចមនុស្សនឹងអាចរស់នៅបាន\TU/LatinModernRom
an(0)/m/it/10 "\TU/LatinModernRoman(0)/m/n/10 [[]]\TU/NotoSansKhmer(0)/m/it/10 
។  បើសិនជាមាន
 []


Underfull \hbox (badness 10000) in paragraph at lines 213--233
\TU/NotoSansKhmer(0)/m/it/10 បណ្តាញមូលដ្ឋានក្រោមដីនិងក្រោមសមុទ្រឆ្លងទ្វីបចំនួនជ
ាង\TU/LatinModernRoman(0)/m/n/10 170\TU/NotoSansKhmer(0)/m/it/10 ទីតាំង
 []


Underfull \hbox (badness 10000) in paragraph at lines 213--233
\TU/NotoSansKhmer(0)/m/it/10 ដែលគេបានសាងសង់មានជម្រៅរាប់គីឡូម៉ែត្រទៅក្រោមដី\TU/L
atinModernRoman(0)/m/n/10 ​ \TU/NotoSansKhmer(0)/m/it/10 ដែលបាន
 []


Underfull \hbox (badness 10000) in paragraph at lines 213--233
\TU/NotoSansKhmer(0)/m/it/10 តភ្ជាប់ដោយបណ្តាញរថភ្លើងម៉ាញេតិចមានល្បឿនលឿនជាងសម្លេ
ង
 []


Underfull \hbox (badness 10000) in paragraph at lines 213--233
\TU/NotoSansKhmer(0)/m/it/10 ដល់ទៅប្រាំដង ហើយបានសាង់សង់ឡើងយ៉ាងប្រយ័ត្នបំផុតមែនន
ោះ
 []


Underfull \hbox (badness 10000) in paragraph at lines 213--233
\TU/NotoSansKhmer(0)/m/it/10 មានន័យថាមនុស្សទូទៅនាពេលបច្ចុប្បន្ននេះគឺមិនដឹងអ្វីន
ោះទេ។ មិន
 []


Underfull \hbox (badness 10000) in paragraph at lines 213--233
\TU/NotoSansKhmer(0)/m/it/10 ត្រឹមតែមិនដឹងថាមានអ្វីនៅក្រោមពួកគេនោះទេ ថែមទាំងមិន
ដឹងថានឹង
 []


Underfull \hbox (badness 10000) in paragraph at lines 213--233
\TU/NotoSansKhmer(0)/m/it/10 មានរឿងអ្វីកើតឡើងនាពេលខាងមុខ ខណៈដែលពួកគេមានជំជឿទៅ
 []

[4]
Underfull \hbox (badness 10000) in paragraph at lines 234--235
\TU/NotoSansKhmer(0)/m/it/10 យ៉ាងច្បាស់នៅក្នុងជម្លោះដែលកំពុងតែផ្ទុះនៅមជ្ឈិមបូពា
 \TU/LatinModernRoman(0)/m/n/10 (\TU/NotoSansKhmer(0)/m/it/10 ផ្លូវក្រោមដី
 []


Underfull \hbox (badness 10000) in paragraph at lines 234--235
\TU/NotoSansKhmer(0)/m/it/10 ជាក់លាក់មួយដែលបញ្ជាក់អំពីមូលដ្ឋានក្រោមដីដែលគេបានសា
ងសង់
 []


Underfull \hbox (badness 10000) in paragraph at lines 235--235
[] \TU/LatinModernRoman(0)/b/n/11 . \TU/NotoSansKhmer(0)/b/n/11 ភស្តុតាងបន្ថែមដ
ែលបញ្ជាក់អំពីការរៀបចំលេណដ្ឋាន
 []

Missing character: There is no ​ (U+200B) in font Latin Modern Roman 10 Regular
/OT:script=latn;language=dflt;!

Underfull \hbox (badness 10000) in paragraph at lines 238--239
[]\TU/NotoSansKhmer(0)/m/it/10 មិនត្រឹមតែមូលដ្ឋានក្រោមដីរបស់អាម៉េរិចនោះទេ យើងមា
នតម្រុយ
 []


Underfull \hbox (badness 10000) in paragraph at lines 238--239
\TU/NotoSansKhmer(0)/m/it/10 ផ្សេងទៀតជាច្រើនដែលបញ្ជាក់អំពីការរៀបចំការពារគ្រោះមហ
ន្តរាយ
 []

[5]
File: tyrol.jpg Graphic file (type bmp)
<tyrol.jpg>
File: svalbard.jpg Graphic file (type bmp)
<svalbard.jpg>

Underfull \hbox (badness 1097) in paragraph at lines 263--263
[]\TU/LatinModernRoman(0)/m/n/9 Figure 9. []\TU/NotoSansKhmer(0)/m/it/9 ឃ្លាំងគ
្រាប់ពូជក្រោមដីសកលនៅ \TU/LatinModernRoman(0)/m/n/9 (Svalbard) \TU/NotoSansKhmer
(0)/m/it/9 ប្រទេសន័រវែស
 []

Missing character: There is no ​ (U+200B) in font Latin Modern Roman 10 Regular
/OT:script=latn;language=dflt;!

Underfull \hbox (badness 2644) in paragraph at lines 268--269
[]\TU/NotoSansKhmer(0)/m/it/10 អ្នកជំនួញធំៗនៅ \TU/LatinModernRoman(0)/m/n/10 Si
licon Valley \TU/NotoSansKhmer(0)/m/it/10 ក៏ដឹងអំពីលេណឋ្ឋានក្រោមដី
 []


Underfull \hbox (badness 3884) in paragraph at lines 268--269
\TU/NotoSansKhmer(0)/m/it/10 ទាំងនេះផងដែរ។ តាមរយៈការរាយការណ៍មួយបានបញ្ជាក់ថា \TU
/LatinModernRoman(0)/m/it/10 "\TU/NotoSansKhmer(0)/m/it/10 លោក
 []


Underfull \hbox (badness 7238) in paragraph at lines 268--269
\TU/LatinModernRoman(0)/m/it/10 Valley \TU/NotoSansKhmer(0)/m/it/10 បានទិញធានារ
៉ាប់រង \TU/LatinModernRoman(0)/m/it/10 "\TU/NotoSansKhmer(0)/m/it/10 គ្រោះមហន្ត
រាយ\TU/LatinModernRoman(0)/m/it/10 " \TU/NotoSansKhmer(0)/m/it/10 ដូចជាលេណឋ្ឋា
 []


Underfull \hbox (badness 1286) in paragraph at lines 268--269
\TU/LatinModernRoman(0)/m/it/10 Forbes \TU/NotoSansKhmer(0)/m/it/10 ម្នាក់បានរៀ
បរាប់ថា មហាសេដ្ឋីជាច្រើនមានយន្តហោះឯកជន
 []


Underfull \hbox (badness 10000) in paragraph at lines 268--269
\TU/LatinModernRoman(0)/m/it/10 "\TU/NotoSansKhmer(0)/m/it/10 ដែលត្រៀមខ្លួចជាស្
រេចដើម្បីចេញដំណើរភ្លាមៗបើមានរឿងអ្វីមួយ
 []

File: govcrop2.png Graphic file (type bmp)
<govcrop2.png>

Underfull \hbox (badness 10000) in paragraph at lines 270--279
[]\TU/NotoSansKhmer(0)/m/it/10 គម្រោងបណ្ណសារធំៗជាច្រើនដូចជាឃ្លាំងចំណេះដឹងសកលដែល

 []


Underfull \hbox (badness 6559) in paragraph at lines 270--279
\TU/NotoSansKhmer(0)/m/it/10 គ្រប់គ្រងដោយ \TU/LatinModernRoman(0)/m/n/10 Arch M
ission Foundation[[]] \TU/NotoSansKhmer(0)/m/it/10 និង \TU/LatinModernRoman(0)/
m/n/10 Sval-
 []


Underfull \hbox (badness 10000) in paragraph at lines 270--279
\TU/NotoSansKhmer(0)/m/it/10 ទ្រព្យសម្បត្តិសំខាន់ៗរបស់មនុស្សនៅក្នុងករណីមានគ្រោះ
មហន្តរាយ
 []


Underfull \hbox (badness 10000) in paragraph at lines 279--279
[] \TU/LatinModernRoman(0)/b/n/12 . \TU/NotoSansKhmer(0)/b/n/12 យន្តការមូលនិធិប
្រជាធិបតេយ្យសម្រាប់មូលដ្ឋាន
 []

Missing character: There is no ​ (U+200B) in font Latin Modern Roman 10 Regular
/OT:script=latn;language=dflt;!

Underfull \hbox (badness 10000) in paragraph at lines 281--282
[]\TU/NotoSansKhmer(0)/m/it/10 តើបណ្តាញឆ្លងទ្វីបដ៏ធំធេងនៃមូលដ្ឋានក្រោមដីនិងក្រោ
មសមុទ្រ
 []


Underfull \hbox (badness 10000) in paragraph at lines 281--282
\TU/NotoSansKhmer(0)/m/it/10 ជាង\TU/LatinModernRoman(0)/m/n/10 170\TU/NotoSansK
hmer(0)/m/it/10 ទីតាំងទាំងនេះ បានមូលនិធិសាងសង់តាមរយ\TU/LatinModernRoman(0)/m/n/
10 :\TU/NotoSansKhmer(0)/m/it/10 វិធីណាដែរ
 []


Underfull \hbox (badness 3128) in paragraph at lines 281--282
\TU/NotoSansKhmer(0)/m/it/10 ប្រភពនិងការចំណាយដ៏ធំមហិមាទៅលើគម្រោងទាំងនេះ។ នៅឆ្នា
ំ\TU/LatinModernRoman(0)/m/n/10 2017
 []


Underfull \hbox (badness 10000) in paragraph at lines 281--282
\TU/NotoSansKhmer(0)/m/it/10 លាក់បាំងមួយដែលមានចំនួនទឹកប្រាក់រហូតទៅដល់\TU/LatinM
odernRoman(0)/m/n/10 21\TU/NotoSansKhmer(0)/m/it/10 លានលានដុល្លារ
 []


Underfull \hbox (badness 10000) in paragraph at lines 283--284
[]\TU/NotoSansKhmer(0)/m/it/10 យោងតាមរបាយការណ៍របស់ពួកគេ \TU/LatinModernRoman(0)
/m/it/10 "\TU/NotoSansKhmer(0)/m/it/10 លោក \TU/LatinModernRoman(0)/m/it/10 Scot
t Paltrow
 []


Underfull \hbox (badness 10000) in paragraph at lines 283--284
\TU/NotoSansKhmer(0)/m/it/10 បានផ្សព្វផ្សាយអត្ថបទមួយនៅថ្ងៃទី\TU/LatinModernRoma
n(0)/m/it/10 7\TU/NotoSansKhmer(0)/m/it/10 ខែតុលាឆ្នាំ\TU/LatinModernRoman(0)/m
/it/10 2016 \TU/NotoSansKhmer(0)/m/it/10 តាមរយៈ
 []


Underfull \hbox (badness 10000) in paragraph at lines 283--284
\TU/NotoSansKhmer(0)/m/it/10 ហិរញ្ញវត្ថុយោធារបស់អាមេរិកទទួលបានប្រាក់រហូតទៅដល់\T
U/LatinModernRoman(0)/m/it/10 6.5\TU/NotoSansKhmer(0)/m/it/10 លាន
 []


Underfull \hbox (badness 10000) in paragraph at lines 283--284
\TU/NotoSansKhmer(0)/m/it/10 លានដុល្លារសម្រាប់ចំណាយក្រៅផ្លូវការ \TU/LatinModern
Roman(0)/m/it/10 "\TU/NotoSansKhmer(0)/m/it/10 ដោយប្រើវិធីសាស្ត្រថា
 []


Underfull \hbox (badness 10000) in paragraph at lines 283--284
\TU/NotoSansKhmer(0)/m/it/10 សៀវភៅគណនេយ្យរបស់យោធាអាមេរិកគឺត្រឹមត្រូវហើយ។\TU/Lat
inModernRoman(0)/m/it/10 " \TU/NotoSansKhmer(0)/m/it/10 បើ
 []


Underfull \hbox (badness 10000) in paragraph at lines 283--284
\TU/NotoSansKhmer(0)/m/it/10 ផ្អែកទៅលើការផ្តល់ថវិកាជាក់ស្តែងរបស់យោធានៅឆ្នាំនោះគ
ឺមានចំនួន
 []


Underfull \hbox (badness 10000) in paragraph at lines 283--284
\TU/NotoSansKhmer(0)/m/it/10 ត្រឹមតែ\TU/LatinModernRoman(0)/m/it/10 112\TU/Noto
SansKhmer(0)/m/it/10 ពាន់លានដុល្លារតែប៉ុណ្ណោះ មានន័យថាវាខុសគ្នាខ្លាំង
 []


Underfull \hbox (badness 1014) in paragraph at lines 283--284
\TU/NotoSansKhmer(0)/m/it/10 ណាស់\TU/LatinModernRoman(0)/m/it/10 ... \TU/NotoSa
nsKhmer(0)/m/it/10 ក្រសួងការពារជាតិត្រូវបានពត៌មានជាច្រើនលាតត្រដាងនូវ
 []


Underfull \hbox (badness 10000) in paragraph at lines 283--284
\TU/NotoSansKhmer(0)/m/it/10 អំពីការបាត់បង់ដាននៃការចំណាយប្រាក់ដែលមានចំនួយ\TU/La
tinModernRoman(0)/m/it/10 2.3\TU/NotoSansKhmer(0)/m/it/10 លានលាន
 []


Underfull \hbox (badness 10000) in paragraph at lines 283--284
\TU/NotoSansKhmer(0)/m/it/10 កំហុសនេះបានធ្វើអោយពត៍មានជាច្រើនធ្វើការផ្សព្វផ្សាយន
ៅថ្ងៃនោះ
 []


Underfull \hbox (badness 10000) in paragraph at lines 283--284
\TU/NotoSansKhmer(0)/m/it/10 ប៉ុន្តែរឿងនេះត្រូវបានបំភ្លេចវិញដោយសារព្រឹត្តិការណ៍
ដ៏អកុសលនៅ
 []


Underfull \hbox (badness 1484) in paragraph at lines 283--284
\TU/NotoSansKhmer(0)/m/it/10 លោកសាស្រ្តាចារ្យ \TU/LatinModernRoman(0)/m/it/10 M
ark Skimore \TU/NotoSansKhmer(0)/m/it/10 បានដឹងអំពីភាពមិនប្រក្រតីរនៃ
 []


Underfull \hbox (badness 10000) in paragraph at lines 283--284
\TU/NotoSansKhmer(0)/m/it/10 ការចំណាយរបស់យោធាដែលមានចំនួនទឹកប្រាក់\TU/LatinModer
nRoman(0)/m/it/10 6.5\TU/NotoSansKhmer(0)/m/it/10 លានលានដុល្លារ
 []


Underfull \hbox (badness 10000) in paragraph at lines 283--284
\TU/NotoSansKhmer(0)/m/it/10 គាត់ក៏បានទាក់ទងទៅកាន់លោកស្រី \TU/LatinModernRoman(
0)/m/it/10 Fitts \TU/NotoSansKhmer(0)/m/it/10 ហើយពួកគាត់ទាំងពីរ
 []


Underfull \hbox (badness 10000) in paragraph at lines 283--284
\TU/NotoSansKhmer(0)/m/it/10 នាក់បានសម្រេចចិត្តសហការណ៍គ្នាដើម្បីស្រាវជ្រាវអំពីក
ារចំណាយមិន
 []


Underfull \hbox (badness 10000) in paragraph at lines 283--284
\TU/NotoSansKhmer(0)/m/it/10 ប្រក្រតីទាំងឡាយរបស់ក្រសួងការពារជាតិ និងក្រសួងលំនៅឋ
្ឋាននិង
 []


Underfull \hbox (badness 7451) in paragraph at lines 283--284
\TU/LatinModernRoman(0)/m/it/10 Skidmore \TU/NotoSansKhmer(0)/m/it/10 និងលោកស្រ
ី \TU/LatinModernRoman(0)/m/it/10 Fitts \TU/NotoSansKhmer(0)/m/it/10 ដែលជានិស្ស
ិតពីរនាក់ដែលបាន
 []


Underfull \hbox (badness 10000) in paragraph at lines 283--284
\TU/NotoSansKhmer(0)/m/it/10 បញ្ចប់ការសិក្សា បានប្រមូលទិន្នន័យរបស់រដ្ឋាភិបាលអាម
េរិកដែល
 []


Underfull \hbox (badness 10000) in paragraph at lines 283--284
\TU/NotoSansKhmer(0)/m/it/10 បង្ហាញថាការចំណាយពីឆ្នាំ\TU/LatinModernRoman(0)/m/i
t/10 1998-2016 \TU/NotoSansKhmer(0)/m/it/10 មានរហូតទៅដល់\TU/LatinModernRoman(0)
/m/it/10 21\TU/NotoSansKhmer(0)/m/it/10 លាន
 []


Underfull \hbox (badness 10000) in paragraph at lines 283--284
\TU/NotoSansKhmer(0)/m/it/10 លានដុល្លារគឺគ្មានឯកសារត្រឹមត្រូវនោះទេ\TU/LatinMode
rnRoman(0)/m/it/10 "\TU/LatinModernRoman(0)/m/n/10 [[]]\TU/NotoSansKhmer(0)/m/i
t/10 ។ បើប្រៀបធៀបទៅ
 []


Underfull \hbox (badness 10000) in paragraph at lines 283--284
\TU/NotoSansKhmer(0)/m/it/10 នឹងការចំណាយរយៈពេល\TU/LatinModernRoman(0)/m/n/10 18
\TU/NotoSansKhmer(0)/m/it/10 ឆ្នាំ ពីឆ្នាំ\TU/LatinModernRoman(0)/m/n/10 1998-2
015 \TU/NotoSansKhmer(0)/m/it/10 ការចំណាយដែល
 []


Underfull \hbox (badness 10000) in paragraph at lines 283--284
\TU/NotoSansKhmer(0)/m/it/10 ទទួលស្គាល់ជាសាធារណៈរបស់អាមេរិកគឹត្រឹមតែ\TU/LatinMo
dernRoman(0)/m/n/10 40.8\TU/NotoSansKhmer(0)/m/it/10 លានលាន
 []


Underfull \hbox (badness 10000) in paragraph at lines 283--284
\TU/NotoSansKhmer(0)/m/it/10 ដុល្លារតែប៉ុណ្ណោះ\TU/LatinModernRoman(0)/m/n/10 [[
]]\TU/NotoSansKhmer(0)/m/it/10 ។ នេះបង្ហាញថាចំនួនប្រាក់ដែលបានចំណាយ
 []


Underfull \hbox (badness 10000) in paragraph at lines 283--284
\TU/NotoSansKhmer(0)/m/it/10 យ៉ាងសម្ងាត់របស់រដ្ឋាភិបាលដើម្បីសាងសង់មូលឋ្ឋានក្រោម
ដីគឺមាន
 []


Underfull \hbox (badness 10000) in paragraph at lines 283--284
\TU/NotoSansKhmer(0)/m/it/10 ចំនួនពាក់កណ្តាល។ អ្វីដែលគួរអោយគត់សម្គាល់នោះ ការចំណ
ាយ
 []


Underfull \hbox (badness 10000) in paragraph at lines 283--284
\TU/NotoSansKhmer(0)/m/it/10 យ៉ាងសម្ងាត់នេះកើតឡើងស្របពេលដែលរដ្ឋាភិបាលអាមេរិចកំព
ុង
 []


Underfull \hbox (badness 10000) in paragraph at lines 283--284
\TU/NotoSansKhmer(0)/m/it/10 ខ្វះខាតថវិកា ដែរយើងជឿជាក់ថាកើតឡើងតាំងពីមុនឆ្នាំ\TU
/LatinModernRoman(0)/m/n/10 1998\TU/NotoSansKhmer(0)/m/it/10 មមម្ល៉េះ
 []


Underfull \hbox (badness 10000) in paragraph at lines 283--284
\TU/NotoSansKhmer(0)/m/it/10 ចំណាយលើមូលដ្ឋានទាំងនេះគឺច្រើនជាង\TU/LatinModernRom
an(0)/m/n/10 21\TU/NotoSansKhmer(0)/m/it/10 លានលានដុល្លារឯណោះ។
 []

[6]
Underfull \hbox (badness 1331) in paragraph at lines 285--286
[]\TU/NotoSansKhmer(0)/m/it/10 នៅឆ្នាំ\TU/LatinModernRoman(0)/m/n/10 2021 \TU/N
otoSansKhmer(0)/m/it/10 លោក \TU/LatinModernRoman(0)/m/n/10 Mark Skidmore \TU/No
toSansKhmer(0)/m/it/10 បានផ្សព្វផ្សាយឡើងវិញ
 []


Underfull \hbox (badness 10000) in paragraph at lines 285--286
\TU/NotoSansKhmer(0)/m/it/10 អំពីការស្រាវជ្រាវរបស់គាត់ដែលទាក់ទងនឹងការប្រកាសរបស់
កាសែត
 []


Underfull \hbox (badness 3989) in paragraph at lines 285--286
\TU/LatinModernRoman(0)/m/n/10 Bloomberg \TU/NotoSansKhmer(0)/m/it/10 ដែលបានបញ្
ជាក់ថាក្នុងអំឡុងឆ្នាំ\TU/LatinModernRoman(0)/m/n/10 2017-2019 \TU/NotoSansKhmer
(0)/m/it/10 ហិរញ្ញវត្ថ
 []


Underfull \hbox (badness 2158) in paragraph at lines 285--286
\TU/NotoSansKhmer(0)/m/it/10 របស់រដ្ឋាភិបាលអាម៉េរិក បានកែតម្រូវអំពីការចំណាយ ដែល
មានចំនួន
 []


Underfull \hbox (badness 1082) in paragraph at lines 285--286
\TU/NotoSansKhmer(0)/m/it/10 រហូតទៅដល់\TU/LatinModernRoman(0)/m/n/10 98.7\TU/No
toSansKhmer(0)/m/it/10 លានលានដុល្លារ\TU/LatinModernRoman(0)/m/n/10 [[], []]\TU/
NotoSansKhmer(0)/m/it/10 ។ បើយើងពិចារណាទៅលើ
 []


Underfull \hbox (badness 10000) in paragraph at lines 285--286
\TU/NotoSansKhmer(0)/m/it/10 ការក្លែងបន្លំក្រដាសប្រាក់ដុល្លារតាមរយៈប្រព័ន្ធធនាគ
ារកណ្តាល ដែល
 []


Underfull \hbox (badness 10000) in paragraph at lines 285--286
\TU/NotoSansKhmer(0)/m/it/10 បានកើតឡើងអស់រយៈពេលជាងមួយសតវត្សមកហើយគឺចាប់តាំងពី
 []


Underfull \hbox (badness 10000) in paragraph at lines 285--286
\TU/NotoSansKhmer(0)/m/it/10 ការបង្កើតធនាគារសហព័ន្ធអាមេរិកក្នុងឆ្នាំ\TU/LatinMo
dernRoman(0)/m/n/10 1913[[]] \TU/NotoSansKhmer(0)/m/it/10 មានន័យថា
 []


Underfull \hbox (badness 10000) in paragraph at lines 285--286
\TU/NotoSansKhmer(0)/m/it/10 គណនេយ្យចំណាយសាធារណៈគឺជាការបោកប្រាស់ទាំងស្រុង តាមពិ
ត
 []


Underfull \hbox (badness 10000) in paragraph at lines 285--286
\TU/NotoSansKhmer(0)/m/it/10 ទៅរូបិយប័ណ្ណនិងរដ្ឋាភិបាលសហរដ្ឋអាមេរិកគ្រាន់តែជាប្
រព័ន្ធចែកចាយ
 []


Underfull \hbox (badness 10000) in paragraph at lines 285--286
\TU/NotoSansKhmer(0)/m/it/10 នោះទេ អ្នកដែលគ្រប់គ្រងពិតប្រាកដអាចដកលុយចំនួនប៉ុណ្ណ
ាក៏បាន
 []

Missing character: There is no ​ (U+200B) in font Latin Modern Roman 12 Bold/OT
:script=latn;language=dflt;!
Missing character: There is no ​ (U+200B) in font Latin Modern Roman 10 Regular
/OT:script=latn;language=dflt;!

Underfull \hbox (badness 1297) in paragraph at lines 289--290
[]\TU/NotoSansKhmer(0)/m/it/10 តើអ្នកណាជាអ្នកដឹកនាំពិតប្រាកដ\TU/LatinModernRoma
n(0)/m/n/10 ? \TU/NotoSansKhmer(0)/m/it/10 យើងមិនអាចដឹងបាននោះទេ
 []


Underfull \hbox (badness 10000) in paragraph at lines 289--290
\TU/NotoSansKhmer(0)/m/it/10 ពីព្រោះស្តេចប្រទេសលោកខាងលិចតែងតែលាក់ខ្លួននៅក្នុងស្
រមោល
 []


Underfull \hbox (badness 10000) in paragraph at lines 289--290
\TU/NotoSansKhmer(0)/m/it/10 ជានិច្ច។ ខណៈពេលដែលមានទ្រឹស្ដីផ្សេងៗគ្អាអំពីអត្តសញ្
ញាណពិតនៃ
 []


Underfull \hbox (badness 10000) in paragraph at lines 289--290
\TU/NotoSansKhmer(0)/m/it/10 ស្តេចទាំងនេះ អ្នកខ្លះថាគឺជាជនល្បីៗ អ្នកខ្លះទៀតថាស្
តេចទាំងនោះ
 []


Underfull \hbox (badness 10000) in paragraph at lines 289--290
\TU/NotoSansKhmer(0)/m/it/10 គឺជាមនុស្សក្រៅភព។ ចម្លើយល្អបំផុតដែលខ្ញុំមានសម្រាប់
សំណួរនេះ
 []


Underfull \hbox (badness 10000) in paragraph at lines 289--290
\TU/NotoSansKhmer(0)/m/it/10 គឺស្ថិតនៅក្នុងការផ្សព្វផ្សាយរបស់ជនអនាមិកម្នាក់ដែលប
្រើឈ្មោះបំភ័ន្ត
 []


Underfull \hbox (badness 3417) in paragraph at lines 289--290
\TU/LatinModernRoman(0)/m/n/10 "Amallulla"\TU/NotoSansKhmer(0)/m/it/10 ។ ការស្រ
ាវជ្រាវរបស់គាត់បានបញ្ជូលនូវអត្ថបទអ្នកនិពន្ធ
 []


Underfull \hbox (badness 10000) in paragraph at lines 289--290
\TU/NotoSansKhmer(0)/m/it/10 ជាង\TU/LatinModernRoman(0)/m/n/10 20\TU/NotoSansKh
mer(0)/m/it/10 នាក់និងឯកសារ \TU/LatinModernRoman(0)/m/n/10 "\TU/NotoSansKhmer(0
)/m/it/10 ដែលមិនអាចជំនួសបាន\TU/LatinModernRoman(0)/m/n/10 " \TU/NotoSansKhmer(0
)/m/it/10 ជាង\TU/LatinModernRoman(0)/m/n/10 50 \TU/NotoSansKhmer(0)/m/it/10 ដែល

 []


Underfull \hbox (badness 10000) in paragraph at lines 289--290
\TU/NotoSansKhmer(0)/m/it/10 បកស្រាយទៅលើប្រធានបទនៃប្រវត្តិសាស្ត្របុរាណនិងសម័យទំ
នើប
 []


Underfull \hbox (badness 2495) in paragraph at lines 289--290
\TU/NotoSansKhmer(0)/m/it/10 អបិយជំនឿ និងនយោបាយប្រទេសលោកខាងលិច\TU/LatinModernRo
man(0)/m/n/10 [[], []]\TU/NotoSansKhmer(0)/m/it/10 ។ ការងារ
 []


Underfull \hbox (badness 4001) in paragraph at lines 289--290
\TU/NotoSansKhmer(0)/m/it/10 របស់គាត់គឺដូចជាគ្រួ \TU/LatinModernRoman(0)/m/n/10
 "\TU/NotoSansKhmer(0)/m/it/10 ហោរាសាស្រ្ត\TU/LatinModernRoman(0)/m/n/10 " \TU/
NotoSansKhmer(0)/m/it/10 ទាក់ទងទៅនឹងគ្រោះមហន្តរាយ
 []


Underfull \vbox (badness 10000) has occurred while \output is active []


Underfull \hbox (badness 10000) in paragraph at lines 291--293
\TU/NotoSansKhmer(0)/m/it/10 មានចំណេះដឹងអំពី \TU/LatinModernRoman(0)/m/n/10 "\T
U/NotoSansKhmer(0)/m/it/10 ចុងបញ្ចប់នៃពិភពលោក\TU/LatinModernRoman(0)/m/n/10 " \
TU/NotoSansKhmer(0)/m/it/10 ឬគ្រោះមហន្តរាយ
 []


Underfull \hbox (badness 10000) in paragraph at lines 291--293
\TU/NotoSansKhmer(0)/m/it/10 លើផែនដីដែលតែងតែកើតមាន។ គាត់ជឿថាក្រុមទាំងបីនេះកំពុង
តែ
 []


Underfull \hbox (badness 1132) in paragraph at lines 291--293
\TU/NotoSansKhmer(0)/m/it/10 គ្រប់គ្រងប្រទេសលោកខាងលិចនាពេលបច្ចុប្បន្ន ប៉ុន្តែគា
ត់បានបែងចែក
 []


Underfull \hbox (badness 10000) in paragraph at lines 291--293
\TU/NotoSansKhmer(0)/m/it/10 ប្រវត្តិសាស្ត្រ ការខ្វែងគំនិតគ្នាដែលអាចមាននៃអតីតកា
ល និងភាព
 []


Underfull \hbox (badness 10000) in paragraph at lines 291--293
\TU/NotoSansKhmer(0)/m/it/10 ខុសគ្នាន័យជំនឿនិងការអនុវត្ត។ ក្រុមទាំងបីនេះអាចបែងច
ែកដូច
 []

[7]
Underfull \hbox (badness 1314) in paragraph at lines 300--301
\TU/NotoSansKhmer(0)/m/it/10 សព្វថ្ងៃក្រុមទាំងបីនេះបង្កើតបានទៅជាក្រុម \TU/Latin
ModernRoman(0)/m/n/10 Illuminati \TU/NotoSansKhmer(0)/m/it/10 នៅអឺរ៉ុប ក្រុ
 []


Underfull \hbox (badness 1383) in paragraph at lines 300--301
\TU/NotoSansKhmer(0)/m/it/10 ពេលបុច្ចប្បន្ននេះបើមានករណីដែលពិភពលោកត្រូវបានបញ្ជប់
 ក្រុមពូជ
 []


Underfull \hbox (badness 10000) in paragraph at lines 300--301
\TU/NotoSansKhmer(0)/m/it/10 តែប្រធានាធិបតេយ្យអាមេរិកដែលកំពុងកាន់តំណែងក៏មិនអាចដ
ឹងអំពី
 []


Underfull \hbox (badness 10000) in paragraph at lines 300--301
\TU/NotoSansKhmer(0)/b/n/10 យោធានិងរដ្ឋាភិបាលសហរដ្ឋអាមេរិកប៉ុណ្ណោះទេ ប៉ុន្តែតាម
រយៈ
 []


Underfull \hbox (badness 5475) in paragraph at lines 300--301
\TU/NotoSansKhmer(0)/b/n/10 អំណាចនៃរូបិយប័ណ្ណ ក្រុមហ៊ុនធំៗ និងរដ្ឋាភិបាលសាធារណរ
ដ្ឋ
 []


Underfull \hbox (badness 10000) in paragraph at lines 300--301
\TU/NotoSansKhmer(0)/b/n/10 ដែលពួកគេបានបង្កើត \TU/LatinModernRoman(0)/b/it/10 (
\TU/NotoSansKhmer(0)/b/n/10 ដោយដឹងថាអ្នកនយោបាយគឺពុករលួយ
 []


Underfull \hbox (badness 10000) in paragraph at lines 300--301
\TU/NotoSansKhmer(0)/b/n/10 ដូច្នេះហើយវាមានការងាយស្រួលដើម្បីគ្រប់គ្រង\TU/LatinM
odernRoman(0)/b/it/10 ) \TU/NotoSansKhmer(0)/b/n/10 តាមពិតទៅក្រុម
 []

File: illuminati.jpg Graphic file (type bmp)
<illuminati.jpg>
File: pike.jpg Graphic file (type bmp)
<pike.jpg>

LaTeX Warning: Reference `fig:11' on page 8 undefined on input line 323.

Missing character: There is no ​ (U+200B) in font Latin Modern Roman 10 Italic/
OT:script=latn;language=dflt;!

Underfull \hbox (badness 10000) in paragraph at lines 322--324
\TU/NotoSansKhmer(0)/b/n/10 ជាង\TU/LatinModernRoman(0)/b/it/10 2,600\TU/NotoSan
sKhmer(0)/b/n/10 ឆ្នាំកន្លងមក ពួកគេបានសម្លាប់ជនទាំងអស់ណាដែល
 []


Underfull \hbox (badness 1226) in paragraph at lines 322--324
\TU/NotoSansKhmer(0)/b/n/10 មានចំណេះដឹងអំពី \TU/LatinModernRoman(0)/b/it/10 "\T
U/NotoSansKhmer(0)/b/n/10 ចុងបញ្ចប់នៃពិភពលោក\TU/LatinModernRoman(0)/b/it/10 "\T
U/NotoSansKhmer(0)/b/n/10 ។ នៅក្នុងអត្ថន័យ
 []


Underfull \hbox (badness 10000) in paragraph at lines 322--324
\TU/NotoSansKhmer(0)/b/n/10 នេះ ខ្ញុំមិនត្រឹមតែសំដៅទៅកាន់ពួកឌ្រូអីដ ជ្រិហ្វ\TU/
LatinModernRoman(0)/b/it/10 -\TU/NotoSansKhmer(0)/b/n/10 កាប៉ាលីស្ត
 []


Underfull \hbox (badness 10000) in paragraph at lines 322--324
\TU/NotoSansKhmer(0)/b/n/10 និងពួកម៉ាយ៉ានៅអាមេរិកកណ្តាលផងដែរ។ ភស្តុតាងដែលបញ្ជាក
់
 []


Underfull \hbox (badness 10000) in paragraph at lines 322--324
\TU/NotoSansKhmer(0)/b/n/10 ថាពួកគេបានកម្ទេចចោលនូវអរិយធម៌ដ៏រីកចម្រើនរបស់មនុស្ស
 []


Underfull \hbox (badness 1874) in paragraph at lines 322--324
\TU/NotoSansKhmer(0)/b/n/10 សម័យមុន នៅអាមេរិកខាងជើងគឺមានលើសលប់។ ពួកគេធ្វើនេះ
 []


Underfull \hbox (badness 10000) in paragraph at lines 322--324
\TU/NotoSansKhmer(0)/b/n/10 ការប្រល័យពូជសាសន៍ជនជាតិដើមអាម៉េរិច \TU/LatinModernR
oman(0)/b/it/10 "\TU/NotoSansKhmer(0)/b/n/10 ជនជាតិឥណ្ឌា\TU/LatinModernRoman(0)
/b/it/10 "
 []


Underfull \hbox (badness 1057) in paragraph at lines 322--324
\TU/LatinModernRoman(0)/m/n/10 lulla \TU/NotoSansKhmer(0)/m/it/10 ក៏ជឿដែរថាគម្រ
ោង \TU/LatinModernRoman(0)/m/n/10 "\TU/NotoSansKhmer(0)/m/it/10 សហរដ្ឋអាមេរិក\T
U/LatinModernRoman(0)/m/n/10 " \TU/NotoSansKhmer(0)/m/it/10 ទាំងមូលត្រូវបានបង្ក
ើត
 []


Underfull \hbox (badness 3861) in paragraph at lines 322--324
\TU/NotoSansKhmer(0)/m/it/10 ដែលជាជួរភ្នំថ្មក្រានីតនៅឯ \TU/LatinModernRoman(0)/
m/n/10 Rocky Mountains \TU/NotoSansKhmer(0)/m/it/10 ដែលអាចការពារ
 []


Underfull \hbox (badness 2073) in paragraph at lines 322--324
\TU/NotoSansKhmer(0)/m/it/10 យោងតាម \TU/LatinModernRoman(0)/m/n/10 Amallulla \T
U/LatinModernRoman(0)/m/it/10 "\TU/NotoSansKhmer(0)/m/it/10 អ្វីដែលយើងបានគិតថាជ
ាសង្គ្រាមស៊ីវិលនៅ
 []


Underfull \hbox (badness 10000) in paragraph at lines 322--324
\TU/NotoSansKhmer(0)/m/it/10 អាមេរិក តាមពិតទៅវាជាសង្គ្រាមរវាងក្រុមអ្នកធនាគារនិង
ក្រុមអ្នក
 []


Underfull \hbox (badness 10000) in paragraph at lines 322--324
\TU/NotoSansKhmer(0)/m/it/10 គិតគូរ ដែរបានប្រយុទ្ធគ្នាគឺដើម្បីគ្រប់គ្រងសហរដ្ឋអា
មេរិកនិងគ្រប់គ្រង
 []


Underfull \hbox (badness 3240) in paragraph at lines 322--324
\TU/NotoSansKhmer(0)/m/it/10 នៅលើពិភពលោក\TU/LatinModernRoman(0)/m/it/10 ... \TU
/NotoSansKhmer(0)/m/it/10 ក្រៅពីភ្នុំមួយនេះ\TU/LatinModernRoman(0)/m/it/10 ​ \T
U/NotoSansKhmer(0)/m/it/10 គ្មានភ្នុំថ្មក្រានីតផ្សេងទៀត
 []


Underfull \hbox (badness 10000) in paragraph at lines 322--324
\TU/NotoSansKhmer(0)/m/it/10 នោះទេដែលមានកម្ពស់ខ្ពស់ហើយឆ្ងាយពីសមុទ្រ។ វាជាទីតាំង
ល្អបំផុត
 []


Underfull \hbox (badness 1953) in paragraph at lines 322--324
\TU/NotoSansKhmer(0)/m/it/10 ដើម្បីការពារជីវិតនានាពីព្រឹត្តិការណ៍ បំលែងនៃសំបកផែ
នដី\TU/LatinModernRoman(0)/m/it/10 "\TU/LatinModernRoman(0)/m/n/10 [[], []]\TU/
NotoSansKhmer(0)/m/it/10 ។
 []


Underfull \hbox (badness 4279) in paragraph at lines 322--324
\TU/NotoSansKhmer(0)/m/it/10 ទូលាយ ដែលគេបានសាងសង់នៅខាងក្រោមនិងជុំវិញជួរភ្នុំនេះ
នាពេល
 []

Missing character: There is no ​ (U+200B) in font Latin Modern Roman 10 Regular
/OT:script=latn;language=dflt;!

Underfull \hbox (badness 10000) in paragraph at lines 327--329
[]\TU/NotoSansKhmer(0)/m/it/10 នៅក្នុងអត្ថបទនេះខ្ញុំបានរៀបរាប់យ៉ាងលម្អិតអំពីសក្
ខីកម្មផ្សេងៗដែល
 []


Underfull \hbox (badness 3460) in paragraph at lines 327--329
\TU/NotoSansKhmer(0)/m/it/10 បញ្ជាក់ថា អភិជនប្រទេសលោកខាងលិចបានរក្សាទុកនូវចំណេះដ
ឹងអំពី
 []


Underfull \hbox (badness 10000) in paragraph at lines 327--329
\TU/NotoSansKhmer(0)/m/it/10 គ្រោះមហន្តរាយដែលតែងតែកើតឡើងលើផែនដីអស់រយៈពេលរាប់ពាន
់
 []


Underfull \hbox (badness 10000) in paragraph at lines 327--329
\TU/NotoSansKhmer(0)/m/it/10 ឆ្នាំមក។ ពួកគេជឿជាក់ថាគ្រោះមហន្តរាយមួយទៀតនឹងកើតឡើង
នា
 []


Underfull \hbox (badness 10000) in paragraph at lines 327--329
\TU/NotoSansKhmer(0)/m/it/10 ពេលឆាប់ៗ ដូច្នេះហើយបានជាពួកគេបានសាងសង់ជម្រកក្រោមដី
ដ៏ធំ
 []


Underfull \hbox (badness 10000) in paragraph at lines 327--329
\TU/NotoSansKhmer(0)/m/it/10 ទូលាយដើម្បីការពារខ្លួន។ មិនត្រឹមតែប៉ុណ្ណោះនោះទេ ពួ
កគេកំពុងតែ
 []


Underfull \hbox (badness 10000) in paragraph at lines 327--329
\TU/NotoSansKhmer(0)/m/it/10 នយោបាយនិងយោធាដើម្បីគ្រប់គ្រងពិភពលោកទាំងមូល។ ខ្ញុំប
ាន
 []


Underfull \hbox (badness 10000) in paragraph at lines 327--329
\TU/NotoSansKhmer(0)/m/it/10 លើកឡើងអំពីតម្រុយខ្លះៗដែលបានបង្ហាញអំពីរបៀបនៃការផ្តួ
ចផ្តើមនៅ
 []


Underfull \hbox (badness 10000) in paragraph at lines 327--329
\TU/NotoSansKhmer(0)/m/it/10 សហរដ្ឋអាមេរិក ហើយក៏បានយោងទៅតាមទ្រឹស្តីដែលមិនសូវមាន
ការ
 []


Underfull \hbox (badness 10000) in paragraph at lines 327--329
\TU/NotoSansKhmer(0)/m/it/10 ចាប់អារម្មណ៍អំពីខ្សែរស្រឡាយដែលកំពុងតែគ្រប់គ្រងនាពេ
លបច្ចុប្បន្ន។
 []


Underfull \hbox (badness 10000) in paragraph at lines 327--329
\TU/NotoSansKhmer(0)/m/it/10 ចំពោះអ្នកដែលមានចំណាប់អារម្មណ៍បន្ថែម មានពត៌មានជាច្រ
ើនទៀត
 []


Underfull \hbox (badness 10000) in paragraph at lines 327--329
\TU/NotoSansKhmer(0)/m/it/10 ដែលខ្ញុំមិនបានបកស្រាយ លោកអ្នកអាចអានវាបានដោយគ្រាន់ត
ែ
 []


Underfull \hbox (badness 4792) in paragraph at lines 327--329
\TU/NotoSansKhmer(0)/m/it/10 ចូលទៅកាន់ចំណុច \TU/LatinModernRoman(0)/m/n/10 "\TU
/NotoSansKhmer(0)/m/it/10 ឯកសារយោង\TU/LatinModernRoman(0)/m/n/10 " \TU/NotoSans
Khmer(0)/m/it/10 ខាងក្រោម។ ទិន្នន័យដែលល្អ
 []


Underfull \hbox (badness 10000) in paragraph at lines 327--329
\TU/NotoSansKhmer(0)/m/it/10 បំផុតសម្រាប់គណនាអំពីព្រឹត្តិការណ៍ភូគព្ភសាស្ត្រ\TU/
LatinModernRoman(0)/m/n/10 ​\TU/NotoSansKhmer(0)/m/it/10 ដែលនឹងកើតមាននា
 []


Underfull \hbox (badness 10000) in paragraph at lines 327--329
\TU/NotoSansKhmer(0)/m/it/10 ពេលឆាប់ៗនេះ គឺដែនម៉ាញេទិករបស់ផែនដីដែលកំពុងផ្លាស់ប្
តូរយ៉ាង
 []


Underfull \hbox (badness 10000) in paragraph at lines 327--329
\TU/NotoSansKhmer(0)/m/it/10 ឆាប់រហ័ស។ យើងអាចគណនាវាបានមិនត្រឹមតែតាមរយៈចលនាប៉ូល
 []


Underfull \hbox (badness 10000) in paragraph at lines 327--329
\TU/NotoSansKhmer(0)/m/it/10 ម៉ាញេទិកខាងជើងនោះទេ \TU/LatinModernRoman(0)/m/n/10
 (\TU/NotoSansKhmer(0)/m/it/10 រូបភាពទី []\TU/LatinModernRoman(0)/m/n/10 13[]) 
\TU/NotoSansKhmer(0)/m/it/10 ភាពមិនប្រក្រតីនៃដែន
 []


Underfull \hbox (badness 10000) in paragraph at lines 327--329
\TU/NotoSansKhmer(0)/m/it/10 ម៉ាញេទិកភូគព្ភសាស្ត្រអាត្លង់ទិកខាងត្បូង និងការចុះខ
្សោយនិងការខូច
 []


Underfull \hbox (badness 10000) in paragraph at lines 327--329
\TU/NotoSansKhmer(0)/m/it/10 ទ្រង់ទ្រាយនៃដែនម៉ាញេទិកក្នុងរយៈពេល\TU/LatinModernR
oman(0)/m/n/10 400\TU/NotoSansKhmer(0)/m/it/10 ឆ្នាំចុងក្រោយនេះក៏អាច
 []


Underfull \hbox (badness 10000) in paragraph at lines 327--329
\TU/NotoSansKhmer(0)/m/it/10 គណនាបានផងដែរ\TU/LatinModernRoman(0)/m/n/10 [[]]\TU
/NotoSansKhmer(0)/m/it/10 ។ លោកអាចចូលទៅមើលទិន្នន័យវិទ្យាសាស្ត្រ
 []


Underfull \hbox (badness 10000) in paragraph at lines 327--329
\TU/NotoSansKhmer(0)/m/it/10 បែបនេះដែលត្រូវបានពិភាក្សាយ៉ាងហ្មត់ចត់នៅក្នុងអត្ថបទ
 \TU/LatinModernRoman(0)/m/n/10 ECDO
 []

[8]
File: npw.jpg Graphic file (type bmp)
<npw.jpg>

Underfull \hbox (badness 1199) in paragraph at lines 335--335
[]\TU/LatinModernRoman(0)/m/n/9 Figure 13. []\TU/NotoSansKhmer(0)/m/it/9 ទីតាំង
នៃប៉ូលម៉ាញេទិកខាងជើងពីឆ្នាំ\TU/LatinModernRoman(0)/m/n/9 1590-2025 \TU/NotoSans
Khmer(0)/m/it/9 ដែលបង្ហាញ
 []


Underfull \hbox (badness 10000) in paragraph at lines 335--335
\TU/NotoSansKhmer(0)/m/it/9 រៀងរាល់ប្រាំឆ្នាំម្តង។ ចលនារបស់វាបានចាប់ផ្តើមបង្កើន
លឿនយ៉ាងឆាប់រហ័ស
 []

Missing character: There is no ​ (U+200B) in font Latin Modern Roman 10 Regular
/OT:script=latn;language=dflt;!

Underfull \hbox (badness 2111) in paragraph at lines 340--341
\TU/NotoSansKhmer(0)/m/it/10 ទីនេះខ្ញុំបានព្យាយាមជំរុញនូវការស្រមៃរបស់អ្នក អោយដល
់ដែនកំណត់
 []


Underfull \hbox (badness 10000) in paragraph at lines 340--341
\TU/NotoSansKhmer(0)/m/it/10 ខ្ពស់បំផុត។ អ្នកត្រូវតែបំភ្លេចអំពីពិភពលោកដែលអ្នកបា
នស្គាល់តាំង
 []


Underfull \hbox (badness 10000) in paragraph at lines 340--341
\TU/NotoSansKhmer(0)/m/it/10 កុមារភាពចោលទៅ។ វាគឺជារឿងដែលគេបង្កើតឡើងដើម្បីបោកប្រ
ាស់
 []


Underfull \hbox (badness 2237) in paragraph at lines 340--341
\TU/NotoSansKhmer(0)/m/it/10 យើង ស្រដៀងទៅនឹងអ្វីដែលបានបង្ហាញនៅក្នុងរឿង \TU/Lati
nModernRoman(0)/m/it/10 The Matrix
 []


Underfull \hbox (badness 5331) in paragraph at lines 340--341
\TU/NotoSansKhmer(0)/m/it/10 សាច់រឿង ប៉ុន្តែអ្វីៗដែលខ្ញុំបានចែករំលែកគឺជាការពិត។
 ទម្រាំតែខ្ញុំដឹង
 []


Underfull \hbox (badness 10000) in paragraph at lines 340--341
\TU/NotoSansKhmer(0)/m/it/10 ខ្ញុំចំណាយពេលជាងពាក់កណ្តាលទសវត្សរ៍ទៅហើយ \TU/LatinM
odernRoman(0)/m/it/10 «\TU/NotoSansKhmer(0)/m/it/10 អ្វីៗទាំងអស់គឺ
 []


Underfull \hbox (badness 5787) in paragraph at lines 340--341
\TU/NotoSansKhmer(0)/m/it/10 មានប្រភពតែមួយ\TU/LatinModernRoman(0)/m/it/10 » \TU
/NotoSansKhmer(0)/m/it/10 គឺជាបាវចនាដែលខ្ញុំប្រើប្រាស់សម្រាប់ការប្រមូលផ្តុំ
 []


Underfull \hbox (badness 8094) in paragraph at lines 340--341
\TU/NotoSansKhmer(0)/m/it/10 ទិន្នន័យអំពីគ្រោះមហន្តរាយ។ វាជាគំនិតដែលពិបាកក្នុងក
ារបកស្រាយ
 []


Underfull \hbox (badness 10000) in paragraph at lines 340--341
\TU/NotoSansKhmer(0)/m/it/10 តែសម្រាប់ពេលនេះ ចូរយើងទាំងអស់គ្នាពិចារណាទៅលើភាពយន្
ត
 []


Underfull \hbox (badness 10000) in paragraph at lines 340--341
\TU/NotoSansKhmer(0)/m/it/10 មួយដែលមានឈ្មោះថា \TU/LatinModernRoman(0)/m/it/10 T
he Matrix\TU/NotoSansKhmer(0)/m/it/10 ។ រឿងនេះបានបកស្រាយ
 []


Underfull \hbox (badness 10000) in paragraph at lines 340--341
\TU/NotoSansKhmer(0)/m/it/10 យ៉ាងក្បោះក្បាយ អំពីពិភពលោកនាពេលបច្ចុប្បន្ន។ អ្វីដែ
លខ្ញុំពិបាក
 []


Underfull \hbox (badness 10000) in paragraph at lines 340--341
\TU/NotoSansKhmer(0)/m/it/10 បកស្រាយបំផុតគឺអ្វីដែលខ្ញុំនឹងរៀបរាប់នាពេលបន្តិចទៀត
 ហើយខ្ញុំមិន
 []


Underfull \hbox (badness 10000) in paragraph at lines 340--341
\TU/NotoSansKhmer(0)/m/it/10 បានបំភ្លើសវានោះឡើយ។ សម្រាប់ពេលនេះ ការបកស្រាយនៅក្នុ
ង
 []


Underfull \hbox (badness 2772) in paragraph at lines 340--341
\TU/NotoSansKhmer(0)/m/it/10 ភាពយន្ត \TU/LatinModernRoman(0)/m/it/10 The Matrix
 \TU/NotoSansKhmer(0)/m/it/10 គឺដូចជាអ្វីដែលខ្ញុំកំពុងព្យាយាមពន្យល់អ្នក
 []


Underfull \hbox (badness 2608) in paragraph at lines 340--341
\TU/NotoSansKhmer(0)/m/it/10 ទាំងអស់គ្នា។ \TU/NotoSansKhmer(0)/b/n/10 អ្វីៗគ្រប
់យ៉ាងក្នុងជីវិតរបស់អ្នក រួមទាំងប្រវត្តិសាស្ត្រ
 []


Underfull \hbox (badness 10000) in paragraph at lines 340--341
\TU/NotoSansKhmer(0)/b/n/10 ទាំងមូល ភាពទូទៅ វិទ្យាសាស្ត្រនិងការសិក្សាស្រាវជ្រាវ
សំខាន់
 []


Underfull \hbox (badness 10000) in paragraph at lines 340--341
\TU/NotoSansKhmer(0)/m/it/10 អំពីរឿងនេះនោះទេ វាប្រៀបធៀបបានដូចជាសុបិន្តអាក្រក់មួ
យដែល
 []


Underfull \hbox (badness 10000) in paragraph at lines 340--341
\TU/NotoSansKhmer(0)/m/it/10 យើងមិនអាចគេចផុត។ យើងត្រូវការពេលវេលាបន្ថែមដើម្បីយល់
អំពី
 []


Underfull \hbox (badness 10000) in paragraph at lines 340--341
\TU/NotoSansKhmer(0)/m/it/10 រឿងនេះអោយកាន់តែច្បាស់ ហើយខ្ញុំសន្យាថានឹងពន្យល់អ្វី
ៗគ្រប់យ៉ាង
 []


Underfull \hbox (badness 1681) in paragraph at lines 340--341
\TU/NotoSansKhmer(0)/m/it/10 រហូតអ្នកទាំងអស់គ្នាបានយល់ ថាជីវិតរបស់ពួកយើងនាពេលបប
ច្ចប្បន្ន
 []


Underfull \hbox (badness 10000) in paragraph at lines 340--341
\TU/NotoSansKhmer(0)/m/it/10 ពួកយើងគឺស្ថិតនៅក្រោមការគ្រប់គ្រងដោយកំព្យូទ័រពេញមួយ
ជីវិតមក
 []


Underfull \vbox (badness 2990) has occurred while \output is active []


Missing character: There is no ​ (U+200B) in font Latin Modern Roman 10 Regular
/OT:script=latn;language=dflt;!

Underfull \hbox (badness 10000) in paragraph at lines 344--345
[]\TU/NotoSansKhmer(0)/m/it/10 សូមអរគុណជាអនេកទៅដល់បុគ្គលទាំងឡាយ\TU/LatinModernR
oman(0)/m/n/10 ​\TU/NotoSansKhmer(0)/m/it/10 ដែលបានចែករំលែក
 []


Underfull \hbox (badness 10000) in paragraph at lines 344--345
\TU/NotoSansKhmer(0)/m/it/10 មួយនេះមិនអាចកើតឡើងបានឡើយ ហើយមនុស្សទូទាំងពិភពលោក
 []


Underfull \hbox (badness 10000) in paragraph at lines 344--345
\TU/NotoSansKhmer(0)/m/it/10 និងស្ថិតនៅក្នុងភាពងងឹតដដែល។ ជម្រើសនូវការចែករំលែករប
ស់អ្នក
 []


Underfull \hbox (badness 10000) in paragraph at lines 344--345
\TU/NotoSansKhmer(0)/m/it/10 នឹងជួយជ្រមជ្រែងអោយមនុស្សធម្មតាកាន់តែយល់អំពីអត្ថបទដ
ែលបាន
 []

[9] (./khmertranslated3.bbl
Underfull \hbox (badness 10000) in paragraph at lines 53--58
[]$[][][][][] [] [] [] [][][] [] [][][][][][][] [] [][][] [] [][][] [] [][][][]
[][][][][][][][][][][] []
 []


Underfull \hbox (badness 10000) in paragraph at lines 118--123
\TU/LatinModernRoman(0)/m/n/9 theethicalskeptic.com/2024/05/23/master-exothermi
c-
 []


Underfull \hbox (badness 5260) in paragraph at lines 144--149
[]\TU/LatinModernRoman(0)/m/n/9 South Tyrol Blog.  “south tyrol’s bunker land-
 []


Underfull \hbox (badness 10000) in paragraph at lines 144--149
\TU/LatinModernRoman(0)/m/n/9 scape”.  []$[][][][][] [] [] [] [][][] [] [][][][
][][][][][][][][] [] [][][] [] [][][][] []
 []


Underfull \hbox (badness 1152) in paragraph at lines 144--149
[][][][][][][][][][][][][][][][][][][][][][][][][][][][][][][][]$[]\TU/LatinMod
ernRoman(0)/m/n/9 , Oct. 2023.  Published
 []


Underfull \hbox (badness 10000) in paragraph at lines 156--162
[]\TU/LatinModernRoman(0)/m/n/9 sovrynn.  “ecdo/6‑literature‑media/amallulla”.
 []


Underfull \hbox (badness 10000) in paragraph at lines 156--162
[]$[][][][][] [] [] [] [][][][][][] [] [][][] [] [][][][][][][] [] [][][][] [] 
[][][][] [] [][][][][][] []
 []


Underfull \hbox (badness 1297) in paragraph at lines 156--162
[][][][][][][][][][][][][][][][][][][][] [] [][][][][][][][][]$[]\TU/LatinModer
nRoman(0)/m/n/9 , 2025.  Accessed:
 []


Underfull \hbox (badness 10000) in paragraph at lines 164--170
[]\TU/LatinModernRoman(0)/m/n/9 sovrynn.  “ecdo/6‑literature‑media/project‑came
lot”.
 []


Underfull \hbox (badness 10000) in paragraph at lines 164--170
[]$[][][][][] [] [] [] [][][][][][] [] [][][] [] [][][][][][][] [] [][][][] [] 
[][][][] [] [][][][][][] []
 []


Underfull \hbox (badness 10000) in paragraph at lines 172--179
\TU/LatinModernRoman(0)/m/n/9 synthesis”.  []$[][][][][] [] [] [] [][][][][][] 
[] [][][] [] [][][][][][][] [] [][][][] [] [][][][] []
 []


Underfull \hbox (badness 10000) in paragraph at lines 172--179
[][][][][][] [] [][][][][][][][][][][][][][][][][][][][] [] [][][][][][][][][] 
[] [][][] [] [][] []
 []


Underfull \hbox (badness 10000) in paragraph at lines 172--179
[][] [] [][][][] [] [][][][][][] [] [][][][][][][][][][][][][][][][][][][][][][
][][][] [] [][][][][][][][][] []
 []


Underfull \hbox (badness 10000) in paragraph at lines 172--179
[][][][][][][][] [] [][][][][][][][] [] [][][][] [] [][][][][] [] [][][][][][][
] [] [][][][][][] []
 []


Underfull \hbox (badness 10000) in paragraph at lines 172--179
[][][][][][][][][][][] [] [][] [] [][][][][] [] [][][][][][][][][][][][][] [] [
][][][][][][][][][][] []
 []


Underfull \hbox (badness 1221) in paragraph at lines 194--198
[]\TU/LatinModernRoman(0)/m/n/9 Svalbard Global Seed Vault.  “svalbard global s
eed
 []

[10


]) [11

] (./khmertranslated3.aux)
 ***********
LaTeX2e <2023-11-01> patch level 1
L3 programming layer <2024-01-22>
 ***********


LaTeX Font Warning: Some font shapes were not available, defaults substituted.


LaTeX Warning: There were undefined references.


LaTeX Warning: There were multiply-defined labels.

 ) 
Here is how much of TeX's memory you used:
 13673 strings out of 475702
 265407 string characters out of 5785445
 2156627 words of memory out of 5000000
 35392 multiletter control sequences out of 15000+600000
 567445 words of font info for 109 fonts, out of 8000000 for 9000
 932 hyphenation exceptions out of 8191
 79i,9n,93p,2114b,519s stack positions out of 10000i,1000n,20000p,200000b,200000s

Output written on khmertranslated3.pdf (11 pages).
