This is XeTeX, Version 3.141592653-2.6-0.999995 (TeX Live 2023/Debian) (preloaded format=xelatex 2025.6.27)  10 JUL 2025 20:10
entering extended mode
 restricted \write18 enabled.
 %&-line parsing enabled.
**laotranslated.tex
(./laotranslated.tex
LaTeX2e <2023-11-01> patch level 1
L3 programming layer <2024-01-22>
(/usr/share/texlive/texmf-dist/tex/latex/base/article.cls
Document Class: article 2023/05/17 v1.4n Standard LaTeX document class
(/usr/share/texlive/texmf-dist/tex/latex/base/size10.clo
File: size10.clo 2023/05/17 v1.4n Standard LaTeX file (size option)
)
\c@part=\count183
\c@section=\count184
\c@subsection=\count185
\c@subsubsection=\count186
\c@paragraph=\count187
\c@subparagraph=\count188
\c@figure=\count189
\c@table=\count190
\abovecaptionskip=\skip48
\belowcaptionskip=\skip49
\bibindent=\dimen140
)
(/usr/share/texlive/texmf-dist/tex/latex/booktabs/booktabs.sty
Package: booktabs 2020/01/12 v1.61803398 Publication quality tables
\heavyrulewidth=\dimen141
\lightrulewidth=\dimen142
\cmidrulewidth=\dimen143
\belowrulesep=\dimen144
\belowbottomsep=\dimen145
\aboverulesep=\dimen146
\abovetopsep=\dimen147
\cmidrulesep=\dimen148
\cmidrulekern=\dimen149
\defaultaddspace=\dimen150
\@cmidla=\count191
\@cmidlb=\count192
\@aboverulesep=\dimen151
\@belowrulesep=\dimen152
\@thisruleclass=\count193
\@lastruleclass=\count194
\@thisrulewidth=\dimen153
)
(/usr/share/texlive/texmf-dist/tex/latex/sttools/stfloats.sty
Package: stfloats 2017/03/27 v3.3 Improve float mechanism and baselineskip sett
ings
\@dblbotnum=\count195
\c@dblbotnumber=\count196
)
(/usr/share/texlive/texmf-dist/tex/latex/float/float.sty
Package: float 2001/11/08 v1.3d Float enhancements (AL)
\c@float@type=\count197
\float@exts=\toks17
\float@box=\box51
\@float@everytoks=\toks18
\@floatcapt=\box52
)
(/usr/share/texlive/texmf-dist/tex/latex/fontspec/fontspec.sty
(/usr/share/texlive/texmf-dist/tex/latex/l3packages/xparse/xparse.sty
(/usr/share/texlive/texmf-dist/tex/latex/l3kernel/expl3.sty
Package: expl3 2024-01-22 L3 programming layer (loader) 

(/usr/share/texlive/texmf-dist/tex/latex/l3backend/l3backend-xetex.def
File: l3backend-xetex.def 2024-01-04 L3 backend support: XeTeX
\g__graphics_track_int=\count198
\l__pdf_internal_box=\box53
\g__pdf_backend_object_int=\count199
\g__pdf_backend_annotation_int=\count266
\g__pdf_backend_link_int=\count267
))
Package: xparse 2023-10-10 L3 Experimental document command parser
)
Package: fontspec 2022/01/15 v2.8a Font selection for XeLaTeX and LuaLaTeX

(/usr/share/texlive/texmf-dist/tex/latex/fontspec/fontspec-xetex.sty
Package: fontspec-xetex 2022/01/15 v2.8a Font selection for XeLaTeX and LuaLaTe
X
\l__fontspec_script_int=\count268
\l__fontspec_language_int=\count269
\l__fontspec_strnum_int=\count270
\l__fontspec_tmp_int=\count271
\l__fontspec_tmpa_int=\count272
\l__fontspec_tmpb_int=\count273
\l__fontspec_tmpc_int=\count274
\l__fontspec_em_int=\count275
\l__fontspec_emdef_int=\count276
\l__fontspec_strong_int=\count277
\l__fontspec_strongdef_int=\count278
\l__fontspec_tmpa_dim=\dimen154
\l__fontspec_tmpb_dim=\dimen155
\l__fontspec_tmpc_dim=\dimen156

(/usr/share/texlive/texmf-dist/tex/latex/base/fontenc.sty
Package: fontenc 2021/04/29 v2.0v Standard LaTeX package
)
(/usr/share/texlive/texmf-dist/tex/latex/fontspec/fontspec.cfg)))
(/usr/share/texlive/texmf-dist/tex/xelatex/ucharclasses/ucharclasses.sty
Package: ucharclasses 2022/10/20 v2.6.0 Unicode block character classes for XeL
aTeX

(/usr/share/texlive/texmf-dist/tex/generic/iftex/ifxetex.sty
Package: ifxetex 2019/10/25 v0.7 ifxetex legacy package. Use iftex instead.

(/usr/share/texlive/texmf-dist/tex/generic/iftex/iftex.sty
Package: iftex 2022/02/03 v1.0f TeX engine tests
))
\AegeanNumbersClass=\XeTeXcharclass1
\AlphabeticPresentationFormsClass=\XeTeXcharclass2
\AncientGreekMusicalNotationClass=\XeTeXcharclass3
\AncientGreekNumbersClass=\XeTeXcharclass4
\AncientSymbolsClass=\XeTeXcharclass5
\ArabicClass=\XeTeXcharclass6
\ArabicPresentationFormsAClass=\XeTeXcharclass7
\ArabicPresentationFormsBClass=\XeTeXcharclass8
\ArabicSupplementClass=\XeTeXcharclass9
\ArmenianClass=\XeTeXcharclass10
\ArrowsClass=\XeTeXcharclass11
\BalineseClass=\XeTeXcharclass12
\BasicLatinClass=\XeTeXcharclass13
\BengaliClass=\XeTeXcharclass14
\BlockElementsClass=\XeTeXcharclass15
\BopomofoClass=\XeTeXcharclass16
\BopomofoExtendedClass=\XeTeXcharclass17
\BoxDrawingClass=\XeTeXcharclass18
\BraillePatternsClass=\XeTeXcharclass19
\BugineseClass=\XeTeXcharclass20
\BuhidClass=\XeTeXcharclass21
\ByzantineMusicalSymbolsClass=\XeTeXcharclass22
\ChamClass=\XeTeXcharclass23
\CherokeeClass=\XeTeXcharclass24
\CJKCompatibilityClass=\XeTeXcharclass25
\CJKCompatibilityFormsClass=\XeTeXcharclass26
\CJKCompatibilityIdeographsClass=\XeTeXcharclass27
\CJKCompatibilityIdeographsSupplementClass=\XeTeXcharclass28
\CJKRadicalsSupplementClass=\XeTeXcharclass29
\CJKStrokesClass=\XeTeXcharclass30
\CJKSymbolsAndPunctuationClass=\XeTeXcharclass31
\CJKUnifiedIdeographsClass=\XeTeXcharclass32
\CJKUnifiedIdeographsExtensionAClass=\XeTeXcharclass33
\CJKUnifiedIdeographsExtensionBClass=\XeTeXcharclass34
\CombiningDiacriticalMarksClass=\XeTeXcharclass35
\CombiningDiacriticalMarksForSymbolsClass=\XeTeXcharclass36
\CombiningDiacriticalMarksSupplementClass=\XeTeXcharclass37
\CombiningHalfMarksClass=\XeTeXcharclass38
\ControlPicturesClass=\XeTeXcharclass39
\CopticClass=\XeTeXcharclass40
\CountingRodNumeralsClass=\XeTeXcharclass41
\CuneiformClass=\XeTeXcharclass42
\CuneiformNumbersAndPunctuationClass=\XeTeXcharclass43
\CurrencySymbolsClass=\XeTeXcharclass44
\CypriotSyllabaryClass=\XeTeXcharclass45
\CyrillicClass=\XeTeXcharclass46
\CyrillicExtendedAClass=\XeTeXcharclass47
\CyrillicExtendedBClass=\XeTeXcharclass48
\CyrillicSupplementClass=\XeTeXcharclass49
\DeseretClass=\XeTeXcharclass50
\DevanagariDanDaClass=\XeTeXcharclass51
\DevanagariMarksClass=\XeTeXcharclass52
\DevanagariPostDanDaClass=\XeTeXcharclass53
\DevanagariPostMarksClass=\XeTeXcharclass54
\DevanagariPreMarksClass=\XeTeXcharclass55
\DingbatsClass=\XeTeXcharclass56
\DominoTilesClass=\XeTeXcharclass57
\EnclosedAlphanumericsClass=\XeTeXcharclass58
\EnclosedCJKLettersAndMonthsClass=\XeTeXcharclass59
\EthiopicClass=\XeTeXcharclass60
\EthiopicExtendedClass=\XeTeXcharclass61
\EthiopicSupplementClass=\XeTeXcharclass62
\GeneralPunctuationClass=\XeTeXcharclass63
\GeometricShapesClass=\XeTeXcharclass64
\GeorgianClass=\XeTeXcharclass65
\GeorgianSupplementClass=\XeTeXcharclass66
\GlagoliticClass=\XeTeXcharclass67
\GreekAndCopticClass=\XeTeXcharclass68
\GreekExtendedClass=\XeTeXcharclass69
\GujaratiClass=\XeTeXcharclass70
\GurmukhiClass=\XeTeXcharclass71
\HalfwidthAndFullwidthFormsClass=\XeTeXcharclass72
\HangulCompatibilityJamoClass=\XeTeXcharclass73
\HangulJamoClass=\XeTeXcharclass74
\HangulSyllablesClass=\XeTeXcharclass75
\HanunooClass=\XeTeXcharclass76
\HebrewClass=\XeTeXcharclass77
\HiraganaClass=\XeTeXcharclass78
\IdeographicDescriptionCharactersClass=\XeTeXcharclass79
\IPAExtensionsClass=\XeTeXcharclass80
\KanbunClass=\XeTeXcharclass81
\KangxiRadicalsClass=\XeTeXcharclass82
\KannadaClass=\XeTeXcharclass83
\KatakanaClass=\XeTeXcharclass84
\KatakanaPhoneticExtensionsClass=\XeTeXcharclass85
\KayahLiClass=\XeTeXcharclass86
\KhmerClass=\XeTeXcharclass87
\KhmerSymbolsClass=\XeTeXcharclass88
\LaoClass=\XeTeXcharclass89
\LatinExtendedAdditionalClass=\XeTeXcharclass90
\LatinExtendedAClass=\XeTeXcharclass91
\LatinExtendedBClass=\XeTeXcharclass92
\LatinExtendedCClass=\XeTeXcharclass93
\LatinExtendedDClass=\XeTeXcharclass94
\LatinSupplementClass=\XeTeXcharclass95
\LepchaClass=\XeTeXcharclass96
\LetterlikeSymbolsClass=\XeTeXcharclass97
\LimbuClass=\XeTeXcharclass98
\LinearBIdeogramsClass=\XeTeXcharclass99
\LinearBSyllabaryClass=\XeTeXcharclass100
\MahjongTilesClass=\XeTeXcharclass101
\MalayalamClass=\XeTeXcharclass102
\MathematicalAlphanumericSymbolsClass=\XeTeXcharclass103
\MathematicalOperatorsClass=\XeTeXcharclass104
\MiscellaneousMathematicalSymbolsAClass=\XeTeXcharclass105
\MiscellaneousMathematicalSymbolsBClass=\XeTeXcharclass106
\MiscellaneousSymbolsClass=\XeTeXcharclass107
\MiscellaneousSymbolsAndArrowsClass=\XeTeXcharclass108
\MiscellaneousTechnicalClass=\XeTeXcharclass109
\ModifierToneLettersClass=\XeTeXcharclass110
\MongolianClass=\XeTeXcharclass111
\MusicalSymbolsClass=\XeTeXcharclass112
\MyanmarClass=\XeTeXcharclass113
\NewTaiLueClass=\XeTeXcharclass114
\NKoClass=\XeTeXcharclass115
\NumberFormsClass=\XeTeXcharclass116
\OghamClass=\XeTeXcharclass117
\OlChikiClass=\XeTeXcharclass118
\OldPersianClass=\XeTeXcharclass119
\OpticalCharacterRecognitionClass=\XeTeXcharclass120
\OriyaClass=\XeTeXcharclass121
\OsmanyaClass=\XeTeXcharclass122
\PhagsPaClass=\XeTeXcharclass123
\PhoenicianClass=\XeTeXcharclass124
\PhoneticExtensionsClass=\XeTeXcharclass125
\PhoneticExtensionsSupplementClass=\XeTeXcharclass126
\PrivateUseAreaClass=\XeTeXcharclass127
\RejangClass=\XeTeXcharclass128
\RunicClass=\XeTeXcharclass129
\SaurashtraClass=\XeTeXcharclass130
\ShavianClass=\XeTeXcharclass131
\SinhalaClass=\XeTeXcharclass132
\SmallFormVariantsClass=\XeTeXcharclass133
\SpacingModifierLettersClass=\XeTeXcharclass134
\SundaneseClass=\XeTeXcharclass135
\SuperscriptsAndSubscriptsClass=\XeTeXcharclass136
\SupplementalArrowsAClass=\XeTeXcharclass137
\SupplementalArrowsBClass=\XeTeXcharclass138
\SupplementalMathematicalOperatorsClass=\XeTeXcharclass139
\SupplementalPunctuationClass=\XeTeXcharclass140
\SylotiNagriClass=\XeTeXcharclass141
\SyriacClass=\XeTeXcharclass142
\TagalogClass=\XeTeXcharclass143
\TagbanwaClass=\XeTeXcharclass144
\TagsClass=\XeTeXcharclass145
\TaiLeClass=\XeTeXcharclass146
\TaiXuanJingSymbolsClass=\XeTeXcharclass147
\TamilClass=\XeTeXcharclass148
\TeluguClass=\XeTeXcharclass149
\ThaanaClass=\XeTeXcharclass150
\ThaiClass=\XeTeXcharclass151
\TibetanClass=\XeTeXcharclass152
\TifinaghClass=\XeTeXcharclass153
\UgariticClass=\XeTeXcharclass154
\UnifiedCanadianAboriginalSyllabicsClass=\XeTeXcharclass155
\VaiClass=\XeTeXcharclass156
\VerticalFormsClass=\XeTeXcharclass157
\YiRadicalsClass=\XeTeXcharclass158
\YiSyllablesClass=\XeTeXcharclass159
\YijingHexagramSymbolsClass=\XeTeXcharclass160
\AvestanClass=\XeTeXcharclass161
\BamumClass=\XeTeXcharclass162
\CJKUnifiedIdeographsExtensionCClass=\XeTeXcharclass163
\CommonIndicNumberFormsClass=\XeTeXcharclass164
\DevanagariExtendedClass=\XeTeXcharclass165
\EgyptianHieroglyphsClass=\XeTeXcharclass166
\EnclosedAlphanumericSupplementClass=\XeTeXcharclass167
\EnclosedIdeographicSupplementClass=\XeTeXcharclass168
\HangulJamoExtendedAClass=\XeTeXcharclass169
\HangulJamoExtendedBClass=\XeTeXcharclass170
\ImperialAramaicClass=\XeTeXcharclass171
\InscriptionalPahlaviClass=\XeTeXcharclass172
\InscriptionalParthianClass=\XeTeXcharclass173
\JavaneseClass=\XeTeXcharclass174
\KaithiClass=\XeTeXcharclass175
\LisuClass=\XeTeXcharclass176
\MeeteiMayekClass=\XeTeXcharclass177
\MyanmarExtendedAClass=\XeTeXcharclass178
\RumiNumeralSymbolsClass=\XeTeXcharclass179
\SamaritanClass=\XeTeXcharclass180
\TaiThamClass=\XeTeXcharclass181
\TaiVietClass=\XeTeXcharclass182
\UnifiedCanadianAboriginalSyllabicsExtendedClass=\XeTeXcharclass183
\VedicExtensionsClass=\XeTeXcharclass184
\AlchemicalSymbolsClass=\XeTeXcharclass185
\BamumSupplementClass=\XeTeXcharclass186
\BatakClass=\XeTeXcharclass187
\BrahmiClass=\XeTeXcharclass188
\CJKUnifiedIdeographsExtensionDClass=\XeTeXcharclass189
\EmoticonsClass=\XeTeXcharclass190
\EthiopicExtendedAClass=\XeTeXcharclass191
\KanaSupplementClass=\XeTeXcharclass192
\MandaicClass=\XeTeXcharclass193
\MiscellaneousSymbolsAndPictographsClass=\XeTeXcharclass194
\PlayingCardsClass=\XeTeXcharclass195
\TransportAndMapSymbolsClass=\XeTeXcharclass196
\ArabicExtendedAClass=\XeTeXcharclass197
\ArabicMathematicalAlphabeticSymbolsClass=\XeTeXcharclass198
\ChakmaClass=\XeTeXcharclass199
\MeeteiMayekExtensionsClass=\XeTeXcharclass200
\MeroiticCursiveClass=\XeTeXcharclass201
\MeroiticHieroglyphsClass=\XeTeXcharclass202
\MiaoClass=\XeTeXcharclass203
\SharadaClass=\XeTeXcharclass204
\SoraSompengClass=\XeTeXcharclass205
\SundaneseSupplementClass=\XeTeXcharclass206
\TakriClass=\XeTeXcharclass207
\BassaVahClass=\XeTeXcharclass208
\CaucasianAlbanianClass=\XeTeXcharclass209
\CombiningDiacriticalMarksExtendedClass=\XeTeXcharclass210
\CopticEpactNumbersClass=\XeTeXcharclass211
\ElbasanClass=\XeTeXcharclass212
\GeometricShapesExtendedClass=\XeTeXcharclass213
\GranthaClass=\XeTeXcharclass214
\KhojkiClass=\XeTeXcharclass215
\KhudawadiClass=\XeTeXcharclass216
\LatinExtendedEClass=\XeTeXcharclass217
\LinearAClass=\XeTeXcharclass218
\MahajaniClass=\XeTeXcharclass219
\MendeKikakuiClass=\XeTeXcharclass220
\ModiClass=\XeTeXcharclass221
\MroClass=\XeTeXcharclass222
\MyanmarExtendedBClass=\XeTeXcharclass223
\OrnamentalDingbatsClass=\XeTeXcharclass224
\PahawhHmongClass=\XeTeXcharclass225
\PauCinHauClass=\XeTeXcharclass226
\SiddhamClass=\XeTeXcharclass227
\SinhalaArchaicNumbersClass=\XeTeXcharclass228
\SupplementalArrowsCClass=\XeTeXcharclass229
\TirhutaClass=\XeTeXcharclass230
\WarangCitiClass=\XeTeXcharclass231
\CherokeeSupplementClass=\XeTeXcharclass232
\CJKUnifiedIdeographsExtensionEClass=\XeTeXcharclass233
\SupplementalSymbolsAndPictographsClass=\XeTeXcharclass234
\CyrillicExtendedCClass=\XeTeXcharclass235
\GlagoliticSupplementClass=\XeTeXcharclass236
\IdeographicSymbolsAndPunctuationClass=\XeTeXcharclass237
\MongolianSupplementClass=\XeTeXcharclass238
\CJKUnifiedIdeographsExtensionFClass=\XeTeXcharclass239
\KanaExtendedAClass=\XeTeXcharclass240
\SyriacSupplementClass=\XeTeXcharclass241
\GeorgianExtendedClass=\XeTeXcharclass242
\SmallKanaExtensionClass=\XeTeXcharclass243
\SymbolsAndPictographsExtendedAClass=\XeTeXcharclass244
\CJKUnifiedIdeographsExtensionGClass=\XeTeXcharclass245
\ArabicExtendedBClass=\XeTeXcharclass246
\EthiopicExtendedBClass=\XeTeXcharclass247
\KanaExtendedBClass=\XeTeXcharclass248
\LatinExtendedFClass=\XeTeXcharclass249
\LatinExtendedGClass=\XeTeXcharclass250
\UnifiedCanadianAboriginalSyllabicsExtendedAClass=\XeTeXcharclass251
\ArabicExtendedCClass=\XeTeXcharclass252
\CJKUnifiedIdeographsExtensionHClass=\XeTeXcharclass253
\CyrillicExtendedDClass=\XeTeXcharclass254
\DevanagariExtendedAClass=\XeTeXcharclass255
\CarianClass=\XeTeXcharclass256
\GothicClass=\XeTeXcharclass257
\KharoshthiClass=\XeTeXcharclass258
\LycianClass=\XeTeXcharclass259
\LydianClass=\XeTeXcharclass260
\OldItalicClass=\XeTeXcharclass261
\PhaistosDiscClass=\XeTeXcharclass262
\SupplementaryPrivateUseAreaAClass=\XeTeXcharclass263
\SupplementaryPrivateUseAreaBClass=\XeTeXcharclass264
\OldSouthArabianClass=\XeTeXcharclass265
\OldTurkicClass=\XeTeXcharclass266
\DuployanClass=\XeTeXcharclass267
\ManichaeanClass=\XeTeXcharclass268
\NabataeanClass=\XeTeXcharclass269
\OldNorthArabianClass=\XeTeXcharclass270
\OldPermicClass=\XeTeXcharclass271
\PalmyreneClass=\XeTeXcharclass272
\PsalterPahlaviClass=\XeTeXcharclass273
\ShorthandFormatControlsClass=\XeTeXcharclass274
\AhomClass=\XeTeXcharclass275
\AnatolianHieroglyphsClass=\XeTeXcharclass276
\EarlyDynasticCuneiformClass=\XeTeXcharclass277
\HatranClass=\XeTeXcharclass278
\MultaniClass=\XeTeXcharclass279
\OldHungarianClass=\XeTeXcharclass280
\SuttonSignWritingClass=\XeTeXcharclass281
\AdlamClass=\XeTeXcharclass282
\BhaiksukiClass=\XeTeXcharclass283
\MarchenClass=\XeTeXcharclass284
\NewaClass=\XeTeXcharclass285
\OsageClass=\XeTeXcharclass286
\TangutClass=\XeTeXcharclass287
\TangutComponentsClass=\XeTeXcharclass288
\MasaramGondiClass=\XeTeXcharclass289
\NushuClass=\XeTeXcharclass290
\SoyomboClass=\XeTeXcharclass291
\ZanabazarSquareClass=\XeTeXcharclass292
\ChessSymbolsClass=\XeTeXcharclass293
\DograClass=\XeTeXcharclass294
\GunjalaGondiClass=\XeTeXcharclass295
\HanifiRohingyaClass=\XeTeXcharclass296
\IndicSiyaqNumbersClass=\XeTeXcharclass297
\MakasarClass=\XeTeXcharclass298
\MayanNumeralsClass=\XeTeXcharclass299
\MedefaidrinClass=\XeTeXcharclass300
\OldSogdianClass=\XeTeXcharclass301
\SogdianClass=\XeTeXcharclass302
\EgyptianHieroglyphFormatControlsClass=\XeTeXcharclass303
\ElymaicClass=\XeTeXcharclass304
\NandinagariClass=\XeTeXcharclass305
\NyiakengPuachueHmongClass=\XeTeXcharclass306
\OttomanSiyaqNumbersClass=\XeTeXcharclass307
\TamilSupplementClass=\XeTeXcharclass308
\WanchoClass=\XeTeXcharclass309
\ChorasmianClass=\XeTeXcharclass310
\DivesAkuruClass=\XeTeXcharclass311
\KhitanSmallScriptClass=\XeTeXcharclass312
\LisuSupplementClass=\XeTeXcharclass313
\SymbolsForLegacyComputingClass=\XeTeXcharclass314
\TangutSupplementClass=\XeTeXcharclass315
\YezidiClass=\XeTeXcharclass316
\CyproMinoanClass=\XeTeXcharclass317
\OldUighurClass=\XeTeXcharclass318
\TangsaClass=\XeTeXcharclass319
\TotoClass=\XeTeXcharclass320
\VithkuqiClass=\XeTeXcharclass321
\ZnamennyMusicalNotationClass=\XeTeXcharclass322
\KaktovikNumeralsClass=\XeTeXcharclass323
\KawiClass=\XeTeXcharclass324
\NagMundariClass=\XeTeXcharclass325
)

Package fontspec Info: Font family 'LatinModernRoman(0)' created for font
(fontspec)             'Latin Modern Roman' with options [].
(fontspec)              
(fontspec)              This font family consists of the following NFSS
(fontspec)             series/shapes:
(fontspec)              
(fontspec)             - 'normal' (m/n) with NFSS spec.: <->"Latin Modern
(fontspec)             Roman/OT:script=latn;language=dflt;"
(fontspec)             - 'small caps'  (m/sc) with NFSS spec.: 
(fontspec)             - 'bold' (b/n) with NFSS spec.: <->"Latin Modern
(fontspec)             Roman/B/OT:script=latn;language=dflt;"
(fontspec)             - 'bold small caps'  (b/sc) with NFSS spec.: 
(fontspec)             - 'italic' (m/it) with NFSS spec.: <->"Latin Modern
(fontspec)             Roman/I/OT:script=latn;language=dflt;"
(fontspec)             - 'italic small caps'  (m/scit) with NFSS spec.: 
(fontspec)             - 'bold italic' (b/it) with NFSS spec.: <->"Latin
(fontspec)             Modern Roman/BI/OT:script=latn;language=dflt;"
(fontspec)             - 'bold italic small caps'  (b/scit) with NFSS spec.: 


Package fontspec Info: Could not resolve font "Noto Serif Lao/I" (it probably
(fontspec)             doesn't exist).


Package fontspec Info: Font family 'NotoSerifLao(0)' created for font 'Noto
(fontspec)             Serif Lao' with options [Script=Lao].
(fontspec)              
(fontspec)              This font family consists of the following NFSS
(fontspec)             series/shapes:
(fontspec)              
(fontspec)             - 'normal' (m/n) with NFSS spec.: <->"Noto Serif
(fontspec)             Lao/OT:script=lao;language=dflt;"
(fontspec)             - 'small caps'  (m/sc) with NFSS spec.: 
(fontspec)             - 'bold' (b/n) with NFSS spec.: <->"Noto Serif
(fontspec)             Lao/B/OT:script=lao;language=dflt;"
(fontspec)             - 'bold small caps'  (b/sc) with NFSS spec.: 
(fontspec)             - 'bold italic' (b/it) with NFSS spec.: <->"Noto Serif
(fontspec)             Lao/BI/OT:script=lao;language=dflt;"
(fontspec)             - 'bold italic small caps'  (b/scit) with NFSS spec.: 

 (./cvpr.sty
(./eso-pic.sty
Package: eso-pic 2002/11/16 v1.1b eso-pic (RN)
 (./cvpr_eso.sty

LaTeX Warning: You have requested package `eso-pic',
               but the package provides `everyshi'.

Package: everyshi 2001/05/15 v3.00 EveryShipout Package (MS)
) (/usr/share/texlive/texmf-dist/tex/latex/graphics/keyval.sty
Package: keyval 2022/05/29 v1.15 key=value parser (DPC)
\KV@toks@=\toks19
))
(/usr/share/texlive/texmf-dist/tex/latex/tools/xspace.sty
Package: xspace 2014/10/28 v1.13 Space after command names (DPC,MH)
)
CVPR 8.5 x 11-Inch Proceedings Style `cvpr.sty'.
\@ctmp=\skip50
\@figindent=\skip51
\cvprrulerbox=\box54
\cvprrulercount=\count279
\cvprruleroffset=\dimen157
\cv@lineheight=\dimen158
\cv@boxheight=\dimen159
\cv@tmpbox=\box55
\cv@refno=\count280
\cv@tot=\count281
\cv@tmpc@=\count282
\cv@tmpc=\count283
) (/usr/share/texlive/texmf-dist/tex/latex/psnfss/times.sty
Package: times 2020/03/25 PSNFSS-v9.3 (SPQR) 
)
(/usr/share/texlive/texmf-dist/tex/latex/graphics/epsfig.sty
Package: epsfig 2017/06/25 v1.7b (e)psfig emulation (SPQR)

(/usr/share/texlive/texmf-dist/tex/latex/graphics/graphicx.sty
Package: graphicx 2021/09/16 v1.2d Enhanced LaTeX Graphics (DPC,SPQR)

(/usr/share/texlive/texmf-dist/tex/latex/graphics/graphics.sty
Package: graphics 2022/03/10 v1.4e Standard LaTeX Graphics (DPC,SPQR)

(/usr/share/texlive/texmf-dist/tex/latex/graphics/trig.sty
Package: trig 2021/08/11 v1.11 sin cos tan (DPC)
)
(/usr/share/texlive/texmf-dist/tex/latex/graphics-cfg/graphics.cfg
File: graphics.cfg 2016/06/04 v1.11 sample graphics configuration
)
Package graphics Info: Driver file: xetex.def on input line 107.

(/usr/share/texlive/texmf-dist/tex/latex/graphics-def/xetex.def
File: xetex.def 2022/09/22 v5.0n Graphics/color driver for xetex
))
\Gin@req@height=\dimen160
\Gin@req@width=\dimen161
)
\epsfxsize=\dimen162
\epsfysize=\dimen163
)
(/usr/share/texlive/texmf-dist/tex/latex/amsmath/amsmath.sty
Package: amsmath 2023/05/13 v2.17o AMS math features
\@mathmargin=\skip52

For additional information on amsmath, use the `?' option.
(/usr/share/texlive/texmf-dist/tex/latex/amsmath/amstext.sty
Package: amstext 2021/08/26 v2.01 AMS text

(/usr/share/texlive/texmf-dist/tex/latex/amsmath/amsgen.sty
File: amsgen.sty 1999/11/30 v2.0 generic functions
\@emptytoks=\toks20
\ex@=\dimen164
))
(/usr/share/texlive/texmf-dist/tex/latex/amsmath/amsbsy.sty
Package: amsbsy 1999/11/29 v1.2d Bold Symbols
\pmbraise@=\dimen165
)
(/usr/share/texlive/texmf-dist/tex/latex/amsmath/amsopn.sty
Package: amsopn 2022/04/08 v2.04 operator names
)
\inf@bad=\count284
LaTeX Info: Redefining \frac on input line 234.
\uproot@=\count285
\leftroot@=\count286
LaTeX Info: Redefining \overline on input line 399.
LaTeX Info: Redefining \colon on input line 410.
\classnum@=\count287
\DOTSCASE@=\count288
LaTeX Info: Redefining \ldots on input line 496.
LaTeX Info: Redefining \dots on input line 499.
LaTeX Info: Redefining \cdots on input line 620.
\Mathstrutbox@=\box56
\strutbox@=\box57
LaTeX Info: Redefining \big on input line 722.
LaTeX Info: Redefining \Big on input line 723.
LaTeX Info: Redefining \bigg on input line 724.
LaTeX Info: Redefining \Bigg on input line 725.
\big@size=\dimen166
LaTeX Font Info:    Redeclaring font encoding OML on input line 743.
LaTeX Font Info:    Redeclaring font encoding OMS on input line 744.
\macc@depth=\count289
LaTeX Info: Redefining \bmod on input line 905.
LaTeX Info: Redefining \pmod on input line 910.
LaTeX Info: Redefining \smash on input line 940.
LaTeX Info: Redefining \relbar on input line 970.
LaTeX Info: Redefining \Relbar on input line 971.
\c@MaxMatrixCols=\count290
\dotsspace@=\muskip16
\c@parentequation=\count291
\dspbrk@lvl=\count292
\tag@help=\toks21
\row@=\count293
\column@=\count294
\maxfields@=\count295
\andhelp@=\toks22
\eqnshift@=\dimen167
\alignsep@=\dimen168
\tagshift@=\dimen169
\tagwidth@=\dimen170
\totwidth@=\dimen171
\lineht@=\dimen172
\@envbody=\toks23
\multlinegap=\skip53
\multlinetaggap=\skip54
\mathdisplay@stack=\toks24
LaTeX Info: Redefining \[ on input line 2953.
LaTeX Info: Redefining \] on input line 2954.
)
(/usr/share/texlive/texmf-dist/tex/latex/amsfonts/amssymb.sty
Package: amssymb 2013/01/14 v3.01 AMS font symbols

(/usr/share/texlive/texmf-dist/tex/latex/amsfonts/amsfonts.sty
Package: amsfonts 2013/01/14 v3.01 Basic AMSFonts support
\symAMSa=\mathgroup4
\symAMSb=\mathgroup5
LaTeX Font Info:    Redeclaring math symbol \hbar on input line 98.
LaTeX Font Info:    Overwriting math alphabet `\mathfrak' in version `bold'
(Font)                  U/euf/m/n --> U/euf/b/n on input line 106.
))
(/usr/share/texlive/texmf-dist/tex/latex/hyperref/hyperref.sty
Package: hyperref 2024-01-20 v7.01h Hypertext links for LaTeX

(/usr/share/texlive/texmf-dist/tex/latex/kvsetkeys/kvsetkeys.sty
Package: kvsetkeys 2022-10-05 v1.19 Key value parser (HO)
)
(/usr/share/texlive/texmf-dist/tex/generic/kvdefinekeys/kvdefinekeys.sty
Package: kvdefinekeys 2019-12-19 v1.6 Define keys (HO)
)
(/usr/share/texlive/texmf-dist/tex/generic/pdfescape/pdfescape.sty
Package: pdfescape 2019/12/09 v1.15 Implements pdfTeX's escape features (HO)

(/usr/share/texlive/texmf-dist/tex/generic/ltxcmds/ltxcmds.sty
Package: ltxcmds 2023-12-04 v1.26 LaTeX kernel commands for general use (HO)
)
(/usr/share/texlive/texmf-dist/tex/generic/pdftexcmds/pdftexcmds.sty
Package: pdftexcmds 2020-06-27 v0.33 Utility functions of pdfTeX for LuaTeX (HO
)

(/usr/share/texlive/texmf-dist/tex/generic/infwarerr/infwarerr.sty
Package: infwarerr 2019/12/03 v1.5 Providing info/warning/error messages (HO)
)
Package pdftexcmds Info: \pdf@primitive is available.
Package pdftexcmds Info: \pdf@ifprimitive is available.
Package pdftexcmds Info: \pdfdraftmode not found.
))
(/usr/share/texlive/texmf-dist/tex/latex/hycolor/hycolor.sty
Package: hycolor 2020-01-27 v1.10 Color options for hyperref/bookmark (HO)
)
(/usr/share/texlive/texmf-dist/tex/latex/auxhook/auxhook.sty
Package: auxhook 2019-12-17 v1.6 Hooks for auxiliary files (HO)
)
(/usr/share/texlive/texmf-dist/tex/latex/hyperref/nameref.sty
Package: nameref 2023-11-26 v2.56 Cross-referencing by name of section

(/usr/share/texlive/texmf-dist/tex/latex/refcount/refcount.sty
Package: refcount 2019/12/15 v3.6 Data extraction from label references (HO)
)
(/usr/share/texlive/texmf-dist/tex/generic/gettitlestring/gettitlestring.sty
Package: gettitlestring 2019/12/15 v1.6 Cleanup title references (HO)

(/usr/share/texlive/texmf-dist/tex/latex/kvoptions/kvoptions.sty
Package: kvoptions 2022-06-15 v3.15 Key value format for package options (HO)
))
\c@section@level=\count296
)
(/usr/share/texlive/texmf-dist/tex/latex/etoolbox/etoolbox.sty
Package: etoolbox 2020/10/05 v2.5k e-TeX tools for LaTeX (JAW)
\etb@tempcnta=\count297
)
\@linkdim=\dimen173
\Hy@linkcounter=\count298
\Hy@pagecounter=\count299

(/usr/share/texlive/texmf-dist/tex/latex/hyperref/pd1enc.def
File: pd1enc.def 2024-01-20 v7.01h Hyperref: PDFDocEncoding definition (HO)
)
(/usr/share/texlive/texmf-dist/tex/generic/intcalc/intcalc.sty
Package: intcalc 2019/12/15 v1.3 Expandable calculations with integers (HO)
)
\Hy@SavedSpaceFactor=\count300

(/usr/share/texlive/texmf-dist/tex/latex/hyperref/puenc.def
File: puenc.def 2024-01-20 v7.01h Hyperref: PDF Unicode definition (HO)
)
Package hyperref Info: Option `breaklinks' set `true' on input line 4062.
Package hyperref Info: Option `bookmarks' set `false' on input line 4062.
Package hyperref Info: Hyper figures OFF on input line 4179.
Package hyperref Info: Link nesting OFF on input line 4184.
Package hyperref Info: Hyper index ON on input line 4187.
Package hyperref Info: Plain pages OFF on input line 4194.
Package hyperref Info: Backreferencing OFF on input line 4199.
Package hyperref Info: Implicit mode ON; LaTeX internals redefined.
Package hyperref Info: Bookmarks OFF on input line 4452.
\c@Hy@tempcnt=\count301

(/usr/share/texlive/texmf-dist/tex/latex/url/url.sty
\Urlmuskip=\muskip17
Package: url 2013/09/16  ver 3.4  Verb mode for urls, etc.
)
LaTeX Info: Redefining \url on input line 4784.
\XeTeXLinkMargin=\dimen174

(/usr/share/texlive/texmf-dist/tex/generic/bitset/bitset.sty
Package: bitset 2019/12/09 v1.3 Handle bit-vector datatype (HO)

(/usr/share/texlive/texmf-dist/tex/generic/bigintcalc/bigintcalc.sty
Package: bigintcalc 2019/12/15 v1.5 Expandable calculations on big integers (HO
)
))
\Fld@menulength=\count302
\Field@Width=\dimen175
\Fld@charsize=\dimen176
Package hyperref Info: Hyper figures OFF on input line 6063.
Package hyperref Info: Link nesting OFF on input line 6068.
Package hyperref Info: Hyper index ON on input line 6071.
Package hyperref Info: backreferencing OFF on input line 6078.
Package hyperref Info: Link coloring OFF on input line 6083.
Package hyperref Info: Link coloring with OCG OFF on input line 6088.
Package hyperref Info: PDF/A mode OFF on input line 6093.

(/usr/share/texlive/texmf-dist/tex/latex/base/atbegshi-ltx.sty
Package: atbegshi-ltx 2021/01/10 v1.0c Emulation of the original atbegshi
package with kernel methods
)
\Hy@abspage=\count303
\c@Item=\count304
\c@Hfootnote=\count305
)
Package hyperref Info: Driver (autodetected): hxetex.

(/usr/share/texlive/texmf-dist/tex/latex/hyperref/hxetex.def
File: hxetex.def 2024-01-20 v7.01h Hyperref driver for XeTeX

(/usr/share/texlive/texmf-dist/tex/generic/stringenc/stringenc.sty
Package: stringenc 2019/11/29 v1.12 Convert strings between diff. encodings (HO
)
)
\pdfm@box=\box58
\c@Hy@AnnotLevel=\count306
\HyField@AnnotCount=\count307
\Fld@listcount=\count308
\c@bookmark@seq@number=\count309

(/usr/share/texlive/texmf-dist/tex/latex/rerunfilecheck/rerunfilecheck.sty
Package: rerunfilecheck 2022-07-10 v1.10 Rerun checks for auxiliary files (HO)

(/usr/share/texlive/texmf-dist/tex/latex/base/atveryend-ltx.sty
Package: atveryend-ltx 2020/08/19 v1.0a Emulation of the original atveryend pac
kage
with kernel methods
)
(/usr/share/texlive/texmf-dist/tex/generic/uniquecounter/uniquecounter.sty
Package: uniquecounter 2019/12/15 v1.4 Provide unlimited unique counter (HO)
)
Package uniquecounter Info: New unique counter `rerunfilecheck' on input line 2
85.
)
\Hy@SectionHShift=\skip55
)
LaTeX Font Info:    Trying to load font information for TU+ptm on input line 89
.
LaTeX Font Info:    No file TUptm.fd. on input line 89.


LaTeX Font Warning: Font shape `TU/ptm/m/n' undefined
(Font)              using `TU/lmr/m/n' instead on input line 89.

(./laotranslated.aux

LaTeX Warning: Label `fig:onecol' multiply defined.


LaTeX Warning: Label `fig:onecol' multiply defined.


LaTeX Warning: Label `fig:onecol' multiply defined.


LaTeX Warning: Label `fig:onecol' multiply defined.


LaTeX Warning: Label `fig:onecol' multiply defined.


LaTeX Warning: Label `fig:onecol' multiply defined.


LaTeX Warning: Label `fig:onecol' multiply defined.


LaTeX Warning: Label `fig:onecol' multiply defined.


LaTeX Warning: Label `fig:onecol' multiply defined.

)
\openout1 = `laotranslated.aux'.

LaTeX Font Info:    Checking defaults for OML/cmm/m/it on input line 89.
LaTeX Font Info:    ... okay on input line 89.
LaTeX Font Info:    Checking defaults for OMS/cmsy/m/n on input line 89.
LaTeX Font Info:    ... okay on input line 89.
LaTeX Font Info:    Checking defaults for OT1/cmr/m/n on input line 89.
LaTeX Font Info:    ... okay on input line 89.
LaTeX Font Info:    Checking defaults for T1/cmr/m/n on input line 89.
LaTeX Font Info:    ... okay on input line 89.
LaTeX Font Info:    Checking defaults for TS1/cmr/m/n on input line 89.
LaTeX Font Info:    Trying to load font information for TS1+cmr on input line 8
9.
 (/usr/share/texlive/texmf-dist/tex/latex/base/ts1cmr.fd
File: ts1cmr.fd 2023/04/13 v2.5m Standard LaTeX font definitions
)
LaTeX Font Info:    ... okay on input line 89.
LaTeX Font Info:    Checking defaults for TU/lmr/m/n on input line 89.
LaTeX Font Info:    ... okay on input line 89.
LaTeX Font Info:    Checking defaults for OMX/cmex/m/n on input line 89.
LaTeX Font Info:    ... okay on input line 89.
LaTeX Font Info:    Checking defaults for U/cmr/m/n on input line 89.
LaTeX Font Info:    ... okay on input line 89.
LaTeX Font Info:    Checking defaults for PD1/pdf/m/n on input line 89.
LaTeX Font Info:    ... okay on input line 89.
LaTeX Font Info:    Checking defaults for PU/pdf/m/n on input line 89.
LaTeX Font Info:    ... okay on input line 89.

Package fontspec Info: Adjusting the maths setup (use [no-math] to avoid
(fontspec)             this).

\symlegacymaths=\mathgroup6
LaTeX Font Info:    Overwriting symbol font `legacymaths' in version `bold'
(Font)                  OT1/cmr/m/n --> OT1/cmr/bx/n on input line 89.
LaTeX Font Info:    Redeclaring math accent \acute on input line 89.
LaTeX Font Info:    Redeclaring math accent \grave on input line 89.
LaTeX Font Info:    Redeclaring math accent \ddot on input line 89.
LaTeX Font Info:    Redeclaring math accent \tilde on input line 89.
LaTeX Font Info:    Redeclaring math accent \bar on input line 89.
LaTeX Font Info:    Redeclaring math accent \breve on input line 89.
LaTeX Font Info:    Redeclaring math accent \check on input line 89.
LaTeX Font Info:    Redeclaring math accent \hat on input line 89.
LaTeX Font Info:    Redeclaring math accent \dot on input line 89.
LaTeX Font Info:    Redeclaring math accent \mathring on input line 89.
LaTeX Font Info:    Redeclaring math symbol \Gamma on input line 89.
LaTeX Font Info:    Redeclaring math symbol \Delta on input line 89.
LaTeX Font Info:    Redeclaring math symbol \Theta on input line 89.
LaTeX Font Info:    Redeclaring math symbol \Lambda on input line 89.
LaTeX Font Info:    Redeclaring math symbol \Xi on input line 89.
LaTeX Font Info:    Redeclaring math symbol \Pi on input line 89.
LaTeX Font Info:    Redeclaring math symbol \Sigma on input line 89.
LaTeX Font Info:    Redeclaring math symbol \Upsilon on input line 89.
LaTeX Font Info:    Redeclaring math symbol \Phi on input line 89.
LaTeX Font Info:    Redeclaring math symbol \Psi on input line 89.
LaTeX Font Info:    Redeclaring math symbol \Omega on input line 89.
LaTeX Font Info:    Redeclaring math symbol \mathdollar on input line 89.
LaTeX Font Info:    Redeclaring symbol font `operators' on input line 89.
LaTeX Font Info:    Encoding `OT1' has changed to `TU' for symbol font
(Font)              `operators' in the math version `normal' on input line 89.
LaTeX Font Info:    Overwriting symbol font `operators' in version `normal'
(Font)                  OT1/cmr/m/n --> TU/ptm/m/n on input line 89.
LaTeX Font Info:    Encoding `OT1' has changed to `TU' for symbol font
(Font)              `operators' in the math version `bold' on input line 89.
LaTeX Font Info:    Overwriting symbol font `operators' in version `bold'
(Font)                  OT1/cmr/bx/n --> TU/ptm/m/n on input line 89.
LaTeX Font Info:    Overwriting symbol font `operators' in version `normal'
(Font)                  TU/ptm/m/n --> TU/ptm/m/n on input line 89.
LaTeX Font Info:    Overwriting math alphabet `\mathit' in version `normal'
(Font)                  OT1/cmr/m/it --> TU/ptm/m/it on input line 89.
LaTeX Font Info:    Overwriting math alphabet `\mathbf' in version `normal'
(Font)                  OT1/cmr/bx/n --> TU/ptm/b/n on input line 89.
LaTeX Font Info:    Overwriting math alphabet `\mathsf' in version `normal'
(Font)                  OT1/cmss/m/n --> TU/phv/m/n on input line 89.
LaTeX Font Info:    Overwriting math alphabet `\mathtt' in version `normal'
(Font)                  OT1/cmtt/m/n --> TU/pcr/m/n on input line 89.
LaTeX Font Info:    Overwriting symbol font `operators' in version `bold'
(Font)                  TU/ptm/m/n --> TU/ptm/b/n on input line 89.
LaTeX Font Info:    Overwriting math alphabet `\mathit' in version `bold'
(Font)                  OT1/cmr/bx/it --> TU/ptm/b/it on input line 89.
LaTeX Font Info:    Overwriting math alphabet `\mathsf' in version `bold'
(Font)                  OT1/cmss/bx/n --> TU/phv/b/n on input line 89.
LaTeX Font Info:    Overwriting math alphabet `\mathtt' in version `bold'
(Font)                  OT1/cmtt/m/n --> TU/pcr/b/n on input line 89.

ABD: EveryShipout initializing macros
(/usr/share/texlive/texmf-dist/tex/latex/graphics/color.sty
Package: color 2022/01/06 v1.3d Standard LaTeX Color (DPC)

(/usr/share/texlive/texmf-dist/tex/latex/graphics-cfg/color.cfg
File: color.cfg 2016/01/02 v1.6 sample color configuration
)
Package color Info: Driver file: xetex.def on input line 149.

(/usr/share/texlive/texmf-dist/tex/latex/graphics/mathcolor.ltx))
Package hyperref Info: Link coloring OFF on input line 89.


LaTeX Font Warning: Font shape `TU/ptm/b/n' undefined
(Font)              using `TU/ptm/m/n' instead on input line 102.

LaTeX Font Info:    Trying to load font information for U+msa on input line 102
.
(/usr/share/texlive/texmf-dist/tex/latex/amsfonts/umsa.fd
File: umsa.fd 2013/01/14 v3.01 AMS symbols A
)
LaTeX Font Info:    Trying to load font information for U+msb on input line 102
.

(/usr/share/texlive/texmf-dist/tex/latex/amsfonts/umsb.fd
File: umsb.fd 2013/01/14 v3.01 AMS symbols B
)
LaTeX Font Info:    Trying to load font information for TU+pcr on input line 10
2.
LaTeX Font Info:    No file TUpcr.fd. on input line 102.


LaTeX Font Warning: Font shape `TU/pcr/m/n' undefined
(Font)              using `TU/lmr/m/n' instead on input line 102.


LaTeX Font Warning: Font shape `TU/ptm/m/it' undefined
(Font)              using `TU/ptm/m/n' instead on input line 103.


LaTeX Font Warning: Font shape `TU/NotoSerifLao(0)/m/it' undefined
(Font)              using `TU/NotoSerifLao(0)/m/n' instead on input line 104.


LaTeX Warning: Citation `92' on page 1 undefined on input line 105.


LaTeX Warning: Citation `93' on page 1 undefined on input line 106.


LaTeX Warning: Citation `94' on page 1 undefined on input line 107.


Underfull \hbox (badness 4531) in paragraph at lines 104--108
\TU/NotoSerifLao(0)/m/it/10 ທີ່ ຮູ້ຈັກ ກັນ ໃນນາມ \TU/LatinModernRoman(0)/m/it/1
0 ”The Ethical Skeptic” [[]] \TU/NotoSerifLao(0)/m/it/10 ໄດ້
 []


Underfull \hbox (badness 1057) in paragraph at lines 104--108
\TU/LatinModernRoman(0)/m/it/10 Dzhanibekov \TU/NotoSerifLao(0)/m/it/10 ຂອງ ການ
ແຍກ ຕົວ ຂອງ ແກນ ໂລກ ແລະ ເປືອກ
 []


Underfull \hbox (badness 1314) in paragraph at lines 104--108
\TU/NotoSerifLao(0)/m/it/10 ໂລກ ທີ່ ປ່ອຍ ຄວາມຮ້ອນ ອອກມາ \TU/LatinModernRoman(0)
/m/it/10 (ECDO) [[]]. \TU/NotoSerifLao(0)/m/it/10 ທິດສະດີ
 []


Underfull \hbox (badness 1939) in paragraph at lines 104--108
\TU/NotoSerifLao(0)/m/it/10 ແລ້ວ\TU/LatinModernRoman(0)/m/it/10 , \TU/NotoSerif
Lao(0)/m/it/10 ການປ່ຽນແປງ ທີ່ ຮ້າຍແຮງ ຂອງ ແກນ ໝູນວຽນ ຂອງ ມັນ\TU/LatinModernRoma
n(0)/m/it/10 ,
 []


LaTeX Warning: Citation `95' on page 1 undefined on input line 112.


Underfull \hbox (badness 1237) in paragraph at lines 119--119
[] \TU/LatinModernRoman(0)/b/n/12 . Freemasonry \TU/NotoSerifLao(0)/b/n/12 ແລະ 
\TU/LatinModernRoman(0)/b/n/12 "\TU/NotoSerifLao(0)/b/n/12 ພາລະກິດ \TU/LatinMod
ernRoman(0)/b/n/12 Anglo-
 []


LaTeX Warning: Citation `96' on page 1 undefined on input line 122.

File: freemason.jpg Graphic file (type bmp)
<freemason.jpg>
File: british.jpg Graphic file (type bmp)
<british.jpg>

LaTeX Warning: Citation `97' on page 1 undefined on input line 142.


LaTeX Warning: Citation `98' on page 1 undefined on input line 143.

[1


]

LaTeX Warning: Citation `99' on page 2 undefined on input line 149.


LaTeX Warning: Citation `100' on page 2 undefined on input line 154.


Underfull \hbox (badness 1117) in paragraph at lines 153--155
[]\TU/NotoSerifLao(0)/m/it/10 ແຕ່ ສິ່ງ ທີ່ ສຳຄັນ ທີ່ສຸດ ແມ່ນ ສິ່ງ ທີ່ ຄາວ ວ່າ ຈ
ະ ເກີດຂຶ້ນ ຫຼັງຈາກ
 []

Missing character: There is no ​ (U+200B) in font Latin Modern Roman 10 Italic/
OT:script=latn;language=dflt;!
Missing character: There is no ​ (U+200B) in font Latin Modern Roman 10 Italic/
OT:script=latn;language=dflt;!
Missing character: There is no ​ (U+200B) in font Latin Modern Roman 10 Italic/
OT:script=latn;language=dflt;!
Missing character: There is no ​ (U+200B) in font Latin Modern Roman 10 Italic/
OT:script=latn;language=dflt;!
Missing character: There is no ​ (U+200B) in font Latin Modern Roman 10 Italic/
OT:script=latn;language=dflt;!
Missing character: There is no ​ (U+200B) in font Latin Modern Roman 10 Italic/
OT:script=latn;language=dflt;!
Missing character: There is no ​ (U+200B) in font Latin Modern Roman 10 Italic/
OT:script=latn;language=dflt;!
Missing character: There is no ​ (U+200B) in font Latin Modern Roman 10 Italic/
OT:script=latn;language=dflt;!
Missing character: There is no ​ (U+200B) in font Latin Modern Roman 10 Italic/
OT:script=latn;language=dflt;!
Missing character: There is no ​ (U+200B) in font Latin Modern Roman 10 Italic/
OT:script=latn;language=dflt;!
Missing character: There is no ​ (U+200B) in font Latin Modern Roman 10 Italic/
OT:script=latn;language=dflt;!
Missing character: There is no ​ (U+200B) in font Latin Modern Roman 10 Italic/
OT:script=latn;language=dflt;!
Missing character: There is no ​ (U+200B) in font Latin Modern Roman 10 Italic/
OT:script=latn;language=dflt;!
Missing character: There is no ​ (U+200B) in font Latin Modern Roman 10 Italic/
OT:script=latn;language=dflt;!

LaTeX Warning: Citation `101' on page 2 undefined on input line 157.


LaTeX Warning: Citation `102' on page 2 undefined on input line 158.


LaTeX Warning: Citation `103' on page 2 undefined on input line 159.


LaTeX Warning: Citation `104' on page 2 undefined on input line 160.


LaTeX Warning: Citation `105' on page 2 undefined on input line 161.


Underfull \hbox (badness 2538) in paragraph at lines 156--162
[]\TU/NotoSerifLao(0)/m/it/10 ເຫດ ຜົນ ສໍາ ລັບ ການວາງ ແຜນ ລັບ ໆ ທັງໝົດ ນີ້\TU/La
tinModernRoman(0)/m/n/10 , \TU/NotoSerifLao(0)/m/it/10 ແນ່ນອນ\TU/LatinModernRom
an(0)/m/n/10 ,
 []


Underfull \hbox (badness 7851) in paragraph at lines 156--162
\TU/NotoSerifLao(0)/m/it/10 ແມ່ນ ອຳນາດ\TU/LatinModernRoman(0)/m/n/10 . \TU/Noto
SerifLao(0)/m/it/10 ຜູ້ ຢູ່ ວົງໃນ ໄດ້ ອະທິບາຍ ວ່າ\TU/LatinModernRoman(0)/m/n/10
 , \TU/LatinModernRoman(0)/m/it/10 "\TU/NotoSerifLao(0)/m/it/10 ໃນ ເວລາ
 []


Underfull \hbox (badness 10000) in paragraph at lines 156--162
\TU/NotoSerifLao(0)/m/it/10 ນັ້ນ\TU/LatinModernRoman(0)/m/it/10 , \TU/NotoSerif
Lao(0)/m/it/10 ພວກ\TU/LatinModernRoman(0)/m/it/10 ​\TU/NotoSerifLao(0)/m/it/10 
ເຮົາ\TU/LatinModernRoman(0)/m/it/10 ​\TU/NotoSerifLao(0)/m/it/10 ທຸກ\TU/LatinMo
dernRoman(0)/m/it/10 ​\TU/NotoSerifLao(0)/m/it/10 ຄົນ\TU/LatinModernRoman(0)/m/
it/10 ​\TU/NotoSerifLao(0)/m/it/10 ຈະ\TU/LatinModernRoman(0)/m/it/10 ​\TU/NotoS
erifLao(0)/m/it/10 ໄດ້\TU/LatinModernRoman(0)/m/it/10 ​\TU/NotoSerifLao(0)/m/it
/10 ຜ່ານ\TU/LatinModernRoman(0)/m/it/10 ​\TU/NotoSerifLao(0)/m/it/10 ພົ້ນ\TU/La
tinModernRoman(0)/m/it/10 ​\TU/NotoSerifLao(0)/m/it/10 ສົງ\TU/LatinModernRoman(
0)/m/it/10 ​\TU/NotoSerifLao(0)/m/it/10 ຄາມ\TU/LatinModernRoman(0)/m/it/10 ​\TU
/NotoSerifLao(0)/m/it/10 ນິວ\TU/LatinModernRoman(0)/m/it/10 ​\TU/NotoSerifLao(0
)/m/it/10 ເຄລຍ ແລະ
 []


Underfull \vbox (badness 10000) has occurred while \output is active []

 [2]

LaTeX Warning: Citation `106' on page 3 undefined on input line 164.


LaTeX Warning: Citation `107' on page 3 undefined on input line 165.


LaTeX Warning: Citation `109' on page 3 undefined on input line 171.


LaTeX Warning: Citation `110' on page 3 undefined on input line 172.


Underfull \hbox (badness 1163) in paragraph at lines 170--173
\TU/NotoSerifLao(0)/m/it/10 ປົກປ້ອງ ຕົນເອງ ຈາກ ເຫດການ ດັ່ງກ່າວ\TU/LatinModernRo
man(0)/m/n/10 . \TU/NotoSerifLao(0)/m/it/10 ແລະ ແທ້ຈິງ ແລ້ວ\TU/LatinModernRoman
(0)/m/n/10 , \TU/NotoSerifLao(0)/m/it/10 ມີ
 []


Underfull \hbox (badness 2277) in paragraph at lines 170--173
\TU/NotoSerifLao(0)/m/it/10 ພວກ ມັນ ຍັງ ຈະ ເປັນ ບ່ອນ ປ້ອງກັນ ຈາກ ໄພ ພິ ບັດ ທໍາ 
ມະ ຊາດ
 []


Underfull \hbox (badness 1521) in paragraph at lines 170--173
\TU/NotoSerifLao(0)/m/it/10 ຫຼາຍ ຮູບແບບ ອີກ ດ້ວຍ\TU/LatinModernRoman(0)/m/n/10 
. \TU/NotoSerifLao(0)/m/it/10 ອີງ ຕາມ ຄຳ ໃຫ້ການ ຂອງ \TU/LatinModernRoman(0)/m/n
/10 Freema-
 []


Underfull \hbox (badness 2368) in paragraph at lines 170--173
\TU/LatinModernRoman(0)/m/n/10 son \TU/NotoSerifLao(0)/m/it/10 ອາວຸໂສ ຊາວ ອັງກິ
ດ ຈາກ ໂຄງການ \TU/LatinModernRoman(0)/m/n/10 Camelot [[], []],
 []


Underfull \vbox (badness 1454) has occurred while \output is active []

 [3]

LaTeX Warning: Citation `111' on page 4 undefined on input line 176.


LaTeX Warning: Citation `112' on page 4 undefined on input line 177.


LaTeX Warning: Citation `113' on page 4 undefined on input line 178.


LaTeX Warning: Citation `114' on page 4 undefined on input line 179.

File: penta.jpg Graphic file (type bmp)
<penta.jpg>

LaTeX Warning: Citation `115' on page 4 undefined on input line 185.


LaTeX Warning: Citation `115' on page 4 undefined on input line 185.


Underfull \hbox (badness 2478) in paragraph at lines 176--189
\TU/NotoSerifLao(0)/m/it/10 ຫົວ ກ່ຽວກັບ ຖານ ທັບ ໃຕ້ດິນ ເລິກ \TU/LatinModernRoma
n(0)/m/n/10 [[]]. [[]] \TU/NotoSerifLao(0)/m/it/10 ຜົນງານ ຂອງ
 []

File: basescrop.png Graphic file (type bmp)
<basescrop.png>

LaTeX Warning: Citation `116' on page 4 undefined on input line 197.


LaTeX Warning: Citation `116' on page 4 undefined on input line 197.


LaTeX Warning: Citation `117' on page 4 undefined on input line 205.


LaTeX Warning: Citation `118' on page 4 undefined on input line 206.


LaTeX Warning: Citation `119' on page 4 undefined on input line 208.

File: undersea.jpg Graphic file (type bmp)
<undersea.jpg>

LaTeX Warning: Citation `120' on page 4 undefined on input line 218.


LaTeX Warning: Citation `120' on page 4 undefined on input line 218.


LaTeX Warning: Citation `121' on page 4 undefined on input line 224.


LaTeX Warning: Citation `122' on page 4 undefined on input line 224.

File: sub.jpg Graphic file (type bmp)
<sub.jpg>
[4]
File: iran.jpeg Graphic file (type bmp)
<iran.jpeg>

Underfull \hbox (badness 1231) in paragraph at lines 241--241
[]\TU/NotoSerifLao(0)/m/it/9 ຮູບພາບ \TU/LatinModernRoman(0)/m/n/9 7. []\TU/Noto
SerifLao(0)/m/it/9 ວິ ດີ ໂອ ຈາກ ທາງ ການ ອີຣ່ານ ທີ່ ສະແດງ ໃຫ້ ເຫັນ \TU/LatinMode
rnRoman(0)/m/n/9 "\TU/NotoSerifLao(0)/m/it/9 ເມືອງ
 []


LaTeX Warning: Citation `123' on page 5 undefined on input line 246.


LaTeX Warning: Citation `124' on page 5 undefined on input line 248.


LaTeX Warning: Citation `125' on page 5 undefined on input line 249.


LaTeX Warning: Citation `126' on page 5 undefined on input line 250.


Underfull \vbox (badness 1406) has occurred while \output is active []


Underfull \vbox (badness 5050) has occurred while \output is active []

 [5]
File: tyrol.jpg Graphic file (type bmp)
<tyrol.jpg>


LaTeX Warning: Citation `128' on page 6 undefined on input line 259.


LaTeX Warning: Citation `128' on page 6 undefined on input line 259.


Underfull \hbox (badness 1817) in paragraph at lines 259--259
[]\TU/NotoSerifLao(0)/m/it/9 ຮູບພາບ \TU/LatinModernRoman(0)/m/n/9 8. []\TU/Noto
SerifLao(0)/m/it/9 ທີ່ ຫຼົບ ໄພ ໃຕ້ດິນ ໃນ \TU/LatinModernRoman(0)/m/n/9 South Ty
rol, Switzerland.
 []

File: svalbard.jpg Graphic file (type bmp)
<svalbard.jpg>

LaTeX Warning: Citation `129' on page 6 undefined on input line 270.


LaTeX Warning: Citation `129' on page 6 undefined on input line 270.


LaTeX Warning: Citation `130' on page 6 undefined on input line 275.


LaTeX Warning: Citation `131' on page 6 undefined on input line 280.


LaTeX Warning: Citation `132' on page 6 undefined on input line 281.


LaTeX Warning: Citation `133' on page 6 undefined on input line 282.


LaTeX Warning: Citation `134' on page 6 undefined on input line 283.


LaTeX Warning: Citation `135' on page 6 undefined on input line 284.


LaTeX Warning: Citation `136' on page 6 undefined on input line 285.


LaTeX Warning: Citation `137' on page 6 undefined on input line 289.


LaTeX Warning: Citation `138' on page 6 undefined on input line 290.


LaTeX Warning: Citation `139' on page 6 undefined on input line 291.

File: govcrop2.png Graphic file (type bmp)
<govcrop2.png>

Underfull \hbox (badness 4479) in paragraph at lines 301--301
[] \TU/LatinModernRoman(0)/b/n/12 . \TU/NotoSerifLao(0)/b/n/12 ກົນໄກ ການສະໜອງ ທ
ຶນ ແບບ ປະຊາທິປະໄຕ
 []


LaTeX Warning: Citation `140' on page 6 undefined on input line 303.


LaTeX Warning: Citation `141' on page 6 undefined on input line 304.


LaTeX Warning: Citation `142' on page 6 undefined on input line 305.


LaTeX Warning: Citation `143' on page 6 undefined on input line 307.


LaTeX Warning: Citation `144' on page 6 undefined on input line 307.


LaTeX Warning: Citation `145' on page 6 undefined on input line 307.


LaTeX Warning: Citation `146' on page 6 undefined on input line 308.


LaTeX Warning: Citation `147' on page 6 undefined on input line 309.


Underfull \hbox (badness 1616) in paragraph at lines 303--311
\TU/LatinModernRoman(0)/m/n/10 Skidmore, \TU/NotoSerifLao(0)/m/it/10 ນັກ ເສດຖະສ
າດ ຈາກ ມະຫາວິທະຍາໄລ \TU/LatinModernRoman(0)/m/n/10 Michigan
 []


Underfull \hbox (badness 1622) in paragraph at lines 303--311
\TU/NotoSerifLao(0)/m/it/10 ໃນ ຊ່ວງ ປີ ປະມານ \TU/LatinModernRoman(0)/m/n/10 199
8-2015 [[], [], []]. [[]] \TU/NotoSerifLao(0)/m/it/10 ຕາມ
 []


Underfull \hbox (badness 1009) in paragraph at lines 303--311
\TU/NotoSerifLao(0)/m/it/10 ລາຍ ຮັບ ຂອງ ລັດຖະບານ ສະຫະລັດ ທີ່ ຖືກ ເປີດເຜີຍ ຕໍ່ ສ
າທາລະນະ
 []


Underfull \vbox (badness 1314) has occurred while \output is active []

 [6]
Underfull \vbox (badness 10000) has occurred while \output is active []


Underfull \vbox (badness 10000) has occurred while \output is active []

 [7]

LaTeX Warning: Citation `148' on page 8 undefined on input line 312.


LaTeX Warning: Citation `149' on page 8 undefined on input line 313.


Underfull \hbox (badness 2753) in paragraph at lines 312--314
[]\TU/NotoSerifLao(0)/m/it/10 ໃນ ປີ \TU/LatinModernRoman(0)/m/n/10 2021, Mark S
kidmore \TU/NotoSerifLao(0)/m/it/10 ໄດ້ ເຜີຍແຜ່ ບົດ ສະຫຼຸບ
 []


Underfull \hbox (badness 3590) in paragraph at lines 312--314
\TU/NotoSerifLao(0)/m/it/10 ທີ່ ວ່າ ໃນ ຊ່ວງ ປີ ປະມານ \TU/LatinModernRoman(0)/m/
n/10 2017-19, Pentagon \TU/NotoSerifLao(0)/m/it/10 ໄດ້ ບັນທຶກ
 []


Underfull \hbox (badness 1137) in paragraph at lines 312--314
\TU/NotoSerifLao(0)/m/it/10 ການປັບປຸງ ບັນຊີ ເປັນ ຈຳນວນ ເງິນ \TU/LatinModernRoma
n(0)/m/n/10 94.7 \TU/NotoSerifLao(0)/m/it/10 ພັນ ຕື້ ໂດລາ ສະຫະລັດ
 []


Underfull \hbox (badness 1895) in paragraph at lines 312--314
\TU/NotoSerifLao(0)/m/it/10 ຢ່າງ ໜ້າຕົກໃຈ \TU/LatinModernRoman(0)/m/n/10 [[], [
]]. [[]] \TU/NotoSerifLao(0)/m/it/10 ຖ້າ ພວກ ເຮົາ ຄໍານຶງເຖິງ ການ
 []


Underfull \hbox (badness 1147) in paragraph at lines 312--314
\TU/NotoSerifLao(0)/m/it/10 ກາງ ສະຫະລັດ \TU/LatinModernRoman(0)/m/n/10 (Federal
 Reserve) \TU/NotoSerifLao(0)/m/it/10 ໃນ ປີ \TU/LatinModernRoman(0)/m/n/10 1913
 \TU/NotoSerifLao(0)/m/it/10 ເປັນຕົ້ນມາ
 []


LaTeX Warning: Citation `150' on page 8 undefined on input line 316.


LaTeX Warning: Citation `151' on page 8 undefined on input line 317.


LaTeX Warning: Citation `152' on page 8 undefined on input line 318.


LaTeX Warning: Citation `153' on page 8 undefined on input line 319.


LaTeX Warning: Citation `154' on page 8 undefined on input line 320.


LaTeX Warning: Citation `155' on page 8 undefined on input line 321.


LaTeX Warning: Citation `156' on page 8 undefined on input line 322.


LaTeX Warning: Citation `157' on page 8 undefined on input line 327.


LaTeX Warning: Citation `158' on page 8 undefined on input line 328.


LaTeX Warning: Citation `159' on page 8 undefined on input line 329.


LaTeX Warning: Citation `160' on page 8 undefined on input line 333.


LaTeX Warning: Citation `161' on page 8 undefined on input line 334.

File: illuminati.jpg Graphic file (type bmp)
<illuminati.jpg>

LaTeX Warning: Citation `162' on page 8 undefined on input line 341.


LaTeX Warning: Citation `162' on page 8 undefined on input line 341.

File: pike.jpg Graphic file (type bmp)
<pike.jpg>

LaTeX Warning: Citation `163' on page 8 undefined on input line 352.


LaTeX Warning: Citation `163' on page 8 undefined on input line 352.


LaTeX Warning: Citation `164' on page 8 undefined on input line 357.


LaTeX Warning: Citation `165' on page 8 undefined on input line 358.

[8]

LaTeX Warning: Citation `166' on page 9 undefined on input line 360.


LaTeX Warning: Citation `167' on page 9 undefined on input line 361.


LaTeX Warning: Citation `168' on page 9 undefined on input line 362.


Underfull \hbox (badness 2635) in paragraph at lines 360--363
\TU/NotoSerifLao(0)/m/it/10 ແມ່ນ ຖືກ ດໍາ ເນີນ ເພື່ອ ຈຸດປະສົງ ໃນ ການຮັບປະກັນ ການ
ຄວບຄຸມ
 []


Underfull \vbox (badness 6792) has occurred while \output is active []



LaTeX Warning: Citation `169' on page 9 undefined on input line 365.


LaTeX Warning: Citation `170' on page 9 undefined on input line 366.


LaTeX Warning: Citation `171' on page 9 undefined on input line 367.


LaTeX Warning: Citation `172' on page 9 undefined on input line 368.


LaTeX Warning: Citation `173' on page 9 undefined on input line 369.


LaTeX Warning: Citation `174' on page 9 undefined on input line 370.

File: npw.jpg Graphic file (type bmp)
<npw.jpg>

LaTeX Warning: Citation `175' on page 9 undefined on input line 377.


LaTeX Warning: Citation `175' on page 9 undefined on input line 377.


Underfull \hbox (badness 1292) in paragraph at lines 365--381
[]\TU/NotoSerifLao(0)/m/it/10 ໃນ ເອກະສານ ສະບັບ ນີ້\TU/LatinModernRoman(0)/m/n/1
0 , \TU/NotoSerifLao(0)/m/it/10 ຂ້າພະເຈົ້າ ໄດ້ ລົງ ລາຍ ລະອຽດ ບັນດາ
 []


Underfull \hbox (badness 1810) in paragraph at lines 365--381
\TU/NotoSerifLao(0)/m/it/10 ຂໍ້ຄິດ ກ່ຽວກັບ ວິທີການ ສະໜອງ ທຶນ ໃນ ອາເມຣິກາ\TU/Lat
inModernRoman(0)/m/n/10 , \TU/NotoSerifLao(0)/m/it/10 ພ້ອມທັງ ໄດ້
 []


Underfull \hbox (badness 1184) in paragraph at lines 365--381
\TU/NotoSerifLao(0)/m/it/10 ຮູ້ ເພີ່ມເຕີມ\TU/LatinModernRoman(0)/m/n/10 , \TU/N
otoSerifLao(0)/m/it/10 ຍັງມີ ຂໍ້ມູນ ເພີ່ມເຕີມ ອີກ ຫຼວງຫຼາຍ ທີ່ ຂ້າພະເຈົ້າ ບໍ່ໄດ
້
 []


Underfull \hbox (badness 1527) in paragraph at lines 365--381
\TU/NotoSerifLao(0)/m/it/10 ກ່າວເຖິງ ເຊິ່ງ ສາມາດ ຄົ້ນພົບ ໄດ້ ໂດຍ ການສຶກສາ ຈາກ ເ
ອກະສານ
 []


Underfull \hbox (badness 1789) in paragraph at lines 365--381
\TU/NotoSerifLao(0)/m/it/10 ຂົ້ວ ແມ່ເຫຼັກ ເໜືອ ເທົ່ານັ້ນ \TU/LatinModernRoman(0
)/m/n/10 (Figure []13[]) \TU/NotoSerifLao(0)/m/it/10 ແລະ ການ ເພິ່ ມ ຂື້ນ
 []


Underfull \hbox (badness 1603) in paragraph at lines 365--381
\TU/NotoSerifLao(0)/m/it/10 ອັດລັງຕິກ ໃຕ້\TU/LatinModernRoman(0)/m/n/10 , \TU/N
otoSerifLao(0)/m/it/10 ແຕ່ ຍັງ ສາມາດ ວັດແທກ ໄດ້ ຈາກ ການອ່ອນແອ ລົງ
 []


LaTeX Warning: Citation `176' on page 9 undefined on input line 386.

Missing character: There is no ​ (U+200B) in font Latin Modern Roman 10 Italic/
OT:script=latn;language=dflt;!
Missing character: There is no ​ (U+200B) in font Latin Modern Roman 10 Italic/
OT:script=latn;language=dflt;!
Missing character: There is no ​ (U+200B) in font Latin Modern Roman 10 Italic/
OT:script=latn;language=dflt;!
Missing character: There is no ​ (U+200B) in font Latin Modern Roman 10 Italic/
OT:script=latn;language=dflt;!
Missing character: There is no ​ (U+200B) in font Latin Modern Roman 10 Italic/
OT:script=latn;language=dflt;!
Missing character: There is no ​ (U+200B) in font Latin Modern Roman 10 Italic/
OT:script=latn;language=dflt;!
Missing character: There is no ​ (U+200B) in font Latin Modern Roman 10 Italic/
OT:script=latn;language=dflt;!
Missing character: There is no ​ (U+200B) in font Latin Modern Roman 10 Italic/
OT:script=latn;language=dflt;!
Missing character: There is no ​ (U+200B) in font Latin Modern Roman 10 Italic/
OT:script=latn;language=dflt;!
Missing character: There is no ​ (U+200B) in font Latin Modern Roman 10 Italic/
OT:script=latn;language=dflt;!
Missing character: There is no ​ (U+200B) in font Latin Modern Roman 10 Italic/
OT:script=latn;language=dflt;!
Missing character: There is no ​ (U+200B) in font Latin Modern Roman 10 Italic/
OT:script=latn;language=dflt;!

LaTeX Warning: Citation `177' on page 9 undefined on input line 386.


LaTeX Warning: Citation `178' on page 9 undefined on input line 386.


LaTeX Warning: Citation `179' on page 9 undefined on input line 386.


LaTeX Warning: Citation `180' on page 9 undefined on input line 386.


Underfull \hbox (badness 2529) in paragraph at lines 382--387
[]\TU/NotoSerifLao(0)/m/it/10 ສະຫຼຸບ ທ້າຍ ນີ້\TU/LatinModernRoman(0)/m/n/10 , \
TU/NotoSerifLao(0)/m/it/10 ຂ້າພະເຈົ້າ ຂໍ ຝາກ ຄຳເວົ້າ ຂອງ \TU/LatinModernRoman(0
)/m/n/10 Amallulla
 []


Underfull \hbox (badness 1117) in paragraph at lines 382--387
\TU/NotoSerifLao(0)/m/it/10 ແບ່ງປັນ ກັບ \TU/LatinModernRoman(0)/m/it/10 [[]] \T
U/NotoSerifLao(0)/m/it/10 ທ່ານ ຢູ່ ໃນ ເວັບ ໄຊທ໌ ນີ້ແມ່ນ ຄວາມຈິງ\TU/LatinModernR
oman(0)/m/it/10 . \TU/NotoSerifLao(0)/m/it/10 ມັນ
 []


Underfull \hbox (badness 1694) in paragraph at lines 382--387
\TU/NotoSerifLao(0)/m/it/10 ໃຊ້ ເວລາ ຂ້າພະເຈົ້າ ຫຼາຍກວ່າ ເຄິ່ງ ທົດສະວັດ ເພື່ອ ທ
ີ່ ຈະ ຮັບຮູ້ ວ່າ
 []


Underfull \hbox (badness 1184) in paragraph at lines 382--387
\TU/NotoSerifLao(0)/m/it/10 ວ່ອງໄວ ເປັນ ຄໍາ ຂ ວັນ ສໍາ ລັບ \TU/LatinModernRoman(
0)/m/it/10 An Apocalyptic Synthesis.
 []

[9] [10] (./laotranslated.bbl
Underfull \hbox (badness 10000) in paragraph at lines 26--31
[][][] [] [][][][] [] [][] [] [][][][] [] [][][][][][][][][][][][][][][][][][][
][] [] [][][]$[]\TU/LatinModernRoman(0)/m/n/9 , July
 []


Underfull \hbox (badness 10000) in paragraph at lines 53--58
[]$[][][][][] [] [] [] [][][] [] [][][][][][][] [] [][][] [] [][][] [] [][][][]
[][][][][][][][][][][] []
 []


Underfull \hbox (badness 4303) in paragraph at lines 77--80
[]\TU/LatinModernRoman(0)/m/n/9 National Centers for Environmental Information
 []


Underfull \hbox (badness 7631) in paragraph at lines 123--128
\TU/LatinModernRoman(0)/m/n/9 https:// theethicalskeptic.com/ 2024/05/23/ maste
r-
 []


Underfull \hbox (badness 10000) in paragraph at lines 123--128
\TU/LatinModernRoman(0)/m/n/9 exothermic-core-mantle-decoupling-dzhanibekov-
 []


Underfull \hbox (badness 1688) in paragraph at lines 149--154
[]\TU/LatinModernRoman(0)/m/n/9 South Tyrol Blog.  “south tyrol’s bunker land-
 []


Underfull \hbox (badness 10000) in paragraph at lines 149--154
\TU/LatinModernRoman(0)/m/n/9 scape”.  []$[][][][][] [] [] [] [][][] [] [][][][
][][][][][][][][] [] [][][] [] [][][][] []
 []


Underfull \hbox (badness 2608) in paragraph at lines 149--154
[][][][][][][][][][][][][][][][][][][][][][][][][][][][][][][][]$[]\TU/LatinMod
ernRoman(0)/m/n/9 , Oct. 2023.  Pub-
 []


Underfull \hbox (badness 10000) in paragraph at lines 161--167
[]\TU/LatinModernRoman(0)/m/n/9 sovrynn.  “ecdo/ 6‑literature‑media/ amallulla”
.
 []


Underfull \hbox (badness 10000) in paragraph at lines 161--167
[]$[][][][][] [] [] [] [][][][][][] [] [][][] [] [][][][][][][] [] [][][][] [] 
[][][][] [] [][][][][][] []
 []


Underfull \hbox (badness 10000) in paragraph at lines 169--175
[]$[][][][][] [] [] [] [][][][][][] [] [][][] [] [][][][][][][] [] [][][][] [] 
[][][][] [] [][][][][][] []
 []


Underfull \hbox (badness 10000) in paragraph at lines 169--175
[][][][][][][][][][][][][][][][][][][][] [] [][][][][][][][][][][][][][][][]$[]
\TU/LatinModernRoman(0)/m/n/9 , 2025.
 []


Underfull \hbox (badness 10000) in paragraph at lines 177--184
[][][][][][] [] [][][][][][][][][][][][][][][][][][][][] [] [][][][][][][][][] 
[] [][][] []
 []


Underfull \hbox (badness 10000) in paragraph at lines 177--184
[][] [] [][] [] [][][][] [] [][][][][][] [] [][][][][][][][][][][][][][][][][][
][][][][][][][] []
 []


Underfull \hbox (badness 10000) in paragraph at lines 177--184
[][][][][][][][][] [] [][][][][][][][] [] [][][][][][][][] [] [][][][] [] [][][
][][] []
 []


Underfull \hbox (badness 10000) in paragraph at lines 177--184
[][][][][][][] [] [][][][][][] [] [][][][][][][][][][][] [] [][] [] [][][][][] 
[]
 []


Underfull \hbox (badness 1205) in paragraph at lines 177--184
[][][][][][][][][][][][][] [] [][][][][][][][][][][] [] [][][][]$[]\TU/LatinMod
ernRoman(0)/m/n/9 , 2025.  Accessed:
 []

[11


]) [12

] (./laotranslated.aux)
 ***********
LaTeX2e <2023-11-01> patch level 1
L3 programming layer <2024-01-22>
 ***********


LaTeX Font Warning: Some font shapes were not available, defaults substituted.


LaTeX Warning: There were undefined references.


LaTeX Warning: There were multiply-defined labels.

 ) 
Here is how much of TeX's memory you used:
 13681 strings out of 475702
 265551 string characters out of 5785445
 2152627 words of memory out of 5000000
 35397 multiletter control sequences out of 15000+600000
 567469 words of font info for 112 fonts, out of 8000000 for 9000
 932 hyphenation exceptions out of 8191
 79i,9n,93p,1150b,497s stack positions out of 10000i,1000n,20000p,200000b,200000s

Output written on laotranslated.pdf (12 pages).
