This is XeTeX, Version 3.141592653-2.6-0.999995 (TeX Live 2023/Debian) (preloaded format=xelatex 2025.6.27)  12 JUL 2025 17:59
entering extended mode
 restricted \write18 enabled.
 %&-line parsing enabled.
**mongoliantranslated.tex
(./mongoliantranslated.tex
LaTeX2e <2023-11-01> patch level 1
L3 programming layer <2024-01-22>
(/usr/share/texlive/texmf-dist/tex/latex/base/article.cls
Document Class: article 2023/05/17 v1.4n Standard LaTeX document class
(/usr/share/texlive/texmf-dist/tex/latex/base/size10.clo
File: size10.clo 2023/05/17 v1.4n Standard LaTeX file (size option)
)
\c@part=\count183
\c@section=\count184
\c@subsection=\count185
\c@subsubsection=\count186
\c@paragraph=\count187
\c@subparagraph=\count188
\c@figure=\count189
\c@table=\count190
\abovecaptionskip=\skip48
\belowcaptionskip=\skip49
\bibindent=\dimen140
)
(/usr/share/texlive/texmf-dist/tex/latex/booktabs/booktabs.sty
Package: booktabs 2020/01/12 v1.61803398 Publication quality tables
\heavyrulewidth=\dimen141
\lightrulewidth=\dimen142
\cmidrulewidth=\dimen143
\belowrulesep=\dimen144
\belowbottomsep=\dimen145
\aboverulesep=\dimen146
\abovetopsep=\dimen147
\cmidrulesep=\dimen148
\cmidrulekern=\dimen149
\defaultaddspace=\dimen150
\@cmidla=\count191
\@cmidlb=\count192
\@aboverulesep=\dimen151
\@belowrulesep=\dimen152
\@thisruleclass=\count193
\@lastruleclass=\count194
\@thisrulewidth=\dimen153
)
(/usr/share/texlive/texmf-dist/tex/latex/sttools/stfloats.sty
Package: stfloats 2017/03/27 v3.3 Improve float mechanism and baselineskip sett
ings
\@dblbotnum=\count195
\c@dblbotnumber=\count196
)
(/usr/share/texlive/texmf-dist/tex/latex/float/float.sty
Package: float 2001/11/08 v1.3d Float enhancements (AL)
\c@float@type=\count197
\float@exts=\toks17
\float@box=\box51
\@float@everytoks=\toks18
\@floatcapt=\box52
)
(/usr/share/texlive/texmf-dist/tex/latex/newunicodechar/newunicodechar.sty
Package: newunicodechar 2018/04/08 v1.2 Defining Unicode characters
)
(/usr/share/texlive/texmf-dist/tex/latex/graphics/graphicx.sty
Package: graphicx 2021/09/16 v1.2d Enhanced LaTeX Graphics (DPC,SPQR)

(/usr/share/texlive/texmf-dist/tex/latex/graphics/keyval.sty
Package: keyval 2022/05/29 v1.15 key=value parser (DPC)
\KV@toks@=\toks19
)
(/usr/share/texlive/texmf-dist/tex/latex/graphics/graphics.sty
Package: graphics 2022/03/10 v1.4e Standard LaTeX Graphics (DPC,SPQR)

(/usr/share/texlive/texmf-dist/tex/latex/graphics/trig.sty
Package: trig 2021/08/11 v1.11 sin cos tan (DPC)
)
(/usr/share/texlive/texmf-dist/tex/latex/graphics-cfg/graphics.cfg
File: graphics.cfg 2016/06/04 v1.11 sample graphics configuration
)
Package graphics Info: Driver file: xetex.def on input line 107.

(/usr/share/texlive/texmf-dist/tex/latex/graphics-def/xetex.def
File: xetex.def 2022/09/22 v5.0n Graphics/color driver for xetex
))
\Gin@req@height=\dimen154
\Gin@req@width=\dimen155
)
(/usr/share/texlive/texmf-dist/tex/latex/fontspec/fontspec.sty
(/usr/share/texlive/texmf-dist/tex/latex/l3packages/xparse/xparse.sty
(/usr/share/texlive/texmf-dist/tex/latex/l3kernel/expl3.sty
Package: expl3 2024-01-22 L3 programming layer (loader) 

(/usr/share/texlive/texmf-dist/tex/latex/l3backend/l3backend-xetex.def
File: l3backend-xetex.def 2024-01-04 L3 backend support: XeTeX
\g__graphics_track_int=\count198
\l__pdf_internal_box=\box53
\g__pdf_backend_object_int=\count199
\g__pdf_backend_annotation_int=\count266
\g__pdf_backend_link_int=\count267
))
Package: xparse 2023-10-10 L3 Experimental document command parser
)
Package: fontspec 2022/01/15 v2.8a Font selection for XeLaTeX and LuaLaTeX

(/usr/share/texlive/texmf-dist/tex/latex/fontspec/fontspec-xetex.sty
Package: fontspec-xetex 2022/01/15 v2.8a Font selection for XeLaTeX and LuaLaTe
X
\l__fontspec_script_int=\count268
\l__fontspec_language_int=\count269
\l__fontspec_strnum_int=\count270
\l__fontspec_tmp_int=\count271
\l__fontspec_tmpa_int=\count272
\l__fontspec_tmpb_int=\count273
\l__fontspec_tmpc_int=\count274
\l__fontspec_em_int=\count275
\l__fontspec_emdef_int=\count276
\l__fontspec_strong_int=\count277
\l__fontspec_strongdef_int=\count278
\l__fontspec_tmpa_dim=\dimen156
\l__fontspec_tmpb_dim=\dimen157
\l__fontspec_tmpc_dim=\dimen158

(/usr/share/texlive/texmf-dist/tex/latex/base/fontenc.sty
Package: fontenc 2021/04/29 v2.0v Standard LaTeX package
)
(/usr/share/texlive/texmf-dist/tex/latex/fontspec/fontspec.cfg)))
(/usr/share/texlive/texmf-dist/tex/xelatex/ucharclasses/ucharclasses.sty
Package: ucharclasses 2022/10/20 v2.6.0 Unicode block character classes for XeL
aTeX

(/usr/share/texlive/texmf-dist/tex/generic/iftex/ifxetex.sty
Package: ifxetex 2019/10/25 v0.7 ifxetex legacy package. Use iftex instead.

(/usr/share/texlive/texmf-dist/tex/generic/iftex/iftex.sty
Package: iftex 2022/02/03 v1.0f TeX engine tests
))
\AegeanNumbersClass=\XeTeXcharclass1
\AlphabeticPresentationFormsClass=\XeTeXcharclass2
\AncientGreekMusicalNotationClass=\XeTeXcharclass3
\AncientGreekNumbersClass=\XeTeXcharclass4
\AncientSymbolsClass=\XeTeXcharclass5
\ArabicClass=\XeTeXcharclass6
\ArabicPresentationFormsAClass=\XeTeXcharclass7
\ArabicPresentationFormsBClass=\XeTeXcharclass8
\ArabicSupplementClass=\XeTeXcharclass9
\ArmenianClass=\XeTeXcharclass10
\ArrowsClass=\XeTeXcharclass11
\BalineseClass=\XeTeXcharclass12
\BasicLatinClass=\XeTeXcharclass13
\BengaliClass=\XeTeXcharclass14
\BlockElementsClass=\XeTeXcharclass15
\BopomofoClass=\XeTeXcharclass16
\BopomofoExtendedClass=\XeTeXcharclass17
\BoxDrawingClass=\XeTeXcharclass18
\BraillePatternsClass=\XeTeXcharclass19
\BugineseClass=\XeTeXcharclass20
\BuhidClass=\XeTeXcharclass21
\ByzantineMusicalSymbolsClass=\XeTeXcharclass22
\ChamClass=\XeTeXcharclass23
\CherokeeClass=\XeTeXcharclass24
\CJKCompatibilityClass=\XeTeXcharclass25
\CJKCompatibilityFormsClass=\XeTeXcharclass26
\CJKCompatibilityIdeographsClass=\XeTeXcharclass27
\CJKCompatibilityIdeographsSupplementClass=\XeTeXcharclass28
\CJKRadicalsSupplementClass=\XeTeXcharclass29
\CJKStrokesClass=\XeTeXcharclass30
\CJKSymbolsAndPunctuationClass=\XeTeXcharclass31
\CJKUnifiedIdeographsClass=\XeTeXcharclass32
\CJKUnifiedIdeographsExtensionAClass=\XeTeXcharclass33
\CJKUnifiedIdeographsExtensionBClass=\XeTeXcharclass34
\CombiningDiacriticalMarksClass=\XeTeXcharclass35
\CombiningDiacriticalMarksForSymbolsClass=\XeTeXcharclass36
\CombiningDiacriticalMarksSupplementClass=\XeTeXcharclass37
\CombiningHalfMarksClass=\XeTeXcharclass38
\ControlPicturesClass=\XeTeXcharclass39
\CopticClass=\XeTeXcharclass40
\CountingRodNumeralsClass=\XeTeXcharclass41
\CuneiformClass=\XeTeXcharclass42
\CuneiformNumbersAndPunctuationClass=\XeTeXcharclass43
\CurrencySymbolsClass=\XeTeXcharclass44
\CypriotSyllabaryClass=\XeTeXcharclass45
\CyrillicClass=\XeTeXcharclass46
\CyrillicExtendedAClass=\XeTeXcharclass47
\CyrillicExtendedBClass=\XeTeXcharclass48
\CyrillicSupplementClass=\XeTeXcharclass49
\DeseretClass=\XeTeXcharclass50
\DevanagariDanDaClass=\XeTeXcharclass51
\DevanagariMarksClass=\XeTeXcharclass52
\DevanagariPostDanDaClass=\XeTeXcharclass53
\DevanagariPostMarksClass=\XeTeXcharclass54
\DevanagariPreMarksClass=\XeTeXcharclass55
\DingbatsClass=\XeTeXcharclass56
\DominoTilesClass=\XeTeXcharclass57
\EnclosedAlphanumericsClass=\XeTeXcharclass58
\EnclosedCJKLettersAndMonthsClass=\XeTeXcharclass59
\EthiopicClass=\XeTeXcharclass60
\EthiopicExtendedClass=\XeTeXcharclass61
\EthiopicSupplementClass=\XeTeXcharclass62
\GeneralPunctuationClass=\XeTeXcharclass63
\GeometricShapesClass=\XeTeXcharclass64
\GeorgianClass=\XeTeXcharclass65
\GeorgianSupplementClass=\XeTeXcharclass66
\GlagoliticClass=\XeTeXcharclass67
\GreekAndCopticClass=\XeTeXcharclass68
\GreekExtendedClass=\XeTeXcharclass69
\GujaratiClass=\XeTeXcharclass70
\GurmukhiClass=\XeTeXcharclass71
\HalfwidthAndFullwidthFormsClass=\XeTeXcharclass72
\HangulCompatibilityJamoClass=\XeTeXcharclass73
\HangulJamoClass=\XeTeXcharclass74
\HangulSyllablesClass=\XeTeXcharclass75
\HanunooClass=\XeTeXcharclass76
\HebrewClass=\XeTeXcharclass77
\HiraganaClass=\XeTeXcharclass78
\IdeographicDescriptionCharactersClass=\XeTeXcharclass79
\IPAExtensionsClass=\XeTeXcharclass80
\KanbunClass=\XeTeXcharclass81
\KangxiRadicalsClass=\XeTeXcharclass82
\KannadaClass=\XeTeXcharclass83
\KatakanaClass=\XeTeXcharclass84
\KatakanaPhoneticExtensionsClass=\XeTeXcharclass85
\KayahLiClass=\XeTeXcharclass86
\KhmerClass=\XeTeXcharclass87
\KhmerSymbolsClass=\XeTeXcharclass88
\LaoClass=\XeTeXcharclass89
\LatinExtendedAdditionalClass=\XeTeXcharclass90
\LatinExtendedAClass=\XeTeXcharclass91
\LatinExtendedBClass=\XeTeXcharclass92
\LatinExtendedCClass=\XeTeXcharclass93
\LatinExtendedDClass=\XeTeXcharclass94
\LatinSupplementClass=\XeTeXcharclass95
\LepchaClass=\XeTeXcharclass96
\LetterlikeSymbolsClass=\XeTeXcharclass97
\LimbuClass=\XeTeXcharclass98
\LinearBIdeogramsClass=\XeTeXcharclass99
\LinearBSyllabaryClass=\XeTeXcharclass100
\MahjongTilesClass=\XeTeXcharclass101
\MalayalamClass=\XeTeXcharclass102
\MathematicalAlphanumericSymbolsClass=\XeTeXcharclass103
\MathematicalOperatorsClass=\XeTeXcharclass104
\MiscellaneousMathematicalSymbolsAClass=\XeTeXcharclass105
\MiscellaneousMathematicalSymbolsBClass=\XeTeXcharclass106
\MiscellaneousSymbolsClass=\XeTeXcharclass107
\MiscellaneousSymbolsAndArrowsClass=\XeTeXcharclass108
\MiscellaneousTechnicalClass=\XeTeXcharclass109
\ModifierToneLettersClass=\XeTeXcharclass110
\MongolianClass=\XeTeXcharclass111
\MusicalSymbolsClass=\XeTeXcharclass112
\MyanmarClass=\XeTeXcharclass113
\NewTaiLueClass=\XeTeXcharclass114
\NKoClass=\XeTeXcharclass115
\NumberFormsClass=\XeTeXcharclass116
\OghamClass=\XeTeXcharclass117
\OlChikiClass=\XeTeXcharclass118
\OldPersianClass=\XeTeXcharclass119
\OpticalCharacterRecognitionClass=\XeTeXcharclass120
\OriyaClass=\XeTeXcharclass121
\OsmanyaClass=\XeTeXcharclass122
\PhagsPaClass=\XeTeXcharclass123
\PhoenicianClass=\XeTeXcharclass124
\PhoneticExtensionsClass=\XeTeXcharclass125
\PhoneticExtensionsSupplementClass=\XeTeXcharclass126
\PrivateUseAreaClass=\XeTeXcharclass127
\RejangClass=\XeTeXcharclass128
\RunicClass=\XeTeXcharclass129
\SaurashtraClass=\XeTeXcharclass130
\ShavianClass=\XeTeXcharclass131
\SinhalaClass=\XeTeXcharclass132
\SmallFormVariantsClass=\XeTeXcharclass133
\SpacingModifierLettersClass=\XeTeXcharclass134
\SundaneseClass=\XeTeXcharclass135
\SuperscriptsAndSubscriptsClass=\XeTeXcharclass136
\SupplementalArrowsAClass=\XeTeXcharclass137
\SupplementalArrowsBClass=\XeTeXcharclass138
\SupplementalMathematicalOperatorsClass=\XeTeXcharclass139
\SupplementalPunctuationClass=\XeTeXcharclass140
\SylotiNagriClass=\XeTeXcharclass141
\SyriacClass=\XeTeXcharclass142
\TagalogClass=\XeTeXcharclass143
\TagbanwaClass=\XeTeXcharclass144
\TagsClass=\XeTeXcharclass145
\TaiLeClass=\XeTeXcharclass146
\TaiXuanJingSymbolsClass=\XeTeXcharclass147
\TamilClass=\XeTeXcharclass148
\TeluguClass=\XeTeXcharclass149
\ThaanaClass=\XeTeXcharclass150
\ThaiClass=\XeTeXcharclass151
\TibetanClass=\XeTeXcharclass152
\TifinaghClass=\XeTeXcharclass153
\UgariticClass=\XeTeXcharclass154
\UnifiedCanadianAboriginalSyllabicsClass=\XeTeXcharclass155
\VaiClass=\XeTeXcharclass156
\VerticalFormsClass=\XeTeXcharclass157
\YiRadicalsClass=\XeTeXcharclass158
\YiSyllablesClass=\XeTeXcharclass159
\YijingHexagramSymbolsClass=\XeTeXcharclass160
\AvestanClass=\XeTeXcharclass161
\BamumClass=\XeTeXcharclass162
\CJKUnifiedIdeographsExtensionCClass=\XeTeXcharclass163
\CommonIndicNumberFormsClass=\XeTeXcharclass164
\DevanagariExtendedClass=\XeTeXcharclass165
\EgyptianHieroglyphsClass=\XeTeXcharclass166
\EnclosedAlphanumericSupplementClass=\XeTeXcharclass167
\EnclosedIdeographicSupplementClass=\XeTeXcharclass168
\HangulJamoExtendedAClass=\XeTeXcharclass169
\HangulJamoExtendedBClass=\XeTeXcharclass170
\ImperialAramaicClass=\XeTeXcharclass171
\InscriptionalPahlaviClass=\XeTeXcharclass172
\InscriptionalParthianClass=\XeTeXcharclass173
\JavaneseClass=\XeTeXcharclass174
\KaithiClass=\XeTeXcharclass175
\LisuClass=\XeTeXcharclass176
\MeeteiMayekClass=\XeTeXcharclass177
\MyanmarExtendedAClass=\XeTeXcharclass178
\RumiNumeralSymbolsClass=\XeTeXcharclass179
\SamaritanClass=\XeTeXcharclass180
\TaiThamClass=\XeTeXcharclass181
\TaiVietClass=\XeTeXcharclass182
\UnifiedCanadianAboriginalSyllabicsExtendedClass=\XeTeXcharclass183
\VedicExtensionsClass=\XeTeXcharclass184
\AlchemicalSymbolsClass=\XeTeXcharclass185
\BamumSupplementClass=\XeTeXcharclass186
\BatakClass=\XeTeXcharclass187
\BrahmiClass=\XeTeXcharclass188
\CJKUnifiedIdeographsExtensionDClass=\XeTeXcharclass189
\EmoticonsClass=\XeTeXcharclass190
\EthiopicExtendedAClass=\XeTeXcharclass191
\KanaSupplementClass=\XeTeXcharclass192
\MandaicClass=\XeTeXcharclass193
\MiscellaneousSymbolsAndPictographsClass=\XeTeXcharclass194
\PlayingCardsClass=\XeTeXcharclass195
\TransportAndMapSymbolsClass=\XeTeXcharclass196
\ArabicExtendedAClass=\XeTeXcharclass197
\ArabicMathematicalAlphabeticSymbolsClass=\XeTeXcharclass198
\ChakmaClass=\XeTeXcharclass199
\MeeteiMayekExtensionsClass=\XeTeXcharclass200
\MeroiticCursiveClass=\XeTeXcharclass201
\MeroiticHieroglyphsClass=\XeTeXcharclass202
\MiaoClass=\XeTeXcharclass203
\SharadaClass=\XeTeXcharclass204
\SoraSompengClass=\XeTeXcharclass205
\SundaneseSupplementClass=\XeTeXcharclass206
\TakriClass=\XeTeXcharclass207
\BassaVahClass=\XeTeXcharclass208
\CaucasianAlbanianClass=\XeTeXcharclass209
\CombiningDiacriticalMarksExtendedClass=\XeTeXcharclass210
\CopticEpactNumbersClass=\XeTeXcharclass211
\ElbasanClass=\XeTeXcharclass212
\GeometricShapesExtendedClass=\XeTeXcharclass213
\GranthaClass=\XeTeXcharclass214
\KhojkiClass=\XeTeXcharclass215
\KhudawadiClass=\XeTeXcharclass216
\LatinExtendedEClass=\XeTeXcharclass217
\LinearAClass=\XeTeXcharclass218
\MahajaniClass=\XeTeXcharclass219
\MendeKikakuiClass=\XeTeXcharclass220
\ModiClass=\XeTeXcharclass221
\MroClass=\XeTeXcharclass222
\MyanmarExtendedBClass=\XeTeXcharclass223
\OrnamentalDingbatsClass=\XeTeXcharclass224
\PahawhHmongClass=\XeTeXcharclass225
\PauCinHauClass=\XeTeXcharclass226
\SiddhamClass=\XeTeXcharclass227
\SinhalaArchaicNumbersClass=\XeTeXcharclass228
\SupplementalArrowsCClass=\XeTeXcharclass229
\TirhutaClass=\XeTeXcharclass230
\WarangCitiClass=\XeTeXcharclass231
\CherokeeSupplementClass=\XeTeXcharclass232
\CJKUnifiedIdeographsExtensionEClass=\XeTeXcharclass233
\SupplementalSymbolsAndPictographsClass=\XeTeXcharclass234
\CyrillicExtendedCClass=\XeTeXcharclass235
\GlagoliticSupplementClass=\XeTeXcharclass236
\IdeographicSymbolsAndPunctuationClass=\XeTeXcharclass237
\MongolianSupplementClass=\XeTeXcharclass238
\CJKUnifiedIdeographsExtensionFClass=\XeTeXcharclass239
\KanaExtendedAClass=\XeTeXcharclass240
\SyriacSupplementClass=\XeTeXcharclass241
\GeorgianExtendedClass=\XeTeXcharclass242
\SmallKanaExtensionClass=\XeTeXcharclass243
\SymbolsAndPictographsExtendedAClass=\XeTeXcharclass244
\CJKUnifiedIdeographsExtensionGClass=\XeTeXcharclass245
\ArabicExtendedBClass=\XeTeXcharclass246
\EthiopicExtendedBClass=\XeTeXcharclass247
\KanaExtendedBClass=\XeTeXcharclass248
\LatinExtendedFClass=\XeTeXcharclass249
\LatinExtendedGClass=\XeTeXcharclass250
\UnifiedCanadianAboriginalSyllabicsExtendedAClass=\XeTeXcharclass251
\ArabicExtendedCClass=\XeTeXcharclass252
\CJKUnifiedIdeographsExtensionHClass=\XeTeXcharclass253
\CyrillicExtendedDClass=\XeTeXcharclass254
\DevanagariExtendedAClass=\XeTeXcharclass255
\CarianClass=\XeTeXcharclass256
\GothicClass=\XeTeXcharclass257
\KharoshthiClass=\XeTeXcharclass258
\LycianClass=\XeTeXcharclass259
\LydianClass=\XeTeXcharclass260
\OldItalicClass=\XeTeXcharclass261
\PhaistosDiscClass=\XeTeXcharclass262
\SupplementaryPrivateUseAreaAClass=\XeTeXcharclass263
\SupplementaryPrivateUseAreaBClass=\XeTeXcharclass264
\OldSouthArabianClass=\XeTeXcharclass265
\OldTurkicClass=\XeTeXcharclass266
\DuployanClass=\XeTeXcharclass267
\ManichaeanClass=\XeTeXcharclass268
\NabataeanClass=\XeTeXcharclass269
\OldNorthArabianClass=\XeTeXcharclass270
\OldPermicClass=\XeTeXcharclass271
\PalmyreneClass=\XeTeXcharclass272
\PsalterPahlaviClass=\XeTeXcharclass273
\ShorthandFormatControlsClass=\XeTeXcharclass274
\AhomClass=\XeTeXcharclass275
\AnatolianHieroglyphsClass=\XeTeXcharclass276
\EarlyDynasticCuneiformClass=\XeTeXcharclass277
\HatranClass=\XeTeXcharclass278
\MultaniClass=\XeTeXcharclass279
\OldHungarianClass=\XeTeXcharclass280
\SuttonSignWritingClass=\XeTeXcharclass281
\AdlamClass=\XeTeXcharclass282
\BhaiksukiClass=\XeTeXcharclass283
\MarchenClass=\XeTeXcharclass284
\NewaClass=\XeTeXcharclass285
\OsageClass=\XeTeXcharclass286
\TangutClass=\XeTeXcharclass287
\TangutComponentsClass=\XeTeXcharclass288
\MasaramGondiClass=\XeTeXcharclass289
\NushuClass=\XeTeXcharclass290
\SoyomboClass=\XeTeXcharclass291
\ZanabazarSquareClass=\XeTeXcharclass292
\ChessSymbolsClass=\XeTeXcharclass293
\DograClass=\XeTeXcharclass294
\GunjalaGondiClass=\XeTeXcharclass295
\HanifiRohingyaClass=\XeTeXcharclass296
\IndicSiyaqNumbersClass=\XeTeXcharclass297
\MakasarClass=\XeTeXcharclass298
\MayanNumeralsClass=\XeTeXcharclass299
\MedefaidrinClass=\XeTeXcharclass300
\OldSogdianClass=\XeTeXcharclass301
\SogdianClass=\XeTeXcharclass302
\EgyptianHieroglyphFormatControlsClass=\XeTeXcharclass303
\ElymaicClass=\XeTeXcharclass304
\NandinagariClass=\XeTeXcharclass305
\NyiakengPuachueHmongClass=\XeTeXcharclass306
\OttomanSiyaqNumbersClass=\XeTeXcharclass307
\TamilSupplementClass=\XeTeXcharclass308
\WanchoClass=\XeTeXcharclass309
\ChorasmianClass=\XeTeXcharclass310
\DivesAkuruClass=\XeTeXcharclass311
\KhitanSmallScriptClass=\XeTeXcharclass312
\LisuSupplementClass=\XeTeXcharclass313
\SymbolsForLegacyComputingClass=\XeTeXcharclass314
\TangutSupplementClass=\XeTeXcharclass315
\YezidiClass=\XeTeXcharclass316
\CyproMinoanClass=\XeTeXcharclass317
\OldUighurClass=\XeTeXcharclass318
\TangsaClass=\XeTeXcharclass319
\TotoClass=\XeTeXcharclass320
\VithkuqiClass=\XeTeXcharclass321
\ZnamennyMusicalNotationClass=\XeTeXcharclass322
\KaktovikNumeralsClass=\XeTeXcharclass323
\KawiClass=\XeTeXcharclass324
\NagMundariClass=\XeTeXcharclass325
)

Package fontspec Info: Font family 'LatinModernRoman(0)' created for font
(fontspec)             'Latin Modern Roman' with options [].
(fontspec)              
(fontspec)              This font family consists of the following NFSS
(fontspec)             series/shapes:
(fontspec)              
(fontspec)             - 'normal' (m/n) with NFSS spec.: <->"Latin Modern
(fontspec)             Roman/OT:script=latn;language=dflt;"
(fontspec)             - 'small caps'  (m/sc) with NFSS spec.: 
(fontspec)             - 'bold' (b/n) with NFSS spec.: <->"Latin Modern
(fontspec)             Roman/B/OT:script=latn;language=dflt;"
(fontspec)             - 'bold small caps'  (b/sc) with NFSS spec.: 
(fontspec)             - 'italic' (m/it) with NFSS spec.: <->"Latin Modern
(fontspec)             Roman/I/OT:script=latn;language=dflt;"
(fontspec)             - 'italic small caps'  (m/scit) with NFSS spec.: 
(fontspec)             - 'bold italic' (b/it) with NFSS spec.: <->"Latin
(fontspec)             Modern Roman/BI/OT:script=latn;language=dflt;"
(fontspec)             - 'bold italic small caps'  (b/scit) with NFSS spec.: 



Package fontspec Warning: Font "Noto Serif" does not contain requested Script
(fontspec)                "Mongolian".


Package fontspec Info: Font family 'NotoSerif(0)' created for font 'Noto
(fontspec)             Serif' with options [Script=Mongolian].
(fontspec)              
(fontspec)              This font family consists of the following NFSS
(fontspec)             series/shapes:
(fontspec)              
(fontspec)             - 'normal' (m/n) with NFSS spec.: <->"Noto
(fontspec)             Serif/OT:script=latn;language=dflt;"
(fontspec)             - 'small caps'  (m/sc) with NFSS spec.: <->"Noto
(fontspec)             Serif/OT:script=latn;language=dflt;+smcp;"
(fontspec)             - 'bold' (b/n) with NFSS spec.: <->"Noto
(fontspec)             Serif/B/OT:script=latn;language=dflt;"
(fontspec)             - 'bold small caps'  (b/sc) with NFSS spec.: <->"Noto
(fontspec)             Serif/B/OT:script=latn;language=dflt;+smcp;"
(fontspec)             - 'italic' (m/it) with NFSS spec.: <->"Noto
(fontspec)             Serif/I/OT:script=latn;language=dflt;"
(fontspec)             - 'italic small caps'  (m/scit) with NFSS spec.:
(fontspec)             <->"Noto Serif/I/OT:script=latn;language=dflt;+smcp;"
(fontspec)             - 'bold italic' (b/it) with NFSS spec.: <->"Noto
(fontspec)             Serif/BI/OT:script=latn;language=dflt;"
(fontspec)             - 'bold italic small caps'  (b/scit) with NFSS spec.:
(fontspec)             <->"Noto Serif/BI/OT:script=latn;language=dflt;+smcp;"


Package fontspec Info: Font family 'NotoSerif(1)' created for font 'Noto
(fontspec)             Serif' with options [Script=Cyrillic].
(fontspec)              
(fontspec)              This font family consists of the following NFSS
(fontspec)             series/shapes:
(fontspec)              
(fontspec)             - 'normal' (m/n) with NFSS spec.: <->"Noto
(fontspec)             Serif/OT:script=cyrl;language=dflt;"
(fontspec)             - 'small caps'  (m/sc) with NFSS spec.: <->"Noto
(fontspec)             Serif/OT:script=cyrl;language=dflt;+smcp;"
(fontspec)             - 'bold' (b/n) with NFSS spec.: <->"Noto
(fontspec)             Serif/B/OT:script=cyrl;language=dflt;"
(fontspec)             - 'bold small caps'  (b/sc) with NFSS spec.: <->"Noto
(fontspec)             Serif/B/OT:script=cyrl;language=dflt;+smcp;"
(fontspec)             - 'italic' (m/it) with NFSS spec.: <->"Noto
(fontspec)             Serif/I/OT:script=cyrl;language=dflt;"
(fontspec)             - 'italic small caps'  (m/scit) with NFSS spec.:
(fontspec)             <->"Noto Serif/I/OT:script=cyrl;language=dflt;+smcp;"
(fontspec)             - 'bold italic' (b/it) with NFSS spec.: <->"Noto
(fontspec)             Serif/BI/OT:script=cyrl;language=dflt;"
(fontspec)             - 'bold italic small caps'  (b/scit) with NFSS spec.:
(fontspec)             <->"Noto Serif/BI/OT:script=cyrl;language=dflt;+smcp;"

(./cvpr.sty (./eso-pic.sty
Package: eso-pic 2002/11/16 v1.1b eso-pic (RN)
 (./cvpr_eso.sty

LaTeX Warning: You have requested package `eso-pic',
               but the package provides `everyshi'.

Package: everyshi 2001/05/15 v3.00 EveryShipout Package (MS)
)) (/usr/share/texlive/texmf-dist/tex/latex/tools/xspace.sty
Package: xspace 2014/10/28 v1.13 Space after command names (DPC,MH)
)
CVPR 8.5 x 11-Inch Proceedings Style `cvpr.sty'.
\@ctmp=\skip50
\@figindent=\skip51
\cvprrulerbox=\box54
\cvprrulercount=\count279
\cvprruleroffset=\dimen159
\cv@lineheight=\dimen160
\cv@boxheight=\dimen161
\cv@tmpbox=\box55
\cv@refno=\count280
\cv@tot=\count281
\cv@tmpc@=\count282
\cv@tmpc=\count283
) (/usr/share/texlive/texmf-dist/tex/latex/psnfss/times.sty
Package: times 2020/03/25 PSNFSS-v9.3 (SPQR) 
)
(/usr/share/texlive/texmf-dist/tex/latex/graphics/epsfig.sty
Package: epsfig 2017/06/25 v1.7b (e)psfig emulation (SPQR)
\epsfxsize=\dimen162
\epsfysize=\dimen163
)
(/usr/share/texlive/texmf-dist/tex/latex/amsmath/amsmath.sty
Package: amsmath 2023/05/13 v2.17o AMS math features
\@mathmargin=\skip52

For additional information on amsmath, use the `?' option.
(/usr/share/texlive/texmf-dist/tex/latex/amsmath/amstext.sty
Package: amstext 2021/08/26 v2.01 AMS text

(/usr/share/texlive/texmf-dist/tex/latex/amsmath/amsgen.sty
File: amsgen.sty 1999/11/30 v2.0 generic functions
\@emptytoks=\toks20
\ex@=\dimen164
))
(/usr/share/texlive/texmf-dist/tex/latex/amsmath/amsbsy.sty
Package: amsbsy 1999/11/29 v1.2d Bold Symbols
\pmbraise@=\dimen165
)
(/usr/share/texlive/texmf-dist/tex/latex/amsmath/amsopn.sty
Package: amsopn 2022/04/08 v2.04 operator names
)
\inf@bad=\count284
LaTeX Info: Redefining \frac on input line 234.
\uproot@=\count285
\leftroot@=\count286
LaTeX Info: Redefining \overline on input line 399.
LaTeX Info: Redefining \colon on input line 410.
\classnum@=\count287
\DOTSCASE@=\count288
LaTeX Info: Redefining \ldots on input line 496.
LaTeX Info: Redefining \dots on input line 499.
LaTeX Info: Redefining \cdots on input line 620.
\Mathstrutbox@=\box56
\strutbox@=\box57
LaTeX Info: Redefining \big on input line 722.
LaTeX Info: Redefining \Big on input line 723.
LaTeX Info: Redefining \bigg on input line 724.
LaTeX Info: Redefining \Bigg on input line 725.
\big@size=\dimen166
LaTeX Font Info:    Redeclaring font encoding OML on input line 743.
LaTeX Font Info:    Redeclaring font encoding OMS on input line 744.
\macc@depth=\count289
LaTeX Info: Redefining \bmod on input line 905.
LaTeX Info: Redefining \pmod on input line 910.
LaTeX Info: Redefining \smash on input line 940.
LaTeX Info: Redefining \relbar on input line 970.
LaTeX Info: Redefining \Relbar on input line 971.
\c@MaxMatrixCols=\count290
\dotsspace@=\muskip16
\c@parentequation=\count291
\dspbrk@lvl=\count292
\tag@help=\toks21
\row@=\count293
\column@=\count294
\maxfields@=\count295
\andhelp@=\toks22
\eqnshift@=\dimen167
\alignsep@=\dimen168
\tagshift@=\dimen169
\tagwidth@=\dimen170
\totwidth@=\dimen171
\lineht@=\dimen172
\@envbody=\toks23
\multlinegap=\skip53
\multlinetaggap=\skip54
\mathdisplay@stack=\toks24
LaTeX Info: Redefining \[ on input line 2953.
LaTeX Info: Redefining \] on input line 2954.
)
(/usr/share/texlive/texmf-dist/tex/latex/amsfonts/amssymb.sty
Package: amssymb 2013/01/14 v3.01 AMS font symbols

(/usr/share/texlive/texmf-dist/tex/latex/amsfonts/amsfonts.sty
Package: amsfonts 2013/01/14 v3.01 Basic AMSFonts support
\symAMSa=\mathgroup4
\symAMSb=\mathgroup5
LaTeX Font Info:    Redeclaring math symbol \hbar on input line 98.
LaTeX Font Info:    Overwriting math alphabet `\mathfrak' in version `bold'
(Font)                  U/euf/m/n --> U/euf/b/n on input line 106.
))
(/usr/share/texlive/texmf-dist/tex/latex/hyperref/hyperref.sty
Package: hyperref 2024-01-20 v7.01h Hypertext links for LaTeX

(/usr/share/texlive/texmf-dist/tex/latex/kvsetkeys/kvsetkeys.sty
Package: kvsetkeys 2022-10-05 v1.19 Key value parser (HO)
)
(/usr/share/texlive/texmf-dist/tex/generic/kvdefinekeys/kvdefinekeys.sty
Package: kvdefinekeys 2019-12-19 v1.6 Define keys (HO)
)
(/usr/share/texlive/texmf-dist/tex/generic/pdfescape/pdfescape.sty
Package: pdfescape 2019/12/09 v1.15 Implements pdfTeX's escape features (HO)

(/usr/share/texlive/texmf-dist/tex/generic/ltxcmds/ltxcmds.sty
Package: ltxcmds 2023-12-04 v1.26 LaTeX kernel commands for general use (HO)
)
(/usr/share/texlive/texmf-dist/tex/generic/pdftexcmds/pdftexcmds.sty
Package: pdftexcmds 2020-06-27 v0.33 Utility functions of pdfTeX for LuaTeX (HO
)

(/usr/share/texlive/texmf-dist/tex/generic/infwarerr/infwarerr.sty
Package: infwarerr 2019/12/03 v1.5 Providing info/warning/error messages (HO)
)
Package pdftexcmds Info: \pdf@primitive is available.
Package pdftexcmds Info: \pdf@ifprimitive is available.
Package pdftexcmds Info: \pdfdraftmode not found.
))
(/usr/share/texlive/texmf-dist/tex/latex/hycolor/hycolor.sty
Package: hycolor 2020-01-27 v1.10 Color options for hyperref/bookmark (HO)
)
(/usr/share/texlive/texmf-dist/tex/latex/auxhook/auxhook.sty
Package: auxhook 2019-12-17 v1.6 Hooks for auxiliary files (HO)
)
(/usr/share/texlive/texmf-dist/tex/latex/hyperref/nameref.sty
Package: nameref 2023-11-26 v2.56 Cross-referencing by name of section

(/usr/share/texlive/texmf-dist/tex/latex/refcount/refcount.sty
Package: refcount 2019/12/15 v3.6 Data extraction from label references (HO)
)
(/usr/share/texlive/texmf-dist/tex/generic/gettitlestring/gettitlestring.sty
Package: gettitlestring 2019/12/15 v1.6 Cleanup title references (HO)

(/usr/share/texlive/texmf-dist/tex/latex/kvoptions/kvoptions.sty
Package: kvoptions 2022-06-15 v3.15 Key value format for package options (HO)
))
\c@section@level=\count296
)
(/usr/share/texlive/texmf-dist/tex/latex/etoolbox/etoolbox.sty
Package: etoolbox 2020/10/05 v2.5k e-TeX tools for LaTeX (JAW)
\etb@tempcnta=\count297
)
\@linkdim=\dimen173
\Hy@linkcounter=\count298
\Hy@pagecounter=\count299

(/usr/share/texlive/texmf-dist/tex/latex/hyperref/pd1enc.def
File: pd1enc.def 2024-01-20 v7.01h Hyperref: PDFDocEncoding definition (HO)
)
(/usr/share/texlive/texmf-dist/tex/generic/intcalc/intcalc.sty
Package: intcalc 2019/12/15 v1.3 Expandable calculations with integers (HO)
)
\Hy@SavedSpaceFactor=\count300

(/usr/share/texlive/texmf-dist/tex/latex/hyperref/puenc.def
File: puenc.def 2024-01-20 v7.01h Hyperref: PDF Unicode definition (HO)
)
Package hyperref Info: Option `breaklinks' set `true' on input line 4062.
Package hyperref Info: Option `bookmarks' set `false' on input line 4062.
Package hyperref Info: Hyper figures OFF on input line 4179.
Package hyperref Info: Link nesting OFF on input line 4184.
Package hyperref Info: Hyper index ON on input line 4187.
Package hyperref Info: Plain pages OFF on input line 4194.
Package hyperref Info: Backreferencing OFF on input line 4199.
Package hyperref Info: Implicit mode ON; LaTeX internals redefined.
Package hyperref Info: Bookmarks OFF on input line 4452.
\c@Hy@tempcnt=\count301

(/usr/share/texlive/texmf-dist/tex/latex/url/url.sty
\Urlmuskip=\muskip17
Package: url 2013/09/16  ver 3.4  Verb mode for urls, etc.
)
LaTeX Info: Redefining \url on input line 4784.
\XeTeXLinkMargin=\dimen174

(/usr/share/texlive/texmf-dist/tex/generic/bitset/bitset.sty
Package: bitset 2019/12/09 v1.3 Handle bit-vector datatype (HO)

(/usr/share/texlive/texmf-dist/tex/generic/bigintcalc/bigintcalc.sty
Package: bigintcalc 2019/12/15 v1.5 Expandable calculations on big integers (HO
)
))
\Fld@menulength=\count302
\Field@Width=\dimen175
\Fld@charsize=\dimen176
Package hyperref Info: Hyper figures OFF on input line 6063.
Package hyperref Info: Link nesting OFF on input line 6068.
Package hyperref Info: Hyper index ON on input line 6071.
Package hyperref Info: backreferencing OFF on input line 6078.
Package hyperref Info: Link coloring OFF on input line 6083.
Package hyperref Info: Link coloring with OCG OFF on input line 6088.
Package hyperref Info: PDF/A mode OFF on input line 6093.

(/usr/share/texlive/texmf-dist/tex/latex/base/atbegshi-ltx.sty
Package: atbegshi-ltx 2021/01/10 v1.0c Emulation of the original atbegshi
package with kernel methods
)
\Hy@abspage=\count303
\c@Item=\count304
\c@Hfootnote=\count305
)
Package hyperref Info: Driver (autodetected): hxetex.

(/usr/share/texlive/texmf-dist/tex/latex/hyperref/hxetex.def
File: hxetex.def 2024-01-20 v7.01h Hyperref driver for XeTeX

(/usr/share/texlive/texmf-dist/tex/generic/stringenc/stringenc.sty
Package: stringenc 2019/11/29 v1.12 Convert strings between diff. encodings (HO
)
)
\pdfm@box=\box58
\c@Hy@AnnotLevel=\count306
\HyField@AnnotCount=\count307
\Fld@listcount=\count308
\c@bookmark@seq@number=\count309

(/usr/share/texlive/texmf-dist/tex/latex/rerunfilecheck/rerunfilecheck.sty
Package: rerunfilecheck 2022-07-10 v1.10 Rerun checks for auxiliary files (HO)

(/usr/share/texlive/texmf-dist/tex/latex/base/atveryend-ltx.sty
Package: atveryend-ltx 2020/08/19 v1.0a Emulation of the original atveryend pac
kage
with kernel methods
)
(/usr/share/texlive/texmf-dist/tex/generic/uniquecounter/uniquecounter.sty
Package: uniquecounter 2019/12/15 v1.4 Provide unlimited unique counter (HO)
)
Package uniquecounter Info: New unique counter `rerunfilecheck' on input line 2
85.
)
\Hy@SectionHShift=\skip55
)
LaTeX Font Info:    Trying to load font information for TU+ptm on input line 86
.
LaTeX Font Info:    No file TUptm.fd. on input line 86.


LaTeX Font Warning: Font shape `TU/ptm/m/n' undefined
(Font)              using `TU/lmr/m/n' instead on input line 86.

(./mongoliantranslated.aux

LaTeX Warning: Label `fig:onecol' multiply defined.


LaTeX Warning: Label `fig:onecol' multiply defined.


LaTeX Warning: Label `fig:onecol' multiply defined.


LaTeX Warning: Label `fig:onecol' multiply defined.


LaTeX Warning: Label `fig:onecol' multiply defined.


LaTeX Warning: Label `fig:onecol' multiply defined.


LaTeX Warning: Label `fig:onecol' multiply defined.


LaTeX Warning: Label `fig:onecol' multiply defined.


LaTeX Warning: Label `fig:onecol' multiply defined.

)
\openout1 = `mongoliantranslated.aux'.

LaTeX Font Info:    Checking defaults for OML/cmm/m/it on input line 86.
LaTeX Font Info:    ... okay on input line 86.
LaTeX Font Info:    Checking defaults for OMS/cmsy/m/n on input line 86.
LaTeX Font Info:    ... okay on input line 86.
LaTeX Font Info:    Checking defaults for OT1/cmr/m/n on input line 86.
LaTeX Font Info:    ... okay on input line 86.
LaTeX Font Info:    Checking defaults for T1/cmr/m/n on input line 86.
LaTeX Font Info:    ... okay on input line 86.
LaTeX Font Info:    Checking defaults for TS1/cmr/m/n on input line 86.
LaTeX Font Info:    Trying to load font information for TS1+cmr on input line 8
6.
 (/usr/share/texlive/texmf-dist/tex/latex/base/ts1cmr.fd
File: ts1cmr.fd 2023/04/13 v2.5m Standard LaTeX font definitions
)
LaTeX Font Info:    ... okay on input line 86.
LaTeX Font Info:    Checking defaults for TU/lmr/m/n on input line 86.
LaTeX Font Info:    ... okay on input line 86.
LaTeX Font Info:    Checking defaults for OMX/cmex/m/n on input line 86.
LaTeX Font Info:    ... okay on input line 86.
LaTeX Font Info:    Checking defaults for U/cmr/m/n on input line 86.
LaTeX Font Info:    ... okay on input line 86.
LaTeX Font Info:    Checking defaults for PD1/pdf/m/n on input line 86.
LaTeX Font Info:    ... okay on input line 86.
LaTeX Font Info:    Checking defaults for PU/pdf/m/n on input line 86.
LaTeX Font Info:    ... okay on input line 86.

Package fontspec Info: Adjusting the maths setup (use [no-math] to avoid
(fontspec)             this).

\symlegacymaths=\mathgroup6
LaTeX Font Info:    Overwriting symbol font `legacymaths' in version `bold'
(Font)                  OT1/cmr/m/n --> OT1/cmr/bx/n on input line 86.
LaTeX Font Info:    Redeclaring math accent \acute on input line 86.
LaTeX Font Info:    Redeclaring math accent \grave on input line 86.
LaTeX Font Info:    Redeclaring math accent \ddot on input line 86.
LaTeX Font Info:    Redeclaring math accent \tilde on input line 86.
LaTeX Font Info:    Redeclaring math accent \bar on input line 86.
LaTeX Font Info:    Redeclaring math accent \breve on input line 86.
LaTeX Font Info:    Redeclaring math accent \check on input line 86.
LaTeX Font Info:    Redeclaring math accent \hat on input line 86.
LaTeX Font Info:    Redeclaring math accent \dot on input line 86.
LaTeX Font Info:    Redeclaring math accent \mathring on input line 86.
LaTeX Font Info:    Redeclaring math symbol \Gamma on input line 86.
LaTeX Font Info:    Redeclaring math symbol \Delta on input line 86.
LaTeX Font Info:    Redeclaring math symbol \Theta on input line 86.
LaTeX Font Info:    Redeclaring math symbol \Lambda on input line 86.
LaTeX Font Info:    Redeclaring math symbol \Xi on input line 86.
LaTeX Font Info:    Redeclaring math symbol \Pi on input line 86.
LaTeX Font Info:    Redeclaring math symbol \Sigma on input line 86.
LaTeX Font Info:    Redeclaring math symbol \Upsilon on input line 86.
LaTeX Font Info:    Redeclaring math symbol \Phi on input line 86.
LaTeX Font Info:    Redeclaring math symbol \Psi on input line 86.
LaTeX Font Info:    Redeclaring math symbol \Omega on input line 86.
LaTeX Font Info:    Redeclaring math symbol \mathdollar on input line 86.
LaTeX Font Info:    Redeclaring symbol font `operators' on input line 86.
LaTeX Font Info:    Encoding `OT1' has changed to `TU' for symbol font
(Font)              `operators' in the math version `normal' on input line 86.
LaTeX Font Info:    Overwriting symbol font `operators' in version `normal'
(Font)                  OT1/cmr/m/n --> TU/ptm/m/n on input line 86.
LaTeX Font Info:    Encoding `OT1' has changed to `TU' for symbol font
(Font)              `operators' in the math version `bold' on input line 86.
LaTeX Font Info:    Overwriting symbol font `operators' in version `bold'
(Font)                  OT1/cmr/bx/n --> TU/ptm/m/n on input line 86.
LaTeX Font Info:    Overwriting symbol font `operators' in version `normal'
(Font)                  TU/ptm/m/n --> TU/ptm/m/n on input line 86.
LaTeX Font Info:    Overwriting math alphabet `\mathit' in version `normal'
(Font)                  OT1/cmr/m/it --> TU/ptm/m/it on input line 86.
LaTeX Font Info:    Overwriting math alphabet `\mathbf' in version `normal'
(Font)                  OT1/cmr/bx/n --> TU/ptm/b/n on input line 86.
LaTeX Font Info:    Overwriting math alphabet `\mathsf' in version `normal'
(Font)                  OT1/cmss/m/n --> TU/phv/m/n on input line 86.
LaTeX Font Info:    Overwriting math alphabet `\mathtt' in version `normal'
(Font)                  OT1/cmtt/m/n --> TU/pcr/m/n on input line 86.
LaTeX Font Info:    Overwriting symbol font `operators' in version `bold'
(Font)                  TU/ptm/m/n --> TU/ptm/b/n on input line 86.
LaTeX Font Info:    Overwriting math alphabet `\mathit' in version `bold'
(Font)                  OT1/cmr/bx/it --> TU/ptm/b/it on input line 86.
LaTeX Font Info:    Overwriting math alphabet `\mathsf' in version `bold'
(Font)                  OT1/cmss/bx/n --> TU/phv/b/n on input line 86.
LaTeX Font Info:    Overwriting math alphabet `\mathtt' in version `bold'
(Font)                  OT1/cmtt/m/n --> TU/pcr/b/n on input line 86.

ABD: EveryShipout initializing macros
(/usr/share/texlive/texmf-dist/tex/latex/graphics/color.sty
Package: color 2022/01/06 v1.3d Standard LaTeX Color (DPC)

(/usr/share/texlive/texmf-dist/tex/latex/graphics-cfg/color.cfg
File: color.cfg 2016/01/02 v1.6 sample color configuration
)
Package color Info: Driver file: xetex.def on input line 149.

(/usr/share/texlive/texmf-dist/tex/latex/graphics/mathcolor.ltx))
Package hyperref Info: Link coloring OFF on input line 86.


LaTeX Font Warning: Font shape `TU/ptm/b/n' undefined
(Font)              using `TU/ptm/m/n' instead on input line 99.

LaTeX Font Info:    Trying to load font information for U+msa on input line 99.

(/usr/share/texlive/texmf-dist/tex/latex/amsfonts/umsa.fd
File: umsa.fd 2013/01/14 v3.01 AMS symbols A
)
LaTeX Font Info:    Trying to load font information for U+msb on input line 99.


(/usr/share/texlive/texmf-dist/tex/latex/amsfonts/umsb.fd
File: umsb.fd 2013/01/14 v3.01 AMS symbols B
)
LaTeX Font Info:    Trying to load font information for TU+pcr on input line 99
.
LaTeX Font Info:    No file TUpcr.fd. on input line 99.


LaTeX Font Warning: Font shape `TU/pcr/m/n' undefined
(Font)              using `TU/lmr/m/n' instead on input line 99.


LaTeX Font Warning: Font shape `TU/ptm/m/it' undefined
(Font)              using `TU/ptm/m/n' instead on input line 100.


Underfull \hbox (badness 10000) in paragraph at lines 112--114
\TU/NotoSerif(1)/m/it/10 Энэхүү судалгаа нь барууны засаглалын
 []


Underfull \hbox (badness 7796) in paragraph at lines 112--114
\TU/NotoSerif(1)/m/it/10 эрх мэдэлтнүүд ойрын ирээдүйд тохиох
 []


Underfull \hbox (badness 1688) in paragraph at lines 112--114
\TU/NotoSerif(1)/m/it/10 геофизикийн гамшигт бэлтгэж буй өргөн
 []


Underfull \hbox (badness 10000) in paragraph at lines 117--118
\TU/NotoSerif(1)/m/n/10 мэдүүлгийг цуглуулдаг чөлөөт хэвлэл
 []


Underfull \hbox (badness 10000) in paragraph at lines 117--118
\TU/NotoSerif(1)/m/n/10 мэдээллийн байгууллага болох Камелот
 []


Underfull \hbox (badness 4416) in paragraph at lines 117--118
\TU/NotoSerif(1)/m/n/10 болон улс төрийн төлөвлөгөөнүүд бөгөөд
 []


Underfull \hbox (badness 10000) in paragraph at lines 117--118
\TU/NotoSerif(1)/m/n/10 удахгүй тохиох \TU/LatinModernRoman(0)/b/n/10 "\TU/Noto
Serif(1)/b/n/10 геофизикийн үзэгдэл\TU/LatinModernRoman(0)/b/n/10 "\TU/LatinMod
ernRoman(0)/m/n/10 ,
 []

File: freemason.jpg Graphic file (type bmp)
<freemason.jpg>
File: british.jpg Graphic file (type bmp)
<british.jpg>

Underfull \hbox (badness 2884) in paragraph at lines 136--137
\TU/NotoSerif(1)/m/it/10 байсан ба зарим нь ч нэлээд язгууртны
 []


Underfull \hbox (badness 3179) in paragraph at lines 136--137
\TU/NotoSerif(1)/m/it/10 албаны тушаал өндөртэй хүмүүс ба нэг
 []


Underfull \hbox (badness 6364) in paragraph at lines 136--137
\TU/NotoSerif(1)/m/it/10 цэргийн хүн байсан\TU/LatinModernRoman(0)/m/it/10 . \T
U/NotoSerif(1)/m/it/10 Хоёул улс даяар
 []


Underfull \hbox (badness 2875) in paragraph at lines 136--137
\TU/NotoSerif(1)/m/it/10 газарт зөвлөх байр суурьтай хүмүүс юм
 []


Underfull \hbox (badness 1394) in paragraph at lines 136--137
\TU/LatinModernRoman(0)/m/it/10 — \TU/NotoSerif(1)/m/it/10 яг одоогийн байдлаар
\TU/LatinModernRoman(0)/m/it/10 " \TU/LatinModernRoman(0)/m/n/10 [[]]. \TU/Noto
Serif(1)/m/n/10 Мэдээлэгч
 []

[1


]
Underfull \hbox (badness 1127) in paragraph at lines 149--150
[]\TU/NotoSerif(1)/m/n/10 Гэвч хамгийн чухал зүйл нь эдгээр үйл
 []


Underfull \hbox (badness 3209) in paragraph at lines 149--150
\TU/NotoSerif(1)/m/it/10 нэгэн үзэгдэл болох ба энэ нь хүн бүрд
 []


Underfull \hbox (badness 6300) in paragraph at lines 149--150
\TU/NotoSerif(1)/m/it/10 нөлөөлнө\TU/LatinModernRoman(0)/m/it/10 " \TU/LatinMod
ernRoman(0)/m/n/10 [[]]. \TU/NotoSerif(1)/m/n/10 Мэдээлэгч хэлэхдээ энэ
 []


Underfull \hbox (badness 10000) in paragraph at lines 149--150
\TU/NotoSerif(1)/m/n/10 геофизикийн үзэгдлийн үед\TU/LatinModernRoman(0)/m/n/10
 , \TU/LatinModernRoman(0)/b/it/10 "\TU/NotoSerif(1)/b/it/10 Дэлхийн
 []


Underfull \hbox (badness 1635) in paragraph at lines 149--150
\TU/NotoSerif(1)/b/it/10 царцдас ойролцоогоор \TU/LatinModernRoman(0)/b/it/10 3
0 \TU/NotoSerif(1)/b/it/10 градус\TU/LatinModernRoman(0)/b/it/10 , 1700-
 []


Underfull \hbox (badness 4673) in paragraph at lines 151--152
[]\TU/NotoSerif(1)/m/n/10 Энэ бүх нууц төлөвлөгөөний шалтгаан
 []


Underfull \hbox (badness 10000) in paragraph at lines 151--152
\TU/NotoSerif(1)/m/n/10 нь мэдээж эрх мэдэл юм\TU/LatinModernRoman(0)/m/n/10 . 
\TU/NotoSerif(1)/m/n/10 Мэдээлэгч
 []


Underfull \hbox (badness 10000) in paragraph at lines 151--152
\TU/NotoSerif(1)/m/it/10 болон биологийн дайныг даван гарсан
 []


Underfull \hbox (badness 1226) in paragraph at lines 151--152
\TU/NotoSerif(1)/m/it/10 ам эрс буурна\TU/LatinModernRoman(0)/m/it/10 . \TU/Not
oSerif(1)/m/it/10 Энэ геофизикийн гамшиг
 []


Underfull \hbox (badness 10000) in paragraph at lines 151--152
\TU/NotoSerif(1)/m/it/10 ойролцоогоор тэн хагас болж багасах
 []


Underfull \hbox (badness 1052) in paragraph at lines 151--152
\TU/NotoSerif(1)/m/it/10 байх\TU/LatinModernRoman(0)/m/it/10 . \TU/NotoSerif(1)
/m/it/10 Үүнийг давж үлдсэн хүмүүс дэлхий
 []


Underfull \hbox (badness 3612) in paragraph at lines 151--152
\TU/NotoSerif(1)/m/it/10 болон үлдсэн хүн амыг дараачийн эринд
 []


Underfull \hbox (badness 1248) in paragraph at lines 151--152
\TU/NotoSerif(1)/m/it/10 удирдах хүмүүсийг тодорхойлно\TU/LatinModernRoman(0)/m
/it/10 . \TU/NotoSerif(1)/m/it/10 Тэгэхээр
 []


Underfull \hbox (badness 1389) in paragraph at lines 151--152
\TU/NotoSerif(1)/m/it/10 бид гамшгийн дараах эрнийг ярьж байна\TU/LatinModernRo
man(0)/m/it/10 .
 []


Underfull \hbox (badness 1226) in paragraph at lines 151--152
\TU/NotoSerif(1)/m/it/10 үхэн хатан зүтгэж байгаа\TU/LatinModernRoman(0)/m/it/1
0 . \TU/NotoSerif(1)/m/it/10 Замбараагүй
 []


Underfull \hbox (badness 10000) in paragraph at lines 151--152
\TU/NotoSerif(1)/m/it/10 байдал дэгдэхээс өмнө зайлшгүй бүтэц
 []


Underfull \hbox (badness 3271) in paragraph at lines 151--152
\TU/NotoSerif(1)/m/it/10 нь бэлэн байх ёстой\TU/LatinModernRoman(0)/m/it/10 , \
TU/NotoSerif(1)/m/it/10 ингэснээр ирээдүйд
 []


Underfull \hbox (badness 2418) in paragraph at lines 151--152
\TU/NotoSerif(1)/m/it/10 болох гамшгаас амьд мултарч\TU/LatinModernRoman(0)/m/i
t/10 , \TU/NotoSerif(1)/m/it/10 маргааш
 []


Underfull \hbox (badness 5105) in paragraph at lines 151--152
\TU/NotoSerif(1)/m/it/10 нь хоёр хөл дээрээ зогсоод\TU/LatinModernRoman(0)/m/it
/10 , \TU/NotoSerif(1)/m/it/10 эрх мэдлээ
 []


Underfull \hbox (badness 10000) in paragraph at lines 151--152
\TU/NotoSerif(1)/m/it/10 хадгалан\TU/LatinModernRoman(0)/m/it/10 , \TU/NotoSeri
f(1)/m/it/10 өмнөх хүчээ тогтоон барих
 []


Underfull \hbox (badness 4467) in paragraph at lines 151--152
\TU/NotoSerif(1)/m/n/10 ажиллагаа\TU/LatinModernRoman(0)/m/n/10 " \TU/NotoSerif
(1)/m/n/10 буюу Английн эртний уугуул
 []


Underfull \hbox (badness 1845) in paragraph at lines 151--152
\TU/NotoSerif(1)/m/n/10 иргэдийн ажиллагаа гэж нэрлэгддэг тухай
 []


Underfull \hbox (badness 4582) in paragraph at lines 151--152
\TU/NotoSerif(1)/m/it/10 цаад шалтгаан нь үндсэндээ төлөвлөгөө
 []


Underfull \hbox (badness 1688) in paragraph at lines 151--152
\TU/NotoSerif(1)/m/it/10 уугуул ард түмэн уг шинэ дэлхийг дахин
 []


Underfull \hbox (badness 2343) in paragraph at lines 151--152
\TU/NotoSerif(1)/m/it/10 ба үүнийгээ эргэн тойронд ямар ч амьд
 []


Underfull \hbox (badness 3396) in paragraph at lines 153--154
\TU/NotoSerif(1)/m/n/10 өөрийн тааврыг дэвшүүлсэн нь\TU/LatinModernRoman(0)/m/n
/10 : \TU/LatinModernRoman(0)/m/it/10 "...\TU/NotoSerif(1)/m/it/10 өөрт
 []


Underfull \hbox (badness 1132) in paragraph at lines 153--154
\TU/NotoSerif(1)/m/it/10 төрсөн зөнгөөрөө таамаглан хэлбэл\TU/LatinModernRoman(
0)/m/it/10 , \TU/NotoSerif(1)/m/it/10 одоо
 []


Underfull \hbox (badness 1783) in paragraph at lines 153--154
\TU/NotoSerif(1)/b/it/10 жилийн дотор тохиох нь гарцаагүй\TU/LatinModernRoman(0
)/m/it/10 ...
 []


Underfull \hbox (badness 1107) in paragraph at lines 153--154
\TU/NotoSerif(1)/m/it/10 байгаа үе рүү аль хэдийн орчихсон байна\TU/LatinModern
Roman(0)/m/it/10 .
 []


Underfull \hbox (badness 1748) in paragraph at lines 153--154
\TU/NotoSerif(1)/m/it/10 өмнө болсон бөгөөд\TU/LatinModernRoman(0)/m/it/10 , \T
U/NotoSerif(1)/m/it/10 энэ нь ойролцоогоор
 []


Underfull \hbox (badness 2564) in paragraph at lines 153--154
\TU/NotoSerif(1)/m/it/10 байгаа\TU/LatinModernRoman(0)/m/it/10 ... \TU/NotoSeri
f(1)/m/it/10 Давтан хэлэхэд\TU/LatinModernRoman(0)/m/it/10 , \TU/NotoSerif(1)/m
/it/10 тэд мэдэхгүй
 []


Underfull \hbox (badness 5036) in paragraph at lines 153--154
\TU/NotoSerif(1)/m/it/10 байна гэдэг нь байж боломгүй зүйл \TU/LatinModernRoman
(0)/m/it/10 —
 []


Underfull \vbox (badness 5050) has occurred while \output is active []

 [2]
Underfull \hbox (badness 1655) in paragraph at lines 155--156
\TU/NotoSerif(1)/m/n/10 Ярилцлагын үеэр тэрээр мөн дэлхийн нэг
 []


Underfull \hbox (badness 1755) in paragraph at lines 155--156
\TU/NotoSerif(1)/m/n/10 болон хоёрдугаар дайн нь зохиомол дайн
 []


Underfull \hbox (badness 2828) in paragraph at lines 155--156
\TU/NotoSerif(1)/m/n/10 Английн эртний уугуул ардын ажиллагаа
 []


Underfull \hbox (badness 4660) in paragraph at lines 155--156
\TU/NotoSerif(1)/m/n/10 нь бараг л баттайгаар олон үе дамжин
 []


Underfull \hbox (badness 10000) in paragraph at lines 155--156
\TU/NotoSerif(1)/m/n/10 Мэдээлэгчийн хэлсэнчлэн геофизикийн
 []


Underfull \hbox (badness 10000) in paragraph at lines 159--160
[]\TU/NotoSerif(1)/m/n/10 Давтан тохиох усан галавын талаар
 []


Underfull \hbox (badness 10000) in paragraph at lines 159--160
\TU/NotoSerif(1)/m/n/10 барууны мэдлэг маш сайн хадгалагдсан
 []


Underfull \hbox (badness 2478) in paragraph at lines 159--160
\TU/NotoSerif(1)/m/n/10 бөгөөд энэ нь зөвхөн Чөлөөт өрлөгүүдээр
 []


Underfull \hbox (badness 4967) in paragraph at lines 159--160
\TU/NotoSerif(1)/m/n/10 хязгаарлагдахгүй\TU/LatinModernRoman(0)/m/n/10 . \TU/No
toSerif(1)/m/n/10 Хамгийн багадаа \TU/LatinModernRoman(0)/m/n/10 2400
 []


Underfull \hbox (badness 5924) in paragraph at lines 159--160
\TU/NotoSerif(1)/m/n/10 жилийн түүхтэй Кельтийн эртний соёлт
 []


Underfull \hbox (badness 4341) in paragraph at lines 159--160
\TU/NotoSerif(1)/m/n/10 Друидууд \TU/LatinModernRoman(0)/m/n/10 [[]] \TU/NotoSe
rif(1)/m/n/10 дэлхий дээр давтан болдог
 []


Underfull \hbox (badness 10000) in paragraph at lines 159--160
\TU/NotoSerif(1)/m/n/10 гамшигт явдлуудын тухай мэдлэгийг
 []


Underfull \hbox (badness 10000) in paragraph at lines 159--160
\TU/NotoSerif(1)/m/n/10 мэдээллийг хуваалцсан\TU/LatinModernRoman(0)/m/n/10 : \
TU/LatinModernRoman(0)/m/it/10 "\TU/NotoSerif(1)/m/it/10 Уламжлалын
 []


Underfull \hbox (badness 1303) in paragraph at lines 159--160
\TU/NotoSerif(1)/m/it/10 дагуу би сүүлчийн гишүүн нь байж болох
 []


Underfull \hbox (badness 10000) in paragraph at lines 159--160
\TU/NotoSerif(1)/m/it/10 баримт нь сүүлчийн их галав юүлэлт
 []


Underfull \hbox (badness 10000) in paragraph at lines 159--160
\TU/NotoSerif(1)/m/it/10 буюу дэлхийг хамарсан сүйрлийн дараа
 []


Underfull \hbox (badness 1527) in paragraph at lines 159--160
\TU/NotoSerif(1)/m/it/10 сүйрэл амссаных\TU/LatinModernRoman(0)/m/it/10 . \TU/N
otoSerif(1)/m/it/10 Бүрэн хэмжээний одон
 []


Underfull \hbox (badness 10000) in paragraph at lines 159--160
\TU/NotoSerif(1)/m/it/10 орон судлалын мэдлэгтэй байснаар уг
 []


Underfull \hbox (badness 1584) in paragraph at lines 159--160
\TU/NotoSerif(1)/m/it/10 сүйрлүүд болж болзошгүй нөхцөл байдлыг
 []


Underfull \hbox (badness 2781) in paragraph at lines 159--160
\TU/NotoSerif(1)/m/it/10 арга хэмжээ авах боломжтой гэж үздэг
 []


Underfull \hbox (badness 6268) in paragraph at lines 159--160
\TU/NotoSerif(1)/m/it/10 байжээ\TU/LatinModernRoman(0)/m/it/10 . \TU/NotoSerif(
1)/m/it/10 Ирландын агуйны нүсэр том
 []


Underfull \hbox (badness 10000) in paragraph at lines 159--160
\TU/NotoSerif(1)/m/it/10 байгууламжуудыг ажиглавал \TU/LatinModernRoman(0)/m/it
/10 '\TU/NotoSerif(1)/m/it/10 ногоон
 []


Underfull \hbox (badness 2452) in paragraph at lines 159--160
\TU/NotoSerif(1)/m/it/10 маш бүдүүн хүлэмж маягийн бөмбөгнөөс
 []


Underfull \hbox (badness 1622) in paragraph at lines 159--160
\TU/NotoSerif(1)/m/it/10 хамгаалах барилга байгууламжууд гэдгийг
 []


Underfull \vbox (badness 10000) has occurred while \output is active []


Underfull \vbox (badness 10000) has occurred while \output is active []

 [3]
Underfull \hbox (badness 3646) in paragraph at lines 164--165
[]\TU/NotoSerif(1)/m/n/10 Үндсэндээ барууны эрх баригч хүчнүүд
 []


Underfull \hbox (badness 10000) in paragraph at lines 164--165
\TU/NotoSerif(1)/m/n/10 дэлхий нийтийн геофизикийн сүйрэл
 []


Underfull \hbox (badness 2359) in paragraph at lines 164--165
\TU/NotoSerif(1)/m/n/10 ойртоод байна гэж үзэж байгаа бол ийм
 []


Underfull \hbox (badness 1394) in paragraph at lines 164--165
\TU/NotoSerif(1)/m/n/10 үйл явдлаас өөрсдийгөө хамгаалахын тулд
 []


Underfull \hbox (badness 10000) in paragraph at lines 164--165
\TU/NotoSerif(1)/m/n/10 суурилагдсан нууц хонгилын баазуудын
 []


Underfull \hbox (badness 10000) in paragraph at lines 164--165
\TU/NotoSerif(1)/m/n/10 үед оршин суугчдаа хамгаалж чадахаас
 []


Underfull \hbox (badness 4569) in paragraph at lines 164--165
\TU/NotoSerif(1)/m/n/10 гадна төрөл бүрийн байгалийн гамшгаас
 []


Underfull \hbox (badness 2310) in paragraph at lines 164--165
\TU/NotoSerif(1)/m/n/10 нь зүгээр нэг боломжит хувилбарууд бус\TU/LatinModernRo
man(0)/m/n/10 ,
 []


Underfull \hbox (badness 10000) in paragraph at lines 164--165
\TU/NotoSerif(1)/m/n/10 байгууламжуудыг барих\TU/LatinModernRoman(0)/m/n/10 , \
TU/NotoSerif(1)/m/n/10 хүний нөөцөөр
 []


Underfull \hbox (badness 2837) in paragraph at lines 164--165
\TU/NotoSerif(1)/m/n/10 хангах\TU/LatinModernRoman(0)/m/n/10 , \TU/NotoSerif(1)
/m/n/10 засвар үйлчилгээ хийхэд асар их
 []


Underfull \hbox (badness 3323) in paragraph at lines 164--165
\TU/NotoSerif(1)/m/n/10 мөнгө шаардагдах бөгөөд энэ нь АНУ\TU/LatinModernRoman(
0)/m/n/10 -\TU/NotoSerif(1)/m/n/10 ын
 []


Underfull \hbox (badness 6575) in paragraph at lines 164--165
\TU/NotoSerif(1)/m/n/10 засгийн газарт \TU/LatinModernRoman(0)/m/n/10 18 \TU/No
toSerif(1)/m/n/10 жилийн туршид алга
 []


Underfull \hbox (badness 1331) in paragraph at lines 164--165
\TU/NotoSerif(1)/m/n/10 болсон хэдэн арван их наяд ам\TU/LatinModernRoman(0)/m/
n/10 .\TU/NotoSerif(1)/m/n/10 доллартой
 []


Underfull \hbox (badness 10000) in paragraph at lines 168--169
\TU/NotoSerif(1)/m/n/10 бичиг\TU/LatinModernRoman(0)/m/n/10 , \TU/NotoSerif(1)/
m/n/10 төлөвлөгөөг цуглуулж архивлах\TU/LatinModernRoman(0)/m/n/10 ,
 []


Underfull \hbox (badness 2884) in paragraph at lines 168--169
\TU/NotoSerif(1)/m/n/10 тэрэгнүүдээр холбоотой байх магадлалтай\TU/LatinModernR
oman(0)/m/n/10 .
 []


Underfull \hbox (badness 6125) in paragraph at lines 168--169
\TU/NotoSerif(1)/m/n/10 Эдгээр баазуудыг \TU/LatinModernRoman(0)/m/it/10 "\TU/N
otoSerif(1)/m/it/10 төсөв өндөртэй\TU/LatinModernRoman(0)/m/it/10 , \TU/NotoSer
if(1)/m/it/10 олон
 []


Underfull \hbox (badness 10000) in paragraph at lines 168--169
\TU/NotoSerif(1)/m/it/10 тоглоом\TU/LatinModernRoman(0)/m/it/10 "\TU/LatinModer
nRoman(0)/m/n/10 -\TU/NotoSerif(1)/m/n/10 оор санхүүжүүлдэг бөгөөд энэ
 []


Underfull \hbox (badness 5133) in paragraph at lines 168--169
\TU/NotoSerif(1)/m/n/10 нь Америкийн Нэгдсэн Улс гэдэг нэртэй
 []


Underfull \hbox (badness 10000) in paragraph at lines 168--169
\TU/NotoSerif(1)/m/n/10 компанийг эзэмшдэг хүмүүстэй ижил
 []


Underfull \hbox (badness 10000) in paragraph at lines 168--169
\TU/NotoSerif(1)/m/n/10 бүлэглэлийн бүрэн хяналтад байдаг \TU/LatinModernRoman(
0)/m/n/10 [[]].
 []


Underfull \hbox (badness 1584) in paragraph at lines 168--169
\TU/NotoSerif(1)/m/n/10 хэсэгт дурдагдана\TU/LatinModernRoman(0)/m/n/10 ) \TU/N
otoSerif(1)/m/n/10 болон түүний хамтрагч
 []


Underfull \hbox (badness 5711) in paragraph at lines 168--169
\TU/NotoSerif(1)/m/n/10 нэгэн судлаачийн хамт эдгээр баазуудын
 []

File: penta.jpg Graphic file (type bmp)
<penta.jpg>
File: basescrop.png Graphic file (type bmp)
<basescrop.png>

Underfull \hbox (badness 5359) in paragraph at lines 188--189
[]\TU/NotoSerif(1)/m/n/10 Энд Саудерын эх сурвалжуудаас эдгээр
 []

[4]
File: undersea.jpg Graphic file (type bmp)
<undersea.jpg>

Underfull \hbox (badness 1874) in paragraph at lines 203--203
[]\TU/NotoSerif(1)/m/n/9 Зураг \TU/LatinModernRoman(0)/m/n/9 5. []\TU/NotoSerif
(1)/m/n/9 Усан доорх баазын зураглал\TU/LatinModernRoman(0)/m/n/9 , \TU/NotoSer
if(1)/m/n/9 Вальтер
 []


Underfull \hbox (badness 3724) in paragraph at lines 203--203
\TU/NotoSerif(1)/m/n/9 Зэвсгийн төвийн Тэнгисийн цэргийн Рок\TU/LatinModernRoma
n(0)/m/n/9 -\TU/NotoSerif(1)/m/n/9 сайт
 []


Underfull \hbox (badness 1715) in paragraph at lines 208--209
\TU/NotoSerif(1)/m/n/10 доорх соронзон хөвөлтийн галт тэрэгнүүд\TU/LatinModernR
oman(0)/m/n/10 ,
 []


Underfull \hbox (badness 10000) in paragraph at lines 208--209
\TU/NotoSerif(1)/m/n/10 далайн ёроолд баригдсан баазууд \TU/LatinModernRoman(0)
/m/n/10 (\TU/NotoSerif(1)/m/n/10 Зураг
 []


Underfull \hbox (badness 4353) in paragraph at lines 208--209
[]\TU/LatinModernRoman(0)/m/n/10 5[]), \TU/NotoSerif(1)/m/n/10 мөн хуурай газар
 руу чиглэсэн усан
 []


Underfull \hbox (badness 1014) in paragraph at lines 208--209
\TU/NotoSerif(1)/m/it/10 төхөөрөмж худалдан авсан талаар ярив\TU/LatinModernRom
an(0)/m/it/10 ...
 []


Underfull \hbox (badness 10000) in paragraph at lines 208--209
\TU/NotoSerif(1)/m/it/10 Тэр тоног төхөөрөмж нь суурилагдах
 []

[5]
File: sub.jpg Graphic file (type bmp)
<sub.jpg>
File: iran.jpeg Graphic file (type bmp)
<iran.jpeg>

Underfull \hbox (badness 3364) in paragraph at lines 229--230
[]\TU/NotoSerif(1)/m/n/10 Хэрвээ үнэхээр бидний хөл доор нүсэр
 []


Underfull \hbox (badness 10000) in paragraph at lines 229--230
\TU/NotoSerif(1)/m/n/10 том\TU/LatinModernRoman(0)/m/n/10 , \TU/NotoSerif(1)/m/
n/10 нууц\TU/LatinModernRoman(0)/m/n/10 , \TU/NotoSerif(1)/m/n/10 тив дамнасан\
TU/LatinModernRoman(0)/m/n/10 , \TU/NotoSerif(1)/m/n/10 гадаргуугаас
 []


Underfull \hbox (badness 2762) in paragraph at lines 229--230
\TU/NotoSerif(1)/m/n/10 бааз\TU/LatinModernRoman(0)/m/n/10 , \TU/NotoSerif(1)/m
/n/10 тэдгээрийг холбосон дуунаас хурдан
 []


Underfull \hbox (badness 8000) in paragraph at lines 229--230
\TU/NotoSerif(1)/m/n/10 вакум хоолойн соронзон хөвөлттэй галт
 []


Underfull \hbox (badness 10000) in paragraph at lines 229--230
\TU/NotoSerif(1)/m/n/10 тэрэг\TU/LatinModernRoman(0)/m/n/10 , \TU/NotoSerif(1)/
m/n/10 бидний хөдөлмөрийн үр шимээр
 []


Underfull \hbox (badness 2126) in paragraph at lines 229--230
\TU/NotoSerif(1)/m/n/10 санхүүжүүлэгдсэн байгаа бол өнөөдөр хүн
 []


Underfull \hbox (badness 3547) in paragraph at lines 229--230
\TU/NotoSerif(1)/m/n/10 мэдэлгүй\TU/LatinModernRoman(0)/m/n/10 , \TU/NotoSerif(
1)/m/n/10 улстөрч \TU/LatinModernRoman(0)/m/n/10 "\TU/NotoSerif(1)/m/n/10 арчил
ж дэмжигчдийн\TU/LatinModernRoman(0)/m/n/10 "
 []


Underfull \hbox (badness 5119) in paragraph at lines 229--230
\TU/NotoSerif(1)/m/n/10 нь хоосон\TU/LatinModernRoman(0)/m/n/10 , \TU/NotoSerif
(1)/m/n/10 хоорондоо хуйвалдан бэлдсэн
 []


Underfull \hbox (badness 1122) in paragraph at lines 231--232
[]\TU/NotoSerif(1)/m/n/10 Нэмэлт тайлбар \TU/LatinModernRoman(0)/m/n/10 - \TU/N
otoSerif(1)/m/n/10 Ойрх дорнодод өрнөж
 []


Underfull \hbox (badness 8189) in paragraph at lines 231--232
\TU/NotoSerif(1)/m/n/10 хонгилын сүлжээнүүдийн оршин байгааг
 []


Underfull \hbox (badness 2970) in paragraph at lines 231--232
\TU/NotoSerif(1)/m/n/10 доор ухсан ХАМАС\TU/LatinModernRoman(0)/m/n/10 -\TU/Not
oSerif(1)/m/n/10 ын хонгилууд \TU/LatinModernRoman(0)/m/n/10 [[]], \TU/NotoSeri
f(1)/m/n/10 мөн
 []


Underfull \hbox (badness 5970) in paragraph at lines 231--232
[]\TU/LatinModernRoman(0)/m/n/10 7[]) [[], []]). \TU/NotoSerif(1)/m/n/10 Эдгээр
 нь ийнхүү бүтцийг
 []


Underfull \hbox (badness 4205) in paragraph at lines 231--232
\TU/NotoSerif(1)/m/n/10 барих боломж болон бодитойгоор оршин
 []


Underfull \hbox (badness 6775) in paragraph at lines 231--232
\TU/NotoSerif(1)/m/n/10 байгаа эсэхэд эргэлзэх зай үлдээлгүйгээр
 []


Underfull \hbox (badness 2080) in paragraph at lines 231--232
\TU/NotoSerif(1)/m/n/10 барьсан байж болох талаар бидэнд бодол
 []


Underfull \hbox (badness 1552) in paragraph at lines 233--233
[] \TU/LatinModernRoman(0)/b/n/11 . \TU/NotoSerif(1)/b/n/11 Нэмэлт нөөц хонгил\
TU/LatinModernRoman(0)/b/n/11 , \TU/NotoSerif(1)/b/n/11 гамшгийн
 []

File: tyrol.jpg Graphic file (type bmp)
<tyrol.jpg>

Underfull \hbox (badness 10000) in paragraph at lines 240--240
[]\TU/NotoSerif(1)/m/n/9 Зураг \TU/LatinModernRoman(0)/m/n/9 8. []\TU/NotoSerif
(1)/m/n/9 Өмнөд Тирол дахь хоргодох байр\TU/LatinModernRoman(0)/m/n/9 ,
 []


Underfull \hbox (badness 4181) in paragraph at lines 240--240
\TU/NotoSerif(1)/m/n/9 Швейцар\TU/LatinModernRoman(0)/m/n/9 . \TU/NotoSerif(1)/
m/n/9 Европын Альпын нуруу дамжсан
 []

File: svalbard.jpg Graphic file (type bmp)
<svalbard.jpg>

Underfull \hbox (badness 1286) in paragraph at lines 250--250
[]\TU/NotoSerif(1)/m/n/9 Зураг \TU/LatinModernRoman(0)/m/n/9 9. []\TU/NotoSerif
(1)/m/n/9 Норвегт байрлах Свалбардын Дэлхийн
 []


Underfull \hbox (badness 2261) in paragraph at lines 250--250
\TU/LatinModernRoman(0)/m/n/9 [[]]. \TU/NotoSerif(1)/m/n/9 Ямар нөхцөлд уг асар
 нөөцийг ашиглах
 []


Underfull \hbox (badness 3536) in paragraph at lines 250--250
\TU/NotoSerif(1)/m/n/9 шаардлагатай болох талаар гайхахгүй байхын
 []

[6]
Underfull \hbox (badness 5893) in paragraph at lines 265--266
\TU/NotoSerif(1)/m/it/10 энэ жил Нью Йоркер сэтгүүлд хэлэхдээ
 []


Underfull \hbox (badness 4441) in paragraph at lines 265--266
\TU/NotoSerif(1)/m/it/10 Силикон хөндийн тэрбумтнуудын \TU/LatinModernRoman(0)/
m/it/10 50%-\TU/NotoSerif(1)/m/it/10 иас
 []


Underfull \hbox (badness 6001) in paragraph at lines 265--266
\TU/NotoSerif(1)/m/it/10 илүү нь ямар нэг \TU/LatinModernRoman(0)/m/it/10 "\TU/
NotoSerif(1)/m/it/10 гамшгийн даатгал\TU/LatinModernRoman(0)/m/it/10 ",
 []


Underfull \hbox (badness 10000) in paragraph at lines 265--266
\TU/NotoSerif(1)/m/it/10 жишээлбэл газрын доорх хоргодох байр
 []

File: govcrop2.png Graphic file (type bmp)
<govcrop2.png>

Underfull \hbox (badness 10000) in paragraph at lines 267--276
\TU/NotoSerif(1)/m/n/10 гамшгийн үед хадгалахаар зорилготой
 []


Underfull \hbox (badness 7576) in paragraph at lines 267--276
\TU/NotoSerif(1)/m/n/10 үрийн сан \TU/LatinModernRoman(0)/m/n/10 [[]] \TU/NotoS
erif(1)/m/n/10 зэрэг томоохон архивын
 []


Underfull \hbox (badness 10000) in paragraph at lines 276--276
[] \TU/LatinModernRoman(0)/b/n/12 . \TU/NotoSerif(1)/b/n/12 Асар том газар доор
х
 []


Underfull \hbox (badness 3118) in paragraph at lines 276--276
\TU/NotoSerif(1)/b/n/12 баазуудыг ардчилсан байдлаар
 []


Underfull \hbox (badness 10000) in paragraph at lines 278--279
\TU/NotoSerif(1)/m/n/10 хэрхэн харанхуйд байлгах вэ\TU/LatinModernRoman(0)/m/n/
10 ? \TU/NotoSerif(1)/m/n/10 Эдгээр
 []


Underfull \hbox (badness 7851) in paragraph at lines 278--279
\TU/NotoSerif(1)/m/n/10 төслүүдэд ямар хэмжээний мөнгө ордог\TU/LatinModernRoma
n(0)/m/n/10 ,
 []


Underfull \hbox (badness 1454) in paragraph at lines 278--279
\TU/NotoSerif(1)/m/n/10 Остин Фитс болон Мичиганы Мужийн Их
 []


Underfull \hbox (badness 10000) in paragraph at lines 278--279
\TU/NotoSerif(1)/m/n/10 онуудад зөвшөөрөлгүйгээр \TU/LatinModernRoman(0)/m/n/10
 21 \TU/NotoSerif(1)/m/n/10 их наяд
 []


Underfull \hbox (badness 10000) in paragraph at lines 278--279
\TU/NotoSerif(1)/m/n/10 ам\TU/LatinModernRoman(0)/m/n/10 .\TU/NotoSerif(1)/m/n/
10 долларын зарцуулалт хийсэн болохыг
 []


Underfull \hbox (badness 6526) in paragraph at lines 280--281
[]\TU/NotoSerif(1)/m/n/10 Тэдний илтгэлд дурдсанаар\TU/LatinModernRoman(0)/m/n/
10 , \TU/LatinModernRoman(0)/m/it/10 "2016 \TU/NotoSerif(1)/m/it/10 оны
 []


Underfull \hbox (badness 3815) in paragraph at lines 280--281
\TU/NotoSerif(1)/m/it/10 Скэт Палтроу \TU/LatinModernRoman(0)/m/it/10 (2016) \T
U/NotoSerif(1)/m/it/10 нийтлэл нийтэлсэн
 []


Underfull \hbox (badness 3199) in paragraph at lines 280--281
\TU/NotoSerif(1)/m/it/10 ө\TU/LatinModernRoman(0)/m/it/10 ̈\TU/NotoSerif(1)/m/i
t/10 рийн дэвтрүүдээ тэнцвэртэй харагдуулах
 []


Underfull \hbox (badness 1400) in paragraph at lines 280--281
\TU/NotoSerif(1)/m/it/10 яам \TU/LatinModernRoman(0)/m/it/10 $2.3 \TU/NotoSerif
(1)/m/it/10 их наяд ам\TU/LatinModernRoman(0)/m/it/10 .\TU/NotoSerif(1)/m/it/10
 долларын гүйлгээний
 []


Underfull \hbox (badness 5105) in paragraph at lines 280--281
\TU/NotoSerif(1)/m/it/10 баримтыг алдсан гэж хэлснээр нягтлан
 []


Underfull \hbox (badness 7397) in paragraph at lines 280--281
\TU/NotoSerif(1)/m/it/10 бодох бүртгэлийн асуудлаараа томоохон
 []


Underfull \hbox (badness 3118) in paragraph at lines 280--281
\TU/NotoSerif(1)/m/it/10 өдөр мэдээний гарчиг болсон ч маргааш
 []


Underfull \hbox (badness 10000) in paragraph at lines 280--281
\TU/NotoSerif(1)/m/it/10 нь \TU/LatinModernRoman(0)/m/it/10 9/11-\TU/NotoSerif(
1)/m/it/10 ийн гамшиг дэлхийн анхаарлыг
 []


Underfull \hbox (badness 10000) in paragraph at lines 280--281
\TU/NotoSerif(1)/m/it/10 татсанаар мартагдсан\TU/LatinModernRoman(0)/m/it/10 ..
. \TU/NotoSerif(1)/m/it/10 Профессор
 []


Underfull \hbox (badness 10000) in paragraph at lines 280--281
\TU/NotoSerif(1)/m/it/10 Марк Скидмор Армийн нотлогдоогүй
 []


Underfull \hbox (badness 10000) in paragraph at lines 280--281
\TU/LatinModernRoman(0)/m/it/10 $6.5 \TU/NotoSerif(1)/m/it/10 их наяд ам\TU/Lat
inModernRoman(0)/m/it/10 .\TU/NotoSerif(1)/m/it/10 долларын гүйлгээний
 []


Underfull \hbox (badness 5175) in paragraph at lines 280--281
\TU/NotoSerif(1)/m/it/10 холбогдож\TU/LatinModernRoman(0)/m/it/10 , 2017 \TU/No
toSerif(1)/m/it/10 оны хавартаа хамтран
 []


Underfull \hbox (badness 3068) in paragraph at lines 280--281
\TU/NotoSerif(1)/m/it/10 ажиллаж\TU/LatinModernRoman(0)/m/it/10 , \TU/NotoSerif
(1)/m/it/10 Орон сууц\TU/LatinModernRoman(0)/m/it/10 , \TU/NotoSerif(1)/m/it/10
 хот байгуулалтын
 []


Underfull \hbox (badness 10000) in paragraph at lines 280--281
\TU/NotoSerif(1)/m/it/10 яам болон Батлан хамгаалах яаманд
 []


Underfull \hbox (badness 1253) in paragraph at lines 280--281
\TU/NotoSerif(1)/m/it/10 газрын баримтыг цуглуулж\TU/LatinModernRoman(0)/m/it/1
0 , 1998-2016 \TU/NotoSerif(1)/m/it/10 оны
 []


Underfull \hbox (badness 1584) in paragraph at lines 280--281
\TU/NotoSerif(1)/m/it/10 хугацаанд нийт \TU/LatinModernRoman(0)/m/it/10 $21 \TU
/NotoSerif(1)/m/it/10 их наяд ам\TU/LatinModernRoman(0)/m/it/10 .\TU/NotoSerif(
1)/m/it/10 долларын
 []

[7]
Underfull \hbox (badness 6842) in paragraph at lines 282--283
\TU/NotoSerif(1)/m/n/10 хэсэг нь газар доорх баазуудад нууцаар
 []


Underfull \hbox (badness 6559) in paragraph at lines 282--283
\TU/NotoSerif(1)/m/n/10 зарцуулагдсан ба үүн дээр олон нийтэд
 []


Underfull \hbox (badness 2990) in paragraph at lines 282--283
\TU/NotoSerif(1)/m/n/10 олон жилийн турш үргэлжилсэн төсвийн
 []


Underfull \hbox (badness 4254) in paragraph at lines 282--283
\TU/LatinModernRoman(0)/m/n/10 2016-2023 \TU/NotoSerif(1)/m/n/10 оны зарлагын х
увьтай адилтган
 []


Underfull \hbox (badness 1715) in paragraph at lines 284--285
[]\TU/LatinModernRoman(0)/m/n/10 2021 \TU/NotoSerif(1)/m/n/10 онд Марк Скидмор 
энэ судалгаагаа
 []


Underfull \hbox (badness 4242) in paragraph at lines 284--285
\TU/LatinModernRoman(0)/m/n/10 94.7 \TU/NotoSerif(1)/m/n/10 их наяд ам\TU/Latin
ModernRoman(0)/m/n/10 .\TU/NotoSerif(1)/m/n/10 долларын нягтлан бодох
 []


Underfull \hbox (badness 10000) in paragraph at lines 284--285
\TU/NotoSerif(1)/m/n/10 бүртгэлийн тохируулга хийсэн тухай
 []


Underfull \hbox (badness 2237) in paragraph at lines 288--289
\TU/NotoSerif(1)/m/n/10 учир нь хөрөнгийг гартаа авсан барууны
 []


Underfull \hbox (badness 7796) in paragraph at lines 288--289
\TU/NotoSerif(1)/m/n/10 бүрийн онол таамаг дэвшүүлэхдээ олны
 []


Underfull \hbox (badness 2119) in paragraph at lines 288--289
\TU/NotoSerif(1)/m/n/10 хүртэл багтаадаг ч\TU/LatinModernRoman(0)/m/n/10 , \TU/
NotoSerif(1)/m/n/10 миний хамгийн сайн
 []


Underfull \hbox (badness 10000) in paragraph at lines 288--289
\TU/NotoSerif(1)/m/n/10 нэгэн нэрээ нууцалсан блогчин хүний
 []


Underfull \hbox (badness 1377) in paragraph at lines 288--289
\TU/NotoSerif(1)/m/n/10 амьдралын бүтээлээс олж болно\TU/LatinModernRoman(0)/m/
n/10 . \TU/NotoSerif(1)/m/n/10 Түүний
 []


Underfull \hbox (badness 2913) in paragraph at lines 288--289
\TU/NotoSerif(1)/m/n/10 хамарсан юм \TU/LatinModernRoman(0)/m/n/10 [[], []]. \T
U/NotoSerif(1)/m/n/10 Би түүний ажлыг
 []


Underfull \hbox (badness 10000) in paragraph at lines 288--289
\TU/NotoSerif(1)/m/n/10 удахгүй болох геофизикийн сүйрлийн
 []


Underfull \hbox (badness 6141) in paragraph at lines 288--289
\TU/NotoSerif(1)/m/n/10 талаарх \TU/LatinModernRoman(0)/m/n/10 "\TU/NotoSerif(1
)/m/n/10 зөгнөлт\TU/LatinModernRoman(0)/m/n/10 " \TU/NotoSerif(1)/m/n/10 гэж ит
гэлтэйгээр хэлж
 []

[8]
Underfull \hbox (badness 2197) in paragraph at lines 290--291
\TU/NotoSerif(1)/m/n/10 бүлгийг тодорхойлж\TU/LatinModernRoman(0)/m/n/10 , \TU/
NotoSerif(1)/m/n/10 эдгээрийг нийлүүлэн
 []


Underfull \hbox (badness 3503) in paragraph at lines 290--291
\TU/LatinModernRoman(0)/m/n/10 "\TU/NotoSerif(1)/m/n/10 Йовын үр сад\TU/LatinMo
dernRoman(0)/m/n/10 " \TU/NotoSerif(1)/m/n/10 гэж нэрлэсэн бөгөөд тэд
 []


Underfull \hbox (badness 1616) in paragraph at lines 290--291
\TU/NotoSerif(1)/m/n/10 галав юүлэх аюулын тухай мэдлэгтэй гэж
 []


Underfull \hbox (badness 2556) in paragraph at lines 290--291
\TU/NotoSerif(1)/m/n/10 өнөөгийн барууны улсуудыг удирддаг гэж
 []


Underfull \hbox (badness 3460) in paragraph at lines 290--291
\TU/NotoSerif(1)/m/n/10 итгэдэг ч\TU/LatinModernRoman(0)/m/n/10 , \TU/NotoSerif
(1)/m/n/10 гарал үүсэл\TU/LatinModernRoman(0)/m/n/10 , \TU/NotoSerif(1)/m/n/10 
түүхэн үнэн дүр
 []


Underfull \hbox (badness 10000) in paragraph at lines 292--293
[]\TU/NotoSerif(1)/m/n/10 Гурван бүлгийг ерөнхийд нь дараах
 []


Underfull \hbox (badness 1281) in paragraph at lines 302--303
[]\TU/NotoSerif(1)/m/n/10 Өнөө үед эдгээр гурван бүлэглэл нийлж
 []


Underfull \hbox (badness 1924) in paragraph at lines 302--303
\TU/NotoSerif(1)/m/n/10 Европын Иллюминатууд\TU/LatinModernRoman(0)/m/n/10 , \T
U/NotoSerif(1)/m/n/10 Чөлөөт өрлөгүүд\TU/LatinModernRoman(0)/m/n/10 ,
 []


Underfull \hbox (badness 10000) in paragraph at lines 302--303
\TU/NotoSerif(1)/m/n/10 Амаллуллагийн бичсэнээр\TU/LatinModernRoman(0)/m/n/10 ,
 \TU/LatinModernRoman(0)/m/it/10 "\TU/NotoSerif(1)/m/it/10 Яг одоо\TU/LatinMode
rnRoman(0)/m/it/10 ,
 []


Underfull \hbox (badness 1360) in paragraph at lines 302--303
\TU/NotoSerif(1)/m/it/10 одоогийн ерөнхийлөгч хүртэл мэдэх ёсгүй\TU/LatinModern
Roman(0)/m/it/10 ,
 []


Underfull \hbox (badness 1939) in paragraph at lines 302--303
\TU/NotoSerif(1)/m/it/10 тусгай зөвшөөрлийн ард сайнаар нуугдаж
 []


Underfull \hbox (badness 3281) in paragraph at lines 302--303
\TU/NotoSerif(1)/m/it/10 байгаа\TU/LatinModernRoman(0)/m/it/10 . \TU/NotoSerif(
1)/m/it/10 Өөрөөр хэлбэл\TU/LatinModernRoman(0)/m/it/10 , \TU/NotoSerif(1)/m/it
/10 тэд өөрсдийгөө
 []


Underfull \hbox (badness 10000) in paragraph at lines 302--303
\TU/NotoSerif(1)/m/it/10 олон нийтийн хяналтаас төгс нуудаг
 []


Underfull \hbox (badness 3098) in paragraph at lines 302--303
\TU/NotoSerif(1)/b/it/10 Нэгдсэн Улсын цэргийн болон засгийн
 []


Underfull \hbox (badness 10000) in paragraph at lines 302--303
\TU/NotoSerif(1)/b/it/10 эрхийг төдийгүй\TU/LatinModernRoman(0)/b/it/10 , \TU/N
otoSerif(1)/b/it/10 цаасан мөнгөний
 []


Underfull \hbox (badness 3343) in paragraph at lines 302--303
\TU/NotoSerif(1)/b/it/10 хүч\TU/LatinModernRoman(0)/b/it/10 , \TU/NotoSerif(1)/
b/it/10 томоохон корпорацууд\TU/LatinModernRoman(0)/b/it/10 , \TU/NotoSerif(1)/
b/it/10 өөрсдийн
 []


Underfull \hbox (badness 4084) in paragraph at lines 302--303
\TU/NotoSerif(1)/b/it/10 бүтээсэн бүгд найрамдах засаглалаар
 []


Underfull \hbox (badness 1796) in paragraph at lines 302--303
\TU/LatinModernRoman(0)/b/it/10 (\TU/NotoSerif(1)/b/it/10 улс төрчид амархан ав
лигад өртдөг\TU/LatinModernRoman(0)/b/it/10 ,
 []

File: illuminati.jpg Graphic file (type bmp)
<illuminati.jpg>
File: pike.jpg Graphic file (type bmp)
<pike.jpg>

Underfull \hbox (badness 3965) in paragraph at lines 324--325
[]\TU/NotoSerif(1)/m/n/10 Амаллуллагийн хэлснээр\TU/LatinModernRoman(0)/m/n/10 
, \TU/NotoSerif(1)/m/n/10 эдгээр хүмүүс
 []


Underfull \hbox (badness 10000) in paragraph at lines 324--325
\TU/NotoSerif(1)/m/n/10 шашныг басамжилж\TU/LatinModernRoman(0)/m/n/10 , \TU/No
toSerif(1)/m/n/10 дэлхийн томоохон
 []


Underfull \hbox (badness 10000) in paragraph at lines 324--325
\TU/NotoSerif(1)/m/n/10 шашнуудын ариун судруудыг өөрсдийн
 []


Underfull \hbox (badness 10000) in paragraph at lines 324--325
\TU/NotoSerif(1)/m/n/10 дайснууддаа өршөөлгүй ханддаг\TU/LatinModernRoman(0)/m/
n/10 : \TU/LatinModernRoman(0)/m/it/10 "\TU/LatinModernRoman(0)/b/it/10 2600
 []


Underfull \hbox (badness 1789) in paragraph at lines 324--325
\TU/NotoSerif(1)/b/it/10 гаруй жилийн хугацаанд тэд дэлхийн
 []


Underfull \hbox (badness 10000) in paragraph at lines 324--325
\TU/NotoSerif(1)/b/it/10 төгсгөлийн тухай онцгой мэдлэгтэй
 []


Underfull \hbox (badness 6876) in paragraph at lines 324--325
\TU/NotoSerif(1)/b/it/10 байсан хэнийг ч бай системтэйгээр
 []


Underfull \hbox (badness 1215) in paragraph at lines 324--325
\TU/NotoSerif(1)/b/it/10 арабчууд\TU/LatinModernRoman(0)/b/it/10 , \TU/NotoSeri
f(1)/b/it/10 энэтхэгийн мэргэдийг хэлээд
 []


Underfull \hbox (badness 6927) in paragraph at lines 324--325
\TU/NotoSerif(1)/b/it/10 зогсохгүй\TU/LatinModernRoman(0)/b/it/10 , \TU/NotoSer
if(1)/b/it/10 Өмнөд Америкийн сунасан
 []


Underfull \hbox (badness 2073) in paragraph at lines 324--325
\TU/NotoSerif(1)/b/it/10 Америкийн \TU/LatinModernRoman(0)/b/it/10 “\TU/NotoSer
if(1)/b/it/10 уугуул иргэд\TU/LatinModernRoman(0)/b/it/10 ”-\TU/NotoSerif(1)/b/
it/10 ыг устгасан
 []

[9]
Underfull \hbox (badness 4096) in paragraph at lines 326--327
\TU/NotoSerif(1)/m/n/10 төслийг бүхэлд нь \TU/LatinModernRoman(0)/m/n/10 "\TU/N
otoSerif(1)/m/n/10 Пайкс Пик Батолит\TU/LatinModernRoman(0)/m/n/10 "-
 []


Underfull \hbox (badness 10000) in paragraph at lines 326--327
\TU/NotoSerif(1)/m/n/10 ийг хянах зорилгоор хэрэгжүүлсэн гэж
 []


Underfull \hbox (badness 2103) in paragraph at lines 326--327
\TU/NotoSerif(1)/m/n/10 үзсэн бөгөөд энэхүү боржин уулын нуруу
 []


Underfull \hbox (badness 7685) in paragraph at lines 326--327
\TU/NotoSerif(1)/m/n/10 нь Газрын ховор геофизикийн гамшгаас
 []


Underfull \hbox (badness 7362) in paragraph at lines 326--327
[]\TU/LatinModernRoman(0)/m/n/10 12[]). \TU/NotoSerif(1)/m/n/10 Амаллуллагийн х
элснээр\TU/LatinModernRoman(0)/m/n/10 , \TU/LatinModernRoman(0)/m/it/10 "\TU/No
toSerif(1)/m/it/10 АНУ\TU/LatinModernRoman(0)/m/it/10 -\TU/NotoSerif(1)/m/it/10
 ын
 []


Underfull \hbox (badness 1147) in paragraph at lines 326--327
\TU/NotoSerif(1)/m/it/10 өндөрт\TU/LatinModernRoman(0)/m/it/10 , \TU/NotoSerif(
1)/m/it/10 далайн эргээс ийм хол байрладаг
 []


Underfull \hbox (badness 2961) in paragraph at lines 326--327
\TU/NotoSerif(1)/m/it/10 хөдөлгөөний гажилтад тэсвэртэй үлдэхэд
 []


Underfull \hbox (badness 10000) in paragraph at lines 326--327
\TU/NotoSerif(1)/m/it/10 хамгийн тохиромжтой байрлал\TU/LatinModernRoman(0)/m/i
t/10 " \TU/LatinModernRoman(0)/m/n/10 [[], []].
 []


Underfull \hbox (badness 3849) in paragraph at lines 326--327
\TU/NotoSerif(1)/m/n/10 Амаллуллагийн судалгааны дагуу өнөөдөр
 []


Underfull \hbox (badness 10000) in paragraph at lines 326--327
\TU/NotoSerif(1)/m/n/10 өргөн хэмжээний газар доорх хонгилын
 []


Underfull \hbox (badness 10000) in paragraph at lines 330--331
\TU/NotoSerif(1)/m/n/10 мянган жилийн турш дэлхийд давтан
 []


Underfull \hbox (badness 10000) in paragraph at lines 330--331
\TU/NotoSerif(1)/m/n/10 тохиох галав юүлэлтийн тухай мэдлэгээ
 []


Underfull \hbox (badness 3148) in paragraph at lines 330--331
\TU/NotoSerif(1)/m/n/10 болгоомжтой хадгалж ирсэн\TU/LatinModernRoman(0)/m/n/10
 , \TU/NotoSerif(1)/m/n/10 тун удахгүй
 []


Underfull \hbox (badness 7796) in paragraph at lines 330--331
\TU/NotoSerif(1)/m/n/10 хоргодох байгууламж барьсан\TU/LatinModernRoman(0)/m/n/
10 , \TU/NotoSerif(1)/m/n/10 мөн ийм
 []


Underfull \hbox (badness 4660) in paragraph at lines 330--331
\TU/NotoSerif(1)/m/n/10 дэлгэрэнгүй тайлбарласан\TU/LatinModernRoman(0)/m/n/10 
. \TU/NotoSerif(1)/m/n/10 Энэ бүхнийг
 []


Underfull \hbox (badness 2478) in paragraph at lines 330--331
\TU/NotoSerif(1)/m/n/10 хэрхэн санхүүжүүлсэн тухай Америк дахь
 []


Underfull \hbox (badness 2781) in paragraph at lines 330--331
\TU/NotoSerif(1)/m/n/10 баримтуудыг мөн дурдсан бөгөөд\TU/LatinModernRoman(0)/m
/n/10 , \TU/NotoSerif(1)/m/n/10 нөхцөл
 []


Underfull \hbox (badness 6792) in paragraph at lines 332--333
[]\TU/NotoSerif(1)/m/n/10 Ойртож буй геофизикийн үйл явдлын
 []


Underfull \hbox (badness 2277) in paragraph at lines 332--333
\TU/NotoSerif(1)/m/n/10 дэлхийн гео\TU/LatinModernRoman(0)/m/n/10 -\TU/NotoSeri
f(1)/m/n/10 соронзон орон зай хурдацтай
 []


Underfull \hbox (badness 5924) in paragraph at lines 332--333
\TU/NotoSerif(1)/m/n/10 өөрчлөгдөж байгаа явдал юм\TU/LatinModernRoman(0)/m/n/1
0 . \TU/NotoSerif(1)/m/n/10 Энэ нь
 []


Underfull \hbox (badness 2781) in paragraph at lines 332--333
\TU/NotoSerif(1)/m/n/10 байгаа \TU/LatinModernRoman(0)/m/n/10 (\TU/NotoSerif(1)
/m/n/10 Зураг []\TU/LatinModernRoman(0)/m/n/10 13[]) \TU/NotoSerif(1)/m/n/10 бо
лон Өмнөд Атлантын
 []


Underfull \hbox (badness 3977) in paragraph at lines 332--333
\TU/NotoSerif(1)/m/n/10 соронзон орон зайн суларч\TU/LatinModernRoman(0)/m/n/10
 , \TU/NotoSerif(1)/m/n/10 гажиж буйг
 []


Underfull \hbox (badness 4981) in paragraph at lines 332--333
\TU/NotoSerif(1)/m/n/10 хэмжихэд илэрхий байгаагаар нотлогдоно
 []


Underfull \hbox (badness 10000) in paragraph at lines 332--333
\TU/NotoSerif(1)/m/n/10 анхны хоёр \TU/LatinModernRoman(0)/m/n/10 ECDO \TU/Noto
Serif(1)/m/n/10 өгүүлэлд нарийвчлан
 []


Underfull \hbox (badness 10000) in paragraph at lines 332--333
\TU/NotoSerif(1)/m/n/10 хэлэлцсэн бөгөөд тэдгээрийг миний
 []

File: npw.jpg Graphic file (type bmp)
<npw.jpg>

Underfull \hbox (badness 2103) in paragraph at lines 344--345
\TU/LatinModernRoman(0)/m/it/10 "\TU/NotoSerif(1)/m/it/10 Энд би таны төсөөллий
г туйлын заагт
 []


Underfull \hbox (badness 1546) in paragraph at lines 344--345
\TU/NotoSerif(1)/m/it/10 одоо амьдарч буй\TU/LatinModernRoman(0)/m/it/10 , \TU/
NotoSerif(1)/m/it/10 бага наснаасаа мэддэг
 []


Underfull \hbox (badness 1668) in paragraph at lines 344--345
\TU/NotoSerif(1)/m/it/10 байлгахыг зорьсон\TU/LatinModernRoman(0)/m/it/10 , \TU
/NotoSerif(1)/m/it/10 бүрэн зохиомол бодит
 []


Underfull \hbox (badness 2818) in paragraph at lines 344--345
\TU/NotoSerif(1)/m/it/10 үүнийг би сүйрлийн нэгдмэл үзлийн уриа
 []


Underfull \hbox (badness 1521) in paragraph at lines 344--345
\TU/NotoSerif(1)/m/it/10 Харин надад хамгийн хэцүү нь хэлэх гэж
 []


Underfull \hbox (badness 1527) in paragraph at lines 344--345
\TU/NotoSerif(1)/m/it/10 явдал\TU/LatinModernRoman(0)/m/it/10 . \TU/NotoSerif(1
)/m/it/10 Яг одоогоор Матрикстай зүйрлэх
 []


Underfull \hbox (badness 1838) in paragraph at lines 344--345
\TU/NotoSerif(1)/b/it/10 нийтэд зөвшөөрөгдсөн шинжлэх ухаан
 []


Underfull \hbox (badness 1377) in paragraph at lines 344--345
\TU/NotoSerif(1)/b/it/10 нэг юман дээр л\TU/LatinModernRoman(0)/b/it/10 , \TU/N
otoSerif(1)/b/it/10 газар дэлхийн хөрс
 []


Underfull \hbox (badness 8075) in paragraph at lines 344--345
\TU/NotoSerif(1)/m/it/10 Матрикс гэх компьютерын загварчилсан
 []


Underfull \hbox (badness 1577) in paragraph at lines 344--345
\TU/NotoSerif(1)/m/it/10 бодит байдалд амьдарч байсныгаа ойлгох
 []


Underfull \vbox (badness 1210) has occurred while \output is active []

 [10]
Underfull \hbox (badness 10000) in paragraph at lines 350--351
[]\TU/NotoSerif(1)/m/n/10 Мэдлэгээ нийтийн хүртээл болгон
 []


Underfull \hbox (badness 1715) in paragraph at lines 350--351
\TU/NotoSerif(1)/m/n/10 энэ ажил боломжгүй байх байсан ба хүн
 []


Underfull \hbox (badness 1014) in paragraph at lines 350--351
\TU/NotoSerif(1)/m/n/10 төрөлхтөн харанхуйд үлдэх байлаа\TU/LatinModernRoman(0)
/m/n/10 . \TU/NotoSerif(1)/m/n/10 Таны
 []

[11

] (./mongoliantranslated.bbl
Underfull \hbox (badness 10000) in paragraph at lines 26--31
[][][] [] [][][][] [] [][] [] [][][][] [] [][][][][][][][][][][][][][][][][][][
][] [] [][][]$[]\TU/LatinModernRoman(0)/m/n/9 , July
 []


Underfull \hbox (badness 10000) in paragraph at lines 53--58
[]$[][][][][] [] [] [] [][][] [] [][][][][][][] [] [][][] [] [][][] [] [][][][]
[][][][][][][][][][][] []
 []


Underfull \hbox (badness 2302) in paragraph at lines 60--63
[]\TU/LatinModernRoman(0)/m/n/9 Junho.  Ecdo github research repository, 2024.
 []


Underfull \hbox (badness 4303) in paragraph at lines 77--80
[]\TU/LatinModernRoman(0)/m/n/9 National Centers for Environmental Information
 []


Underfull \hbox (badness 10000) in paragraph at lines 123--128
\TU/LatinModernRoman(0)/m/n/9 https://theethicalskeptic.com/2024/05/23/master-
 []


Underfull \hbox (badness 10000) in paragraph at lines 123--128
\TU/LatinModernRoman(0)/m/n/9 exothermic-core-mantle-decoupling-dzhanibekov-
 []


Underfull \hbox (badness 1688) in paragraph at lines 149--154
[]\TU/LatinModernRoman(0)/m/n/9 South Tyrol Blog.  “south tyrol’s bunker land-
 []


Underfull \hbox (badness 10000) in paragraph at lines 149--154
\TU/LatinModernRoman(0)/m/n/9 scape”.  []$[][][][][] [] [] [] [][][] [] [][][][
][][][][][][][][] [] [][][] [] [][][][] []
 []


Underfull \hbox (badness 2608) in paragraph at lines 149--154
[][][][][][][][][][][][][][][][][][][][][][][][][][][][][][][][]$[]\TU/LatinMod
ernRoman(0)/m/n/9 , Oct. 2023.  Pub-
 []


Underfull \hbox (badness 10000) in paragraph at lines 161--167
[]\TU/LatinModernRoman(0)/m/n/9 sovrynn.  “ecdo/6‑literature‑media/amallulla”.
 []


Underfull \hbox (badness 10000) in paragraph at lines 161--167
[]$[][][][][] [] [] [] [][][][][][] [] [][][] [] [][][][][][][] [] [][][][] [] 
[][][][] [] [][][][][][] []
 []


Underfull \hbox (badness 10000) in paragraph at lines 169--175
[]$[][][][][] [] [] [] [][][][][][] [] [][][] [] [][][][][][][] [] [][][][] [] 
[][][][] [] [][][][][][] []
 []


Underfull \hbox (badness 10000) in paragraph at lines 169--175
[][][][][][][][][][][][][][][][][][][][] [] [][][][][][][][][][][][][][][][]$[]
\TU/LatinModernRoman(0)/m/n/9 , 2025.
 []


Underfull \hbox (badness 10000) in paragraph at lines 177--184
[][][][][][] [] [][][][][][][][][][][][][][][][][][][][] [] [][][][][][][][][] 
[] [][][] []
 []


Underfull \hbox (badness 10000) in paragraph at lines 177--184
[][] [] [][] [] [][][][] [] [][][][][][] [] [][][][][][][][][][][][][][][][][][
][][][][][][][] []
 []


Underfull \hbox (badness 10000) in paragraph at lines 177--184
[][][][][][][][][] [] [][][][][][][][] [] [][][][][][][][] [] [][][][] [] [][][
][][] []
 []


Underfull \hbox (badness 10000) in paragraph at lines 177--184
[][][][][][][] [] [][][][][][] [] [][][][][][][][][][][] [] [][] [] [][][][][] 
[]
 []


Underfull \hbox (badness 1205) in paragraph at lines 177--184
[][][][][][][][][][][][][] [] [][][][][][][][][][][] [] [][][][]$[]\TU/LatinMod
ernRoman(0)/m/n/9 , 2025.  Accessed:
 []

[12


]) [13

] (./mongoliantranslated.aux)
 ***********
LaTeX2e <2023-11-01> patch level 1
L3 programming layer <2024-01-22>
 ***********


LaTeX Font Warning: Some font shapes were not available, defaults substituted.


LaTeX Warning: There were multiply-defined labels.

 ) 
Here is how much of TeX's memory you used:
 13765 strings out of 475702
 268358 string characters out of 5785445
 2163627 words of memory out of 5000000
 35464 multiletter control sequences out of 15000+600000
 567581 words of font info for 126 fonts, out of 8000000 for 9000
 932 hyphenation exceptions out of 8191
 79i,9n,93p,1600b,515s stack positions out of 10000i,1000n,20000p,200000b,200000s

Output written on mongoliantranslated.pdf (13 pages).
