This is XeTeX, Version 3.141592653-2.6-0.999995 (TeX Live 2023/Debian) (preloaded format=xelatex 2025.6.27)  7 JUL 2025 03:35
entering extended mode
 restricted \write18 enabled.
 %&-line parsing enabled.
**mongolian41.tex
(./mongolian41.tex
LaTeX2e <2023-11-01> patch level 1
L3 programming layer <2024-01-22>
(/usr/share/texlive/texmf-dist/tex/latex/base/article.cls
Document Class: article 2023/05/17 v1.4n Standard LaTeX document class
(/usr/share/texlive/texmf-dist/tex/latex/base/size10.clo
File: size10.clo 2023/05/17 v1.4n Standard LaTeX file (size option)
)
\c@part=\count183
\c@section=\count184
\c@subsection=\count185
\c@subsubsection=\count186
\c@paragraph=\count187
\c@subparagraph=\count188
\c@figure=\count189
\c@table=\count190
\abovecaptionskip=\skip48
\belowcaptionskip=\skip49
\bibindent=\dimen140
)
(/usr/share/texlive/texmf-dist/tex/latex/booktabs/booktabs.sty
Package: booktabs 2020/01/12 v1.61803398 Publication quality tables
\heavyrulewidth=\dimen141
\lightrulewidth=\dimen142
\cmidrulewidth=\dimen143
\belowrulesep=\dimen144
\belowbottomsep=\dimen145
\aboverulesep=\dimen146
\abovetopsep=\dimen147
\cmidrulesep=\dimen148
\cmidrulekern=\dimen149
\defaultaddspace=\dimen150
\@cmidla=\count191
\@cmidlb=\count192
\@aboverulesep=\dimen151
\@belowrulesep=\dimen152
\@thisruleclass=\count193
\@lastruleclass=\count194
\@thisrulewidth=\dimen153
)
(/usr/share/texlive/texmf-dist/tex/latex/sttools/stfloats.sty
Package: stfloats 2017/03/27 v3.3 Improve float mechanism and baselineskip sett
ings
\@dblbotnum=\count195
\c@dblbotnumber=\count196
)
(/usr/share/texlive/texmf-dist/tex/latex/float/float.sty
Package: float 2001/11/08 v1.3d Float enhancements (AL)
\c@float@type=\count197
\float@exts=\toks17
\float@box=\box51
\@float@everytoks=\toks18
\@floatcapt=\box52
)
(/usr/share/texlive/texmf-dist/tex/latex/newunicodechar/newunicodechar.sty
Package: newunicodechar 2018/04/08 v1.2 Defining Unicode characters
)
(/usr/share/texlive/texmf-dist/tex/latex/graphics/graphicx.sty
Package: graphicx 2021/09/16 v1.2d Enhanced LaTeX Graphics (DPC,SPQR)

(/usr/share/texlive/texmf-dist/tex/latex/graphics/keyval.sty
Package: keyval 2022/05/29 v1.15 key=value parser (DPC)
\KV@toks@=\toks19
)
(/usr/share/texlive/texmf-dist/tex/latex/graphics/graphics.sty
Package: graphics 2022/03/10 v1.4e Standard LaTeX Graphics (DPC,SPQR)

(/usr/share/texlive/texmf-dist/tex/latex/graphics/trig.sty
Package: trig 2021/08/11 v1.11 sin cos tan (DPC)
)
(/usr/share/texlive/texmf-dist/tex/latex/graphics-cfg/graphics.cfg
File: graphics.cfg 2016/06/04 v1.11 sample graphics configuration
)
Package graphics Info: Driver file: xetex.def on input line 107.

(/usr/share/texlive/texmf-dist/tex/latex/graphics-def/xetex.def
File: xetex.def 2022/09/22 v5.0n Graphics/color driver for xetex
))
\Gin@req@height=\dimen154
\Gin@req@width=\dimen155
)
(/usr/share/texlive/texmf-dist/tex/latex/fontspec/fontspec.sty
(/usr/share/texlive/texmf-dist/tex/latex/l3packages/xparse/xparse.sty
(/usr/share/texlive/texmf-dist/tex/latex/l3kernel/expl3.sty
Package: expl3 2024-01-22 L3 programming layer (loader) 

(/usr/share/texlive/texmf-dist/tex/latex/l3backend/l3backend-xetex.def
File: l3backend-xetex.def 2024-01-04 L3 backend support: XeTeX
\g__graphics_track_int=\count198
\l__pdf_internal_box=\box53
\g__pdf_backend_object_int=\count199
\g__pdf_backend_annotation_int=\count266
\g__pdf_backend_link_int=\count267
))
Package: xparse 2023-10-10 L3 Experimental document command parser
)
Package: fontspec 2022/01/15 v2.8a Font selection for XeLaTeX and LuaLaTeX

(/usr/share/texlive/texmf-dist/tex/latex/fontspec/fontspec-xetex.sty
Package: fontspec-xetex 2022/01/15 v2.8a Font selection for XeLaTeX and LuaLaTe
X
\l__fontspec_script_int=\count268
\l__fontspec_language_int=\count269
\l__fontspec_strnum_int=\count270
\l__fontspec_tmp_int=\count271
\l__fontspec_tmpa_int=\count272
\l__fontspec_tmpb_int=\count273
\l__fontspec_tmpc_int=\count274
\l__fontspec_em_int=\count275
\l__fontspec_emdef_int=\count276
\l__fontspec_strong_int=\count277
\l__fontspec_strongdef_int=\count278
\l__fontspec_tmpa_dim=\dimen156
\l__fontspec_tmpb_dim=\dimen157
\l__fontspec_tmpc_dim=\dimen158

(/usr/share/texlive/texmf-dist/tex/latex/base/fontenc.sty
Package: fontenc 2021/04/29 v2.0v Standard LaTeX package
)
(/usr/share/texlive/texmf-dist/tex/latex/fontspec/fontspec.cfg)))
(/usr/share/texlive/texmf-dist/tex/xelatex/ucharclasses/ucharclasses.sty
Package: ucharclasses 2022/10/20 v2.6.0 Unicode block character classes for XeL
aTeX

(/usr/share/texlive/texmf-dist/tex/generic/iftex/ifxetex.sty
Package: ifxetex 2019/10/25 v0.7 ifxetex legacy package. Use iftex instead.

(/usr/share/texlive/texmf-dist/tex/generic/iftex/iftex.sty
Package: iftex 2022/02/03 v1.0f TeX engine tests
))
\AegeanNumbersClass=\XeTeXcharclass1
\AlphabeticPresentationFormsClass=\XeTeXcharclass2
\AncientGreekMusicalNotationClass=\XeTeXcharclass3
\AncientGreekNumbersClass=\XeTeXcharclass4
\AncientSymbolsClass=\XeTeXcharclass5
\ArabicClass=\XeTeXcharclass6
\ArabicPresentationFormsAClass=\XeTeXcharclass7
\ArabicPresentationFormsBClass=\XeTeXcharclass8
\ArabicSupplementClass=\XeTeXcharclass9
\ArmenianClass=\XeTeXcharclass10
\ArrowsClass=\XeTeXcharclass11
\BalineseClass=\XeTeXcharclass12
\BasicLatinClass=\XeTeXcharclass13
\BengaliClass=\XeTeXcharclass14
\BlockElementsClass=\XeTeXcharclass15
\BopomofoClass=\XeTeXcharclass16
\BopomofoExtendedClass=\XeTeXcharclass17
\BoxDrawingClass=\XeTeXcharclass18
\BraillePatternsClass=\XeTeXcharclass19
\BugineseClass=\XeTeXcharclass20
\BuhidClass=\XeTeXcharclass21
\ByzantineMusicalSymbolsClass=\XeTeXcharclass22
\ChamClass=\XeTeXcharclass23
\CherokeeClass=\XeTeXcharclass24
\CJKCompatibilityClass=\XeTeXcharclass25
\CJKCompatibilityFormsClass=\XeTeXcharclass26
\CJKCompatibilityIdeographsClass=\XeTeXcharclass27
\CJKCompatibilityIdeographsSupplementClass=\XeTeXcharclass28
\CJKRadicalsSupplementClass=\XeTeXcharclass29
\CJKStrokesClass=\XeTeXcharclass30
\CJKSymbolsAndPunctuationClass=\XeTeXcharclass31
\CJKUnifiedIdeographsClass=\XeTeXcharclass32
\CJKUnifiedIdeographsExtensionAClass=\XeTeXcharclass33
\CJKUnifiedIdeographsExtensionBClass=\XeTeXcharclass34
\CombiningDiacriticalMarksClass=\XeTeXcharclass35
\CombiningDiacriticalMarksForSymbolsClass=\XeTeXcharclass36
\CombiningDiacriticalMarksSupplementClass=\XeTeXcharclass37
\CombiningHalfMarksClass=\XeTeXcharclass38
\ControlPicturesClass=\XeTeXcharclass39
\CopticClass=\XeTeXcharclass40
\CountingRodNumeralsClass=\XeTeXcharclass41
\CuneiformClass=\XeTeXcharclass42
\CuneiformNumbersAndPunctuationClass=\XeTeXcharclass43
\CurrencySymbolsClass=\XeTeXcharclass44
\CypriotSyllabaryClass=\XeTeXcharclass45
\CyrillicClass=\XeTeXcharclass46
\CyrillicExtendedAClass=\XeTeXcharclass47
\CyrillicExtendedBClass=\XeTeXcharclass48
\CyrillicSupplementClass=\XeTeXcharclass49
\DeseretClass=\XeTeXcharclass50
\DevanagariDanDaClass=\XeTeXcharclass51
\DevanagariMarksClass=\XeTeXcharclass52
\DevanagariPostDanDaClass=\XeTeXcharclass53
\DevanagariPostMarksClass=\XeTeXcharclass54
\DevanagariPreMarksClass=\XeTeXcharclass55
\DingbatsClass=\XeTeXcharclass56
\DominoTilesClass=\XeTeXcharclass57
\EnclosedAlphanumericsClass=\XeTeXcharclass58
\EnclosedCJKLettersAndMonthsClass=\XeTeXcharclass59
\EthiopicClass=\XeTeXcharclass60
\EthiopicExtendedClass=\XeTeXcharclass61
\EthiopicSupplementClass=\XeTeXcharclass62
\GeneralPunctuationClass=\XeTeXcharclass63
\GeometricShapesClass=\XeTeXcharclass64
\GeorgianClass=\XeTeXcharclass65
\GeorgianSupplementClass=\XeTeXcharclass66
\GlagoliticClass=\XeTeXcharclass67
\GreekAndCopticClass=\XeTeXcharclass68
\GreekExtendedClass=\XeTeXcharclass69
\GujaratiClass=\XeTeXcharclass70
\GurmukhiClass=\XeTeXcharclass71
\HalfwidthAndFullwidthFormsClass=\XeTeXcharclass72
\HangulCompatibilityJamoClass=\XeTeXcharclass73
\HangulJamoClass=\XeTeXcharclass74
\HangulSyllablesClass=\XeTeXcharclass75
\HanunooClass=\XeTeXcharclass76
\HebrewClass=\XeTeXcharclass77
\HiraganaClass=\XeTeXcharclass78
\IdeographicDescriptionCharactersClass=\XeTeXcharclass79
\IPAExtensionsClass=\XeTeXcharclass80
\KanbunClass=\XeTeXcharclass81
\KangxiRadicalsClass=\XeTeXcharclass82
\KannadaClass=\XeTeXcharclass83
\KatakanaClass=\XeTeXcharclass84
\KatakanaPhoneticExtensionsClass=\XeTeXcharclass85
\KayahLiClass=\XeTeXcharclass86
\KhmerClass=\XeTeXcharclass87
\KhmerSymbolsClass=\XeTeXcharclass88
\LaoClass=\XeTeXcharclass89
\LatinExtendedAdditionalClass=\XeTeXcharclass90
\LatinExtendedAClass=\XeTeXcharclass91
\LatinExtendedBClass=\XeTeXcharclass92
\LatinExtendedCClass=\XeTeXcharclass93
\LatinExtendedDClass=\XeTeXcharclass94
\LatinSupplementClass=\XeTeXcharclass95
\LepchaClass=\XeTeXcharclass96
\LetterlikeSymbolsClass=\XeTeXcharclass97
\LimbuClass=\XeTeXcharclass98
\LinearBIdeogramsClass=\XeTeXcharclass99
\LinearBSyllabaryClass=\XeTeXcharclass100
\MahjongTilesClass=\XeTeXcharclass101
\MalayalamClass=\XeTeXcharclass102
\MathematicalAlphanumericSymbolsClass=\XeTeXcharclass103
\MathematicalOperatorsClass=\XeTeXcharclass104
\MiscellaneousMathematicalSymbolsAClass=\XeTeXcharclass105
\MiscellaneousMathematicalSymbolsBClass=\XeTeXcharclass106
\MiscellaneousSymbolsClass=\XeTeXcharclass107
\MiscellaneousSymbolsAndArrowsClass=\XeTeXcharclass108
\MiscellaneousTechnicalClass=\XeTeXcharclass109
\ModifierToneLettersClass=\XeTeXcharclass110
\MongolianClass=\XeTeXcharclass111
\MusicalSymbolsClass=\XeTeXcharclass112
\MyanmarClass=\XeTeXcharclass113
\NewTaiLueClass=\XeTeXcharclass114
\NKoClass=\XeTeXcharclass115
\NumberFormsClass=\XeTeXcharclass116
\OghamClass=\XeTeXcharclass117
\OlChikiClass=\XeTeXcharclass118
\OldPersianClass=\XeTeXcharclass119
\OpticalCharacterRecognitionClass=\XeTeXcharclass120
\OriyaClass=\XeTeXcharclass121
\OsmanyaClass=\XeTeXcharclass122
\PhagsPaClass=\XeTeXcharclass123
\PhoenicianClass=\XeTeXcharclass124
\PhoneticExtensionsClass=\XeTeXcharclass125
\PhoneticExtensionsSupplementClass=\XeTeXcharclass126
\PrivateUseAreaClass=\XeTeXcharclass127
\RejangClass=\XeTeXcharclass128
\RunicClass=\XeTeXcharclass129
\SaurashtraClass=\XeTeXcharclass130
\ShavianClass=\XeTeXcharclass131
\SinhalaClass=\XeTeXcharclass132
\SmallFormVariantsClass=\XeTeXcharclass133
\SpacingModifierLettersClass=\XeTeXcharclass134
\SundaneseClass=\XeTeXcharclass135
\SuperscriptsAndSubscriptsClass=\XeTeXcharclass136
\SupplementalArrowsAClass=\XeTeXcharclass137
\SupplementalArrowsBClass=\XeTeXcharclass138
\SupplementalMathematicalOperatorsClass=\XeTeXcharclass139
\SupplementalPunctuationClass=\XeTeXcharclass140
\SylotiNagriClass=\XeTeXcharclass141
\SyriacClass=\XeTeXcharclass142
\TagalogClass=\XeTeXcharclass143
\TagbanwaClass=\XeTeXcharclass144
\TagsClass=\XeTeXcharclass145
\TaiLeClass=\XeTeXcharclass146
\TaiXuanJingSymbolsClass=\XeTeXcharclass147
\TamilClass=\XeTeXcharclass148
\TeluguClass=\XeTeXcharclass149
\ThaanaClass=\XeTeXcharclass150
\ThaiClass=\XeTeXcharclass151
\TibetanClass=\XeTeXcharclass152
\TifinaghClass=\XeTeXcharclass153
\UgariticClass=\XeTeXcharclass154
\UnifiedCanadianAboriginalSyllabicsClass=\XeTeXcharclass155
\VaiClass=\XeTeXcharclass156
\VerticalFormsClass=\XeTeXcharclass157
\YiRadicalsClass=\XeTeXcharclass158
\YiSyllablesClass=\XeTeXcharclass159
\YijingHexagramSymbolsClass=\XeTeXcharclass160
\AvestanClass=\XeTeXcharclass161
\BamumClass=\XeTeXcharclass162
\CJKUnifiedIdeographsExtensionCClass=\XeTeXcharclass163
\CommonIndicNumberFormsClass=\XeTeXcharclass164
\DevanagariExtendedClass=\XeTeXcharclass165
\EgyptianHieroglyphsClass=\XeTeXcharclass166
\EnclosedAlphanumericSupplementClass=\XeTeXcharclass167
\EnclosedIdeographicSupplementClass=\XeTeXcharclass168
\HangulJamoExtendedAClass=\XeTeXcharclass169
\HangulJamoExtendedBClass=\XeTeXcharclass170
\ImperialAramaicClass=\XeTeXcharclass171
\InscriptionalPahlaviClass=\XeTeXcharclass172
\InscriptionalParthianClass=\XeTeXcharclass173
\JavaneseClass=\XeTeXcharclass174
\KaithiClass=\XeTeXcharclass175
\LisuClass=\XeTeXcharclass176
\MeeteiMayekClass=\XeTeXcharclass177
\MyanmarExtendedAClass=\XeTeXcharclass178
\RumiNumeralSymbolsClass=\XeTeXcharclass179
\SamaritanClass=\XeTeXcharclass180
\TaiThamClass=\XeTeXcharclass181
\TaiVietClass=\XeTeXcharclass182
\UnifiedCanadianAboriginalSyllabicsExtendedClass=\XeTeXcharclass183
\VedicExtensionsClass=\XeTeXcharclass184
\AlchemicalSymbolsClass=\XeTeXcharclass185
\BamumSupplementClass=\XeTeXcharclass186
\BatakClass=\XeTeXcharclass187
\BrahmiClass=\XeTeXcharclass188
\CJKUnifiedIdeographsExtensionDClass=\XeTeXcharclass189
\EmoticonsClass=\XeTeXcharclass190
\EthiopicExtendedAClass=\XeTeXcharclass191
\KanaSupplementClass=\XeTeXcharclass192
\MandaicClass=\XeTeXcharclass193
\MiscellaneousSymbolsAndPictographsClass=\XeTeXcharclass194
\PlayingCardsClass=\XeTeXcharclass195
\TransportAndMapSymbolsClass=\XeTeXcharclass196
\ArabicExtendedAClass=\XeTeXcharclass197
\ArabicMathematicalAlphabeticSymbolsClass=\XeTeXcharclass198
\ChakmaClass=\XeTeXcharclass199
\MeeteiMayekExtensionsClass=\XeTeXcharclass200
\MeroiticCursiveClass=\XeTeXcharclass201
\MeroiticHieroglyphsClass=\XeTeXcharclass202
\MiaoClass=\XeTeXcharclass203
\SharadaClass=\XeTeXcharclass204
\SoraSompengClass=\XeTeXcharclass205
\SundaneseSupplementClass=\XeTeXcharclass206
\TakriClass=\XeTeXcharclass207
\BassaVahClass=\XeTeXcharclass208
\CaucasianAlbanianClass=\XeTeXcharclass209
\CombiningDiacriticalMarksExtendedClass=\XeTeXcharclass210
\CopticEpactNumbersClass=\XeTeXcharclass211
\ElbasanClass=\XeTeXcharclass212
\GeometricShapesExtendedClass=\XeTeXcharclass213
\GranthaClass=\XeTeXcharclass214
\KhojkiClass=\XeTeXcharclass215
\KhudawadiClass=\XeTeXcharclass216
\LatinExtendedEClass=\XeTeXcharclass217
\LinearAClass=\XeTeXcharclass218
\MahajaniClass=\XeTeXcharclass219
\MendeKikakuiClass=\XeTeXcharclass220
\ModiClass=\XeTeXcharclass221
\MroClass=\XeTeXcharclass222
\MyanmarExtendedBClass=\XeTeXcharclass223
\OrnamentalDingbatsClass=\XeTeXcharclass224
\PahawhHmongClass=\XeTeXcharclass225
\PauCinHauClass=\XeTeXcharclass226
\SiddhamClass=\XeTeXcharclass227
\SinhalaArchaicNumbersClass=\XeTeXcharclass228
\SupplementalArrowsCClass=\XeTeXcharclass229
\TirhutaClass=\XeTeXcharclass230
\WarangCitiClass=\XeTeXcharclass231
\CherokeeSupplementClass=\XeTeXcharclass232
\CJKUnifiedIdeographsExtensionEClass=\XeTeXcharclass233
\SupplementalSymbolsAndPictographsClass=\XeTeXcharclass234
\CyrillicExtendedCClass=\XeTeXcharclass235
\GlagoliticSupplementClass=\XeTeXcharclass236
\IdeographicSymbolsAndPunctuationClass=\XeTeXcharclass237
\MongolianSupplementClass=\XeTeXcharclass238
\CJKUnifiedIdeographsExtensionFClass=\XeTeXcharclass239
\KanaExtendedAClass=\XeTeXcharclass240
\SyriacSupplementClass=\XeTeXcharclass241
\GeorgianExtendedClass=\XeTeXcharclass242
\SmallKanaExtensionClass=\XeTeXcharclass243
\SymbolsAndPictographsExtendedAClass=\XeTeXcharclass244
\CJKUnifiedIdeographsExtensionGClass=\XeTeXcharclass245
\ArabicExtendedBClass=\XeTeXcharclass246
\EthiopicExtendedBClass=\XeTeXcharclass247
\KanaExtendedBClass=\XeTeXcharclass248
\LatinExtendedFClass=\XeTeXcharclass249
\LatinExtendedGClass=\XeTeXcharclass250
\UnifiedCanadianAboriginalSyllabicsExtendedAClass=\XeTeXcharclass251
\ArabicExtendedCClass=\XeTeXcharclass252
\CJKUnifiedIdeographsExtensionHClass=\XeTeXcharclass253
\CyrillicExtendedDClass=\XeTeXcharclass254
\DevanagariExtendedAClass=\XeTeXcharclass255
\CarianClass=\XeTeXcharclass256
\GothicClass=\XeTeXcharclass257
\KharoshthiClass=\XeTeXcharclass258
\LycianClass=\XeTeXcharclass259
\LydianClass=\XeTeXcharclass260
\OldItalicClass=\XeTeXcharclass261
\PhaistosDiscClass=\XeTeXcharclass262
\SupplementaryPrivateUseAreaAClass=\XeTeXcharclass263
\SupplementaryPrivateUseAreaBClass=\XeTeXcharclass264
\OldSouthArabianClass=\XeTeXcharclass265
\OldTurkicClass=\XeTeXcharclass266
\DuployanClass=\XeTeXcharclass267
\ManichaeanClass=\XeTeXcharclass268
\NabataeanClass=\XeTeXcharclass269
\OldNorthArabianClass=\XeTeXcharclass270
\OldPermicClass=\XeTeXcharclass271
\PalmyreneClass=\XeTeXcharclass272
\PsalterPahlaviClass=\XeTeXcharclass273
\ShorthandFormatControlsClass=\XeTeXcharclass274
\AhomClass=\XeTeXcharclass275
\AnatolianHieroglyphsClass=\XeTeXcharclass276
\EarlyDynasticCuneiformClass=\XeTeXcharclass277
\HatranClass=\XeTeXcharclass278
\MultaniClass=\XeTeXcharclass279
\OldHungarianClass=\XeTeXcharclass280
\SuttonSignWritingClass=\XeTeXcharclass281
\AdlamClass=\XeTeXcharclass282
\BhaiksukiClass=\XeTeXcharclass283
\MarchenClass=\XeTeXcharclass284
\NewaClass=\XeTeXcharclass285
\OsageClass=\XeTeXcharclass286
\TangutClass=\XeTeXcharclass287
\TangutComponentsClass=\XeTeXcharclass288
\MasaramGondiClass=\XeTeXcharclass289
\NushuClass=\XeTeXcharclass290
\SoyomboClass=\XeTeXcharclass291
\ZanabazarSquareClass=\XeTeXcharclass292
\ChessSymbolsClass=\XeTeXcharclass293
\DograClass=\XeTeXcharclass294
\GunjalaGondiClass=\XeTeXcharclass295
\HanifiRohingyaClass=\XeTeXcharclass296
\IndicSiyaqNumbersClass=\XeTeXcharclass297
\MakasarClass=\XeTeXcharclass298
\MayanNumeralsClass=\XeTeXcharclass299
\MedefaidrinClass=\XeTeXcharclass300
\OldSogdianClass=\XeTeXcharclass301
\SogdianClass=\XeTeXcharclass302
\EgyptianHieroglyphFormatControlsClass=\XeTeXcharclass303
\ElymaicClass=\XeTeXcharclass304
\NandinagariClass=\XeTeXcharclass305
\NyiakengPuachueHmongClass=\XeTeXcharclass306
\OttomanSiyaqNumbersClass=\XeTeXcharclass307
\TamilSupplementClass=\XeTeXcharclass308
\WanchoClass=\XeTeXcharclass309
\ChorasmianClass=\XeTeXcharclass310
\DivesAkuruClass=\XeTeXcharclass311
\KhitanSmallScriptClass=\XeTeXcharclass312
\LisuSupplementClass=\XeTeXcharclass313
\SymbolsForLegacyComputingClass=\XeTeXcharclass314
\TangutSupplementClass=\XeTeXcharclass315
\YezidiClass=\XeTeXcharclass316
\CyproMinoanClass=\XeTeXcharclass317
\OldUighurClass=\XeTeXcharclass318
\TangsaClass=\XeTeXcharclass319
\TotoClass=\XeTeXcharclass320
\VithkuqiClass=\XeTeXcharclass321
\ZnamennyMusicalNotationClass=\XeTeXcharclass322
\KaktovikNumeralsClass=\XeTeXcharclass323
\KawiClass=\XeTeXcharclass324
\NagMundariClass=\XeTeXcharclass325
)

Package fontspec Info: Font family 'LatinModernRoman(0)' created for font
(fontspec)             'Latin Modern Roman' with options [].
(fontspec)              
(fontspec)              This font family consists of the following NFSS
(fontspec)             series/shapes:
(fontspec)              
(fontspec)             - 'normal' (m/n) with NFSS spec.: <->"Latin Modern
(fontspec)             Roman/OT:script=latn;language=dflt;"
(fontspec)             - 'small caps'  (m/sc) with NFSS spec.: 
(fontspec)             - 'bold' (b/n) with NFSS spec.: <->"Latin Modern
(fontspec)             Roman/B/OT:script=latn;language=dflt;"
(fontspec)             - 'bold small caps'  (b/sc) with NFSS spec.: 
(fontspec)             - 'italic' (m/it) with NFSS spec.: <->"Latin Modern
(fontspec)             Roman/I/OT:script=latn;language=dflt;"
(fontspec)             - 'italic small caps'  (m/scit) with NFSS spec.: 
(fontspec)             - 'bold italic' (b/it) with NFSS spec.: <->"Latin
(fontspec)             Modern Roman/BI/OT:script=latn;language=dflt;"
(fontspec)             - 'bold italic small caps'  (b/scit) with NFSS spec.: 



Package fontspec Warning: Font "Noto Serif" does not contain requested Script
(fontspec)                "Mongolian".


Package fontspec Info: Font family 'NotoSerif(0)' created for font 'Noto
(fontspec)             Serif' with options [Script=Mongolian].
(fontspec)              
(fontspec)              This font family consists of the following NFSS
(fontspec)             series/shapes:
(fontspec)              
(fontspec)             - 'normal' (m/n) with NFSS spec.: <->"Noto
(fontspec)             Serif/OT:script=latn;language=dflt;"
(fontspec)             - 'small caps'  (m/sc) with NFSS spec.: <->"Noto
(fontspec)             Serif/OT:script=latn;language=dflt;+smcp;"
(fontspec)             - 'bold' (b/n) with NFSS spec.: <->"Noto
(fontspec)             Serif/B/OT:script=latn;language=dflt;"
(fontspec)             - 'bold small caps'  (b/sc) with NFSS spec.: <->"Noto
(fontspec)             Serif/B/OT:script=latn;language=dflt;+smcp;"
(fontspec)             - 'italic' (m/it) with NFSS spec.: <->"Noto
(fontspec)             Serif/I/OT:script=latn;language=dflt;"
(fontspec)             - 'italic small caps'  (m/scit) with NFSS spec.:
(fontspec)             <->"Noto Serif/I/OT:script=latn;language=dflt;+smcp;"
(fontspec)             - 'bold italic' (b/it) with NFSS spec.: <->"Noto
(fontspec)             Serif/BI/OT:script=latn;language=dflt;"
(fontspec)             - 'bold italic small caps'  (b/scit) with NFSS spec.:
(fontspec)             <->"Noto Serif/BI/OT:script=latn;language=dflt;+smcp;"


Package fontspec Info: Font family 'NotoSerif(1)' created for font 'Noto
(fontspec)             Serif' with options [Script=Cyrillic].
(fontspec)              
(fontspec)              This font family consists of the following NFSS
(fontspec)             series/shapes:
(fontspec)              
(fontspec)             - 'normal' (m/n) with NFSS spec.: <->"Noto
(fontspec)             Serif/OT:script=cyrl;language=dflt;"
(fontspec)             - 'small caps'  (m/sc) with NFSS spec.: <->"Noto
(fontspec)             Serif/OT:script=cyrl;language=dflt;+smcp;"
(fontspec)             - 'bold' (b/n) with NFSS spec.: <->"Noto
(fontspec)             Serif/B/OT:script=cyrl;language=dflt;"
(fontspec)             - 'bold small caps'  (b/sc) with NFSS spec.: <->"Noto
(fontspec)             Serif/B/OT:script=cyrl;language=dflt;+smcp;"
(fontspec)             - 'italic' (m/it) with NFSS spec.: <->"Noto
(fontspec)             Serif/I/OT:script=cyrl;language=dflt;"
(fontspec)             - 'italic small caps'  (m/scit) with NFSS spec.:
(fontspec)             <->"Noto Serif/I/OT:script=cyrl;language=dflt;+smcp;"
(fontspec)             - 'bold italic' (b/it) with NFSS spec.: <->"Noto
(fontspec)             Serif/BI/OT:script=cyrl;language=dflt;"
(fontspec)             - 'bold italic small caps'  (b/scit) with NFSS spec.:
(fontspec)             <->"Noto Serif/BI/OT:script=cyrl;language=dflt;+smcp;"

(./cvpr.sty (./eso-pic.sty
Package: eso-pic 2002/11/16 v1.1b eso-pic (RN)
 (./cvpr_eso.sty

LaTeX Warning: You have requested package `eso-pic',
               but the package provides `everyshi'.

Package: everyshi 2001/05/15 v3.00 EveryShipout Package (MS)
)) (/usr/share/texlive/texmf-dist/tex/latex/tools/xspace.sty
Package: xspace 2014/10/28 v1.13 Space after command names (DPC,MH)
)
CVPR 8.5 x 11-Inch Proceedings Style `cvpr.sty'.
\@ctmp=\skip50
\@figindent=\skip51
\cvprrulerbox=\box54
\cvprrulercount=\count279
\cvprruleroffset=\dimen159
\cv@lineheight=\dimen160
\cv@boxheight=\dimen161
\cv@tmpbox=\box55
\cv@refno=\count280
\cv@tot=\count281
\cv@tmpc@=\count282
\cv@tmpc=\count283
) (/usr/share/texlive/texmf-dist/tex/latex/psnfss/times.sty
Package: times 2020/03/25 PSNFSS-v9.3 (SPQR) 
)
(/usr/share/texlive/texmf-dist/tex/latex/graphics/epsfig.sty
Package: epsfig 2017/06/25 v1.7b (e)psfig emulation (SPQR)
\epsfxsize=\dimen162
\epsfysize=\dimen163
)
(/usr/share/texlive/texmf-dist/tex/latex/amsmath/amsmath.sty
Package: amsmath 2023/05/13 v2.17o AMS math features
\@mathmargin=\skip52

For additional information on amsmath, use the `?' option.
(/usr/share/texlive/texmf-dist/tex/latex/amsmath/amstext.sty
Package: amstext 2021/08/26 v2.01 AMS text

(/usr/share/texlive/texmf-dist/tex/latex/amsmath/amsgen.sty
File: amsgen.sty 1999/11/30 v2.0 generic functions
\@emptytoks=\toks20
\ex@=\dimen164
))
(/usr/share/texlive/texmf-dist/tex/latex/amsmath/amsbsy.sty
Package: amsbsy 1999/11/29 v1.2d Bold Symbols
\pmbraise@=\dimen165
)
(/usr/share/texlive/texmf-dist/tex/latex/amsmath/amsopn.sty
Package: amsopn 2022/04/08 v2.04 operator names
)
\inf@bad=\count284
LaTeX Info: Redefining \frac on input line 234.
\uproot@=\count285
\leftroot@=\count286
LaTeX Info: Redefining \overline on input line 399.
LaTeX Info: Redefining \colon on input line 410.
\classnum@=\count287
\DOTSCASE@=\count288
LaTeX Info: Redefining \ldots on input line 496.
LaTeX Info: Redefining \dots on input line 499.
LaTeX Info: Redefining \cdots on input line 620.
\Mathstrutbox@=\box56
\strutbox@=\box57
LaTeX Info: Redefining \big on input line 722.
LaTeX Info: Redefining \Big on input line 723.
LaTeX Info: Redefining \bigg on input line 724.
LaTeX Info: Redefining \Bigg on input line 725.
\big@size=\dimen166
LaTeX Font Info:    Redeclaring font encoding OML on input line 743.
LaTeX Font Info:    Redeclaring font encoding OMS on input line 744.
\macc@depth=\count289
LaTeX Info: Redefining \bmod on input line 905.
LaTeX Info: Redefining \pmod on input line 910.
LaTeX Info: Redefining \smash on input line 940.
LaTeX Info: Redefining \relbar on input line 970.
LaTeX Info: Redefining \Relbar on input line 971.
\c@MaxMatrixCols=\count290
\dotsspace@=\muskip16
\c@parentequation=\count291
\dspbrk@lvl=\count292
\tag@help=\toks21
\row@=\count293
\column@=\count294
\maxfields@=\count295
\andhelp@=\toks22
\eqnshift@=\dimen167
\alignsep@=\dimen168
\tagshift@=\dimen169
\tagwidth@=\dimen170
\totwidth@=\dimen171
\lineht@=\dimen172
\@envbody=\toks23
\multlinegap=\skip53
\multlinetaggap=\skip54
\mathdisplay@stack=\toks24
LaTeX Info: Redefining \[ on input line 2953.
LaTeX Info: Redefining \] on input line 2954.
)
(/usr/share/texlive/texmf-dist/tex/latex/amsfonts/amssymb.sty
Package: amssymb 2013/01/14 v3.01 AMS font symbols

(/usr/share/texlive/texmf-dist/tex/latex/amsfonts/amsfonts.sty
Package: amsfonts 2013/01/14 v3.01 Basic AMSFonts support
\symAMSa=\mathgroup4
\symAMSb=\mathgroup5
LaTeX Font Info:    Redeclaring math symbol \hbar on input line 98.
LaTeX Font Info:    Overwriting math alphabet `\mathfrak' in version `bold'
(Font)                  U/euf/m/n --> U/euf/b/n on input line 106.
))
(/usr/share/texlive/texmf-dist/tex/latex/hyperref/hyperref.sty
Package: hyperref 2024-01-20 v7.01h Hypertext links for LaTeX

(/usr/share/texlive/texmf-dist/tex/latex/kvsetkeys/kvsetkeys.sty
Package: kvsetkeys 2022-10-05 v1.19 Key value parser (HO)
)
(/usr/share/texlive/texmf-dist/tex/generic/kvdefinekeys/kvdefinekeys.sty
Package: kvdefinekeys 2019-12-19 v1.6 Define keys (HO)
)
(/usr/share/texlive/texmf-dist/tex/generic/pdfescape/pdfescape.sty
Package: pdfescape 2019/12/09 v1.15 Implements pdfTeX's escape features (HO)

(/usr/share/texlive/texmf-dist/tex/generic/ltxcmds/ltxcmds.sty
Package: ltxcmds 2023-12-04 v1.26 LaTeX kernel commands for general use (HO)
)
(/usr/share/texlive/texmf-dist/tex/generic/pdftexcmds/pdftexcmds.sty
Package: pdftexcmds 2020-06-27 v0.33 Utility functions of pdfTeX for LuaTeX (HO
)

(/usr/share/texlive/texmf-dist/tex/generic/infwarerr/infwarerr.sty
Package: infwarerr 2019/12/03 v1.5 Providing info/warning/error messages (HO)
)
Package pdftexcmds Info: \pdf@primitive is available.
Package pdftexcmds Info: \pdf@ifprimitive is available.
Package pdftexcmds Info: \pdfdraftmode not found.
))
(/usr/share/texlive/texmf-dist/tex/latex/hycolor/hycolor.sty
Package: hycolor 2020-01-27 v1.10 Color options for hyperref/bookmark (HO)
)
(/usr/share/texlive/texmf-dist/tex/latex/auxhook/auxhook.sty
Package: auxhook 2019-12-17 v1.6 Hooks for auxiliary files (HO)
)
(/usr/share/texlive/texmf-dist/tex/latex/hyperref/nameref.sty
Package: nameref 2023-11-26 v2.56 Cross-referencing by name of section

(/usr/share/texlive/texmf-dist/tex/latex/refcount/refcount.sty
Package: refcount 2019/12/15 v3.6 Data extraction from label references (HO)
)
(/usr/share/texlive/texmf-dist/tex/generic/gettitlestring/gettitlestring.sty
Package: gettitlestring 2019/12/15 v1.6 Cleanup title references (HO)

(/usr/share/texlive/texmf-dist/tex/latex/kvoptions/kvoptions.sty
Package: kvoptions 2022-06-15 v3.15 Key value format for package options (HO)
))
\c@section@level=\count296
)
(/usr/share/texlive/texmf-dist/tex/latex/etoolbox/etoolbox.sty
Package: etoolbox 2020/10/05 v2.5k e-TeX tools for LaTeX (JAW)
\etb@tempcnta=\count297
)
\@linkdim=\dimen173
\Hy@linkcounter=\count298
\Hy@pagecounter=\count299

(/usr/share/texlive/texmf-dist/tex/latex/hyperref/pd1enc.def
File: pd1enc.def 2024-01-20 v7.01h Hyperref: PDFDocEncoding definition (HO)
)
(/usr/share/texlive/texmf-dist/tex/generic/intcalc/intcalc.sty
Package: intcalc 2019/12/15 v1.3 Expandable calculations with integers (HO)
)
\Hy@SavedSpaceFactor=\count300

(/usr/share/texlive/texmf-dist/tex/latex/hyperref/puenc.def
File: puenc.def 2024-01-20 v7.01h Hyperref: PDF Unicode definition (HO)
)
Package hyperref Info: Option `breaklinks' set `true' on input line 4062.
Package hyperref Info: Option `bookmarks' set `false' on input line 4062.
Package hyperref Info: Hyper figures OFF on input line 4179.
Package hyperref Info: Link nesting OFF on input line 4184.
Package hyperref Info: Hyper index ON on input line 4187.
Package hyperref Info: Plain pages OFF on input line 4194.
Package hyperref Info: Backreferencing OFF on input line 4199.
Package hyperref Info: Implicit mode ON; LaTeX internals redefined.
Package hyperref Info: Bookmarks OFF on input line 4452.
\c@Hy@tempcnt=\count301

(/usr/share/texlive/texmf-dist/tex/latex/url/url.sty
\Urlmuskip=\muskip17
Package: url 2013/09/16  ver 3.4  Verb mode for urls, etc.
)
LaTeX Info: Redefining \url on input line 4784.
\XeTeXLinkMargin=\dimen174

(/usr/share/texlive/texmf-dist/tex/generic/bitset/bitset.sty
Package: bitset 2019/12/09 v1.3 Handle bit-vector datatype (HO)

(/usr/share/texlive/texmf-dist/tex/generic/bigintcalc/bigintcalc.sty
Package: bigintcalc 2019/12/15 v1.5 Expandable calculations on big integers (HO
)
))
\Fld@menulength=\count302
\Field@Width=\dimen175
\Fld@charsize=\dimen176
Package hyperref Info: Hyper figures OFF on input line 6063.
Package hyperref Info: Link nesting OFF on input line 6068.
Package hyperref Info: Hyper index ON on input line 6071.
Package hyperref Info: backreferencing OFF on input line 6078.
Package hyperref Info: Link coloring OFF on input line 6083.
Package hyperref Info: Link coloring with OCG OFF on input line 6088.
Package hyperref Info: PDF/A mode OFF on input line 6093.

(/usr/share/texlive/texmf-dist/tex/latex/base/atbegshi-ltx.sty
Package: atbegshi-ltx 2021/01/10 v1.0c Emulation of the original atbegshi
package with kernel methods
)
\Hy@abspage=\count303
\c@Item=\count304
\c@Hfootnote=\count305
)
Package hyperref Info: Driver (autodetected): hxetex.

(/usr/share/texlive/texmf-dist/tex/latex/hyperref/hxetex.def
File: hxetex.def 2024-01-20 v7.01h Hyperref driver for XeTeX

(/usr/share/texlive/texmf-dist/tex/generic/stringenc/stringenc.sty
Package: stringenc 2019/11/29 v1.12 Convert strings between diff. encodings (HO
)
)
\pdfm@box=\box58
\c@Hy@AnnotLevel=\count306
\HyField@AnnotCount=\count307
\Fld@listcount=\count308
\c@bookmark@seq@number=\count309

(/usr/share/texlive/texmf-dist/tex/latex/rerunfilecheck/rerunfilecheck.sty
Package: rerunfilecheck 2022-07-10 v1.10 Rerun checks for auxiliary files (HO)

(/usr/share/texlive/texmf-dist/tex/latex/base/atveryend-ltx.sty
Package: atveryend-ltx 2020/08/19 v1.0a Emulation of the original atveryend pac
kage
with kernel methods
)
(/usr/share/texlive/texmf-dist/tex/generic/uniquecounter/uniquecounter.sty
Package: uniquecounter 2019/12/15 v1.4 Provide unlimited unique counter (HO)
)
Package uniquecounter Info: New unique counter `rerunfilecheck' on input line 2
85.
)
\Hy@SectionHShift=\skip55
)
LaTeX Font Info:    Trying to load font information for TU+ptm on input line 86
.
LaTeX Font Info:    No file TUptm.fd. on input line 86.


LaTeX Font Warning: Font shape `TU/ptm/m/n' undefined
(Font)              using `TU/lmr/m/n' instead on input line 86.

(./mongolian41.aux

LaTeX Warning: Label `fig:onecol' multiply defined.


LaTeX Warning: Label `fig:onecol' multiply defined.


LaTeX Warning: Label `fig:onecol' multiply defined.


LaTeX Warning: Label `fig:onecol' multiply defined.


LaTeX Warning: Label `fig:onecol' multiply defined.


LaTeX Warning: Label `fig:onecol' multiply defined.


LaTeX Warning: Label `fig:onecol' multiply defined.


LaTeX Warning: Label `fig:onecol' multiply defined.


LaTeX Warning: Label `fig:onecol' multiply defined.

)
\openout1 = `mongolian41.aux'.

LaTeX Font Info:    Checking defaults for OML/cmm/m/it on input line 86.
LaTeX Font Info:    ... okay on input line 86.
LaTeX Font Info:    Checking defaults for OMS/cmsy/m/n on input line 86.
LaTeX Font Info:    ... okay on input line 86.
LaTeX Font Info:    Checking defaults for OT1/cmr/m/n on input line 86.
LaTeX Font Info:    ... okay on input line 86.
LaTeX Font Info:    Checking defaults for T1/cmr/m/n on input line 86.
LaTeX Font Info:    ... okay on input line 86.
LaTeX Font Info:    Checking defaults for TS1/cmr/m/n on input line 86.
LaTeX Font Info:    Trying to load font information for TS1+cmr on input line 8
6.
 (/usr/share/texlive/texmf-dist/tex/latex/base/ts1cmr.fd
File: ts1cmr.fd 2023/04/13 v2.5m Standard LaTeX font definitions
)
LaTeX Font Info:    ... okay on input line 86.
LaTeX Font Info:    Checking defaults for TU/lmr/m/n on input line 86.
LaTeX Font Info:    ... okay on input line 86.
LaTeX Font Info:    Checking defaults for OMX/cmex/m/n on input line 86.
LaTeX Font Info:    ... okay on input line 86.
LaTeX Font Info:    Checking defaults for U/cmr/m/n on input line 86.
LaTeX Font Info:    ... okay on input line 86.
LaTeX Font Info:    Checking defaults for PD1/pdf/m/n on input line 86.
LaTeX Font Info:    ... okay on input line 86.
LaTeX Font Info:    Checking defaults for PU/pdf/m/n on input line 86.
LaTeX Font Info:    ... okay on input line 86.

Package fontspec Info: Adjusting the maths setup (use [no-math] to avoid
(fontspec)             this).

\symlegacymaths=\mathgroup6
LaTeX Font Info:    Overwriting symbol font `legacymaths' in version `bold'
(Font)                  OT1/cmr/m/n --> OT1/cmr/bx/n on input line 86.
LaTeX Font Info:    Redeclaring math accent \acute on input line 86.
LaTeX Font Info:    Redeclaring math accent \grave on input line 86.
LaTeX Font Info:    Redeclaring math accent \ddot on input line 86.
LaTeX Font Info:    Redeclaring math accent \tilde on input line 86.
LaTeX Font Info:    Redeclaring math accent \bar on input line 86.
LaTeX Font Info:    Redeclaring math accent \breve on input line 86.
LaTeX Font Info:    Redeclaring math accent \check on input line 86.
LaTeX Font Info:    Redeclaring math accent \hat on input line 86.
LaTeX Font Info:    Redeclaring math accent \dot on input line 86.
LaTeX Font Info:    Redeclaring math accent \mathring on input line 86.
LaTeX Font Info:    Redeclaring math symbol \Gamma on input line 86.
LaTeX Font Info:    Redeclaring math symbol \Delta on input line 86.
LaTeX Font Info:    Redeclaring math symbol \Theta on input line 86.
LaTeX Font Info:    Redeclaring math symbol \Lambda on input line 86.
LaTeX Font Info:    Redeclaring math symbol \Xi on input line 86.
LaTeX Font Info:    Redeclaring math symbol \Pi on input line 86.
LaTeX Font Info:    Redeclaring math symbol \Sigma on input line 86.
LaTeX Font Info:    Redeclaring math symbol \Upsilon on input line 86.
LaTeX Font Info:    Redeclaring math symbol \Phi on input line 86.
LaTeX Font Info:    Redeclaring math symbol \Psi on input line 86.
LaTeX Font Info:    Redeclaring math symbol \Omega on input line 86.
LaTeX Font Info:    Redeclaring math symbol \mathdollar on input line 86.
LaTeX Font Info:    Redeclaring symbol font `operators' on input line 86.
LaTeX Font Info:    Encoding `OT1' has changed to `TU' for symbol font
(Font)              `operators' in the math version `normal' on input line 86.
LaTeX Font Info:    Overwriting symbol font `operators' in version `normal'
(Font)                  OT1/cmr/m/n --> TU/ptm/m/n on input line 86.
LaTeX Font Info:    Encoding `OT1' has changed to `TU' for symbol font
(Font)              `operators' in the math version `bold' on input line 86.
LaTeX Font Info:    Overwriting symbol font `operators' in version `bold'
(Font)                  OT1/cmr/bx/n --> TU/ptm/m/n on input line 86.
LaTeX Font Info:    Overwriting symbol font `operators' in version `normal'
(Font)                  TU/ptm/m/n --> TU/ptm/m/n on input line 86.
LaTeX Font Info:    Overwriting math alphabet `\mathit' in version `normal'
(Font)                  OT1/cmr/m/it --> TU/ptm/m/it on input line 86.
LaTeX Font Info:    Overwriting math alphabet `\mathbf' in version `normal'
(Font)                  OT1/cmr/bx/n --> TU/ptm/b/n on input line 86.
LaTeX Font Info:    Overwriting math alphabet `\mathsf' in version `normal'
(Font)                  OT1/cmss/m/n --> TU/phv/m/n on input line 86.
LaTeX Font Info:    Overwriting math alphabet `\mathtt' in version `normal'
(Font)                  OT1/cmtt/m/n --> TU/pcr/m/n on input line 86.
LaTeX Font Info:    Overwriting symbol font `operators' in version `bold'
(Font)                  TU/ptm/m/n --> TU/ptm/b/n on input line 86.
LaTeX Font Info:    Overwriting math alphabet `\mathit' in version `bold'
(Font)                  OT1/cmr/bx/it --> TU/ptm/b/it on input line 86.
LaTeX Font Info:    Overwriting math alphabet `\mathsf' in version `bold'
(Font)                  OT1/cmss/bx/n --> TU/phv/b/n on input line 86.
LaTeX Font Info:    Overwriting math alphabet `\mathtt' in version `bold'
(Font)                  OT1/cmtt/m/n --> TU/pcr/b/n on input line 86.

ABD: EveryShipout initializing macros
(/usr/share/texlive/texmf-dist/tex/latex/graphics/color.sty
Package: color 2022/01/06 v1.3d Standard LaTeX Color (DPC)

(/usr/share/texlive/texmf-dist/tex/latex/graphics-cfg/color.cfg
File: color.cfg 2016/01/02 v1.6 sample color configuration
)
Package color Info: Driver file: xetex.def on input line 149.

(/usr/share/texlive/texmf-dist/tex/latex/graphics/mathcolor.ltx))
Package hyperref Info: Link coloring OFF on input line 86.


LaTeX Font Warning: Font shape `TU/ptm/b/n' undefined
(Font)              using `TU/ptm/m/n' instead on input line 99.

LaTeX Font Info:    Trying to load font information for U+msa on input line 99.

(/usr/share/texlive/texmf-dist/tex/latex/amsfonts/umsa.fd
File: umsa.fd 2013/01/14 v3.01 AMS symbols A
)
LaTeX Font Info:    Trying to load font information for U+msb on input line 99.


(/usr/share/texlive/texmf-dist/tex/latex/amsfonts/umsb.fd
File: umsb.fd 2013/01/14 v3.01 AMS symbols B
)
LaTeX Font Info:    Trying to load font information for TU+pcr on input line 99
.
LaTeX Font Info:    No file TUpcr.fd. on input line 99.


LaTeX Font Warning: Font shape `TU/pcr/m/n' undefined
(Font)              using `TU/lmr/m/n' instead on input line 99.


LaTeX Font Warning: Font shape `TU/ptm/m/it' undefined
(Font)              using `TU/ptm/m/n' instead on input line 100.


LaTeX Warning: Citation `0' on page 1 undefined on input line 103.


LaTeX Warning: Citation `1' on page 1 undefined on input line 103.


LaTeX Warning: Citation `2' on page 1 undefined on input line 105.


LaTeX Warning: Citation `3' on page 1 undefined on input line 105.


LaTeX Warning: Citation `4' on page 1 undefined on input line 117.


LaTeX Warning: Citation `6' on page 1 undefined on input line 117.


Underfull \hbox (badness 10000) in paragraph at lines 117--118
\TU/NotoSerif(1)/m/n/10 Барилгачдын уулзалтад биечлэн оролцсон
 []


Underfull \hbox (badness 10000) in paragraph at lines 117--118
\TU/NotoSerif(1)/m/n/10 төлөвлөгөөнүүд бөгөөд ирэх \TU/LatinModernRoman(0)/b/n/
10 "\TU/NotoSerif(1)/b/n/10 геофизикийн
 []

File: freemason.jpg Graphic file (type bmp)
<freemason.jpg>

LaTeX Warning: Citation `5' on page 1 undefined on input line 123.


LaTeX Warning: Citation `5' on page 1 undefined on input line 123.

File: british.jpg Graphic file (type bmp)
<british.jpg>

LaTeX Warning: Citation `14' on page 1 undefined on input line 132.


LaTeX Warning: Citation `4' on page 1 undefined on input line 136.


LaTeX Warning: Citation `4' on page 1 undefined on input line 136.


Underfull \hbox (badness 6477) in paragraph at lines 136--137
[]\TU/NotoSerif(1)/m/n/10 Энэ мэдээлэгчийн хэлснээр\TU/LatinModernRoman(0)/m/n/
10 , \TU/NotoSerif(1)/m/n/10 уг уулзалтад
 []


Underfull \hbox (badness 1629) in paragraph at lines 136--137
\TU/NotoSerif(1)/m/it/10 бөгөөд тэдний зарим нь Их Британид олон
 []


Underfull \hbox (badness 1308) in paragraph at lines 136--137
\TU/NotoSerif(1)/m/it/10 нийтийн танил болсон\TU/LatinModernRoman(0)/m/it/10 , 
\TU/NotoSerif(1)/m/it/10 нэр хүндтэй хүмүүс
 []


Underfull \hbox (badness 1881) in paragraph at lines 136--137
\TU/NotoSerif(1)/m/it/10 бөгөөд аль аль нь одоогийн засгийн газарт
 []


Underfull \hbox (badness 1194) in paragraph at lines 136--137
\TU/NotoSerif(1)/m/it/10 нэг тохиолдлоор\TU/LatinModernRoman(0)/m/it/10 ! \TU/N
otoSerif(1)/m/it/10 Би энэ уулзалтыг энгийн
 []


Underfull \hbox (badness 1092) in paragraph at lines 136--137
\TU/NotoSerif(1)/m/it/10 гурван сарын уулзалт гэж бодсон\TU/LatinModernRoman(0)
/m/it/10 ... \TU/NotoSerif(1)/m/it/10 Би энэ
 []

[1


]
Underfull \hbox (badness 4543) in paragraph at lines 138--139
[]\TU/NotoSerif(1)/m/n/10 Уулзалтаар хэлэлцсэн үйл явдлын үндсэн
 []


Underfull \hbox (badness 1776) in paragraph at lines 138--139
\TU/NotoSerif(1)/m/n/10 цагийн хуваарь \TU/LatinModernRoman(0)/m/n/10 (2005 \TU
/NotoSerif(1)/m/n/10 онд\TU/LatinModernRoman(0)/m/n/10 ) \TU/NotoSerif(1)/m/n/1
0 дараах байдалтай
 []


LaTeX Warning: Citation `4' on page 2 undefined on input line 149.


LaTeX Warning: Citation `4' on page 2 undefined on input line 149.


Underfull \hbox (badness 5008) in paragraph at lines 149--150
[]\TU/NotoSerif(1)/m/n/10 Гэвч хамгийн чухал зүйл нь эдгээр үйл
 []


Underfull \hbox (badness 2221) in paragraph at lines 149--150
\TU/NotoSerif(1)/m/n/10 явдлуудын дараа юу болохыг хүлээж байгаа
 []


LaTeX Warning: Citation `4' on page 2 undefined on input line 151.


LaTeX Warning: Citation `4' on page 2 undefined on input line 151.


LaTeX Warning: Citation `4' on page 2 undefined on input line 152.


Underfull \hbox (badness 1917) in paragraph at lines 151--153
[]\TU/NotoSerif(1)/m/n/10 Энэ бүх нууц төлөвлөгөөний шалтгаан нь
 []


Underfull \hbox (badness 4846) in paragraph at lines 151--153
\TU/NotoSerif(1)/m/it/10 дайныг даван гарсан байх болно\TU/LatinModernRoman(0)/
m/it/10 . \TU/NotoSerif(1)/m/it/10 Хэрвээ
 []


Underfull \hbox (badness 1728) in paragraph at lines 151--153
\TU/NotoSerif(1)/m/it/10 энэ тохиолдвол дэлхийн хүн ам эрс буурна\TU/LatinModer
nRoman(0)/m/it/10 .
 []


Underfull \hbox (badness 3049) in paragraph at lines 151--153
\TU/NotoSerif(1)/m/it/10 катастрофын дараах эрин үед тухай ярьж
 []


Underfull \hbox (badness 3815) in paragraph at lines 151--153
\TU/NotoSerif(1)/m/it/10 үхэн хатан зүтгэж байгаа\TU/LatinModernRoman(0)/m/it/1
0 . [\TU/NotoSerif(1)/m/it/10 Замбараагүй
 []


Underfull \hbox (badness 2221) in paragraph at lines 151--153
\TU/NotoSerif(1)/m/it/10 байх ёстой\TU/LatinModernRoman(0)/m/it/10 , \TU/NotoSe
rif(1)/m/it/10 ингэснээр ирээдүйд болох зүйлд
 []


Underfull \hbox (badness 4832) in paragraph at lines 151--153
\TU/NotoSerif(1)/m/it/10 амьд үлдээд\TU/LatinModernRoman(0)/m/it/10 , \TU/NotoS
erif(1)/m/it/10 маргааш нь хоёр хөл дээрээ
 []


Underfull \hbox (badness 7433) in paragraph at lines 151--153
\TU/NotoSerif(1)/m/it/10 тогтоон барих боломжтой байх юм\TU/LatinModernRoman(0)
/m/it/10 " \TU/LatinModernRoman(0)/m/n/10 [[]].
 []


Underfull \hbox (badness 4403) in paragraph at lines 151--153
\TU/NotoSerif(1)/m/it/10 Мисс гэж нэрлэдэг шалтгаан нь үндсэндээ
 []


Underfull \hbox (badness 2922) in paragraph at lines 151--153
\TU/NotoSerif(1)/m/it/10 дараа\TU/LatinModernRoman(0)/m/it/10 , \TU/NotoSerif(1
)/m/it/10 дахин сэргээгдэх үед Англо\TU/LatinModernRoman(0)/m/it/10 -\TU/NotoSe
rif(1)/m/it/10 Саксонууд
 []

[2]

LaTeX Warning: Citation `7' on page 3 undefined on input line 158.


LaTeX Warning: Citation `8' on page 3 undefined on input line 158.


LaTeX Warning: Citation `9' on page 3 undefined on input line 158.


Underfull \hbox (badness 10000) in paragraph at lines 158--159
[]\TU/NotoSerif(1)/m/n/10 Давтагддаг катаклизмын талаар барууны
 []


Underfull \hbox (badness 10000) in paragraph at lines 158--159
\TU/NotoSerif(1)/m/n/10 зөвхөн Фриймейсонуудаар хязгаарлагдаагүй\TU/LatinModern
Roman(0)/m/n/10 .
 []


Underfull \hbox (badness 6332) in paragraph at lines 158--159
\TU/NotoSerif(1)/m/n/10 авсан \TU/LatinModernRoman(0)/m/n/10 [[]], \TU/NotoSeri
f(1)/m/n/10 дэлхийн давтагддаг катаклизмын
 []


Underfull \hbox (badness 10000) in paragraph at lines 158--159
\TU/NotoSerif(1)/m/n/10 Друид гэдгээрээ Бен МакБрэди нэрлэгддэг\TU/LatinModernR
oman(0)/m/n/10 .
 []


Underfull \hbox (badness 2644) in paragraph at lines 158--159
\TU/NotoSerif(1)/m/n/10 кинонд тэрээр Друидуудын мэдлэгийн тухай
 []


Underfull \hbox (badness 5050) in paragraph at lines 158--159
\TU/NotoSerif(1)/m/it/10 дагуу би сүүлчийн гишүүн нь байж болох
 []


Underfull \hbox (badness 3098) in paragraph at lines 158--159
\TU/NotoSerif(1)/m/it/10 энэ бүлэглэл сүүлчийн их катаклизм\TU/LatinModernRoman
(0)/m/it/10 , \TU/NotoSerif(1)/m/it/10 эсвэл
 []


Underfull \hbox (badness 10000) in paragraph at lines 158--159
\TU/NotoSerif(1)/m/it/10 дэлхийг хамарсан сүйрлийн дараа үүссэн
 []


Underfull \hbox (badness 3977) in paragraph at lines 158--159
\TU/NotoSerif(1)/m/it/10 юм\TU/LatinModernRoman(0)/m/it/10 . \TU/NotoSerif(1)/m
/it/10 Одоо эдгээр их аймшигт цахилгаан
 []


Underfull \hbox (badness 1107) in paragraph at lines 158--159
\TU/NotoSerif(1)/m/it/10 хэмжээний астрономийн мэдлэгтэй байснаар
 []


Underfull \hbox (badness 2261) in paragraph at lines 158--159
\TU/NotoSerif(1)/m/it/10 урьдчилан таамаглах\TU/LatinModernRoman(0)/m/it/10 , \
TU/NotoSerif(1)/m/it/10 өөрсдийгөө хамгаалах
 []


Underfull \hbox (badness 10000) in paragraph at lines 158--159
\TU/NotoSerif(1)/m/it/10 Ирландын агуу мегалит байгууламжуудыг
 []


Underfull \hbox (badness 4569) in paragraph at lines 158--159
\TU/NotoSerif(1)/m/it/10 түвшнээс өндөр цэг дээр байрладаг бөгөөд
 []


Underfull \hbox (badness 2426) in paragraph at lines 161--161
[] \TU/LatinModernRoman(0)/b/n/12 . \TU/NotoSerif(1)/b/n/12 Өнөө үеийн өрнөдийн
 сүйрлийн
 []


LaTeX Warning: Citation `4' on page 3 undefined on input line 163.


LaTeX Warning: Citation `6' on page 3 undefined on input line 163.


LaTeX Warning: Citation `11' on page 3 undefined on input line 163.


LaTeX Warning: Citation `12' on page 3 undefined on input line 163.


LaTeX Warning: Citation `13' on page 3 undefined on input line 163.


Underfull \hbox (badness 10000) in paragraph at lines 163--164
[]\TU/NotoSerif(1)/m/n/10 Үндсэндээ өрнөдийн эрх баригч хүчнүүд
 []


Underfull \hbox (badness 5696) in paragraph at lines 163--164
\TU/NotoSerif(1)/m/n/10 ажлууд хийгдэж байхыг бид хүлээх болно\TU/LatinModernRo
man(0)/m/n/10 .
 []


Underfull \hbox (badness 10000) in paragraph at lines 163--164
\TU/NotoSerif(1)/m/n/10 Үнэхээр ч олон өрнөдийн орнуудад гүн
 []


Underfull \hbox (badness 3965) in paragraph at lines 163--164
\TU/NotoSerif(1)/m/n/10 Ийм байгууламжууд нь цөмийн дайны үед
 []


Underfull \hbox (badness 10000) in paragraph at lines 163--164
\TU/NotoSerif(1)/m/n/10 оршин суугчдаа хамгаалж чадахаас гадна
 []


Underfull \hbox (badness 1939) in paragraph at lines 163--164
\TU/NotoSerif(1)/m/n/10 өгсөн Их Британийн өндөр түвшний чөлөөт
 []


Underfull \hbox (badness 1442) in paragraph at lines 163--164
\TU/NotoSerif(1)/m/n/10 боловсруулсан төлөвлөгөө юм шиг санагддаг\TU/LatinModer
nRoman(0)/m/n/10 .
 []


Underfull \hbox (badness 10000) in paragraph at lines 163--164
\TU/NotoSerif(1)/m/n/10 өөр жишээнүүдэд үрийн болон мэдлэгийн
 []


Underfull \hbox (badness 1824) in paragraph at lines 165--165
[] \TU/LatinModernRoman(0)/b/n/11 . \TU/NotoSerif(1)/b/n/11 Америкийн газар доо
рх ба далай
 []


LaTeX Warning: Citation `22' on page 3 undefined on input line 167.


LaTeX Warning: Citation `22' on page 3 undefined on input line 167.


LaTeX Warning: Citation `16' on page 3 undefined on input line 167.


LaTeX Warning: Citation `20' on page 3 undefined on input line 167.


Underfull \hbox (badness 1924) in paragraph at lines 167--168
\TU/NotoSerif(1)/m/n/10 судалсан хамгийн өргөн судалгаа нь Ричард
 []


Underfull \hbox (badness 4995) in paragraph at lines 167--168
\TU/NotoSerif(1)/m/n/10 Саудерын хийсэн ажил бөгөөд тэрээр АНУ\TU/LatinModernRo
man(0)/m/n/10 -
 []


Underfull \hbox (badness 4217) in paragraph at lines 167--168
\TU/NotoSerif(1)/m/n/10 ын бие даасан судлаач бөгөөд газар доорх
 []


Underfull \hbox (badness 10000) in paragraph at lines 167--168
\TU/NotoSerif(1)/m/n/10 баазын тухай хэд хэдэн ном хэвлүүлсэн
 []


Underfull \hbox (badness 1642) in paragraph at lines 167--168
\TU/NotoSerif(1)/m/n/10 байна \TU/LatinModernRoman(0)/m/n/10 [[]]. \TU/NotoSeri
f(1)/m/n/10 Саудерын ажилд засгийн газрын
 []


Underfull \hbox (badness 1097) in paragraph at lines 167--168
\TU/NotoSerif(1)/m/n/10 түүхэн болон өнөөгийн мэдээ\TU/LatinModernRoman(0)/m/n/
10 , \TU/NotoSerif(1)/m/n/10 технологиудыг
 []


Underfull \hbox (badness 1337) in paragraph at lines 167--168
\TU/NotoSerif(1)/m/n/10 нягтлан шалгах\TU/LatinModernRoman(0)/m/n/10 , \TU/Noto
Serif(1)/m/n/10 эх сурвалжуудтай харилцах\TU/LatinModernRoman(0)/m/n/10 ,
 []


Underfull \hbox (badness 10000) in paragraph at lines 167--168
\TU/NotoSerif(1)/m/n/10 дотоодын хүмүүсийн мэдүүлгийг цуглуулах
 []


Underfull \hbox (badness 2772) in paragraph at lines 167--168
\TU/NotoSerif(1)/m/n/10 том сүлжээ \TU/LatinModernRoman(0)/m/n/10 (\TU/NotoSeri
f(1)/m/n/10 зураг []\TU/LatinModernRoman(0)/m/n/10 4[]) \TU/NotoSerif(1)/m/n/10
 байгаа нь илэрч\TU/LatinModernRoman(0)/m/n/10 , \TU/NotoSerif(1)/m/n/10 гүн
 []


Underfull \hbox (badness 1360) in paragraph at lines 167--168
\TU/NotoSerif(1)/m/n/10 нь хамгийн багадаа \TU/LatinModernRoman(0)/m/n/10 3 \TU
/NotoSerif(1)/m/n/10 мили хүрч болзошгүй
 []


Underfull \hbox (badness 2237) in paragraph at lines 167--168
\TU/NotoSerif(1)/m/n/10 хурдны магнит хөвүүрийн галт тэрэгнүүдээр
 []


Underfull \hbox (badness 3078) in paragraph at lines 167--168
\TU/NotoSerif(1)/m/n/10 компанийг эзэмшдэг хүмүүсийн бүлэглэлийн
 []


Underfull \hbox (badness 4328) in paragraph at lines 167--168
\TU/LatinModernRoman(0)/m/n/10 (\TU/NotoSerif(1)/m/n/10 түүний ажил дараагийн х
эсэгт дурдагдана\TU/LatinModernRoman(0)/m/n/10 )
 []


Underfull \hbox (badness 10000) in paragraph at lines 167--168
\TU/NotoSerif(1)/m/n/10 эдгээр баазуудын тоо хэмжээг тодорхойлох
 []


Underfull \hbox (badness 1596) in paragraph at lines 167--168
\TU/NotoSerif(1)/m/n/10 судалгаа явуулахад Америкт \TU/LatinModernRoman(0)/m/n/
10 170 \TU/NotoSerif(1)/m/n/10 газар доорх\TU/LatinModernRoman(0)/m/n/10 ,
 []

[3]
File: penta.jpg Graphic file (type bmp)
<penta.jpg>


LaTeX Warning: Citation `31' on page 4 undefined on input line 174.


LaTeX Warning: Citation `31' on page 4 undefined on input line 174.

File: basescrop.png Graphic file (type bmp)
<basescrop.png>

LaTeX Warning: Citation `22' on page 4 undefined on input line 183.


LaTeX Warning: Citation `22' on page 4 undefined on input line 183.


Underfull \hbox (badness 10000) in paragraph at lines 187--188
[]\TU/NotoSerif(1)/m/n/10 Энд Саудерын эх сурвалжуудаас эдгээр
 []


Underfull \hbox (badness 1472) in paragraph at lines 187--188
\TU/NotoSerif(1)/m/n/10 баазуудын заримын цар хүрээг тодорхойлсон
 []


LaTeX Warning: Citation `22' on page 4 undefined on input line 190.


LaTeX Warning: Citation `22' on page 4 undefined on input line 191.


LaTeX Warning: Citation `22' on page 4 undefined on input line 192.

File: undersea.jpg Graphic file (type bmp)
<undersea.jpg>

LaTeX Warning: Citation `22' on page 4 undefined on input line 201.


LaTeX Warning: Citation `23' on page 4 undefined on input line 201.


LaTeX Warning: Citation `22' on page 4 undefined on input line 201.


LaTeX Warning: Citation `23' on page 4 undefined on input line 201.


Underfull \hbox (badness 7168) in paragraph at lines 201--201
[]\TU/NotoSerif(1)/m/n/9 Зураг \TU/LatinModernRoman(0)/m/n/9 5. []\TU/NotoSerif
(1)/m/n/9 Усан доорх баазын зураглал\TU/LatinModernRoman(0)/m/n/9 , \TU/NotoSer
if(1)/m/n/9 Вальтер
 []


Underfull \hbox (badness 8000) in paragraph at lines 201--201
\TU/NotoSerif(1)/m/n/9 Тэнгисийн цэргийн Хятадын Нуур\TU/LatinModernRoman(0)/m/
n/9 , \TU/NotoSerif(1)/m/n/9 Калифорниа
 []


Underfull \hbox (badness 10000) in paragraph at lines 201--201
\TU/NotoSerif(1)/m/n/9 доорх баазын багт зурагчаар ажиллаж байсан\TU/LatinModer
nRoman(0)/m/n/9 .
 []


LaTeX Warning: Citation `22' on page 4 undefined on input line 206.

File: sub.jpg Graphic file (type bmp)
<sub.jpg>

LaTeX Warning: Citation `22' on page 4 undefined on input line 212.


LaTeX Warning: Citation `23' on page 4 undefined on input line 212.


LaTeX Warning: Citation `22' on page 4 undefined on input line 212.


LaTeX Warning: Citation `23' on page 4 undefined on input line 212.


Underfull \hbox (badness 2134) in paragraph at lines 212--212
[]\TU/NotoSerif(1)/m/n/9 Зураг \TU/LatinModernRoman(0)/m/n/9 6. []\TU/NotoSerif
(1)/m/n/9 Усан доорх шумбагч онгоцны хонгилын
 []

File: iran.jpeg Graphic file (type bmp)
<iran.jpeg>

LaTeX Warning: Citation `39' on page 4 undefined on input line 221.


LaTeX Warning: Citation `40' on page 4 undefined on input line 221.


LaTeX Warning: Citation `39' on page 4 undefined on input line 221.


LaTeX Warning: Citation `40' on page 4 undefined on input line 221.


Underfull \hbox (badness 1158) in paragraph at lines 221--221
\TU/NotoSerif(1)/m/n/9 тэдний газар доорх \TU/LatinModernRoman(0)/m/n/9 "\TU/No
toSerif(1)/m/n/9 пуужингийн хот\TU/LatinModernRoman(0)/m/n/9 "-\TU/NotoSerif(1)
/m/n/9 ыг харуулж
 []


Underfull \hbox (badness 4739) in paragraph at lines 206--226
\TU/NotoSerif(1)/m/n/10 доорх соронзон левитацийн галт тэрэгнүүд\TU/LatinModern
Roman(0)/m/n/10 ,
 []


Underfull \hbox (badness 1874) in paragraph at lines 206--226
\TU/NotoSerif(1)/m/it/10 болон газар доорх баазууд ном хэвлэгдсэний
 []


Underfull \hbox (badness 1688) in paragraph at lines 206--226
\TU/NotoSerif(1)/m/it/10 өөрөө ер бусын усан доорх төслийн талаар
 []


Underfull \hbox (badness 1552) in paragraph at lines 206--226
\TU/NotoSerif(1)/m/n/10 левитэй галт тэрэг\TU/LatinModernRoman(0)/m/n/10 , \TU/
NotoSerif(1)/m/n/10 бидний хөдөлмөрийн үр
 []


Underfull \hbox (badness 3009) in paragraph at lines 206--226
\TU/NotoSerif(1)/m/n/10 доор юу байгааг мэдэхгүй төдийгүй\TU/LatinModernRoman(0
)/m/n/10 , \TU/NotoSerif(1)/m/n/10 ойрын
 []


Underfull \hbox (badness 2469) in paragraph at lines 206--226
\TU/NotoSerif(1)/m/n/10 ирээдүйд өөрсдийг нь юу хүлээж байгааг ч
 []


Underfull \hbox (badness 1173) in paragraph at lines 206--226
\TU/NotoSerif(1)/m/n/10 мэдэлгүй\TU/LatinModernRoman(0)/m/n/10 , \TU/NotoSerif(
1)/m/n/10 улстөрч \TU/LatinModernRoman(0)/m/n/10 "\TU/NotoSerif(1)/m/n/10 арчил
ж дэмжигчдийн\TU/LatinModernRoman(0)/m/n/10 " \TU/NotoSerif(1)/m/n/10 нь
 []

[4]

LaTeX Warning: Citation `38' on page 5 undefined on input line 227.


LaTeX Warning: Citation `39' on page 5 undefined on input line 227.


LaTeX Warning: Citation `40' on page 5 undefined on input line 227.


Underfull \hbox (badness 2772) in paragraph at lines 227--228
[]\TU/NotoSerif(1)/m/n/10 Нэмэлт тайлбар \TU/LatinModernRoman(0)/m/n/10 - \TU/N
otoSerif(1)/m/n/10 Ойрхи Дорнодод өрнөж
 []


Underfull \hbox (badness 1533) in paragraph at lines 227--228
\TU/NotoSerif(1)/m/n/10 буй зөрчилдөөний үед томоохон газар доорх
 []


Underfull \hbox (badness 10000) in paragraph at lines 227--228
\TU/NotoSerif(1)/m/n/10 хонгилын сүлжээнүүдийн оршин байгааг
 []


Underfull \hbox (badness 1609) in paragraph at lines 227--228
\TU/NotoSerif(1)/m/n/10 ХАМАС\TU/LatinModernRoman(0)/m/n/10 -\TU/NotoSerif(1)/m
/n/10 ын хонгилууд \TU/LatinModernRoman(0)/m/n/10 [[]], \TU/NotoSerif(1)/m/n/10
 мөн Ираны газрын
 []

File: tyrol.jpg Graphic file (type bmp)
<tyrol.jpg>

LaTeX Warning: Citation `32' on page 5 undefined on input line 236.


LaTeX Warning: Citation `32' on page 5 undefined on input line 236.

File: svalbard.jpg Graphic file (type bmp)
<svalbard.jpg>

LaTeX Warning: Citation `24' on page 5 undefined on input line 246.


LaTeX Warning: Citation `24' on page 5 undefined on input line 246.


Underfull \hbox (badness 3838) in paragraph at lines 246--246
[]\TU/NotoSerif(1)/m/n/9 Зураг \TU/LatinModernRoman(0)/m/n/9 9. []\TU/NotoSerif
(1)/m/n/9 Норвегид байрлах Свалбардын Дэлхийн
 []


Underfull \vbox (badness 10000) has occurred while \output is active []

 [5]

LaTeX Warning: Citation `25' on page 6 undefined on input line 255.


LaTeX Warning: Citation `26' on page 6 undefined on input line 255.


LaTeX Warning: Citation `22' on page 6 undefined on input line 255.


LaTeX Warning: Citation `27' on page 6 undefined on input line 256.


LaTeX Warning: Citation `27' on page 6 undefined on input line 257.


LaTeX Warning: Citation `28' on page 6 undefined on input line 261.


Underfull \hbox (badness 4518) in paragraph at lines 261--262
\TU/LatinModernRoman(0)/m/it/10 "LinkedIn-\TU/NotoSerif(1)/m/it/10 ний хамтран 
бүтээгч бөгөөд нэрт
 []


Underfull \hbox (badness 5022) in paragraph at lines 261--262
\TU/NotoSerif(1)/m/it/10 тэрбумтнуудын \TU/LatinModernRoman(0)/m/it/10 50%-\TU/
NotoSerif(1)/m/it/10 иас илүү нь ямар нэг
 []


Underfull \hbox (badness 2088) in paragraph at lines 261--262
\TU/LatinModernRoman(0)/m/it/10 "\TU/NotoSerif(1)/m/it/10 апокалипсисын даатгал
\TU/LatinModernRoman(0)/m/it/10 ", \TU/NotoSerif(1)/m/it/10 жишээлбэл газрын
 []


Underfull \hbox (badness 1817) in paragraph at lines 261--262
\TU/NotoSerif(1)/m/it/10 доорх хоргодох байр худалдаж авсан хэмээн
 []


Underfull \hbox (badness 6461) in paragraph at lines 261--262
\TU/NotoSerif(1)/m/it/10 тооцоолж байгаагаа дурдсан\TU/LatinModernRoman(0)/m/it
/10 ... Forbes-\TU/NotoSerif(1)/m/it/10 ийн
 []


Underfull \hbox (badness 1365) in paragraph at lines 261--262
\TU/NotoSerif(1)/m/it/10 хувийн онгоцтой бөгөөд \TU/LatinModernRoman(0)/m/it/10
 "\TU/NotoSerif(1)/m/it/10 ямар ч үед явахад
 []


Underfull \hbox (badness 2134) in paragraph at lines 261--262
\TU/NotoSerif(1)/m/it/10 бэлэн\TU/LatinModernRoman(0)/m/it/10 " \TU/NotoSerif(1
)/m/it/10 байдаг\TU/LatinModernRoman(0)/m/it/10 . \TU/NotoSerif(1)/m/it/10 Тэд 
мөн мотоцикл\TU/LatinModernRoman(0)/m/it/10 , \TU/NotoSerif(1)/m/it/10 зэвсэг\T
U/LatinModernRoman(0)/m/it/10 ,
 []


LaTeX Warning: Citation `29' on page 6 undefined on input line 263.


LaTeX Warning: Citation `30' on page 6 undefined on input line 263.

File: govcrop2.png Graphic file (type bmp)
<govcrop2.png>

LaTeX Warning: Citation `19' on page 6 undefined on input line 269.


LaTeX Warning: Citation `19' on page 6 undefined on input line 269.


Underfull \hbox (badness 1137) in paragraph at lines 272--272
[] \TU/LatinModernRoman(0)/b/n/12 . \TU/NotoSerif(1)/b/n/12 Асар том газар доор
х баазуудыг
 []


LaTeX Warning: Citation `11' on page 6 undefined on input line 274.


LaTeX Warning: Citation `12' on page 6 undefined on input line 274.


LaTeX Warning: Citation `13' on page 6 undefined on input line 274.


Underfull \hbox (badness 3942) in paragraph at lines 274--275
\TU/NotoSerif(1)/m/n/10 ямар хэмжээний мөнгө ордог\TU/LatinModernRoman(0)/m/n/1
0 , \TU/NotoSerif(1)/m/n/10 мөн хаанаас
 []


Underfull \hbox (badness 3209) in paragraph at lines 274--275
\TU/NotoSerif(1)/m/n/10 ирдгийг бидэнд харуулж чадах цаасны мөр
 []


Underfull \hbox (badness 10000) in paragraph at lines 274--275
\TU/NotoSerif(1)/m/n/10 Улсын Их Сургуулийн эдийн засагч Марк
 []


Underfull \hbox (badness 3199) in paragraph at lines 274--275
\TU/NotoSerif(1)/m/n/10 санхүүгийн онуудад зөвшөөрөлгүйгээр \TU/LatinModernRoma
n(0)/m/n/10 21 \TU/NotoSerif(1)/m/n/10 их
 []

[6]

LaTeX Warning: Citation `12' on page 7 undefined on input line 276.


Underfull \hbox (badness 10000) in paragraph at lines 276--277
[]\TU/NotoSerif(1)/m/n/10 Тэдний илтгэлд дурдсанаар\TU/LatinModernRoman(0)/m/n/
10 , \TU/LatinModernRoman(0)/m/it/10 "2016 \TU/NotoSerif(1)/m/it/10 оны
 []


Underfull \hbox (badness 3375) in paragraph at lines 276--277
\TU/NotoSerif(1)/m/it/10 аравдугаар сарын \TU/LatinModernRoman(0)/m/it/10 7-\TU
/NotoSerif(1)/m/it/10 нд Ройтерс агентлагаас
 []


Underfull \hbox (badness 10000) in paragraph at lines 276--277
\TU/NotoSerif(1)/m/it/10 Скэт Палтроу \TU/LatinModernRoman(0)/m/it/10 (2016) \T
U/NotoSerif(1)/m/it/10 нийтлэл нийтэлсэн
 []


Underfull \hbox (badness 4886) in paragraph at lines 276--277
\TU/NotoSerif(1)/m/it/10 бөгөөд түүнд \TU/LatinModernRoman(0)/m/it/10 2015 \TU/
NotoSerif(1)/m/it/10 санхүүгийн онд Армийн
 []


Underfull \hbox (badness 10000) in paragraph at lines 276--277
\TU/NotoSerif(1)/m/it/10 ө\TU/LatinModernRoman(0)/m/it/10 ̈\TU/NotoSerif(1)/m/i
t/10 рийн дэвтрүүдээ тэнцвэртэй харагдуулах
 []


Underfull \hbox (badness 2080) in paragraph at lines 276--277
\TU/NotoSerif(1)/m/it/10 онд Армийн ерөнхий сангийн төсөв нь \TU/LatinModernRom
an(0)/m/it/10 $122
 []


Underfull \hbox (badness 3965) in paragraph at lines 276--277
\TU/NotoSerif(1)/m/it/10 тэрбум байсан нь гайхалтай нээлт байв\TU/LatinModernRo
man(0)/m/it/10 ...
 []


Underfull \hbox (badness 3088) in paragraph at lines 276--277
\TU/NotoSerif(1)/m/it/10 Батлан хамгаалах яам олон жилийн өмнө
 []


Underfull \hbox (badness 2856) in paragraph at lines 276--277
\TU/NotoSerif(1)/m/it/10 бичгийн дарга Доналд Рамсфелд Конгрессын
 []


Underfull \hbox (badness 6526) in paragraph at lines 276--277
\TU/NotoSerif(1)/m/it/10 яам \TU/LatinModernRoman(0)/m/it/10 $2.3 \TU/NotoSerif
(1)/m/it/10 их наяд ам\TU/LatinModernRoman(0)/m/it/10 .\TU/NotoSerif(1)/m/it/10
 долларын гүйлгээний
 []


Underfull \hbox (badness 10000) in paragraph at lines 276--277
\TU/NotoSerif(1)/m/it/10 баримтыг алдсан гэж хэлсэнээр нягтлан
 []


Underfull \hbox (badness 10000) in paragraph at lines 276--277
\TU/NotoSerif(1)/m/it/10 бодох бүртгэлийн асуудлаараа томоохон
 []


Underfull \hbox (badness 5316) in paragraph at lines 276--277
\TU/NotoSerif(1)/m/it/10 ийн гамшиг дэлхийн анхаарлыг татсанаар
 []


Underfull \hbox (badness 10000) in paragraph at lines 276--277
\TU/NotoSerif(1)/m/it/10 мартагдсан\TU/LatinModernRoman(0)/m/it/10 ... \TU/Noto
Serif(1)/m/it/10 Профессор Марк Скидмор
 []


Underfull \hbox (badness 10000) in paragraph at lines 276--277
\TU/NotoSerif(1)/m/it/10 Фитстэй холбогдож\TU/LatinModernRoman(0)/m/it/10 , 201
7 \TU/NotoSerif(1)/m/it/10 оны хавартаа
 []


Underfull \hbox (badness 10000) in paragraph at lines 276--277
\TU/NotoSerif(1)/m/it/10 хамтран ажиллаж\TU/LatinModernRoman(0)/m/it/10 , HUD \
TU/NotoSerif(1)/m/it/10 болон Батлан
 []


Underfull \hbox (badness 1057) in paragraph at lines 276--277
\TU/NotoSerif(1)/m/it/10 хамгаалах яаманд баталгаажуулагдаагүй\TU/LatinModernRo
man(0)/m/it/10 , \TU/NotoSerif(1)/m/it/10 их
 []


Underfull \vbox (badness 1215) has occurred while \output is active []



LaTeX Warning: Citation `15' on page 7 undefined on input line 278.


Underfull \hbox (badness 6141) in paragraph at lines 278--279
\TU/NotoSerif(1)/m/n/10 гарсан болохыг илтгэнэ\TU/LatinModernRoman(0)/m/n/10 . 
\TU/NotoSerif(1)/m/n/10 Мөн онцолмоор
 []


Underfull \hbox (badness 5288) in paragraph at lines 278--279
\TU/NotoSerif(1)/m/n/10 зүйл нь\TU/LatinModernRoman(0)/m/n/10 , \TU/NotoSerif(1
)/m/n/10 энэ нууц зарлагад олон жилийн
 []


LaTeX Warning: Citation `17' on page 7 undefined on input line 280.


LaTeX Warning: Citation `18' on page 7 undefined on input line 280.


Underfull \hbox (badness 8038) in paragraph at lines 280--281
[]\TU/LatinModernRoman(0)/m/n/10 2021 \TU/NotoSerif(1)/m/n/10 онд Марк Скидмор 
энэ судалгаагаа
 []


Underfull \hbox (badness 1496) in paragraph at lines 280--281
\TU/NotoSerif(1)/m/n/10 шинэчилж\TU/LatinModernRoman(0)/m/n/10 , Bloomberg 2017
-19 \TU/NotoSerif(1)/m/n/10 санхүүгийн оны
 []


Underfull \hbox (badness 10000) in paragraph at lines 280--281
\TU/NotoSerif(1)/m/n/10 тохируулга хийсэн тухай зарласантай
 []


Underfull \hbox (badness 10000) in paragraph at lines 280--281
\TU/LatinModernRoman(0)/m/n/10 1913 \TU/NotoSerif(1)/m/n/10 онд Холбооны Нөөций
н тогтолцоо
 []


Underfull \hbox (badness 2205) in paragraph at lines 280--281
\TU/NotoSerif(1)/m/n/10 төв банкны тогтолцоогоор АНУ\TU/LatinModernRoman(0)/m/n
/10 -\TU/NotoSerif(1)/m/n/10 ын долларыг
 []


Underfull \hbox (badness 2460) in paragraph at lines 280--281
\TU/NotoSerif(1)/m/n/10 утгатай\TU/LatinModernRoman(0)/m/n/10 , \TU/NotoSerif(1
)/m/n/10 утгагүй зүйл гэдэг тодорхой байна\TU/LatinModernRoman(0)/m/n/10 .
 []


Underfull \hbox (badness 6961) in paragraph at lines 280--281
\TU/NotoSerif(1)/m/n/10 л нөөцийн хуваарилалтын тогтолцоо болж
 []

[7]

LaTeX Warning: Citation `33' on page 8 undefined on input line 283.


LaTeX Warning: Citation `34' on page 8 undefined on input line 283.


Underfull \hbox (badness 1019) in paragraph at lines 283--284
\TU/NotoSerif(1)/m/n/10 байна вэ\TU/LatinModernRoman(0)/m/n/10 ? \TU/NotoSerif(
1)/m/n/10 Бид үүнийг яг мэдэх боломжгүй\TU/LatinModernRoman(0)/m/n/10 ,
 []


Underfull \hbox (badness 1735) in paragraph at lines 283--284
\TU/NotoSerif(1)/m/n/10 олны танил хүмүүсээс эхлээд харь гаригийн
 []


Underfull \hbox (badness 10000) in paragraph at lines 283--284
\TU/NotoSerif(1)/m/n/10 нэгэн нэргүй блогчин хүний амьдралын
 []


Underfull \hbox (badness 1552) in paragraph at lines 283--284
\TU/NotoSerif(1)/m/n/10 ажлыг удахгүй болох геофизикийн сүйрлийн
 []


Underfull \hbox (badness 6708) in paragraph at lines 285--286
[]\TU/LatinModernRoman(0)/m/n/10 Amallulla \TU/NotoSerif(1)/m/n/10 нь Барууны г
урван улс төрийн
 []


Underfull \hbox (badness 10000) in paragraph at lines 285--286
\TU/NotoSerif(1)/m/n/10 бүлгийг тодорхойлж\TU/LatinModernRoman(0)/m/n/10 , \TU/
NotoSerif(1)/m/n/10 эдгээрийг нийлүүлэн
 []


Underfull \hbox (badness 4229) in paragraph at lines 285--286
\TU/LatinModernRoman(0)/m/n/10 "\TU/NotoSerif(1)/m/n/10 эцсийн цагийн\TU/LatinM
odernRoman(0)/m/n/10 " - \TU/NotoSerif(1)/m/n/10 давтагддаг катаклизмийн
 []


Underfull \hbox (badness 10000) in paragraph at lines 285--286
\TU/NotoSerif(1)/m/n/10 бүлэг хамтдаа өнөөгийн Барууны улсуудыг
 []


Underfull \hbox (badness 1668) in paragraph at lines 285--286
\TU/NotoSerif(1)/m/n/10 дүр төрх\TU/LatinModernRoman(0)/m/n/10 , \TU/NotoSerif(
1)/m/n/10 өнгөрсөн маргаан зөрөлдөөн\TU/LatinModernRoman(0)/m/n/10 , \TU/NotoSe
rif(1)/m/n/10 үнэт
 []


LaTeX Warning: Citation `33' on page 8 undefined on input line 297.


LaTeX Warning: Citation `34' on page 8 undefined on input line 297.


Underfull \hbox (badness 6775) in paragraph at lines 297--298
[]\TU/NotoSerif(1)/m/n/10 Өнөө үед эдгээр гурван бүлэглэл нийлж
 []


Underfull \hbox (badness 1742) in paragraph at lines 297--298
\TU/NotoSerif(1)/m/n/10 мөн Тагнуулын төв газар \TU/LatinModernRoman(0)/m/n/10 
(CIA)-\TU/NotoSerif(1)/m/n/10 г бүрдүүлдэг\TU/LatinModernRoman(0)/m/n/10 .
 []


Underfull \hbox (badness 3635) in paragraph at lines 297--298
\TU/NotoSerif(1)/m/it/10 үед\TU/LatinModernRoman(0)/m/it/10 , \TU/NotoSerif(1)/
m/it/10 Зевсийн үр удам нь АНУ\TU/LatinModernRoman(0)/m/it/10 -\TU/NotoSerif(1)
/m/it/10 ын одоогийн
 []


Underfull \hbox (badness 10000) in paragraph at lines 297--298
\TU/NotoSerif(1)/m/it/10 Ерөнхийлөгч хүртэл мэдэх ёсгүй\TU/LatinModernRoman(0)/
m/it/10 , \TU/NotoSerif(1)/m/it/10 тусгай
 []


Underfull \hbox (badness 2744) in paragraph at lines 297--298
\TU/NotoSerif(1)/m/it/10 нуудаг болсон\TU/LatinModernRoman(0)/m/it/10 . \TU/Not
oSerif(1)/b/it/10 Зевсийн үр удам зөвхөн
 []


Underfull \hbox (badness 1735) in paragraph at lines 297--298
\TU/NotoSerif(1)/b/it/10 Америкийн Нэгдсэн Улсын цэргийн болон
 []


Underfull \hbox (badness 10000) in paragraph at lines 297--298
\TU/NotoSerif(1)/b/it/10 хүч\TU/LatinModernRoman(0)/b/it/10 , \TU/NotoSerif(1)/
b/it/10 томоохон корпорациуд\TU/LatinModernRoman(0)/b/it/10 , \TU/NotoSerif(1)/
b/it/10 өөрсдийн
 []

File: illuminati.jpg Graphic file (type bmp)
<illuminati.jpg>

LaTeX Warning: Citation `35' on page 8 undefined on input line 304.


LaTeX Warning: Citation `35' on page 8 undefined on input line 304.

File: pike.jpg Graphic file (type bmp)
<pike.jpg>

LaTeX Warning: Citation `36' on page 8 undefined on input line 314.


LaTeX Warning: Citation `36' on page 8 undefined on input line 314.


LaTeX Warning: Citation `33' on page 8 undefined on input line 319.


LaTeX Warning: Citation `34' on page 8 undefined on input line 319.


LaTeX Warning: Citation `33' on page 8 undefined on input line 320.


LaTeX Warning: Citation `34' on page 8 undefined on input line 320.


LaTeX Warning: Citation `36' on page 8 undefined on input line 320.


Underfull \hbox (badness 10000) in paragraph at lines 319--321
[]\TU/NotoSerif(1)/m/n/10 Амаллуллагийн хэлснээр\TU/LatinModernRoman(0)/m/n/10 
, \TU/NotoSerif(1)/m/n/10 эдгээр хүмүүс
 []


Underfull \hbox (badness 10000) in paragraph at lines 319--321
\TU/NotoSerif(1)/m/n/10 шашинг басамжилж\TU/LatinModernRoman(0)/m/n/10 , \TU/No
toSerif(1)/m/n/10 дэлхийн томоохон
 []


Underfull \hbox (badness 10000) in paragraph at lines 319--321
\TU/NotoSerif(1)/m/n/10 шашнуудын ариун судруудыг өөрсдийн
 []


Underfull \hbox (badness 7540) in paragraph at lines 319--321
\TU/NotoSerif(1)/m/n/10 ашиг сонирхлын үүднээс өөрчилдөг бөгөөд
 []


Underfull \hbox (badness 10000) in paragraph at lines 319--321
\TU/NotoSerif(1)/m/n/10 бэлгэдлийг ихээр ашигладаг\TU/LatinModernRoman(0)/m/n/1
0 . \TU/NotoSerif(1)/m/n/10 Мөн тэд
 []


Underfull \hbox (badness 10000) in paragraph at lines 319--321
\TU/NotoSerif(1)/b/it/10 друидууд\TU/LatinModernRoman(0)/b/it/10 , \TU/NotoSeri
f(1)/b/it/10 еврей каббалистууд\TU/LatinModernRoman(0)/b/it/10 , \TU/NotoSerif(
1)/b/it/10 эртний
 []


Underfull \hbox (badness 1210) in paragraph at lines 319--321
\TU/NotoSerif(1)/b/it/10 шүтээний лам нарыг ч хамруулж хэлж
 []


Underfull \hbox (badness 2932) in paragraph at lines 319--321
\TU/NotoSerif(1)/b/it/10 үүнийг Дэлхийн төгсгөлийн орон болгон
 []


Underfull \hbox (badness 6859) in paragraph at lines 319--321
\TU/NotoSerif(1)/b/it/10 хадгалсан нь маргаангүй нотолгоотой\TU/LatinModernRoma
n(0)/b/it/10 .
 []


Underfull \hbox (badness 5578) in paragraph at lines 319--321
\TU/NotoSerif(1)/b/it/10 Америкийн \TU/LatinModernRoman(0)/b/it/10 “\TU/NotoSer
if(1)/b/it/10 Индианууд\TU/LatinModernRoman(0)/b/it/10 ”-\TU/NotoSerif(1)/b/it/
10 ыг устгасан нь
 []


Underfull \hbox (badness 2119) in paragraph at lines 319--321
\TU/NotoSerif(1)/b/it/10 зүгээр л үлдэгдлийг цэвэрлэх ажиллагаа
 []


Underfull \hbox (badness 2165) in paragraph at lines 319--321
\TU/NotoSerif(1)/m/n/10 Нэгдсэн Улс\TU/LatinModernRoman(0)/m/n/10 " \TU/NotoSer
if(1)/m/n/10 төслийг бүхэлд нь \TU/LatinModernRoman(0)/m/n/10 "\TU/NotoSerif(1)
/m/n/10 Пайкс Пик
 []


Underfull \hbox (badness 10000) in paragraph at lines 319--321
\TU/NotoSerif(1)/m/n/10 үзсэн бөгөөд энэхүү боржин уулын нуруу
 []


Underfull \hbox (badness 10000) in paragraph at lines 319--321
\TU/NotoSerif(1)/m/n/10 нь Газрын ховор геофизикийн гамшгаас
 []


Underfull \hbox (badness 3078) in paragraph at lines 319--321
\TU/NotoSerif(1)/m/n/10 хамгаалах маш сайн байрлалтай юм \TU/LatinModernRoman(0
)/m/n/10 (\TU/NotoSerif(1)/m/n/10 Зураг
 []


Underfull \hbox (badness 6792) in paragraph at lines 319--321
\TU/NotoSerif(1)/m/it/10 гэж бус\TU/LatinModernRoman(0)/m/it/10 , \TU/NotoSerif
(1)/m/it/10 харин дэлхийн хамгийн өвөрмөц
 []


Underfull \hbox (badness 10000) in paragraph at lines 319--321
\TU/NotoSerif(1)/m/it/10 дэлхийн цахилгаан хөдөлгөөний гажилтад
 []


Underfull \hbox (badness 10000) in paragraph at lines 319--321
\TU/NotoSerif(1)/m/it/10 тэсвэртэй үлдэхэд хамгийн тохиромжтой
 []


Underfull \hbox (badness 3260) in paragraph at lines 319--321
\TU/NotoSerif(1)/m/n/10 өнөөдөр энэ бүс нутгийн доор болон эргэн
 []

[8]
Underfull \hbox (badness 2799) in paragraph at lines 324--325
[]\TU/NotoSerif(1)/m/n/10 Энэ өгүүлэлд би Өрнөдийн элитүүд хэдэн
 []


Underfull \hbox (badness 10000) in paragraph at lines 324--325
\TU/NotoSerif(1)/m/n/10 мянган жилийн турш дэлхийд давтагддаг
 []


Underfull \hbox (badness 4454) in paragraph at lines 324--325
\TU/NotoSerif(1)/m/n/10 ийм нөхцөлийг улс төрийн болон цэргийн
 []


Underfull \hbox (badness 3690) in paragraph at lines 324--325
\TU/NotoSerif(1)/m/n/10 хувьд ашиглан дэлхий ертөнцийн хяналтыг
 []


Underfull \hbox (badness 3547) in paragraph at lines 324--325
\TU/NotoSerif(1)/m/n/10 авахаар төлөвлөж буйг гэрчлэх янз бүрийн
 []


Underfull \hbox (badness 3646) in paragraph at lines 324--325
\TU/NotoSerif(1)/m/n/10 мэдүүлгийг дэлгэрэнгүй тайлбарласан\TU/LatinModernRoman
(0)/m/n/10 . \TU/NotoSerif(1)/m/n/10 Энэ
 []


Underfull \hbox (badness 1033) in paragraph at lines 324--325
\TU/NotoSerif(1)/m/n/10 бүхнийг хэрхэн санхүүжүүлсэн тухай Америк
 []


Underfull \hbox (badness 3769) in paragraph at lines 324--325
\TU/NotoSerif(1)/m/n/10 дахь баримтуудыг мөн дурдсан бөгөөд\TU/LatinModernRoman
(0)/m/n/10 , \TU/NotoSerif(1)/m/n/10 бүх
 []


Underfull \hbox (badness 2573) in paragraph at lines 324--325
\TU/NotoSerif(1)/m/n/10 зүйлийг удирдаж буй яг аль овгийн цусны
 []


Underfull \hbox (badness 1803) in paragraph at lines 324--325
\TU/NotoSerif(1)/m/n/10 удам болох талаар хамгийн бодитой онолыг
 []


LaTeX Warning: Citation `3' on page 9 undefined on input line 326.


LaTeX Warning: Citation `3' on page 9 undefined on input line 326.


Underfull \hbox (badness 10000) in paragraph at lines 326--327
[]\TU/NotoSerif(1)/m/n/10 Ойртож буй геофизикийн үйл явдлын
 []


Underfull \hbox (badness 5446) in paragraph at lines 326--327
\TU/NotoSerif(1)/m/n/10 хамгийн хүчтэй хэмжигдэхүйц нотолгоо нь
 []


Underfull \hbox (badness 10000) in paragraph at lines 326--327
\TU/NotoSerif(1)/m/n/10 дэлхийн геомагнитын орон зай хурдацтай
 []


Underfull \hbox (badness 1460) in paragraph at lines 326--327
\TU/NotoSerif(1)/m/n/10 аномали өсөж байгаа төдийгүй\TU/LatinModernRoman(0)/m/n
/10 , \TU/NotoSerif(1)/m/n/10 сүүлийн \TU/LatinModernRoman(0)/m/n/10 400
 []


Underfull \hbox (badness 1189) in paragraph at lines 326--327
\TU/NotoSerif(1)/m/n/10 жилийн турш ерөнхийдөө геомагнитын орон
 []


Underfull \hbox (badness 1436) in paragraph at lines 326--327
\TU/NotoSerif(1)/m/n/10 зайн суларч\TU/LatinModernRoman(0)/m/n/10 , \TU/NotoSer
if(1)/m/n/10 гажиж буйг хэмжихэд илэрхий
 []

File: npw.jpg Graphic file (type bmp)
<npw.jpg>

LaTeX Warning: Citation `41' on page 9 undefined on input line 333.


LaTeX Warning: Citation `41' on page 9 undefined on input line 333.


LaTeX Warning: Citation `33' on page 9 undefined on input line 338.


LaTeX Warning: Citation `34' on page 9 undefined on input line 338.


Underfull \hbox (badness 3118) in paragraph at lines 338--340
[]\TU/NotoSerif(1)/m/n/10 Эцэст нь би танд сургагч Амаллуулагийн
 []


Underfull \hbox (badness 2573) in paragraph at lines 338--340
\TU/NotoSerif(1)/m/n/10 энэхүү эшлэлтийг үлдээмээр байна\TU/LatinModernRoman(0)
/m/n/10 . \TU/NotoSerif(1)/m/n/10 Тэрээр
 []


Underfull \hbox (badness 1953) in paragraph at lines 338--340
\TU/NotoSerif(1)/m/it/10 нь хүргэхээс өөр аргагүйд хүрлээ\TU/LatinModernRoman(0
)/m/it/10 . \TU/NotoSerif(1)/m/it/10 Та одоо
 []


Underfull \hbox (badness 2229) in paragraph at lines 338--340
\TU/NotoSerif(1)/m/it/10 амьдарч буй\TU/LatinModernRoman(0)/m/it/10 , \TU/NotoS
erif(1)/m/it/10 бага наснаасаа мэддэг байсан
 []


Underfull \hbox (badness 1117) in paragraph at lines 338--340
\TU/NotoSerif(1)/m/it/10 ойлгоход хагас арван жил зарцуулсан бөгөөд
 []


Underfull \hbox (badness 1043) in paragraph at lines 338--340
\TU/NotoSerif(1)/m/it/10 үүнийг би \TU/LatinModernRoman(0)/m/it/10 “\TU/NotoSer
if(1)/m/it/10 Сүйрлийн Нэгдмэл Үзэл\TU/LatinModernRoman(0)/m/it/10 ”-\TU/NotoSe
rif(1)/m/it/10 ийн уриа
 []


Underfull \hbox (badness 1237) in paragraph at lines 338--340
\TU/NotoSerif(1)/b/it/10 эсвэл тэнхлэгийн хазайлттай холбоотой
 []


Underfull \hbox (badness 2828) in paragraph at lines 338--340
\TU/NotoSerif(1)/m/it/10 төгсгөлд та бүхий л амьдралаа \TU/LatinModernRoman(0)/
m/it/10 Matrix \TU/NotoSerif(1)/m/it/10 гэх
 []


Underfull \hbox (badness 1831) in paragraph at lines 338--340
\TU/NotoSerif(1)/m/it/10 амьдарч байсныгаа ойлгох болно гэдгийг би
 []

[9]
Underfull \hbox (badness 4072) in paragraph at lines 343--344
[]\TU/NotoSerif(1)/m/n/10 Нийтийн хүртээл болгохын тулд мэдлэгээ
 []


Underfull \hbox (badness 6526) in paragraph at lines 343--344
\TU/NotoSerif(1)/m/n/10 энэ ажил боломжгүй байх байсан ба хүн
 []


Underfull \hbox (badness 4699) in paragraph at lines 343--344
\TU/NotoSerif(1)/m/n/10 төрөлхтөн харанхуйд үлдэх байлаа\TU/LatinModernRoman(0)
/m/n/10 . \TU/NotoSerif(1)/m/n/10 Таны
 []


Underfull \hbox (badness 2846) in paragraph at lines 343--344
\TU/NotoSerif(1)/m/n/10 таньд өртэй бөгөөд би хязгааргүй талархаж
 []

[10

] (./mongolian41.bbl) (./mongolian41.aux)
 ***********
LaTeX2e <2023-11-01> patch level 1
L3 programming layer <2024-01-22>
 ***********


LaTeX Font Warning: Some font shapes were not available, defaults substituted.


LaTeX Warning: There were undefined references.


LaTeX Warning: There were multiply-defined labels.

 ) 
Here is how much of TeX's memory you used:
 13706 strings out of 475702
 267832 string characters out of 5785445
 2150627 words of memory out of 5000000
 35412 multiletter control sequences out of 15000+600000
 565391 words of font info for 117 fonts, out of 8000000 for 9000
 932 hyphenation exceptions out of 8191
 79i,9n,93p,1530b,345s stack positions out of 10000i,1000n,20000p,200000b,200000s

Output written on mongolian41.pdf (10 pages).
