This is XeTeX, Version 3.141592653-2.6-0.999995 (TeX Live 2023/Debian) (preloaded format=xelatex 2025.6.27)  13 JUL 2025 19:21
entering extended mode
 restricted \write18 enabled.
 %&-line parsing enabled.
**russiantranslated.tex
(./russiantranslated.tex
LaTeX2e <2023-11-01> patch level 1
L3 programming layer <2024-01-22>
(/usr/share/texlive/texmf-dist/tex/latex/base/article.cls
Document Class: article 2023/05/17 v1.4n Standard LaTeX document class
(/usr/share/texlive/texmf-dist/tex/latex/base/size10.clo
File: size10.clo 2023/05/17 v1.4n Standard LaTeX file (size option)
)
\c@part=\count183
\c@section=\count184
\c@subsection=\count185
\c@subsubsection=\count186
\c@paragraph=\count187
\c@subparagraph=\count188
\c@figure=\count189
\c@table=\count190
\abovecaptionskip=\skip48
\belowcaptionskip=\skip49
\bibindent=\dimen140
)
(/usr/share/texlive/texmf-dist/tex/latex/booktabs/booktabs.sty
Package: booktabs 2020/01/12 v1.61803398 Publication quality tables
\heavyrulewidth=\dimen141
\lightrulewidth=\dimen142
\cmidrulewidth=\dimen143
\belowrulesep=\dimen144
\belowbottomsep=\dimen145
\aboverulesep=\dimen146
\abovetopsep=\dimen147
\cmidrulesep=\dimen148
\cmidrulekern=\dimen149
\defaultaddspace=\dimen150
\@cmidla=\count191
\@cmidlb=\count192
\@aboverulesep=\dimen151
\@belowrulesep=\dimen152
\@thisruleclass=\count193
\@lastruleclass=\count194
\@thisrulewidth=\dimen153
)
(/usr/share/texlive/texmf-dist/tex/latex/sttools/stfloats.sty
Package: stfloats 2017/03/27 v3.3 Improve float mechanism and baselineskip sett
ings
\@dblbotnum=\count195
\c@dblbotnumber=\count196
)
(/usr/share/texlive/texmf-dist/tex/latex/float/float.sty
Package: float 2001/11/08 v1.3d Float enhancements (AL)
\c@float@type=\count197
\float@exts=\toks17
\float@box=\box51
\@float@everytoks=\toks18
\@floatcapt=\box52
)
(/usr/share/texlive/texmf-dist/tex/latex/fontspec/fontspec.sty
(/usr/share/texlive/texmf-dist/tex/latex/l3packages/xparse/xparse.sty
(/usr/share/texlive/texmf-dist/tex/latex/l3kernel/expl3.sty
Package: expl3 2024-01-22 L3 programming layer (loader) 

(/usr/share/texlive/texmf-dist/tex/latex/l3backend/l3backend-xetex.def
File: l3backend-xetex.def 2024-01-04 L3 backend support: XeTeX
\g__graphics_track_int=\count198
\l__pdf_internal_box=\box53
\g__pdf_backend_object_int=\count199
\g__pdf_backend_annotation_int=\count266
\g__pdf_backend_link_int=\count267
))
Package: xparse 2023-10-10 L3 Experimental document command parser
)
Package: fontspec 2022/01/15 v2.8a Font selection for XeLaTeX and LuaLaTeX

(/usr/share/texlive/texmf-dist/tex/latex/fontspec/fontspec-xetex.sty
Package: fontspec-xetex 2022/01/15 v2.8a Font selection for XeLaTeX and LuaLaTe
X
\l__fontspec_script_int=\count268
\l__fontspec_language_int=\count269
\l__fontspec_strnum_int=\count270
\l__fontspec_tmp_int=\count271
\l__fontspec_tmpa_int=\count272
\l__fontspec_tmpb_int=\count273
\l__fontspec_tmpc_int=\count274
\l__fontspec_em_int=\count275
\l__fontspec_emdef_int=\count276
\l__fontspec_strong_int=\count277
\l__fontspec_strongdef_int=\count278
\l__fontspec_tmpa_dim=\dimen154
\l__fontspec_tmpb_dim=\dimen155
\l__fontspec_tmpc_dim=\dimen156

(/usr/share/texlive/texmf-dist/tex/latex/base/fontenc.sty
Package: fontenc 2021/04/29 v2.0v Standard LaTeX package
)
(/usr/share/texlive/texmf-dist/tex/latex/fontspec/fontspec.cfg)))
(/usr/share/texlive/texmf-dist/tex/xelatex/ucharclasses/ucharclasses.sty
Package: ucharclasses 2022/10/20 v2.6.0 Unicode block character classes for XeL
aTeX

(/usr/share/texlive/texmf-dist/tex/generic/iftex/ifxetex.sty
Package: ifxetex 2019/10/25 v0.7 ifxetex legacy package. Use iftex instead.

(/usr/share/texlive/texmf-dist/tex/generic/iftex/iftex.sty
Package: iftex 2022/02/03 v1.0f TeX engine tests
))
\AegeanNumbersClass=\XeTeXcharclass1
\AlphabeticPresentationFormsClass=\XeTeXcharclass2
\AncientGreekMusicalNotationClass=\XeTeXcharclass3
\AncientGreekNumbersClass=\XeTeXcharclass4
\AncientSymbolsClass=\XeTeXcharclass5
\ArabicClass=\XeTeXcharclass6
\ArabicPresentationFormsAClass=\XeTeXcharclass7
\ArabicPresentationFormsBClass=\XeTeXcharclass8
\ArabicSupplementClass=\XeTeXcharclass9
\ArmenianClass=\XeTeXcharclass10
\ArrowsClass=\XeTeXcharclass11
\BalineseClass=\XeTeXcharclass12
\BasicLatinClass=\XeTeXcharclass13
\BengaliClass=\XeTeXcharclass14
\BlockElementsClass=\XeTeXcharclass15
\BopomofoClass=\XeTeXcharclass16
\BopomofoExtendedClass=\XeTeXcharclass17
\BoxDrawingClass=\XeTeXcharclass18
\BraillePatternsClass=\XeTeXcharclass19
\BugineseClass=\XeTeXcharclass20
\BuhidClass=\XeTeXcharclass21
\ByzantineMusicalSymbolsClass=\XeTeXcharclass22
\ChamClass=\XeTeXcharclass23
\CherokeeClass=\XeTeXcharclass24
\CJKCompatibilityClass=\XeTeXcharclass25
\CJKCompatibilityFormsClass=\XeTeXcharclass26
\CJKCompatibilityIdeographsClass=\XeTeXcharclass27
\CJKCompatibilityIdeographsSupplementClass=\XeTeXcharclass28
\CJKRadicalsSupplementClass=\XeTeXcharclass29
\CJKStrokesClass=\XeTeXcharclass30
\CJKSymbolsAndPunctuationClass=\XeTeXcharclass31
\CJKUnifiedIdeographsClass=\XeTeXcharclass32
\CJKUnifiedIdeographsExtensionAClass=\XeTeXcharclass33
\CJKUnifiedIdeographsExtensionBClass=\XeTeXcharclass34
\CombiningDiacriticalMarksClass=\XeTeXcharclass35
\CombiningDiacriticalMarksForSymbolsClass=\XeTeXcharclass36
\CombiningDiacriticalMarksSupplementClass=\XeTeXcharclass37
\CombiningHalfMarksClass=\XeTeXcharclass38
\ControlPicturesClass=\XeTeXcharclass39
\CopticClass=\XeTeXcharclass40
\CountingRodNumeralsClass=\XeTeXcharclass41
\CuneiformClass=\XeTeXcharclass42
\CuneiformNumbersAndPunctuationClass=\XeTeXcharclass43
\CurrencySymbolsClass=\XeTeXcharclass44
\CypriotSyllabaryClass=\XeTeXcharclass45
\CyrillicClass=\XeTeXcharclass46
\CyrillicExtendedAClass=\XeTeXcharclass47
\CyrillicExtendedBClass=\XeTeXcharclass48
\CyrillicSupplementClass=\XeTeXcharclass49
\DeseretClass=\XeTeXcharclass50
\DevanagariDanDaClass=\XeTeXcharclass51
\DevanagariMarksClass=\XeTeXcharclass52
\DevanagariPostDanDaClass=\XeTeXcharclass53
\DevanagariPostMarksClass=\XeTeXcharclass54
\DevanagariPreMarksClass=\XeTeXcharclass55
\DingbatsClass=\XeTeXcharclass56
\DominoTilesClass=\XeTeXcharclass57
\EnclosedAlphanumericsClass=\XeTeXcharclass58
\EnclosedCJKLettersAndMonthsClass=\XeTeXcharclass59
\EthiopicClass=\XeTeXcharclass60
\EthiopicExtendedClass=\XeTeXcharclass61
\EthiopicSupplementClass=\XeTeXcharclass62
\GeneralPunctuationClass=\XeTeXcharclass63
\GeometricShapesClass=\XeTeXcharclass64
\GeorgianClass=\XeTeXcharclass65
\GeorgianSupplementClass=\XeTeXcharclass66
\GlagoliticClass=\XeTeXcharclass67
\GreekAndCopticClass=\XeTeXcharclass68
\GreekExtendedClass=\XeTeXcharclass69
\GujaratiClass=\XeTeXcharclass70
\GurmukhiClass=\XeTeXcharclass71
\HalfwidthAndFullwidthFormsClass=\XeTeXcharclass72
\HangulCompatibilityJamoClass=\XeTeXcharclass73
\HangulJamoClass=\XeTeXcharclass74
\HangulSyllablesClass=\XeTeXcharclass75
\HanunooClass=\XeTeXcharclass76
\HebrewClass=\XeTeXcharclass77
\HiraganaClass=\XeTeXcharclass78
\IdeographicDescriptionCharactersClass=\XeTeXcharclass79
\IPAExtensionsClass=\XeTeXcharclass80
\KanbunClass=\XeTeXcharclass81
\KangxiRadicalsClass=\XeTeXcharclass82
\KannadaClass=\XeTeXcharclass83
\KatakanaClass=\XeTeXcharclass84
\KatakanaPhoneticExtensionsClass=\XeTeXcharclass85
\KayahLiClass=\XeTeXcharclass86
\KhmerClass=\XeTeXcharclass87
\KhmerSymbolsClass=\XeTeXcharclass88
\LaoClass=\XeTeXcharclass89
\LatinExtendedAdditionalClass=\XeTeXcharclass90
\LatinExtendedAClass=\XeTeXcharclass91
\LatinExtendedBClass=\XeTeXcharclass92
\LatinExtendedCClass=\XeTeXcharclass93
\LatinExtendedDClass=\XeTeXcharclass94
\LatinSupplementClass=\XeTeXcharclass95
\LepchaClass=\XeTeXcharclass96
\LetterlikeSymbolsClass=\XeTeXcharclass97
\LimbuClass=\XeTeXcharclass98
\LinearBIdeogramsClass=\XeTeXcharclass99
\LinearBSyllabaryClass=\XeTeXcharclass100
\MahjongTilesClass=\XeTeXcharclass101
\MalayalamClass=\XeTeXcharclass102
\MathematicalAlphanumericSymbolsClass=\XeTeXcharclass103
\MathematicalOperatorsClass=\XeTeXcharclass104
\MiscellaneousMathematicalSymbolsAClass=\XeTeXcharclass105
\MiscellaneousMathematicalSymbolsBClass=\XeTeXcharclass106
\MiscellaneousSymbolsClass=\XeTeXcharclass107
\MiscellaneousSymbolsAndArrowsClass=\XeTeXcharclass108
\MiscellaneousTechnicalClass=\XeTeXcharclass109
\ModifierToneLettersClass=\XeTeXcharclass110
\MongolianClass=\XeTeXcharclass111
\MusicalSymbolsClass=\XeTeXcharclass112
\MyanmarClass=\XeTeXcharclass113
\NewTaiLueClass=\XeTeXcharclass114
\NKoClass=\XeTeXcharclass115
\NumberFormsClass=\XeTeXcharclass116
\OghamClass=\XeTeXcharclass117
\OlChikiClass=\XeTeXcharclass118
\OldPersianClass=\XeTeXcharclass119
\OpticalCharacterRecognitionClass=\XeTeXcharclass120
\OriyaClass=\XeTeXcharclass121
\OsmanyaClass=\XeTeXcharclass122
\PhagsPaClass=\XeTeXcharclass123
\PhoenicianClass=\XeTeXcharclass124
\PhoneticExtensionsClass=\XeTeXcharclass125
\PhoneticExtensionsSupplementClass=\XeTeXcharclass126
\PrivateUseAreaClass=\XeTeXcharclass127
\RejangClass=\XeTeXcharclass128
\RunicClass=\XeTeXcharclass129
\SaurashtraClass=\XeTeXcharclass130
\ShavianClass=\XeTeXcharclass131
\SinhalaClass=\XeTeXcharclass132
\SmallFormVariantsClass=\XeTeXcharclass133
\SpacingModifierLettersClass=\XeTeXcharclass134
\SundaneseClass=\XeTeXcharclass135
\SuperscriptsAndSubscriptsClass=\XeTeXcharclass136
\SupplementalArrowsAClass=\XeTeXcharclass137
\SupplementalArrowsBClass=\XeTeXcharclass138
\SupplementalMathematicalOperatorsClass=\XeTeXcharclass139
\SupplementalPunctuationClass=\XeTeXcharclass140
\SylotiNagriClass=\XeTeXcharclass141
\SyriacClass=\XeTeXcharclass142
\TagalogClass=\XeTeXcharclass143
\TagbanwaClass=\XeTeXcharclass144
\TagsClass=\XeTeXcharclass145
\TaiLeClass=\XeTeXcharclass146
\TaiXuanJingSymbolsClass=\XeTeXcharclass147
\TamilClass=\XeTeXcharclass148
\TeluguClass=\XeTeXcharclass149
\ThaanaClass=\XeTeXcharclass150
\ThaiClass=\XeTeXcharclass151
\TibetanClass=\XeTeXcharclass152
\TifinaghClass=\XeTeXcharclass153
\UgariticClass=\XeTeXcharclass154
\UnifiedCanadianAboriginalSyllabicsClass=\XeTeXcharclass155
\VaiClass=\XeTeXcharclass156
\VerticalFormsClass=\XeTeXcharclass157
\YiRadicalsClass=\XeTeXcharclass158
\YiSyllablesClass=\XeTeXcharclass159
\YijingHexagramSymbolsClass=\XeTeXcharclass160
\AvestanClass=\XeTeXcharclass161
\BamumClass=\XeTeXcharclass162
\CJKUnifiedIdeographsExtensionCClass=\XeTeXcharclass163
\CommonIndicNumberFormsClass=\XeTeXcharclass164
\DevanagariExtendedClass=\XeTeXcharclass165
\EgyptianHieroglyphsClass=\XeTeXcharclass166
\EnclosedAlphanumericSupplementClass=\XeTeXcharclass167
\EnclosedIdeographicSupplementClass=\XeTeXcharclass168
\HangulJamoExtendedAClass=\XeTeXcharclass169
\HangulJamoExtendedBClass=\XeTeXcharclass170
\ImperialAramaicClass=\XeTeXcharclass171
\InscriptionalPahlaviClass=\XeTeXcharclass172
\InscriptionalParthianClass=\XeTeXcharclass173
\JavaneseClass=\XeTeXcharclass174
\KaithiClass=\XeTeXcharclass175
\LisuClass=\XeTeXcharclass176
\MeeteiMayekClass=\XeTeXcharclass177
\MyanmarExtendedAClass=\XeTeXcharclass178
\RumiNumeralSymbolsClass=\XeTeXcharclass179
\SamaritanClass=\XeTeXcharclass180
\TaiThamClass=\XeTeXcharclass181
\TaiVietClass=\XeTeXcharclass182
\UnifiedCanadianAboriginalSyllabicsExtendedClass=\XeTeXcharclass183
\VedicExtensionsClass=\XeTeXcharclass184
\AlchemicalSymbolsClass=\XeTeXcharclass185
\BamumSupplementClass=\XeTeXcharclass186
\BatakClass=\XeTeXcharclass187
\BrahmiClass=\XeTeXcharclass188
\CJKUnifiedIdeographsExtensionDClass=\XeTeXcharclass189
\EmoticonsClass=\XeTeXcharclass190
\EthiopicExtendedAClass=\XeTeXcharclass191
\KanaSupplementClass=\XeTeXcharclass192
\MandaicClass=\XeTeXcharclass193
\MiscellaneousSymbolsAndPictographsClass=\XeTeXcharclass194
\PlayingCardsClass=\XeTeXcharclass195
\TransportAndMapSymbolsClass=\XeTeXcharclass196
\ArabicExtendedAClass=\XeTeXcharclass197
\ArabicMathematicalAlphabeticSymbolsClass=\XeTeXcharclass198
\ChakmaClass=\XeTeXcharclass199
\MeeteiMayekExtensionsClass=\XeTeXcharclass200
\MeroiticCursiveClass=\XeTeXcharclass201
\MeroiticHieroglyphsClass=\XeTeXcharclass202
\MiaoClass=\XeTeXcharclass203
\SharadaClass=\XeTeXcharclass204
\SoraSompengClass=\XeTeXcharclass205
\SundaneseSupplementClass=\XeTeXcharclass206
\TakriClass=\XeTeXcharclass207
\BassaVahClass=\XeTeXcharclass208
\CaucasianAlbanianClass=\XeTeXcharclass209
\CombiningDiacriticalMarksExtendedClass=\XeTeXcharclass210
\CopticEpactNumbersClass=\XeTeXcharclass211
\ElbasanClass=\XeTeXcharclass212
\GeometricShapesExtendedClass=\XeTeXcharclass213
\GranthaClass=\XeTeXcharclass214
\KhojkiClass=\XeTeXcharclass215
\KhudawadiClass=\XeTeXcharclass216
\LatinExtendedEClass=\XeTeXcharclass217
\LinearAClass=\XeTeXcharclass218
\MahajaniClass=\XeTeXcharclass219
\MendeKikakuiClass=\XeTeXcharclass220
\ModiClass=\XeTeXcharclass221
\MroClass=\XeTeXcharclass222
\MyanmarExtendedBClass=\XeTeXcharclass223
\OrnamentalDingbatsClass=\XeTeXcharclass224
\PahawhHmongClass=\XeTeXcharclass225
\PauCinHauClass=\XeTeXcharclass226
\SiddhamClass=\XeTeXcharclass227
\SinhalaArchaicNumbersClass=\XeTeXcharclass228
\SupplementalArrowsCClass=\XeTeXcharclass229
\TirhutaClass=\XeTeXcharclass230
\WarangCitiClass=\XeTeXcharclass231
\CherokeeSupplementClass=\XeTeXcharclass232
\CJKUnifiedIdeographsExtensionEClass=\XeTeXcharclass233
\SupplementalSymbolsAndPictographsClass=\XeTeXcharclass234
\CyrillicExtendedCClass=\XeTeXcharclass235
\GlagoliticSupplementClass=\XeTeXcharclass236
\IdeographicSymbolsAndPunctuationClass=\XeTeXcharclass237
\MongolianSupplementClass=\XeTeXcharclass238
\CJKUnifiedIdeographsExtensionFClass=\XeTeXcharclass239
\KanaExtendedAClass=\XeTeXcharclass240
\SyriacSupplementClass=\XeTeXcharclass241
\GeorgianExtendedClass=\XeTeXcharclass242
\SmallKanaExtensionClass=\XeTeXcharclass243
\SymbolsAndPictographsExtendedAClass=\XeTeXcharclass244
\CJKUnifiedIdeographsExtensionGClass=\XeTeXcharclass245
\ArabicExtendedBClass=\XeTeXcharclass246
\EthiopicExtendedBClass=\XeTeXcharclass247
\KanaExtendedBClass=\XeTeXcharclass248
\LatinExtendedFClass=\XeTeXcharclass249
\LatinExtendedGClass=\XeTeXcharclass250
\UnifiedCanadianAboriginalSyllabicsExtendedAClass=\XeTeXcharclass251
\ArabicExtendedCClass=\XeTeXcharclass252
\CJKUnifiedIdeographsExtensionHClass=\XeTeXcharclass253
\CyrillicExtendedDClass=\XeTeXcharclass254
\DevanagariExtendedAClass=\XeTeXcharclass255
\CarianClass=\XeTeXcharclass256
\GothicClass=\XeTeXcharclass257
\KharoshthiClass=\XeTeXcharclass258
\LycianClass=\XeTeXcharclass259
\LydianClass=\XeTeXcharclass260
\OldItalicClass=\XeTeXcharclass261
\PhaistosDiscClass=\XeTeXcharclass262
\SupplementaryPrivateUseAreaAClass=\XeTeXcharclass263
\SupplementaryPrivateUseAreaBClass=\XeTeXcharclass264
\OldSouthArabianClass=\XeTeXcharclass265
\OldTurkicClass=\XeTeXcharclass266
\DuployanClass=\XeTeXcharclass267
\ManichaeanClass=\XeTeXcharclass268
\NabataeanClass=\XeTeXcharclass269
\OldNorthArabianClass=\XeTeXcharclass270
\OldPermicClass=\XeTeXcharclass271
\PalmyreneClass=\XeTeXcharclass272
\PsalterPahlaviClass=\XeTeXcharclass273
\ShorthandFormatControlsClass=\XeTeXcharclass274
\AhomClass=\XeTeXcharclass275
\AnatolianHieroglyphsClass=\XeTeXcharclass276
\EarlyDynasticCuneiformClass=\XeTeXcharclass277
\HatranClass=\XeTeXcharclass278
\MultaniClass=\XeTeXcharclass279
\OldHungarianClass=\XeTeXcharclass280
\SuttonSignWritingClass=\XeTeXcharclass281
\AdlamClass=\XeTeXcharclass282
\BhaiksukiClass=\XeTeXcharclass283
\MarchenClass=\XeTeXcharclass284
\NewaClass=\XeTeXcharclass285
\OsageClass=\XeTeXcharclass286
\TangutClass=\XeTeXcharclass287
\TangutComponentsClass=\XeTeXcharclass288
\MasaramGondiClass=\XeTeXcharclass289
\NushuClass=\XeTeXcharclass290
\SoyomboClass=\XeTeXcharclass291
\ZanabazarSquareClass=\XeTeXcharclass292
\ChessSymbolsClass=\XeTeXcharclass293
\DograClass=\XeTeXcharclass294
\GunjalaGondiClass=\XeTeXcharclass295
\HanifiRohingyaClass=\XeTeXcharclass296
\IndicSiyaqNumbersClass=\XeTeXcharclass297
\MakasarClass=\XeTeXcharclass298
\MayanNumeralsClass=\XeTeXcharclass299
\MedefaidrinClass=\XeTeXcharclass300
\OldSogdianClass=\XeTeXcharclass301
\SogdianClass=\XeTeXcharclass302
\EgyptianHieroglyphFormatControlsClass=\XeTeXcharclass303
\ElymaicClass=\XeTeXcharclass304
\NandinagariClass=\XeTeXcharclass305
\NyiakengPuachueHmongClass=\XeTeXcharclass306
\OttomanSiyaqNumbersClass=\XeTeXcharclass307
\TamilSupplementClass=\XeTeXcharclass308
\WanchoClass=\XeTeXcharclass309
\ChorasmianClass=\XeTeXcharclass310
\DivesAkuruClass=\XeTeXcharclass311
\KhitanSmallScriptClass=\XeTeXcharclass312
\LisuSupplementClass=\XeTeXcharclass313
\SymbolsForLegacyComputingClass=\XeTeXcharclass314
\TangutSupplementClass=\XeTeXcharclass315
\YezidiClass=\XeTeXcharclass316
\CyproMinoanClass=\XeTeXcharclass317
\OldUighurClass=\XeTeXcharclass318
\TangsaClass=\XeTeXcharclass319
\TotoClass=\XeTeXcharclass320
\VithkuqiClass=\XeTeXcharclass321
\ZnamennyMusicalNotationClass=\XeTeXcharclass322
\KaktovikNumeralsClass=\XeTeXcharclass323
\KawiClass=\XeTeXcharclass324
\NagMundariClass=\XeTeXcharclass325
)

Package fontspec Info: Font family 'LatinModernRoman(0)' created for font
(fontspec)             'Latin Modern Roman' with options [].
(fontspec)              
(fontspec)              This font family consists of the following NFSS
(fontspec)             series/shapes:
(fontspec)              
(fontspec)             - 'normal' (m/n) with NFSS spec.: <->"Latin Modern
(fontspec)             Roman/OT:script=latn;language=dflt;"
(fontspec)             - 'small caps'  (m/sc) with NFSS spec.: 
(fontspec)             - 'bold' (b/n) with NFSS spec.: <->"Latin Modern
(fontspec)             Roman/B/OT:script=latn;language=dflt;"
(fontspec)             - 'bold small caps'  (b/sc) with NFSS spec.: 
(fontspec)             - 'italic' (m/it) with NFSS spec.: <->"Latin Modern
(fontspec)             Roman/I/OT:script=latn;language=dflt;"
(fontspec)             - 'italic small caps'  (m/scit) with NFSS spec.: 
(fontspec)             - 'bold italic' (b/it) with NFSS spec.: <->"Latin
(fontspec)             Modern Roman/BI/OT:script=latn;language=dflt;"
(fontspec)             - 'bold italic small caps'  (b/scit) with NFSS spec.: 



Package fontspec Warning: Font "Noto Serif" does not contain requested Script
(fontspec)                "Mongolian".


Package fontspec Info: Font family 'NotoSerif(0)' created for font 'Noto
(fontspec)             Serif' with options [Script=Mongolian].
(fontspec)              
(fontspec)              This font family consists of the following NFSS
(fontspec)             series/shapes:
(fontspec)              
(fontspec)             - 'normal' (m/n) with NFSS spec.: <->"Noto
(fontspec)             Serif/OT:script=latn;language=dflt;"
(fontspec)             - 'small caps'  (m/sc) with NFSS spec.: <->"Noto
(fontspec)             Serif/OT:script=latn;language=dflt;+smcp;"
(fontspec)             - 'bold' (b/n) with NFSS spec.: <->"Noto
(fontspec)             Serif/B/OT:script=latn;language=dflt;"
(fontspec)             - 'bold small caps'  (b/sc) with NFSS spec.: <->"Noto
(fontspec)             Serif/B/OT:script=latn;language=dflt;+smcp;"
(fontspec)             - 'italic' (m/it) with NFSS spec.: <->"Noto
(fontspec)             Serif/I/OT:script=latn;language=dflt;"
(fontspec)             - 'italic small caps'  (m/scit) with NFSS spec.:
(fontspec)             <->"Noto Serif/I/OT:script=latn;language=dflt;+smcp;"
(fontspec)             - 'bold italic' (b/it) with NFSS spec.: <->"Noto
(fontspec)             Serif/BI/OT:script=latn;language=dflt;"
(fontspec)             - 'bold italic small caps'  (b/scit) with NFSS spec.:
(fontspec)             <->"Noto Serif/BI/OT:script=latn;language=dflt;+smcp;"


Package fontspec Info: Font family 'NotoSerif(1)' created for font 'Noto
(fontspec)             Serif' with options [Script=Cyrillic].
(fontspec)              
(fontspec)              This font family consists of the following NFSS
(fontspec)             series/shapes:
(fontspec)              
(fontspec)             - 'normal' (m/n) with NFSS spec.: <->"Noto
(fontspec)             Serif/OT:script=cyrl;language=dflt;"
(fontspec)             - 'small caps'  (m/sc) with NFSS spec.: <->"Noto
(fontspec)             Serif/OT:script=cyrl;language=dflt;+smcp;"
(fontspec)             - 'bold' (b/n) with NFSS spec.: <->"Noto
(fontspec)             Serif/B/OT:script=cyrl;language=dflt;"
(fontspec)             - 'bold small caps'  (b/sc) with NFSS spec.: <->"Noto
(fontspec)             Serif/B/OT:script=cyrl;language=dflt;+smcp;"
(fontspec)             - 'italic' (m/it) with NFSS spec.: <->"Noto
(fontspec)             Serif/I/OT:script=cyrl;language=dflt;"
(fontspec)             - 'italic small caps'  (m/scit) with NFSS spec.:
(fontspec)             <->"Noto Serif/I/OT:script=cyrl;language=dflt;+smcp;"
(fontspec)             - 'bold italic' (b/it) with NFSS spec.: <->"Noto
(fontspec)             Serif/BI/OT:script=cyrl;language=dflt;"
(fontspec)             - 'bold italic small caps'  (b/scit) with NFSS spec.:
(fontspec)             <->"Noto Serif/BI/OT:script=cyrl;language=dflt;+smcp;"

(./cvpr.sty (./eso-pic.sty
Package: eso-pic 2002/11/16 v1.1b eso-pic (RN)
 (./cvpr_eso.sty

LaTeX Warning: You have requested package `eso-pic',
               but the package provides `everyshi'.

Package: everyshi 2001/05/15 v3.00 EveryShipout Package (MS)
) (/usr/share/texlive/texmf-dist/tex/latex/graphics/keyval.sty
Package: keyval 2022/05/29 v1.15 key=value parser (DPC)
\KV@toks@=\toks19
))
(/usr/share/texlive/texmf-dist/tex/latex/tools/xspace.sty
Package: xspace 2014/10/28 v1.13 Space after command names (DPC,MH)
)
CVPR 8.5 x 11-Inch Proceedings Style `cvpr.sty'.
\@ctmp=\skip50
\@figindent=\skip51
\cvprrulerbox=\box54
\cvprrulercount=\count279
\cvprruleroffset=\dimen157
\cv@lineheight=\dimen158
\cv@boxheight=\dimen159
\cv@tmpbox=\box55
\cv@refno=\count280
\cv@tot=\count281
\cv@tmpc@=\count282
\cv@tmpc=\count283
) (/usr/share/texlive/texmf-dist/tex/latex/psnfss/times.sty
Package: times 2020/03/25 PSNFSS-v9.3 (SPQR) 
)
(/usr/share/texlive/texmf-dist/tex/latex/graphics/epsfig.sty
Package: epsfig 2017/06/25 v1.7b (e)psfig emulation (SPQR)

(/usr/share/texlive/texmf-dist/tex/latex/graphics/graphicx.sty
Package: graphicx 2021/09/16 v1.2d Enhanced LaTeX Graphics (DPC,SPQR)

(/usr/share/texlive/texmf-dist/tex/latex/graphics/graphics.sty
Package: graphics 2022/03/10 v1.4e Standard LaTeX Graphics (DPC,SPQR)

(/usr/share/texlive/texmf-dist/tex/latex/graphics/trig.sty
Package: trig 2021/08/11 v1.11 sin cos tan (DPC)
)
(/usr/share/texlive/texmf-dist/tex/latex/graphics-cfg/graphics.cfg
File: graphics.cfg 2016/06/04 v1.11 sample graphics configuration
)
Package graphics Info: Driver file: xetex.def on input line 107.

(/usr/share/texlive/texmf-dist/tex/latex/graphics-def/xetex.def
File: xetex.def 2022/09/22 v5.0n Graphics/color driver for xetex
))
\Gin@req@height=\dimen160
\Gin@req@width=\dimen161
)
\epsfxsize=\dimen162
\epsfysize=\dimen163
)
(/usr/share/texlive/texmf-dist/tex/latex/amsmath/amsmath.sty
Package: amsmath 2023/05/13 v2.17o AMS math features
\@mathmargin=\skip52

For additional information on amsmath, use the `?' option.
(/usr/share/texlive/texmf-dist/tex/latex/amsmath/amstext.sty
Package: amstext 2021/08/26 v2.01 AMS text

(/usr/share/texlive/texmf-dist/tex/latex/amsmath/amsgen.sty
File: amsgen.sty 1999/11/30 v2.0 generic functions
\@emptytoks=\toks20
\ex@=\dimen164
))
(/usr/share/texlive/texmf-dist/tex/latex/amsmath/amsbsy.sty
Package: amsbsy 1999/11/29 v1.2d Bold Symbols
\pmbraise@=\dimen165
)
(/usr/share/texlive/texmf-dist/tex/latex/amsmath/amsopn.sty
Package: amsopn 2022/04/08 v2.04 operator names
)
\inf@bad=\count284
LaTeX Info: Redefining \frac on input line 234.
\uproot@=\count285
\leftroot@=\count286
LaTeX Info: Redefining \overline on input line 399.
LaTeX Info: Redefining \colon on input line 410.
\classnum@=\count287
\DOTSCASE@=\count288
LaTeX Info: Redefining \ldots on input line 496.
LaTeX Info: Redefining \dots on input line 499.
LaTeX Info: Redefining \cdots on input line 620.
\Mathstrutbox@=\box56
\strutbox@=\box57
LaTeX Info: Redefining \big on input line 722.
LaTeX Info: Redefining \Big on input line 723.
LaTeX Info: Redefining \bigg on input line 724.
LaTeX Info: Redefining \Bigg on input line 725.
\big@size=\dimen166
LaTeX Font Info:    Redeclaring font encoding OML on input line 743.
LaTeX Font Info:    Redeclaring font encoding OMS on input line 744.
\macc@depth=\count289
LaTeX Info: Redefining \bmod on input line 905.
LaTeX Info: Redefining \pmod on input line 910.
LaTeX Info: Redefining \smash on input line 940.
LaTeX Info: Redefining \relbar on input line 970.
LaTeX Info: Redefining \Relbar on input line 971.
\c@MaxMatrixCols=\count290
\dotsspace@=\muskip16
\c@parentequation=\count291
\dspbrk@lvl=\count292
\tag@help=\toks21
\row@=\count293
\column@=\count294
\maxfields@=\count295
\andhelp@=\toks22
\eqnshift@=\dimen167
\alignsep@=\dimen168
\tagshift@=\dimen169
\tagwidth@=\dimen170
\totwidth@=\dimen171
\lineht@=\dimen172
\@envbody=\toks23
\multlinegap=\skip53
\multlinetaggap=\skip54
\mathdisplay@stack=\toks24
LaTeX Info: Redefining \[ on input line 2953.
LaTeX Info: Redefining \] on input line 2954.
)
(/usr/share/texlive/texmf-dist/tex/latex/amsfonts/amssymb.sty
Package: amssymb 2013/01/14 v3.01 AMS font symbols

(/usr/share/texlive/texmf-dist/tex/latex/amsfonts/amsfonts.sty
Package: amsfonts 2013/01/14 v3.01 Basic AMSFonts support
\symAMSa=\mathgroup4
\symAMSb=\mathgroup5
LaTeX Font Info:    Redeclaring math symbol \hbar on input line 98.
LaTeX Font Info:    Overwriting math alphabet `\mathfrak' in version `bold'
(Font)                  U/euf/m/n --> U/euf/b/n on input line 106.
))
(/usr/share/texlive/texmf-dist/tex/latex/hyperref/hyperref.sty
Package: hyperref 2024-01-20 v7.01h Hypertext links for LaTeX

(/usr/share/texlive/texmf-dist/tex/latex/kvsetkeys/kvsetkeys.sty
Package: kvsetkeys 2022-10-05 v1.19 Key value parser (HO)
)
(/usr/share/texlive/texmf-dist/tex/generic/kvdefinekeys/kvdefinekeys.sty
Package: kvdefinekeys 2019-12-19 v1.6 Define keys (HO)
)
(/usr/share/texlive/texmf-dist/tex/generic/pdfescape/pdfescape.sty
Package: pdfescape 2019/12/09 v1.15 Implements pdfTeX's escape features (HO)

(/usr/share/texlive/texmf-dist/tex/generic/ltxcmds/ltxcmds.sty
Package: ltxcmds 2023-12-04 v1.26 LaTeX kernel commands for general use (HO)
)
(/usr/share/texlive/texmf-dist/tex/generic/pdftexcmds/pdftexcmds.sty
Package: pdftexcmds 2020-06-27 v0.33 Utility functions of pdfTeX for LuaTeX (HO
)

(/usr/share/texlive/texmf-dist/tex/generic/infwarerr/infwarerr.sty
Package: infwarerr 2019/12/03 v1.5 Providing info/warning/error messages (HO)
)
Package pdftexcmds Info: \pdf@primitive is available.
Package pdftexcmds Info: \pdf@ifprimitive is available.
Package pdftexcmds Info: \pdfdraftmode not found.
))
(/usr/share/texlive/texmf-dist/tex/latex/hycolor/hycolor.sty
Package: hycolor 2020-01-27 v1.10 Color options for hyperref/bookmark (HO)
)
(/usr/share/texlive/texmf-dist/tex/latex/auxhook/auxhook.sty
Package: auxhook 2019-12-17 v1.6 Hooks for auxiliary files (HO)
)
(/usr/share/texlive/texmf-dist/tex/latex/hyperref/nameref.sty
Package: nameref 2023-11-26 v2.56 Cross-referencing by name of section

(/usr/share/texlive/texmf-dist/tex/latex/refcount/refcount.sty
Package: refcount 2019/12/15 v3.6 Data extraction from label references (HO)
)
(/usr/share/texlive/texmf-dist/tex/generic/gettitlestring/gettitlestring.sty
Package: gettitlestring 2019/12/15 v1.6 Cleanup title references (HO)

(/usr/share/texlive/texmf-dist/tex/latex/kvoptions/kvoptions.sty
Package: kvoptions 2022-06-15 v3.15 Key value format for package options (HO)
))
\c@section@level=\count296
)
(/usr/share/texlive/texmf-dist/tex/latex/etoolbox/etoolbox.sty
Package: etoolbox 2020/10/05 v2.5k e-TeX tools for LaTeX (JAW)
\etb@tempcnta=\count297
)
\@linkdim=\dimen173
\Hy@linkcounter=\count298
\Hy@pagecounter=\count299

(/usr/share/texlive/texmf-dist/tex/latex/hyperref/pd1enc.def
File: pd1enc.def 2024-01-20 v7.01h Hyperref: PDFDocEncoding definition (HO)
)
(/usr/share/texlive/texmf-dist/tex/generic/intcalc/intcalc.sty
Package: intcalc 2019/12/15 v1.3 Expandable calculations with integers (HO)
)
\Hy@SavedSpaceFactor=\count300

(/usr/share/texlive/texmf-dist/tex/latex/hyperref/puenc.def
File: puenc.def 2024-01-20 v7.01h Hyperref: PDF Unicode definition (HO)
)
Package hyperref Info: Option `breaklinks' set `true' on input line 4062.
Package hyperref Info: Option `bookmarks' set `false' on input line 4062.
Package hyperref Info: Hyper figures OFF on input line 4179.
Package hyperref Info: Link nesting OFF on input line 4184.
Package hyperref Info: Hyper index ON on input line 4187.
Package hyperref Info: Plain pages OFF on input line 4194.
Package hyperref Info: Backreferencing OFF on input line 4199.
Package hyperref Info: Implicit mode ON; LaTeX internals redefined.
Package hyperref Info: Bookmarks OFF on input line 4452.
\c@Hy@tempcnt=\count301

(/usr/share/texlive/texmf-dist/tex/latex/url/url.sty
\Urlmuskip=\muskip17
Package: url 2013/09/16  ver 3.4  Verb mode for urls, etc.
)
LaTeX Info: Redefining \url on input line 4784.
\XeTeXLinkMargin=\dimen174

(/usr/share/texlive/texmf-dist/tex/generic/bitset/bitset.sty
Package: bitset 2019/12/09 v1.3 Handle bit-vector datatype (HO)

(/usr/share/texlive/texmf-dist/tex/generic/bigintcalc/bigintcalc.sty
Package: bigintcalc 2019/12/15 v1.5 Expandable calculations on big integers (HO
)
))
\Fld@menulength=\count302
\Field@Width=\dimen175
\Fld@charsize=\dimen176
Package hyperref Info: Hyper figures OFF on input line 6063.
Package hyperref Info: Link nesting OFF on input line 6068.
Package hyperref Info: Hyper index ON on input line 6071.
Package hyperref Info: backreferencing OFF on input line 6078.
Package hyperref Info: Link coloring OFF on input line 6083.
Package hyperref Info: Link coloring with OCG OFF on input line 6088.
Package hyperref Info: PDF/A mode OFF on input line 6093.

(/usr/share/texlive/texmf-dist/tex/latex/base/atbegshi-ltx.sty
Package: atbegshi-ltx 2021/01/10 v1.0c Emulation of the original atbegshi
package with kernel methods
)
\Hy@abspage=\count303
\c@Item=\count304
\c@Hfootnote=\count305
)
Package hyperref Info: Driver (autodetected): hxetex.

(/usr/share/texlive/texmf-dist/tex/latex/hyperref/hxetex.def
File: hxetex.def 2024-01-20 v7.01h Hyperref driver for XeTeX

(/usr/share/texlive/texmf-dist/tex/generic/stringenc/stringenc.sty
Package: stringenc 2019/11/29 v1.12 Convert strings between diff. encodings (HO
)
)
\pdfm@box=\box58
\c@Hy@AnnotLevel=\count306
\HyField@AnnotCount=\count307
\Fld@listcount=\count308
\c@bookmark@seq@number=\count309

(/usr/share/texlive/texmf-dist/tex/latex/rerunfilecheck/rerunfilecheck.sty
Package: rerunfilecheck 2022-07-10 v1.10 Rerun checks for auxiliary files (HO)

(/usr/share/texlive/texmf-dist/tex/latex/base/atveryend-ltx.sty
Package: atveryend-ltx 2020/08/19 v1.0a Emulation of the original atveryend pac
kage
with kernel methods
)
(/usr/share/texlive/texmf-dist/tex/generic/uniquecounter/uniquecounter.sty
Package: uniquecounter 2019/12/15 v1.4 Provide unlimited unique counter (HO)
)
Package uniquecounter Info: New unique counter `rerunfilecheck' on input line 2
85.
)
\Hy@SectionHShift=\skip55
)
LaTeX Font Info:    Trying to load font information for TU+ptm on input line 84
.
LaTeX Font Info:    No file TUptm.fd. on input line 84.


LaTeX Font Warning: Font shape `TU/ptm/m/n' undefined
(Font)              using `TU/lmr/m/n' instead on input line 84.

(./russiantranslated.aux

LaTeX Warning: Label `fig:onecol' multiply defined.


LaTeX Warning: Label `fig:onecol' multiply defined.


LaTeX Warning: Label `fig:onecol' multiply defined.


LaTeX Warning: Label `fig:onecol' multiply defined.


LaTeX Warning: Label `fig:onecol' multiply defined.


LaTeX Warning: Label `fig:onecol' multiply defined.


LaTeX Warning: Label `fig:onecol' multiply defined.


LaTeX Warning: Label `fig:onecol' multiply defined.


LaTeX Warning: Label `fig:onecol' multiply defined.

)
\openout1 = `russiantranslated.aux'.

LaTeX Font Info:    Checking defaults for OML/cmm/m/it on input line 84.
LaTeX Font Info:    ... okay on input line 84.
LaTeX Font Info:    Checking defaults for OMS/cmsy/m/n on input line 84.
LaTeX Font Info:    ... okay on input line 84.
LaTeX Font Info:    Checking defaults for OT1/cmr/m/n on input line 84.
LaTeX Font Info:    ... okay on input line 84.
LaTeX Font Info:    Checking defaults for T1/cmr/m/n on input line 84.
LaTeX Font Info:    ... okay on input line 84.
LaTeX Font Info:    Checking defaults for TS1/cmr/m/n on input line 84.
LaTeX Font Info:    Trying to load font information for TS1+cmr on input line 8
4.
 (/usr/share/texlive/texmf-dist/tex/latex/base/ts1cmr.fd
File: ts1cmr.fd 2023/04/13 v2.5m Standard LaTeX font definitions
)
LaTeX Font Info:    ... okay on input line 84.
LaTeX Font Info:    Checking defaults for TU/lmr/m/n on input line 84.
LaTeX Font Info:    ... okay on input line 84.
LaTeX Font Info:    Checking defaults for OMX/cmex/m/n on input line 84.
LaTeX Font Info:    ... okay on input line 84.
LaTeX Font Info:    Checking defaults for U/cmr/m/n on input line 84.
LaTeX Font Info:    ... okay on input line 84.
LaTeX Font Info:    Checking defaults for PD1/pdf/m/n on input line 84.
LaTeX Font Info:    ... okay on input line 84.
LaTeX Font Info:    Checking defaults for PU/pdf/m/n on input line 84.
LaTeX Font Info:    ... okay on input line 84.

Package fontspec Info: Adjusting the maths setup (use [no-math] to avoid
(fontspec)             this).

\symlegacymaths=\mathgroup6
LaTeX Font Info:    Overwriting symbol font `legacymaths' in version `bold'
(Font)                  OT1/cmr/m/n --> OT1/cmr/bx/n on input line 84.
LaTeX Font Info:    Redeclaring math accent \acute on input line 84.
LaTeX Font Info:    Redeclaring math accent \grave on input line 84.
LaTeX Font Info:    Redeclaring math accent \ddot on input line 84.
LaTeX Font Info:    Redeclaring math accent \tilde on input line 84.
LaTeX Font Info:    Redeclaring math accent \bar on input line 84.
LaTeX Font Info:    Redeclaring math accent \breve on input line 84.
LaTeX Font Info:    Redeclaring math accent \check on input line 84.
LaTeX Font Info:    Redeclaring math accent \hat on input line 84.
LaTeX Font Info:    Redeclaring math accent \dot on input line 84.
LaTeX Font Info:    Redeclaring math accent \mathring on input line 84.
LaTeX Font Info:    Redeclaring math symbol \Gamma on input line 84.
LaTeX Font Info:    Redeclaring math symbol \Delta on input line 84.
LaTeX Font Info:    Redeclaring math symbol \Theta on input line 84.
LaTeX Font Info:    Redeclaring math symbol \Lambda on input line 84.
LaTeX Font Info:    Redeclaring math symbol \Xi on input line 84.
LaTeX Font Info:    Redeclaring math symbol \Pi on input line 84.
LaTeX Font Info:    Redeclaring math symbol \Sigma on input line 84.
LaTeX Font Info:    Redeclaring math symbol \Upsilon on input line 84.
LaTeX Font Info:    Redeclaring math symbol \Phi on input line 84.
LaTeX Font Info:    Redeclaring math symbol \Psi on input line 84.
LaTeX Font Info:    Redeclaring math symbol \Omega on input line 84.
LaTeX Font Info:    Redeclaring math symbol \mathdollar on input line 84.
LaTeX Font Info:    Redeclaring symbol font `operators' on input line 84.
LaTeX Font Info:    Encoding `OT1' has changed to `TU' for symbol font
(Font)              `operators' in the math version `normal' on input line 84.
LaTeX Font Info:    Overwriting symbol font `operators' in version `normal'
(Font)                  OT1/cmr/m/n --> TU/ptm/m/n on input line 84.
LaTeX Font Info:    Encoding `OT1' has changed to `TU' for symbol font
(Font)              `operators' in the math version `bold' on input line 84.
LaTeX Font Info:    Overwriting symbol font `operators' in version `bold'
(Font)                  OT1/cmr/bx/n --> TU/ptm/m/n on input line 84.
LaTeX Font Info:    Overwriting symbol font `operators' in version `normal'
(Font)                  TU/ptm/m/n --> TU/ptm/m/n on input line 84.
LaTeX Font Info:    Overwriting math alphabet `\mathit' in version `normal'
(Font)                  OT1/cmr/m/it --> TU/ptm/m/it on input line 84.
LaTeX Font Info:    Overwriting math alphabet `\mathbf' in version `normal'
(Font)                  OT1/cmr/bx/n --> TU/ptm/b/n on input line 84.
LaTeX Font Info:    Overwriting math alphabet `\mathsf' in version `normal'
(Font)                  OT1/cmss/m/n --> TU/phv/m/n on input line 84.
LaTeX Font Info:    Overwriting math alphabet `\mathtt' in version `normal'
(Font)                  OT1/cmtt/m/n --> TU/pcr/m/n on input line 84.
LaTeX Font Info:    Overwriting symbol font `operators' in version `bold'
(Font)                  TU/ptm/m/n --> TU/ptm/b/n on input line 84.
LaTeX Font Info:    Overwriting math alphabet `\mathit' in version `bold'
(Font)                  OT1/cmr/bx/it --> TU/ptm/b/it on input line 84.
LaTeX Font Info:    Overwriting math alphabet `\mathsf' in version `bold'
(Font)                  OT1/cmss/bx/n --> TU/phv/b/n on input line 84.
LaTeX Font Info:    Overwriting math alphabet `\mathtt' in version `bold'
(Font)                  OT1/cmtt/m/n --> TU/pcr/b/n on input line 84.

ABD: EveryShipout initializing macros
(/usr/share/texlive/texmf-dist/tex/latex/graphics/color.sty
Package: color 2022/01/06 v1.3d Standard LaTeX Color (DPC)

(/usr/share/texlive/texmf-dist/tex/latex/graphics-cfg/color.cfg
File: color.cfg 2016/01/02 v1.6 sample color configuration
)
Package color Info: Driver file: xetex.def on input line 149.

(/usr/share/texlive/texmf-dist/tex/latex/graphics/mathcolor.ltx))
Package hyperref Info: Link coloring OFF on input line 84.


LaTeX Font Warning: Font shape `TU/ptm/b/n' undefined
(Font)              using `TU/ptm/m/n' instead on input line 96.

LaTeX Font Info:    Trying to load font information for U+msa on input line 96.

(/usr/share/texlive/texmf-dist/tex/latex/amsfonts/umsa.fd
File: umsa.fd 2013/01/14 v3.01 AMS symbols A
)
LaTeX Font Info:    Trying to load font information for U+msb on input line 96.


(/usr/share/texlive/texmf-dist/tex/latex/amsfonts/umsb.fd
File: umsb.fd 2013/01/14 v3.01 AMS symbols B
)
LaTeX Font Info:    Trying to load font information for TU+pcr on input line 96
.
LaTeX Font Info:    No file TUpcr.fd. on input line 96.


LaTeX Font Warning: Font shape `TU/pcr/m/n' undefined
(Font)              using `TU/lmr/m/n' instead on input line 96.


LaTeX Font Warning: Font shape `TU/ptm/m/it' undefined
(Font)              using `TU/ptm/m/n' instead on input line 97.


Underfull \hbox (badness 10000) in paragraph at lines 98--99
[]\TU/NotoSerif(1)/m/it/10 В мае \TU/LatinModernRoman(0)/m/it/10 2024 \TU/NotoS
erif(1)/m/it/10 года анонимный онлайн\TU/LatinModernRoman(0)/m/it/10 -
 []


Underfull \hbox (badness 6510) in paragraph at lines 98--99
\TU/NotoSerif(1)/m/it/10 автор\TU/LatinModernRoman(0)/m/it/10 , \TU/NotoSerif(1
)/m/it/10 известный как \TU/LatinModernRoman(0)/m/it/10 «The Ethical Skeptic»
 []


Underfull \hbox (badness 1946) in paragraph at lines 98--99
\TU/LatinModernRoman(0)/m/it/10 [[]], \TU/NotoSerif(1)/m/it/10 представил револ
юционную теорию под
 []


Underfull \hbox (badness 10000) in paragraph at lines 98--99
\TU/NotoSerif(1)/m/it/10 подвергалась внезапным катастрофическим
 []


Underfull \hbox (badness 2119) in paragraph at lines 98--99
\TU/NotoSerif(1)/m/it/10 наводнения по всему миру из\TU/LatinModernRoman(0)/m/i
t/10 -\TU/NotoSerif(1)/m/it/10 за того\TU/LatinModernRoman(0)/m/it/10 , \TU/Not
oSerif(1)/m/it/10 что
 []


Underfull \hbox (badness 10000) in paragraph at lines 98--99
\TU/NotoSerif(1)/m/it/10 океаны переливались на континенты под
 []


Underfull \hbox (badness 2884) in paragraph at lines 98--99
\TU/NotoSerif(1)/m/it/10 представляет объяснительный геофизический
 []


Underfull \hbox (badness 10000) in paragraph at lines 98--99
\TU/NotoSerif(1)/m/it/10 Хотя предсказания катастрофических
 []


Underfull \hbox (badness 6461) in paragraph at lines 98--99
\TU/NotoSerif(1)/m/it/10 потопов и конца света не новы\TU/LatinModernRoman(0)/m
/it/10 , \TU/NotoSerif(1)/m/it/10 теория
 []


Underfull \hbox (badness 3919) in paragraph at lines 100--101
\TU/LatinModernRoman(0)/m/it/10 [[], []] \TU/NotoSerif(1)/m/it/10 по этой теме 
и фокусируется на
 []


Underfull \hbox (badness 10000) in paragraph at lines 100--101
\TU/NotoSerif(1)/m/it/10 современных политических аспектах этой
 []


Underfull \hbox (badness 1371) in paragraph at lines 109--111
[]\TU/NotoSerif(1)/m/it/10 В этой статье описываются масштабные
 []


Underfull \hbox (badness 10000) in paragraph at lines 109--111
\TU/NotoSerif(1)/m/it/10 приготовления\TU/LatinModernRoman(0)/m/it/10 , \TU/Not
oSerif(1)/m/it/10 которые ведут западные
 []


Underfull \hbox (badness 10000) in paragraph at lines 114--115
[]\TU/NotoSerif(1)/m/n/10 В январе \TU/LatinModernRoman(0)/m/n/10 2010 \TU/Noto
Serif(1)/m/n/10 года организация \TU/LatinModernRoman(0)/m/n/10 Project
 []


Underfull \hbox (badness 10000) in paragraph at lines 114--115
\TU/LatinModernRoman(0)/m/n/10 Camelot, \TU/NotoSerif(1)/m/n/10 занимающаяся ал
ьтернативной
 []


Underfull \hbox (badness 10000) in paragraph at lines 114--115
\TU/NotoSerif(1)/m/n/10 журналистикой и сбором свидетельств
 []


Underfull \hbox (badness 10000) in paragraph at lines 114--115
\TU/NotoSerif(1)/m/n/10 информаторов\TU/LatinModernRoman(0)/m/n/10 , \TU/NotoSe
rif(1)/m/n/10 взяла интервью \TU/LatinModernRoman(0)/m/n/10 [[], []] \TU/NotoSe
rif(1)/m/n/10 у
 []


Underfull \hbox (badness 5771) in paragraph at lines 114--115
\TU/NotoSerif(1)/m/n/10 на встрече старших масонов в Лондон\TU/LatinModernRoman
(0)/m/n/10 t \TU/NotoSerif(1)/m/n/10 в
 []


Underfull \hbox (badness 10000) in paragraph at lines 114--115
\TU/NotoSerif(1)/m/n/10 связанные с ожидаемым \TU/LatinModernRoman(0)/b/n/10 "\
TU/NotoSerif(1)/b/n/10 геофизическим
 []


Underfull \hbox (badness 6125) in paragraph at lines 114--115
\TU/NotoSerif(1)/b/n/10 событием\TU/LatinModernRoman(0)/b/n/10 "\TU/LatinModern
Roman(0)/m/n/10 , \TU/NotoSerif(1)/m/n/10 то есть глобальной природной
 []

File: freemason.jpg Graphic file (type bmp)
<freemason.jpg>

Underfull \hbox (badness 3281) in paragraph at lines 120--120
\TU/NotoSerif(1)/m/n/9 состоянии\TU/LatinModernRoman(0)/m/n/9 , \TU/NotoSerif(1
)/m/n/9 тихо строят заговор по сбрасыванию
 []

File: british.jpg Graphic file (type bmp)
<british.jpg>

Underfull \hbox (badness 10000) in paragraph at lines 133--134
[]\TU/NotoSerif(1)/m/n/10 Согласно этому инсайдеру\TU/LatinModernRoman(0)/m/n/1
0 , \TU/NotoSerif(1)/m/n/10 на встрече
 []


Underfull \hbox (badness 10000) in paragraph at lines 133--134
\TU/NotoSerif(1)/m/it/10 и некоторые из них \TU/LatinModernRoman(0)/m/it/10 — \
TU/NotoSerif(1)/m/it/10 очень известные
 []


Underfull \hbox (badness 10000) in paragraph at lines 133--134
\TU/NotoSerif(1)/m/it/10 личности\TU/LatinModernRoman(0)/m/it/10 , \TU/NotoSeri
f(1)/m/it/10 которых люди в Соединённом
 []


Underfull \hbox (badness 2119) in paragraph at lines 133--134
\TU/NotoSerif(1)/m/it/10 Королевстве узнают сразу\TU/LatinModernRoman(0)/m/it/1
0 ... \TU/NotoSerif(1)/m/it/10 есть немного
 []


Underfull \hbox (badness 2772) in paragraph at lines 133--134
\TU/NotoSerif(1)/m/it/10 высокопоставленный политик\TU/LatinModernRoman(0)/m/it
/10 . \TU/NotoSerif(1)/m/it/10 Двое других
 []


Underfull \hbox (badness 10000) in paragraph at lines 133--134
\TU/NotoSerif(1)/m/it/10 были высокопоставленным сотрудником
 []


Underfull \hbox (badness 6094) in paragraph at lines 133--134
\TU/NotoSerif(1)/m/it/10 Я думал\TU/LatinModernRoman(0)/m/it/10 , \TU/NotoSerif
(1)/m/it/10 что это обычное трехмесячное
 []

[1


]
Underfull \hbox (badness 10000) in paragraph at lines 135--136
[]\TU/NotoSerif(1)/m/n/10 Основная хронология событий\TU/LatinModernRoman(0)/m/
n/10 ,
 []


Underfull \hbox (badness 10000) in paragraph at lines 135--136
\TU/NotoSerif(1)/m/n/10 обсуждавшихся на встрече \TU/LatinModernRoman(0)/m/n/10
 (\TU/NotoSerif(1)/m/n/10 в \TU/LatinModernRoman(0)/m/n/10 2005 \TU/NotoSerif(1
)/m/n/10 году\TU/LatinModernRoman(0)/m/n/10 ),
 []


Underfull \hbox (badness 1052) in paragraph at lines 144--145
\TU/NotoSerif(1)/m/n/10 после этих событий\TU/LatinModernRoman(0)/m/n/10 : \TU/
LatinModernRoman(0)/m/it/10 "\TU/NotoSerif(1)/m/it/10 Итак\TU/LatinModernRoman(
0)/m/it/10 , \TU/NotoSerif(1)/m/it/10 мы собираемся
 []


Underfull \hbox (badness 7133) in paragraph at lines 144--145
\TU/NotoSerif(1)/m/it/10 геофизическое событие на Земле\TU/LatinModernRoman(0)/
m/it/10 , \TU/NotoSerif(1)/m/it/10 которое
 []


Underfull \hbox (badness 2384) in paragraph at lines 146--147
[]\TU/NotoSerif(1)/m/n/10 Причина всей этой секретной подготовки\TU/LatinModern
Roman(0)/m/n/10 ,
 []


Underfull \hbox (badness 4072) in paragraph at lines 146--147
\TU/NotoSerif(1)/m/n/10 конечно же\TU/LatinModernRoman(0)/m/n/10 , \TU/NotoSeri
f(1)/m/n/10 власть\TU/LatinModernRoman(0)/m/n/10 . \TU/NotoSerif(1)/m/n/10 Инса
йдер объясняет\TU/LatinModernRoman(0)/m/n/10 :
 []


Underfull \hbox (badness 1783) in paragraph at lines 146--147
\TU/NotoSerif(1)/m/it/10 ядерную и биологическую войну\TU/LatinModernRoman(0)/m
/it/10 . \TU/NotoSerif(1)/m/it/10 Население
 []


Underfull \hbox (badness 1005) in paragraph at lines 146--147
\TU/NotoSerif(1)/m/it/10 о посткатастрофической эпохе\TU/LatinModernRoman(0)/m/
it/10 . \TU/NotoSerif(1)/m/it/10 Кто будет
 []


Underfull \hbox (badness 1371) in paragraph at lines 146--147
\TU/NotoSerif(1)/m/it/10 так важно\TU/LatinModernRoman(0)/m/it/10 , \TU/NotoSer
if(1)/m/it/10 чтобы эти события произошли
 []


Underfull \hbox (badness 10000) in paragraph at lines 146--147
\TU/NotoSerif(1)/m/it/10 быть создана до того\TU/LatinModernRoman(0)/m/it/10 , 
\TU/NotoSerif(1)/m/it/10 как произойдет
 []


Underfull \hbox (badness 1616) in paragraph at lines 146--147
\TU/LatinModernRoman(0)/m/it/10 [\TU/NotoSerif(1)/m/it/10 хаос\TU/LatinModernRo
man(0)/m/it/10 ] \TU/NotoSerif(1)/m/it/10 наступит\TU/LatinModernRoman(0)/m/it/
10 , \TU/NotoSerif(1)/m/it/10 с некоторой уверенностью\TU/LatinModernRoman(0)/m
/it/10 ,
 []


Underfull \hbox (badness 6188) in paragraph at lines 146--147
\TU/NotoSerif(1)/m/it/10 что она переживет грядущие события \TU/LatinModernRoma
n(0)/m/it/10 —
 []


Underfull \hbox (badness 3525) in paragraph at lines 146--147
\TU/NotoSerif(1)/m/it/10 она могла устоять на ногах\TU/LatinModernRoman(0)/m/it
/10 , \TU/NotoSerif(1)/m/it/10 остаться у
 []


Underfull \hbox (badness 7451) in paragraph at lines 146--147
\TU/NotoSerif(1)/m/it/10 власти и сохранить ту власть\TU/LatinModernRoman(0)/m/
it/10 , \TU/NotoSerif(1)/m/it/10 которой
 []


Underfull \hbox (badness 10000) in paragraph at lines 146--147
\TU/NotoSerif(1)/m/n/10 обсуждалось также название этого плана
 []


Underfull \hbox (badness 4792) in paragraph at lines 146--147
\TU/LatinModernRoman(0)/m/n/10 — "\TU/NotoSerif(1)/m/n/10 Англосаксонская мисси
я\TU/LatinModernRoman(0)/m/n/10 ": \TU/LatinModernRoman(0)/m/it/10 [\TU/NotoSer
if(1)/m/it/10 Интервьюер\TU/LatinModernRoman(0)/m/it/10 ]:
 []


Underfull \hbox (badness 10000) in paragraph at lines 146--147
\TU/LatinModernRoman(0)/m/it/10 "...\TU/NotoSerif(1)/m/it/10 почему это называе
тся Англосаксонская
 []


Underfull \hbox (badness 1902) in paragraph at lines 146--147
\TU/NotoSerif(1)/m/it/10 том\TU/LatinModernRoman(0)/m/it/10 , \TU/NotoSerif(1)/
m/it/10 чтобы уничтожить китайцев\TU/LatinModernRoman(0)/m/it/10 , \TU/NotoSeri
f(1)/m/it/10 чтобы
 []


Underfull \hbox (badness 10000) in paragraph at lines 146--147
\TU/NotoSerif(1)/m/it/10 после катастрофы и когда мир будут
 []


Underfull \hbox (badness 4416) in paragraph at lines 146--147
\TU/NotoSerif(1)/m/it/10 восстанавливать\TU/LatinModernRoman(0)/m/it/10 , \TU/N
otoSerif(1)/m/it/10 только англосаксы могли
 []

[2]
Underfull \hbox (badness 8113) in paragraph at lines 148--149
[]\TU/NotoSerif(1)/m/n/10 Что касается точных сроков ожидаемого
 []


Underfull \hbox (badness 7740) in paragraph at lines 148--149
\TU/NotoSerif(1)/m/n/10 свою догадку\TU/LatinModernRoman(0)/m/n/10 : \TU/LatinM
odernRoman(0)/m/it/10 "...\TU/NotoSerif(1)/m/it/10 ощущение\TU/LatinModernRoman
(0)/m/it/10 , \TU/NotoSerif(1)/m/it/10 и оно очень
 []


Underfull \hbox (badness 4608) in paragraph at lines 148--149
\TU/NotoSerif(1)/m/it/10 интуитивное\TU/LatinModernRoman(0)/m/it/10 , \TU/NotoS
erif(1)/m/it/10 что им нужно собраться с
 []


Underfull \hbox (badness 3354) in paragraph at lines 148--149
\TU/NotoSerif(1)/b/it/10 что это случится еще на моем веку\TU/LatinModernRoman(
0)/b/it/10 ,
 []


Underfull \hbox (badness 2237) in paragraph at lines 150--151
\TU/NotoSerif(1)/m/n/10 автор также говорит о своей убежденности\TU/LatinModern
Roman(0)/m/n/10 ,
 []


Underfull \hbox (badness 2384) in paragraph at lines 150--151
\TU/NotoSerif(1)/m/n/10 что Первая и Вторая мировые войны были
 []


Underfull \hbox (badness 10000) in paragraph at lines 150--151
\TU/NotoSerif(1)/m/n/10 искусственно созданы\TU/LatinModernRoman(0)/m/n/10 , \T
U/NotoSerif(1)/m/n/10 а Англосаксонская
 []


Underfull \hbox (badness 10000) in paragraph at lines 150--151
\TU/NotoSerif(1)/m/n/10 миссия почти наверняка насчитывает
 []


Underfull \hbox (badness 1043) in paragraph at lines 150--151
\TU/NotoSerif(1)/m/n/10 До окончания \TU/LatinModernRoman(0)/m/n/10 20-\TU/Noto
Serif(1)/m/n/10 летнего дедлайна инсайдера
 []


Underfull \hbox (badness 10000) in paragraph at lines 152--152
[] \TU/LatinModernRoman(0)/b/n/11 . \TU/NotoSerif(1)/b/n/11 Друидические эзотер
ические
 []


Underfull \hbox (badness 10000) in paragraph at lines 154--155
[]\TU/NotoSerif(1)/m/n/10 Западные знания о периодических
 []


Underfull \hbox (badness 10000) in paragraph at lines 154--155
\TU/NotoSerif(1)/m/n/10 катастрофах хорошо сохраняются\TU/LatinModernRoman(0)/m
/n/10 , \TU/NotoSerif(1)/m/n/10 и не
 []


Underfull \hbox (badness 8189) in paragraph at lines 154--155
\TU/NotoSerif(1)/m/n/10 только у вольных каменщиков\TU/LatinModernRoman(0)/m/n/
10 . \TU/NotoSerif(1)/m/n/10 Друиды
 []


Underfull \hbox (badness 10000) in paragraph at lines 154--155
\TU/LatinModernRoman(0)/m/n/10 — \TU/NotoSerif(1)/m/n/10 хорошо задокументирова
нная древняя
 []


Underfull \hbox (badness 10000) in paragraph at lines 154--155
\TU/NotoSerif(1)/m/n/10 кельтская культура как минимум с \TU/LatinModernRoman(0
)/m/n/10 2400-
 []


Underfull \hbox (badness 4048) in paragraph at lines 154--155
\TU/NotoSerif(1)/m/n/10 летней историей \TU/LatinModernRoman(0)/m/n/10 [[]] — \
TU/NotoSerif(1)/m/n/10 передавали знания
 []


Underfull \hbox (badness 10000) in paragraph at lines 154--155
\TU/NotoSerif(1)/m/n/10 о периодических катастрофах на Земле\TU/LatinModernRoma
n(0)/m/n/10 .
 []


Underfull \hbox (badness 4378) in paragraph at lines 154--155
\TU/NotoSerif(1)/m/n/10 Считается\TU/LatinModernRoman(0)/m/n/10 , \TU/NotoSerif
(1)/m/n/10 что последний известный друид
 []


Underfull \hbox (badness 1320) in paragraph at lines 154--155
\TU/LatinModernRoman(0)/m/n/10 "\TU/NotoSerif(1)/m/n/10 Последний друид\TU/Lati
nModernRoman(0)/m/n/10 " 1992 \TU/NotoSerif(1)/m/n/10 года\TU/LatinModernRoman(
0)/m/n/10 , \TU/NotoSerif(1)/m/n/10 он рассказал о
 []


Underfull \hbox (badness 4995) in paragraph at lines 154--155
\TU/NotoSerif(1)/m/it/10 после последней Великой Катастрофы\TU/LatinModernRoman
(0)/m/it/10 , \TU/NotoSerif(1)/m/it/10 или
 []


Underfull \hbox (badness 10000) in paragraph at lines 154--155
\TU/NotoSerif(1)/m/it/10 уничтожена\TU/LatinModernRoman(0)/m/it/10 ... \TU/Noto
Serif(1)/m/it/10 Все знания перешли под
 []


Underfull \hbox (badness 3179) in paragraph at lines 154--155
\TU/NotoSerif(1)/m/it/10 очень значительных бедствий\TU/LatinModernRoman(0)/m/i
t/10 . \TU/NotoSerif(1)/m/it/10 Считалось\TU/LatinModernRoman(0)/m/it/10 ,
 []


Underfull \hbox (badness 10000) in paragraph at lines 154--155
\TU/NotoSerif(1)/m/it/10 что полные астрономические знания
 []


Underfull \hbox (badness 3668) in paragraph at lines 154--155
\TU/NotoSerif(1)/m/it/10 меры для защиты\TU/LatinModernRoman(0)/m/it/10 . \TU/N
otoSerif(1)/m/it/10 Если посмотреть на
 []


Underfull \hbox (badness 2961) in paragraph at lines 154--155
\TU/NotoSerif(1)/m/it/10 мегалитические комплексы в Ирландии\TU/LatinModernRoma
n(0)/m/it/10 , \TU/NotoSerif(1)/m/it/10 то
 []


Underfull \hbox (badness 3514) in paragraph at lines 154--155
\TU/NotoSerif(1)/m/it/10 на самом деле были очень примитивными
 []


Underfull \hbox (badness 3826) in paragraph at lines 154--155
\TU/NotoSerif(1)/m/it/10 бомбоубежищами\TU/LatinModernRoman(0)/m/it/10 . \TU/No
toSerif(1)/m/it/10 Они значительно выше
 []


Underfull \vbox (badness 10000) has occurred while \output is active []


Underfull \hbox (badness 10000) in paragraph at lines 156--156
[] \TU/LatinModernRoman(0)/b/n/12 . \TU/NotoSerif(1)/b/n/12 Доказательства совр
еменной
 []


Underfull \hbox (badness 10000) in paragraph at lines 158--159
[]\TU/NotoSerif(1)/m/n/10 Учитывая\TU/LatinModernRoman(0)/m/n/10 , \TU/NotoSeri
f(1)/m/n/10 что правящие западные
 []


Underfull \hbox (badness 10000) in paragraph at lines 158--159
\TU/NotoSerif(1)/m/n/10 державы\TU/LatinModernRoman(0)/m/n/10 , \TU/NotoSerif(1
)/m/n/10 по\TU/LatinModernRoman(0)/m/n/10 -\TU/NotoSerif(1)/m/n/10 видимому\TU/
LatinModernRoman(0)/m/n/10 , \TU/NotoSerif(1)/m/n/10 считают
 []


Underfull \hbox (badness 10000) in paragraph at lines 158--159
\TU/NotoSerif(1)/m/n/10 надвигающийся глобальный геофизический
 []


Underfull \hbox (badness 10000) in paragraph at lines 158--159
\TU/NotoSerif(1)/m/n/10 катаклизм неизбежным\TU/LatinModernRoman(0)/m/n/10 , \T
U/NotoSerif(1)/m/n/10 можно ожидать\TU/LatinModernRoman(0)/m/n/10 ,
 []


Underfull \hbox (badness 10000) in paragraph at lines 158--159
\TU/NotoSerif(1)/m/n/10 что предпринимаются значительные
 []


Underfull \hbox (badness 6016) in paragraph at lines 158--159
\TU/NotoSerif(1)/m/n/10 приготовления для защиты себя от такого
 []


Underfull \hbox (badness 10000) in paragraph at lines 158--159
\TU/NotoSerif(1)/m/n/10 события\TU/LatinModernRoman(0)/m/n/10 . \TU/NotoSerif(1
)/m/n/10 И действительно\TU/LatinModernRoman(0)/m/n/10 , \TU/NotoSerif(1)/m/n/1
0 существуют
 []


Underfull \hbox (badness 10000) in paragraph at lines 158--159
\TU/NotoSerif(1)/m/n/10 доказательства в открытых источниках о
 []


Underfull \hbox (badness 10000) in paragraph at lines 158--159
\TU/NotoSerif(1)/m/n/10 существовании обширных сетей глубоких
 []


Underfull \hbox (badness 4316) in paragraph at lines 158--159
\TU/NotoSerif(1)/m/n/10 бы защитить обитателей в случае ядерной
 []


Underfull \hbox (badness 2005) in paragraph at lines 158--159
\TU/NotoSerif(1)/m/n/10 войны\TU/LatinModernRoman(0)/m/n/10 , \TU/NotoSerif(1)/
m/n/10 они также послужили бы укрытием
 []


Underfull \hbox (badness 6364) in paragraph at lines 158--159
\TU/NotoSerif(1)/m/n/10 от различных видов природных катастроф\TU/LatinModernRo
man(0)/m/n/10 .
 []


Underfull \hbox (badness 1400) in paragraph at lines 158--159
\TU/NotoSerif(1)/m/n/10 а являются продуманными заранее планами\TU/LatinModernR
oman(0)/m/n/10 .
 []


Underfull \hbox (badness 3713) in paragraph at lines 158--159
\TU/NotoSerif(1)/m/n/10 Стоит также отметить огромное количество
 []


Underfull \hbox (badness 10000) in paragraph at lines 158--159
\TU/NotoSerif(1)/m/n/10 средств\TU/LatinModernRoman(0)/m/n/10 , \TU/NotoSerif(1
)/m/n/10 необходимое для строительства\TU/LatinModernRoman(0)/m/n/10 ,
 []


Underfull \hbox (badness 1215) in paragraph at lines 158--159
\TU/LatinModernRoman(0)/m/n/10 [[], [], []]. \TU/NotoSerif(1)/m/n/10 Другими пр
имерами подготовки
 []


Underfull \hbox (badness 10000) in paragraph at lines 158--159
\TU/NotoSerif(1)/m/n/10 к событиям\TU/LatinModernRoman(0)/m/n/10 , \TU/NotoSeri
f(1)/m/n/10 угрожающим вымиранием
 []


Underfull \hbox (badness 2027) in paragraph at lines 158--159
\TU/NotoSerif(1)/m/n/10 человечества\TU/LatinModernRoman(0)/m/n/10 , \TU/NotoSe
rif(1)/m/n/10 являются различные архивные
 []

[3]
Underfull \hbox (badness 10000) in paragraph at lines 160--160
[] \TU/LatinModernRoman(0)/b/n/11 . \TU/NotoSerif(1)/b/n/11 Американские подзем
ные и
 []


Underfull \hbox (badness 2119) in paragraph at lines 162--163
\TU/NotoSerif(1)/m/n/10 подземных баз\TU/LatinModernRoman(0)/m/n/10 , \TU/NotoS
erif(1)/m/n/10 которое мне удалось найти\TU/LatinModernRoman(0)/m/n/10 ,
 []


Underfull \hbox (badness 2293) in paragraph at lines 162--163
\TU/NotoSerif(1)/m/n/10 проведено Ричардом Саудером\TU/LatinModernRoman(0)/m/n/
10 , \TU/NotoSerif(1)/m/n/10 независимым
 []


Underfull \hbox (badness 2134) in paragraph at lines 162--163
\TU/NotoSerif(1)/m/n/10 американским исследователем\TU/LatinModernRoman(0)/m/n/
10 , \TU/NotoSerif(1)/m/n/10 выпустившим
 []


Underfull \hbox (badness 1533) in paragraph at lines 162--163
\TU/NotoSerif(1)/m/n/10 несколько книг о глубоких подземных базах
 []


Underfull \hbox (badness 4913) in paragraph at lines 162--163
\TU/LatinModernRoman(0)/m/n/10 [[]]. \TU/NotoSerif(1)/m/n/10 Работа Саудера зак
лючается в сборе
 []


Underfull \hbox (badness 10000) in paragraph at lines 162--163
\TU/NotoSerif(1)/m/n/10 исторических и современных новостных
 []


Underfull \hbox (badness 10000) in paragraph at lines 162--163
\TU/NotoSerif(1)/m/n/10 и сведениями инсайдеров\TU/LatinModernRoman(0)/m/n/10 .
 \TU/NotoSerif(1)/m/n/10 Исследование
 []


Underfull \hbox (badness 1168) in paragraph at lines 162--163
\TU/NotoSerif(1)/m/n/10 Саудера показывает\TU/LatinModernRoman(0)/m/n/10 , \TU/
NotoSerif(1)/m/n/10 что существует большая
 []


Underfull \hbox (badness 1199) in paragraph at lines 162--163
\TU/NotoSerif(1)/m/n/10 Америке и по её периметру \TU/LatinModernRoman(0)/m/n/1
0 (\TU/NotoSerif(1)/m/n/10 рисунок []\TU/LatinModernRoman(0)/m/n/10 4[]), \TU/N
otoSerif(1)/m/n/10 на
 []


Underfull \hbox (badness 1173) in paragraph at lines 162--163
\TU/NotoSerif(1)/m/n/10 возможную глубину до \TU/LatinModernRoman(0)/m/n/10 3 \
TU/NotoSerif(1)/m/n/10 миль\TU/LatinModernRoman(0)/m/n/10 , \TU/NotoSerif(1)/m/
n/10 и\TU/LatinModernRoman(0)/m/n/10 , \TU/NotoSerif(1)/m/n/10 вероятно\TU/Lati
nModernRoman(0)/m/n/10 ,
 []


Underfull \hbox (badness 10000) in paragraph at lines 162--163
\TU/NotoSerif(1)/m/n/10 соединённых между собой подземными
 []


Underfull \hbox (badness 10000) in paragraph at lines 162--163
\TU/NotoSerif(1)/m/n/10 сверхскоростными магнитолевитационными
 []


Underfull \hbox (badness 10000) in paragraph at lines 162--163
\TU/NotoSerif(1)/m/n/10 поездами в вакуумных трубах\TU/LatinModernRoman(0)/m/n/
10 . \TU/NotoSerif(1)/m/n/10 Эти
 []


Underfull \hbox (badness 10000) in paragraph at lines 162--163
\TU/NotoSerif(1)/m/n/10 базы тайно финансируются через \TU/LatinModernRoman(0)/
m/it/10 "\TU/NotoSerif(1)/m/it/10 игру с
 []


Underfull \hbox (badness 10000) in paragraph at lines 162--163
\TU/NotoSerif(1)/m/it/10 высокими финансами\TU/LatinModernRoman(0)/m/it/10 , \T
U/NotoSerif(1)/m/it/10 международными\TU/LatinModernRoman(0)/m/it/10 ,
 []


Underfull \hbox (badness 10000) in paragraph at lines 162--163
\TU/NotoSerif(1)/m/it/10 межведомственными схемами отмывания
 []


Underfull \hbox (badness 10000) in paragraph at lines 162--163
\TU/NotoSerif(1)/m/it/10 денег\TU/LatinModernRoman(0)/m/it/10 "\TU/LatinModernR
oman(0)/m/n/10 , \TU/NotoSerif(1)/m/n/10 организуемую теми же людьми\TU/LatinMo
dernRoman(0)/m/n/10 ,
 []


Underfull \hbox (badness 10000) in paragraph at lines 162--163
\TU/NotoSerif(1)/m/n/10 которые владеют компанией Соединённые
 []


Underfull \hbox (badness 1024) in paragraph at lines 162--163
\TU/NotoSerif(1)/m/n/10 Штаты Америки \TU/LatinModernRoman(0)/m/n/10 [[]]. \TU/
NotoSerif(1)/m/n/10 Продолжением работы
 []


Underfull \hbox (badness 3803) in paragraph at lines 162--163
\TU/NotoSerif(1)/m/n/10 по исследованию масштабов этих объектов\TU/LatinModernR
oman(0)/m/n/10 ,
 []


Underfull \hbox (badness 1231) in paragraph at lines 162--163
\TU/NotoSerif(1)/m/n/10 проведённой Кэтрин Остин Фиттс \TU/LatinModernRoman(0)/
m/n/10 (\TU/NotoSerif(1)/m/n/10 её работа
 []

File: penta.jpg Graphic file (type bmp)
<penta.jpg>

Underfull \hbox (badness 1082) in paragraph at lines 168--168
\TU/NotoSerif(1)/m/n/9 домом и Пентагоном\TU/LatinModernRoman(0)/m/n/9 ? \TU/No
toSerif(1)/m/n/9 Очевидно\TU/LatinModernRoman(0)/m/n/9 , \TU/NotoSerif(1)/m/n/9
 обширная сеть
 []

File: basescrop.png Graphic file (type bmp)
<basescrop.png>

Underfull \hbox (badness 10000) in paragraph at lines 181--182
[]\TU/NotoSerif(1)/m/n/10 Вот несколько отрывков свидетельских
 []


Underfull \hbox (badness 10000) in paragraph at lines 181--182
\TU/NotoSerif(1)/m/n/10 показаний\TU/LatinModernRoman(0)/m/n/10 , \TU/NotoSerif
(1)/m/n/10 предоставленных источниками
 []

File: undersea.jpg Graphic file (type bmp)
<undersea.jpg>

Underfull \hbox (badness 10000) in paragraph at lines 195--195
\TU/NotoSerif(1)/m/n/9 по проекту подводной базы \TU/LatinModernRoman(0)/m/n/9 
Rock-Site \TU/NotoSerif(1)/m/n/9 военно\TU/LatinModernRoman(0)/m/n/9 -
 []


Underfull \hbox (badness 10000) in paragraph at lines 200--201
[]\TU/NotoSerif(1)/m/n/10 Саудер также получил свидетельства о
 []


Underfull \hbox (badness 4995) in paragraph at lines 200--201
\TU/NotoSerif(1)/m/n/10 подземных поездах на магнитной подушке\TU/LatinModernRo
man(0)/m/n/10 ,
 []


Underfull \hbox (badness 10000) in paragraph at lines 200--201
[]\TU/LatinModernRoman(0)/m/n/10 5[]), \TU/NotoSerif(1)/m/n/10 и подводных тунн
елях для подлодок\TU/LatinModernRoman(0)/m/n/10 ,
 []


Underfull \hbox (badness 10000) in paragraph at lines 200--201
\TU/NotoSerif(1)/m/n/10 касается подводной базы в Мексиканском
 []


Underfull \hbox (badness 3271) in paragraph at lines 200--201
\TU/NotoSerif(1)/m/it/10 полгода после публикации книги \TU/LatinModernRoman(0)
/m/it/10 '\TU/NotoSerif(1)/m/it/10 Подводные
 []


Underfull \hbox (badness 2837) in paragraph at lines 200--201
\TU/NotoSerif(1)/m/it/10 который утверждал\TU/LatinModernRoman(0)/m/it/10 , \TU
/NotoSerif(1)/m/it/10 что ему известно об
 []


Underfull \hbox (badness 1371) in paragraph at lines 200--201
\TU/NotoSerif(1)/m/it/10 одном необычном подводном проекте\TU/LatinModernRoman(
0)/m/it/10 ... \TU/NotoSerif(1)/m/it/10 Он
 []


Underfull \hbox (badness 10000) in paragraph at lines 200--201
\TU/NotoSerif(1)/m/it/10 оборудование\TU/LatinModernRoman(0)/m/it/10 , \TU/Noto
Serif(1)/m/it/10 предназначенное для работы
 []


Underfull \hbox (badness 1308) in paragraph at lines 200--201
\TU/NotoSerif(1)/m/it/10 на глубине \TU/LatinModernRoman(0)/m/it/10 2800 \TU/No
toSerif(1)/m/it/10 футов под морским дном\TU/LatinModernRoman(0)/m/it/10 ...
 []


Underfull \hbox (badness 2922) in paragraph at lines 200--201
\TU/NotoSerif(1)/m/it/10 подразумевает присутствие живых людей в
 []

[4]
Underfull \vbox (badness 1107) has occurred while \output is active []

File: sub.jpg Graphic file (type bmp)
<sub.jpg>

Underfull \hbox (badness 1931) in paragraph at lines 206--206
[]\TU/NotoSerif(1)/m/n/9 Рисунок \TU/LatinModernRoman(0)/m/n/9 6. []\TU/NotoSer
if(1)/m/n/9 Иллюстрация подводного туннеля для
 []

File: iran.jpeg Graphic file (type bmp)
<iran.jpeg>

Underfull \hbox (badness 4872) in paragraph at lines 221--222
[]\TU/NotoSerif(1)/m/n/10 Если действительно существует обширная
 []


Underfull \hbox (badness 10000) in paragraph at lines 221--222
\TU/NotoSerif(1)/m/n/10 секретная трансконтинентальная сеть из
 []


Underfull \hbox (badness 2393) in paragraph at lines 221--222
\TU/NotoSerif(1)/m/n/10 более чем \TU/LatinModernRoman(0)/m/n/10 170 \TU/NotoSe
rif(1)/m/n/10 подземных и подводных баз\TU/LatinModernRoman(0)/m/n/10 ,
 []


Underfull \hbox (badness 10000) in paragraph at lines 221--222
\TU/NotoSerif(1)/m/n/10 проложенных на километровую глубину
 []


Underfull \hbox (badness 10000) in paragraph at lines 221--222
\TU/NotoSerif(1)/m/n/10 под нашими ногами и соединённых
 []


Underfull \hbox (badness 10000) in paragraph at lines 221--222
\TU/NotoSerif(1)/m/n/10 гиперзвуковыми магнитолевитационными
 []


Underfull \hbox (badness 10000) in paragraph at lines 221--222
\TU/NotoSerif(1)/m/n/10 и блаженного невежества\TU/LatinModernRoman(0)/m/n/10 ,
 \TU/NotoSerif(1)/m/n/10 не только не
 []

[5]
Underfull \hbox (badness 10000) in paragraph at lines 223--224
[]\TU/NotoSerif(1)/m/n/10 В дополнение хочется отметить\TU/LatinModernRoman(0)/
m/n/10 , \TU/NotoSerif(1)/m/n/10 что
 []


Underfull \hbox (badness 10000) in paragraph at lines 223--224
\TU/NotoSerif(1)/m/n/10 существование больших подземных сетей
 []


Underfull \hbox (badness 2088) in paragraph at lines 223--224
\TU/NotoSerif(1)/m/n/10 туннелей было несомненно доказано в ходе
 []


Underfull \hbox (badness 10000) in paragraph at lines 223--224
\TU/NotoSerif(1)/m/n/10 текущего конфликта на Ближнем Востоке
 []


Underfull \hbox (badness 10000) in paragraph at lines 223--224
\TU/LatinModernRoman(0)/m/n/10 (\TU/NotoSerif(1)/m/n/10 туннели ХАМАС под секто
ром Газа \TU/LatinModernRoman(0)/m/n/10 [[]],
 []


Underfull \hbox (badness 10000) in paragraph at lines 223--224
\TU/NotoSerif(1)/m/n/10 и иранский подземный \TU/LatinModernRoman(0)/m/n/10 "\T
U/NotoSerif(1)/m/n/10 ракетный город\TU/LatinModernRoman(0)/m/n/10 "
 []


Underfull \hbox (badness 10000) in paragraph at lines 223--224
\TU/NotoSerif(1)/m/n/10 никаких сомнений ни в возможности
 []


Underfull \hbox (badness 5288) in paragraph at lines 223--224
\TU/NotoSerif(1)/m/n/10 строительства таких сооружений\TU/LatinModernRoman(0)/m
/n/10 , \TU/NotoSerif(1)/m/n/10 ни в их
 []


Underfull \hbox (badness 3449) in paragraph at lines 223--224
\TU/NotoSerif(1)/m/n/10 заставить задуматься\TU/LatinModernRoman(0)/m/n/10 , \T
U/NotoSerif(1)/m/n/10 какие объекты могли
 []


Underfull \hbox (badness 10000) in paragraph at lines 225--225
[] \TU/LatinModernRoman(0)/b/n/11 . \TU/NotoSerif(1)/b/n/11 Дополнительные свид
етельства
 []

File: tyrol.jpg Graphic file (type bmp)
<tyrol.jpg>
File: svalbard.jpg Graphic file (type bmp)
<svalbard.jpg>

Underfull \hbox (badness 10000) in paragraph at lines 241--241
[]\TU/NotoSerif(1)/m/n/9 Рисунок \TU/LatinModernRoman(0)/m/n/9 9. []\TU/NotoSer
if(1)/m/n/9 Всемирное семехранилище на
 []


Underfull \hbox (badness 10000) in paragraph at lines 241--241
\TU/NotoSerif(1)/m/n/9 Шпицбергене в Норвегии\TU/LatinModernRoman(0)/m/n/9 , \T
U/NotoSerif(1)/m/n/9 содержащее более
 []


Underfull \hbox (badness 10000) in paragraph at lines 246--247
[]\TU/NotoSerif(1)/m/n/10 Во всём мире существует множество
 []


Underfull \hbox (badness 10000) in paragraph at lines 246--247
\TU/NotoSerif(1)/m/n/10 дополнительных признаков подготовки к
 []


Underfull \hbox (badness 6001) in paragraph at lines 256--257
[]\TU/NotoSerif(1)/m/n/10 По\TU/LatinModernRoman(0)/m/n/10 -\TU/NotoSerif(1)/m/
n/10 видимому\TU/LatinModernRoman(0)/m/n/10 , \TU/NotoSerif(1)/m/n/10 бизнес\TU
/LatinModernRoman(0)/m/n/10 -\TU/NotoSerif(1)/m/n/10 магнаты Кремниевой
 []


Underfull \hbox (badness 4940) in paragraph at lines 256--257
\TU/NotoSerif(1)/m/n/10 долины также осведомлены об этом\TU/LatinModernRoman(0)
/m/n/10 . \TU/NotoSerif(1)/m/n/10 По
 []


Underfull \hbox (badness 10000) in paragraph at lines 256--257
\TU/NotoSerif(1)/m/n/10 сообщениям\TU/LatinModernRoman(0)/m/n/10 , \TU/LatinMod
ernRoman(0)/m/it/10 "\TU/NotoSerif(1)/m/it/10 Рид Хоффман\TU/LatinModernRoman(0
)/m/it/10 , \TU/NotoSerif(1)/m/it/10 инвестор и
 []


Underfull \hbox (badness 10000) in paragraph at lines 256--257
\TU/NotoSerif(1)/m/it/10 соучредитель \TU/LatinModernRoman(0)/m/it/10 LinkedIn,
 \TU/NotoSerif(1)/m/it/10 сообщил \TU/LatinModernRoman(0)/m/it/10 The New
 []


Underfull \hbox (badness 3942) in paragraph at lines 256--257
\TU/LatinModernRoman(0)/m/it/10 Yorker \TU/NotoSerif(1)/m/it/10 ранее в этом го
ду\TU/LatinModernRoman(0)/m/it/10 , \TU/NotoSerif(1)/m/it/10 что более \TU/Lati
nModernRoman(0)/m/it/10 50%
 []


Underfull \hbox (badness 6236) in paragraph at lines 256--257
\TU/NotoSerif(1)/m/it/10 некий \TU/LatinModernRoman(0)/m/it/10 «\TU/NotoSerif(1
)/m/it/10 страховой полис от апокалипсиса\TU/LatinModernRoman(0)/m/it/10 »,
 []


Underfull \hbox (badness 1127) in paragraph at lines 256--257
\TU/NotoSerif(1)/m/it/10 например\TU/LatinModernRoman(0)/m/it/10 , \TU/NotoSeri
f(1)/m/it/10 подземное убежище\TU/LatinModernRoman(0)/m/it/10 ... \TU/NotoSerif
(1)/m/it/10 По словам
 []


Underfull \hbox (badness 10000) in paragraph at lines 256--257
\TU/NotoSerif(1)/m/it/10 миллиардеров есть частные самолёты\TU/LatinModernRoman
(0)/m/it/10 ,
 []

[6]
Underfull \hbox (badness 10000) in paragraph at lines 258--259
[]\TU/NotoSerif(1)/m/n/10 Существуют также различные крупные
 []


Underfull \hbox (badness 10000) in paragraph at lines 258--259
\TU/NotoSerif(1)/m/n/10 архивные проекты\TU/LatinModernRoman(0)/m/n/10 , \TU/No
toSerif(1)/m/n/10 такие как Глобальное
 []


Underfull \hbox (badness 1577) in paragraph at lines 258--259
\TU/NotoSerif(1)/m/n/10 хранилище знаний\TU/LatinModernRoman(0)/m/n/10 , \TU/No
toSerif(1)/m/n/10 управляемое \TU/LatinModernRoman(0)/m/n/10 Arch Mission
 []


Underfull \hbox (badness 1939) in paragraph at lines 258--259
\TU/NotoSerif(1)/m/n/10 на Шпицбергене \TU/LatinModernRoman(0)/m/n/10 [[]], \TU
/NotoSerif(1)/m/n/10 которые\TU/LatinModernRoman(0)/m/n/10 , \TU/NotoSerif(1)/m
/n/10 по\TU/LatinModernRoman(0)/m/n/10 -\TU/NotoSerif(1)/m/n/10 видимому\TU/Lat
inModernRoman(0)/m/n/10 ,
 []


Underfull \hbox (badness 10000) in paragraph at lines 258--259
\TU/NotoSerif(1)/m/n/10 предназначены для сохранения жизненно
 []


Underfull \hbox (badness 10000) in paragraph at lines 258--259
\TU/NotoSerif(1)/m/n/10 важных активов человечества в случае
 []

File: govcrop2.png Graphic file (type bmp)
<govcrop2.png>

Underfull \hbox (badness 10000) in paragraph at lines 267--267
[] \TU/LatinModernRoman(0)/b/n/12 . \TU/NotoSerif(1)/b/n/12 Демократические мех
анизмы
 []


Underfull \hbox (badness 10000) in paragraph at lines 267--267
\TU/NotoSerif(1)/b/n/12 финансирования массовых
 []


Underfull \hbox (badness 10000) in paragraph at lines 269--270
[]\TU/NotoSerif(1)/m/n/10 Так как же финансируются массовые
 []


Underfull \hbox (badness 10000) in paragraph at lines 269--270
\TU/NotoSerif(1)/m/n/10 трансконтинентальные сети из более чем
 []


Underfull \hbox (badness 10000) in paragraph at lines 269--270
\TU/LatinModernRoman(0)/m/n/10 170 \TU/NotoSerif(1)/m/n/10 подземных и подводны
х баз\TU/LatinModernRoman(0)/m/n/10 , \TU/NotoSerif(1)/m/n/10 при
 []


Underfull \hbox (badness 8038) in paragraph at lines 269--270
\TU/NotoSerif(1)/m/n/10 этом держа в неведении долговых рабов\TU/LatinModernRom
an(0)/m/n/10 ?
 []


Underfull \hbox (badness 10000) in paragraph at lines 269--270
\TU/NotoSerif(1)/m/n/10 Существует одна бухгалтерская цепочка\TU/LatinModernRom
an(0)/m/n/10 ,
 []


Underfull \hbox (badness 8132) in paragraph at lines 269--270
\TU/NotoSerif(1)/m/n/10 которая может дать нам представление о
 []


Underfull \hbox (badness 2837) in paragraph at lines 269--270
\TU/NotoSerif(1)/m/n/10 масштабе средств\TU/LatinModernRoman(0)/m/n/10 , \TU/No
toSerif(1)/m/n/10 идущих на эти проекты\TU/LatinModernRoman(0)/m/n/10 ,
 []


Underfull \hbox (badness 3128) in paragraph at lines 269--270
\TU/NotoSerif(1)/m/n/10 и об их источниках\TU/LatinModernRoman(0)/m/n/10 . \TU/
NotoSerif(1)/m/n/10 В \TU/LatinModernRoman(0)/m/n/10 2017 \TU/NotoSerif(1)/m/n/
10 году Кэтрин
 []


Underfull \hbox (badness 1448) in paragraph at lines 269--270
\TU/NotoSerif(1)/m/n/10 при администрации Буша\TU/LatinModernRoman(0)/m/n/10 , 
\TU/NotoSerif(1)/m/n/10 и Марк Скидмор\TU/LatinModernRoman(0)/m/n/10 ,
 []


Underfull \hbox (badness 1406) in paragraph at lines 269--270
\TU/NotoSerif(1)/m/n/10 экономист из Мичиганского государственного
 []


Underfull \hbox (badness 10000) in paragraph at lines 269--270
\TU/NotoSerif(1)/m/n/10 университета\TU/LatinModernRoman(0)/m/n/10 , \TU/NotoSe
rif(1)/m/n/10 обнаружили \TU/LatinModernRoman(0)/m/n/10 21 \TU/NotoSerif(1)/m/n
/10 триллион
 []


Underfull \hbox (badness 10000) in paragraph at lines 269--270
\TU/NotoSerif(1)/m/n/10 в правительстве США в течение \TU/LatinModernRoman(0)/m
/n/10 1998-2015
 []


Underfull \hbox (badness 1681) in paragraph at lines 271--272
[]\TU/NotoSerif(1)/m/n/10 Согласно их отчёту\TU/LatinModernRoman(0)/m/n/10 , \T
U/LatinModernRoman(0)/m/it/10 "7 \TU/NotoSerif(1)/m/it/10 октября \TU/LatinMode
rnRoman(0)/m/it/10 2016 \TU/NotoSerif(1)/m/it/10 года
 []


Underfull \hbox (badness 10000) in paragraph at lines 271--272
\TU/NotoSerif(1)/m/it/10 агентство \TU/LatinModernRoman(0)/m/it/10 Reuters \TU/
NotoSerif(1)/m/it/10 опубликовало статью
 []


Underfull \hbox (badness 10000) in paragraph at lines 271--272
\TU/NotoSerif(1)/m/it/10 корректировки учёта на \TU/LatinModernRoman(0)/m/it/10
 6,5 \TU/NotoSerif(1)/m/it/10 триллиона
 []


Underfull \hbox (badness 10000) in paragraph at lines 271--272
\TU/NotoSerif(1)/m/it/10 долларов без обеспечивающих документов\TU/LatinModernR
oman(0)/m/it/10 ,
 []


Underfull \hbox (badness 6412) in paragraph at lines 271--272
\TU/LatinModernRoman(0)/m/it/10 “\TU/NotoSerif(1)/m/it/10 чтобы создать иллюзию
 сбалансированной
 []


Underfull \hbox (badness 10000) in paragraph at lines 271--272
\TU/NotoSerif(1)/m/it/10 отчётности\TU/LatinModernRoman(0)/m/it/10 .” \TU/NotoS
erif(1)/m/it/10 Учитывая\TU/LatinModernRoman(0)/m/it/10 , \TU/NotoSerif(1)/m/it
/10 что общий
 []


Underfull \hbox (badness 2772) in paragraph at lines 271--272
\TU/NotoSerif(1)/m/it/10 бюджет армии на тот год составлял \TU/LatinModernRoman
(0)/m/it/10 122
 []


Underfull \hbox (badness 5105) in paragraph at lines 271--272
\TU/NotoSerif(1)/m/it/10 Рамсфелд заявил на слушании в Конгрессе
 []


Underfull \hbox (badness 3343) in paragraph at lines 271--272
\TU/LatinModernRoman(0)/m/it/10 (C-SPAN, 2014), \TU/NotoSerif(1)/m/it/10 что МО
 потеряло след \TU/LatinModernRoman(0)/m/it/10 2,3
 []


Underfull \hbox (badness 2126) in paragraph at lines 271--272
\TU/NotoSerif(1)/m/it/10 триллиона долларов в транзакциях\TU/LatinModernRoman(0
)/m/it/10 ... \TU/NotoSerif(1)/m/it/10 Это
 []


Underfull \hbox (badness 1796) in paragraph at lines 271--272
\TU/NotoSerif(1)/m/it/10 забыто на следующий день\TU/LatinModernRoman(0)/m/it/1
0 , \TU/NotoSerif(1)/m/it/10 когда трагедия
 []


Underfull \hbox (badness 2197) in paragraph at lines 271--272
\TU/NotoSerif(1)/m/it/10 Когда профессор Марк Скидмор узнал о \TU/LatinModernRo
man(0)/m/it/10 6,5
 []


Underfull \hbox (badness 4518) in paragraph at lines 271--272
\TU/NotoSerif(1)/m/it/10 триллионах в неподтверждённых армейских
 []


Underfull \hbox (badness 1142) in paragraph at lines 271--272
\TU/NotoSerif(1)/m/it/10 они договорились весной \TU/LatinModernRoman(0)/m/it/1
0 2017 \TU/NotoSerif(1)/m/it/10 года работать
 []


Underfull \hbox (badness 10000) in paragraph at lines 271--272
\TU/NotoSerif(1)/m/it/10 вместе\TU/LatinModernRoman(0)/m/it/10 , \TU/NotoSerif(
1)/m/it/10 чтобы выявить другие подобные
 []


Underfull \hbox (badness 10000) in paragraph at lines 271--272
\TU/NotoSerif(1)/m/it/10 правительственные отчёты\TU/LatinModernRoman(0)/m/it/1
0 , \TU/NotoSerif(1)/m/it/10 указывающие
 []


Underfull \hbox (badness 10000) in paragraph at lines 271--272
\TU/NotoSerif(1)/m/it/10 на необычно крупные неподтверждённые
 []


Underfull \hbox (badness 1281) in paragraph at lines 271--272
\TU/NotoSerif(1)/m/it/10 транзакции в \TU/LatinModernRoman(0)/m/it/10 HUD \TU/N
otoSerif(1)/m/it/10 и МО США\TU/LatinModernRoman(0)/m/it/10 . \TU/NotoSerif(1)/
m/it/10 В течение
 []


Underfull \hbox (badness 2653) in paragraph at lines 271--272
\TU/NotoSerif(1)/m/it/10 следующих шести месяцев Скидмор\TU/LatinModernRoman(0)
/m/it/10 , \TU/NotoSerif(1)/m/it/10 Фиттс
 []


Underfull \hbox (badness 10000) in paragraph at lines 271--272
\TU/NotoSerif(1)/m/it/10 и небольшая команда аспирантов собрали
 []


Underfull \hbox (badness 2865) in paragraph at lines 271--272
\TU/NotoSerif(1)/m/it/10 официальные правительственные документы\TU/LatinModern
Roman(0)/m/it/10 ,
 []


Underfull \hbox (badness 10000) in paragraph at lines 271--272
\TU/NotoSerif(1)/m/it/10 в которых было идентифицировано в
 []


Underfull \hbox (badness 1895) in paragraph at lines 271--272
\TU/NotoSerif(1)/m/it/10 общей сложности \TU/LatinModernRoman(0)/m/it/10 21 \TU
/NotoSerif(1)/m/it/10 триллион долларов не
 []


Underfull \hbox (badness 10000) in paragraph at lines 271--272
\TU/NotoSerif(1)/m/it/10 документированных транзакций за период
 []

[7]
Underfull \hbox (badness 10000) in paragraph at lines 273--274
\TU/NotoSerif(1)/m/n/10 год\TU/LatinModernRoman(0)/m/n/10 , \TU/NotoSerif(1)/m/
n/10 официально признанные бюджетные
 []


Underfull \hbox (badness 10000) in paragraph at lines 273--274
\TU/NotoSerif(1)/m/n/10 поступления правительства США составили
 []


Underfull \hbox (badness 10000) in paragraph at lines 273--274
\TU/NotoSerif(1)/m/n/10 что сумма более половины поступлений
 []


Underfull \hbox (badness 10000) in paragraph at lines 273--274
\TU/NotoSerif(1)/m/n/10 правительства тайно расходовалась на
 []


Underfull \hbox (badness 1052) in paragraph at lines 273--274
\TU/LatinModernRoman(0)/m/n/10 21 \TU/NotoSerif(1)/m/n/10 триллион долларов\TU/
LatinModernRoman(0)/m/n/10 . \TU/NotoSerif(1)/m/n/10 Применение той же
 []


Underfull \hbox (badness 2781) in paragraph at lines 273--274
\TU/NotoSerif(1)/m/n/10 годов даёт общую сумму \TU/LatinModernRoman(0)/m/n/10 —
 36,6 \TU/NotoSerif(1)/m/n/10 триллиона
 []


Underfull \hbox (badness 8038) in paragraph at lines 275--276
[]\TU/NotoSerif(1)/m/n/10 В \TU/LatinModernRoman(0)/m/n/10 2021 \TU/NotoSerif(1
)/m/n/10 году Марк Скидмор опубликовал
 []


Underfull \hbox (badness 1946) in paragraph at lines 275--276
\TU/NotoSerif(1)/m/n/10 обновление к этому исследованию учитывая
 []


Underfull \hbox (badness 3271) in paragraph at lines 275--276
\TU/NotoSerif(1)/m/n/10 сообщения \TU/LatinModernRoman(0)/m/n/10 Bloomberg \TU/
NotoSerif(1)/m/n/10 о том\TU/LatinModernRoman(0)/m/n/10 , \TU/NotoSerif(1)/m/n/
10 что в \TU/LatinModernRoman(0)/m/n/10 2017-2019
 []


Underfull \hbox (badness 10000) in paragraph at lines 275--276
\TU/NotoSerif(1)/m/n/10 финансовых годах Пентагон зафиксировал
 []


Underfull \hbox (badness 1448) in paragraph at lines 275--276
\TU/NotoSerif(1)/m/n/10 умопомрачительные \TU/LatinModernRoman(0)/m/n/10 94,7 \
TU/NotoSerif(1)/m/n/10 триллиона долларов
 []


Underfull \hbox (badness 1275) in paragraph at lines 275--276
\TU/NotoSerif(1)/m/n/10 снимать \TU/LatinModernRoman(0)/m/n/10 (\TU/NotoSerif(1
)/m/n/10 или\TU/LatinModernRoman(0)/m/n/10 , \TU/NotoSerif(1)/m/n/10 вернее\TU/
LatinModernRoman(0)/m/n/10 , \TU/NotoSerif(1)/m/n/10 вытаскивать\TU/LatinModern
Roman(0)/m/n/10 ) \TU/NotoSerif(1)/m/n/10 столько\TU/LatinModernRoman(0)/m/n/10
 ,
 []


Underfull \hbox (badness 10000) in paragraph at lines 277--277
[] \TU/LatinModernRoman(0)/b/n/12 . \TU/NotoSerif(1)/b/n/12 Потомки Юпитера\TU/
LatinModernRoman(0)/b/n/12 : \TU/NotoSerif(1)/b/n/12 личности
 []


Underfull \hbox (badness 10000) in paragraph at lines 279--280
\TU/NotoSerif(1)/m/n/10 Мы не можем знать точно\TU/LatinModernRoman(0)/m/n/10 ,
 \TU/NotoSerif(1)/m/n/10 потому что
 []


Underfull \hbox (badness 1688) in paragraph at lines 279--280
\TU/NotoSerif(1)/m/n/10 западные короли капитала остаются в тени\TU/LatinModern
Roman(0)/m/n/10 .
 []


Underfull \hbox (badness 10000) in paragraph at lines 279--280
\TU/NotoSerif(1)/m/n/10 Существует множество разных теорий \TU/LatinModernRoman
(0)/m/n/10 —
 []


Underfull \hbox (badness 6758) in paragraph at lines 279--280
\TU/NotoSerif(1)/m/n/10 от общественных персон до инопланетных
 []


Underfull \hbox (badness 5924) in paragraph at lines 279--280
\TU/NotoSerif(1)/m/n/10 существ\TU/LatinModernRoman(0)/m/n/10 , — \TU/NotoSerif
(1)/m/n/10 но лучший ответ\TU/LatinModernRoman(0)/m/n/10 , \TU/NotoSerif(1)/m/n
/10 который у
 []


Underfull \hbox (badness 1769) in paragraph at lines 279--280
\TU/NotoSerif(1)/m/n/10 блогера под псевдонимом \TU/LatinModernRoman(0)/m/n/10 
"\TU/NotoSerif(1)/m/n/10 Амаллулла\TU/LatinModernRoman(0)/m/n/10 ". \TU/NotoSer
if(1)/m/n/10 Его
 []


Underfull \hbox (badness 10000) in paragraph at lines 279--280
\TU/NotoSerif(1)/m/n/10 труд представлял собой обширный синтез
 []


Underfull \hbox (badness 2126) in paragraph at lines 279--280
\TU/NotoSerif(1)/m/n/10 истории\TU/LatinModernRoman(0)/m/n/10 , \TU/NotoSerif(1
)/m/n/10 оккультной символики и западной
 []


Underfull \hbox (badness 10000) in paragraph at lines 281--282
[]\TU/NotoSerif(1)/m/n/10 Амаллулла выделил три западные
 []


Underfull \hbox (badness 5288) in paragraph at lines 281--282
\TU/NotoSerif(1)/m/n/10 политические фракции\TU/LatinModernRoman(0)/m/n/10 , \T
U/NotoSerif(1)/m/n/10 которые вместе он
 []


Underfull \hbox (badness 1048) in paragraph at lines 281--282
\TU/NotoSerif(1)/m/n/10 знанием о \TU/LatinModernRoman(0)/m/n/10 “\TU/NotoSerif
(1)/m/n/10 конце времён\TU/LatinModernRoman(0)/m/n/10 ” — \TU/NotoSerif(1)/m/n/
10 периодических
 []


Underfull \hbox (badness 6173) in paragraph at lines 281--282
\TU/NotoSerif(1)/m/n/10 катастрофах Земли\TU/LatinModernRoman(0)/m/n/10 . \TU/N
otoSerif(1)/m/n/10 Он считал\TU/LatinModernRoman(0)/m/n/10 , \TU/NotoSerif(1)/m
/n/10 что эти
 []


Underfull \hbox (badness 5217) in paragraph at lines 281--282
\TU/NotoSerif(1)/m/n/10 три фракции вместе управляют западными
 []


Underfull \hbox (badness 6380) in paragraph at lines 281--282
\TU/NotoSerif(1)/m/n/10 и исторических идентичностей\TU/LatinModernRoman(0)/m/n
/10 , \TU/NotoSerif(1)/m/n/10 возможных
 []


Underfull \hbox (badness 10000) in paragraph at lines 281--282
\TU/NotoSerif(1)/m/n/10 прошлых разногласий и воспринимаемых
 []

File: illuminati.jpg Graphic file (type bmp)
<illuminati.jpg>

Underfull \hbox (badness 10000) in paragraph at lines 288--288
[]\TU/NotoSerif(1)/m/n/9 Рисунок \TU/LatinModernRoman(0)/m/n/9 11. []\TU/NotoSe
rif(1)/m/n/9 Кто же такие потомки Юпитера\TU/LatinModernRoman(0)/m/n/9 ?
 []


Underfull \hbox (badness 10000) in paragraph at lines 293--294
[]\TU/NotoSerif(1)/m/n/10 Эти три фракции можно примерно
 []


Underfull \hbox (badness 4266) in paragraph at lines 303--304
\TU/NotoSerif(1)/m/n/10 европейских иллюминатов\TU/LatinModernRoman(0)/m/n/10 ,
 \TU/NotoSerif(1)/m/n/10 масонов и ЦРУ\TU/LatinModernRoman(0)/m/n/10 .
 []


Underfull \hbox (badness 10000) in paragraph at lines 303--304
\TU/NotoSerif(1)/m/n/10 Как описал Амаллулла\TU/LatinModernRoman(0)/m/n/10 , \T
U/LatinModernRoman(0)/m/it/10 "\TU/NotoSerif(1)/m/it/10 Прямо сейчас\TU/LatinMo
dernRoman(0)/m/it/10 , \TU/NotoSerif(1)/m/it/10 в
 []


Underfull \hbox (badness 5622) in paragraph at lines 303--304
\TU/NotoSerif(1)/m/it/10 конце времен\TU/LatinModernRoman(0)/m/it/10 , \TU/Noto
Serif(1)/m/it/10 потомки Юпитера надежно
 []


Underfull \hbox (badness 10000) in paragraph at lines 303--304
\TU/NotoSerif(1)/m/it/10 к которой ограничен даже действующему
 []


Underfull \hbox (badness 7704) in paragraph at lines 303--304
\TU/NotoSerif(1)/m/it/10 президенту Соединенных Штатов Америки\TU/LatinModernRo
man(0)/m/it/10 .
 []


Underfull \hbox (badness 10000) in paragraph at lines 303--304
\TU/NotoSerif(1)/m/it/10 искусство скрываться от общественного
 []


Underfull \hbox (badness 1748) in paragraph at lines 303--304
\TU/NotoSerif(1)/b/it/10 контролируют военные и правительство
 []


Underfull \hbox (badness 10000) in paragraph at lines 303--304
\TU/NotoSerif(1)/b/it/10 Соединённых Штатов Америки\TU/LatinModernRoman(0)/b/it
/10 , \TU/NotoSerif(1)/b/it/10 но и
 []


Underfull \hbox (badness 10000) in paragraph at lines 303--304
\TU/NotoSerif(1)/b/it/10 с помощью власти фиатных денег\TU/LatinModernRoman(0)/
b/it/10 ,
 []


Underfull \hbox (badness 10000) in paragraph at lines 303--304
\TU/NotoSerif(1)/b/it/10 крупных корпораций и изобретённой
 []


Underfull \hbox (badness 10000) in paragraph at lines 303--304
\TU/NotoSerif(1)/b/it/10 ими республиканской формы правления
 []


Underfull \hbox (badness 4168) in paragraph at lines 303--304
\TU/LatinModernRoman(0)/b/it/10 (\TU/NotoSerif(1)/b/it/10 осознавая\TU/LatinMod
ernRoman(0)/b/it/10 , \TU/NotoSerif(1)/b/it/10 что политики будут легко
 []


Underfull \hbox (badness 3690) in paragraph at lines 303--304
\TU/NotoSerif(1)/b/it/10 они контролируют весь западный мир\TU/LatinModernRoman
(0)/m/it/10 "
 []

[8]
File: pike.jpg Graphic file (type bmp)
<pike.jpg>

Underfull \hbox (badness 10000) in paragraph at lines 309--309
[]\TU/NotoSerif(1)/m/n/9 Рисунок \TU/LatinModernRoman(0)/m/n/9 12. []\TU/NotoSe
rif(1)/m/n/9 Знаменитый батолит Пайкс\TU/LatinModernRoman(0)/m/n/9 -\TU/NotoSer
if(1)/m/n/9 Пик\TU/LatinModernRoman(0)/m/n/9 ,
 []


Underfull \hbox (badness 10000) in paragraph at lines 309--309
\TU/NotoSerif(1)/m/n/9 части Соединённых Штатов \TU/LatinModernRoman(0)/m/n/9 [
[]]. \TU/NotoSerif(1)/m/n/9 Неужели
 []


Underfull \hbox (badness 2608) in paragraph at lines 314--315
[]\TU/NotoSerif(1)/m/n/10 Согласно Амаллулле\TU/LatinModernRoman(0)/m/n/10 , \T
U/NotoSerif(1)/m/n/10 эти люди презирают
 []


Underfull \hbox (badness 5189) in paragraph at lines 314--315
\TU/NotoSerif(1)/m/n/10 и широко используют символизм\TU/LatinModernRoman(0)/m/
n/10 . \TU/NotoSerif(1)/m/n/10 Кроме
 []


Underfull \hbox (badness 10000) in paragraph at lines 314--315
\TU/NotoSerif(1)/m/n/10 того\TU/LatinModernRoman(0)/m/n/10 , \TU/NotoSerif(1)/m
/n/10 они беспощадны к своим врагам\TU/LatinModernRoman(0)/m/n/10 :
 []


Underfull \hbox (badness 4084) in paragraph at lines 314--315
\TU/LatinModernRoman(0)/m/it/10 "\TU/NotoSerif(1)/b/it/10 В течение более чем \
TU/LatinModernRoman(0)/b/it/10 2 600 \TU/NotoSerif(1)/b/it/10 лет они
 []


Underfull \hbox (badness 2213) in paragraph at lines 314--315
\TU/NotoSerif(1)/b/it/10 систематически устраняли любого\TU/LatinModernRoman(0)
/b/it/10 , \TU/NotoSerif(1)/b/it/10 кто
 []


Underfull \hbox (badness 4378) in paragraph at lines 314--315
\TU/NotoSerif(1)/b/it/10 только друидов\TU/LatinModernRoman(0)/b/it/10 , \TU/No
toSerif(1)/b/it/10 еврейских каббалистов\TU/LatinModernRoman(0)/b/it/10 ,
 []


Underfull \hbox (badness 10000) in paragraph at lines 314--315
\TU/NotoSerif(1)/b/it/10 древних египтян\TU/LatinModernRoman(0)/b/it/10 , \TU/N
otoSerif(1)/b/it/10 арабов и индийских
 []


Underfull \hbox (badness 6825) in paragraph at lines 314--315
\TU/NotoSerif(1)/b/it/10 черепов в Южной Америке\TU/LatinModernRoman(0)/b/it/10
 , \TU/NotoSerif(1)/b/it/10 а также
 []


Underfull \hbox (badness 1436) in paragraph at lines 316--317
[]\TU/NotoSerif(1)/m/n/10 Амаллулла также считал\TU/LatinModernRoman(0)/m/n/10 
, \TU/NotoSerif(1)/m/n/10 что весь проект
 []


Underfull \hbox (badness 3417) in paragraph at lines 316--317
\TU/NotoSerif(1)/m/n/10 Пайкс\TU/LatinModernRoman(0)/m/n/10 -\TU/NotoSerif(1)/m
/n/10 Пик\TU/LatinModernRoman(0)/m/n/10 " — \TU/NotoSerif(1)/m/n/10 гранитным г
орным массивом
 []


Underfull \hbox (badness 10000) in paragraph at lines 316--317
\TU/NotoSerif(1)/m/n/10 в Скалистых горах\TU/LatinModernRoman(0)/m/n/10 , \TU/N
otoSerif(1)/m/n/10 который обеспечивает
 []


Underfull \hbox (badness 3250) in paragraph at lines 316--317
\TU/NotoSerif(1)/m/it/10 войной\TU/LatinModernRoman(0)/m/it/10 , \TU/NotoSerif(
1)/m/it/10 банкиры и мыслители боролись не
 []


Underfull \hbox (badness 10000) in paragraph at lines 316--317
\TU/NotoSerif(1)/m/it/10 столько за контроль над Соединёнными
 []


Underfull \hbox (badness 10000) in paragraph at lines 316--317
\TU/NotoSerif(1)/m/it/10 Штатами Америки\TU/LatinModernRoman(0)/m/it/10 , \TU/N
otoSerif(1)/m/it/10 сколько за батолит
 []


Underfull \hbox (badness 5147) in paragraph at lines 316--317
\TU/NotoSerif(1)/m/it/10 уникальных гранитных батолитов во всём
 []


Underfull \hbox (badness 1655) in paragraph at lines 316--317
\TU/NotoSerif(1)/m/it/10 мире\TU/LatinModernRoman(0)/m/it/10 ... \TU/NotoSerif(
1)/m/it/10 Нет другого гранитного батолита
 []


Underfull \hbox (badness 1789) in paragraph at lines 316--317
\TU/NotoSerif(1)/m/it/10 для выживания при смещении земной коры\TU/LatinModernR
oman(0)/m/it/10 "
 []


Underfull \hbox (badness 2521) in paragraph at lines 316--317
\TU/LatinModernRoman(0)/m/n/10 [[], []]. \TU/NotoSerif(1)/m/n/10 Исследования А
маллуллы показали\TU/LatinModernRoman(0)/m/n/10 ,
 []


Underfull \hbox (badness 10000) in paragraph at lines 316--317
\TU/NotoSerif(1)/m/n/10 построена обширная система подземных
 []


Underfull \hbox (badness 6063) in paragraph at lines 320--321
[]\TU/NotoSerif(1)/m/n/10 В этой статье я рассказал о различных
 []


Underfull \hbox (badness 10000) in paragraph at lines 320--321
\TU/NotoSerif(1)/m/n/10 свидетельствах\TU/LatinModernRoman(0)/m/n/10 , \TU/Noto
Serif(1)/m/n/10 указывающих на то\TU/LatinModernRoman(0)/m/n/10 , \TU/NotoSerif
(1)/m/n/10 что
 []


Underfull \hbox (badness 4543) in paragraph at lines 320--321
\TU/NotoSerif(1)/m/n/10 западные элиты на протяжении тысяч лет
 []


Underfull \hbox (badness 4024) in paragraph at lines 320--321
\TU/NotoSerif(1)/m/n/10 очередной\TU/LatinModernRoman(0)/m/n/10 , \TU/NotoSerif
(1)/m/n/10 построили обширные подземные
 []


Underfull \hbox (badness 3281) in paragraph at lines 320--321
\TU/NotoSerif(1)/m/n/10 планируют воспользоваться таким событием
 []


Underfull \hbox (badness 10000) in paragraph at lines 320--321
\TU/NotoSerif(1)/m/n/10 в политическом и военном плане для
 []


Underfull \hbox (badness 2781) in paragraph at lines 320--321
\TU/NotoSerif(1)/m/n/10 достижения мирового господства\TU/LatinModernRoman(0)/m
/n/10 . \TU/NotoSerif(1)/m/n/10 Я также
 []


Underfull \hbox (badness 1436) in paragraph at lines 320--321
\TU/NotoSerif(1)/m/n/10 упомянул косвенные признаки того\TU/LatinModernRoman(0)
/m/n/10 , \TU/NotoSerif(1)/m/n/10 как это
 []


Underfull \hbox (badness 10000) in paragraph at lines 320--321
\TU/NotoSerif(1)/m/n/10 родословных\TU/LatinModernRoman(0)/m/n/10 , \TU/NotoSer
if(1)/m/n/10 стоящих за этим проектом\TU/LatinModernRoman(0)/m/n/10 .
 []


Underfull \hbox (badness 3623) in paragraph at lines 320--321
\TU/NotoSerif(1)/m/n/10 Для тех\TU/LatinModernRoman(0)/m/n/10 , \TU/NotoSerif(1
)/m/n/10 кто хочет узнать больше \TU/LatinModernRoman(0)/m/n/10 — \TU/NotoSerif
(1)/m/n/10 есть
 []


Underfull \hbox (badness 10000) in paragraph at lines 322--323
[]\TU/NotoSerif(1)/m/n/10 Самый весомый измеряемый показатель\TU/LatinModernRom
an(0)/m/n/10 ,
 []


Underfull \hbox (badness 6944) in paragraph at lines 322--323
\TU/NotoSerif(1)/m/n/10 геомагнитной аномалии\TU/LatinModernRoman(0)/m/n/10 , \
TU/NotoSerif(1)/m/n/10 но и по общему
 []


Underfull \hbox (badness 10000) in paragraph at lines 322--323
\TU/NotoSerif(1)/m/n/10 ускоренному ослаблению и искажению
 []

File: npw.jpg Graphic file (type bmp)
<npw.jpg>

Underfull \hbox (badness 4927) in paragraph at lines 329--329
[]\TU/NotoSerif(1)/m/n/9 Рисунок \TU/LatinModernRoman(0)/m/n/9 13. []\TU/NotoSe
rif(1)/m/n/9 Положение геомагнитного северного
 []


Underfull \hbox (badness 1215) in paragraph at lines 334--335
[]\TU/NotoSerif(1)/m/n/10 В заключение я оставлю вам пророческую
 []


Underfull \hbox (badness 4132) in paragraph at lines 334--335
\TU/NotoSerif(1)/m/n/10 цитату Амаллуллы\TU/LatinModernRoman(0)/m/n/10 , \TU/No
toSerif(1)/m/n/10 объясняющую\TU/LatinModernRoman(0)/m/n/10 , \TU/NotoSerif(1)/
m/n/10 как \TU/LatinModernRoman(0)/m/it/10 "\TU/NotoSerif(1)/b/it/10 всё
 []


Underfull \hbox (badness 2158) in paragraph at lines 334--335
\TU/NotoSerif(1)/m/it/10 должны забыть о мире\TU/LatinModernRoman(0)/m/it/10 , 
\TU/NotoSerif(1)/m/it/10 в котором сейчас
 []


Underfull \hbox (badness 10000) in paragraph at lines 334--335
\TU/NotoSerif(1)/m/it/10 реальность\TU/LatinModernRoman(0)/m/it/10 , \TU/NotoSe
rif(1)/m/it/10 не отличающаяся от той\TU/LatinModernRoman(0)/m/it/10 ,
 []


Underfull \hbox (badness 10000) in paragraph at lines 334--335
\TU/NotoSerif(1)/m/it/10 что показана в фильме \TU/LatinModernRoman(0)/m/it/10 
«\TU/NotoSerif(1)/m/it/10 Матрица\TU/LatinModernRoman(0)/m/it/10 », \TU/NotoSer
if(1)/m/it/10 и
 []


Underfull \hbox (badness 1675) in paragraph at lines 334--335
\TU/NotoSerif(1)/m/it/10 чём я собираюсь вам сказать\TU/LatinModernRoman(0)/m/i
t/10 , \TU/NotoSerif(1)/m/it/10 не является
 []


Underfull \hbox (badness 1248) in paragraph at lines 334--335
\TU/NotoSerif(1)/m/it/10 с фильмом \TU/LatinModernRoman(0)/m/it/10 «\TU/NotoSer
if(1)/m/it/10 Матрица\TU/LatinModernRoman(0)/m/it/10 » — \TU/NotoSerif(1)/m/it/
10 самая близкая\TU/LatinModernRoman(0)/m/it/10 , \TU/NotoSerif(1)/m/it/10 к
 []


Underfull \hbox (badness 2359) in paragraph at lines 334--335
\TU/NotoSerif(1)/m/it/10 сказать\TU/LatinModernRoman(0)/m/it/10 . \TU/NotoSerif
(1)/b/it/10 Всё в вашей жизни\TU/LatinModernRoman(0)/b/it/10 , \TU/NotoSerif(1)
/b/it/10 включая
 []


Underfull \hbox (badness 2538) in paragraph at lines 334--335
\TU/NotoSerif(1)/b/it/10 всю записанную историю\TU/LatinModernRoman(0)/b/it/10 
, \TU/NotoSerif(1)/b/it/10 официальную\TU/LatinModernRoman(0)/b/it/10 ,
 []


Underfull \hbox (badness 10000) in paragraph at lines 334--335
\TU/NotoSerif(1)/b/it/10 общепринятую науку и академическую
 []


Underfull \hbox (badness 3838) in paragraph at lines 334--335
\TU/NotoSerif(1)/b/it/10 среду\TU/LatinModernRoman(0)/b/it/10 , \TU/NotoSerif(1
)/b/it/10 политику\TU/LatinModernRoman(0)/b/it/10 , \TU/NotoSerif(1)/b/it/10 ре
лигию\TU/LatinModernRoman(0)/b/it/10 , — \TU/NotoSerif(1)/b/it/10 всё так
 []


Underfull \hbox (badness 1442) in paragraph at lines 334--335
\TU/NotoSerif(1)/m/it/10 к этой реальности\TU/LatinModernRoman(0)/m/it/10 , \TU
/NotoSerif(1)/m/it/10 словно от дурного сна\TU/LatinModernRoman(0)/m/it/10 .
 []


Underfull \hbox (badness 10000) in paragraph at lines 334--335
\TU/NotoSerif(1)/m/it/10 эквиваленте компьютерно\TU/LatinModernRoman(0)/m/it/10
 -\TU/NotoSerif(1)/m/it/10 смоделированной
 []

[9]
Underfull \hbox (badness 10000) in paragraph at lines 340--341
[]\TU/NotoSerif(1)/m/n/10 Благодарю всех\TU/LatinModernRoman(0)/m/n/10 , \TU/No
toSerif(1)/m/n/10 кто выбрал делиться
 []


Underfull \hbox (badness 2401) in paragraph at lines 340--341
\TU/NotoSerif(1)/m/n/10 знаниями с общественностью\TU/LatinModernRoman(0)/m/n/1
0 . \TU/NotoSerif(1)/m/n/10 Без вас эта
 []

[10] (./russiantranslated.bbl
Underfull \hbox (badness 10000) in paragraph at lines 53--58
[]$[][][][][] [] [] [] [][][] [] [][][][][][][] [] [][][] [] [][][] [] [][][][]
[][][][][][][][][][][] []
 []


Underfull \hbox (badness 7133) in paragraph at lines 60--63
[]\TU/LatinModernRoman(0)/m/n/9 Junho.  Ecdo github research repository, 2024.
 []


Underfull \hbox (badness 1571) in paragraph at lines 123--128
\TU/LatinModernRoman(0)/m/n/9 pling – dzhanibekov oscillation (ecdo) theory, 20
24.
 []


Underfull \hbox (badness 10000) in paragraph at lines 123--128
\TU/LatinModernRoman(0)/m/n/9 https://theethicalskeptic.com/2024/05/23/master-
 []


Underfull \hbox (badness 10000) in paragraph at lines 123--128
\TU/LatinModernRoman(0)/m/n/9 exothermic-core-mantle-decoupling-dzhanibekov-
 []


Underfull \hbox (badness 5260) in paragraph at lines 149--154
[]\TU/LatinModernRoman(0)/m/n/9 South Tyrol Blog.  “south tyrol’s bunker land-
 []


Underfull \hbox (badness 10000) in paragraph at lines 149--154
\TU/LatinModernRoman(0)/m/n/9 scape”.  []$[][][][][] [] [] [] [][][] [] [][][][
][][][][][][][][] [] [][][] [] [][][][] []
 []


Underfull \hbox (badness 1152) in paragraph at lines 149--154
[][][][][][][][][][][][][][][][][][][][][][][][][][][][][][][][]$[]\TU/LatinMod
ernRoman(0)/m/n/9 , Oct. 2023.  Published
 []


Underfull \hbox (badness 10000) in paragraph at lines 161--167
[]\TU/LatinModernRoman(0)/m/n/9 sovrynn.  “ecdo/6‑literature‑media/amallulla”.
 []


Underfull \hbox (badness 10000) in paragraph at lines 161--167
[]$[][][][][] [] [] [] [][][][][][] [] [][][] [] [][][][][][][] [] [][][][] [] 
[][][][] [] [][][][][][] []
 []


Underfull \hbox (badness 1297) in paragraph at lines 161--167
[][][][][][][][][][][][][][][][][][][][] [] [][][][][][][][][]$[]\TU/LatinModer
nRoman(0)/m/n/9 , 2025.  Accessed:
 []


Underfull \hbox (badness 10000) in paragraph at lines 169--175
[]\TU/LatinModernRoman(0)/m/n/9 sovrynn.  “ecdo/6‑literature‑media/project‑came
lot”.
 []


Underfull \hbox (badness 10000) in paragraph at lines 169--175
[]$[][][][][] [] [] [] [][][][][][] [] [][][] [] [][][][][][][] [] [][][][] [] 
[][][][] [] [][][][][][] []
 []


Underfull \hbox (badness 10000) in paragraph at lines 177--184
\TU/LatinModernRoman(0)/m/n/9 synthesis”.  []$[][][][][] [] [] [] [][][][][][] 
[] [][][] [] [][][][][][][] [] [][][][] [] [][][][] []
 []


Underfull \hbox (badness 10000) in paragraph at lines 177--184
[][][][][][] [] [][][][][][][][][][][][][][][][][][][][] [] [][][][][][][][][] 
[] [][][] [] [][] []
 []


Underfull \hbox (badness 10000) in paragraph at lines 177--184
[][] [] [][][][] [] [][][][][][] [] [][][][][][][][][][][][][][][][][][][][][][
][][][] [] [][][][][][][][][] []
 []


Underfull \hbox (badness 10000) in paragraph at lines 177--184
[][][][][][][][] [] [][][][][][][][] [] [][][][] [] [][][][][] [] [][][][][][][
] [] [][][][][][] []
 []


Underfull \hbox (badness 10000) in paragraph at lines 177--184
[][][][][][][][][][][] [] [][] [] [][][][][] [] [][][][][][][][][][][][][] [] [
][][][][][][][][][][] []
 []


Underfull \hbox (badness 1221) in paragraph at lines 199--203
[]\TU/LatinModernRoman(0)/m/n/9 Svalbard Global Seed Vault.  “svalbard global s
eed
 []

) [11


] (./russiantranslated.aux)
 ***********
LaTeX2e <2023-11-01> patch level 1
L3 programming layer <2024-01-22>
 ***********


LaTeX Font Warning: Some font shapes were not available, defaults substituted.


LaTeX Warning: There were multiply-defined labels.

 ) 
Here is how much of TeX's memory you used:
 13739 strings out of 475702
 267534 string characters out of 5785445
 2166627 words of memory out of 5000000
 35442 multiletter control sequences out of 15000+600000
 567581 words of font info for 126 fonts, out of 8000000 for 9000
 932 hyphenation exceptions out of 8191
 79i,9n,93p,1605b,388s stack positions out of 10000i,1000n,20000p,200000b,200000s

Output written on russiantranslated.pdf (11 pages).
