This is pdfTeX, Version 3.141592653-2.6-1.40.25 (TeX Live 2023/Debian) (preloaded format=pdflatex 2025.6.27)  3 JUL 2025 07:04
entering extended mode
 restricted \write18 enabled.
 %&-line parsing enabled.
**spanishtranslated.tex
(./spanishtranslated.tex
LaTeX2e <2023-11-01> patch level 1
L3 programming layer <2024-01-22>
(/usr/share/texlive/texmf-dist/tex/latex/base/article.cls
Document Class: article 2023/05/17 v1.4n Standard LaTeX document class
(/usr/share/texlive/texmf-dist/tex/latex/base/size10.clo
File: size10.clo 2023/05/17 v1.4n Standard LaTeX file (size option)
)
\c@part=\count187
\c@section=\count188
\c@subsection=\count189
\c@subsubsection=\count190
\c@paragraph=\count191
\c@subparagraph=\count192
\c@figure=\count193
\c@table=\count194
\abovecaptionskip=\skip48
\belowcaptionskip=\skip49
\bibindent=\dimen140
)
(/usr/share/texlive/texmf-dist/tex/latex/booktabs/booktabs.sty
Package: booktabs 2020/01/12 v1.61803398 Publication quality tables
\heavyrulewidth=\dimen141
\lightrulewidth=\dimen142
\cmidrulewidth=\dimen143
\belowrulesep=\dimen144
\belowbottomsep=\dimen145
\aboverulesep=\dimen146
\abovetopsep=\dimen147
\cmidrulesep=\dimen148
\cmidrulekern=\dimen149
\defaultaddspace=\dimen150
\@cmidla=\count195
\@cmidlb=\count196
\@aboverulesep=\dimen151
\@belowrulesep=\dimen152
\@thisruleclass=\count197
\@lastruleclass=\count198
\@thisrulewidth=\dimen153
)
(/usr/share/texlive/texmf-dist/tex/latex/sttools/stfloats.sty
Package: stfloats 2017/03/27 v3.3 Improve float mechanism and baselineskip sett
ings
\@dblbotnum=\count199
\c@dblbotnumber=\count266
)
(/usr/share/texlive/texmf-dist/tex/latex/float/float.sty
Package: float 2001/11/08 v1.3d Float enhancements (AL)
\c@float@type=\count267
\float@exts=\toks17
\float@box=\box51
\@float@everytoks=\toks18
\@floatcapt=\box52
) (./cvpr.sty
(./eso-pic.sty
Package: eso-pic 2002/11/16 v1.1b eso-pic (RN)
 (./cvpr_eso.sty

LaTeX Warning: You have requested package `eso-pic',
               but the package provides `everyshi'.

Package: everyshi 2001/05/15 v3.00 EveryShipout Package (MS)
) (/usr/share/texlive/texmf-dist/tex/latex/graphics/keyval.sty
Package: keyval 2022/05/29 v1.15 key=value parser (DPC)
\KV@toks@=\toks19
))
(/usr/share/texlive/texmf-dist/tex/latex/tools/xspace.sty
Package: xspace 2014/10/28 v1.13 Space after command names (DPC,MH)
)
CVPR 8.5 x 11-Inch Proceedings Style `cvpr.sty'.
\@ctmp=\skip50
\@figindent=\skip51
\cvprrulerbox=\box53
\cvprrulercount=\count268
\cvprruleroffset=\dimen154
\cv@lineheight=\dimen155
\cv@boxheight=\dimen156
\cv@tmpbox=\box54
\cv@refno=\count269
\cv@tot=\count270
\cv@tmpc@=\count271
\cv@tmpc=\count272
) (/usr/share/texlive/texmf-dist/tex/latex/psnfss/times.sty
Package: times 2020/03/25 PSNFSS-v9.3 (SPQR) 
)
(/usr/share/texlive/texmf-dist/tex/latex/graphics/epsfig.sty
Package: epsfig 2017/06/25 v1.7b (e)psfig emulation (SPQR)

(/usr/share/texlive/texmf-dist/tex/latex/graphics/graphicx.sty
Package: graphicx 2021/09/16 v1.2d Enhanced LaTeX Graphics (DPC,SPQR)

(/usr/share/texlive/texmf-dist/tex/latex/graphics/graphics.sty
Package: graphics 2022/03/10 v1.4e Standard LaTeX Graphics (DPC,SPQR)

(/usr/share/texlive/texmf-dist/tex/latex/graphics/trig.sty
Package: trig 2021/08/11 v1.11 sin cos tan (DPC)
)
(/usr/share/texlive/texmf-dist/tex/latex/graphics-cfg/graphics.cfg
File: graphics.cfg 2016/06/04 v1.11 sample graphics configuration
)
Package graphics Info: Driver file: pdftex.def on input line 107.

(/usr/share/texlive/texmf-dist/tex/latex/graphics-def/pdftex.def
File: pdftex.def 2022/09/22 v1.2b Graphics/color driver for pdftex
))
\Gin@req@height=\dimen157
\Gin@req@width=\dimen158
)
\epsfxsize=\dimen159
\epsfysize=\dimen160
)
(/usr/share/texlive/texmf-dist/tex/latex/amsmath/amsmath.sty
Package: amsmath 2023/05/13 v2.17o AMS math features
\@mathmargin=\skip52

For additional information on amsmath, use the `?' option.
(/usr/share/texlive/texmf-dist/tex/latex/amsmath/amstext.sty
Package: amstext 2021/08/26 v2.01 AMS text

(/usr/share/texlive/texmf-dist/tex/latex/amsmath/amsgen.sty
File: amsgen.sty 1999/11/30 v2.0 generic functions
\@emptytoks=\toks20
\ex@=\dimen161
))
(/usr/share/texlive/texmf-dist/tex/latex/amsmath/amsbsy.sty
Package: amsbsy 1999/11/29 v1.2d Bold Symbols
\pmbraise@=\dimen162
)
(/usr/share/texlive/texmf-dist/tex/latex/amsmath/amsopn.sty
Package: amsopn 2022/04/08 v2.04 operator names
)
\inf@bad=\count273
LaTeX Info: Redefining \frac on input line 234.
\uproot@=\count274
\leftroot@=\count275
LaTeX Info: Redefining \overline on input line 399.
LaTeX Info: Redefining \colon on input line 410.
\classnum@=\count276
\DOTSCASE@=\count277
LaTeX Info: Redefining \ldots on input line 496.
LaTeX Info: Redefining \dots on input line 499.
LaTeX Info: Redefining \cdots on input line 620.
\Mathstrutbox@=\box55
\strutbox@=\box56
LaTeX Info: Redefining \big on input line 722.
LaTeX Info: Redefining \Big on input line 723.
LaTeX Info: Redefining \bigg on input line 724.
LaTeX Info: Redefining \Bigg on input line 725.
\big@size=\dimen163
LaTeX Font Info:    Redeclaring font encoding OML on input line 743.
LaTeX Font Info:    Redeclaring font encoding OMS on input line 744.
\macc@depth=\count278
LaTeX Info: Redefining \bmod on input line 905.
LaTeX Info: Redefining \pmod on input line 910.
LaTeX Info: Redefining \smash on input line 940.
LaTeX Info: Redefining \relbar on input line 970.
LaTeX Info: Redefining \Relbar on input line 971.
\c@MaxMatrixCols=\count279
\dotsspace@=\muskip16
\c@parentequation=\count280
\dspbrk@lvl=\count281
\tag@help=\toks21
\row@=\count282
\column@=\count283
\maxfields@=\count284
\andhelp@=\toks22
\eqnshift@=\dimen164
\alignsep@=\dimen165
\tagshift@=\dimen166
\tagwidth@=\dimen167
\totwidth@=\dimen168
\lineht@=\dimen169
\@envbody=\toks23
\multlinegap=\skip53
\multlinetaggap=\skip54
\mathdisplay@stack=\toks24
LaTeX Info: Redefining \[ on input line 2953.
LaTeX Info: Redefining \] on input line 2954.
)
(/usr/share/texlive/texmf-dist/tex/latex/amsfonts/amssymb.sty
Package: amssymb 2013/01/14 v3.01 AMS font symbols

(/usr/share/texlive/texmf-dist/tex/latex/amsfonts/amsfonts.sty
Package: amsfonts 2013/01/14 v3.01 Basic AMSFonts support
\symAMSa=\mathgroup4
\symAMSb=\mathgroup5
LaTeX Font Info:    Redeclaring math symbol \hbar on input line 98.
LaTeX Font Info:    Overwriting math alphabet `\mathfrak' in version `bold'
(Font)                  U/euf/m/n --> U/euf/b/n on input line 106.
))
(/usr/share/texlive/texmf-dist/tex/latex/hyperref/hyperref.sty
Package: hyperref 2024-01-20 v7.01h Hypertext links for LaTeX

(/usr/share/texlive/texmf-dist/tex/generic/iftex/iftex.sty
Package: iftex 2022/02/03 v1.0f TeX engine tests
)
(/usr/share/texlive/texmf-dist/tex/latex/kvsetkeys/kvsetkeys.sty
Package: kvsetkeys 2022-10-05 v1.19 Key value parser (HO)
)
(/usr/share/texlive/texmf-dist/tex/generic/kvdefinekeys/kvdefinekeys.sty
Package: kvdefinekeys 2019-12-19 v1.6 Define keys (HO)
)
(/usr/share/texlive/texmf-dist/tex/generic/pdfescape/pdfescape.sty
Package: pdfescape 2019/12/09 v1.15 Implements pdfTeX's escape features (HO)

(/usr/share/texlive/texmf-dist/tex/generic/ltxcmds/ltxcmds.sty
Package: ltxcmds 2023-12-04 v1.26 LaTeX kernel commands for general use (HO)
)
(/usr/share/texlive/texmf-dist/tex/generic/pdftexcmds/pdftexcmds.sty
Package: pdftexcmds 2020-06-27 v0.33 Utility functions of pdfTeX for LuaTeX (HO
)

(/usr/share/texlive/texmf-dist/tex/generic/infwarerr/infwarerr.sty
Package: infwarerr 2019/12/03 v1.5 Providing info/warning/error messages (HO)
)
Package pdftexcmds Info: \pdf@primitive is available.
Package pdftexcmds Info: \pdf@ifprimitive is available.
Package pdftexcmds Info: \pdfdraftmode found.
))
(/usr/share/texlive/texmf-dist/tex/latex/hycolor/hycolor.sty
Package: hycolor 2020-01-27 v1.10 Color options for hyperref/bookmark (HO)
)
(/usr/share/texlive/texmf-dist/tex/latex/auxhook/auxhook.sty
Package: auxhook 2019-12-17 v1.6 Hooks for auxiliary files (HO)
)
(/usr/share/texlive/texmf-dist/tex/latex/hyperref/nameref.sty
Package: nameref 2023-11-26 v2.56 Cross-referencing by name of section

(/usr/share/texlive/texmf-dist/tex/latex/refcount/refcount.sty
Package: refcount 2019/12/15 v3.6 Data extraction from label references (HO)
)
(/usr/share/texlive/texmf-dist/tex/generic/gettitlestring/gettitlestring.sty
Package: gettitlestring 2019/12/15 v1.6 Cleanup title references (HO)

(/usr/share/texlive/texmf-dist/tex/latex/kvoptions/kvoptions.sty
Package: kvoptions 2022-06-15 v3.15 Key value format for package options (HO)
))
\c@section@level=\count285
)
(/usr/share/texlive/texmf-dist/tex/latex/etoolbox/etoolbox.sty
Package: etoolbox 2020/10/05 v2.5k e-TeX tools for LaTeX (JAW)
\etb@tempcnta=\count286
)
\@linkdim=\dimen170
\Hy@linkcounter=\count287
\Hy@pagecounter=\count288

(/usr/share/texlive/texmf-dist/tex/latex/hyperref/pd1enc.def
File: pd1enc.def 2024-01-20 v7.01h Hyperref: PDFDocEncoding definition (HO)
Now handling font encoding PD1 ...
... no UTF-8 mapping file for font encoding PD1
)
(/usr/share/texlive/texmf-dist/tex/generic/intcalc/intcalc.sty
Package: intcalc 2019/12/15 v1.3 Expandable calculations with integers (HO)
)
\Hy@SavedSpaceFactor=\count289

(/usr/share/texlive/texmf-dist/tex/latex/hyperref/puenc.def
File: puenc.def 2024-01-20 v7.01h Hyperref: PDF Unicode definition (HO)
Now handling font encoding PU ...
... no UTF-8 mapping file for font encoding PU
)
Package hyperref Info: Option `breaklinks' set `true' on input line 4062.
Package hyperref Info: Option `bookmarks' set `false' on input line 4062.
Package hyperref Info: Hyper figures OFF on input line 4179.
Package hyperref Info: Link nesting OFF on input line 4184.
Package hyperref Info: Hyper index ON on input line 4187.
Package hyperref Info: Plain pages OFF on input line 4194.
Package hyperref Info: Backreferencing OFF on input line 4199.
Package hyperref Info: Implicit mode ON; LaTeX internals redefined.
Package hyperref Info: Bookmarks OFF on input line 4452.
\c@Hy@tempcnt=\count290

(/usr/share/texlive/texmf-dist/tex/latex/url/url.sty
\Urlmuskip=\muskip17
Package: url 2013/09/16  ver 3.4  Verb mode for urls, etc.
)
LaTeX Info: Redefining \url on input line 4784.
\XeTeXLinkMargin=\dimen171

(/usr/share/texlive/texmf-dist/tex/generic/bitset/bitset.sty
Package: bitset 2019/12/09 v1.3 Handle bit-vector datatype (HO)

(/usr/share/texlive/texmf-dist/tex/generic/bigintcalc/bigintcalc.sty
Package: bigintcalc 2019/12/15 v1.5 Expandable calculations on big integers (HO
)
))
\Fld@menulength=\count291
\Field@Width=\dimen172
\Fld@charsize=\dimen173
Package hyperref Info: Hyper figures OFF on input line 6063.
Package hyperref Info: Link nesting OFF on input line 6068.
Package hyperref Info: Hyper index ON on input line 6071.
Package hyperref Info: backreferencing OFF on input line 6078.
Package hyperref Info: Link coloring OFF on input line 6083.
Package hyperref Info: Link coloring with OCG OFF on input line 6088.
Package hyperref Info: PDF/A mode OFF on input line 6093.

(/usr/share/texlive/texmf-dist/tex/latex/base/atbegshi-ltx.sty
Package: atbegshi-ltx 2021/01/10 v1.0c Emulation of the original atbegshi
package with kernel methods
)
\Hy@abspage=\count292
\c@Item=\count293
\c@Hfootnote=\count294
)
Package hyperref Info: Driver (autodetected): hpdftex.

(/usr/share/texlive/texmf-dist/tex/latex/hyperref/hpdftex.def
File: hpdftex.def 2024-01-20 v7.01h Hyperref driver for pdfTeX

(/usr/share/texlive/texmf-dist/tex/latex/base/atveryend-ltx.sty
Package: atveryend-ltx 2020/08/19 v1.0a Emulation of the original atveryend pac
kage
with kernel methods
)
\Fld@listcount=\count295
\c@bookmark@seq@number=\count296

(/usr/share/texlive/texmf-dist/tex/latex/rerunfilecheck/rerunfilecheck.sty
Package: rerunfilecheck 2022-07-10 v1.10 Rerun checks for auxiliary files (HO)

(/usr/share/texlive/texmf-dist/tex/generic/uniquecounter/uniquecounter.sty
Package: uniquecounter 2019/12/15 v1.4 Provide unlimited unique counter (HO)
)
Package uniquecounter Info: New unique counter `rerunfilecheck' on input line 2
85.
)
\Hy@SectionHShift=\skip55
)
LaTeX Font Info:    Trying to load font information for OT1+ptm on input line 4
4.

(/usr/share/texlive/texmf-dist/tex/latex/psnfss/ot1ptm.fd
File: ot1ptm.fd 2001/06/04 font definitions for OT1/ptm.
)
(/usr/share/texlive/texmf-dist/tex/latex/l3backend/l3backend-pdftex.def
File: l3backend-pdftex.def 2024-01-04 L3 backend support: PDF output (pdfTeX)
\l__color_backend_stack_int=\count297
\l__pdf_internal_box=\box57
)
(./spanishtranslated.aux

LaTeX Warning: Label `fig:onecol' multiply defined.


LaTeX Warning: Label `fig:onecol' multiply defined.


LaTeX Warning: Label `fig:onecol' multiply defined.


LaTeX Warning: Label `fig:onecol' multiply defined.


LaTeX Warning: Label `fig:onecol' multiply defined.


LaTeX Warning: Label `fig:onecol' multiply defined.


LaTeX Warning: Label `fig:onecol' multiply defined.


LaTeX Warning: Label `fig:onecol' multiply defined.


LaTeX Warning: Label `fig:onecol' multiply defined.

)
\openout1 = `spanishtranslated.aux'.

LaTeX Font Info:    Checking defaults for OML/cmm/m/it on input line 44.
LaTeX Font Info:    ... okay on input line 44.
LaTeX Font Info:    Checking defaults for OMS/cmsy/m/n on input line 44.
LaTeX Font Info:    ... okay on input line 44.
LaTeX Font Info:    Checking defaults for OT1/cmr/m/n on input line 44.
LaTeX Font Info:    ... okay on input line 44.
LaTeX Font Info:    Checking defaults for T1/cmr/m/n on input line 44.
LaTeX Font Info:    ... okay on input line 44.
LaTeX Font Info:    Checking defaults for TS1/cmr/m/n on input line 44.
LaTeX Font Info:    ... okay on input line 44.
LaTeX Font Info:    Checking defaults for OMX/cmex/m/n on input line 44.
LaTeX Font Info:    ... okay on input line 44.
LaTeX Font Info:    Checking defaults for U/cmr/m/n on input line 44.
LaTeX Font Info:    ... okay on input line 44.
LaTeX Font Info:    Checking defaults for PD1/pdf/m/n on input line 44.
LaTeX Font Info:    ... okay on input line 44.
LaTeX Font Info:    Checking defaults for PU/pdf/m/n on input line 44.
LaTeX Font Info:    ... okay on input line 44.
 ABD: EveryShipout initializing macros
(/usr/share/texlive/texmf-dist/tex/latex/graphics/color.sty
Package: color 2022/01/06 v1.3d Standard LaTeX Color (DPC)

(/usr/share/texlive/texmf-dist/tex/latex/graphics-cfg/color.cfg
File: color.cfg 2016/01/02 v1.6 sample color configuration
)
Package color Info: Driver file: pdftex.def on input line 149.

(/usr/share/texlive/texmf-dist/tex/latex/graphics/mathcolor.ltx))
(/usr/share/texlive/texmf-dist/tex/context/base/mkii/supp-pdf.mkii
[Loading MPS to PDF converter (version 2006.09.02).]
\scratchcounter=\count298
\scratchdimen=\dimen174
\scratchbox=\box58
\nofMPsegments=\count299
\nofMParguments=\count300
\everyMPshowfont=\toks25
\MPscratchCnt=\count301
\MPscratchDim=\dimen175
\MPnumerator=\count302
\makeMPintoPDFobject=\count303
\everyMPtoPDFconversion=\toks26
) (/usr/share/texlive/texmf-dist/tex/latex/epstopdf-pkg/epstopdf-base.sty
Package: epstopdf-base 2020-01-24 v2.11 Base part for package epstopdf
Package epstopdf-base Info: Redefining graphics rule for `.eps' on input line 4
85.

(/usr/share/texlive/texmf-dist/tex/latex/latexconfig/epstopdf-sys.cfg
File: epstopdf-sys.cfg 2010/07/13 v1.3 Configuration of (r)epstopdf for TeX Liv
e
))
Package hyperref Info: Link coloring OFF on input line 44.
LaTeX Font Info:    Trying to load font information for U+msa on input line 68.


(/usr/share/texlive/texmf-dist/tex/latex/amsfonts/umsa.fd
File: umsa.fd 2013/01/14 v3.01 AMS symbols A
)
LaTeX Font Info:    Trying to load font information for U+msb on input line 68.


(/usr/share/texlive/texmf-dist/tex/latex/amsfonts/umsb.fd
File: umsb.fd 2013/01/14 v3.01 AMS symbols B
)
LaTeX Font Info:    Trying to load font information for OT1+pcr on input line 6
8.

(/usr/share/texlive/texmf-dist/tex/latex/psnfss/ot1pcr.fd
File: ot1pcr.fd 2001/06/04 font definitions for OT1/pcr.
)
<freemason.jpg, id=12, 1606.0pt x 1109.14375pt>
File: freemason.jpg Graphic file (type jpg)
<use freemason.jpg>
Package pdftex.def Info: freemason.jpg  used on input line 94.
(pdftex.def)             Requested size: 237.13594pt x 163.75806pt.
<british.jpg, id=15, 1204.5pt x 604.2575pt>
File: british.jpg Graphic file (type jpg)
<use british.jpg>
Package pdftex.def Info: british.jpg  used on input line 104.
(pdftex.def)             Requested size: 496.85625pt x 249.2593pt.
 [1{/var/lib/texmf/fonts/map/pdftex/updmap/pdftex.map}{/usr/share/texlive/texmf
-dist/fonts/enc/dvips/base/8r.enc}


 <./freemason.jpg>]
Underfull \vbox (badness 1043) has occurred while \output is active []

 [2 <./british.jpg>]
Underfull \hbox (badness 1205) in paragraph at lines 131--134
\OT1/ptm/m/n/10 Los druidas, una an-tigua cul-tura celta bien doc-u-men-
 []


Underfull \hbox (badness 3803) in paragraph at lines 139--139
[] \elvbf . Bases sub-terr[]aneas y sub-mari-nas es-ta-
 []

<penta.jpg, id=68, 1204.5pt x 677.53125pt>
File: penta.jpg Graphic file (type jpg)
<use penta.jpg>
Package pdftex.def Info: penta.jpg  used on input line 146.
(pdftex.def)             Requested size: 237.13594pt x 133.38449pt.
<basescrop.png, id=71, 2349.77875pt x 1203.49625pt>
File: basescrop.png Graphic file (type png)
<use basescrop.png>
Package pdftex.def Info: basescrop.png  used on input line 156.
(pdftex.def)             Requested size: 447.16759pt x 229.01558pt.
[3]
<undersea.jpg, id=96, 691.83469pt x 484.05844pt>
File: undersea.jpg Graphic file (type jpg)
<use undersea.jpg>
Package pdftex.def Info: undersea.jpg  used on input line 174.
(pdftex.def)             Requested size: 237.13594pt x 165.91458pt.
<sub.jpg, id=103, 718.18312pt x 493.0922pt>
File: sub.jpg Graphic file (type jpg)
<use sub.jpg>
Package pdftex.def Info: sub.jpg  used on input line 186.
(pdftex.def)             Requested size: 237.13594pt x 162.8112pt.
<iran.jpeg, id=108, 1183.42125pt x 573.14125pt>
File: iran.jpeg Graphic file (type jpg)
<use iran.jpeg>
Package pdftex.def Info: iran.jpeg  used on input line 196.
(pdftex.def)             Requested size: 237.13594pt x 114.84485pt.

Underfull \hbox (badness 3312) in paragraph at lines 207--207
[] \elvbf . Ev-i-den-cia Adi-cional de Preparaci[]on de
 []

<tyrol.jpg, id=117, 1204.5pt x 632.3625pt>
File: tyrol.jpg Graphic file (type jpg)
<use tyrol.jpg>
Package pdftex.def Info: tyrol.jpg  used on input line 213.
(pdftex.def)             Requested size: 237.13594pt x 124.4922pt.
<svalbard.jpg, id=120, 2569.6pt x 1678.27pt>
File: svalbard.jpg Graphic file (type jpg)
<use svalbard.jpg>
Package pdftex.def Info: svalbard.jpg  used on input line 223.
(pdftex.def)             Requested size: 237.13594pt x 154.87903pt.

Underfull \hbox (badness 1142) in paragraph at lines 225--225
[]\OT1/ptm/m/n/9 Figura 9. []El Dep[]osito Mundial de Semil-las de Sval-bard en

 []

[4 <./penta.jpg>] [5 <./basescrop.png> <./undersea.jpg> <./sub.jpg>]
<govcrop2.png, id=161, 945.5325pt x 553.06625pt>
File: govcrop2.png Graphic file (type png)
<use govcrop2.png>
Package pdftex.def Info: govcrop2.png  used on input line 247.
(pdftex.def)             Requested size: 447.16759pt x 261.56148pt.
 [6 <./iran.jpeg> <./tyrol.jpg> <./svalbard.jpg>] [7 <./govcrop2.png>]
<illuminati.jpg, id=205, 1284.8pt x 722.7pt>
File: illuminati.jpg Graphic file (type jpg)
<use illuminati.jpg>
Package pdftex.def Info: illuminati.jpg  used on input line 283.
(pdftex.def)             Requested size: 237.13594pt x 133.38863pt.
<pike.jpg, id=208, 301.125pt x 292.09125pt>
File: pike.jpg Graphic file (type jpg)
<use pike.jpg>
Package pdftex.def Info: pike.jpg  used on input line 293.
(pdftex.def)             Requested size: 237.13594pt x 230.03197pt.

Underfull \hbox (badness 1152) in paragraph at lines 306--307
\OT1/ptm/m/n/10 para prepararse para tal evento, y planean aprovechar
 []

[8 <./illuminati.jpg> <./pike.jpg>]
<npw.jpg, id=229, 1539.7525pt x 1924.18875pt>
File: npw.jpg Graphic file (type jpg)
<use npw.jpg>
Package pdftex.def Info: npw.jpg  used on input line 314.
(pdftex.def)             Requested size: 237.13594pt x 296.33772pt.
 [9 <./npw.jpg>] (./spanishtranslated.bbl
Underfull \hbox (badness 1694) in paragraph at lines 9--13
[]\OT1/ptm/m/n/9 Arch Mis-sion Foun-da-tion.  \global knowl-edge vault".
 []


Underfull \hbox (badness 2181) in paragraph at lines 9--13
[]$\OT1/pcr/m/n/9 https : / / www . archmission . org / gkv$[]\OT1/ptm/m/n/9 , 
Jan. 2024.
 []

LaTeX Font Info:    Trying to load font information for TS1+ptm on input line 2
1.
(/usr/share/texlive/texmf-dist/tex/latex/psnfss/ts1ptm.fd
File: ts1ptm.fd 2001/06/04 font definitions for TS1/ptm.
)
Underfull \hbox (badness 10000) in paragraph at lines 26--31
\OT1/pcr/m/n/9 org / 2022 / 07 / navy / navy-[]undersea-[]subs . htm$[]\OT1/ptm
/m/n/9 ,
 []


Underfull \hbox (badness 10000) in paragraph at lines 53--58
[]\OT1/ptm/m/n/9 Internet Archive.  \archived ver-sions of amal-
 []


Underfull \hbox (badness 10000) in paragraph at lines 53--58
\OT1/ptm/m/n/9 lulla.com".  []$\OT1/pcr/m/n/9 https : / / web . archive . org /
 web /
 []


Underfull \hbox (badness 3189) in paragraph at lines 53--58
\OT1/pcr/m/n/9 20220801000000* / amallulla . com$[]\OT1/ptm/m/n/9 , 2025.  Ac-
 []


Underfull \hbox (badness 10000) in paragraph at lines 60--63
[]\OT1/ptm/m/n/9 Junho.  Ecdo github re-search repos-i-tory, 2024.
 []


Underfull \hbox (badness 2103) in paragraph at lines 88--92
[]\OT1/ptm/m/n/9 Project Camelot.  \a let-ter from a nor-we-gian politi-
 []


Underfull \hbox (badness 4303) in paragraph at lines 123--128
[]\OT1/ptm/m/n/9 T. E. Skep-tic.  Mas-ter exother-mic core-mantle de-
 []


Underfull \hbox (badness 10000) in paragraph at lines 123--128
\OT1/ptm/m/n/9 cou-pling { dzhanibekov os-cil-la-tion (ecdo) the-ory,
 []


Underfull \hbox (badness 6842) in paragraph at lines 123--128
\OT1/ptm/m/n/9 2024.  https://theethicalskeptic.com/2024/05/23/master-
 []


Underfull \hbox (badness 10000) in paragraph at lines 123--128
\OT1/ptm/m/n/9 exothermic-core-mantle-decoupling-dzhanibekov-
 []


Underfull \hbox (badness 1917) in paragraph at lines 149--154
[]\OT1/ptm/m/n/9 South Ty-rol Blog.  \south ty-rol's bunker land-scape".
 []


Underfull \hbox (badness 10000) in paragraph at lines 149--154
[]$\OT1/pcr/m/n/9 https : / / www . south-[]tirol . com / blog /
 []


Underfull \hbox (badness 10000) in paragraph at lines 149--154
\OT1/pcr/m/n/9 south-[]tyrols-[]bunker-[]landscape$[]\OT1/ptm/m/n/9 , Oct. 2023
.
 []


Underfull \hbox (badness 10000) in paragraph at lines 161--167
[]\OT1/ptm/m/n/9 sovrynn.  \ecdo/6[]literature[]media/amallulla".
 []


Underfull \hbox (badness 10000) in paragraph at lines 161--167
[]$\OT1/pcr/m/n/9 https : / / github . com / sovrynn / ecdo / tree /
 []


Underfull \hbox (badness 10000) in paragraph at lines 169--175
[]\OT1/ptm/m/n/9 sovrynn.  \ecdo/6[]literature[]media/project[]camelot".
 []


Underfull \hbox (badness 10000) in paragraph at lines 169--175
[]$\OT1/pcr/m/n/9 https : / / github . com / sovrynn / ecdo /
 []


Underfull \hbox (badness 10000) in paragraph at lines 169--175
\OT1/pcr/m/n/9 tree / master / 6-[]LITERATURE-[]MEDIA /
 []

LaTeX Info: Symbol \textnumero not provided by
            font family ptm in TS1 encoding.
            Default family used instead on input line 178.

Underfull \hbox (badness 10000) in paragraph at lines 177--184
[]\OT1/ptm/m/n/9 sovrynn.  \\TS1/cmr/m/n/9 › \OT1/ptm/m/n/9 58. the multi[]tril
lion[]dollar gran-
 []


Underfull \hbox (badness 10000) in paragraph at lines 177--184
\OT1/ptm/m/n/9 ite tun-nel sys-tem in the pikes peak batholith
 []


Underfull \hbox (badness 10000) in paragraph at lines 177--184
\OT1/ptm/m/n/9 | an apoc-a-lyp-tic syn-the-sis".  []$\OT1/pcr/m/n/9 https : / /

 []


Underfull \hbox (badness 10000) in paragraph at lines 177--184
\OT1/pcr/m/n/9 github . com / sovrynn / ecdo / blob / master /
 []


Underfull \hbox (badness 10000) in paragraph at lines 177--184
\OT1/pcr/m/n/9 6-[]LITERATURE-[]MEDIA / amallulla / %E2 % 84 %
 []


Underfull \hbox (badness 10000) in paragraph at lines 177--184
\OT1/pcr/m/n/9 96 % 2058 . %20The % 20multi-[]trillion-[]dollar %
 []


Underfull \hbox (badness 10000) in paragraph at lines 177--184
\OT1/pcr/m/n/9 20granite % 20tunnel % 20system % 20in % 20the %
 []


Underfull \hbox (badness 10000) in paragraph at lines 177--184
\OT1/pcr/m/n/9 20Pikes % 20Peak % 20batholith % 20 _ %20An %
 []


Underfull \hbox (badness 1173) in paragraph at lines 177--184
\OT1/pcr/m/n/9 20Apocalyptic % 20Synthesis . html$[]\OT1/ptm/m/n/9 , 2025.  Ac-

 []


Underfull \hbox (badness 1412) in paragraph at lines 199--203
\OT1/ptm/m/n/9 Safe-guard-ing seeds for the fu-ture".  []$\OT1/pcr/m/n/9 https 
: / / www .
 []


Underfull \hbox (badness 10000) in paragraph at lines 231--236
[]\OT1/ptm/m/n/9 s. G. user).  \catherine[]fitts" folder in *ecdo /
 []


Underfull \hbox (badness 3189) in paragraph at lines 238--242
[]\OT1/ptm/m/n/9 Wikipedia con-trib-u-tors.  Fed-eral re-serve.  []$\OT1/pcr/m/
n/9 https :
 []


Underfull \hbox (badness 10000) in paragraph at lines 238--242
\OT1/pcr/m/n/9 / / en . wikipedia . org / wiki / Federal _ Reserve$[]\OT1/ptm/m
/n/9 ,
 []

[10


]) [11

] (./spanishtranslated.aux)
 ***********
LaTeX2e <2023-11-01> patch level 1
L3 programming layer <2024-01-22>
 ***********


LaTeX Warning: There were multiply-defined labels.

 ) 
Here is how much of TeX's memory you used:
 10426 strings out of 475142
 157392 string characters out of 5776209
 1949975 words of memory out of 5000000
 32329 multiletter control sequences out of 15000+600000
 585357 words of font info for 92 fonts, out of 8000000 for 9000
 680 hyphenation exceptions out of 8191
 75i,9n,79p,1780b,623s stack positions out of 10000i,1000n,20000p,200000b,200000s
 </home/m120938/.texlive2023/texmf-var/fonts/pk/ljfour/jknappen/ec/tcrm0900.6
00pk></usr/share/texlive/texmf-dist/fonts/type1/urw/courier/ucrr8a.pfb></usr/sh
are/texlive/texmf-dist/fonts/type1/urw/times/utmb8a.pfb></usr/share/texlive/tex
mf-dist/fonts/type1/urw/times/utmbi8a.pfb></usr/share/texlive/texmf-dist/fonts/
type1/urw/times/utmr8a.pfb></usr/share/texlive/texmf-dist/fonts/type1/urw/times
/utmri8a.pfb>
Output written on spanishtranslated.pdf (11 pages, 6427779 bytes).
PDF statistics:
 325 PDF objects out of 1000 (max. 8388607)
 269 compressed objects within 3 object streams
 90 named destinations out of 1000 (max. 500000)
 66 words of extra memory for PDF output out of 10000 (max. 10000000)

