This is pdfTeX, Version 3.141592653-2.6-1.40.25 (TeX Live 2023/Debian) (preloaded format=pdflatex 2025.6.13)  24 JUN 2025 23:48
entering extended mode
 restricted \write18 enabled.
 %&-line parsing enabled.
**vietnamese.tex
(./vietnamese.tex
LaTeX2e <2023-11-01> patch level 1
L3 programming layer <2024-01-22>
(/usr/share/texlive/texmf-dist/tex/latex/base/article.cls
Document Class: article 2023/05/17 v1.4n Standard LaTeX document class
(/usr/share/texlive/texmf-dist/tex/latex/base/size10.clo
File: size10.clo 2023/05/17 v1.4n Standard LaTeX file (size option)
)
\c@part=\count187
\c@section=\count188
\c@subsection=\count189
\c@subsubsection=\count190
\c@paragraph=\count191
\c@subparagraph=\count192
\c@figure=\count193
\c@table=\count194
\abovecaptionskip=\skip48
\belowcaptionskip=\skip49
\bibindent=\dimen140
)
(/usr/share/texlive/texmf-dist/tex/latex/booktabs/booktabs.sty
Package: booktabs 2020/01/12 v1.61803398 Publication quality tables
\heavyrulewidth=\dimen141
\lightrulewidth=\dimen142
\cmidrulewidth=\dimen143
\belowrulesep=\dimen144
\belowbottomsep=\dimen145
\aboverulesep=\dimen146
\abovetopsep=\dimen147
\cmidrulesep=\dimen148
\cmidrulekern=\dimen149
\defaultaddspace=\dimen150
\@cmidla=\count195
\@cmidlb=\count196
\@aboverulesep=\dimen151
\@belowrulesep=\dimen152
\@thisruleclass=\count197
\@lastruleclass=\count198
\@thisrulewidth=\dimen153
)
(/usr/share/texlive/texmf-dist/tex/latex/sttools/stfloats.sty
Package: stfloats 2017/03/27 v3.3 Improve float mechanism and baselineskip sett
ings
\@dblbotnum=\count199
\c@dblbotnumber=\count266
)
(/usr/share/texlive/texmf-dist/tex/latex/float/float.sty
Package: float 2001/11/08 v1.3d Float enhancements (AL)
\c@float@type=\count267
\float@exts=\toks17
\float@box=\box51
\@float@everytoks=\toks18
\@floatcapt=\box52
)
(/usr/share/texlive/texmf-dist/tex/latex/base/fontenc.sty
Package: fontenc 2021/04/29 v2.0v Standard LaTeX package

(/usr/share/texlive/texmf-dist/tex/latex/vntex/t5enc.def
File: t5enc.def 2006/11/21 v1.4 Vietnamese T5 encoding
Now handling font encoding T5 ...
... processing UTF-8 mapping file for font encoding T5

(/usr/share/texlive/texmf-dist/tex/latex/vntex/t5enc.dfu
File: t5enc.dfu 2006/08/19 v1.1 UTF8 support for Vietnamese
   defining Unicode char U+00AB (decimal 171)
   defining Unicode char U+00BB (decimal 187)
   defining Unicode char U+00C0 (decimal 192)
   defining Unicode char U+00C1 (decimal 193)
   defining Unicode char U+00C2 (decimal 194)
   defining Unicode char U+00C3 (decimal 195)
   defining Unicode char U+00C8 (decimal 200)
   defining Unicode char U+00C9 (decimal 201)
   defining Unicode char U+00CA (decimal 202)
   defining Unicode char U+00CC (decimal 204)
   defining Unicode char U+00CD (decimal 205)
   defining Unicode char U+00D2 (decimal 210)
   defining Unicode char U+00D3 (decimal 211)
   defining Unicode char U+00D4 (decimal 212)
   defining Unicode char U+00D5 (decimal 213)
   defining Unicode char U+00D9 (decimal 217)
   defining Unicode char U+00DA (decimal 218)
   defining Unicode char U+00DD (decimal 221)
   defining Unicode char U+00E0 (decimal 224)
   defining Unicode char U+00E1 (decimal 225)
   defining Unicode char U+00E2 (decimal 226)
   defining Unicode char U+00E3 (decimal 227)
   defining Unicode char U+00E8 (decimal 232)
   defining Unicode char U+00E9 (decimal 233)
   defining Unicode char U+00EA (decimal 234)
   defining Unicode char U+00EC (decimal 236)
   defining Unicode char U+00ED (decimal 237)
   defining Unicode char U+00F2 (decimal 242)
   defining Unicode char U+00F3 (decimal 243)
   defining Unicode char U+00F4 (decimal 244)
   defining Unicode char U+00F5 (decimal 245)
   defining Unicode char U+00F9 (decimal 249)
   defining Unicode char U+00FA (decimal 250)
   defining Unicode char U+00FD (decimal 253)
   defining Unicode char U+0102 (decimal 258)
   defining Unicode char U+0103 (decimal 259)
   defining Unicode char U+0110 (decimal 272)
   defining Unicode char U+0111 (decimal 273)
   defining Unicode char U+0128 (decimal 296)
   defining Unicode char U+0129 (decimal 297)
   defining Unicode char U+0131 (decimal 305)
   defining Unicode char U+0168 (decimal 360)
   defining Unicode char U+0169 (decimal 361)
   defining Unicode char U+01A0 (decimal 416)
   defining Unicode char U+01A1 (decimal 417)
   defining Unicode char U+01AF (decimal 431)
   defining Unicode char U+01B0 (decimal 432)
   defining Unicode char U+1EA0 (decimal 7840)
   defining Unicode char U+1EA1 (decimal 7841)
   defining Unicode char U+1EA2 (decimal 7842)
   defining Unicode char U+1EA3 (decimal 7843)
   defining Unicode char U+1EA4 (decimal 7844)
   defining Unicode char U+1EA5 (decimal 7845)
   defining Unicode char U+1EA6 (decimal 7846)
   defining Unicode char U+1EA7 (decimal 7847)
   defining Unicode char U+1EA8 (decimal 7848)
   defining Unicode char U+1EA9 (decimal 7849)
   defining Unicode char U+1EAA (decimal 7850)
   defining Unicode char U+1EAB (decimal 7851)
   defining Unicode char U+1EAC (decimal 7852)
   defining Unicode char U+1EAD (decimal 7853)
   defining Unicode char U+1EAE (decimal 7854)
   defining Unicode char U+1EAF (decimal 7855)
   defining Unicode char U+1EB0 (decimal 7856)
   defining Unicode char U+1EB1 (decimal 7857)
   defining Unicode char U+1EB2 (decimal 7858)
   defining Unicode char U+1EB3 (decimal 7859)
   defining Unicode char U+1EB4 (decimal 7860)
   defining Unicode char U+1EB5 (decimal 7861)
   defining Unicode char U+1EB6 (decimal 7862)
   defining Unicode char U+1EB7 (decimal 7863)
   defining Unicode char U+1EB8 (decimal 7864)
   defining Unicode char U+1EB9 (decimal 7865)
   defining Unicode char U+1EBA (decimal 7866)
   defining Unicode char U+1EBB (decimal 7867)
   defining Unicode char U+1EBC (decimal 7868)
   defining Unicode char U+1EBD (decimal 7869)
   defining Unicode char U+1EBE (decimal 7870)
   defining Unicode char U+1EBF (decimal 7871)
   defining Unicode char U+1EC0 (decimal 7872)
   defining Unicode char U+1EC1 (decimal 7873)
   defining Unicode char U+1EC2 (decimal 7874)
   defining Unicode char U+1EC3 (decimal 7875)
   defining Unicode char U+1EC4 (decimal 7876)
   defining Unicode char U+1EC5 (decimal 7877)
   defining Unicode char U+1EC6 (decimal 7878)
   defining Unicode char U+1EC7 (decimal 7879)
   defining Unicode char U+1EC8 (decimal 7880)
   defining Unicode char U+1EC9 (decimal 7881)
   defining Unicode char U+1ECA (decimal 7882)
   defining Unicode char U+1ECB (decimal 7883)
   defining Unicode char U+1ECC (decimal 7884)
   defining Unicode char U+1ECD (decimal 7885)
   defining Unicode char U+1ECE (decimal 7886)
   defining Unicode char U+1ECF (decimal 7887)
   defining Unicode char U+1ED0 (decimal 7888)
   defining Unicode char U+1ED1 (decimal 7889)
   defining Unicode char U+1ED2 (decimal 7890)
   defining Unicode char U+1ED3 (decimal 7891)
   defining Unicode char U+1ED4 (decimal 7892)
   defining Unicode char U+1ED5 (decimal 7893)
   defining Unicode char U+1ED6 (decimal 7894)
   defining Unicode char U+1ED7 (decimal 7895)
   defining Unicode char U+1ED8 (decimal 7896)
   defining Unicode char U+1ED9 (decimal 7897)
   defining Unicode char U+1EDA (decimal 7898)
   defining Unicode char U+1EDB (decimal 7899)
   defining Unicode char U+1EDC (decimal 7900)
   defining Unicode char U+1EDD (decimal 7901)
   defining Unicode char U+1EDE (decimal 7902)
   defining Unicode char U+1EDF (decimal 7903)
   defining Unicode char U+1EE0 (decimal 7904)
   defining Unicode char U+1EE1 (decimal 7905)
   defining Unicode char U+1EE2 (decimal 7906)
   defining Unicode char U+1EE3 (decimal 7907)
   defining Unicode char U+1EE4 (decimal 7908)
   defining Unicode char U+1EE5 (decimal 7909)
   defining Unicode char U+1EE6 (decimal 7910)
   defining Unicode char U+1EE7 (decimal 7911)
   defining Unicode char U+1EE8 (decimal 7912)
   defining Unicode char U+1EE9 (decimal 7913)
   defining Unicode char U+1EEA (decimal 7914)
   defining Unicode char U+1EEB (decimal 7915)
   defining Unicode char U+1EEC (decimal 7916)
   defining Unicode char U+1EED (decimal 7917)
   defining Unicode char U+1EEE (decimal 7918)
   defining Unicode char U+1EEF (decimal 7919)
   defining Unicode char U+1EF0 (decimal 7920)
   defining Unicode char U+1EF1 (decimal 7921)
   defining Unicode char U+1EF2 (decimal 7922)
   defining Unicode char U+1EF3 (decimal 7923)
   defining Unicode char U+1EF4 (decimal 7924)
   defining Unicode char U+1EF5 (decimal 7925)
   defining Unicode char U+1EF6 (decimal 7926)
   defining Unicode char U+1EF7 (decimal 7927)
   defining Unicode char U+1EF8 (decimal 7928)
   defining Unicode char U+1EF9 (decimal 7929)
   defining Unicode char U+200C (decimal 8204)
   defining Unicode char U+2013 (decimal 8211)
   defining Unicode char U+2014 (decimal 8212)
   defining Unicode char U+2018 (decimal 8216)
   defining Unicode char U+2019 (decimal 8217)
   defining Unicode char U+201A (decimal 8218)
   defining Unicode char U+201C (decimal 8220)
   defining Unicode char U+201D (decimal 8221)
   defining Unicode char U+201E (decimal 8222)
   defining Unicode char U+2030 (decimal 8240)
   defining Unicode char U+2031 (decimal 8241)
   defining Unicode char U+2039 (decimal 8249)
   defining Unicode char U+203A (decimal 8250)
   defining Unicode char U+2423 (decimal 9251)
))
LaTeX Font Info:    Trying to load font information for T5+cmr on input line 11
2.

(/usr/share/texlive/texmf-dist/tex/latex/vntex/t5cmr.fd
File: t5cmr.fd 1999/05/25 v2.5h Standard LaTeX font definitions
))
(/usr/share/texlive/texmf-dist/tex/generic/babel/babel.sty
Package: babel 2024/01/07 v24.1 The Babel package
\babel@savecnt=\count268
\U@D=\dimen154
\l@unhyphenated=\language29

(/usr/share/texlive/texmf-dist/tex/generic/babel/txtbabel.def)
\bbl@readstream=\read2
\bbl@dirlevel=\count269

(/usr/share/texlive/texmf-dist/tex/generic/babel-vietnamese/vietnamese.ldf
Language: vietnamese 

Loading definitions for the Vietnamese font encoding
(/usr/share/texlive/texmf-dist/tex/latex/vntex/t5enc.def
File: t5enc.def 2006/11/21 v1.4 Vietnamese T5 encoding
LaTeX Font Info:    Redeclaring font encoding T5 on input line 75.
)

Package babel Warning: No input encoding specified for Vietnamese on input line
 146.

Package babel Info: Making " an active character on input line 147.
))
(/usr/share/texlive/texmf-dist/tex/generic/babel/locale/vi/babel-vietnamese.tex
Package babel Info: Importing font and identification data for vietnamese
(babel)             from babel-vi.ini. Reported on input line 11.
) (./cvpr.sty (./eso-pic.sty
Package: eso-pic 2002/11/16 v1.1b eso-pic (RN)
 (./cvpr_eso.sty

LaTeX Warning: You have requested package `eso-pic',
               but the package provides `everyshi'.

Package: everyshi 2001/05/15 v3.00 EveryShipout Package (MS)
) (/usr/share/texlive/texmf-dist/tex/latex/graphics/keyval.sty
Package: keyval 2022/05/29 v1.15 key=value parser (DPC)
\KV@toks@=\toks19
))
(/usr/share/texlive/texmf-dist/tex/latex/tools/xspace.sty
Package: xspace 2014/10/28 v1.13 Space after command names (DPC,MH)
)
CVPR 8.5 x 11-Inch Proceedings Style `cvpr.sty'.
\@ctmp=\skip50
\@figindent=\skip51
\cvprrulerbox=\box53
\cvprrulercount=\count270
\cvprruleroffset=\dimen155
\cv@lineheight=\dimen156
\cv@boxheight=\dimen157
\cv@tmpbox=\box54
\cv@refno=\count271
\cv@tot=\count272
\cv@tmpc@=\count273
\cv@tmpc=\count274
) (/usr/share/texlive/texmf-dist/tex/latex/psnfss/times.sty
Package: times 2020/03/25 PSNFSS-v9.3 (SPQR) 
)
(/usr/share/texlive/texmf-dist/tex/latex/graphics/epsfig.sty
Package: epsfig 2017/06/25 v1.7b (e)psfig emulation (SPQR)

(/usr/share/texlive/texmf-dist/tex/latex/graphics/graphicx.sty
Package: graphicx 2021/09/16 v1.2d Enhanced LaTeX Graphics (DPC,SPQR)

(/usr/share/texlive/texmf-dist/tex/latex/graphics/graphics.sty
Package: graphics 2022/03/10 v1.4e Standard LaTeX Graphics (DPC,SPQR)

(/usr/share/texlive/texmf-dist/tex/latex/graphics/trig.sty
Package: trig 2021/08/11 v1.11 sin cos tan (DPC)
)
(/usr/share/texlive/texmf-dist/tex/latex/graphics-cfg/graphics.cfg
File: graphics.cfg 2016/06/04 v1.11 sample graphics configuration
)
Package graphics Info: Driver file: pdftex.def on input line 107.

(/usr/share/texlive/texmf-dist/tex/latex/graphics-def/pdftex.def
File: pdftex.def 2022/09/22 v1.2b Graphics/color driver for pdftex
))
\Gin@req@height=\dimen158
\Gin@req@width=\dimen159
)
\epsfxsize=\dimen160
\epsfysize=\dimen161
)
(/usr/share/texlive/texmf-dist/tex/latex/amsmath/amsmath.sty
Package: amsmath 2023/05/13 v2.17o AMS math features
\@mathmargin=\skip52

For additional information on amsmath, use the `?' option.
(/usr/share/texlive/texmf-dist/tex/latex/amsmath/amstext.sty
Package: amstext 2021/08/26 v2.01 AMS text

(/usr/share/texlive/texmf-dist/tex/latex/amsmath/amsgen.sty
File: amsgen.sty 1999/11/30 v2.0 generic functions
\@emptytoks=\toks20
\ex@=\dimen162
))
(/usr/share/texlive/texmf-dist/tex/latex/amsmath/amsbsy.sty
Package: amsbsy 1999/11/29 v1.2d Bold Symbols
\pmbraise@=\dimen163
)
(/usr/share/texlive/texmf-dist/tex/latex/amsmath/amsopn.sty
Package: amsopn 2022/04/08 v2.04 operator names
)
\inf@bad=\count275
LaTeX Info: Redefining \frac on input line 234.
\uproot@=\count276
\leftroot@=\count277
LaTeX Info: Redefining \overline on input line 399.
LaTeX Info: Redefining \colon on input line 410.
\classnum@=\count278
\DOTSCASE@=\count279
LaTeX Info: Redefining \ldots on input line 496.
LaTeX Info: Redefining \dots on input line 499.
LaTeX Info: Redefining \cdots on input line 620.
\Mathstrutbox@=\box55
\strutbox@=\box56
LaTeX Info: Redefining \big on input line 722.
LaTeX Info: Redefining \Big on input line 723.
LaTeX Info: Redefining \bigg on input line 724.
LaTeX Info: Redefining \Bigg on input line 725.
\big@size=\dimen164
LaTeX Font Info:    Redeclaring font encoding OML on input line 743.
LaTeX Font Info:    Redeclaring font encoding OMS on input line 744.
\macc@depth=\count280
LaTeX Info: Redefining \bmod on input line 905.
LaTeX Info: Redefining \pmod on input line 910.
LaTeX Info: Redefining \smash on input line 940.
LaTeX Info: Redefining \relbar on input line 970.
LaTeX Info: Redefining \Relbar on input line 971.
\c@MaxMatrixCols=\count281
\dotsspace@=\muskip16
\c@parentequation=\count282
\dspbrk@lvl=\count283
\tag@help=\toks21
\row@=\count284
\column@=\count285
\maxfields@=\count286
\andhelp@=\toks22
\eqnshift@=\dimen165
\alignsep@=\dimen166
\tagshift@=\dimen167
\tagwidth@=\dimen168
\totwidth@=\dimen169
\lineht@=\dimen170
\@envbody=\toks23
\multlinegap=\skip53
\multlinetaggap=\skip54
\mathdisplay@stack=\toks24
LaTeX Info: Redefining \[ on input line 2953.
LaTeX Info: Redefining \] on input line 2954.
)
(/usr/share/texlive/texmf-dist/tex/latex/amsfonts/amssymb.sty
Package: amssymb 2013/01/14 v3.01 AMS font symbols

(/usr/share/texlive/texmf-dist/tex/latex/amsfonts/amsfonts.sty
Package: amsfonts 2013/01/14 v3.01 Basic AMSFonts support
\symAMSa=\mathgroup4
\symAMSb=\mathgroup5
LaTeX Font Info:    Redeclaring math symbol \hbar on input line 98.
LaTeX Font Info:    Overwriting math alphabet `\mathfrak' in version `bold'
(Font)                  U/euf/m/n --> U/euf/b/n on input line 106.
))
(/usr/share/texlive/texmf-dist/tex/latex/hyperref/hyperref.sty
Package: hyperref 2024-01-20 v7.01h Hypertext links for LaTeX

(/usr/share/texlive/texmf-dist/tex/generic/iftex/iftex.sty
Package: iftex 2022/02/03 v1.0f TeX engine tests
)
(/usr/share/texlive/texmf-dist/tex/latex/kvsetkeys/kvsetkeys.sty
Package: kvsetkeys 2022-10-05 v1.19 Key value parser (HO)
)
(/usr/share/texlive/texmf-dist/tex/generic/kvdefinekeys/kvdefinekeys.sty
Package: kvdefinekeys 2019-12-19 v1.6 Define keys (HO)
)
(/usr/share/texlive/texmf-dist/tex/generic/pdfescape/pdfescape.sty
Package: pdfescape 2019/12/09 v1.15 Implements pdfTeX's escape features (HO)

(/usr/share/texlive/texmf-dist/tex/generic/ltxcmds/ltxcmds.sty
Package: ltxcmds 2023-12-04 v1.26 LaTeX kernel commands for general use (HO)
)
(/usr/share/texlive/texmf-dist/tex/generic/pdftexcmds/pdftexcmds.sty
Package: pdftexcmds 2020-06-27 v0.33 Utility functions of pdfTeX for LuaTeX (HO
)

(/usr/share/texlive/texmf-dist/tex/generic/infwarerr/infwarerr.sty
Package: infwarerr 2019/12/03 v1.5 Providing info/warning/error messages (HO)
)
Package pdftexcmds Info: \pdf@primitive is available.
Package pdftexcmds Info: \pdf@ifprimitive is available.
Package pdftexcmds Info: \pdfdraftmode found.
))
(/usr/share/texlive/texmf-dist/tex/latex/hycolor/hycolor.sty
Package: hycolor 2020-01-27 v1.10 Color options for hyperref/bookmark (HO)
)
(/usr/share/texlive/texmf-dist/tex/latex/auxhook/auxhook.sty
Package: auxhook 2019-12-17 v1.6 Hooks for auxiliary files (HO)
)
(/usr/share/texlive/texmf-dist/tex/latex/hyperref/nameref.sty
Package: nameref 2023-11-26 v2.56 Cross-referencing by name of section

(/usr/share/texlive/texmf-dist/tex/latex/refcount/refcount.sty
Package: refcount 2019/12/15 v3.6 Data extraction from label references (HO)
)
(/usr/share/texlive/texmf-dist/tex/generic/gettitlestring/gettitlestring.sty
Package: gettitlestring 2019/12/15 v1.6 Cleanup title references (HO)

(/usr/share/texlive/texmf-dist/tex/latex/kvoptions/kvoptions.sty
Package: kvoptions 2022-06-15 v3.15 Key value format for package options (HO)
))
\c@section@level=\count287
)
(/usr/share/texlive/texmf-dist/tex/latex/etoolbox/etoolbox.sty
Package: etoolbox 2020/10/05 v2.5k e-TeX tools for LaTeX (JAW)
\etb@tempcnta=\count288
)
\@linkdim=\dimen171
\Hy@linkcounter=\count289
\Hy@pagecounter=\count290

(/usr/share/texlive/texmf-dist/tex/latex/hyperref/pd1enc.def
File: pd1enc.def 2024-01-20 v7.01h Hyperref: PDFDocEncoding definition (HO)
Now handling font encoding PD1 ...
... no UTF-8 mapping file for font encoding PD1
)
(/usr/share/texlive/texmf-dist/tex/generic/intcalc/intcalc.sty
Package: intcalc 2019/12/15 v1.3 Expandable calculations with integers (HO)
)
\Hy@SavedSpaceFactor=\count291

(/usr/share/texlive/texmf-dist/tex/latex/hyperref/puenc.def
File: puenc.def 2024-01-20 v7.01h Hyperref: PDF Unicode definition (HO)
Now handling font encoding PU ...
... no UTF-8 mapping file for font encoding PU
)
Package hyperref Info: Option `breaklinks' set `true' on input line 4062.
Package hyperref Info: Option `bookmarks' set `false' on input line 4062.
Package hyperref Info: Hyper figures OFF on input line 4179.
Package hyperref Info: Link nesting OFF on input line 4184.
Package hyperref Info: Hyper index ON on input line 4187.
Package hyperref Info: Plain pages OFF on input line 4194.
Package hyperref Info: Backreferencing OFF on input line 4199.
Package hyperref Info: Implicit mode ON; LaTeX internals redefined.
Package hyperref Info: Bookmarks OFF on input line 4452.
\c@Hy@tempcnt=\count292

(/usr/share/texlive/texmf-dist/tex/latex/url/url.sty
\Urlmuskip=\muskip17
Package: url 2013/09/16  ver 3.4  Verb mode for urls, etc.
)
LaTeX Info: Redefining \url on input line 4784.
\XeTeXLinkMargin=\dimen172

(/usr/share/texlive/texmf-dist/tex/generic/bitset/bitset.sty
Package: bitset 2019/12/09 v1.3 Handle bit-vector datatype (HO)

(/usr/share/texlive/texmf-dist/tex/generic/bigintcalc/bigintcalc.sty
Package: bigintcalc 2019/12/15 v1.5 Expandable calculations on big integers (HO
)
))
\Fld@menulength=\count293
\Field@Width=\dimen173
\Fld@charsize=\dimen174
Package hyperref Info: Hyper figures OFF on input line 6063.
Package hyperref Info: Link nesting OFF on input line 6068.
Package hyperref Info: Hyper index ON on input line 6071.
Package hyperref Info: backreferencing OFF on input line 6078.
Package hyperref Info: Link coloring OFF on input line 6083.
Package hyperref Info: Link coloring with OCG OFF on input line 6088.
Package hyperref Info: PDF/A mode OFF on input line 6093.

(/usr/share/texlive/texmf-dist/tex/latex/base/atbegshi-ltx.sty
Package: atbegshi-ltx 2021/01/10 v1.0c Emulation of the original atbegshi
package with kernel methods
)
\Hy@abspage=\count294
\c@Item=\count295
\c@Hfootnote=\count296
)
Package hyperref Info: Driver (autodetected): hpdftex.

(/usr/share/texlive/texmf-dist/tex/latex/hyperref/hpdftex.def
File: hpdftex.def 2024-01-20 v7.01h Hyperref driver for pdfTeX

(/usr/share/texlive/texmf-dist/tex/latex/base/atveryend-ltx.sty
Package: atveryend-ltx 2020/08/19 v1.0a Emulation of the original atveryend pac
kage
with kernel methods
)
\Fld@listcount=\count297
\c@bookmark@seq@number=\count298

(/usr/share/texlive/texmf-dist/tex/latex/rerunfilecheck/rerunfilecheck.sty
Package: rerunfilecheck 2022-07-10 v1.10 Rerun checks for auxiliary files (HO)

(/usr/share/texlive/texmf-dist/tex/generic/uniquecounter/uniquecounter.sty
Package: uniquecounter 2019/12/15 v1.4 Provide unlimited unique counter (HO)
)
Package uniquecounter Info: New unique counter `rerunfilecheck' on input line 2
85.
)
\Hy@SectionHShift=\skip55
)
LaTeX Font Info:    Trying to load font information for T5+ptm on input line 35
.

(/usr/share/texlive/texmf-dist/tex/latex/vntex/t5ptm.fd
File: t5utm.fd 2005/08/24 Fontinst v1.929 font definitions for T5/ptm.
)
(/usr/share/texlive/texmf-dist/tex/latex/l3backend/l3backend-pdftex.def
File: l3backend-pdftex.def 2024-01-04 L3 backend support: PDF output (pdfTeX)
\l__color_backend_stack_int=\count299
\l__pdf_internal_box=\box57
)
(./vietnamese.aux

LaTeX Warning: Label `fig:onecol' multiply defined.


LaTeX Warning: Label `fig:onecol' multiply defined.


LaTeX Warning: Label `fig:onecol' multiply defined.


LaTeX Warning: Label `fig:onecol' multiply defined.


LaTeX Warning: Label `fig:onecol' multiply defined.


LaTeX Warning: Label `fig:onecol' multiply defined.


LaTeX Warning: Label `fig:onecol' multiply defined.


LaTeX Warning: Label `fig:onecol' multiply defined.


LaTeX Warning: Label `fig:onecol' multiply defined.

)
\openout1 = `vietnamese.aux'.

LaTeX Font Info:    Checking defaults for OML/cmm/m/it on input line 35.
LaTeX Font Info:    ... okay on input line 35.
LaTeX Font Info:    Checking defaults for OMS/cmsy/m/n on input line 35.
LaTeX Font Info:    ... okay on input line 35.
LaTeX Font Info:    Checking defaults for OT1/cmr/m/n on input line 35.
LaTeX Font Info:    ... okay on input line 35.
LaTeX Font Info:    Checking defaults for T1/cmr/m/n on input line 35.
LaTeX Font Info:    ... okay on input line 35.
LaTeX Font Info:    Checking defaults for TS1/cmr/m/n on input line 35.
LaTeX Font Info:    ... okay on input line 35.
LaTeX Font Info:    Checking defaults for OMX/cmex/m/n on input line 35.
LaTeX Font Info:    ... okay on input line 35.
LaTeX Font Info:    Checking defaults for U/cmr/m/n on input line 35.
LaTeX Font Info:    ... okay on input line 35.
LaTeX Font Info:    Checking defaults for T5/cmr/m/n on input line 35.
LaTeX Font Info:    ... okay on input line 35.
LaTeX Font Info:    Checking defaults for PD1/pdf/m/n on input line 35.
LaTeX Font Info:    ... okay on input line 35.
LaTeX Font Info:    Checking defaults for PU/pdf/m/n on input line 35.
LaTeX Font Info:    ... okay on input line 35.
 ABD: EveryShipout initializing macros
(/usr/share/texlive/texmf-dist/tex/latex/graphics/color.sty
Package: color 2022/01/06 v1.3d Standard LaTeX Color (DPC)

(/usr/share/texlive/texmf-dist/tex/latex/graphics-cfg/color.cfg
File: color.cfg 2016/01/02 v1.6 sample color configuration
)
Package color Info: Driver file: pdftex.def on input line 149.

(/usr/share/texlive/texmf-dist/tex/latex/graphics/mathcolor.ltx))
(/usr/share/texlive/texmf-dist/tex/context/base/mkii/supp-pdf.mkii
[Loading MPS to PDF converter (version 2006.09.02).]
\scratchcounter=\count300
\scratchdimen=\dimen175
\scratchbox=\box58
\nofMPsegments=\count301
\nofMParguments=\count302
\everyMPshowfont=\toks25
\MPscratchCnt=\count303
\MPscratchDim=\dimen176
\MPnumerator=\count304
\makeMPintoPDFobject=\count305
\everyMPtoPDFconversion=\toks26
) (/usr/share/texlive/texmf-dist/tex/latex/epstopdf-pkg/epstopdf-base.sty
Package: epstopdf-base 2020-01-24 v2.11 Base part for package epstopdf
Package epstopdf-base Info: Redefining graphics rule for `.eps' on input line 4
85.

(/usr/share/texlive/texmf-dist/tex/latex/latexconfig/epstopdf-sys.cfg
File: epstopdf-sys.cfg 2010/07/13 v1.3 Configuration of (r)epstopdf for TeX Liv
e
))
Package hyperref Info: Link coloring OFF on input line 35.
LaTeX Font Info:    Trying to load font information for U+msa on input line 59.


(/usr/share/texlive/texmf-dist/tex/latex/amsfonts/umsa.fd
File: umsa.fd 2013/01/14 v3.01 AMS symbols A
)
LaTeX Font Info:    Trying to load font information for U+msb on input line 59.


(/usr/share/texlive/texmf-dist/tex/latex/amsfonts/umsb.fd
File: umsb.fd 2013/01/14 v3.01 AMS symbols B
)
LaTeX Font Info:    Trying to load font information for T5+pcr on input line 59
.

(/usr/share/texlive/texmf-dist/tex/latex/vntex/t5pcr.fd
File: t5ucr.fd 2005/08/24 Fontinst v1.929 font definitions for T5/pcr.
)
<freemason.jpg, id=12, 1606.0pt x 1109.14375pt>
File: freemason.jpg Graphic file (type jpg)
<use freemason.jpg>
Package pdftex.def Info: freemason.jpg  used on input line 84.
(pdftex.def)             Requested size: 237.13594pt x 163.75806pt.
<british.jpg, id=15, 1204.5pt x 604.2575pt>
File: british.jpg Graphic file (type jpg)
<use british.jpg>
Package pdftex.def Info: british.jpg  used on input line 94.
(pdftex.def)             Requested size: 496.85625pt x 249.2593pt.
 [1{/var/lib/texmf/fonts/map/pdftex/updmap/pdftex.map}{/usr/share/texlive/texmf
-dist/fonts/enc/dvips/vntex/t5.enc}


 <./freemason.jpg>]
Underfull \vbox (badness 1043) has occurred while \output is active []

 [2 <./british.jpg>]
Missing character: There is no ÷ in font ptmb!
Missing character: There is no ¡ in font ptmb!
Missing character: There is no ¡ in font ptmb!
Missing character: There is no   in font ptmb!
Missing character: There is no ÷ in font ptmb!
<penta.jpg, id=68, 1204.5pt x 677.53125pt>
File: penta.jpg Graphic file (type jpg)
<use penta.jpg>
Package pdftex.def Info: penta.jpg  used on input line 135.
(pdftex.def)             Requested size: 237.13594pt x 133.38449pt.
<basescrop.png, id=71, 2349.77875pt x 1203.49625pt>
File: basescrop.png Graphic file (type png)
<use basescrop.png>
Package pdftex.def Info: basescrop.png  used on input line 144.
(pdftex.def)             Requested size: 447.16759pt x 229.01558pt.
[3{/usr/share/texlive/texmf-dist/fonts/enc/dvips/base/8r.enc}]
<undersea.jpg, id=99, 691.83469pt x 484.05844pt>
File: undersea.jpg Graphic file (type jpg)
<use undersea.jpg>
Package pdftex.def Info: undersea.jpg  used on input line 162.
(pdftex.def)             Requested size: 237.13594pt x 165.91458pt.
<sub.jpg, id=106, 718.18312pt x 493.0922pt>
File: sub.jpg Graphic file (type jpg)
<use sub.jpg>
Package pdftex.def Info: sub.jpg  used on input line 174.
(pdftex.def)             Requested size: 237.13594pt x 162.8112pt.
<iran.jpeg, id=111, 1183.42125pt x 573.14125pt>
File: iran.jpeg Graphic file (type jpg)
<use iran.jpeg>
Package pdftex.def Info: iran.jpeg  used on input line 185.
(pdftex.def)             Requested size: 237.13594pt x 114.84485pt.

Missing character: There is no   in font ptmb!
<tyrol.jpg, id=120, 1204.5pt x 632.3625pt>
File: tyrol.jpg Graphic file (type jpg)
<use tyrol.jpg>
Package pdftex.def Info: tyrol.jpg  used on input line 201.
(pdftex.def)             Requested size: 237.13594pt x 124.4922pt.
<svalbard.jpg, id=123, 2569.6pt x 1678.27pt>
File: svalbard.jpg Graphic file (type jpg)
<use svalbard.jpg>
Package pdftex.def Info: svalbard.jpg  used on input line 211.
(pdftex.def)             Requested size: 237.13594pt x 154.87903pt.
[4 <./penta.jpg>]
<govcrop2.png, id=156, 945.5325pt x 553.06625pt>
File: govcrop2.png Graphic file (type png)
<use govcrop2.png>
Package pdftex.def Info: govcrop2.png  used on input line 234.
(pdftex.def)             Requested size: 447.16759pt x 261.56148pt.

Underfull \vbox (badness 10000) has occurred while \output is active []

 [5 <./basescrop.png> <./undersea.jpg> <./sub.jpg>] [6 <./iran.jpeg> <./tyrol.j
pg> <./svalbard.jpg>]
<illuminati.jpg, id=193, 1284.8pt x 722.7pt>
File: illuminati.jpg Graphic file (type jpg)
<use illuminati.jpg>
Package pdftex.def Info: illuminati.jpg  used on input line 270.
(pdftex.def)             Requested size: 237.13594pt x 133.38863pt.
<pike.jpg, id=195, 301.125pt x 292.09125pt>
File: pike.jpg Graphic file (type jpg)
<use pike.jpg>
Package pdftex.def Info: pike.jpg  used on input line 280.
(pdftex.def)             Requested size: 237.13594pt x 230.03197pt.

Underfull \vbox (badness 1173) has occurred while \output is active []

 [7 <./govcrop2.png> <./illuminati.jpg>]
Underfull \vbox (badness 10000) has occurred while \output is active []

<npw.jpg, id=222, 1539.7525pt x 1924.18875pt>
File: npw.jpg Graphic file (type jpg)
<use npw.jpg>
Package pdftex.def Info: npw.jpg  used on input line 300.
(pdftex.def)             Requested size: 237.13594pt x 296.33772pt.

Underfull \vbox (badness 2617) has occurred while \output is active []

 [8 <./pike.jpg> <./npw.jpg>] [9

] (./vietnamese.bbl
Underfull \hbox (badness 1867) in paragraph at lines 9--13
[]\T5/ptm/m/n/9 Arch Mission Foundation.  ^^Pglobal knowledge vault^^Q.
 []


Underfull \hbox (badness 4608) in paragraph at lines 9--13
[]$\T5/pcr/m/n/9 https : / / www . archmission . org / gkv$[]\T5/ptm/m/n/9 , Ja
n. 2024.
 []


Underfull \hbox (badness 10000) in paragraph at lines 26--31
\T5/pcr/m/n/9 org / 2022 / 07 / navy / navy-[]undersea-[]subs . htm$[]\T5/ptm/m
/n/9 ,
 []


Underfull \hbox (badness 10000) in paragraph at lines 53--58
[]\T5/ptm/m/n/9 Internet Archive.  ^^Parchived versions of
 []


Underfull \hbox (badness 10000) in paragraph at lines 53--58
\T5/ptm/m/n/9 amallulla.com^^Q.  []$\T5/pcr/m/n/9 https : / / web . archive . o
rg /
 []


Underfull \hbox (badness 10000) in paragraph at lines 53--58
\T5/pcr/m/n/9 web / 20220801000000* / amallulla . com$[]\T5/ptm/m/n/9 , 2025.
 []


Underfull \hbox (badness 10000) in paragraph at lines 60--63
[]\T5/ptm/m/n/9 Junho.  Ecdo github research repository, 2024.
 []


Underfull \hbox (badness 10000) in paragraph at lines 88--92
[]$\T5/pcr/m/n/9 https : / / projectcamelot . org / norway . html$[]\T5/ptm/m/n
/9 .
 []


Underfull \hbox (badness 2080) in paragraph at lines 107--112
\T5/ptm/m/n/9 Feb. 2010.  Audio interview recorded January 2010;
 []


Underfull \hbox (badness 10000) in paragraph at lines 123--128
[]\T5/ptm/m/n/9 T. E. Skeptic.  Master exothermic core-mantle
 []


Underfull \hbox (badness 10000) in paragraph at lines 123--128
\T5/ptm/m/n/9 decoupling ^^U dzhanibekov oscillation (ecdo) theory,
 []


Underfull \hbox (badness 7379) in paragraph at lines 123--128
\T5/ptm/m/n/9 2024.  https://theethicalskeptic.com/2024/05/23/master-
 []


Underfull \hbox (badness 10000) in paragraph at lines 123--128
\T5/ptm/m/n/9 exothermic-core-mantle-decoupling-dzhanibekov-
 []


Underfull \hbox (badness 1924) in paragraph at lines 149--154
[]\T5/ptm/m/n/9 South Tyrol Blog.  ^^Psouth tyrol's bunker landscape^^Q.
 []


Underfull \hbox (badness 10000) in paragraph at lines 149--154
[]$\T5/pcr/m/n/9 https : / / www . south-[]tirol . com / blog /
 []


Underfull \hbox (badness 10000) in paragraph at lines 149--154
\T5/pcr/m/n/9 south-[]tyrols-[]bunker-[]landscape$[]\T5/ptm/m/n/9 , Oct. 2023.
 []


Underfull \hbox (badness 10000) in paragraph at lines 161--167
[]\T5/ptm/m/n/9 sovrynn.  ^^Pecdo/6[]literature[]media/amallulla^^Q.
 []


Underfull \hbox (badness 10000) in paragraph at lines 161--167
[]$\T5/pcr/m/n/9 https : / / github . com / sovrynn / ecdo / tree /
 []


Underfull \hbox (badness 1189) in paragraph at lines 161--167
\T5/pcr/m/n/9 master / 6-[]LITERATURE-[]MEDIA / amallulla$[]\T5/ptm/m/n/9 , 202
5.
 []


Underfull \hbox (badness 10000) in paragraph at lines 169--175
[]\T5/ptm/m/n/9 sovrynn.  ^^Pecdo/6[]literature[]media/project[]camelot^^Q.
 []


Underfull \hbox (badness 10000) in paragraph at lines 169--175
[]$\T5/pcr/m/n/9 https : / / github . com / sovrynn / ecdo /
 []


Underfull \hbox (badness 10000) in paragraph at lines 169--175
\T5/pcr/m/n/9 tree / master / 6-[]LITERATURE-[]MEDIA /
 []

LaTeX Info: Symbol \textnumero not provided by
            font family ptm in TS1 encoding.
            Default family used instead on input line 178.

Underfull \hbox (badness 10000) in paragraph at lines 177--184
[]\T5/ptm/m/n/9 sovrynn.  ^^P\TS1/cmr/m/n/9 › \T5/ptm/m/n/9 58. the multi[]tril
lion[]dollar
 []


Underfull \hbox (badness 10000) in paragraph at lines 177--184
\T5/ptm/m/n/9 granite tunnel system in the pikes peak batholith
 []


Underfull \hbox (badness 10000) in paragraph at lines 177--184
\T5/ptm/m/n/9 | an apocalyptic synthesis^^Q.  []$\T5/pcr/m/n/9 https : / /
 []


Underfull \hbox (badness 10000) in paragraph at lines 177--184
\T5/pcr/m/n/9 github . com / sovrynn / ecdo / blob / master /
 []


Underfull \hbox (badness 10000) in paragraph at lines 177--184
\T5/pcr/m/n/9 6-[]LITERATURE-[]MEDIA / amallulla / %E2 % 84 %
 []


Underfull \hbox (badness 10000) in paragraph at lines 177--184
\T5/pcr/m/n/9 96 % 2058 . %20The % 20multi-[]trillion-[]dollar %
 []


Underfull \hbox (badness 10000) in paragraph at lines 177--184
\T5/pcr/m/n/9 20granite % 20tunnel % 20system % 20in % 20the %
 []


Underfull \hbox (badness 10000) in paragraph at lines 177--184
\T5/pcr/m/n/9 20Pikes % 20Peak % 20batholith % 20 _ %20An %
 []


Underfull \hbox (badness 10000) in paragraph at lines 177--184
\T5/pcr/m/n/9 20Apocalyptic % 20Synthesis . html$[]\T5/ptm/m/n/9 , 2025.
 []


Underfull \hbox (badness 1675) in paragraph at lines 199--203
\T5/ptm/m/n/9 Safeguarding seeds for the future^^Q.  []$\T5/pcr/m/n/9 https : /
 / www .
 []

LaTeX Font Info:    Trying to load font information for OT1+ptm on input line 2
13.
(/usr/share/texlive/texmf-dist/tex/latex/psnfss/ot1ptm.fd
File: ot1ptm.fd 2001/06/04 font definitions for OT1/ptm.
)
Underfull \hbox (badness 1117) in paragraph at lines 224--229
\T5/ptm/m/n/9 1[]evidence / conspiracy[]theories / elite[]intel*.  GitHub
 []


Underfull \hbox (badness 10000) in paragraph at lines 231--236
[]\T5/ptm/m/n/9 s. G. user).  ^^Pcatherine[]fitts^^Q folder in *ecdo /
 []


Underfull \hbox (badness 3078) in paragraph at lines 238--242
[]\T5/ptm/m/n/9 Wikipedia contributors.  Federal reserve.  []$\T5/pcr/m/n/9 htt
ps :
 []


Underfull \hbox (badness 10000) in paragraph at lines 238--242
\T5/pcr/m/n/9 / / en . wikipedia . org / wiki / Federal _ Reserve$[]\T5/ptm/m/n
/9 ,
 []

[10


]) [11

] (./vietnamese.aux)
 ***********
LaTeX2e <2023-11-01> patch level 1
L3 programming layer <2024-01-22>
 ***********


LaTeX Warning: There were multiply-defined labels.

 ) 
Here is how much of TeX's memory you used:
 12144 strings out of 475662
 184765 string characters out of 5784442
 1951975 words of memory out of 5000000
 34014 multiletter control sequences out of 15000+600000
 598848 words of font info for 85 fonts, out of 8000000 for 9000
 264 hyphenation exceptions out of 8191
 75i,9n,79p,2179b,642s stack positions out of 10000i,1000n,20000p,200000b,200000s
 </home/m120938/.texlive2023/texmf-var/fonts/pk/ljfour/jknappen/ec/tcrm0900.6
00pk></usr/share/texlive/texmf-dist/fonts/type1/vntex/urwvn/ucrr8v.pfb></usr/sh
are/texlive/texmf-dist/fonts/type1/urw/times/utmb8a.pfb></usr/share/texlive/tex
mf-dist/fonts/type1/vntex/urwvn/utmb8v.pfb></usr/share/texlive/texmf-dist/fonts
/type1/vntex/urwvn/utmbi8v.pfb></usr/share/texlive/texmf-dist/fonts/type1/urw/t
imes/utmr8a.pfb></usr/share/texlive/texmf-dist/fonts/type1/vntex/urwvn/utmr8v.p
fb></usr/share/texlive/texmf-dist/fonts/type1/vntex/urwvn/utmri8v.pfb>
Output written on vietnamese.pdf (11 pages, 6486100 bytes).
PDF statistics:
 334 PDF objects out of 1000 (max. 8388607)
 275 compressed objects within 3 object streams
 90 named destinations out of 1000 (max. 500000)
 66 words of extra memory for PDF output out of 10000 (max. 10000000)

