This is pdfTeX, Version 3.141592653-2.6-1.40.25 (TeX Live 2023/Debian) (preloaded format=pdflatex 2025.6.27)  13 JUL 2025 18:28
entering extended mode
 restricted \write18 enabled.
 %&-line parsing enabled.
**1indonesiantranslated2.tex
(./1indonesiantranslated2.tex
LaTeX2e <2023-11-01> patch level 1
L3 programming layer <2024-01-22>
(/usr/share/texlive/texmf-dist/tex/latex/base/article.cls
Document Class: article 2023/05/17 v1.4n Standard LaTeX document class
(/usr/share/texlive/texmf-dist/tex/latex/base/size10.clo
File: size10.clo 2023/05/17 v1.4n Standard LaTeX file (size option)
)
\c@part=\count187
\c@section=\count188
\c@subsection=\count189
\c@subsubsection=\count190
\c@paragraph=\count191
\c@subparagraph=\count192
\c@figure=\count193
\c@table=\count194
\abovecaptionskip=\skip48
\belowcaptionskip=\skip49
\bibindent=\dimen140
)
(/usr/share/texlive/texmf-dist/tex/latex/booktabs/booktabs.sty
Package: booktabs 2020/01/12 v1.61803398 Publication quality tables
\heavyrulewidth=\dimen141
\lightrulewidth=\dimen142
\cmidrulewidth=\dimen143
\belowrulesep=\dimen144
\belowbottomsep=\dimen145
\aboverulesep=\dimen146
\abovetopsep=\dimen147
\cmidrulesep=\dimen148
\cmidrulekern=\dimen149
\defaultaddspace=\dimen150
\@cmidla=\count195
\@cmidlb=\count196
\@aboverulesep=\dimen151
\@belowrulesep=\dimen152
\@thisruleclass=\count197
\@lastruleclass=\count198
\@thisrulewidth=\dimen153
)
(/usr/share/texlive/texmf-dist/tex/latex/sttools/stfloats.sty
Package: stfloats 2017/03/27 v3.3 Improve float mechanism and baselineskip sett
ings
\@dblbotnum=\count199
\c@dblbotnumber=\count266
)
(/usr/share/texlive/texmf-dist/tex/latex/float/float.sty
Package: float 2001/11/08 v1.3d Float enhancements (AL)
\c@float@type=\count267
\float@exts=\toks17
\float@box=\box51
\@float@everytoks=\toks18
\@floatcapt=\box52
) (./cvpr.sty
(./eso-pic.sty
Package: eso-pic 2002/11/16 v1.1b eso-pic (RN)
 (./cvpr_eso.sty

LaTeX Warning: You have requested package `eso-pic',
               but the package provides `everyshi'.

Package: everyshi 2001/05/15 v3.00 EveryShipout Package (MS)
) (/usr/share/texlive/texmf-dist/tex/latex/graphics/keyval.sty
Package: keyval 2022/05/29 v1.15 key=value parser (DPC)
\KV@toks@=\toks19
))
(/usr/share/texlive/texmf-dist/tex/latex/tools/xspace.sty
Package: xspace 2014/10/28 v1.13 Space after command names (DPC,MH)
)
CVPR 8.5 x 11-Inch Proceedings Style `cvpr.sty'.
\@ctmp=\skip50
\@figindent=\skip51
\cvprrulerbox=\box53
\cvprrulercount=\count268
\cvprruleroffset=\dimen154
\cv@lineheight=\dimen155
\cv@boxheight=\dimen156
\cv@tmpbox=\box54
\cv@refno=\count269
\cv@tot=\count270
\cv@tmpc@=\count271
\cv@tmpc=\count272
) (/usr/share/texlive/texmf-dist/tex/latex/psnfss/times.sty
Package: times 2020/03/25 PSNFSS-v9.3 (SPQR) 
)
(/usr/share/texlive/texmf-dist/tex/latex/graphics/epsfig.sty
Package: epsfig 2017/06/25 v1.7b (e)psfig emulation (SPQR)

(/usr/share/texlive/texmf-dist/tex/latex/graphics/graphicx.sty
Package: graphicx 2021/09/16 v1.2d Enhanced LaTeX Graphics (DPC,SPQR)

(/usr/share/texlive/texmf-dist/tex/latex/graphics/graphics.sty
Package: graphics 2022/03/10 v1.4e Standard LaTeX Graphics (DPC,SPQR)

(/usr/share/texlive/texmf-dist/tex/latex/graphics/trig.sty
Package: trig 2021/08/11 v1.11 sin cos tan (DPC)
)
(/usr/share/texlive/texmf-dist/tex/latex/graphics-cfg/graphics.cfg
File: graphics.cfg 2016/06/04 v1.11 sample graphics configuration
)
Package graphics Info: Driver file: pdftex.def on input line 107.

(/usr/share/texlive/texmf-dist/tex/latex/graphics-def/pdftex.def
File: pdftex.def 2022/09/22 v1.2b Graphics/color driver for pdftex
))
\Gin@req@height=\dimen157
\Gin@req@width=\dimen158
)
\epsfxsize=\dimen159
\epsfysize=\dimen160
)
(/usr/share/texlive/texmf-dist/tex/latex/amsmath/amsmath.sty
Package: amsmath 2023/05/13 v2.17o AMS math features
\@mathmargin=\skip52

For additional information on amsmath, use the `?' option.
(/usr/share/texlive/texmf-dist/tex/latex/amsmath/amstext.sty
Package: amstext 2021/08/26 v2.01 AMS text

(/usr/share/texlive/texmf-dist/tex/latex/amsmath/amsgen.sty
File: amsgen.sty 1999/11/30 v2.0 generic functions
\@emptytoks=\toks20
\ex@=\dimen161
))
(/usr/share/texlive/texmf-dist/tex/latex/amsmath/amsbsy.sty
Package: amsbsy 1999/11/29 v1.2d Bold Symbols
\pmbraise@=\dimen162
)
(/usr/share/texlive/texmf-dist/tex/latex/amsmath/amsopn.sty
Package: amsopn 2022/04/08 v2.04 operator names
)
\inf@bad=\count273
LaTeX Info: Redefining \frac on input line 234.
\uproot@=\count274
\leftroot@=\count275
LaTeX Info: Redefining \overline on input line 399.
LaTeX Info: Redefining \colon on input line 410.
\classnum@=\count276
\DOTSCASE@=\count277
LaTeX Info: Redefining \ldots on input line 496.
LaTeX Info: Redefining \dots on input line 499.
LaTeX Info: Redefining \cdots on input line 620.
\Mathstrutbox@=\box55
\strutbox@=\box56
LaTeX Info: Redefining \big on input line 722.
LaTeX Info: Redefining \Big on input line 723.
LaTeX Info: Redefining \bigg on input line 724.
LaTeX Info: Redefining \Bigg on input line 725.
\big@size=\dimen163
LaTeX Font Info:    Redeclaring font encoding OML on input line 743.
LaTeX Font Info:    Redeclaring font encoding OMS on input line 744.
\macc@depth=\count278
LaTeX Info: Redefining \bmod on input line 905.
LaTeX Info: Redefining \pmod on input line 910.
LaTeX Info: Redefining \smash on input line 940.
LaTeX Info: Redefining \relbar on input line 970.
LaTeX Info: Redefining \Relbar on input line 971.
\c@MaxMatrixCols=\count279
\dotsspace@=\muskip16
\c@parentequation=\count280
\dspbrk@lvl=\count281
\tag@help=\toks21
\row@=\count282
\column@=\count283
\maxfields@=\count284
\andhelp@=\toks22
\eqnshift@=\dimen164
\alignsep@=\dimen165
\tagshift@=\dimen166
\tagwidth@=\dimen167
\totwidth@=\dimen168
\lineht@=\dimen169
\@envbody=\toks23
\multlinegap=\skip53
\multlinetaggap=\skip54
\mathdisplay@stack=\toks24
LaTeX Info: Redefining \[ on input line 2953.
LaTeX Info: Redefining \] on input line 2954.
)
(/usr/share/texlive/texmf-dist/tex/latex/amsfonts/amssymb.sty
Package: amssymb 2013/01/14 v3.01 AMS font symbols

(/usr/share/texlive/texmf-dist/tex/latex/amsfonts/amsfonts.sty
Package: amsfonts 2013/01/14 v3.01 Basic AMSFonts support
\symAMSa=\mathgroup4
\symAMSb=\mathgroup5
LaTeX Font Info:    Redeclaring math symbol \hbar on input line 98.
LaTeX Font Info:    Overwriting math alphabet `\mathfrak' in version `bold'
(Font)                  U/euf/m/n --> U/euf/b/n on input line 106.
))
(/usr/share/texlive/texmf-dist/tex/latex/hyperref/hyperref.sty
Package: hyperref 2024-01-20 v7.01h Hypertext links for LaTeX

(/usr/share/texlive/texmf-dist/tex/generic/iftex/iftex.sty
Package: iftex 2022/02/03 v1.0f TeX engine tests
)
(/usr/share/texlive/texmf-dist/tex/latex/kvsetkeys/kvsetkeys.sty
Package: kvsetkeys 2022-10-05 v1.19 Key value parser (HO)
)
(/usr/share/texlive/texmf-dist/tex/generic/kvdefinekeys/kvdefinekeys.sty
Package: kvdefinekeys 2019-12-19 v1.6 Define keys (HO)
)
(/usr/share/texlive/texmf-dist/tex/generic/pdfescape/pdfescape.sty
Package: pdfescape 2019/12/09 v1.15 Implements pdfTeX's escape features (HO)

(/usr/share/texlive/texmf-dist/tex/generic/ltxcmds/ltxcmds.sty
Package: ltxcmds 2023-12-04 v1.26 LaTeX kernel commands for general use (HO)
)
(/usr/share/texlive/texmf-dist/tex/generic/pdftexcmds/pdftexcmds.sty
Package: pdftexcmds 2020-06-27 v0.33 Utility functions of pdfTeX for LuaTeX (HO
)

(/usr/share/texlive/texmf-dist/tex/generic/infwarerr/infwarerr.sty
Package: infwarerr 2019/12/03 v1.5 Providing info/warning/error messages (HO)
)
Package pdftexcmds Info: \pdf@primitive is available.
Package pdftexcmds Info: \pdf@ifprimitive is available.
Package pdftexcmds Info: \pdfdraftmode found.
))
(/usr/share/texlive/texmf-dist/tex/latex/hycolor/hycolor.sty
Package: hycolor 2020-01-27 v1.10 Color options for hyperref/bookmark (HO)
)
(/usr/share/texlive/texmf-dist/tex/latex/auxhook/auxhook.sty
Package: auxhook 2019-12-17 v1.6 Hooks for auxiliary files (HO)
)
(/usr/share/texlive/texmf-dist/tex/latex/hyperref/nameref.sty
Package: nameref 2023-11-26 v2.56 Cross-referencing by name of section

(/usr/share/texlive/texmf-dist/tex/latex/refcount/refcount.sty
Package: refcount 2019/12/15 v3.6 Data extraction from label references (HO)
)
(/usr/share/texlive/texmf-dist/tex/generic/gettitlestring/gettitlestring.sty
Package: gettitlestring 2019/12/15 v1.6 Cleanup title references (HO)

(/usr/share/texlive/texmf-dist/tex/latex/kvoptions/kvoptions.sty
Package: kvoptions 2022-06-15 v3.15 Key value format for package options (HO)
))
\c@section@level=\count285
)
(/usr/share/texlive/texmf-dist/tex/latex/etoolbox/etoolbox.sty
Package: etoolbox 2020/10/05 v2.5k e-TeX tools for LaTeX (JAW)
\etb@tempcnta=\count286
)
\@linkdim=\dimen170
\Hy@linkcounter=\count287
\Hy@pagecounter=\count288

(/usr/share/texlive/texmf-dist/tex/latex/hyperref/pd1enc.def
File: pd1enc.def 2024-01-20 v7.01h Hyperref: PDFDocEncoding definition (HO)
Now handling font encoding PD1 ...
... no UTF-8 mapping file for font encoding PD1
)
(/usr/share/texlive/texmf-dist/tex/generic/intcalc/intcalc.sty
Package: intcalc 2019/12/15 v1.3 Expandable calculations with integers (HO)
)
\Hy@SavedSpaceFactor=\count289

(/usr/share/texlive/texmf-dist/tex/latex/hyperref/puenc.def
File: puenc.def 2024-01-20 v7.01h Hyperref: PDF Unicode definition (HO)
Now handling font encoding PU ...
... no UTF-8 mapping file for font encoding PU
)
Package hyperref Info: Option `breaklinks' set `true' on input line 4062.
Package hyperref Info: Option `bookmarks' set `false' on input line 4062.
Package hyperref Info: Hyper figures OFF on input line 4179.
Package hyperref Info: Link nesting OFF on input line 4184.
Package hyperref Info: Hyper index ON on input line 4187.
Package hyperref Info: Plain pages OFF on input line 4194.
Package hyperref Info: Backreferencing OFF on input line 4199.
Package hyperref Info: Implicit mode ON; LaTeX internals redefined.
Package hyperref Info: Bookmarks OFF on input line 4452.
\c@Hy@tempcnt=\count290

(/usr/share/texlive/texmf-dist/tex/latex/url/url.sty
\Urlmuskip=\muskip17
Package: url 2013/09/16  ver 3.4  Verb mode for urls, etc.
)
LaTeX Info: Redefining \url on input line 4784.
\XeTeXLinkMargin=\dimen171

(/usr/share/texlive/texmf-dist/tex/generic/bitset/bitset.sty
Package: bitset 2019/12/09 v1.3 Handle bit-vector datatype (HO)

(/usr/share/texlive/texmf-dist/tex/generic/bigintcalc/bigintcalc.sty
Package: bigintcalc 2019/12/15 v1.5 Expandable calculations on big integers (HO
)
))
\Fld@menulength=\count291
\Field@Width=\dimen172
\Fld@charsize=\dimen173
Package hyperref Info: Hyper figures OFF on input line 6063.
Package hyperref Info: Link nesting OFF on input line 6068.
Package hyperref Info: Hyper index ON on input line 6071.
Package hyperref Info: backreferencing OFF on input line 6078.
Package hyperref Info: Link coloring OFF on input line 6083.
Package hyperref Info: Link coloring with OCG OFF on input line 6088.
Package hyperref Info: PDF/A mode OFF on input line 6093.

(/usr/share/texlive/texmf-dist/tex/latex/base/atbegshi-ltx.sty
Package: atbegshi-ltx 2021/01/10 v1.0c Emulation of the original atbegshi
package with kernel methods
)
\Hy@abspage=\count292
\c@Item=\count293
\c@Hfootnote=\count294
)
Package hyperref Info: Driver (autodetected): hpdftex.

(/usr/share/texlive/texmf-dist/tex/latex/hyperref/hpdftex.def
File: hpdftex.def 2024-01-20 v7.01h Hyperref driver for pdfTeX

(/usr/share/texlive/texmf-dist/tex/latex/base/atveryend-ltx.sty
Package: atveryend-ltx 2020/08/19 v1.0a Emulation of the original atveryend pac
kage
with kernel methods
)
\Fld@listcount=\count295
\c@bookmark@seq@number=\count296

(/usr/share/texlive/texmf-dist/tex/latex/rerunfilecheck/rerunfilecheck.sty
Package: rerunfilecheck 2022-07-10 v1.10 Rerun checks for auxiliary files (HO)

(/usr/share/texlive/texmf-dist/tex/generic/uniquecounter/uniquecounter.sty
Package: uniquecounter 2019/12/15 v1.4 Provide unlimited unique counter (HO)
)
Package uniquecounter Info: New unique counter `rerunfilecheck' on input line 2
85.
)
\Hy@SectionHShift=\skip55
)
LaTeX Font Info:    Trying to load font information for OT1+ptm on input line 4
4.

(/usr/share/texlive/texmf-dist/tex/latex/psnfss/ot1ptm.fd
File: ot1ptm.fd 2001/06/04 font definitions for OT1/ptm.
)
(/usr/share/texlive/texmf-dist/tex/latex/l3backend/l3backend-pdftex.def
File: l3backend-pdftex.def 2024-01-04 L3 backend support: PDF output (pdfTeX)
\l__color_backend_stack_int=\count297
\l__pdf_internal_box=\box57
)
(./1indonesiantranslated2.aux

LaTeX Warning: Label `fig:onecol' multiply defined.


LaTeX Warning: Label `fig:onecol' multiply defined.


LaTeX Warning: Label `fig:onecol' multiply defined.


LaTeX Warning: Label `fig:onecol' multiply defined.


LaTeX Warning: Label `fig:onecol' multiply defined.


LaTeX Warning: Label `fig:onecol' multiply defined.


LaTeX Warning: Label `fig:onecol' multiply defined.


LaTeX Warning: Label `fig:onecol' multiply defined.


LaTeX Warning: Label `fig:onecol' multiply defined.

)
\openout1 = `1indonesiantranslated2.aux'.

LaTeX Font Info:    Checking defaults for OML/cmm/m/it on input line 44.
LaTeX Font Info:    ... okay on input line 44.
LaTeX Font Info:    Checking defaults for OMS/cmsy/m/n on input line 44.
LaTeX Font Info:    ... okay on input line 44.
LaTeX Font Info:    Checking defaults for OT1/cmr/m/n on input line 44.
LaTeX Font Info:    ... okay on input line 44.
LaTeX Font Info:    Checking defaults for T1/cmr/m/n on input line 44.
LaTeX Font Info:    ... okay on input line 44.
LaTeX Font Info:    Checking defaults for TS1/cmr/m/n on input line 44.
LaTeX Font Info:    ... okay on input line 44.
LaTeX Font Info:    Checking defaults for OMX/cmex/m/n on input line 44.
LaTeX Font Info:    ... okay on input line 44.
LaTeX Font Info:    Checking defaults for U/cmr/m/n on input line 44.
LaTeX Font Info:    ... okay on input line 44.
LaTeX Font Info:    Checking defaults for PD1/pdf/m/n on input line 44.
LaTeX Font Info:    ... okay on input line 44.
LaTeX Font Info:    Checking defaults for PU/pdf/m/n on input line 44.
LaTeX Font Info:    ... okay on input line 44.
 ABD: EveryShipout initializing macros
(/usr/share/texlive/texmf-dist/tex/latex/graphics/color.sty
Package: color 2022/01/06 v1.3d Standard LaTeX Color (DPC)

(/usr/share/texlive/texmf-dist/tex/latex/graphics-cfg/color.cfg
File: color.cfg 2016/01/02 v1.6 sample color configuration
)
Package color Info: Driver file: pdftex.def on input line 149.

(/usr/share/texlive/texmf-dist/tex/latex/graphics/mathcolor.ltx))
(/usr/share/texlive/texmf-dist/tex/context/base/mkii/supp-pdf.mkii
[Loading MPS to PDF converter (version 2006.09.02).]
\scratchcounter=\count298
\scratchdimen=\dimen174
\scratchbox=\box58
\nofMPsegments=\count299
\nofMParguments=\count300
\everyMPshowfont=\toks25
\MPscratchCnt=\count301
\MPscratchDim=\dimen175
\MPnumerator=\count302
\makeMPintoPDFobject=\count303
\everyMPtoPDFconversion=\toks26
) (/usr/share/texlive/texmf-dist/tex/latex/epstopdf-pkg/epstopdf-base.sty
Package: epstopdf-base 2020-01-24 v2.11 Base part for package epstopdf
Package epstopdf-base Info: Redefining graphics rule for `.eps' on input line 4
85.

(/usr/share/texlive/texmf-dist/tex/latex/latexconfig/epstopdf-sys.cfg
File: epstopdf-sys.cfg 2010/07/13 v1.3 Configuration of (r)epstopdf for TeX Liv
e
))
Package hyperref Info: Link coloring OFF on input line 44.
LaTeX Font Info:    Trying to load font information for U+msa on input line 68.


(/usr/share/texlive/texmf-dist/tex/latex/amsfonts/umsa.fd
File: umsa.fd 2013/01/14 v3.01 AMS symbols A
)
LaTeX Font Info:    Trying to load font information for U+msb on input line 68.


(/usr/share/texlive/texmf-dist/tex/latex/amsfonts/umsb.fd
File: umsb.fd 2013/01/14 v3.01 AMS symbols B
)
LaTeX Font Info:    Trying to load font information for OT1+pcr on input line 6
8.

(/usr/share/texlive/texmf-dist/tex/latex/psnfss/ot1pcr.fd
File: ot1pcr.fd 2001/06/04 font definitions for OT1/pcr.
)
Underfull \hbox (badness 1082) in paragraph at lines 71--72
[]\OT1/ptm/m/it/10 Pada bu-lan Mei 2024, se-o-rang penulis dar-ing den-gan
 []


Underfull \hbox (badness 1496) in paragraph at lines 71--72
\OT1/ptm/m/it/10 cou-pling Dzhanibekov Os-cil-la-tion) [[]]. Teori ini tidak
 []


Underfull \hbox (badness 1515) in paragraph at lines 85--87
[]\OT1/ptm/m/it/10 Dalam makalah ini, saya tetap bersikap ob-jek-tif den-
 []


Underfull \hbox (badness 1231) in paragraph at lines 85--87
\OT1/ptm/m/it/10 teori yang menarik na-mun masih bersi-fat speku-latif, dan
 []

<b.png, id=12, 1497.595pt x 1061.9675pt>
File: b.png Graphic file (type png)
<use b.png>
Package pdftex.def Info: b.png  used on input line 98.
(pdftex.def)             Requested size: 251.5897pt x 178.39311pt.
[1{/var/lib/texmf/fonts/map/pdftex/updmap/pdftex.map}{/usr/share/texlive/texmf-
dist/fonts/enc/dvips/base/8r.enc}


 <./b.png>]
Underfull \hbox (badness 1067) in paragraph at lines 113--114
\OT1/ptm/m/it/10 Ke-mu-dian air su-rut, men-ca-pai titik su-rut teren-dah em-pa
t
 []


Underfull \vbox (badness 10000) has occurred while \output is active []

 [2]
Underfull \hbox (badness 1472) in paragraph at lines 155--156
\OT1/ptm/m/n/10 yang ter-pisah di selu-ruh dunia, dis-er-tai den-gan bencana-
 []

<marine.jpg, id=63, 2393.94376pt x 1243.64626pt>
File: marine.jpg Graphic file (type jpg)
<use marine.jpg>
Package pdftex.def Info: marine.jpg  used on input line 162.
(pdftex.def)             Requested size: 525.7638pt x 273.1286pt.
<tibet.jpg, id=76, 1748.03062pt x 1122.44344pt>
File: tibet.jpg Graphic file (type jpg)
<use tibet.jpg>
Package pdftex.def Info: tibet.jpg  used on input line 175.
(pdftex.def)             Requested size: 251.5897pt x 161.54266pt.
<khafre.jpg, id=85, 1057.9525pt x 693.59125pt>
File: khafre.jpg Graphic file (type jpg)
<use khafre.jpg>
Package pdftex.def Info: khafre.jpg  used on input line 186.
(pdftex.def)             Requested size: 446.90242pt x 292.98909pt.
<shafts.jpg, id=88, 1060.96375pt x 701.62125pt>
File: shafts.jpg Graphic file (type jpg)
<use shafts.jpg>
Package pdftex.def Info: shafts.jpg  used on input line 194.
(pdftex.def)             Requested size: 446.90242pt x 295.53537pt.
[3]
LaTeX Font Info:    Trying to load font information for TS1+ptm on input line 2
13.
 (/usr/share/texlive/texmf-dist/tex/latex/psnfss/ts1ptm.fd
File: ts1ptm.fd 2001/06/04 font definitions for TS1/ptm.
) [4 <./marine.jpg> <./tibet.jpg>]
Underfull \vbox (badness 4156) has occurred while \output is active []

 [5 <./khafre.jpg>]
<drawing.jpg, id=161, 3149.7675pt x 1049.9225pt>
File: drawing.jpg Graphic file (type jpg)
<use drawing.jpg>
Package pdftex.def Info: drawing.jpg  used on input line 232.
(pdftex.def)             Requested size: 525.7638pt x 175.24832pt.

Underfull \vbox (badness 10000) has occurred while \output is active []

 [6 <./shafts.jpg>]
Underfull \hbox (badness 4647) in paragraph at lines 244--245
[]\OT1/ptm/m/n/10 Mesir meru-pakan \OT1/ptm/m/it/10 satu-satunya \OT1/ptm/m/n/1
0 lokasi di Bumi yang
 []

<laj.jpg, id=184, 983.675pt x 1203.49625pt>
File: laj.jpg Graphic file (type jpg)
<use laj.jpg>
Package pdftex.def Info: laj.jpg  used on input line 255.
(pdftex.def)             Requested size: 239.00945pt x 292.4076pt.
<biodiversity.jpg, id=187, 1284.8pt x 722.7pt>
File: biodiversity.jpg Graphic file (type jpg)
<use biodiversity.jpg>
Package pdftex.def Info: biodiversity.jpg  used on input line 265.
(pdftex.def)             Requested size: 499.474pt x 280.9476pt.
<meinesz3.jpg, id=189, 1284.8pt x 770.88pt>
File: meinesz3.jpg Graphic file (type jpg)
<use meinesz3.jpg>
Package pdftex.def Info: meinesz3.jpg  used on input line 274.
(pdftex.def)             Requested size: 251.5897pt x 150.9503pt.

Underfull \vbox (badness 3460) has occurred while \output is active []

 [7 <./drawing.jpg> <./laj.jpg>]
Underfull \hbox (badness 1210) in paragraph at lines 285--286
\OT1/ptm/m/n/10 dite-mukan pada arus purba sed-i-men yang terekam dalam
 []

<dzhani.jpg, id=208, 3191.925pt x 1047.915pt>
File: dzhani.jpg Graphic file (type jpg)
<use dzhani.jpg>
Package pdftex.def Info: dzhani.jpg  used on input line 293.
(pdftex.def)             Requested size: 473.1842pt x 155.34163pt.

Underfull \vbox (badness 10000) has occurred while \output is active []

<layers.jpg, id=210, 1204.5pt x 677.53125pt>
File: layers.jpg Graphic file (type jpg)
<use layers.jpg>
Package pdftex.def Info: layers.jpg  used on input line 302.
(pdftex.def)             Requested size: 525.7638pt x 295.7472pt.

Underfull \hbox (badness 1221) in paragraph at lines 310--311
\OT1/ptm/m/n/10 gubah arah sum-bunya se-cara tiba-tiba. Oleh karena itu,
 []


Underfull \vbox (badness 10000) has occurred while \output is active []

 [8 <./biodiversity.jpg> <./meinesz3.jpg>]
Underfull \vbox (badness 10000) has occurred while \output is active []

<llvp.jpg, id=228, 1163.34625pt x 915.42pt>
File: llvp.jpg Graphic file (type jpg)
<use llvp.jpg>
Package pdftex.def Info: llvp.jpg  used on input line 318.
(pdftex.def)             Requested size: 251.5897pt x 197.97083pt.

Underfull \vbox (badness 10000) has occurred while \output is active []

 [9 <./dzhani.jpg> <./layers.jpg>]
<npw.jpg, id=245, 1539.7525pt x 1924.18875pt>
File: npw.jpg Graphic file (type jpg)
<use npw.jpg>
Package pdftex.def Info: npw.jpg  used on input line 338.
(pdftex.def)             Requested size: 251.5897pt x 314.39456pt.
<saa.jpg, id=248, 1627.07875pt x 636.3775pt>
File: saa.jpg Graphic file (type jpg)
<use saa.jpg>
Package pdftex.def Info: saa.jpg  used on input line 348.
(pdftex.def)             Requested size: 473.1842pt x 185.0691pt.
<ocean-highlight.jpg, id=253, 2135.98pt x 2488.29625pt>
File: ocean-highlight.jpg Graphic file (type jpg)
<use ocean-highlight.jpg>
Package pdftex.def Info: ocean-highlight.jpg  used on input line 357.
(pdftex.def)             Requested size: 251.5897pt x 293.07727pt.

Underfull \hbox (badness 1077) in paragraph at lines 364--365
\OT1/ptm/m/n/10 ingkar yang berg-erak di dalam inti luar Bumi ak-i-bat ro-
 []


Underfull \hbox (badness 3471) in paragraph at lines 370--370
[] \OT1/ptm/b/n/12 . Pe-mod-e-lan Pem-ba-likan Bumi yang Akan
 []

<saa-crop.jpeg, id=268, 1096.095pt x 715.67375pt>
File: saa-crop.jpeg Graphic file (type jpg)
<use saa-crop.jpeg>
Package pdftex.def Info: saa-crop.jpeg  used on input line 375.
(pdftex.def)             Requested size: 251.5897pt x 164.26297pt.

Underfull \vbox (badness 10000) has occurred while \output is active []

 [10 <./llvp.jpg> <./npw.jpg>] [11 <./saa.jpg> <./ocean-highlight.jpg> <./saa-c
rop.jpeg>]
Underfull \hbox (badness 1622) in paragraph at lines 396--397
[]\OT1/ptm/m/n/10 Operasi NANOOK adalah up-aya peng-in-ta-ian pada era
 []


Underfull \hbox (badness 1005) in paragraph at lines 398--399
\OT1/ptm/m/it/10 ku-tub telah dipub-likasikan baik dalam kolom surat kabar
 []


Underfull \hbox (badness 1014) in paragraph at lines 402--403
\OT1/ptm/m/it/10 se-ba-gai manu-sia per-tama|dan Niobe. Ia juga mencer-i-
 []


Underfull \vbox (badness 3009) has occurred while \output is active []

 [12]
Underfull \vbox (badness 10000) has occurred while \output is active []


Underfull \hbox (badness 1565) in paragraph at lines 408--409
\OT1/ptm/m/n/10 o-bosan serta telah mem-bagikan-nya kepada dunia. Tesis
 []


Underfull \hbox (badness 1087) in paragraph at lines 408--409
\OT1/ptm/m/it/10 Exother-mic Core-Mantle De-cou-pling Dzhanibekov Os-cil-la-
 []

[13] [14

]
<wave.jpg, id=365, 754.82pt x 1057.9525pt>
File: wave.jpg Graphic file (type jpg)
<use wave.jpg>
Package pdftex.def Info: wave.jpg  used on input line 423.
(pdftex.def)             Requested size: 251.5897pt x 352.62845pt.

Underfull \hbox (badness 1112) in paragraph at lines 425--425
\OT1/ptm/m/n/9 bang berben-tuk parabola yang mengikis bagian bawah Pi-ramida
 []

<star-stone.jpg, id=368, 722.7pt x 1116.17pt>
File: star-stone.jpg Graphic file (type jpg)
<use star-stone.jpg>
Package pdftex.def Info: star-stone.jpg  used on input line 433.
(pdftex.def)             Requested size: 251.5897pt x 388.5705pt.

Underfull \vbox (badness 10000) has occurred while \output is active []

<deepsea.jpg, id=371, 708.6475pt x 620.3175pt>
File: deepsea.jpg Graphic file (type jpg)
<use deepsea.jpg>
Package pdftex.def Info: deepsea.jpg  used on input line 443.
(pdftex.def)             Requested size: 525.7638pt x 460.23932pt.
<sealevel.jpeg, id=378, 1204.5pt x 1326.9575pt>
File: sealevel.jpeg Graphic file (type jpg)
<use sealevel.jpeg>
Package pdftex.def Info: sealevel.jpeg  used on input line 452.
(pdftex.def)             Requested size: 525.7638pt x 579.22638pt.
<co2.jpg, id=383, 2360.82pt x 1026.83624pt>
File: co2.jpg Graphic file (type jpg)
<use co2.jpg>
Package pdftex.def Info: co2.jpg  used on input line 461.
(pdftex.def)             Requested size: 525.7638pt x 228.67795pt.
<ice.jpg, id=388, 2359.81625pt x 1030.85126pt>
File: ice.jpg Graphic file (type jpg)
<use ice.jpg>
Package pdftex.def Info: ice.jpg  used on input line 470.
(pdftex.def)             Requested size: 525.7638pt x 229.66647pt.
 [15


 <./wave.jpg> <./star-stone.jpg>] [16 <./deepsea.jpg>] [17 <./sealevel.jpeg>] [
18 <./co2.jpg> <./ice.jpg>] (./1indonesiantranslated2.bbl
Underfull \hbox (badness 3343) in paragraph at lines 4--7
[]\OT1/ptm/m/n/9 Great flood (china).  []$\OT1/pcr/m/n/9 https : / / en . wikip
edia . org /
 []


Underfull \hbox (badness 2717) in paragraph at lines 27--33
[]\OT1/ptm/m/n/9 Y. A. Brahim, J. A. Wassen-burg, L. Sha, F. W. Cruz,
 []


Underfull \hbox (badness 10000) in paragraph at lines 35--38
[]\OT1/ptm/m/n/9 D. A. Calvert.  Pyra-mid of khufu.
 []


Underfull \hbox (badness 1163) in paragraph at lines 72--75
\OT1/ptm/m/n/9 soula.  https://www.isu.edu/digitalgeologyidaho/palouse-lake-
 []


Underfull \hbox (badness 2608) in paragraph at lines 152--157
[]\OT1/ptm/m/n/9 F. Jose-phus.  \OT1/ptm/m/it/9 An-tiq-ui-ties of the Jews\OT1/
ptm/m/n/9 .  Project Guten-
 []


Underfull \hbox (badness 1077) in paragraph at lines 152--157
\OT1/ptm/m/n/9 lic do-main in the USA. Last up-dated: Jan-uary 30, 2024.
 []


Underfull \hbox (badness 10000) in paragraph at lines 165--170
[]\OT1/ptm/m/n/9 Junho.  Ecdo kmls.  []$\OT1/pcr/m/n/9 https : / / github . com
 /
 []


Underfull \hbox (badness 10000) in paragraph at lines 165--170
\OT1/pcr/m/n/9 sovrynn / ecdo / tree / master / 5-[]TOOLS-[]DEV / dev /
 []


Underfull \hbox (badness 10000) in paragraph at lines 172--175
[]\OT1/ptm/m/n/9 Junho.  Ecdo github re-search repos-i-tory, 2024.
 []


Underfull \hbox (badness 10000) in paragraph at lines 177--181
[]\OT1/ptm/m/n/9 Junho.  Egypt cat-a-clysm chronol-ogy, 2025.
 []


Underfull \hbox (badness 10000) in paragraph at lines 177--181
\OT1/ptm/m/n/9 https://github.com/sovrynn/ecdo/tree/master/1-
 []


Underfull \hbox (badness 1377) in paragraph at lines 231--234
\OT1/ptm/m/n/9 and oceans, 2023.  thoughtco.com/chalchiuhtlicue-goddess-
 []

[19


]
Underfull \hbox (badness 10000) in paragraph at lines 334--339
[]\OT1/ptm/m/n/9 T. E. Skep-tic.  Exother-mic core-mantle de-cou-pling
 []


Underfull \hbox (badness 10000) in paragraph at lines 334--339
\OT1/ptm/m/n/9 { dzhanibekov os-cil-la-tion (ecdo) hy-poth-e-sis, 2024.
 []


Underfull \hbox (badness 10000) in paragraph at lines 334--339
\OT1/ptm/m/n/9 https://theethicalskeptic.com/2024/05/12/exothermic-core-
 []


Underfull \hbox (badness 10000) in paragraph at lines 341--344
[]\OT1/ptm/m/n/9 T. E. Skep-tic.  Hid-den in plain sight, 2024.
 []


Underfull \hbox (badness 4819) in paragraph at lines 346--351
[]\OT1/ptm/m/n/9 T. E. Skep-tic.  Mas-ter exother-mic core-mantle de-cou-
 []


Underfull \hbox (badness 10000) in paragraph at lines 346--351
\OT1/ptm/m/n/9 pling { dzhanibekov os-cil-la-tion (ecdo) the-ory, 2024.
 []


Underfull \hbox (badness 10000) in paragraph at lines 346--351
\OT1/ptm/m/n/9 https://theethicalskeptic.com/2024/05/23/master-exothermic-
 []


Underfull \hbox (badness 2343) in paragraph at lines 353--359
[]\OT1/ptm/m/n/9 sovrynn.  Evolv-ing con-cepts in dis-tributed or-ga-ni-za-tion
s:
 []


Underfull \hbox (badness 1769) in paragraph at lines 353--359
\OT1/ptm/m/n/9 Foun-da-tion the-ory.  []$\OT1/pcr/m/n/9 https : / / github . co
m / sovrynn /
 []


Underfull \hbox (badness 10000) in paragraph at lines 353--359
\OT1/pcr/m/n/9 ecdo / tree / master / 0-[]FOUNDATION-[]THEORY / s2 #
 []


Underfull \hbox (badness 1102) in paragraph at lines 383--386
[]\OT1/ptm/m/n/9 TalkOrigins.  Flood sto-ries from around the world, 2002.
 []


Underfull \hbox (badness 1331) in paragraph at lines 397--402
[]\OT1/ptm/m/n/9 S. Varela, J. Gonz[]alez-Hern[]ander, L. Sgarbi, C. Mar-shall,

 []


Underfull \hbox (badness 10000) in paragraph at lines 441--444
[]\OT1/ptm/m/n/9 Wikibooks.  Chi-nese sto-ries/n[]uwa.  []$\OT1/pcr/m/n/9 https
 : / / en .
 []


Underfull \hbox (badness 10000) in paragraph at lines 441--444
\OT1/pcr/m/n/9 wikibooks . org / wiki / Chinese _ Stories / N % C3 %
 []


Underfull \hbox (badness 4429) in paragraph at lines 451--454
[]\OT1/ptm/m/n/9 Wikipedia.  Great pyra-mid of giza.  []$\OT1/pcr/m/n/9 https :
 / / en .
 []


Underfull \hbox (badness 10000) in paragraph at lines 451--454
\OT1/pcr/m/n/9 wikipedia . org / wiki / Great _ Pyramid _ of _ Giza #
 []

) [20] (./1indonesiantranslated2.aux)
 ***********
LaTeX2e <2023-11-01> patch level 1
L3 programming layer <2024-01-22>
 ***********


LaTeX Warning: There were multiply-defined labels.

 ) 
Here is how much of TeX's memory you used:
 10604 strings out of 475142
 159450 string characters out of 5776209
 1951975 words of memory out of 5000000
 32452 multiletter control sequences out of 15000+600000
 584445 words of font info for 94 fonts, out of 8000000 for 9000
 680 hyphenation exceptions out of 8191
 75i,9n,79p,4166b,622s stack positions out of 10000i,1000n,20000p,200000b,200000s
</usr/share/texlive/texmf-dist/fonts/type1/public/amsfonts/cm/cmmi10.pfb></us
r/share/texlive/texmf-dist/fonts/type1/public/amsfonts/cm/cmmi9.pfb></usr/share
/texlive/texmf-dist/fonts/type1/public/amsfonts/cm/cmr7.pfb></usr/share/texlive
/texmf-dist/fonts/type1/urw/courier/ucrr8a.pfb></usr/share/texlive/texmf-dist/f
onts/type1/urw/times/utmb8a.pfb></usr/share/texlive/texmf-dist/fonts/type1/urw/
times/utmbi8a.pfb></usr/share/texlive/texmf-dist/fonts/type1/urw/times/utmr8a.p
fb></usr/share/texlive/texmf-dist/fonts/type1/urw/times/utmri8a.pfb>
Output written on 1indonesiantranslated2.pdf (20 pages, 7311783 bytes).
PDF statistics:
 524 PDF objects out of 1000 (max. 8388607)
 433 compressed objects within 5 object streams
 147 named destinations out of 1000 (max. 500000)
 111 words of extra memory for PDF output out of 10000 (max. 10000000)

