This is LuaHBTeX, Version 1.17.0 (TeX Live 2023/Debian)  (format=lualatex 2025.6.27)  28 JUN 2025 02:52
 restricted system commands enabled.
**1lao41.tex
(./1lao41.tex
LaTeX2e <2023-11-01> patch level 1
L3 programming layer <2024-01-22>
Lua module: luaotfload 2023-08-31 3.26 Lua based OpenType font support
Lua module: lualibs 2023-07-13 2.76 ConTeXt Lua standard libraries.
Lua module: lualibs-extended 2023-07-13 2.76 ConTeXt Lua libraries -- extended c
ollection.
luaotfload | conf : Root cache directory is "/home/m120938/.texlive2023/texmf-va
r/luatex-cache/generic/names".
luaotfload | init : Loading fontloader "fontloader-2023-08-19.lua" from kpse-res
olved path "/usr/share/texlive/texmf-dist/tex/luatex/luaotfload/fontloader-2023-
08-19.lua".
Lua-only attribute luaotfload@noligature = 1
luaotfload | init : Context OpenType loader version 3.133
Inserting `luaotfload.node_processor' in `pre_linebreak_filter'.
Inserting `luaotfload.node_processor' in `hpack_filter'.
Inserting `luaotfload.glyph_stream' in `glyph_stream_provider'.
Inserting `luaotfload.define_font' in `define_font'.
Lua-only attribute luaotfload_color_attribute = 2
luaotfload | conf : Root cache directory is "/home/m120938/.texlive2023/texmf-va
r/luatex-cache/generic/names".
Inserting `luaotfload.harf.strip_prefix' in `find_opentype_file'.
Inserting `luaotfload.harf.strip_prefix' in `find_truetype_file'.
Removing  `luaotfload.glyph_stream' from `glyph_stream_provider'.
Inserting `luaotfload.harf.glyphstream' in `glyph_stream_provider'.
Inserting `luaotfload.harf.finalize_vlist' in `post_linebreak_filter'.
Inserting `luaotfload.harf.finalize_hlist' in `hpack_filter'.
Inserting `luaotfload.cleanup_files' in `wrapup_run'.
Inserting `luaotfload.harf.finalize_unicode' in `finish_pdffile'.
Inserting `luaotfload.glyphinfo' in `glyph_info'.
Lua-only attribute luaotfload.letterspace_done = 3
Inserting `luaotfload.aux.set_sscale_dimens' in `luaotfload.patch_font'.
Inserting `luaotfload.aux.set_font_index' in `luaotfload.patch_font'.
Inserting `luaotfload.aux.patch_cambria_domh' in `luaotfload.patch_font'.
Inserting `luaotfload.aux.fixup_fontdata' in `luaotfload.patch_font_unsafe'.
Inserting `luaotfload.aux.set_capheight' in `luaotfload.patch_font'.
Inserting `luaotfload.aux.set_xheight' in `luaotfload.patch_font'.
Inserting `luaotfload.rewrite_fontname' in `luaotfload.patch_font'.
Inserting `tracingstacklevels' in `input_level_string'. (/usr/share/texlive/tex
mf-dist/tex/latex/base/article.cls
Document Class: article 2023/05/17 v1.4n Standard LaTeX document class
(/usr/share/texlive/texmf-dist/tex/latex/base/size10.clo
File: size10.clo 2023/05/17 v1.4n Standard LaTeX file (size option)
luaotfload | db : Font names database loaded from /home/m120938/.texlive2023/tex
mf-var/luatex-cache/generic/names/luaotfload-names.luc.gz)
\c@part=\count185
\c@section=\count186
\c@subsection=\count187
\c@subsubsection=\count188
\c@paragraph=\count189
\c@subparagraph=\count190
\c@figure=\count191
\c@table=\count192
\abovecaptionskip=\skip48
\belowcaptionskip=\skip49
\bibindent=\dimen139
)
(/usr/share/texlive/texmf-dist/tex/latex/booktabs/booktabs.sty
Package: booktabs 2020/01/12 v1.61803398 Publication quality tables
\heavyrulewidth=\dimen140
\lightrulewidth=\dimen141
\cmidrulewidth=\dimen142
\belowrulesep=\dimen143
\belowbottomsep=\dimen144
\aboverulesep=\dimen145
\abovetopsep=\dimen146
\cmidrulesep=\dimen147
\cmidrulekern=\dimen148
\defaultaddspace=\dimen149
\@cmidla=\count193
\@cmidlb=\count194
\@aboverulesep=\dimen150
\@belowrulesep=\dimen151
\@thisruleclass=\count195
\@lastruleclass=\count196
\@thisrulewidth=\dimen152
)
(/usr/share/texlive/texmf-dist/tex/latex/sttools/stfloats.sty
Package: stfloats 2017/03/27 v3.3 Improve float mechanism and baselineskip sett
ings
\@dblbotnum=\count197
\c@dblbotnumber=\count198
)
(/usr/share/texlive/texmf-dist/tex/latex/float/float.sty
Package: float 2001/11/08 v1.3d Float enhancements (AL)
\c@float@type=\count199
\float@exts=\toks17
\float@box=\box51
\@float@everytoks=\toks18
\@floatcapt=\box52
)
(/usr/share/texlive/texmf-dist/tex/latex/base/fontenc.sty
Package: fontenc 2021/04/29 v2.0v Standard LaTeX package
LaTeX Font Info:    Trying to load font information for T1+lmr on input line 11
2.

(/usr/share/texmf/tex/latex/lm/t1lmr.fd
File: t1lmr.fd 2015/05/01 v1.6.1 Font defs for Latin Modern
))
(/usr/share/texlive/texmf-dist/tex/generic/babel/babel.sty
Package: babel 2024/01/07 v24.1 The Babel package

(/usr/share/texlive/texmf-dist/tex/generic/babel/luababel.def
\bbl@readstream=\read2
\l@dumylang=\language2
Package babel Info: Non-standard hyphenation setup on input line 118.
\l@nohyphenation=\language3
\l@vietnamese=\language4
\l@hebrew=\language5
\l@gujarati=\language6
\l@interlingua=\language7
\l@ethiopic=\language8
\l@esperanto=\language9
\l@churchslavonic=\language10
\l@serbian=\language11
\l@coptic=\language12
\l@mongolian=\language13
\l@panjabi=\language14
\l@tamil=\language15
\l@mongolianlmc=\language16
\l@indonesian=\language17
\l@assamese=\language18
\l@telugu=\language19
\l@pali=\language20
\l@sanskrit=\language21
\l@ukrainian=\language22
\l@hindi=\language23
\l@afrikaans=\language24
\l@georgian=\language25
\l@thai=\language26
\l@bulgarian=\language27
\l@armenian=\language28
\l@malayalam=\language29
\l@russian=\language30
\l@serbianc=\language31
\l@kannada=\language32
\l@belarusian=\language33
\l@marathi=\language34
\l@turkmen=\language35
\l@oriya=\language36
\l@bengali=\language37
\l@pinyin=\language38
\babelcatcodetablenum=\catcodetable14
\bbl@pattcodes=\catcodetable15
)
\babel@savecnt=\count266
\U@D=\dimen153
\l@unhyphenated=\language39

(/usr/share/texlive/texmf-dist/tex/generic/babel/luababel.def
\bbl@attr@locale=\attribute4
)
(/usr/share/texlive/texmf-dist/tex/generic/babel-english/english.ldf
Language: english 2017/06/06 v3.3r English support from the babel system
Package babel Info: Hyphen rules for 'british' set to \l@english
(babel)             (\language0). Reported on input line 82.
Package babel Info: Hyphen rules for 'UKenglish' set to \l@english
(babel)             (\language0). Reported on input line 83.
Package babel Info: Hyphen rules for 'canadian' set to \l@english
(babel)             (\language0). Reported on input line 102.
Package babel Info: Hyphen rules for 'australian' set to \l@english
(babel)             (\language0). Reported on input line 105.
Package babel Info: Hyphen rules for 'newzealand' set to \l@english
(babel)             (\language0). Reported on input line 108.
))
(/usr/share/texlive/texmf-dist/tex/generic/babel/locale/en/babel-english.tex
Package babel Info: Importing font and identification data for english
(babel)             from babel-en.ini. Reported on input line 11.
)
(/usr/share/texlive/texmf-dist/tex/generic/babel/locale/lo/babel-lao.tex)
Package babel Info: Importing data for lao
(babel)             from babel-lo.ini. Reported on input line 15.
Package babel Info: Hyphen rules for 'lao' set to \l@english
(babel)             (\language0). Reported on input line 15.
Replacing Laoo script ranges
Inserting `Babel.hyphenate' in `hyphenate'.
(/usr/share/texlive/texmf-dist/tex/generic/babel/locale/lo/babel-lao.tex)
(/usr/share/texlive/texmf-dist/tex/latex/fontspec/fontspec.sty
(/usr/share/texlive/texmf-dist/tex/latex/l3packages/xparse/xparse.sty
(/usr/share/texlive/texmf-dist/tex/latex/l3kernel/expl3.sty
Package: expl3 2024-01-22 L3 programming layer (loader) 

(/usr/share/texlive/texmf-dist/tex/latex/l3backend/l3backend-luatex.def
File: l3backend-luatex.def 2024-01-04 L3 backend support: PDF output (LuaTeX)
\l__color_backend_stack_int=\count267
Inserting `l3color' in `luaotfload.parse_color'.
\l__pdf_internal_box=\box53
))
Package: xparse 2023-10-10 L3 Experimental document command parser
)
Package: fontspec 2022/01/15 v2.8a Font selection for XeLaTeX and LuaLaTeX
Lua module: fontspec 2022/01/15 2.8a Font selection for XeLaTeX and LuaLaTeX
(/usr/share/texlive/texmf-dist/tex/latex/fontspec/fontspec-luatex.sty
Package: fontspec-luatex 2022/01/15 v2.8a Font selection for XeLaTeX and LuaLaT
eX
\l__fontspec_script_int=\count268
\l__fontspec_language_int=\count269
\l__fontspec_strnum_int=\count270
\l__fontspec_tmp_int=\count271
\l__fontspec_tmpa_int=\count272
\l__fontspec_tmpb_int=\count273
\l__fontspec_tmpc_int=\count274
\l__fontspec_em_int=\count275
\l__fontspec_emdef_int=\count276
\l__fontspec_strong_int=\count277
\l__fontspec_strongdef_int=\count278
\l__fontspec_tmpa_dim=\dimen154
\l__fontspec_tmpb_dim=\dimen155
\l__fontspec_tmpc_dim=\dimen156

(/usr/share/texlive/texmf-dist/tex/latex/base/fontenc.sty
Package: fontenc 2021/04/29 v2.0v Standard LaTeX package
)
(/usr/share/texlive/texmf-dist/tex/latex/fontspec/fontspec.cfg)))
luaotfload | cache : Lookup cache loaded from /home/m120938/.texlive2023/texmf-v
ar/luatex-cache/generic/names/luaotfload-lookup-cache.luc.
luaotfload | aux : font no 19 (nil) defines no feature for script latn with lang
uage eng

Package fontspec Info: Font family 'NotoSerif(0)' created for font 'Noto
(fontspec)             Serif' with options
(fontspec)             [Ligatures=TeX,Script=Latin,Language=English,RawFeature=
{family=rm}].
(fontspec)              
(fontspec)              This font family consists of the following NFSS
(fontspec)             series/shapes:
(fontspec)              
(fontspec)             - 'normal' (m/n) with NFSS spec.:
(fontspec)             <->"NotoSerif:mode=node;script=latn;language=dflt;+tlig;
family=rm;"
(fontspec)             - 'small caps'  (m/sc) with NFSS spec.:
(fontspec)             <->"NotoSerif:mode=node;script=latn;language=dflt;+tlig;
family=rm;+smcp;"
(fontspec)             - 'bold' (b/n) with NFSS spec.:
(fontspec)             <->"NotoSerif/B:mode=node;script=latn;language=dflt;+tli
g;family=rm;"
(fontspec)             - 'bold small caps'  (b/sc) with NFSS spec.:
(fontspec)             <->"NotoSerif/B:mode=node;script=latn;language=dflt;+tli
g;family=rm;+smcp;"
(fontspec)             - 'italic' (m/it) with NFSS spec.:
(fontspec)             <->"NotoSerif/I:mode=node;script=latn;language=dflt;+tli
g;family=rm;"
(fontspec)             - 'italic small caps'  (m/scit) with NFSS spec.:
(fontspec)             <->"NotoSerif/I:mode=node;script=latn;language=dflt;+tli
g;family=rm;+smcp;"
(fontspec)             - 'bold italic' (b/it) with NFSS spec.:
(fontspec)             <->"NotoSerif/BI:mode=node;script=latn;language=dflt;+tl
ig;family=rm;"
(fontspec)             - 'bold italic small caps'  (b/scit) with NFSS spec.:
(fontspec)             <->"NotoSerif/BI:mode=node;script=latn;language=dflt;+tl
ig;family=rm;+smcp;"

luaotfload | aux : font no 30 (nil) defines no feature for script latn with lang
uage eng
luaotfload | aux : font no 35 (nil) does not define feature smcp for script latn
 with language dflt
luaotfload | aux : font no 36 (nil) does not define feature smcp for script latn
 with language dflt
luaotfload | aux : font no 37 (nil) does not define feature smcp for script latn
 with language dflt
luaotfload | aux : font no 38 (nil) does not define feature smcp for script latn
 with language dflt

Package fontspec Info: Font family 'Lato(0)' created for font 'Lato' with
(fontspec)             options
(fontspec)             [Script=Latin,Language=English,RawFeature={family=alt}].

(fontspec)              
(fontspec)              This font family consists of the following NFSS
(fontspec)             series/shapes:
(fontspec)              
(fontspec)             - 'normal' (m/n) with NFSS spec.:
(fontspec)             <->"Lato:mode=node;script=latn;language=dflt;family=alt;
"
(fontspec)             - 'small caps'  (m/sc) with NFSS spec.: 
(fontspec)             - 'bold' (b/n) with NFSS spec.:
(fontspec)             <->"Lato/B:mode=node;script=latn;language=dflt;family=al
t;"
(fontspec)             - 'bold small caps'  (b/sc) with NFSS spec.: 
(fontspec)             - 'italic' (m/it) with NFSS spec.:
(fontspec)             <->"Lato/I:mode=node;script=latn;language=dflt;family=al
t;"
(fontspec)             - 'italic small caps'  (m/scit) with NFSS spec.: 
(fontspec)             - 'bold italic' (b/it) with NFSS spec.:
(fontspec)             <->"Lato/BI:mode=node;script=latn;language=dflt;family=a
lt;"
(fontspec)             - 'bold italic small caps'  (b/scit) with NFSS spec.: 

 (./cvpr.sty
(./eso-pic.sty
Package: eso-pic 2002/11/16 v1.1b eso-pic (RN)
 (./cvpr_eso.sty

LaTeX Warning: You have requested package `eso-pic',
               but the package provides `everyshi'.

Package: everyshi 2001/05/15 v3.00 EveryShipout Package (MS)
) (/usr/share/texlive/texmf-dist/tex/latex/graphics/keyval.sty
Package: keyval 2022/05/29 v1.15 key=value parser (DPC)
\KV@toks@=\toks19
))
(/usr/share/texlive/texmf-dist/tex/latex/tools/xspace.sty
Package: xspace 2014/10/28 v1.13 Space after command names (DPC,MH)
)
CVPR 8.5 x 11-Inch Proceedings Style `cvpr.sty'.
\@ctmp=\skip50
\@figindent=\skip51
\cvprrulerbox=\box54
\cvprrulercount=\count279
\cvprruleroffset=\dimen157
\cv@lineheight=\dimen158
\cv@boxheight=\dimen159
\cv@tmpbox=\box55
\cv@refno=\count280
\cv@tot=\count281
\cv@tmpc@=\count282
\cv@tmpc=\count283
) (/usr/share/texlive/texmf-dist/tex/latex/psnfss/times.sty
Package: times 2020/03/25 PSNFSS-v9.3 (SPQR) 
)
(/usr/share/texlive/texmf-dist/tex/latex/graphics/epsfig.sty
Package: epsfig 2017/06/25 v1.7b (e)psfig emulation (SPQR)

(/usr/share/texlive/texmf-dist/tex/latex/graphics/graphicx.sty
Package: graphicx 2021/09/16 v1.2d Enhanced LaTeX Graphics (DPC,SPQR)

(/usr/share/texlive/texmf-dist/tex/latex/graphics/graphics.sty
Package: graphics 2022/03/10 v1.4e Standard LaTeX Graphics (DPC,SPQR)

(/usr/share/texlive/texmf-dist/tex/latex/graphics/trig.sty
Package: trig 2021/08/11 v1.11 sin cos tan (DPC)
)
(/usr/share/texlive/texmf-dist/tex/latex/graphics-cfg/graphics.cfg
File: graphics.cfg 2016/06/04 v1.11 sample graphics configuration
)
Package graphics Info: Driver file: luatex.def on input line 107.

(/usr/share/texlive/texmf-dist/tex/latex/graphics-def/luatex.def
File: luatex.def 2022/09/22 v1.2d Graphics/color driver for luatex
))
\Gin@req@height=\dimen160
\Gin@req@width=\dimen161
)
\epsfxsize=\dimen162
\epsfysize=\dimen163
)
(/usr/share/texlive/texmf-dist/tex/latex/amsmath/amsmath.sty
Package: amsmath 2023/05/13 v2.17o AMS math features
\@mathmargin=\skip52

For additional information on amsmath, use the `?' option.
(/usr/share/texlive/texmf-dist/tex/latex/amsmath/amstext.sty
Package: amstext 2021/08/26 v2.01 AMS text

(/usr/share/texlive/texmf-dist/tex/latex/amsmath/amsgen.sty
File: amsgen.sty 1999/11/30 v2.0 generic functions
\@emptytoks=\toks20
\ex@=\dimen164
))
(/usr/share/texlive/texmf-dist/tex/latex/amsmath/amsbsy.sty
Package: amsbsy 1999/11/29 v1.2d Bold Symbols
\pmbraise@=\dimen165
)
(/usr/share/texlive/texmf-dist/tex/latex/amsmath/amsopn.sty
Package: amsopn 2022/04/08 v2.04 operator names
)
\inf@bad=\count284
LaTeX Info: Redefining \frac on input line 236.
\uproot@=\count285
\leftroot@=\count286
LaTeX Info: Redefining \overline on input line 399.
LaTeX Info: Redefining \colon on input line 410.
\classnum@=\count287
\DOTSCASE@=\count288
LaTeX Info: Redefining \ldots on input line 496.
LaTeX Info: Redefining \dots on input line 499.
LaTeX Info: Redefining \cdots on input line 620.
\Mathstrutbox@=\box56
\strutbox@=\box57
LaTeX Info: Redefining \big on input line 722.
LaTeX Info: Redefining \Big on input line 723.
LaTeX Info: Redefining \bigg on input line 724.
LaTeX Info: Redefining \Bigg on input line 725.
\big@size=\dimen166
LaTeX Font Info:    Redeclaring font encoding OML on input line 743.
LaTeX Font Info:    Redeclaring font encoding OMS on input line 744.
\macc@depth=\count289
LaTeX Info: Redefining \bmod on input line 905.
LaTeX Info: Redefining \pmod on input line 910.
LaTeX Info: Redefining \smash on input line 940.
LaTeX Info: Redefining \relbar on input line 970.
LaTeX Info: Redefining \Relbar on input line 971.
\c@MaxMatrixCols=\count290
\dotsspace@=\muskip16
\c@parentequation=\count291
\dspbrk@lvl=\count292
\tag@help=\toks21
\row@=\count293
\column@=\count294
\maxfields@=\count295
\andhelp@=\toks22
\eqnshift@=\dimen167
\alignsep@=\dimen168
\tagshift@=\dimen169
\tagwidth@=\dimen170
\totwidth@=\dimen171
\lineht@=\dimen172
\@envbody=\toks23
\multlinegap=\skip53
\multlinetaggap=\skip54
\mathdisplay@stack=\toks24
LaTeX Info: Redefining \[ on input line 2953.
LaTeX Info: Redefining \] on input line 2954.
)
(/usr/share/texlive/texmf-dist/tex/latex/amsfonts/amssymb.sty
Package: amssymb 2013/01/14 v3.01 AMS font symbols

(/usr/share/texlive/texmf-dist/tex/latex/amsfonts/amsfonts.sty
Package: amsfonts 2013/01/14 v3.01 Basic AMSFonts support
\symAMSa=\mathgroup4
\symAMSb=\mathgroup5
LaTeX Font Info:    Redeclaring math symbol \hbar on input line 98.
LaTeX Font Info:    Overwriting math alphabet `\mathfrak' in version `bold'
(Font)                  U/euf/m/n --> U/euf/b/n on input line 106.
))
(/usr/share/texlive/texmf-dist/tex/latex/hyperref/hyperref.sty
Package: hyperref 2024-01-20 v7.01h Hypertext links for LaTeX

(/usr/share/texlive/texmf-dist/tex/generic/iftex/iftex.sty
Package: iftex 2022/02/03 v1.0f TeX engine tests
)
(/usr/share/texlive/texmf-dist/tex/latex/kvsetkeys/kvsetkeys.sty
Package: kvsetkeys 2022-10-05 v1.19 Key value parser (HO)
)
(/usr/share/texlive/texmf-dist/tex/generic/kvdefinekeys/kvdefinekeys.sty
Package: kvdefinekeys 2019-12-19 v1.6 Define keys (HO)
)
(/usr/share/texlive/texmf-dist/tex/generic/pdfescape/pdfescape.sty
Package: pdfescape 2019/12/09 v1.15 Implements pdfTeX's escape features (HO)

(/usr/share/texlive/texmf-dist/tex/generic/ltxcmds/ltxcmds.sty
Package: ltxcmds 2023-12-04 v1.26 LaTeX kernel commands for general use (HO)
)
(/usr/share/texlive/texmf-dist/tex/generic/pdftexcmds/pdftexcmds.sty
Package: pdftexcmds 2020-06-27 v0.33 Utility functions of pdfTeX for LuaTeX (HO
)

(/usr/share/texlive/texmf-dist/tex/generic/infwarerr/infwarerr.sty
Package: infwarerr 2019/12/03 v1.5 Providing info/warning/error messages (HO)
)
Package pdftexcmds Info: \pdf@primitive is available.
Package pdftexcmds Info: \pdf@ifprimitive is available.
Package pdftexcmds Info: \pdfdraftmode found.
\pdftexcmds@toks=\toks25
))
(/usr/share/texlive/texmf-dist/tex/latex/hycolor/hycolor.sty
Package: hycolor 2020-01-27 v1.10 Color options for hyperref/bookmark (HO)
)
(/usr/share/texlive/texmf-dist/tex/latex/auxhook/auxhook.sty
Package: auxhook 2019-12-17 v1.6 Hooks for auxiliary files (HO)
)
(/usr/share/texlive/texmf-dist/tex/latex/hyperref/nameref.sty
Package: nameref 2023-11-26 v2.56 Cross-referencing by name of section

(/usr/share/texlive/texmf-dist/tex/latex/refcount/refcount.sty
Package: refcount 2019/12/15 v3.6 Data extraction from label references (HO)
)
(/usr/share/texlive/texmf-dist/tex/generic/gettitlestring/gettitlestring.sty
Package: gettitlestring 2019/12/15 v1.6 Cleanup title references (HO)

(/usr/share/texlive/texmf-dist/tex/latex/kvoptions/kvoptions.sty
Package: kvoptions 2022-06-15 v3.15 Key value format for package options (HO)
))
\c@section@level=\count296
)
(/usr/share/texlive/texmf-dist/tex/latex/etoolbox/etoolbox.sty
Package: etoolbox 2020/10/05 v2.5k e-TeX tools for LaTeX (JAW)
\etb@tempcnta=\count297
)
\@linkdim=\dimen173
\Hy@linkcounter=\count298
\Hy@pagecounter=\count299

(/usr/share/texlive/texmf-dist/tex/latex/hyperref/pd1enc.def
File: pd1enc.def 2024-01-20 v7.01h Hyperref: PDFDocEncoding definition (HO)
)
(/usr/share/texlive/texmf-dist/tex/generic/intcalc/intcalc.sty
Package: intcalc 2019/12/15 v1.3 Expandable calculations with integers (HO)
)
\Hy@SavedSpaceFactor=\count300

(/usr/share/texlive/texmf-dist/tex/latex/hyperref/puenc.def
File: puenc.def 2024-01-20 v7.01h Hyperref: PDF Unicode definition (HO)
)
Package hyperref Info: Option `breaklinks' set `true' on input line 4062.
Package hyperref Info: Option `bookmarks' set `false' on input line 4062.
Package hyperref Info: Hyper figures OFF on input line 4179.
Package hyperref Info: Link nesting OFF on input line 4184.
Package hyperref Info: Hyper index ON on input line 4187.
Package hyperref Info: Plain pages OFF on input line 4194.
Package hyperref Info: Backreferencing OFF on input line 4199.
Package hyperref Info: Implicit mode ON; LaTeX internals redefined.
Package hyperref Info: Bookmarks OFF on input line 4452.
\c@Hy@tempcnt=\count301

(/usr/share/texlive/texmf-dist/tex/latex/url/url.sty
\Urlmuskip=\muskip17
Package: url 2013/09/16  ver 3.4  Verb mode for urls, etc.
)
LaTeX Info: Redefining \url on input line 4784.
\XeTeXLinkMargin=\dimen174

(/usr/share/texlive/texmf-dist/tex/generic/bitset/bitset.sty
Package: bitset 2019/12/09 v1.3 Handle bit-vector datatype (HO)

(/usr/share/texlive/texmf-dist/tex/generic/bigintcalc/bigintcalc.sty
Package: bigintcalc 2019/12/15 v1.5 Expandable calculations on big integers (HO
)
))
\Fld@menulength=\count302
\Field@Width=\dimen175
\Fld@charsize=\dimen176
Package hyperref Info: Hyper figures OFF on input line 6063.
Package hyperref Info: Link nesting OFF on input line 6068.
Package hyperref Info: Hyper index ON on input line 6071.
Package hyperref Info: backreferencing OFF on input line 6078.
Package hyperref Info: Link coloring OFF on input line 6083.
Package hyperref Info: Link coloring with OCG OFF on input line 6088.
Package hyperref Info: PDF/A mode OFF on input line 6093.

(/usr/share/texlive/texmf-dist/tex/latex/base/atbegshi-ltx.sty
Package: atbegshi-ltx 2021/01/10 v1.0c Emulation of the original atbegshi
package with kernel methods
)
\Hy@abspage=\count303
\c@Item=\count304
\c@Hfootnote=\count305
)
Package hyperref Info: Driver (autodetected): hluatex.

(/usr/share/texlive/texmf-dist/tex/latex/hyperref/hluatex.def
File: hluatex.def 2024-01-20 v7.01h Hyperref driver for luaTeX

(/usr/share/texlive/texmf-dist/tex/generic/stringenc/stringenc.sty
Package: stringenc 2019/11/29 v1.12 Convert strings between diff. encodings (HO
)
)
(/usr/share/texlive/texmf-dist/tex/latex/base/atveryend-ltx.sty
Package: atveryend-ltx 2020/08/19 v1.0a Emulation of the original atveryend pac
kage
with kernel methods
)
\Fld@listcount=\count306
\c@bookmark@seq@number=\count307

(/usr/share/texlive/texmf-dist/tex/latex/rerunfilecheck/rerunfilecheck.sty
Package: rerunfilecheck 2022-07-10 v1.10 Rerun checks for auxiliary files (HO)

(/usr/share/texlive/texmf-dist/tex/generic/uniquecounter/uniquecounter.sty
Package: uniquecounter 2019/12/15 v1.4 Provide unlimited unique counter (HO)
)
Package uniquecounter Info: New unique counter `rerunfilecheck' on input line 2
85.
)
\Hy@SectionHShift=\skip55
)
luaotfload | aux : font no 45 (nil) defines no feature for script lao with langu
age lao

Package fontspec Info: Could not resolve font "NotoSerifLao/BI" (it probably
(fontspec)             doesn't exist).


Package fontspec Info: Could not resolve font "NotoSerifLao/I" (it probably
(fontspec)             doesn't exist).

luaotfload | aux : font no 48 (nil) does not define feature smcp for script lao 
with language dflt
luaotfload | aux : font no 49 (nil) does not define feature smcp for script lao 
with language dflt

Package fontspec Info: Font family 'NotoSerifLao(0)' created for font 'Noto
(fontspec)             Serif Lao' with options
(fontspec)             [Ligatures=TeX,Script=Lao,Language=Lao,RawFeature={famil
y=rm}].
(fontspec)              
(fontspec)              This font family consists of the following NFSS
(fontspec)             series/shapes:
(fontspec)              
(fontspec)             - 'normal' (m/n) with NFSS spec.:
(fontspec)             <->"NotoSerifLao:mode=node;script=lao;language=dflt;+tli
g;family=rm;"
(fontspec)             - 'small caps'  (m/sc) with NFSS spec.: 
(fontspec)             - 'bold' (b/n) with NFSS spec.:
(fontspec)             <->"NotoSerifLao/B:mode=node;script=lao;language=dflt;+t
lig;family=rm;"
(fontspec)             - 'bold small caps'  (b/sc) with NFSS spec.: 

luaotfload | aux : font no 45 (nil) defines no feature for script lao with langu
age lao

Package fontspec Info: Could not resolve font "NotoSerifLao/BI" (it probably
(fontspec)             doesn't exist).


Package fontspec Info: Could not resolve font "NotoSerifLao/I" (it probably
(fontspec)             doesn't exist).

luaotfload | aux : font no 48 (nil) does not define feature smcp for script lao 
with language dflt
luaotfload | aux : font no 49 (nil) does not define feature smcp for script lao 
with language dflt

Package fontspec Info: Font family 'NotoSerifLao(1)' created for font 'Noto
(fontspec)             Serif Lao' with options
(fontspec)             [Ligatures=TeX,Script=Lao,Language=Lao,RawFeature={famil
y=sf}].
(fontspec)              
(fontspec)              This font family consists of the following NFSS
(fontspec)             series/shapes:
(fontspec)              
(fontspec)             - 'normal' (m/n) with NFSS spec.:
(fontspec)             <->"NotoSerifLao:mode=node;script=lao;language=dflt;+tli
g;family=sf;"
(fontspec)             - 'small caps'  (m/sc) with NFSS spec.: 
(fontspec)             - 'bold' (b/n) with NFSS spec.:
(fontspec)             <->"NotoSerifLao/B:mode=node;script=lao;language=dflt;+t
lig;family=sf;"
(fontspec)             - 'bold small caps'  (b/sc) with NFSS spec.: 

luaotfload | aux : font no 45 (nil) defines no feature for script lao with langu
age lao

Package fontspec Info: Could not resolve font "NotoSerifLao/BI" (it probably
(fontspec)             doesn't exist).


Package fontspec Info: Could not resolve font "NotoSerifLao/I" (it probably
(fontspec)             doesn't exist).

luaotfload | aux : font no 48 (nil) does not define feature smcp for script lao 
with language dflt
luaotfload | aux : font no 49 (nil) does not define feature smcp for script lao 
with language dflt

Package fontspec Info: Font family 'NotoSerifLao(2)' created for font 'Noto
(fontspec)             Serif Lao' with options
(fontspec)             [Script=Lao,Language=Lao,RawFeature={family=alt}].
(fontspec)              
(fontspec)              This font family consists of the following NFSS
(fontspec)             series/shapes:
(fontspec)              
(fontspec)             - 'normal' (m/n) with NFSS spec.:
(fontspec)             <->"NotoSerifLao:mode=node;script=lao;language=dflt;fami
ly=alt;"
(fontspec)             - 'small caps'  (m/sc) with NFSS spec.: 
(fontspec)             - 'bold' (b/n) with NFSS spec.:
(fontspec)             <->"NotoSerifLao/B:mode=node;script=lao;language=dflt;fa
mily=alt;"
(fontspec)             - 'bold small caps'  (b/sc) with NFSS spec.: 



Package babel Info: The current font is not a babel standard family:
(babel)             NotoSerif:mode=node;script=latn;language=dflt;+tlig;family=
rm;
(babel)             There is nothing intrinsically wrong with this warning, and

(babel)             you can ignore it altogether if you do not need these
(babel)             families. But if they are used in the document, you should 
be
(babel)             aware 'babel' will not set Script and Language for them, so

(babel)             you may consider defining a new family with \babelfont.
(babel)             See the manual for further details about \babelfont.
(babel)             Reported on input line 57.

Package babel Info: New pattern: 1ດ on input line 1.
Package babel Info: New pattern: 1ມ on input line 2.
Package babel Info: New pattern: 1ອ on input line 3.
Package babel Info: New pattern: 1ງ on input line 4.
Package babel Info: New pattern: 1ກ on input line 5.
Package babel Info: New pattern: 1າ on input line 6.
Package babel Info: New pattern: 1ັ on input line 7.
Package babel Info: New pattern: 1ິ on input line 8.
Package babel Info: New pattern: 1ີ on input line 9.
Package babel Info: New pattern: 1້ on input line 10.
Package babel Info: New pattern: 1ົ on input line 11.
Package babel Info: New pattern: 1ູ on input line 12.
LaTeX Font Info:    Trying to load font information for TU+ptm on input line 57
.
LaTeX Font Info:    No file TUptm.fd. on input line 57.

LaTeX Font Warning: Font shape `TU/ptm/m/n' undefined
(Font)              using `TU/lmr/m/n' instead on input line 57.

(./1lao41.aux
LaTeX Font Info:    Trying to load font information for TU+phv on input line 3.

LaTeX Font Info:    No file TUphv.fd. on input line 3.


LaTeX Font Warning: Font shape `TU/phv/m/n' undefined
(Font)              using `TU/lmr/m/n' instead on input line 3.

LaTeX Font Info:    Trying to load font information for TU+pcr on input line 3.

LaTeX Font Info:    No file TUpcr.fd. on input line 3.

LaTeX Font Warning: Font shape `TU/pcr/m/n' undefined
(Font)              using `TU/lmr/m/n' instead on input line 3.


Package babel Info: The following font families will use the default
(babel)             settings for all or some languages:
(babel)             * \sffamily = phv
(babel)               [lmroman10-regular]:+tlig;
(babel)             * \ttfamily = pcr
(babel)               [lmroman10-regular]:+tlig;
(babel)             There is nothing intrinsically wrong with it, but
(babel)             'babel' will no set Script and Language, which could
(babel)             be relevant in some languages. If your document uses
(babel)             these families, consider redefining them with \babelfont.
(babel)             Reported on input line 3.


LaTeX Warning: Label `fig:onecol' multiply defined.


LaTeX Warning: Label `fig:onecol' multiply defined.


LaTeX Warning: Label `fig:onecol' multiply defined.


LaTeX Warning: Label `fig:onecol' multiply defined.


LaTeX Warning: Label `fig:onecol' multiply defined.


LaTeX Warning: Label `fig:onecol' multiply defined.


LaTeX Warning: Label `fig:onecol' multiply defined.


LaTeX Warning: Label `fig:onecol' multiply defined.


LaTeX Warning: Label `fig:onecol' multiply defined.

)
\openout1 = 1lao41.aux

LaTeX Font Info:    Checking defaults for OML/cmm/m/it on input line 57.
LaTeX Font Info:    ... okay on input line 57.
LaTeX Font Info:    Checking defaults for OMS/cmsy/m/n on input line 57.
LaTeX Font Info:    ... okay on input line 57.
LaTeX Font Info:    Checking defaults for OT1/cmr/m/n on input line 57.
LaTeX Font Info:    ... okay on input line 57.
LaTeX Font Info:    Checking defaults for T1/cmr/m/n on input line 57.
LaTeX Font Info:    ... okay on input line 57.
LaTeX Font Info:    Checking defaults for TS1/cmr/m/n on input line 57.
LaTeX Font Info:    Trying to load font information for TS1+cmr on input line 5
7.
 (/usr/share/texlive/texmf-dist/tex/latex/base/ts1cmr.fd
File: ts1cmr.fd 2023/04/13 v2.5m Standard LaTeX font definitions
)
LaTeX Font Info:    ... okay on input line 57.
LaTeX Font Info:    Checking defaults for TU/lmr/m/n on input line 57.
LaTeX Font Info:    ... okay on input line 57.
LaTeX Font Info:    Checking defaults for OMX/cmex/m/n on input line 57.
LaTeX Font Info:    ... okay on input line 57.
LaTeX Font Info:    Checking defaults for U/cmr/m/n on input line 57.
LaTeX Font Info:    ... okay on input line 57.
LaTeX Font Info:    Checking defaults for PD1/pdf/m/n on input line 57.
LaTeX Font Info:    ... okay on input line 57.
LaTeX Font Info:    Checking defaults for PU/pdf/m/n on input line 57.
LaTeX Font Info:    ... okay on input line 57.

Package fontspec Info: Adjusting the maths setup (use [no-math] to avoid
(fontspec)             this).

\symlegacymaths=\mathgroup6
LaTeX Font Info:    Overwriting symbol font `legacymaths' in version `bold'
(Font)                  OT1/cmr/m/n --> OT1/cmr/bx/n on input line 57.
LaTeX Font Info:    Redeclaring math accent \acute on input line 57.
LaTeX Font Info:    Redeclaring math accent \grave on input line 57.
LaTeX Font Info:    Redeclaring math accent \ddot on input line 57.
LaTeX Font Info:    Redeclaring math accent \tilde on input line 57.
LaTeX Font Info:    Redeclaring math accent \bar on input line 57.
LaTeX Font Info:    Redeclaring math accent \breve on input line 57.
LaTeX Font Info:    Redeclaring math accent \check on input line 57.
LaTeX Font Info:    Redeclaring math accent \hat on input line 57.
LaTeX Font Info:    Redeclaring math accent \dot on input line 57.
LaTeX Font Info:    Redeclaring math accent \mathring on input line 57.
LaTeX Font Info:    Redeclaring math symbol \Gamma on input line 57.
LaTeX Font Info:    Redeclaring math symbol \Delta on input line 57.
LaTeX Font Info:    Redeclaring math symbol \Theta on input line 57.
LaTeX Font Info:    Redeclaring math symbol \Lambda on input line 57.
LaTeX Font Info:    Redeclaring math symbol \Xi on input line 57.
LaTeX Font Info:    Redeclaring math symbol \Pi on input line 57.
LaTeX Font Info:    Redeclaring math symbol \Sigma on input line 57.
LaTeX Font Info:    Redeclaring math symbol \Upsilon on input line 57.
LaTeX Font Info:    Redeclaring math symbol \Phi on input line 57.
LaTeX Font Info:    Redeclaring math symbol \Psi on input line 57.
LaTeX Font Info:    Redeclaring math symbol \Omega on input line 57.
LaTeX Font Info:    Redeclaring math symbol \mathdollar on input line 57.
LaTeX Font Info:    Redeclaring symbol font `operators' on input line 57.
LaTeX Font Info:    Encoding `OT1' has changed to `TU' for symbol font
(Font)              `operators' in the math version `normal' on input line 57.
LaTeX Font Info:    Overwriting symbol font `operators' in version `normal'
(Font)                  OT1/cmr/m/n --> TU/NotoSerif(0)/m/n on input line 57.
LaTeX Font Info:    Encoding `OT1' has changed to `TU' for symbol font
(Font)              `operators' in the math version `bold' on input line 57.
LaTeX Font Info:    Overwriting symbol font `operators' in version `bold'
(Font)                  OT1/cmr/bx/n --> TU/NotoSerif(0)/m/n on input line 57.
LaTeX Font Info:    Overwriting symbol font `operators' in version `normal'
(Font)                  TU/NotoSerif(0)/m/n --> TU/NotoSerif(0)/m/n on input li
ne 57.
LaTeX Font Info:    Overwriting math alphabet `\mathit' in version `normal'
(Font)                  OT1/cmr/m/it --> TU/NotoSerif(0)/m/it on input line 57.

LaTeX Font Info:    Overwriting math alphabet `\mathbf' in version `normal'
(Font)                  OT1/cmr/bx/n --> TU/NotoSerif(0)/b/n on input line 57.
LaTeX Font Info:    Overwriting math alphabet `\mathsf' in version `normal'
(Font)                  OT1/cmss/m/n --> TU/phv/m/n on input line 57.
LaTeX Font Info:    Overwriting math alphabet `\mathtt' in version `normal'
(Font)                  OT1/cmtt/m/n --> TU/pcr/m/n on input line 57.
LaTeX Font Info:    Overwriting symbol font `operators' in version `bold'
(Font)                  TU/NotoSerif(0)/m/n --> TU/NotoSerif(0)/b/n on input li
ne 57.
LaTeX Font Info:    Overwriting math alphabet `\mathit' in version `bold'
(Font)                  OT1/cmr/bx/it --> TU/NotoSerif(0)/b/it on input line 57
.
LaTeX Font Info:    Overwriting math alphabet `\mathsf' in version `bold'
(Font)                  OT1/cmss/bx/n --> TU/phv/b/n on input line 57.
LaTeX Font Info:    Overwriting math alphabet `\mathtt' in version `bold'
(Font)                  OT1/cmtt/m/n --> TU/pcr/b/n on input line 57.

ABD: EveryShipout initializing macros
(/usr/share/texlive/texmf-dist/tex/latex/graphics/color.sty
Package: color 2022/01/06 v1.3d Standard LaTeX Color (DPC)

(/usr/share/texlive/texmf-dist/tex/latex/graphics-cfg/color.cfg
File: color.cfg 2016/01/02 v1.6 sample color configuration
)
Package color Info: Driver file: luatex.def on input line 149.

(/usr/share/texlive/texmf-dist/tex/latex/graphics/mathcolor.ltx))
(/usr/share/texlive/texmf-dist/tex/context/base/mkii/supp-pdf.mkii
[Loading MPS to PDF converter (version 2006.09.02).]
\scratchcounter=\count308
\scratchdimen=\dimen177
\scratchbox=\box58
\nofMPsegments=\count309
\nofMParguments=\count310
\everyMPshowfont=\toks26
\MPscratchCnt=\count311
\MPscratchDim=\dimen178
\MPnumerator=\count312
\makeMPintoPDFobject=\count313
\everyMPtoPDFconversion=\toks27
) (/usr/share/texlive/texmf-dist/tex/latex/epstopdf-pkg/epstopdf-base.sty
Package: epstopdf-base 2020-01-24 v2.11 Base part for package epstopdf
Package epstopdf-base Info: Redefining graphics rule for `.eps' on input line 4
85.

(/usr/share/texlive/texmf-dist/tex/latex/latexconfig/epstopdf-sys.cfg
File: epstopdf-sys.cfg 2010/07/13 v1.3 Configuration of (r)epstopdf for TeX Liv
e
))
Package hyperref Info: Link coloring OFF on input line 57.
LaTeX Font Info:    Trying to load font information for U+msa on input line 71.


(/usr/share/texlive/texmf-dist/tex/latex/amsfonts/umsa.fd
File: umsa.fd 2013/01/14 v3.01 AMS symbols A
)
LaTeX Font Info:    Trying to load font information for U+msb on input line 71.


(/usr/share/texlive/texmf-dist/tex/latex/amsfonts/umsb.fd
File: umsb.fd 2013/01/14 v3.01 AMS symbols B
)

LaTeX Font Warning: Font shape `TU/NotoSerifLao(0)/m/it' undefined
(Font)              using `TU/NotoSerifLao(0)/m/n' instead on input line 72.

<b.png, id=12, 1497.595pt x 1061.9675pt>
File: b.png Graphic file (type png)
<use b.png>
Package luatex.def Info: b.png  used on input line 96.
(luatex.def)             Requested size: 237.13594pt x 168.152pt.
[1{/var/lib/texmf/fonts/map/pdftex/updmap/pdftex.map}


<./b.png>]

LaTeX Font Warning: Font shape `TU/NotoSerifLao(0)/b/it' undefined
(Font)              using `TU/NotoSerifLao(0)/b/n' instead on input line 107.

[2
Missing character: There is no ห (U+0E2B) in font NotoSerif:mode=node;script=l
atn;language=dflt;+tlig;family=rm;!
Missing character: There is no ล (U+0E25) in font NotoSerif:mode=node;script=l
atn;language=dflt;+tlig;family=rm;!
Missing character: There is no า (U+0E32) in font NotoSerif:mode=node;script=l
atn;language=dflt;+tlig;family=rm;!
Missing character: There is no ย (U+0E22) in font NotoSerif:mode=node;script=l
atn;language=dflt;+tlig;family=rm;!
Missing character: There is no ໫ (U+0EEB) in font NotoSerifLao:mode=node;scrip
t=lao;language=dflt;+tlig;family=rm;!
Missing character: There is no ຤ (U+0EA4) in font NotoSerifLao:mode=node;scrip
t=lao;language=dflt;+tlig;family=rm;!
Missing character: There is no ຘ (U+0E98) in font NotoSerifLao:mode=node;scrip
t=lao;language=dflt;+tlig;family=rm;!
]
<marine.jpg, id=65, 2393.94376pt x 1243.64626pt>
File: marine.jpg Graphic file (type jpg)
<use marine.jpg>
Package luatex.def Info: marine.jpg  used on input line 128.
(luatex.def)             Requested size: 496.85625pt x 258.09923pt.
 [3
Missing character: There is no ห (U+0E2B) in font NotoSerif:mode=node;script=l
atn;language=dflt;+tlig;family=rm;!
Missing character: There is no ม (U+0E21) in font NotoSerif:mode=node;script=l
atn;language=dflt;+tlig;family=rm;!
Missing character: There is no ຐ (U+0E90) in font NotoSerifLao/B:mode=node;scr
ipt=lao;language=dflt;+tlig;family=rm;!
Missing character: There is no ຐ (U+0E90) in font NotoSerifLao:mode=node;scrip
t=lao;language=dflt;+tlig;family=rm;!
Missing character: There is no ຐ (U+0E90) in font NotoSerifLao:mode=node;scrip
t=lao;language=dflt;+tlig;family=rm;!
Missing character: There is no ຐ (U+0E90) in font NotoSerifLao:mode=node;scrip
t=lao;language=dflt;+tlig;family=rm;!
<./marine.jpg>]
<tibet.jpg, id=99, 1748.03062pt x 1122.44344pt>
File: tibet.jpg Graphic file (type jpg)
<use tibet.jpg>
Package luatex.def Info: tibet.jpg  used on input line 173.
(luatex.def)             Requested size: 237.13594pt x 152.25978pt.

Underfull \hbox (badness 1152) in paragraph at lines 180--181
\TU/NotoSerif(0)/m/n/10 saltwater and marine fossils, easily discovered
 []

<khafre.jpg, id=108, 1057.9525pt x 693.59125pt>
File: khafre.jpg Graphic file (type jpg)
<use khafre.jpg>
Package luatex.def Info: khafre.jpg  used on input line 184.
(luatex.def)             Requested size: 422.33084pt x 276.88124pt.
[4
Missing character: There is no ษ (U+0E29) in font NotoSerif:mode=node;script=l
atn;language=dflt;+tlig;family=rm;!
Missing character: There is no ຐ (U+0E90) in font NotoSerifLao:mode=node;scrip
t=lao;language=dflt;+tlig;family=rm;!
<./tibet.jpg>]
<shafts.jpg, id=145, 1060.96375pt x 701.62125pt>
File: shafts.jpg Graphic file (type jpg)
<use shafts.jpg>
Package luatex.def Info: shafts.jpg  used on input line 213.
(luatex.def)             Requested size: 422.33084pt x 279.29459pt.
<drawing.jpg, id=150, 3149.7675pt x 1049.9225pt>
File: drawing.jpg Graphic file (type jpg)
<use drawing.jpg>
Package luatex.def Info: drawing.jpg  used on input line 224.
(luatex.def)             Requested size: 496.85625pt x 165.60397pt.

Underfull \vbox (badness 10000) has occurred while \output is active []

 [5
Missing character: There is no ຐ (U+0E90) in font NotoSerifLao:mode=node;scrip
t=lao;language=dflt;+tlig;family=rm;!
<./khafre.jpg>]
Underfull \vbox (badness 10000) has occurred while \output is active []

 [6
Missing character: There is no ຐ (U+0E90) in font NotoSerifLao/B:mode=node;scr
ipt=lao;language=dflt;+tlig;family=rm;!
<./shafts.jpg><./drawing.jpg>]
<laj.jpg, id=185, 983.675pt x 1203.49625pt>
File: laj.jpg Graphic file (type jpg)
<use laj.jpg>
Package luatex.def Info: laj.jpg  used on input line 253.
(luatex.def)             Requested size: 225.27841pt x 275.60466pt.
<meinesz3.jpg, id=188, 1284.8pt x 770.88pt>
File: meinesz3.jpg Graphic file (type jpg)
<use meinesz3.jpg>
Package luatex.def Info: meinesz3.jpg  used on input line 263.
(luatex.def)             Requested size: 237.13594pt x 142.2812pt.
<biodiversity.jpg, id=190, 1284.8pt x 722.7pt>
File: biodiversity.jpg Graphic file (type jpg)
<use biodiversity.jpg>
Package luatex.def Info: biodiversity.jpg  used on input line 273.
(luatex.def)             Requested size: 472.01192pt x 265.50911pt.

Underfull \vbox (badness 1097) has occurred while \output is active []

 [7
Missing character: There is no ຐ (U+0E90) in font NotoSerifLao/B:mode=node;scr
ipt=lao;language=dflt;+tlig;family=rm;!
Missing character: There is no ຐ (U+0E90) in font NotoSerifLao:mode=node;scrip
t=lao;language=dflt;+tlig;family=rm;!
<./laj.jpg><./meinesz3.jpg>]
<dzhani.jpg, id=212, 3191.925pt x 1047.915pt>
File: dzhani.jpg Graphic file (type jpg)
<use dzhani.jpg>
Package luatex.def Info: dzhani.jpg  used on input line 289.
(luatex.def)             Requested size: 447.16759pt x 146.80304pt.
 [8
Missing character: There is no น (U+0E19) in font NotoSerif:mode=node;script=l
atn;language=dflt;+tlig;family=rm;!
Missing character: There is no ั (U+0E31) in font NotoSerif:mode=node;script=l
atn;language=dflt;+tlig;family=rm;!
Missing character: There is no ้ (U+0E49) in font NotoSerif:mode=node;script=l
atn;language=dflt;+tlig;family=rm;!
Missing character: There is no น (U+0E19) in font NotoSerif:mode=node;script=l
atn;language=dflt;+tlig;family=rm;!
Missing character: There is no ຓ (U+0E93) in font NotoSerifLao:mode=node;scrip
t=lao;language=dflt;+tlig;family=rm;!
Missing character: There is no ຉ (U+0E89) in font NotoSerifLao:mode=node;scrip
t=lao;language=dflt;+tlig;family=rm;!
<./biodiversity.jpg>]
<layers.jpg, id=235, 1204.5pt x 677.53125pt>
File: layers.jpg Graphic file (type jpg)
<use layers.jpg>
Package luatex.def Info: layers.jpg  used on input line 304.
(luatex.def)             Requested size: 496.85625pt x 279.48508pt.
<llvp.jpg, id=237, 1163.34625pt x 915.42pt>
File: llvp.jpg Graphic file (type jpg)
<use llvp.jpg>
Package luatex.def Info: llvp.jpg  used on input line 315.
(luatex.def)             Requested size: 237.13594pt x 186.60072pt.

Underfull \hbox (badness 1509) in paragraph at lines 326--327
\TU/NotoSerif(0)/m/n/10 events seem to happen based on historical ac
 []


Underfull \vbox (badness 7030) has occurred while \output is active []

 [9<./dzhani.jpg><./layers.jpg>]
<saa.jpg, id=255, 1627.07875pt x 636.3775pt>
File: saa.jpg Graphic file (type jpg)
<use saa.jpg>
Package luatex.def Info: saa.jpg  used on input line 335.
(luatex.def)             Requested size: 447.16759pt x 174.89268pt.
<npw.jpg, id=260, 1539.7525pt x 1924.18875pt>
File: npw.jpg Graphic file (type jpg)
<use npw.jpg>
Package luatex.def Info: npw.jpg  used on input line 344.
(luatex.def)             Requested size: 237.13594pt x 296.33772pt.
<ocean-highlight.jpg, id=263, 2135.98pt x 2488.29625pt>
File: ocean-highlight.jpg Graphic file (type jpg)
<use ocean-highlight.jpg>
Package luatex.def Info: ocean-highlight.jpg  used on input line 356.
(luatex.def)             Requested size: 237.13594pt x 276.21935pt.
<saa-crop.jpeg, id=278, 1096.095pt x 715.67375pt>
File: saa-crop.jpeg Graphic file (type jpg)
<use saa-crop.jpeg>
Package luatex.def Info: saa-crop.jpeg  used on input line 374.
(luatex.def)             Requested size: 237.13594pt x 154.82784pt.

Underfull \hbox (badness 1082) in paragraph at lines 390--391
\TU/NotoSerif(0)/m/n/10 [[], [], []], Ogyges [[], []], Peru [[], []], Exo
 []

[10
Missing character: There is no ຐ (U+0E90) in font NotoSerifLao:mode=node;scrip
t=lao;language=dflt;+tlig;family=rm;!
<./llvp.jpg>]
Underfull \vbox (badness 10000) has occurred while \output is active []

 [11
Missing character: There is no ຐ (U+0E90) in font NotoSerifLao:mode=node;scrip
t=lao;language=dflt;+tlig;family=rm;!
<./saa.jpg><./npw.jpg><./ocean-highlight.jpg>]
Overfull \hbox (158.59404pt too wide) in paragraph at lines 400--401
\TU/NotoSerifLao(0)/m/it/10 ແຕ່\TU/NotoSerif(0)/m/it/10  \TU/NotoSerifLao
(0)/m/it/10 ຄວາມ\TU/NotoSerif(0)/m/it/10  \TU/NotoSerifLao(0)/m/it/10 
ຈິງ\TU/NotoSerif(0)/m/it/10  \TU/NotoSerifLao(0)/m/it/10 ແມ່ນ\TU/
NotoSerif(0)/m/it/10  \TU/NotoSerifLao(0)/m/it/10 ໃນ\TU/NotoSerif(0)/m/it/1
0  \TU/NotoSerifLao(0)/m/it/10 ການ\TU/NotoSerif(0)/m/it/10  \TU/NotoSerif
Lao(0)/m/it/10 ເກີດ\TU/NotoSerif(0)/m/it/10  \TU/NotoSerifLao(0)/m/it/1
0 ຂອງ\TU/NotoSerif(0)/m/it/10  \TU/NotoSerifLao(0)/m/it/10 ການ\TU/N
otoSerif(0)/m/it/10  \TU/NotoSerifLao(0)/m/it/10 ເຄື󰀆ອນ\TU/NotoSer
if(0)/m/it/10  \TU/NotoSerifLao(0)/m/it/10 ຂອງ\TU/NotoSerif(0)/m/it/10  \
TU/NotoSerifLao(0)/m/it/10 ດາວ\TU/NotoSerif(0)/m/it/10  \TU/NotoSerifLao(
0)/m/it/10 ເຄື󰀆ອນ\TU/NotoSerif(0)/m/it/10  \TU/NotoSerifLao(0)/m/i
t/10 ຮອບ\TU/NotoSerif(0)/m/it/10  \TU/NotoSerifLao(0)/m/it/10 ໂລກ\T
U/NotoSerif(0)/m/it/10  \TU/NotoSerifLao(0)/m/it/10 ແລະ\TU/NotoSerif(0)/m
/it/10  \TU/NotoSerifLao(0)/m/it/10 ການ\TU/NotoSerif(0)/m/it/10  \TU/Noto
SerifLao(0)/m/it/10 ຖືກ\TU/NotoSerif(0)/m/it/10  \TU/NotoSerifLao(0)/m/it
/10 ທໍາລາຍ\TU/NotoSerif(0)/m/it/10  \TU/NotoSerifLao(0)/m/it/10 
ເທິງ\TU/NotoSerif(0)/m/it/10  \TU/NotoSerifLao(0)/m/it/10 ໂລກ\TU/
NotoSerif(0)/m/it/10  \TU/NotoSerifLao(0)/m/it/10 ໂດຍ\TU/NotoSerif(0)/m/i
t/10   \TU/NotoSerifLao(0)/m/it/10 ໄຟ\TU/NotoSerif(0)/m/it/10  \TU/NotoSeri
fLao(0)/m/it/10 ຕ່າງ\TU/NotoSerif(0)/m/it/10  \TU/NotoSerifLao(0)/m/it/
10 ໆ\TU/NotoSerif(0)/m/it/10 ,
 []


Underfull \vbox (badness 10000) has occurred while \output is active []

 [12
Missing character: There is no ຏ (U+0E8F) in font NotoSerifLao:mode=node;scrip
t=lao;language=dflt;+tlig;family=rm;!
Missing character: There is no ึ (U+0E36) in font NotoSerif/I:mode=node;script
=latn;language=dflt;+tlig;family=rm;!
Missing character: There is no ก (U+0E01) in font NotoSerif/I:mode=node;script
=latn;language=dflt;+tlig;family=rm;!
Missing character: There is no ຐ (U+0E90) in font NotoSerifLao:mode=node;scrip
t=lao;language=dflt;+tlig;family=rm;!
Missing character: There is no ⚶ (U+26B6) in font NotoSerif/I:mode=node;script
=latn;language=dflt;+tlig;family=rm;!
<./saa-crop.jpeg>] [13

]
<wave.jpg, id=371, 754.82pt x 1057.9525pt>
File: wave.jpg Graphic file (type jpg)
<use wave.jpg>
Package luatex.def Info: wave.jpg  used on input line 420.
(luatex.def)             Requested size: 237.13594pt x 332.36893pt.
<star-stone.jpg, id=374, 722.7pt x 1116.17pt>
File: star-stone.jpg Graphic file (type jpg)
<use star-stone.jpg>
Package luatex.def Info: star-stone.jpg  used on input line 429.
(luatex.def)             Requested size: 237.13594pt x 366.24239pt.

Overfull \hbox (3.962pt too wide) in paragraph at lines 431--431
[]\TU/NotoSerif(0)/m/n/9 Figure 18. []\TU/NotoSerifLao(0)/m/n/9 ແຜນທ
ີ󰀆ດາວທີ󰀆ຖືກແກະສະຫວ່າງໃນຫິ
ນຢູ󰀔ໃນຫໍ່ໜຶ󰀆ງຂອງພິຣາມິດ
 []


Underfull \vbox (badness 10000) has occurred while \output is active []

<deepsea.jpg, id=377, 708.6475pt x 620.3175pt>
File: deepsea.jpg Graphic file (type jpg)
<use deepsea.jpg>
Package luatex.def Info: deepsea.jpg  used on input line 439.
(luatex.def)             Requested size: 496.85625pt x 434.92918pt.

Underfull \hbox (badness 2409) in paragraph at lines 441--441
[]\TU/NotoSerif(0)/m/n/9 Figure 19. []\TU/NotoSerifLao(0)/m/n/9 ພາບທ
ັດລັກຂອງຄວາມຜິດປ󰀐ກກະຕິການ
ຮ້ອນໃນມະຫາສະມຸດລຶກແລະອາບິສ
ຊາລທີ󰀆ເທ󰀟ບກັບຄວາມຮ້ອນຕາມປ
󰀐ກກະຕິຂອງອາກາດ\TU/NotoSerif(0)/m/n/9 -\TU/NotoSeri
fLao(0)/m/n/9 ມະຫາສະມຸດ\TU/NotoSerif(0)/m/n/9 .
 []

<sealevel.jpeg, id=384, 1204.5pt x 1326.9575pt>
File: sealevel.jpeg Graphic file (type jpg)
<use sealevel.jpeg>
Package luatex.def Info: sealevel.jpeg  used on input line 447.
(luatex.def)             Requested size: 496.85625pt x 547.37672pt.
<co2.jpg, id=389, 2360.82pt x 1026.83624pt>
File: co2.jpg Graphic file (type jpg)
<use co2.jpg>
Package luatex.def Info: co2.jpg  used on input line 456.
(luatex.def)             Requested size: 496.85625pt x 216.09634pt.
<ice.jpg, id=394, 2359.81625pt x 1030.85126pt>
File: ice.jpg Graphic file (type jpg)
<use ice.jpg>
Package luatex.def Info: ice.jpg  used on input line 465.
(luatex.def)             Requested size: 496.85625pt x 217.03568pt.
[14


<./wave.jpg><./star-stone.jpg>] [15<./deepsea.jpg>] [16<./sealevel.jpeg>]
[17<./co2.jpg><./ice.jpg>] (./1lao41.bbl
Underfull \hbox (badness 1490) in paragraph at lines 27--33
\TU/NotoSerif(0)/m/n/9 rafting, ocean and atmospheric circulation dur
 []


Underfull \hbox (badness 1552) in paragraph at lines 45--50
[]\TU/NotoSerif(0)/m/n/9 U. R. Christensen.  Geodynamo models: Tools
 []


Underfull \hbox (badness 2799) in paragraph at lines 52--55
[]\TU/NotoSerif(0)/m/n/9 Climate Change Institute, University of Maine.
 []


Underfull \hbox (badness 2644) in paragraph at lines 77--83
[]\TU/NotoSerif(0)/m/n/9 D. G. Desbruyères, S. G. Purkey, E. L. McDon
 []


Underfull \hbox (badness 4940) in paragraph at lines 77--83
\TU/NotoSerif(0)/m/n/9 agh, G. C. Johnson, and B. A. King.  Deep
 []


Underfull \hbox (badness 1715) in paragraph at lines 102--105
[]\TU/NotoSerif(0)/m/n/9 A. Emery.  Unlocking ice-flow pathways using
 []


Underfull \hbox (badness 10000) in paragraph at lines 139--143
\TU/NotoSerif(0)/m/n/9 science-forum/mystery-mammoth-and-
 []


Underfull \hbox (badness 1859) in paragraph at lines 152--157
[]\TU/NotoSerif(0)/m/n/9 F. Josephus.  \TU/NotoSerif(0)/m/it/9 Antiquities of th
e Jews\TU/NotoSerif(0)/m/n/9 .  Project
 []


Underfull \hbox (badness 10000) in paragraph at lines 165--170
[]\TU/NotoSerif(0)/m/n/9 Junho.  Ecdo kmls.  []$\TU/pcr/m/n/9 https://github.com
/
 []


Underfull \hbox (badness 10000) in paragraph at lines 165--170
\TU/pcr/m/n/9 sovrynn/ecdo/tree/master/5-[]TOOLS-[]DEV/dev/
 []


Underfull \hbox (badness 1189) in paragraph at lines 172--175
[]\TU/NotoSerif(0)/m/n/9 Junho.  Ecdo github research repository, 2024.
 []


Underfull \hbox (badness 10000) in paragraph at lines 177--181
[]\TU/NotoSerif(0)/m/n/9 Junho.  Egypt cataclysm chronology, 2025.
 []


Underfull \hbox (badness 10000) in paragraph at lines 177--181
\TU/NotoSerif(0)/m/n/9 https://github.com/sovrynn/ecdo/tree/mas
 []


Underfull \hbox (badness 10000) in paragraph at lines 177--181
\TU/NotoSerif(0)/m/n/9 ter/1-EVIDENCE/cataclysm-chronology/middle-
 []


Underfull \hbox (badness 2556) in paragraph at lines 188--192
[]\TU/NotoSerif(0)/m/n/9 D. Koutsoyiannis, N. Mamassis, A. Efstratiadis,
 []


Underfull \hbox (badness 10000) in paragraph at lines 200--205
\TU/NotoSerif(0)/m/n/9 globally-averaged co2 determined from noaa
 []


Underfull \hbox (badness 10000) in paragraph at lines 200--205
\TU/NotoSerif(0)/m/n/9 global monitoring laboratory measurements.
 []


Underfull \hbox (badness 10000) in paragraph at lines 200--205
[]$\TU/pcr/m/n/9 https://gml.noaa.gov/ccgg/trends/gl_data.html$[]\TU/NotoSerif(
0)/m/n/9 ,
 []

[18


]
Underfull \hbox (badness 2865) in paragraph at lines 207--213
\TU/NotoSerif(0)/m/n/9 son, M. Finlayson, T. Gumbricht, L. Hilarides,
 []


Underfull \hbox (badness 10000) in paragraph at lines 231--234
[]\TU/NotoSerif(0)/m/n/9 N. Maestri.  Chalchiuhtlicue - aztec god
 []


Underfull \hbox (badness 10000) in paragraph at lines 231--234
\TU/NotoSerif(0)/m/n/9 dess of lakes, streams, and oceans, 2023.
 []


Underfull \hbox (badness 10000) in paragraph at lines 236--240
[]$\TU/pcr/m/n/9 https://www.djmcadam.com/scheme-[]peruvian.html$[]\TU/NotoSeri
f(0)/m/n/9 .
 []


Underfull \hbox (badness 10000) in paragraph at lines 334--339
[]\TU/NotoSerif(0)/m/n/9 T. E. Skeptic.  Exothermic core-mantle de
 []


Underfull \hbox (badness 10000) in paragraph at lines 334--339
\TU/NotoSerif(0)/m/n/9 coupling – dzhanibekov oscillation (ecdo)
 []


Underfull \hbox (badness 10000) in paragraph at lines 334--339
\TU/NotoSerif(0)/m/n/9 hypothesis, 2024.  https://theethicalskep
 []


Underfull \hbox (badness 10000) in paragraph at lines 334--339
\TU/NotoSerif(0)/m/n/9 tic.com/2024/05/12/exothermic-core-mantle-
 []


Underfull \hbox (badness 10000) in paragraph at lines 334--339
\TU/NotoSerif(0)/m/n/9 decoupling-dzhanibekov-oscillation-ecdo-
 []


Underfull \hbox (badness 5147) in paragraph at lines 341--344
[]\TU/NotoSerif(0)/m/n/9 T. E. Skeptic.  Hidden in plain sight, 2024.
 []


Underfull \hbox (badness 10000) in paragraph at lines 341--344
\TU/NotoSerif(0)/m/n/9 https://theethicalskeptic.com/2023/12/18/hidden-
 []


Underfull \hbox (badness 10000) in paragraph at lines 346--351
\TU/NotoSerif(0)/m/n/9 https://theethicalskeptic.com/2024/05/23/master-
 []


Underfull \hbox (badness 10000) in paragraph at lines 346--351
\TU/NotoSerif(0)/m/n/9 exothermic-core-mantle-decoupling-dzhanibekov-
 []


Underfull \hbox (badness 10000) in paragraph at lines 353--359
[]\TU/NotoSerif(0)/m/n/9 sovrynn.  Evolving concepts in distributed
 []


Underfull \hbox (badness 10000) in paragraph at lines 353--359
\TU/NotoSerif(0)/m/n/9 organizations: Foundation theory.  []$\TU/pcr/m/n/9 https
:
 []


Underfull \hbox (badness 10000) in paragraph at lines 353--359
\TU/pcr/m/n/9 //github.com/sovrynn/ecdo/tree/master/
 []


Underfull \hbox (badness 10000) in paragraph at lines 353--359
\TU/pcr/m/n/9 0-[]FOUNDATION-[]THEORY/s2#duration$[]\TU/NotoSerif(0)/m/n/9 , 202
5.
 []


Underfull \hbox (badness 3439) in paragraph at lines 372--376
[]\TU/NotoSerif(0)/m/n/9 M. Staubwasser and H. Weiss.  Holocene cli
 []


Underfull \hbox (badness 10000) in paragraph at lines 372--376
\TU/NotoSerif(0)/m/n/9 mate and cultural evolution in late prehis
 []

[19]
Underfull \hbox (badness 4156) in paragraph at lines 416--421
[]\TU/NotoSerif(0)/m/n/9 Z. Wang.  A critical analysis of the role of
 []


Underfull \hbox (badness 1043) in paragraph at lines 416--421
\TU/NotoSerif(0)/m/it/9 Journal of Education, Humanities and Social Sci
 []


Underfull \hbox (badness 1377) in paragraph at lines 441--444
[]\TU/NotoSerif(0)/m/n/9 Wikibooks.  Chinese stories/nüwa.  []$\TU/pcr/m/n/9 ht
tps://en.
 []


Underfull \hbox (badness 4967) in paragraph at lines 451--454
[]\TU/NotoSerif(0)/m/n/9 Wikipedia.  Great pyramid of giza.  []$\TU/pcr/m/n/9 ht
tps:
 []


Underfull \hbox (badness 10000) in paragraph at lines 451--454
\TU/pcr/m/n/9 //en.wikipedia.org/wiki/Great_Pyramid_of_Giza#
 []

) [20

] (./1lao41.aux)
 ***********
LaTeX2e <2023-11-01> patch level 1
L3 programming layer <2024-01-22>
 ***********


LaTeX Font Warning: Some font shapes were not available, defaults substituted.


LaTeX Warning: There were multiply-defined labels.

)

Here is how much of LuaTeX's memory you used:
 14762 strings out of 476553
 305296,1977958 words of node,token memory allocated
 156981 words of node memory still in use:
   6 hlist, 2 vlist, 2 rule, 9197 disc, 2 glue, 4 kern, 1 glyph, 18427 attribute
, 54 glue_spec, 9215 attribute_list, 1 write, 10 pdf_action nodes
   avail lists: 1:3,2:6134,3:636,4:150,5:327,6:68,7:14009,8:76,9:523,10:32,11:75
4
 36267 multiletter control sequences out of 65536+600000
 115 fonts using 22277263 bytes
 80i,9n,97p,6742b,539s stack positions out of 10000i,1000n,20000p,200000b,200000s
</usr/share/fonts/truetype/noto/NotoSerif-BoldItalic.ttf></usr/share/fonts/truet
ype/noto/NotoSerif-Italic.ttf></usr/share/texmf/fonts/opentype/public/lm/lmroman
9-regular.otf></usr/share/fonts/truetype/noto/NotoSerifLao-Regular.ttf></usr/sha
re/fonts/truetype/noto/NotoSerif-Regular.ttf></usr/share/fonts/truetype/noto/Not
oSerif-Bold.ttf></usr/share/fonts/truetype/noto/NotoSerifLao-Bold.ttf></usr/shar
e/texlive/texmf-dist/fonts/type1/public/amsfonts/cm/cmmi10.pfb></usr/share/texli
ve/texmf-dist/fonts/type1/public/amsfonts/cm/cmmi9.pfb></usr/share/texlive/texmf
-dist/fonts/type1/public/amsfonts/cm/cmr7.pfb>
Output written on 1lao41.pdf (20 pages, 7337911 bytes).

PDF statistics: 530 PDF objects out of 1000 (max. 8388607)
 434 compressed objects within 5 object streams
 147 named destinations out of 1000 (max. 131072)
 1 words of extra memory for PDF output out of 10000 (max. 100000000)

