This is pdfTeX, Version 3.141592653-2.6-1.40.25 (TeX Live 2023/Debian) (preloaded format=pdflatex 2025.6.25)  25 JUN 2025 23:08
entering extended mode
 restricted \write18 enabled.
 %&-line parsing enabled.
**1russian41.tex
(./1russian41.tex
LaTeX2e <2023-11-01> patch level 1
L3 programming layer <2024-01-22>
(/usr/share/texlive/texmf-dist/tex/latex/base/article.cls
Document Class: article 2023/05/17 v1.4n Standard LaTeX document class
(/usr/share/texlive/texmf-dist/tex/latex/base/size10.clo
File: size10.clo 2023/05/17 v1.4n Standard LaTeX file (size option)
)
\c@part=\count187
\c@section=\count188
\c@subsection=\count189
\c@subsubsection=\count190
\c@paragraph=\count191
\c@subparagraph=\count192
\c@figure=\count193
\c@table=\count194
\abovecaptionskip=\skip48
\belowcaptionskip=\skip49
\bibindent=\dimen140
)
(/usr/share/texlive/texmf-dist/tex/latex/booktabs/booktabs.sty
Package: booktabs 2020/01/12 v1.61803398 Publication quality tables
\heavyrulewidth=\dimen141
\lightrulewidth=\dimen142
\cmidrulewidth=\dimen143
\belowrulesep=\dimen144
\belowbottomsep=\dimen145
\aboverulesep=\dimen146
\abovetopsep=\dimen147
\cmidrulesep=\dimen148
\cmidrulekern=\dimen149
\defaultaddspace=\dimen150
\@cmidla=\count195
\@cmidlb=\count196
\@aboverulesep=\dimen151
\@belowrulesep=\dimen152
\@thisruleclass=\count197
\@lastruleclass=\count198
\@thisrulewidth=\dimen153
)
(/usr/share/texlive/texmf-dist/tex/latex/sttools/stfloats.sty
Package: stfloats 2017/03/27 v3.3 Improve float mechanism and baselineskip sett
ings
\@dblbotnum=\count199
\c@dblbotnumber=\count266
)
(/usr/share/texlive/texmf-dist/tex/latex/float/float.sty
Package: float 2001/11/08 v1.3d Float enhancements (AL)
\c@float@type=\count267
\float@exts=\toks17
\float@box=\box51
\@float@everytoks=\toks18
\@floatcapt=\box52
)
(/usr/share/texlive/texmf-dist/tex/latex/base/fontenc.sty
Package: fontenc 2021/04/29 v2.0v Standard LaTeX package

(/usr/share/texlive/texmf-dist/tex/latex/cyrillic/t2aenc.def
File: t2aenc.def 2022/06/11 v1.0j Cyrillic encoding definition file
Now handling font encoding T2A ...
... processing UTF-8 mapping file for font encoding T2A

(/usr/share/texlive/texmf-dist/tex/latex/base/t2aenc.dfu
File: t2aenc.dfu 2022/06/07 v1.3c UTF-8 support
   defining Unicode char U+00A4 (decimal 164)
   defining Unicode char U+00A7 (decimal 167)
   defining Unicode char U+00AB (decimal 171)
   defining Unicode char U+00BB (decimal 187)
   defining Unicode char U+0131 (decimal 305)
   defining Unicode char U+0237 (decimal 567)
   defining Unicode char U+0400 (decimal 1024)
   defining Unicode char U+0401 (decimal 1025)
   defining Unicode char U+0402 (decimal 1026)
   defining Unicode char U+0403 (decimal 1027)
   defining Unicode char U+0404 (decimal 1028)
   defining Unicode char U+0405 (decimal 1029)
   defining Unicode char U+0406 (decimal 1030)
   defining Unicode char U+0407 (decimal 1031)
   defining Unicode char U+0408 (decimal 1032)
   defining Unicode char U+0409 (decimal 1033)
   defining Unicode char U+040A (decimal 1034)
   defining Unicode char U+040B (decimal 1035)
   defining Unicode char U+040C (decimal 1036)
   defining Unicode char U+040D (decimal 1037)
   defining Unicode char U+040E (decimal 1038)
   defining Unicode char U+040F (decimal 1039)
   defining Unicode char U+0410 (decimal 1040)
   defining Unicode char U+0411 (decimal 1041)
   defining Unicode char U+0412 (decimal 1042)
   defining Unicode char U+0413 (decimal 1043)
   defining Unicode char U+0414 (decimal 1044)
   defining Unicode char U+0415 (decimal 1045)
   defining Unicode char U+0416 (decimal 1046)
   defining Unicode char U+0417 (decimal 1047)
   defining Unicode char U+0418 (decimal 1048)
   defining Unicode char U+0419 (decimal 1049)
   defining Unicode char U+041A (decimal 1050)
   defining Unicode char U+041B (decimal 1051)
   defining Unicode char U+041C (decimal 1052)
   defining Unicode char U+041D (decimal 1053)
   defining Unicode char U+041E (decimal 1054)
   defining Unicode char U+041F (decimal 1055)
   defining Unicode char U+0420 (decimal 1056)
   defining Unicode char U+0421 (decimal 1057)
   defining Unicode char U+0422 (decimal 1058)
   defining Unicode char U+0423 (decimal 1059)
   defining Unicode char U+0424 (decimal 1060)
   defining Unicode char U+0425 (decimal 1061)
   defining Unicode char U+0426 (decimal 1062)
   defining Unicode char U+0427 (decimal 1063)
   defining Unicode char U+0428 (decimal 1064)
   defining Unicode char U+0429 (decimal 1065)
   defining Unicode char U+042A (decimal 1066)
   defining Unicode char U+042B (decimal 1067)
   defining Unicode char U+042C (decimal 1068)
   defining Unicode char U+042D (decimal 1069)
   defining Unicode char U+042E (decimal 1070)
   defining Unicode char U+042F (decimal 1071)
   defining Unicode char U+0430 (decimal 1072)
   defining Unicode char U+0431 (decimal 1073)
   defining Unicode char U+0432 (decimal 1074)
   defining Unicode char U+0433 (decimal 1075)
   defining Unicode char U+0434 (decimal 1076)
   defining Unicode char U+0435 (decimal 1077)
   defining Unicode char U+0436 (decimal 1078)
   defining Unicode char U+0437 (decimal 1079)
   defining Unicode char U+0438 (decimal 1080)
   defining Unicode char U+0439 (decimal 1081)
   defining Unicode char U+043A (decimal 1082)
   defining Unicode char U+043B (decimal 1083)
   defining Unicode char U+043C (decimal 1084)
   defining Unicode char U+043D (decimal 1085)
   defining Unicode char U+043E (decimal 1086)
   defining Unicode char U+043F (decimal 1087)
   defining Unicode char U+0440 (decimal 1088)
   defining Unicode char U+0441 (decimal 1089)
   defining Unicode char U+0442 (decimal 1090)
   defining Unicode char U+0443 (decimal 1091)
   defining Unicode char U+0444 (decimal 1092)
   defining Unicode char U+0445 (decimal 1093)
   defining Unicode char U+0446 (decimal 1094)
   defining Unicode char U+0447 (decimal 1095)
   defining Unicode char U+0448 (decimal 1096)
   defining Unicode char U+0449 (decimal 1097)
   defining Unicode char U+044A (decimal 1098)
   defining Unicode char U+044B (decimal 1099)
   defining Unicode char U+044C (decimal 1100)
   defining Unicode char U+044D (decimal 1101)
   defining Unicode char U+044E (decimal 1102)
   defining Unicode char U+044F (decimal 1103)
   defining Unicode char U+0450 (decimal 1104)
   defining Unicode char U+0451 (decimal 1105)
   defining Unicode char U+0452 (decimal 1106)
   defining Unicode char U+0453 (decimal 1107)
   defining Unicode char U+0454 (decimal 1108)
   defining Unicode char U+0455 (decimal 1109)
   defining Unicode char U+0456 (decimal 1110)
   defining Unicode char U+0457 (decimal 1111)
   defining Unicode char U+0458 (decimal 1112)
   defining Unicode char U+0459 (decimal 1113)
   defining Unicode char U+045A (decimal 1114)
   defining Unicode char U+045B (decimal 1115)
   defining Unicode char U+045C (decimal 1116)
   defining Unicode char U+045D (decimal 1117)
   defining Unicode char U+045E (decimal 1118)
   defining Unicode char U+045F (decimal 1119)
   defining Unicode char U+0490 (decimal 1168)
   defining Unicode char U+0491 (decimal 1169)
   defining Unicode char U+0492 (decimal 1170)
   defining Unicode char U+0493 (decimal 1171)
   defining Unicode char U+0496 (decimal 1174)
   defining Unicode char U+0497 (decimal 1175)
   defining Unicode char U+0498 (decimal 1176)
   defining Unicode char U+0499 (decimal 1177)
   defining Unicode char U+049A (decimal 1178)
   defining Unicode char U+049B (decimal 1179)
   defining Unicode char U+049C (decimal 1180)
   defining Unicode char U+049D (decimal 1181)
   defining Unicode char U+04A0 (decimal 1184)
   defining Unicode char U+04A1 (decimal 1185)
   defining Unicode char U+04A2 (decimal 1186)
   defining Unicode char U+04A3 (decimal 1187)
   defining Unicode char U+04A4 (decimal 1188)
   defining Unicode char U+04A5 (decimal 1189)
   defining Unicode char U+04AA (decimal 1194)
   defining Unicode char U+04AB (decimal 1195)
   defining Unicode char U+04AE (decimal 1198)
   defining Unicode char U+04AF (decimal 1199)
   defining Unicode char U+04B0 (decimal 1200)
   defining Unicode char U+04B1 (decimal 1201)
   defining Unicode char U+04B2 (decimal 1202)
   defining Unicode char U+04B3 (decimal 1203)
   defining Unicode char U+04B6 (decimal 1206)
   defining Unicode char U+04B7 (decimal 1207)
   defining Unicode char U+04B8 (decimal 1208)
   defining Unicode char U+04B9 (decimal 1209)
   defining Unicode char U+04BA (decimal 1210)
   defining Unicode char U+04BB (decimal 1211)
   defining Unicode char U+04C0 (decimal 1216)
   defining Unicode char U+04C1 (decimal 1217)
   defining Unicode char U+04C2 (decimal 1218)
   defining Unicode char U+04D0 (decimal 1232)
   defining Unicode char U+04D1 (decimal 1233)
   defining Unicode char U+04D2 (decimal 1234)
   defining Unicode char U+04D3 (decimal 1235)
   defining Unicode char U+04D4 (decimal 1236)
   defining Unicode char U+04D5 (decimal 1237)
   defining Unicode char U+04D6 (decimal 1238)
   defining Unicode char U+04D7 (decimal 1239)
   defining Unicode char U+04D8 (decimal 1240)
   defining Unicode char U+04D9 (decimal 1241)
   defining Unicode char U+04DA (decimal 1242)
   defining Unicode char U+04DB (decimal 1243)
   defining Unicode char U+04DC (decimal 1244)
   defining Unicode char U+04DD (decimal 1245)
   defining Unicode char U+04DE (decimal 1246)
   defining Unicode char U+04DF (decimal 1247)
   defining Unicode char U+04E2 (decimal 1250)
   defining Unicode char U+04E3 (decimal 1251)
   defining Unicode char U+04E4 (decimal 1252)
   defining Unicode char U+04E5 (decimal 1253)
   defining Unicode char U+04E6 (decimal 1254)
   defining Unicode char U+04E7 (decimal 1255)
   defining Unicode char U+04E8 (decimal 1256)
   defining Unicode char U+04E9 (decimal 1257)
   defining Unicode char U+04EC (decimal 1260)
   defining Unicode char U+04ED (decimal 1261)
   defining Unicode char U+04EE (decimal 1262)
   defining Unicode char U+04EF (decimal 1263)
   defining Unicode char U+04F0 (decimal 1264)
   defining Unicode char U+04F1 (decimal 1265)
   defining Unicode char U+04F2 (decimal 1266)
   defining Unicode char U+04F3 (decimal 1267)
   defining Unicode char U+04F4 (decimal 1268)
   defining Unicode char U+04F5 (decimal 1269)
   defining Unicode char U+04F8 (decimal 1272)
   defining Unicode char U+04F9 (decimal 1273)
   defining Unicode char U+200C (decimal 8204)
   defining Unicode char U+2013 (decimal 8211)
   defining Unicode char U+2014 (decimal 8212)
   defining Unicode char U+2018 (decimal 8216)
   defining Unicode char U+2019 (decimal 8217)
   defining Unicode char U+201C (decimal 8220)
   defining Unicode char U+201D (decimal 8221)
   defining Unicode char U+201E (decimal 8222)
   defining Unicode char U+2030 (decimal 8240)
   defining Unicode char U+2031 (decimal 8241)
   defining Unicode char U+2116 (decimal 8470)
   defining Unicode char U+2329 (decimal 9001)
   defining Unicode char U+3008 (decimal 12296)
   defining Unicode char U+232A (decimal 9002)
   defining Unicode char U+3009 (decimal 12297)
   defining Unicode char U+2423 (decimal 9251)
   defining Unicode char U+27E8 (decimal 10216)
   defining Unicode char U+27E9 (decimal 10217)
   defining Unicode char U+FB00 (decimal 64256)
   defining Unicode char U+FB01 (decimal 64257)
   defining Unicode char U+FB02 (decimal 64258)
   defining Unicode char U+FB03 (decimal 64259)
   defining Unicode char U+FB04 (decimal 64260)
   defining Unicode char U+FB05 (decimal 64261)
   defining Unicode char U+FB06 (decimal 64262)
))
LaTeX Font Info:    Trying to load font information for T2A+cmr on input line 1
12.

(/usr/share/texlive/texmf-dist/tex/latex/cyrillic/t2acmr.fd
File: t2acmr.fd 2001/08/11 v1.0a Computer Modern Cyrillic font definitions
))
(/usr/share/texlive/texmf-dist/tex/latex/base/inputenc.sty
Package: inputenc 2021/02/14 v1.3d Input encoding file
\inpenc@prehook=\toks19
\inpenc@posthook=\toks20
)
(/usr/share/texlive/texmf-dist/tex/generic/babel/babel.sty
Package: babel 2024/01/07 v24.1 The Babel package
\babel@savecnt=\count268
\U@D=\dimen154
\l@unhyphenated=\language38

(/usr/share/texlive/texmf-dist/tex/generic/babel/txtbabel.def)
\bbl@readstream=\read2
\bbl@dirlevel=\count269

(/usr/share/texlive/texmf-dist/tex/generic/babel-russian/russianb.ldf
File: russianb.ldf 2021/01/10 1.3m Russian support for the Babel system
Language: russian 2020/09/09 1.3k Russian support for the Babel system
Package babel Info: Making " an active character on input line 124.
Package babel Info: Default for \cyrdash is provided on input line 163.
))
(/usr/share/texlive/texmf-dist/tex/generic/babel/locale/ru/babel-russian.tex
Package babel Info: Importing font and identification data for russian
(babel)             from babel-ru.ini. Reported on input line 11.
)
(./cvpr.sty (./eso-pic.sty
Package: eso-pic 2002/11/16 v1.1b eso-pic (RN)
 (./cvpr_eso.sty

LaTeX Warning: You have requested package `eso-pic',
               but the package provides `everyshi'.

Package: everyshi 2001/05/15 v3.00 EveryShipout Package (MS)
) (/usr/share/texlive/texmf-dist/tex/latex/graphics/keyval.sty
Package: keyval 2022/05/29 v1.15 key=value parser (DPC)
\KV@toks@=\toks21
))
(/usr/share/texlive/texmf-dist/tex/latex/tools/xspace.sty
Package: xspace 2014/10/28 v1.13 Space after command names (DPC,MH)
)
CVPR 8.5 x 11-Inch Proceedings Style `cvpr.sty'.
\@ctmp=\skip50
\@figindent=\skip51
\cvprrulerbox=\box53
\cvprrulercount=\count270
\cvprruleroffset=\dimen155
\cv@lineheight=\dimen156
\cv@boxheight=\dimen157
\cv@tmpbox=\box54
\cv@refno=\count271
\cv@tot=\count272
\cv@tmpc@=\count273
\cv@tmpc=\count274
) (/usr/share/texlive/texmf-dist/tex/latex/psnfss/times.sty
Package: times 2020/03/25 PSNFSS-v9.3 (SPQR) 
)
(/usr/share/texlive/texmf-dist/tex/latex/graphics/epsfig.sty
Package: epsfig 2017/06/25 v1.7b (e)psfig emulation (SPQR)

(/usr/share/texlive/texmf-dist/tex/latex/graphics/graphicx.sty
Package: graphicx 2021/09/16 v1.2d Enhanced LaTeX Graphics (DPC,SPQR)

(/usr/share/texlive/texmf-dist/tex/latex/graphics/graphics.sty
Package: graphics 2022/03/10 v1.4e Standard LaTeX Graphics (DPC,SPQR)

(/usr/share/texlive/texmf-dist/tex/latex/graphics/trig.sty
Package: trig 2021/08/11 v1.11 sin cos tan (DPC)
)
(/usr/share/texlive/texmf-dist/tex/latex/graphics-cfg/graphics.cfg
File: graphics.cfg 2016/06/04 v1.11 sample graphics configuration
)
Package graphics Info: Driver file: pdftex.def on input line 107.

(/usr/share/texlive/texmf-dist/tex/latex/graphics-def/pdftex.def
File: pdftex.def 2022/09/22 v1.2b Graphics/color driver for pdftex
))
\Gin@req@height=\dimen158
\Gin@req@width=\dimen159
)
\epsfxsize=\dimen160
\epsfysize=\dimen161
)
(/usr/share/texlive/texmf-dist/tex/latex/amsmath/amsmath.sty
Package: amsmath 2023/05/13 v2.17o AMS math features
\@mathmargin=\skip52

For additional information on amsmath, use the `?' option.
(/usr/share/texlive/texmf-dist/tex/latex/amsmath/amstext.sty
Package: amstext 2021/08/26 v2.01 AMS text

(/usr/share/texlive/texmf-dist/tex/latex/amsmath/amsgen.sty
File: amsgen.sty 1999/11/30 v2.0 generic functions
\@emptytoks=\toks22
\ex@=\dimen162
))
(/usr/share/texlive/texmf-dist/tex/latex/amsmath/amsbsy.sty
Package: amsbsy 1999/11/29 v1.2d Bold Symbols
\pmbraise@=\dimen163
)
(/usr/share/texlive/texmf-dist/tex/latex/amsmath/amsopn.sty
Package: amsopn 2022/04/08 v2.04 operator names
)
\inf@bad=\count275
LaTeX Info: Redefining \frac on input line 234.
\uproot@=\count276
\leftroot@=\count277
LaTeX Info: Redefining \overline on input line 399.
LaTeX Info: Redefining \colon on input line 410.
\classnum@=\count278
\DOTSCASE@=\count279
LaTeX Info: Redefining \ldots on input line 496.
LaTeX Info: Redefining \dots on input line 499.
LaTeX Info: Redefining \cdots on input line 620.
\Mathstrutbox@=\box55
\strutbox@=\box56
LaTeX Info: Redefining \big on input line 722.
LaTeX Info: Redefining \Big on input line 723.
LaTeX Info: Redefining \bigg on input line 724.
LaTeX Info: Redefining \Bigg on input line 725.
\big@size=\dimen164
LaTeX Font Info:    Redeclaring font encoding OML on input line 743.
LaTeX Font Info:    Redeclaring font encoding OMS on input line 744.
\macc@depth=\count280
LaTeX Info: Redefining \bmod on input line 905.
LaTeX Info: Redefining \pmod on input line 910.
LaTeX Info: Redefining \smash on input line 940.
LaTeX Info: Redefining \relbar on input line 970.
LaTeX Info: Redefining \Relbar on input line 971.
\c@MaxMatrixCols=\count281
\dotsspace@=\muskip16
\c@parentequation=\count282
\dspbrk@lvl=\count283
\tag@help=\toks23
\row@=\count284
\column@=\count285
\maxfields@=\count286
\andhelp@=\toks24
\eqnshift@=\dimen165
\alignsep@=\dimen166
\tagshift@=\dimen167
\tagwidth@=\dimen168
\totwidth@=\dimen169
\lineht@=\dimen170
\@envbody=\toks25
\multlinegap=\skip53
\multlinetaggap=\skip54
\mathdisplay@stack=\toks26
LaTeX Info: Redefining \[ on input line 2953.
LaTeX Info: Redefining \] on input line 2954.
)
(/usr/share/texlive/texmf-dist/tex/latex/amsfonts/amssymb.sty
Package: amssymb 2013/01/14 v3.01 AMS font symbols

(/usr/share/texlive/texmf-dist/tex/latex/amsfonts/amsfonts.sty
Package: amsfonts 2013/01/14 v3.01 Basic AMSFonts support
\symAMSa=\mathgroup4
\symAMSb=\mathgroup5
LaTeX Font Info:    Redeclaring math symbol \hbar on input line 98.
LaTeX Font Info:    Overwriting math alphabet `\mathfrak' in version `bold'
(Font)                  U/euf/m/n --> U/euf/b/n on input line 106.
))
(/usr/share/texlive/texmf-dist/tex/latex/hyperref/hyperref.sty
Package: hyperref 2024-01-20 v7.01h Hypertext links for LaTeX

(/usr/share/texlive/texmf-dist/tex/generic/iftex/iftex.sty
Package: iftex 2022/02/03 v1.0f TeX engine tests
)
(/usr/share/texlive/texmf-dist/tex/latex/kvsetkeys/kvsetkeys.sty
Package: kvsetkeys 2022-10-05 v1.19 Key value parser (HO)
)
(/usr/share/texlive/texmf-dist/tex/generic/kvdefinekeys/kvdefinekeys.sty
Package: kvdefinekeys 2019-12-19 v1.6 Define keys (HO)
)
(/usr/share/texlive/texmf-dist/tex/generic/pdfescape/pdfescape.sty
Package: pdfescape 2019/12/09 v1.15 Implements pdfTeX's escape features (HO)

(/usr/share/texlive/texmf-dist/tex/generic/ltxcmds/ltxcmds.sty
Package: ltxcmds 2023-12-04 v1.26 LaTeX kernel commands for general use (HO)
)
(/usr/share/texlive/texmf-dist/tex/generic/pdftexcmds/pdftexcmds.sty
Package: pdftexcmds 2020-06-27 v0.33 Utility functions of pdfTeX for LuaTeX (HO
)

(/usr/share/texlive/texmf-dist/tex/generic/infwarerr/infwarerr.sty
Package: infwarerr 2019/12/03 v1.5 Providing info/warning/error messages (HO)
)
Package pdftexcmds Info: \pdf@primitive is available.
Package pdftexcmds Info: \pdf@ifprimitive is available.
Package pdftexcmds Info: \pdfdraftmode found.
))
(/usr/share/texlive/texmf-dist/tex/latex/hycolor/hycolor.sty
Package: hycolor 2020-01-27 v1.10 Color options for hyperref/bookmark (HO)
)
(/usr/share/texlive/texmf-dist/tex/latex/auxhook/auxhook.sty
Package: auxhook 2019-12-17 v1.6 Hooks for auxiliary files (HO)
)
(/usr/share/texlive/texmf-dist/tex/latex/hyperref/nameref.sty
Package: nameref 2023-11-26 v2.56 Cross-referencing by name of section

(/usr/share/texlive/texmf-dist/tex/latex/refcount/refcount.sty
Package: refcount 2019/12/15 v3.6 Data extraction from label references (HO)
)
(/usr/share/texlive/texmf-dist/tex/generic/gettitlestring/gettitlestring.sty
Package: gettitlestring 2019/12/15 v1.6 Cleanup title references (HO)

(/usr/share/texlive/texmf-dist/tex/latex/kvoptions/kvoptions.sty
Package: kvoptions 2022-06-15 v3.15 Key value format for package options (HO)
))
\c@section@level=\count287
)
(/usr/share/texlive/texmf-dist/tex/latex/etoolbox/etoolbox.sty
Package: etoolbox 2020/10/05 v2.5k e-TeX tools for LaTeX (JAW)
\etb@tempcnta=\count288
)
\@linkdim=\dimen171
\Hy@linkcounter=\count289
\Hy@pagecounter=\count290

(/usr/share/texlive/texmf-dist/tex/latex/hyperref/pd1enc.def
File: pd1enc.def 2024-01-20 v7.01h Hyperref: PDFDocEncoding definition (HO)
Now handling font encoding PD1 ...
... no UTF-8 mapping file for font encoding PD1
)
(/usr/share/texlive/texmf-dist/tex/generic/intcalc/intcalc.sty
Package: intcalc 2019/12/15 v1.3 Expandable calculations with integers (HO)
)
\Hy@SavedSpaceFactor=\count291

(/usr/share/texlive/texmf-dist/tex/latex/hyperref/puenc.def
File: puenc.def 2024-01-20 v7.01h Hyperref: PDF Unicode definition (HO)
Now handling font encoding PU ...
... no UTF-8 mapping file for font encoding PU
)
Package hyperref Info: Option `unicode' set `true' on input line 3165.
Package hyperref Info: Option `breaklinks' set `true' on input line 4062.
Package hyperref Info: Option `bookmarks' set `false' on input line 4062.
Package hyperref Info: Hyper figures OFF on input line 4179.
Package hyperref Info: Link nesting OFF on input line 4184.
Package hyperref Info: Hyper index ON on input line 4187.
Package hyperref Info: Plain pages OFF on input line 4194.
Package hyperref Info: Backreferencing OFF on input line 4199.
Package hyperref Info: Implicit mode ON; LaTeX internals redefined.
Package hyperref Info: Bookmarks OFF on input line 4452.
\c@Hy@tempcnt=\count292

(/usr/share/texlive/texmf-dist/tex/latex/url/url.sty
\Urlmuskip=\muskip17
Package: url 2013/09/16  ver 3.4  Verb mode for urls, etc.
)
LaTeX Info: Redefining \url on input line 4784.
\XeTeXLinkMargin=\dimen172

(/usr/share/texlive/texmf-dist/tex/generic/bitset/bitset.sty
Package: bitset 2019/12/09 v1.3 Handle bit-vector datatype (HO)

(/usr/share/texlive/texmf-dist/tex/generic/bigintcalc/bigintcalc.sty
Package: bigintcalc 2019/12/15 v1.5 Expandable calculations on big integers (HO
)
))
\Fld@menulength=\count293
\Field@Width=\dimen173
\Fld@charsize=\dimen174
Package hyperref Info: Hyper figures OFF on input line 6063.
Package hyperref Info: Link nesting OFF on input line 6068.
Package hyperref Info: Hyper index ON on input line 6071.
Package hyperref Info: backreferencing OFF on input line 6078.
Package hyperref Info: Link coloring OFF on input line 6083.
Package hyperref Info: Link coloring with OCG OFF on input line 6088.
Package hyperref Info: PDF/A mode OFF on input line 6093.

(/usr/share/texlive/texmf-dist/tex/latex/base/atbegshi-ltx.sty
Package: atbegshi-ltx 2021/01/10 v1.0c Emulation of the original atbegshi
package with kernel methods
)
\Hy@abspage=\count294
\c@Item=\count295
\c@Hfootnote=\count296
)
Package hyperref Info: Driver (autodetected): hpdftex.

(/usr/share/texlive/texmf-dist/tex/latex/hyperref/hpdftex.def
File: hpdftex.def 2024-01-20 v7.01h Hyperref driver for pdfTeX

(/usr/share/texlive/texmf-dist/tex/latex/base/atveryend-ltx.sty
Package: atveryend-ltx 2020/08/19 v1.0a Emulation of the original atveryend pac
kage
with kernel methods
)
\Fld@listcount=\count297
\c@bookmark@seq@number=\count298

(/usr/share/texlive/texmf-dist/tex/latex/rerunfilecheck/rerunfilecheck.sty
Package: rerunfilecheck 2022-07-10 v1.10 Rerun checks for auxiliary files (HO)

(/usr/share/texlive/texmf-dist/tex/generic/uniquecounter/uniquecounter.sty
Package: uniquecounter 2019/12/15 v1.4 Provide unlimited unique counter (HO)
)
Package uniquecounter Info: New unique counter `rerunfilecheck' on input line 2
85.
)
\Hy@SectionHShift=\skip55
)
LaTeX Font Info:    Trying to load font information for T2A+ptm on input line 4
1.
LaTeX Font Info:    No file T2Aptm.fd. on input line 41.


LaTeX Font Warning: Font shape `T2A/ptm/m/n' undefined
(Font)              using `T2A/cmr/m/n' instead on input line 41.

(/usr/share/texlive/texmf-dist/tex/latex/l3backend/l3backend-pdftex.def
File: l3backend-pdftex.def 2024-01-04 L3 backend support: PDF output (pdfTeX)
\l__color_backend_stack_int=\count299
\l__pdf_internal_box=\box57
)
(./1russian41.aux

LaTeX Warning: Label `fig:onecol' multiply defined.


LaTeX Warning: Label `fig:onecol' multiply defined.


LaTeX Warning: Label `fig:onecol' multiply defined.


LaTeX Warning: Label `fig:onecol' multiply defined.


LaTeX Warning: Label `fig:onecol' multiply defined.


LaTeX Warning: Label `fig:onecol' multiply defined.


LaTeX Warning: Label `fig:onecol' multiply defined.


LaTeX Warning: Label `fig:onecol' multiply defined.


LaTeX Warning: Label `fig:onecol' multiply defined.

)
\openout1 = `1russian41.aux'.

LaTeX Font Info:    Checking defaults for OML/cmm/m/it on input line 41.
LaTeX Font Info:    ... okay on input line 41.
LaTeX Font Info:    Checking defaults for OMS/cmsy/m/n on input line 41.
LaTeX Font Info:    ... okay on input line 41.
LaTeX Font Info:    Checking defaults for OT1/cmr/m/n on input line 41.
LaTeX Font Info:    ... okay on input line 41.
LaTeX Font Info:    Checking defaults for T1/cmr/m/n on input line 41.
LaTeX Font Info:    ... okay on input line 41.
LaTeX Font Info:    Checking defaults for TS1/cmr/m/n on input line 41.
LaTeX Font Info:    ... okay on input line 41.
LaTeX Font Info:    Checking defaults for OMX/cmex/m/n on input line 41.
LaTeX Font Info:    ... okay on input line 41.
LaTeX Font Info:    Checking defaults for U/cmr/m/n on input line 41.
LaTeX Font Info:    ... okay on input line 41.
LaTeX Font Info:    Checking defaults for T2A/cmr/m/n on input line 41.
LaTeX Font Info:    ... okay on input line 41.
LaTeX Font Info:    Checking defaults for PD1/pdf/m/n on input line 41.
LaTeX Font Info:    ... okay on input line 41.
LaTeX Font Info:    Checking defaults for PU/pdf/m/n on input line 41.
LaTeX Font Info:    ... okay on input line 41.
LaTeX Info: Redefining \th on input line 41.
 ABD: EveryShipout initializing macros
(/usr/share/texlive/texmf-dist/tex/latex/graphics/color.sty
Package: color 2022/01/06 v1.3d Standard LaTeX Color (DPC)

(/usr/share/texlive/texmf-dist/tex/latex/graphics-cfg/color.cfg
File: color.cfg 2016/01/02 v1.6 sample color configuration
)
Package color Info: Driver file: pdftex.def on input line 149.

(/usr/share/texlive/texmf-dist/tex/latex/graphics/mathcolor.ltx))
(/usr/share/texlive/texmf-dist/tex/context/base/mkii/supp-pdf.mkii
[Loading MPS to PDF converter (version 2006.09.02).]
\scratchcounter=\count300
\scratchdimen=\dimen175
\scratchbox=\box58
\nofMPsegments=\count301
\nofMParguments=\count302
\everyMPshowfont=\toks27
\MPscratchCnt=\count303
\MPscratchDim=\dimen176
\MPnumerator=\count304
\makeMPintoPDFobject=\count305
\everyMPtoPDFconversion=\toks28
) (/usr/share/texlive/texmf-dist/tex/latex/epstopdf-pkg/epstopdf-base.sty
Package: epstopdf-base 2020-01-24 v2.11 Base part for package epstopdf
Package epstopdf-base Info: Redefining graphics rule for `.eps' on input line 4
85.

(/usr/share/texlive/texmf-dist/tex/latex/latexconfig/epstopdf-sys.cfg
File: epstopdf-sys.cfg 2010/07/13 v1.3 Configuration of (r)epstopdf for TeX Liv
e
))
Package hyperref Info: Link coloring OFF on input line 41.


LaTeX Font Warning: Font shape `T2A/ptm/b/n' undefined
(Font)              using `T2A/ptm/m/n' instead on input line 65.

LaTeX Font Info:    Trying to load font information for U+msa on input line 65.

(/usr/share/texlive/texmf-dist/tex/latex/amsfonts/umsa.fd
File: umsa.fd 2013/01/14 v3.01 AMS symbols A
)
LaTeX Font Info:    Trying to load font information for U+msb on input line 65.


(/usr/share/texlive/texmf-dist/tex/latex/amsfonts/umsb.fd
File: umsb.fd 2013/01/14 v3.01 AMS symbols B
)
LaTeX Font Info:    Trying to load font information for T2A+pcr on input line 6
5.
LaTeX Font Info:    No file T2Apcr.fd. on input line 65.


LaTeX Font Warning: Font shape `T2A/pcr/m/n' undefined
(Font)              using `T2A/cmr/m/n' instead on input line 65.


LaTeX Font Warning: Font shape `T2A/ptm/m/it' undefined
(Font)              using `T2A/ptm/m/n' instead on input line 67.

<b.png, id=12, 1497.595pt x 1061.9675pt>
File: b.png Graphic file (type png)
<use b.png>
Package pdftex.def Info: b.png  used on input line 95.
(pdftex.def)             Requested size: 237.13594pt x 168.152pt.

LaTeX Warning: `h' float specifier changed to `ht'.

Missing character: There is no р in font ptmb!
Missing character: There is no р in font ptmb!
Missing character: There is no р in font ptmb!
Missing character: There is no р in font ptmb!

LaTeX Font Warning: Font shape `T2A/ptm/b/it' undefined
(Font)              using `T2A/ptm/b/n' instead on input line 106.

[1{/var/lib/texmf/fonts/map/pdftex/updmap/pdftex.map}


{/usr/share/texlive/texmf-dist/fonts/enc/dvips/base/8r.enc}]
Underfull \hbox (badness 1226) in paragraph at lines 108--111
\T2A/ptm/b/it/10 ди-оз-ный мас-штаб на-вод-не-ний, рас-ска-зы-вая, как
 []

Missing character: There is no р in font ptmb!
Missing character: There is no р in font ptmb!
[2 <./b.png>]
Missing character: There is no р in font ptmb!
Missing character: There is no ж in font ptmb!
Missing character: There is no ч in font ptmb!
Missing character: There is no ч in font ptmb!
Missing character: There is no р in font ptmb!
Missing character: There is no р in font ptmb!
<marine.jpg, id=60, 2393.94376pt x 1243.64626pt>
File: marine.jpg Graphic file (type jpg)
<use marine.jpg>
Package pdftex.def Info: marine.jpg  used on input line 127.
(pdftex.def)             Requested size: 496.85625pt x 258.09923pt.
Missing character: There is no ч in font ptmb!
Missing character: There is no р in font ptmb!
Missing character: There is no р in font ptmb!

Underfull \hbox (badness 1067) in paragraph at lines 135--136
\T2A/ptm/b/it/10 ко-то-рые ча-сто со-про-вож-да-лись дру-ги-ми ви-да-ми
 []


Underfull \vbox (badness 10000) has occurred while \output is active []


Overfull \hbox (68.10391pt too wide) in paragraph at lines 140--156
 [] 
 []

[3]
<tibet.jpg, id=101, 1748.03062pt x 1122.44344pt>
File: tibet.jpg Graphic file (type jpg)
<use tibet.jpg>
Package pdftex.def Info: tibet.jpg  used on input line 172.
(pdftex.def)             Requested size: 237.13594pt x 152.25978pt.
<khafre.jpg, id=110, 1057.9525pt x 693.59125pt>
File: khafre.jpg Graphic file (type jpg)
<use khafre.jpg>
Package pdftex.def Info: khafre.jpg  used on input line 183.
(pdftex.def)             Requested size: 422.33084pt x 276.88124pt.

Missing character: There is no ч in font ptmb!

Underfull \hbox (badness 1810) in paragraph at lines 190--191
[]\T2A/ptm/b/it/10 There are numerous other forms of anomalies
 []


Underfull \vbox (badness 10000) has occurred while \output is active []

 [4 <./marine.jpg>]
Underfull \hbox (badness 4001) in paragraph at lines 194--195
[]\T2A/ptm/b/it/10 Additionally, geomagnetic pole excursions and
 []


Underfull \hbox (badness 10000) in paragraph at lines 194--195
\T2A/ptm/b/it/10 reversals are widely accepted as a recurring
 []


Underfull \hbox (badness 5787) in paragraph at lines 194--195
\T2A/ptm/b/it/10 phenomenon of Earth, based on paleomagnetic
 []

LaTeX Font Info:    Trying to load font information for TS1+ptm on input line 2
06.
(/usr/share/texlive/texmf-dist/tex/latex/psnfss/ts1ptm.fd
File: ts1ptm.fd 2001/06/04 font definitions for TS1/ptm.
)
<shafts.jpg, id=149, 1060.96375pt x 701.62125pt>
File: shafts.jpg Graphic file (type jpg)
<use shafts.jpg>
Package pdftex.def Info: shafts.jpg  used on input line 214.
(pdftex.def)             Requested size: 422.33084pt x 279.29459pt.
 [5 <./tibet.jpg>]
<drawing.jpg, id=167, 3149.7675pt x 1049.9225pt>
File: drawing.jpg Graphic file (type jpg)
<use drawing.jpg>
Package pdftex.def Info: drawing.jpg  used on input line 225.
(pdftex.def)             Requested size: 496.85625pt x 165.60397pt.

[6 <./khafre.jpg>]
Underfull \hbox (badness 4266) in paragraph at lines 242--243
\T2A/ptm/b/it/10 градусные пе-ре-во-ро-ты вдоль 31-го ме-ри-ди-а-на,
 []


Underfull \vbox (badness 10000) has occurred while \output is active []

 [7 <./shafts.jpg> <./drawing.jpg>]
Missing character: There is no ч in font ptmb!
Missing character: There is no р in font ptmb!
Missing character: There is no р in font ptmb!
Missing character: There is no р in font ptmb!

Underfull \hbox (badness 4805) in paragraph at lines 252--253
[]\T2A/ptm/b/it/10 Физические до-ка-за-тель-ства, под-твер-жда-ю-щие
 []


Underfull \vbox (badness 10000) has occurred while \output is active []

<laj.jpg, id=200, 983.675pt x 1203.49625pt>
File: laj.jpg Graphic file (type jpg)
<use laj.jpg>
Package pdftex.def Info: laj.jpg  used on input line 258.
(pdftex.def)             Requested size: 225.27841pt x 275.60466pt.
<meinesz3.jpg, id=203, 1284.8pt x 770.88pt>
File: meinesz3.jpg Graphic file (type jpg)
<use meinesz3.jpg>
Package pdftex.def Info: meinesz3.jpg  used on input line 268.
(pdftex.def)             Requested size: 237.13594pt x 142.2812pt.
<biodiversity.jpg, id=206, 1284.8pt x 722.7pt>
File: biodiversity.jpg Graphic file (type jpg)
<use biodiversity.jpg>
Package pdftex.def Info: biodiversity.jpg  used on input line 277.
(pdftex.def)             Requested size: 472.01192pt x 265.50911pt.
 [8 <./laj.jpg>]
<dzhani.jpg, id=228, 3191.925pt x 1047.915pt>
File: dzhani.jpg Graphic file (type jpg)
<use dzhani.jpg>
Package pdftex.def Info: dzhani.jpg  used on input line 295.
(pdftex.def)             Requested size: 447.16759pt x 146.80304pt.
<layers.jpg, id=236, 1204.5pt x 677.53125pt>
File: layers.jpg Graphic file (type jpg)
<use layers.jpg>
Package pdftex.def Info: layers.jpg  used on input line 310.
(pdftex.def)             Requested size: 496.85625pt x 279.48508pt.
<llvp.jpg, id=238, 1163.34625pt x 915.42pt>
File: llvp.jpg Graphic file (type jpg)
<use llvp.jpg>
Package pdftex.def Info: llvp.jpg  used on input line 318.
(pdftex.def)             Requested size: 237.13594pt x 186.60072pt.
 [9 <./meinesz3.jpg>]
<saa.jpg, id=264, 1627.07875pt x 636.3775pt>
File: saa.jpg Graphic file (type jpg)
<use saa.jpg>
Package pdftex.def Info: saa.jpg  used on input line 337.
(pdftex.def)             Requested size: 447.16759pt x 174.89268pt.
<npw.jpg, id=269, 1539.7525pt x 1924.18875pt>
File: npw.jpg Graphic file (type jpg)
<use npw.jpg>
Package pdftex.def Info: npw.jpg  used on input line 346.
(pdftex.def)             Requested size: 237.13594pt x 296.33772pt.
<ocean-highlight.jpg, id=272, 2135.98pt x 2488.29625pt>
File: ocean-highlight.jpg Graphic file (type jpg)
<use ocean-highlight.jpg>
Package pdftex.def Info: ocean-highlight.jpg  used on input line 356.
(pdftex.def)             Requested size: 237.13594pt x 276.21935pt.

Underfull \vbox (badness 10000) has occurred while \output is active []


Underfull \hbox (badness 1629) in paragraph at lines 365--366
[]\T2A/ptm/b/it/10 Существует зна-чи-тель-ное ко-ли-че-ство дан-ных,
 []


Underfull \vbox (badness 10000) has occurred while \output is active []

 [10 <./biodiversity.jpg> <./dzhani.jpg>]
Underfull \vbox (badness 1168) has occurred while \output is active []

<saa-crop.jpeg, id=299, 1096.095pt x 715.67375pt>
File: saa-crop.jpeg Graphic file (type jpg)
<use saa-crop.jpeg>
Package pdftex.def Info: saa-crop.jpeg  used on input line 374.
(pdftex.def)             Requested size: 237.13594pt x 154.82784pt.
 [11 <./layers.jpg> <./llvp.jpg>]
Underfull \vbox (badness 6047) has occurred while \output is active []

 [12 <./saa.jpg> <./npw.jpg> <./ocean-highlight.jpg>]
Underfull \hbox (badness 4967) in paragraph at lines 394--395
[]\T2A/ptm/b/it/10 Операция NANOOK бы-ла раз-ве-ды-ва-тель-ной
 []


Underfull \hbox (badness 1205) in paragraph at lines 394--395
\T2A/ptm/b/it/10 же-лез-ное яд-ро Зем-ли, ось ко-то-ро-го опре-де-ля-ла
 []

[13 <./saa-crop.jpeg>]
Underfull \vbox (badness 5050) has occurred while \output is active []


Underfull \vbox (badness 10000) has occurred while \output is active []

 [14]
[15

]
<wave.jpg, id=385, 754.82pt x 1057.9525pt>
File: wave.jpg Graphic file (type jpg)
<use wave.jpg>
Package pdftex.def Info: wave.jpg  used on input line 420.
(pdftex.def)             Requested size: 237.13594pt x 332.36893pt.
<star-stone.jpg, id=388, 722.7pt x 1116.17pt>
File: star-stone.jpg Graphic file (type jpg)
<use star-stone.jpg>
Package pdftex.def Info: star-stone.jpg  used on input line 431.
(pdftex.def)             Requested size: 237.13594pt x 366.24239pt.

Underfull \vbox (badness 10000) has occurred while \output is active []

<deepsea.jpg, id=391, 708.6475pt x 620.3175pt>
File: deepsea.jpg Graphic file (type jpg)
<use deepsea.jpg>
Package pdftex.def Info: deepsea.jpg  used on input line 441.
(pdftex.def)             Requested size: 496.85625pt x 434.92918pt.
<sealevel.jpeg, id=398, 1204.5pt x 1326.9575pt>
File: sealevel.jpeg Graphic file (type jpg)
<use sealevel.jpeg>
Package pdftex.def Info: sealevel.jpeg  used on input line 451.
(pdftex.def)             Requested size: 496.85625pt x 547.37672pt.
<co2.jpg, id=403, 2360.82pt x 1026.83624pt>
File: co2.jpg Graphic file (type jpg)
<use co2.jpg>
Package pdftex.def Info: co2.jpg  used on input line 460.
(pdftex.def)             Requested size: 496.85625pt x 216.09634pt.
<ice.jpg, id=408, 2359.81625pt x 1030.85126pt>
File: ice.jpg Graphic file (type jpg)
<use ice.jpg>
Package pdftex.def Info: ice.jpg  used on input line 469.
(pdftex.def)             Requested size: 496.85625pt x 217.03568pt.
 [16


 <./wave.jpg> <./star-stone.jpg>] [17 <./deepsea.jpg>] [18 <./sealevel.jpeg>] [
19 <./co2.jpg> <./ice.jpg>] (./1russian41.bbl
Underfull \hbox (badness 1077) in paragraph at lines 21--25
\T2A/ptm/m/it/9 of the sea ice for the polar operational network
 []


Underfull \hbox (badness 10000) in paragraph at lines 27--33
\T2A/ptm/m/it/9 holocene: Insights from western mediterranean
 []


Underfull \hbox (badness 10000) in paragraph at lines 27--33
\T2A/ptm/m/it/9 speleothems.  Geophysical Research Letters,
 []


Underfull \hbox (badness 10000) in paragraph at lines 35--38
[]\T2A/ptm/m/it/9 D. A. Calvert.  Pyramid of khufu.
 []


Underfull \hbox (badness 4556) in paragraph at lines 40--43
[]\T2A/ptm/m/it/9 A. Chand.  Great flood stories: Inter-religion
 []


Underfull \hbox (badness 2591) in paragraph at lines 45--50
[]\T2A/ptm/m/it/9 U. R. Christensen.  Geodynamo models: Tools
 []


Underfull \hbox (badness 2318) in paragraph at lines 45--50
\T2A/ptm/m/it/9 for understanding properties of earth's magnetic
 []


Underfull \hbox (badness 2644) in paragraph at lines 57--60
[]\T2A/ptm/m/it/9 W. contributors.  Plato --- wikipedia, the free
 []


Underfull \hbox (badness 10000) in paragraph at lines 72--75
[]\T2A/ptm/m/it/9 L. DeGrey-Ellis and P. Link.
 []


Underfull \hbox (badness 10000) in paragraph at lines 72--75
\T2A/ptm/m/it/9 Palouse and glacial lake missoula.
 []


Underfull \hbox (badness 10000) in paragraph at lines 72--75
\T2A/ptm/m/it/9 https://www.isu.edu/digitalgeologyidaho/palouse-
 []


Underfull \hbox (badness 1515) in paragraph at lines 77--83
\T2A/ptm/m/it/9 Geophysical Research Letters, 43(19):10356--10365,
 []


Underfull \hbox (badness 1430) in paragraph at lines 85--89
[]\T2A/ptm/m/it/9 J. Din, H. Su, and L. Jing.  The role of the
 []


Underfull \hbox (badness 2772) in paragraph at lines 91--95
\T2A/ptm/m/it/9 dating of santorini volcanic eruptions and fired
 []

LaTeX Font Info:    Trying to load font information for OT1+ptm on input line 1
07.
(/usr/share/texlive/texmf-dist/tex/latex/psnfss/ot1ptm.fd
File: ot1ptm.fd 2001/06/04 font definitions for OT1/ptm.
)
Underfull \hbox (badness 10000) in paragraph at lines 107--111
[]\T2A/ptm/m/it/9 Encyclop\OT1/ptm/m/n/9 ^^Z\T2A/ptm/m/it/9 dia Britannica.  Si
r arthur evans.
 []


Underfull \hbox (badness 1616) in paragraph at lines 107--111
\T2A/ptm/m/it/9 Encyclop\OT1/ptm/m/it/9 ^^Z\T2A/ptm/m/it/9 dia Britannica, 2025
.  Accessed: 2025-
 []


Underfull \hbox (badness 1975) in paragraph at lines 126--130
\T2A/ptm/m/it/9 province (central poland) and their potential to
 []


Underfull \hbox (badness 1152) in paragraph at lines 139--143
[]\T2A/ptm/m/it/9 J. Holland.  Mystery of the mammoth and the
 []


Underfull \hbox (badness 1675) in paragraph at lines 145--150
\T2A/ptm/m/it/9 historical records.  Philosophical Transactions of
 []


Underfull \hbox (badness 1072) in paragraph at lines 152--157
[]\T2A/ptm/m/it/9 F. Josephus.  Antiquities of the Jews.  Project
 []


Underfull \hbox (badness 5878) in paragraph at lines 152--157
\T2A/ptm/m/it/9 January 30, 2024. Wikipedia page: []$https : / / en .
 []


Underfull \hbox (badness 10000) in paragraph at lines 165--170
\T2A/ptm/m/it/9 tree / master / 5-[]TOOLS-[]DEV / dev / 0-[]completed-[]kmls$[]
.
 []


Underfull \hbox (badness 2521) in paragraph at lines 172--175
[]\T2A/ptm/m/it/9 Junho.  Ecdo github research repository, 2024.
 []


Underfull \hbox (badness 10000) in paragraph at lines 177--181
[]\T2A/ptm/m/it/9 Junho.  Egypt cataclysm chronology, 2025.
 []


Underfull \hbox (badness 10000) in paragraph at lines 177--181
\T2A/ptm/m/it/9 https://github.com/sovrynn/ecdo/tree/master/1-
 []


Underfull \hbox (badness 10000) in paragraph at lines 177--181
\T2A/ptm/m/it/9 EVIDENCE/cataclysm-chronology/middle-
 []


Underfull \hbox (badness 2799) in paragraph at lines 188--192
[]\T2A/ptm/m/it/9 D. Koutsoyiannis, N. Mamassis, A. Efstratiadis,
 []

[20


]
Underfull \hbox (badness 3930) in paragraph at lines 207--213
\T2A/ptm/m/it/9 F. Aires, G. Allen, P. Bousquet, J. Canadell,
 []


Underfull \hbox (badness 10000) in paragraph at lines 207--213
\T2A/ptm/m/it/9 N. Davidson, M. Finlayson, T. Gumbricht,
 []


Underfull \hbox (badness 10000) in paragraph at lines 231--234
[]\T2A/ptm/m/it/9 N. Maestri.  Chalchiuhtlicue - aztec
 []


Underfull \hbox (badness 8000) in paragraph at lines 231--234
\T2A/ptm/m/it/9 goddess of lakes, streams, and oceans, 2023.
 []


Underfull \hbox (badness 10000) in paragraph at lines 236--240
[]$\T2A/ptm/m/it/9 https : / / www . djmcadam . com / scheme-[]peruvian . html$
[].
 []


Underfull \hbox (badness 2197) in paragraph at lines 266--269
[]\T2A/ptm/m/it/9 N. M^^Dorner.  Annual and inter-annual magnetic
 []


Underfull \hbox (badness 4378) in paragraph at lines 277--280
[]\T2A/ptm/m/it/9 National Centers for Environmental Information
 []


Underfull \hbox (badness 4378) in paragraph at lines 282--285
[]\T2A/ptm/m/it/9 National Centers for Environmental Information
 []


Underfull \hbox (badness 4378) in paragraph at lines 287--290
[]\T2A/ptm/m/it/9 National Centers for Environmental Information
 []


Underfull \hbox (badness 4543) in paragraph at lines 308--315
[]\T2A/ptm/m/it/9 Plato.  Timaeus.  Harvard University Press;
 []


Underfull \hbox (badness 2158) in paragraph at lines 308--315
\T2A/ptm/m/it/9 Project under a Creative Commons Attribution-
 []


Overfull \hbox (4.33598pt too wide) in paragraph at lines 334--339
\T2A/ptm/m/it/9 https://theethicalskeptic.com/2024/05/12/exothermic-
 []


Underfull \hbox (badness 10000) in paragraph at lines 334--339
\T2A/ptm/m/it/9 core-mantle-decoupling-dzhanibekov-oscillation-ecdo-
 []


Underfull \hbox (badness 3536) in paragraph at lines 341--344
[]\T2A/ptm/m/it/9 T. E. Skeptic.  Hidden in plain sight, 2024.
 []


Underfull \hbox (badness 10000) in paragraph at lines 341--344
\T2A/ptm/m/it/9 https://theethicalskeptic.com/2023/12/18/hidden-in-
 []


Underfull \hbox (badness 10000) in paragraph at lines 346--351
[]\T2A/ptm/m/it/9 T. E. Skeptic.  Master exothermic
 []


Underfull \hbox (badness 10000) in paragraph at lines 346--351
\T2A/ptm/m/it/9 core-mantle decoupling ^^U dzhanibekov
 []


Underfull \hbox (badness 10000) in paragraph at lines 346--351
\T2A/ptm/m/it/9 oscillation (ecdo) theory, 2024.
 []


Underfull \hbox (badness 10000) in paragraph at lines 346--351
\T2A/ptm/m/it/9 https://theethicalskeptic.com/2024/05/23/master-
 []


Underfull \hbox (badness 10000) in paragraph at lines 346--351
\T2A/ptm/m/it/9 exothermic-core-mantle-decoupling-dzhanibekov-
 []


Underfull \hbox (badness 10000) in paragraph at lines 353--359
[]\T2A/ptm/m/it/9 sovrynn.  Evolving concepts in distributed
 []


Underfull \hbox (badness 10000) in paragraph at lines 353--359
\T2A/ptm/m/it/9 organizations: Foundation theory.  []$https :
 []


Underfull \hbox (badness 10000) in paragraph at lines 353--359
\T2A/ptm/m/it/9 / / github . com / sovrynn / ecdo / tree / master /
 []


Underfull \hbox (badness 10000) in paragraph at lines 353--359
\T2A/ptm/m/it/9 0-[]FOUNDATION-[]THEORY / s2 # duration$[], 2025.
 []


Underfull \hbox (badness 1990) in paragraph at lines 372--376
\T2A/ptm/m/it/9 west asia.  Quaternary Research, 66(3):372--387,
 []


Underfull \hbox (badness 10000) in paragraph at lines 397--402
[]\T2A/ptm/m/it/9 S. Varela, J. Gonz^^Aalez-Hern^^Aander, L. Sgarbi,
 []

[21]
Underfull \hbox (badness 1337) in paragraph at lines 428--433
\T2A/ptm/m/it/9 Squadron.  Self-published, Elkhart, Ind, Elkhart,
 []


Underfull \hbox (badness 2343) in paragraph at lines 441--444
[]\T2A/ptm/m/it/9 Wikibooks.  Chinese stories/n^^Duwa.  []$https : / / en .
 []


Underfull \hbox (badness 4846) in paragraph at lines 451--454
[]\T2A/ptm/m/it/9 Wikipedia.  Great pyramid of giza.  []$https :
 []


Underfull \hbox (badness 10000) in paragraph at lines 451--454
\T2A/ptm/m/it/9 / / en . wikipedia . org / wiki / Great _ Pyramid _ of _ Giza #

 []


Underfull \hbox (badness 3009) in paragraph at lines 466--469
[]\T2A/ptm/m/it/9 Wikipedia contributors.  Project nanook, 2024.
 []

) [22

] (./1russian41.aux)
 ***********
LaTeX2e <2023-11-01> patch level 1
L3 programming layer <2024-01-22>
 ***********


LaTeX Font Warning: Some font shapes were not available, defaults substituted.


LaTeX Warning: There were multiply-defined labels.

 ) 
Here is how much of TeX's memory you used:
 12849 strings out of 475142
 194420 string characters out of 5776209
 1946975 words of memory out of 5000000
 34673 multiletter control sequences out of 15000+600000
 576639 words of font info for 82 fonts, out of 8000000 for 9000
 680 hyphenation exceptions out of 8191
 75i,9n,79p,6835b,636s stack positions out of 10000i,1000n,20000p,200000b,200000s
 </home/m120938/.texlive2023/texmf-var/fonts/pk/ljfour/lh/lh-t2a/larm1000.600
pk> </home/m120938/.texlive2023/texmf-var/fonts/pk/ljfour/lh/lh-t2a/larm0900.60
0pk> </home/m120938/.texlive2023/texmf-var/fonts/pk/ljfour/lh/lh-t2a/larm1200.6
00pk> </home/m120938/.texlive2023/texmf-var/fonts/pk/ljfour/lh/lh-t2a/larm1440.
600pk></usr/share/texlive/texmf-dist/fonts/type1/public/amsfonts/cm/cmmi10.pfb>
</usr/share/texlive/texmf-dist/fonts/type1/public/amsfonts/cm/cmmi9.pfb></usr/s
hare/texlive/texmf-dist/fonts/type1/public/amsfonts/cm/cmr7.pfb></usr/share/tex
live/texmf-dist/fonts/type1/urw/times/utmb8a.pfb></usr/share/texlive/texmf-dist
/fonts/type1/urw/times/utmr8a.pfb></usr/share/texlive/texmf-dist/fonts/type1/ur
w/times/utmri8a.pfb>
Output written on 1russian41.pdf (22 pages, 7376401 bytes).
PDF statistics:
 962 PDF objects out of 1000 (max. 8388607)
 457 compressed objects within 5 object streams
 149 named destinations out of 1000 (max. 500000)
 111 words of extra memory for PDF output out of 10000 (max. 10000000)

