This is pdfTeX, Version 3.141592653-2.6-1.40.25 (TeX Live 2023/Debian) (preloaded format=pdflatex 2025.6.13)  25 JUN 2025 16:06
entering extended mode
 restricted \write18 enabled.
 %&-line parsing enabled.
**1spanishtranslated.tex
(./1spanishtranslated.tex
LaTeX2e <2023-11-01> patch level 1
L3 programming layer <2024-01-22>
(/usr/share/texlive/texmf-dist/tex/latex/base/article.cls
Document Class: article 2023/05/17 v1.4n Standard LaTeX document class
(/usr/share/texlive/texmf-dist/tex/latex/base/size10.clo
File: size10.clo 2023/05/17 v1.4n Standard LaTeX file (size option)
)
\c@part=\count187
\c@section=\count188
\c@subsection=\count189
\c@subsubsection=\count190
\c@paragraph=\count191
\c@subparagraph=\count192
\c@figure=\count193
\c@table=\count194
\abovecaptionskip=\skip48
\belowcaptionskip=\skip49
\bibindent=\dimen140
)
(/usr/share/texlive/texmf-dist/tex/latex/booktabs/booktabs.sty
Package: booktabs 2020/01/12 v1.61803398 Publication quality tables
\heavyrulewidth=\dimen141
\lightrulewidth=\dimen142
\cmidrulewidth=\dimen143
\belowrulesep=\dimen144
\belowbottomsep=\dimen145
\aboverulesep=\dimen146
\abovetopsep=\dimen147
\cmidrulesep=\dimen148
\cmidrulekern=\dimen149
\defaultaddspace=\dimen150
\@cmidla=\count195
\@cmidlb=\count196
\@aboverulesep=\dimen151
\@belowrulesep=\dimen152
\@thisruleclass=\count197
\@lastruleclass=\count198
\@thisrulewidth=\dimen153
)
(/usr/share/texlive/texmf-dist/tex/latex/sttools/stfloats.sty
Package: stfloats 2017/03/27 v3.3 Improve float mechanism and baselineskip sett
ings
\@dblbotnum=\count199
\c@dblbotnumber=\count266
)
(/usr/share/texlive/texmf-dist/tex/latex/float/float.sty
Package: float 2001/11/08 v1.3d Float enhancements (AL)
\c@float@type=\count267
\float@exts=\toks17
\float@box=\box51
\@float@everytoks=\toks18
\@floatcapt=\box52
) (./cvpr.sty
(./eso-pic.sty
Package: eso-pic 2002/11/16 v1.1b eso-pic (RN)
 (./cvpr_eso.sty

LaTeX Warning: You have requested package `eso-pic',
               but the package provides `everyshi'.

Package: everyshi 2001/05/15 v3.00 EveryShipout Package (MS)
) (/usr/share/texlive/texmf-dist/tex/latex/graphics/keyval.sty
Package: keyval 2022/05/29 v1.15 key=value parser (DPC)
\KV@toks@=\toks19
))
(/usr/share/texlive/texmf-dist/tex/latex/tools/xspace.sty
Package: xspace 2014/10/28 v1.13 Space after command names (DPC,MH)
)
CVPR 8.5 x 11-Inch Proceedings Style `cvpr.sty'.
\@ctmp=\skip50
\@figindent=\skip51
\cvprrulerbox=\box53
\cvprrulercount=\count268
\cvprruleroffset=\dimen154
\cv@lineheight=\dimen155
\cv@boxheight=\dimen156
\cv@tmpbox=\box54
\cv@refno=\count269
\cv@tot=\count270
\cv@tmpc@=\count271
\cv@tmpc=\count272
) (/usr/share/texlive/texmf-dist/tex/latex/psnfss/times.sty
Package: times 2020/03/25 PSNFSS-v9.3 (SPQR) 
)
(/usr/share/texlive/texmf-dist/tex/latex/graphics/epsfig.sty
Package: epsfig 2017/06/25 v1.7b (e)psfig emulation (SPQR)

(/usr/share/texlive/texmf-dist/tex/latex/graphics/graphicx.sty
Package: graphicx 2021/09/16 v1.2d Enhanced LaTeX Graphics (DPC,SPQR)

(/usr/share/texlive/texmf-dist/tex/latex/graphics/graphics.sty
Package: graphics 2022/03/10 v1.4e Standard LaTeX Graphics (DPC,SPQR)

(/usr/share/texlive/texmf-dist/tex/latex/graphics/trig.sty
Package: trig 2021/08/11 v1.11 sin cos tan (DPC)
)
(/usr/share/texlive/texmf-dist/tex/latex/graphics-cfg/graphics.cfg
File: graphics.cfg 2016/06/04 v1.11 sample graphics configuration
)
Package graphics Info: Driver file: pdftex.def on input line 107.

(/usr/share/texlive/texmf-dist/tex/latex/graphics-def/pdftex.def
File: pdftex.def 2022/09/22 v1.2b Graphics/color driver for pdftex
))
\Gin@req@height=\dimen157
\Gin@req@width=\dimen158
)
\epsfxsize=\dimen159
\epsfysize=\dimen160
)
(/usr/share/texlive/texmf-dist/tex/latex/amsmath/amsmath.sty
Package: amsmath 2023/05/13 v2.17o AMS math features
\@mathmargin=\skip52

For additional information on amsmath, use the `?' option.
(/usr/share/texlive/texmf-dist/tex/latex/amsmath/amstext.sty
Package: amstext 2021/08/26 v2.01 AMS text

(/usr/share/texlive/texmf-dist/tex/latex/amsmath/amsgen.sty
File: amsgen.sty 1999/11/30 v2.0 generic functions
\@emptytoks=\toks20
\ex@=\dimen161
))
(/usr/share/texlive/texmf-dist/tex/latex/amsmath/amsbsy.sty
Package: amsbsy 1999/11/29 v1.2d Bold Symbols
\pmbraise@=\dimen162
)
(/usr/share/texlive/texmf-dist/tex/latex/amsmath/amsopn.sty
Package: amsopn 2022/04/08 v2.04 operator names
)
\inf@bad=\count273
LaTeX Info: Redefining \frac on input line 234.
\uproot@=\count274
\leftroot@=\count275
LaTeX Info: Redefining \overline on input line 399.
LaTeX Info: Redefining \colon on input line 410.
\classnum@=\count276
\DOTSCASE@=\count277
LaTeX Info: Redefining \ldots on input line 496.
LaTeX Info: Redefining \dots on input line 499.
LaTeX Info: Redefining \cdots on input line 620.
\Mathstrutbox@=\box55
\strutbox@=\box56
LaTeX Info: Redefining \big on input line 722.
LaTeX Info: Redefining \Big on input line 723.
LaTeX Info: Redefining \bigg on input line 724.
LaTeX Info: Redefining \Bigg on input line 725.
\big@size=\dimen163
LaTeX Font Info:    Redeclaring font encoding OML on input line 743.
LaTeX Font Info:    Redeclaring font encoding OMS on input line 744.
\macc@depth=\count278
LaTeX Info: Redefining \bmod on input line 905.
LaTeX Info: Redefining \pmod on input line 910.
LaTeX Info: Redefining \smash on input line 940.
LaTeX Info: Redefining \relbar on input line 970.
LaTeX Info: Redefining \Relbar on input line 971.
\c@MaxMatrixCols=\count279
\dotsspace@=\muskip16
\c@parentequation=\count280
\dspbrk@lvl=\count281
\tag@help=\toks21
\row@=\count282
\column@=\count283
\maxfields@=\count284
\andhelp@=\toks22
\eqnshift@=\dimen164
\alignsep@=\dimen165
\tagshift@=\dimen166
\tagwidth@=\dimen167
\totwidth@=\dimen168
\lineht@=\dimen169
\@envbody=\toks23
\multlinegap=\skip53
\multlinetaggap=\skip54
\mathdisplay@stack=\toks24
LaTeX Info: Redefining \[ on input line 2953.
LaTeX Info: Redefining \] on input line 2954.
)
(/usr/share/texlive/texmf-dist/tex/latex/amsfonts/amssymb.sty
Package: amssymb 2013/01/14 v3.01 AMS font symbols

(/usr/share/texlive/texmf-dist/tex/latex/amsfonts/amsfonts.sty
Package: amsfonts 2013/01/14 v3.01 Basic AMSFonts support
\symAMSa=\mathgroup4
\symAMSb=\mathgroup5
LaTeX Font Info:    Redeclaring math symbol \hbar on input line 98.
LaTeX Font Info:    Overwriting math alphabet `\mathfrak' in version `bold'
(Font)                  U/euf/m/n --> U/euf/b/n on input line 106.
))
(/usr/share/texlive/texmf-dist/tex/latex/hyperref/hyperref.sty
Package: hyperref 2024-01-20 v7.01h Hypertext links for LaTeX

(/usr/share/texlive/texmf-dist/tex/generic/iftex/iftex.sty
Package: iftex 2022/02/03 v1.0f TeX engine tests
)
(/usr/share/texlive/texmf-dist/tex/latex/kvsetkeys/kvsetkeys.sty
Package: kvsetkeys 2022-10-05 v1.19 Key value parser (HO)
)
(/usr/share/texlive/texmf-dist/tex/generic/kvdefinekeys/kvdefinekeys.sty
Package: kvdefinekeys 2019-12-19 v1.6 Define keys (HO)
)
(/usr/share/texlive/texmf-dist/tex/generic/pdfescape/pdfescape.sty
Package: pdfescape 2019/12/09 v1.15 Implements pdfTeX's escape features (HO)

(/usr/share/texlive/texmf-dist/tex/generic/ltxcmds/ltxcmds.sty
Package: ltxcmds 2023-12-04 v1.26 LaTeX kernel commands for general use (HO)
)
(/usr/share/texlive/texmf-dist/tex/generic/pdftexcmds/pdftexcmds.sty
Package: pdftexcmds 2020-06-27 v0.33 Utility functions of pdfTeX for LuaTeX (HO
)

(/usr/share/texlive/texmf-dist/tex/generic/infwarerr/infwarerr.sty
Package: infwarerr 2019/12/03 v1.5 Providing info/warning/error messages (HO)
)
Package pdftexcmds Info: \pdf@primitive is available.
Package pdftexcmds Info: \pdf@ifprimitive is available.
Package pdftexcmds Info: \pdfdraftmode found.
))
(/usr/share/texlive/texmf-dist/tex/latex/hycolor/hycolor.sty
Package: hycolor 2020-01-27 v1.10 Color options for hyperref/bookmark (HO)
)
(/usr/share/texlive/texmf-dist/tex/latex/auxhook/auxhook.sty
Package: auxhook 2019-12-17 v1.6 Hooks for auxiliary files (HO)
)
(/usr/share/texlive/texmf-dist/tex/latex/hyperref/nameref.sty
Package: nameref 2023-11-26 v2.56 Cross-referencing by name of section

(/usr/share/texlive/texmf-dist/tex/latex/refcount/refcount.sty
Package: refcount 2019/12/15 v3.6 Data extraction from label references (HO)
)
(/usr/share/texlive/texmf-dist/tex/generic/gettitlestring/gettitlestring.sty
Package: gettitlestring 2019/12/15 v1.6 Cleanup title references (HO)

(/usr/share/texlive/texmf-dist/tex/latex/kvoptions/kvoptions.sty
Package: kvoptions 2022-06-15 v3.15 Key value format for package options (HO)
))
\c@section@level=\count285
)
(/usr/share/texlive/texmf-dist/tex/latex/etoolbox/etoolbox.sty
Package: etoolbox 2020/10/05 v2.5k e-TeX tools for LaTeX (JAW)
\etb@tempcnta=\count286
)
\@linkdim=\dimen170
\Hy@linkcounter=\count287
\Hy@pagecounter=\count288

(/usr/share/texlive/texmf-dist/tex/latex/hyperref/pd1enc.def
File: pd1enc.def 2024-01-20 v7.01h Hyperref: PDFDocEncoding definition (HO)
Now handling font encoding PD1 ...
... no UTF-8 mapping file for font encoding PD1
)
(/usr/share/texlive/texmf-dist/tex/generic/intcalc/intcalc.sty
Package: intcalc 2019/12/15 v1.3 Expandable calculations with integers (HO)
)
\Hy@SavedSpaceFactor=\count289

(/usr/share/texlive/texmf-dist/tex/latex/hyperref/puenc.def
File: puenc.def 2024-01-20 v7.01h Hyperref: PDF Unicode definition (HO)
Now handling font encoding PU ...
... no UTF-8 mapping file for font encoding PU
)
Package hyperref Info: Option `breaklinks' set `true' on input line 4062.
Package hyperref Info: Option `bookmarks' set `false' on input line 4062.
Package hyperref Info: Hyper figures OFF on input line 4179.
Package hyperref Info: Link nesting OFF on input line 4184.
Package hyperref Info: Hyper index ON on input line 4187.
Package hyperref Info: Plain pages OFF on input line 4194.
Package hyperref Info: Backreferencing OFF on input line 4199.
Package hyperref Info: Implicit mode ON; LaTeX internals redefined.
Package hyperref Info: Bookmarks OFF on input line 4452.
\c@Hy@tempcnt=\count290

(/usr/share/texlive/texmf-dist/tex/latex/url/url.sty
\Urlmuskip=\muskip17
Package: url 2013/09/16  ver 3.4  Verb mode for urls, etc.
)
LaTeX Info: Redefining \url on input line 4784.
\XeTeXLinkMargin=\dimen171

(/usr/share/texlive/texmf-dist/tex/generic/bitset/bitset.sty
Package: bitset 2019/12/09 v1.3 Handle bit-vector datatype (HO)

(/usr/share/texlive/texmf-dist/tex/generic/bigintcalc/bigintcalc.sty
Package: bigintcalc 2019/12/15 v1.5 Expandable calculations on big integers (HO
)
))
\Fld@menulength=\count291
\Field@Width=\dimen172
\Fld@charsize=\dimen173
Package hyperref Info: Hyper figures OFF on input line 6063.
Package hyperref Info: Link nesting OFF on input line 6068.
Package hyperref Info: Hyper index ON on input line 6071.
Package hyperref Info: backreferencing OFF on input line 6078.
Package hyperref Info: Link coloring OFF on input line 6083.
Package hyperref Info: Link coloring with OCG OFF on input line 6088.
Package hyperref Info: PDF/A mode OFF on input line 6093.

(/usr/share/texlive/texmf-dist/tex/latex/base/atbegshi-ltx.sty
Package: atbegshi-ltx 2021/01/10 v1.0c Emulation of the original atbegshi
package with kernel methods
)
\Hy@abspage=\count292
\c@Item=\count293
\c@Hfootnote=\count294
)
Package hyperref Info: Driver (autodetected): hpdftex.

(/usr/share/texlive/texmf-dist/tex/latex/hyperref/hpdftex.def
File: hpdftex.def 2024-01-20 v7.01h Hyperref driver for pdfTeX

(/usr/share/texlive/texmf-dist/tex/latex/base/atveryend-ltx.sty
Package: atveryend-ltx 2020/08/19 v1.0a Emulation of the original atveryend pac
kage
with kernel methods
)
\Fld@listcount=\count295
\c@bookmark@seq@number=\count296

(/usr/share/texlive/texmf-dist/tex/latex/rerunfilecheck/rerunfilecheck.sty
Package: rerunfilecheck 2022-07-10 v1.10 Rerun checks for auxiliary files (HO)

(/usr/share/texlive/texmf-dist/tex/generic/uniquecounter/uniquecounter.sty
Package: uniquecounter 2019/12/15 v1.4 Provide unlimited unique counter (HO)
)
Package uniquecounter Info: New unique counter `rerunfilecheck' on input line 2
85.
)
\Hy@SectionHShift=\skip55
)
LaTeX Font Info:    Trying to load font information for OT1+ptm on input line 3
2.

(/usr/share/texlive/texmf-dist/tex/latex/psnfss/ot1ptm.fd
File: ot1ptm.fd 2001/06/04 font definitions for OT1/ptm.
)
(/usr/share/texlive/texmf-dist/tex/latex/l3backend/l3backend-pdftex.def
File: l3backend-pdftex.def 2024-01-04 L3 backend support: PDF output (pdfTeX)
\l__color_backend_stack_int=\count297
\l__pdf_internal_box=\box57
)
(./1spanishtranslated.aux

LaTeX Warning: Label `fig:onecol' multiply defined.


LaTeX Warning: Label `fig:onecol' multiply defined.


LaTeX Warning: Label `fig:onecol' multiply defined.


LaTeX Warning: Label `fig:onecol' multiply defined.


LaTeX Warning: Label `fig:onecol' multiply defined.


LaTeX Warning: Label `fig:onecol' multiply defined.


LaTeX Warning: Label `fig:onecol' multiply defined.


LaTeX Warning: Label `fig:onecol' multiply defined.


LaTeX Warning: Label `fig:onecol' multiply defined.

)
\openout1 = `1spanishtranslated.aux'.

LaTeX Font Info:    Checking defaults for OML/cmm/m/it on input line 32.
LaTeX Font Info:    ... okay on input line 32.
LaTeX Font Info:    Checking defaults for OMS/cmsy/m/n on input line 32.
LaTeX Font Info:    ... okay on input line 32.
LaTeX Font Info:    Checking defaults for OT1/cmr/m/n on input line 32.
LaTeX Font Info:    ... okay on input line 32.
LaTeX Font Info:    Checking defaults for T1/cmr/m/n on input line 32.
LaTeX Font Info:    ... okay on input line 32.
LaTeX Font Info:    Checking defaults for TS1/cmr/m/n on input line 32.
LaTeX Font Info:    ... okay on input line 32.
LaTeX Font Info:    Checking defaults for OMX/cmex/m/n on input line 32.
LaTeX Font Info:    ... okay on input line 32.
LaTeX Font Info:    Checking defaults for U/cmr/m/n on input line 32.
LaTeX Font Info:    ... okay on input line 32.
LaTeX Font Info:    Checking defaults for PD1/pdf/m/n on input line 32.
LaTeX Font Info:    ... okay on input line 32.
LaTeX Font Info:    Checking defaults for PU/pdf/m/n on input line 32.
LaTeX Font Info:    ... okay on input line 32.
 ABD: EveryShipout initializing macros
(/usr/share/texlive/texmf-dist/tex/latex/graphics/color.sty
Package: color 2022/01/06 v1.3d Standard LaTeX Color (DPC)

(/usr/share/texlive/texmf-dist/tex/latex/graphics-cfg/color.cfg
File: color.cfg 2016/01/02 v1.6 sample color configuration
)
Package color Info: Driver file: pdftex.def on input line 149.

(/usr/share/texlive/texmf-dist/tex/latex/graphics/mathcolor.ltx))
(/usr/share/texlive/texmf-dist/tex/context/base/mkii/supp-pdf.mkii
[Loading MPS to PDF converter (version 2006.09.02).]
\scratchcounter=\count298
\scratchdimen=\dimen174
\scratchbox=\box58
\nofMPsegments=\count299
\nofMParguments=\count300
\everyMPshowfont=\toks25
\MPscratchCnt=\count301
\MPscratchDim=\dimen175
\MPnumerator=\count302
\makeMPintoPDFobject=\count303
\everyMPtoPDFconversion=\toks26
) (/usr/share/texlive/texmf-dist/tex/latex/epstopdf-pkg/epstopdf-base.sty
Package: epstopdf-base 2020-01-24 v2.11 Base part for package epstopdf
Package epstopdf-base Info: Redefining graphics rule for `.eps' on input line 4
85.

(/usr/share/texlive/texmf-dist/tex/latex/latexconfig/epstopdf-sys.cfg
File: epstopdf-sys.cfg 2010/07/13 v1.3 Configuration of (r)epstopdf for TeX Liv
e
))
Package hyperref Info: Link coloring OFF on input line 32.
LaTeX Font Info:    Trying to load font information for U+msa on input line 56.


(/usr/share/texlive/texmf-dist/tex/latex/amsfonts/umsa.fd
File: umsa.fd 2013/01/14 v3.01 AMS symbols A
)
LaTeX Font Info:    Trying to load font information for U+msb on input line 56.


(/usr/share/texlive/texmf-dist/tex/latex/amsfonts/umsb.fd
File: umsb.fd 2013/01/14 v3.01 AMS symbols B
)
LaTeX Font Info:    Trying to load font information for OT1+pcr on input line 5
6.

(/usr/share/texlive/texmf-dist/tex/latex/psnfss/ot1pcr.fd
File: ot1pcr.fd 2001/06/04 font definitions for OT1/pcr.
)
Underfull \hbox (badness 1688) in paragraph at lines 59--60
\OT1/ptm/m/it/10 \The Eth-i-cal Skep-tic" [[]] com-parti[]o una teor[]^^Pa in-
 []

<b.png, id=12, 1497.595pt x 1061.9675pt>
File: b.png Graphic file (type png)
<use b.png>
Package pdftex.def Info: b.png  used on input line 86.
(pdftex.def)             Requested size: 237.13594pt x 168.152pt.
[1{/var/lib/texmf/fonts/map/pdftex/updmap/pdftex.map}{/usr/share/texlive/texmf-
dist/fonts/enc/dvips/base/8r.enc}


 <./b.png>]
Underfull \hbox (badness 2486) in paragraph at lines 99--100
[]\OT1/ptm/m/n/10 Muchas de es-tas his-to-rias de-scriben con pre-cisi[]on
 []


Underfull \hbox (badness 1199) in paragraph at lines 99--100
\OT1/ptm/m/n/10 la es-cala ma-siva de las in-un-da-ciones, re-la-tando c[]omo
 []


Underfull \hbox (badness 2512) in paragraph at lines 99--100
\OT1/ptm/m/n/10 los oc[]eanos subieron hasta cubrir to-das las cum-bres
 []

[2]
<marine.jpg, id=61, 2393.94376pt x 1243.64626pt>
File: marine.jpg Graphic file (type jpg)
<use marine.jpg>
Package pdftex.def Info: marine.jpg  used on input line 118.
(pdftex.def)             Requested size: 496.85625pt x 258.09923pt.

Overfull \hbox (31.73138pt too wide) in paragraph at lines 132--149
 [] 
 []

<tibet.jpg, id=76, 1748.03062pt x 1122.44344pt>
File: tibet.jpg Graphic file (type jpg)
<use tibet.jpg>
Package pdftex.def Info: tibet.jpg  used on input line 165.
(pdftex.def)             Requested size: 237.13594pt x 152.25978pt.

Underfull \hbox (badness 7433) in paragraph at lines 172--173
[]\OT1/ptm/m/n/10 Mientras la es-cuela uni-formista del pen-samiento
 []

[3]
<khafre.jpg, id=106, 1057.9525pt x 693.59125pt>
File: khafre.jpg Graphic file (type jpg)
<use khafre.jpg>
Package pdftex.def Info: khafre.jpg  used on input line 176.
(pdftex.def)             Requested size: 422.33084pt x 276.88124pt.
 [4 <./marine.jpg> <./tibet.jpg>]
LaTeX Font Info:    Trying to load font information for TS1+ptm on input line 1
96.

(/usr/share/texlive/texmf-dist/tex/latex/psnfss/ts1ptm.fd
File: ts1ptm.fd 2001/06/04 font definitions for TS1/ptm.
)
<shafts.jpg, id=140, 1060.96375pt x 701.62125pt>
File: shafts.jpg Graphic file (type jpg)
<use shafts.jpg>
Package pdftex.def Info: shafts.jpg  used on input line 204.
(pdftex.def)             Requested size: 422.33084pt x 279.29459pt.
 [5 <./khafre.jpg>]
Underfull \vbox (badness 3872) has occurred while \output is active []

<drawing.jpg, id=157, 3149.7675pt x 1049.9225pt>
File: drawing.jpg Graphic file (type jpg)
<use drawing.jpg>
Package pdftex.def Info: drawing.jpg  used on input line 221.
(pdftex.def)             Requested size: 496.85625pt x 165.60397pt.
 [6 <./shafts.jpg>]
<laj.jpg, id=179, 983.675pt x 1203.49625pt>
File: laj.jpg Graphic file (type jpg)
<use laj.jpg>
Package pdftex.def Info: laj.jpg  used on input line 240.
(pdftex.def)             Requested size: 225.27841pt x 275.60466pt.
<biodiversity.jpg, id=182, 1284.8pt x 722.7pt>
File: biodiversity.jpg Graphic file (type jpg)
<use biodiversity.jpg>
Package pdftex.def Info: biodiversity.jpg  used on input line 250.
(pdftex.def)             Requested size: 472.01192pt x 265.50911pt.
<meinesz3.jpg, id=184, 1284.8pt x 770.88pt>
File: meinesz3.jpg Graphic file (type jpg)
<use meinesz3.jpg>
Package pdftex.def Info: meinesz3.jpg  used on input line 259.
(pdftex.def)             Requested size: 237.13594pt x 142.2812pt.

Underfull \hbox (badness 1769) in paragraph at lines 268--269
[]\OT1/ptm/m/n/10 La ev-i-den-cia f[]^^Psica que respalda esta di-recci[]on de
 []


Underfull \vbox (badness 10000) has occurred while \output is active []

 [7 <./drawing.jpg> <./laj.jpg>]
Underfull \hbox (badness 2310) in paragraph at lines 276--277
\OT1/ptm/m/n/10 tambi[]en ex-is-ten en las pa-le-o-cor-ri-entes de sed-i-men-to
s
 []

<dzhani.jpg, id=205, 3191.925pt x 1047.915pt>
File: dzhani.jpg Graphic file (type jpg)
<use dzhani.jpg>
Package pdftex.def Info: dzhani.jpg  used on input line 283.
(pdftex.def)             Requested size: 447.16759pt x 146.80304pt.

Underfull \vbox (badness 10000) has occurred while \output is active []

 [8 <./biodiversity.jpg> <./meinesz3.jpg>]
<layers.jpg, id=217, 1204.5pt x 677.53125pt>
File: layers.jpg Graphic file (type jpg)
<use layers.jpg>
Package pdftex.def Info: layers.jpg  used on input line 292.
(pdftex.def)             Requested size: 496.85625pt x 279.48508pt.
<llvp.jpg, id=219, 1163.34625pt x 915.42pt>
File: llvp.jpg Graphic file (type jpg)
<use llvp.jpg>
Package pdftex.def Info: llvp.jpg  used on input line 301.
(pdftex.def)             Requested size: 237.13594pt x 186.60072pt.

Underfull \vbox (badness 10000) has occurred while \output is active []


Underfull \vbox (badness 10000) has occurred while \output is active []

 [9 <./dzhani.jpg> <./layers.jpg>]
<npw.jpg, id=237, 1539.7525pt x 1924.18875pt>
File: npw.jpg Graphic file (type jpg)
<use npw.jpg>
Package pdftex.def Info: npw.jpg  used on input line 323.
(pdftex.def)             Requested size: 237.13594pt x 296.33772pt.

Underfull \hbox (badness 1675) in paragraph at lines 330--331
[]\OT1/ptm/m/n/10 Representado en la Figura []14[] est[]a el campo ge-o-
 []


Underfull \hbox (badness 2809) in paragraph at lines 332--333
[]\OT1/ptm/m/n/10 Otro in-di-cador del de-bili-ta-miento del campo ge-o-
 []

<saa.jpg, id=245, 1627.07875pt x 636.3775pt>
File: saa.jpg Graphic file (type jpg)
<use saa.jpg>
Package pdftex.def Info: saa.jpg  used on input line 337.
(pdftex.def)             Requested size: 447.16759pt x 174.89268pt.
<ocean-highlight.jpg, id=250, 2135.98pt x 2488.29625pt>
File: ocean-highlight.jpg Graphic file (type jpg)
<use ocean-highlight.jpg>
Package pdftex.def Info: ocean-highlight.jpg  used on input line 346.
(pdftex.def)             Requested size: 237.13594pt x 276.21935pt.
[10 <./llvp.jpg> <./npw.jpg>]
<saa-crop.jpeg, id=280, 1096.095pt x 715.67375pt>
File: saa-crop.jpeg Graphic file (type jpg)
<use saa-crop.jpeg>
Package pdftex.def Info: saa-crop.jpeg  used on input line 364.
(pdftex.def)             Requested size: 237.13594pt x 154.82784pt.
 [11 <./saa.jpg> <./ocean-highlight.jpg>]
Underfull \hbox (badness 1147) in paragraph at lines 375--376
[]\OT1/ptm/m/n/10 Otras m[]etricas como la deriva del eje de rotaci[]on,
 []


Underfull \hbox (badness 3792) in paragraph at lines 385--386
[]\OT1/ptm/m/n/10 La Op-eraci[]on NANOOK fue un es-fuerzo de re-
 []

[12 <./saa-crop.jpeg>]
Underfull \vbox (badness 5050) has occurred while \output is active []


Underfull \vbox (badness 10000) has occurred while \output is active []

 [13]
Underfull \hbox (badness 1009) in paragraph at lines 397--398
\OT1/ptm/m/n/10 Exot[]ermico N[]ucleo-Manto por Os-cilaci[]on Dzhanibekov
 []

[14

]
<wave.jpg, id=365, 754.82pt x 1057.9525pt>
File: wave.jpg Graphic file (type jpg)
<use wave.jpg>
Package pdftex.def Info: wave.jpg  used on input line 411.
(pdftex.def)             Requested size: 237.13594pt x 332.36893pt.
<star-stone.jpg, id=368, 722.7pt x 1116.17pt>
File: star-stone.jpg Graphic file (type jpg)
<use star-stone.jpg>
Package pdftex.def Info: star-stone.jpg  used on input line 422.
(pdftex.def)             Requested size: 237.13594pt x 366.24239pt.

Underfull \vbox (badness 10000) has occurred while \output is active []

<deepsea.jpg, id=371, 708.6475pt x 620.3175pt>
File: deepsea.jpg Graphic file (type jpg)
<use deepsea.jpg>
Package pdftex.def Info: deepsea.jpg  used on input line 432.
(pdftex.def)             Requested size: 496.85625pt x 434.92918pt.
<sealevel.jpeg, id=378, 1204.5pt x 1326.9575pt>
File: sealevel.jpeg Graphic file (type jpg)
<use sealevel.jpeg>
Package pdftex.def Info: sealevel.jpeg  used on input line 442.
(pdftex.def)             Requested size: 496.85625pt x 547.37672pt.
<co2.jpg, id=383, 2360.82pt x 1026.83624pt>
File: co2.jpg Graphic file (type jpg)
<use co2.jpg>
Package pdftex.def Info: co2.jpg  used on input line 451.
(pdftex.def)             Requested size: 496.85625pt x 216.09634pt.
<ice.jpg, id=388, 2359.81625pt x 1030.85126pt>
File: ice.jpg Graphic file (type jpg)
<use ice.jpg>
Package pdftex.def Info: ice.jpg  used on input line 460.
(pdftex.def)             Requested size: 496.85625pt x 217.03568pt.
 [15


 <./wave.jpg> <./star-stone.jpg>] [16 <./deepsea.jpg>] [17 <./sealevel.jpeg>] [
18 <./co2.jpg> <./ice.jpg>] (./1spanishtranslated.bbl
Underfull \hbox (badness 10000) in paragraph at lines 35--38
[]\OT1/ptm/m/n/9 D. A. Calvert.  Pyra-mid of khufu.
 []


Underfull \hbox (badness 2073) in paragraph at lines 139--143
[]\OT1/ptm/m/n/9 J. Hol-land.  Mys-tery of the mam-moth and the but-
 []


Underfull \hbox (badness 1286) in paragraph at lines 152--157
\OT1/ptm/m/n/9 berg, project guten-berg ebook no. 2848 edi-tion, 2001.
 []


Underfull \hbox (badness 4391) in paragraph at lines 152--157
\OT1/ptm/m/n/9 Pub-lic do-main in the USA. Last up-dated: Jan-uary
 []


Underfull \hbox (badness 10000) in paragraph at lines 165--170
[]\OT1/ptm/m/n/9 Junho.  Ecdo kmls.  []$\OT1/pcr/m/n/9 https : / / github . com
 /
 []


Underfull \hbox (badness 10000) in paragraph at lines 165--170
\OT1/pcr/m/n/9 sovrynn / ecdo / tree / master / 5-[]TOOLS-[]DEV /
 []


Underfull \hbox (badness 10000) in paragraph at lines 172--175
[]\OT1/ptm/m/n/9 Junho.  Ecdo github re-search repos-i-tory, 2024.
 []


Underfull \hbox (badness 10000) in paragraph at lines 177--181
[]\OT1/ptm/m/n/9 Junho.  Egypt cat-a-clysm chronol-ogy, 2025.
 []


Underfull \hbox (badness 10000) in paragraph at lines 177--181
\OT1/ptm/m/n/9 https://github.com/sovrynn/ecdo/tree/master/1-
 []


Underfull \hbox (badness 10000) in paragraph at lines 188--192
[]\OT1/ptm/m/n/9 D. Kout-soyian-nis, N. Ma-mas-sis, A. Ef-s-tra-tiadis,
 []


Underfull \hbox (badness 1028) in paragraph at lines 188--192
\OT1/ptm/m/n/9 N. Zarkadoulas, and Y. Marko-nis.  \OT1/ptm/m/it/9 Floods in Gre
ece\OT1/ptm/m/n/9 ,
 []


Underfull \hbox (badness 1735) in paragraph at lines 200--205
\OT1/ptm/m/n/9 averaged co2 de-ter-mined from noaa global mon-i-tor-ing
 []

[19


]
Underfull \hbox (badness 10000) in paragraph at lines 236--240
[]\OT1/ptm/m/n/9 D. J. McAdam.  The scheme of the pe-ru-vian
 []


Underfull \hbox (badness 10000) in paragraph at lines 236--240
\OT1/ptm/m/n/9 sa-vants.  []$\OT1/pcr/m/n/9 https : / / www . djmcadam . com /
 []


Underfull \hbox (badness 1527) in paragraph at lines 242--245
[]\OT1/ptm/m/n/9 M. W. McEl-hinny.  \OT1/ptm/m/it/9 Pa-le-o-mag-netism: Con-ti-
nents and
 []


Underfull \hbox (badness 5050) in paragraph at lines 334--339
[]\OT1/ptm/m/n/9 T. E. Skep-tic.  Exother-mic core-mantle de-cou-pling
 []


Underfull \hbox (badness 10000) in paragraph at lines 334--339
\OT1/ptm/m/n/9 { dzhanibekov os-cil-la-tion (ecdo) hy-poth-e-sis, 2024.
 []


Underfull \hbox (badness 10000) in paragraph at lines 334--339
\OT1/ptm/m/n/9 https://theethicalskeptic.com/2024/05/12/exothermic-
 []


Underfull \hbox (badness 10000) in paragraph at lines 334--339
\OT1/ptm/m/n/9 core-mantle-decoupling-dzhanibekov-oscillation-ecdo-
 []


Underfull \hbox (badness 10000) in paragraph at lines 341--344
[]\OT1/ptm/m/n/9 T. E. Skep-tic.  Hid-den in plain sight, 2024.
 []


Underfull \hbox (badness 10000) in paragraph at lines 341--344
\OT1/ptm/m/n/9 https://theethicalskeptic.com/2023/12/18/hidden-in-plain-
 []


Underfull \hbox (badness 4303) in paragraph at lines 346--351
[]\OT1/ptm/m/n/9 T. E. Skep-tic.  Mas-ter exother-mic core-mantle de-
 []


Underfull \hbox (badness 10000) in paragraph at lines 346--351
\OT1/ptm/m/n/9 cou-pling { dzhanibekov os-cil-la-tion (ecdo) the-ory,
 []


Underfull \hbox (badness 6842) in paragraph at lines 346--351
\OT1/ptm/m/n/9 2024.  https://theethicalskeptic.com/2024/05/23/master-
 []


Underfull \hbox (badness 10000) in paragraph at lines 346--351
\OT1/ptm/m/n/9 exothermic-core-mantle-decoupling-dzhanibekov-
 []


Underfull \hbox (badness 10000) in paragraph at lines 353--359
\OT1/pcr/m/n/9 ecdo / tree / master / 0-[]FOUNDATION-[]THEORY / s2 #
 []


Underfull \hbox (badness 10000) in paragraph at lines 441--444
[]\OT1/ptm/m/n/9 Wikibooks.  Chi-nese sto-ries/n[]uwa.  []$\OT1/pcr/m/n/9 https
 :
 []


Underfull \hbox (badness 10000) in paragraph at lines 441--444
\OT1/pcr/m/n/9 / / en . wikibooks . org / wiki / Chinese _ Stories /
 []

[20]
Underfull \hbox (badness 10000) in paragraph at lines 451--454
[]\OT1/ptm/m/n/9 Wikipedia.  Great pyra-mid of giza.  []$\OT1/pcr/m/n/9 https :

 []


Underfull \hbox (badness 10000) in paragraph at lines 451--454
\OT1/pcr/m/n/9 / / en . wikipedia . org / wiki / Great _ Pyramid _
 []


Underfull \hbox (badness 5893) in paragraph at lines 456--459
[]\OT1/ptm/m/n/9 Wikipedia.  Pyra-mid of khafre.  []$\OT1/pcr/m/n/9 https : / /
 en .
 []


Underfull \hbox (badness 5847) in paragraph at lines 461--464
[]\OT1/ptm/m/n/9 Wikipedia.  Salt min-ing, 2024.  []$\OT1/pcr/m/n/9 https : / /
 en .
 []

) [21

] (./1spanishtranslated.aux)
 ***********
LaTeX2e <2023-11-01> patch level 1
L3 programming layer <2024-01-22>
 ***********


LaTeX Warning: There were multiply-defined labels.

 ) 
Here is how much of TeX's memory you used:
 10611 strings out of 475662
 159446 string characters out of 5784442
 1949975 words of memory out of 5000000
 32447 multiletter control sequences out of 15000+600000
 584759 words of font info for 95 fonts, out of 8000000 for 9000
 264 hyphenation exceptions out of 8191
 75i,9n,79p,4543b,621s stack positions out of 10000i,1000n,20000p,200000b,200000s
</usr/share/texlive/texmf-dist/fonts/type1/public/amsfonts/cm/cmmi10.pfb></us
r/share/texlive/texmf-dist/fonts/type1/public/amsfonts/cm/cmmi9.pfb></usr/share
/texlive/texmf-dist/fonts/type1/public/amsfonts/cm/cmr7.pfb></usr/share/texlive
/texmf-dist/fonts/type1/urw/courier/ucrr8a.pfb></usr/share/texlive/texmf-dist/f
onts/type1/urw/times/utmb8a.pfb></usr/share/texlive/texmf-dist/fonts/type1/urw/
times/utmbi8a.pfb></usr/share/texlive/texmf-dist/fonts/type1/urw/times/utmr8a.p
fb></usr/share/texlive/texmf-dist/fonts/type1/urw/times/utmri8a.pfb>
Output written on 1spanishtranslated.pdf (21 pages, 7324740 bytes).
PDF statistics:
 529 PDF objects out of 1000 (max. 8388607)
 436 compressed objects within 5 object streams
 148 named destinations out of 1000 (max. 500000)
 111 words of extra memory for PDF output out of 10000 (max. 10000000)

