This is pdfTeX, Version 3.141592653-2.6-1.40.25 (TeX Live 2023/Debian) (preloaded format=pdflatex 2025.6.27)  10 JUL 2025 20:37
entering extended mode
 restricted \write18 enabled.
 %&-line parsing enabled.
**2germantranslated.tex
(./2germantranslated.tex
LaTeX2e <2023-11-01> patch level 1
L3 programming layer <2024-01-22>
(/usr/share/texlive/texmf-dist/tex/latex/base/article.cls
Document Class: article 2023/05/17 v1.4n Standard LaTeX document class
(/usr/share/texlive/texmf-dist/tex/latex/base/size10.clo
File: size10.clo 2023/05/17 v1.4n Standard LaTeX file (size option)
)
\c@part=\count187
\c@section=\count188
\c@subsection=\count189
\c@subsubsection=\count190
\c@paragraph=\count191
\c@subparagraph=\count192
\c@figure=\count193
\c@table=\count194
\abovecaptionskip=\skip48
\belowcaptionskip=\skip49
\bibindent=\dimen140
)
(/usr/share/texlive/texmf-dist/tex/latex/booktabs/booktabs.sty
Package: booktabs 2020/01/12 v1.61803398 Publication quality tables
\heavyrulewidth=\dimen141
\lightrulewidth=\dimen142
\cmidrulewidth=\dimen143
\belowrulesep=\dimen144
\belowbottomsep=\dimen145
\aboverulesep=\dimen146
\abovetopsep=\dimen147
\cmidrulesep=\dimen148
\cmidrulekern=\dimen149
\defaultaddspace=\dimen150
\@cmidla=\count195
\@cmidlb=\count196
\@aboverulesep=\dimen151
\@belowrulesep=\dimen152
\@thisruleclass=\count197
\@lastruleclass=\count198
\@thisrulewidth=\dimen153
)
(/usr/share/texlive/texmf-dist/tex/latex/sttools/stfloats.sty
Package: stfloats 2017/03/27 v3.3 Improve float mechanism and baselineskip sett
ings
\@dblbotnum=\count199
\c@dblbotnumber=\count266
)
(/usr/share/texlive/texmf-dist/tex/latex/base/fontenc.sty
Package: fontenc 2021/04/29 v2.0v Standard LaTeX package
)
(/usr/share/texlive/texmf-dist/tex/latex/base/inputenc.sty
Package: inputenc 2021/02/14 v1.3d Input encoding file
\inpenc@prehook=\toks17
\inpenc@posthook=\toks18
) (./cvpr.sty
(./eso-pic.sty
Package: eso-pic 2002/11/16 v1.1b eso-pic (RN)
 (./cvpr_eso.sty

LaTeX Warning: You have requested package `eso-pic',
               but the package provides `everyshi'.

Package: everyshi 2001/05/15 v3.00 EveryShipout Package (MS)
) (/usr/share/texlive/texmf-dist/tex/latex/graphics/keyval.sty
Package: keyval 2022/05/29 v1.15 key=value parser (DPC)
\KV@toks@=\toks19
))
(/usr/share/texlive/texmf-dist/tex/latex/tools/xspace.sty
Package: xspace 2014/10/28 v1.13 Space after command names (DPC,MH)
)
CVPR 8.5 x 11-Inch Proceedings Style `cvpr.sty'.
\@ctmp=\skip50
\@figindent=\skip51
\cvprrulerbox=\box51
\cvprrulercount=\count267
\cvprruleroffset=\dimen154
\cv@lineheight=\dimen155
\cv@boxheight=\dimen156
\cv@tmpbox=\box52
\cv@refno=\count268
\cv@tot=\count269
\cv@tmpc@=\count270
\cv@tmpc=\count271
) (/usr/share/texlive/texmf-dist/tex/latex/psnfss/times.sty
Package: times 2020/03/25 PSNFSS-v9.3 (SPQR) 
)
(/usr/share/texlive/texmf-dist/tex/latex/graphics/epsfig.sty
Package: epsfig 2017/06/25 v1.7b (e)psfig emulation (SPQR)

(/usr/share/texlive/texmf-dist/tex/latex/graphics/graphicx.sty
Package: graphicx 2021/09/16 v1.2d Enhanced LaTeX Graphics (DPC,SPQR)

(/usr/share/texlive/texmf-dist/tex/latex/graphics/graphics.sty
Package: graphics 2022/03/10 v1.4e Standard LaTeX Graphics (DPC,SPQR)

(/usr/share/texlive/texmf-dist/tex/latex/graphics/trig.sty
Package: trig 2021/08/11 v1.11 sin cos tan (DPC)
)
(/usr/share/texlive/texmf-dist/tex/latex/graphics-cfg/graphics.cfg
File: graphics.cfg 2016/06/04 v1.11 sample graphics configuration
)
Package graphics Info: Driver file: pdftex.def on input line 107.

(/usr/share/texlive/texmf-dist/tex/latex/graphics-def/pdftex.def
File: pdftex.def 2022/09/22 v1.2b Graphics/color driver for pdftex
))
\Gin@req@height=\dimen157
\Gin@req@width=\dimen158
)
\epsfxsize=\dimen159
\epsfysize=\dimen160
)
(/usr/share/texlive/texmf-dist/tex/latex/amsmath/amsmath.sty
Package: amsmath 2023/05/13 v2.17o AMS math features
\@mathmargin=\skip52

For additional information on amsmath, use the `?' option.
(/usr/share/texlive/texmf-dist/tex/latex/amsmath/amstext.sty
Package: amstext 2021/08/26 v2.01 AMS text

(/usr/share/texlive/texmf-dist/tex/latex/amsmath/amsgen.sty
File: amsgen.sty 1999/11/30 v2.0 generic functions
\@emptytoks=\toks20
\ex@=\dimen161
))
(/usr/share/texlive/texmf-dist/tex/latex/amsmath/amsbsy.sty
Package: amsbsy 1999/11/29 v1.2d Bold Symbols
\pmbraise@=\dimen162
)
(/usr/share/texlive/texmf-dist/tex/latex/amsmath/amsopn.sty
Package: amsopn 2022/04/08 v2.04 operator names
)
\inf@bad=\count272
LaTeX Info: Redefining \frac on input line 234.
\uproot@=\count273
\leftroot@=\count274
LaTeX Info: Redefining \overline on input line 399.
LaTeX Info: Redefining \colon on input line 410.
\classnum@=\count275
\DOTSCASE@=\count276
LaTeX Info: Redefining \ldots on input line 496.
LaTeX Info: Redefining \dots on input line 499.
LaTeX Info: Redefining \cdots on input line 620.
\Mathstrutbox@=\box53
\strutbox@=\box54
LaTeX Info: Redefining \big on input line 722.
LaTeX Info: Redefining \Big on input line 723.
LaTeX Info: Redefining \bigg on input line 724.
LaTeX Info: Redefining \Bigg on input line 725.
\big@size=\dimen163
LaTeX Font Info:    Redeclaring font encoding OML on input line 743.
LaTeX Font Info:    Redeclaring font encoding OMS on input line 744.
\macc@depth=\count277
LaTeX Info: Redefining \bmod on input line 905.
LaTeX Info: Redefining \pmod on input line 910.
LaTeX Info: Redefining \smash on input line 940.
LaTeX Info: Redefining \relbar on input line 970.
LaTeX Info: Redefining \Relbar on input line 971.
\c@MaxMatrixCols=\count278
\dotsspace@=\muskip16
\c@parentequation=\count279
\dspbrk@lvl=\count280
\tag@help=\toks21
\row@=\count281
\column@=\count282
\maxfields@=\count283
\andhelp@=\toks22
\eqnshift@=\dimen164
\alignsep@=\dimen165
\tagshift@=\dimen166
\tagwidth@=\dimen167
\totwidth@=\dimen168
\lineht@=\dimen169
\@envbody=\toks23
\multlinegap=\skip53
\multlinetaggap=\skip54
\mathdisplay@stack=\toks24
LaTeX Info: Redefining \[ on input line 2953.
LaTeX Info: Redefining \] on input line 2954.
)
(/usr/share/texlive/texmf-dist/tex/latex/amsfonts/amssymb.sty
Package: amssymb 2013/01/14 v3.01 AMS font symbols

(/usr/share/texlive/texmf-dist/tex/latex/amsfonts/amsfonts.sty
Package: amsfonts 2013/01/14 v3.01 Basic AMSFonts support
\symAMSa=\mathgroup4
\symAMSb=\mathgroup5
LaTeX Font Info:    Redeclaring math symbol \hbar on input line 98.
LaTeX Font Info:    Overwriting math alphabet `\mathfrak' in version `bold'
(Font)                  U/euf/m/n --> U/euf/b/n on input line 106.
))
(/usr/share/texlive/texmf-dist/tex/latex/hyperref/hyperref.sty
Package: hyperref 2024-01-20 v7.01h Hypertext links for LaTeX

(/usr/share/texlive/texmf-dist/tex/generic/iftex/iftex.sty
Package: iftex 2022/02/03 v1.0f TeX engine tests
)
(/usr/share/texlive/texmf-dist/tex/latex/kvsetkeys/kvsetkeys.sty
Package: kvsetkeys 2022-10-05 v1.19 Key value parser (HO)
)
(/usr/share/texlive/texmf-dist/tex/generic/kvdefinekeys/kvdefinekeys.sty
Package: kvdefinekeys 2019-12-19 v1.6 Define keys (HO)
)
(/usr/share/texlive/texmf-dist/tex/generic/pdfescape/pdfescape.sty
Package: pdfescape 2019/12/09 v1.15 Implements pdfTeX's escape features (HO)

(/usr/share/texlive/texmf-dist/tex/generic/ltxcmds/ltxcmds.sty
Package: ltxcmds 2023-12-04 v1.26 LaTeX kernel commands for general use (HO)
)
(/usr/share/texlive/texmf-dist/tex/generic/pdftexcmds/pdftexcmds.sty
Package: pdftexcmds 2020-06-27 v0.33 Utility functions of pdfTeX for LuaTeX (HO
)

(/usr/share/texlive/texmf-dist/tex/generic/infwarerr/infwarerr.sty
Package: infwarerr 2019/12/03 v1.5 Providing info/warning/error messages (HO)
)
Package pdftexcmds Info: \pdf@primitive is available.
Package pdftexcmds Info: \pdf@ifprimitive is available.
Package pdftexcmds Info: \pdfdraftmode found.
))
(/usr/share/texlive/texmf-dist/tex/latex/hycolor/hycolor.sty
Package: hycolor 2020-01-27 v1.10 Color options for hyperref/bookmark (HO)
)
(/usr/share/texlive/texmf-dist/tex/latex/auxhook/auxhook.sty
Package: auxhook 2019-12-17 v1.6 Hooks for auxiliary files (HO)
)
(/usr/share/texlive/texmf-dist/tex/latex/hyperref/nameref.sty
Package: nameref 2023-11-26 v2.56 Cross-referencing by name of section

(/usr/share/texlive/texmf-dist/tex/latex/refcount/refcount.sty
Package: refcount 2019/12/15 v3.6 Data extraction from label references (HO)
)
(/usr/share/texlive/texmf-dist/tex/generic/gettitlestring/gettitlestring.sty
Package: gettitlestring 2019/12/15 v1.6 Cleanup title references (HO)

(/usr/share/texlive/texmf-dist/tex/latex/kvoptions/kvoptions.sty
Package: kvoptions 2022-06-15 v3.15 Key value format for package options (HO)
))
\c@section@level=\count284
)
(/usr/share/texlive/texmf-dist/tex/latex/etoolbox/etoolbox.sty
Package: etoolbox 2020/10/05 v2.5k e-TeX tools for LaTeX (JAW)
\etb@tempcnta=\count285
)
\@linkdim=\dimen170
\Hy@linkcounter=\count286
\Hy@pagecounter=\count287

(/usr/share/texlive/texmf-dist/tex/latex/hyperref/pd1enc.def
File: pd1enc.def 2024-01-20 v7.01h Hyperref: PDFDocEncoding definition (HO)
Now handling font encoding PD1 ...
... no UTF-8 mapping file for font encoding PD1
)
(/usr/share/texlive/texmf-dist/tex/generic/intcalc/intcalc.sty
Package: intcalc 2019/12/15 v1.3 Expandable calculations with integers (HO)
)
\Hy@SavedSpaceFactor=\count288

(/usr/share/texlive/texmf-dist/tex/latex/hyperref/puenc.def
File: puenc.def 2024-01-20 v7.01h Hyperref: PDF Unicode definition (HO)
Now handling font encoding PU ...
... no UTF-8 mapping file for font encoding PU
)
Package hyperref Info: Option `breaklinks' set `true' on input line 4062.
Package hyperref Info: Option `bookmarks' set `false' on input line 4062.
Package hyperref Info: Hyper figures OFF on input line 4179.
Package hyperref Info: Link nesting OFF on input line 4184.
Package hyperref Info: Hyper index ON on input line 4187.
Package hyperref Info: Plain pages OFF on input line 4194.
Package hyperref Info: Backreferencing OFF on input line 4199.
Package hyperref Info: Implicit mode ON; LaTeX internals redefined.
Package hyperref Info: Bookmarks OFF on input line 4452.
\c@Hy@tempcnt=\count289

(/usr/share/texlive/texmf-dist/tex/latex/url/url.sty
\Urlmuskip=\muskip17
Package: url 2013/09/16  ver 3.4  Verb mode for urls, etc.
)
LaTeX Info: Redefining \url on input line 4784.
\XeTeXLinkMargin=\dimen171

(/usr/share/texlive/texmf-dist/tex/generic/bitset/bitset.sty
Package: bitset 2019/12/09 v1.3 Handle bit-vector datatype (HO)

(/usr/share/texlive/texmf-dist/tex/generic/bigintcalc/bigintcalc.sty
Package: bigintcalc 2019/12/15 v1.5 Expandable calculations on big integers (HO
)
))
\Fld@menulength=\count290
\Field@Width=\dimen172
\Fld@charsize=\dimen173
Package hyperref Info: Hyper figures OFF on input line 6063.
Package hyperref Info: Link nesting OFF on input line 6068.
Package hyperref Info: Hyper index ON on input line 6071.
Package hyperref Info: backreferencing OFF on input line 6078.
Package hyperref Info: Link coloring OFF on input line 6083.
Package hyperref Info: Link coloring with OCG OFF on input line 6088.
Package hyperref Info: PDF/A mode OFF on input line 6093.

(/usr/share/texlive/texmf-dist/tex/latex/base/atbegshi-ltx.sty
Package: atbegshi-ltx 2021/01/10 v1.0c Emulation of the original atbegshi
package with kernel methods
)
\Hy@abspage=\count291
\c@Item=\count292
\c@Hfootnote=\count293
)
Package hyperref Info: Driver (autodetected): hpdftex.

(/usr/share/texlive/texmf-dist/tex/latex/hyperref/hpdftex.def
File: hpdftex.def 2024-01-20 v7.01h Hyperref driver for pdfTeX

(/usr/share/texlive/texmf-dist/tex/latex/base/atveryend-ltx.sty
Package: atveryend-ltx 2020/08/19 v1.0a Emulation of the original atveryend pac
kage
with kernel methods
)
\Fld@listcount=\count294
\c@bookmark@seq@number=\count295

(/usr/share/texlive/texmf-dist/tex/latex/rerunfilecheck/rerunfilecheck.sty
Package: rerunfilecheck 2022-07-10 v1.10 Rerun checks for auxiliary files (HO)

(/usr/share/texlive/texmf-dist/tex/generic/uniquecounter/uniquecounter.sty
Package: uniquecounter 2019/12/15 v1.4 Provide unlimited unique counter (HO)
)
Package uniquecounter Info: New unique counter `rerunfilecheck' on input line 2
85.
)
\Hy@SectionHShift=\skip55
)
LaTeX Font Info:    Trying to load font information for T1+ptm on input line 46
.

(/usr/share/texlive/texmf-dist/tex/latex/psnfss/t1ptm.fd
File: t1ptm.fd 2001/06/04 font definitions for T1/ptm.
)
(/usr/share/texlive/texmf-dist/tex/latex/l3backend/l3backend-pdftex.def
File: l3backend-pdftex.def 2024-01-04 L3 backend support: PDF output (pdfTeX)
\l__color_backend_stack_int=\count296
\l__pdf_internal_box=\box55
)
(./2germantranslated.aux

LaTeX Warning: Label `fig:onecol' multiply defined.


LaTeX Warning: Label `fig:onecol' multiply defined.


LaTeX Warning: Label `fig:onecol' multiply defined.


LaTeX Warning: Label `fig:onecol' multiply defined.


LaTeX Warning: Label `fig:onecol' multiply defined.


LaTeX Warning: Label `fig:onecol' multiply defined.


LaTeX Warning: Label `fig:onecol' multiply defined.


LaTeX Warning: Label `fig:onecol' multiply defined.


LaTeX Warning: Label `fig:onecol' multiply defined.


LaTeX Warning: Label `fig:onecol' multiply defined.


LaTeX Warning: Label `fig:onecol' multiply defined.


LaTeX Warning: Label `fig:onecol' multiply defined.

)
\openout1 = `2germantranslated.aux'.

LaTeX Font Info:    Checking defaults for OML/cmm/m/it on input line 46.
LaTeX Font Info:    ... okay on input line 46.
LaTeX Font Info:    Checking defaults for OMS/cmsy/m/n on input line 46.
LaTeX Font Info:    ... okay on input line 46.
LaTeX Font Info:    Checking defaults for OT1/cmr/m/n on input line 46.
LaTeX Font Info:    ... okay on input line 46.
LaTeX Font Info:    Checking defaults for T1/cmr/m/n on input line 46.
LaTeX Font Info:    ... okay on input line 46.
LaTeX Font Info:    Checking defaults for TS1/cmr/m/n on input line 46.
LaTeX Font Info:    ... okay on input line 46.
LaTeX Font Info:    Checking defaults for OMX/cmex/m/n on input line 46.
LaTeX Font Info:    ... okay on input line 46.
LaTeX Font Info:    Checking defaults for U/cmr/m/n on input line 46.
LaTeX Font Info:    ... okay on input line 46.
LaTeX Font Info:    Checking defaults for PD1/pdf/m/n on input line 46.
LaTeX Font Info:    ... okay on input line 46.
LaTeX Font Info:    Checking defaults for PU/pdf/m/n on input line 46.
LaTeX Font Info:    ... okay on input line 46.
 ABD: EveryShipout initializing macros
(/usr/share/texlive/texmf-dist/tex/latex/graphics/color.sty
Package: color 2022/01/06 v1.3d Standard LaTeX Color (DPC)

(/usr/share/texlive/texmf-dist/tex/latex/graphics-cfg/color.cfg
File: color.cfg 2016/01/02 v1.6 sample color configuration
)
Package color Info: Driver file: pdftex.def on input line 149.

(/usr/share/texlive/texmf-dist/tex/latex/graphics/mathcolor.ltx))
(/usr/share/texlive/texmf-dist/tex/context/base/mkii/supp-pdf.mkii
[Loading MPS to PDF converter (version 2006.09.02).]
\scratchcounter=\count297
\scratchdimen=\dimen174
\scratchbox=\box56
\nofMPsegments=\count298
\nofMParguments=\count299
\everyMPshowfont=\toks25
\MPscratchCnt=\count300
\MPscratchDim=\dimen175
\MPnumerator=\count301
\makeMPintoPDFobject=\count302
\everyMPtoPDFconversion=\toks26
) (/usr/share/texlive/texmf-dist/tex/latex/epstopdf-pkg/epstopdf-base.sty
Package: epstopdf-base 2020-01-24 v2.11 Base part for package epstopdf
Package epstopdf-base Info: Redefining graphics rule for `.eps' on input line 4
85.

(/usr/share/texlive/texmf-dist/tex/latex/latexconfig/epstopdf-sys.cfg
File: epstopdf-sys.cfg 2010/07/13 v1.3 Configuration of (r)epstopdf for TeX Liv
e
))
Package hyperref Info: Link coloring OFF on input line 46.
LaTeX Font Info:    Trying to load font information for U+msa on input line 70.


(/usr/share/texlive/texmf-dist/tex/latex/amsfonts/umsa.fd
File: umsa.fd 2013/01/14 v3.01 AMS symbols A
)
LaTeX Font Info:    Trying to load font information for U+msb on input line 70.


(/usr/share/texlive/texmf-dist/tex/latex/amsfonts/umsb.fd
File: umsb.fd 2013/01/14 v3.01 AMS symbols B
)
LaTeX Font Info:    Trying to load font information for T1+pcr on input line 70
.

(/usr/share/texlive/texmf-dist/tex/latex/psnfss/t1pcr.fd
File: t1pcr.fd 2001/06/04 font definitions for T1/pcr.
)
Underfull \hbox (badness 7814) in paragraph at lines 75--77
[]\T1/ptm/m/it/10 Dieses Forschungspa-pier bildet den zweiten Teil
 []


Underfull \hbox (badness 10000) in paragraph at lines 75--77
\T1/ptm/m/it/10 einer zweit-eili-gen kom-prim-ierten Zusam-men-fas-sung
 []


Underfull \hbox (badness 1127) in paragraph at lines 75--77
\T1/ptm/m/it/10 von 6 Monaten un-ab-hängiger Forschung [[], []] zur
 []


Underfull \hbox (badness 10000) in paragraph at lines 82--83
[]\T1/ptm/m/n/10 Die mod-erne uni-for-mi-taris-tis-che Ge-olo-gie und
 []


Underfull \hbox (badness 3557) in paragraph at lines 82--83
\T1/ptm/m/n/10 Geschichtss-chrei-bung be-hauptet, dass groÿe ge-ol-o-gis-
 []


Underfull \hbox (badness 1112) in paragraph at lines 82--83
\T1/ptm/m/n/10 von Jahren ent-standen sind [[]]; dass Salz im Death
 []


Underfull \hbox (badness 1360) in paragraph at lines 82--83
\T1/ptm/m/n/10 ver-brachten, gi-gan-tis-che Gräber zu errichten [[], []];
 []

<jarkov-mammoth.jpg, id=16, 1284.8pt x 856.19875pt>
File: jarkov-mammoth.jpg Graphic file (type jpg)
<use jarkov-mammoth.jpg>
Package pdftex.def Info: jarkov-mammoth.jpg  used on input line 91.
(pdftex.def)             Requested size: 237.13594pt x 158.02847pt.
[1{/var/lib/texmf/fonts/map/pdftex/updmap/pdftex.map}{/usr/share/texlive/texmf-
dist/fonts/enc/dvips/base/8r.enc}


 <./jarkov-mammoth.jpg>]
Underfull \hbox (badness 1221) in paragraph at lines 102--103
[]\T1/ptm/m/n/10 Der Grand Canyon, Teil des Great Basin im Süd-
 []

<grand-canyon.jpg, id=49, 481.8pt x 321.2pt>
File: grand-canyon.jpg Graphic file (type jpg)
<use grand-canyon.jpg>
Package pdftex.def Info: grand-canyon.jpg  used on input line 107.
(pdftex.def)             Requested size: 237.13594pt x 158.09024pt.
<coconino.jpg, id=51, 923.45pt x 1123.19624pt>
File: coconino.jpg Graphic file (type jpg)
<use coconino.jpg>
Package pdftex.def Info: coconino.jpg  used on input line 117.
(pdftex.def)             Requested size: 237.13594pt x 288.42503pt.

Underfull \hbox (badness 2343) in paragraph at lines 124--125
[]\T1/ptm/m/n/10 Ein genauerer Blick auf den Grand Canyon zeigt
 []


Underfull \hbox (badness 3168) in paragraph at lines 124--125
\T1/ptm/m/n/10 uns, dass die Ablagerung dieser aus-gedehn-ten Sed-i-
 []

<Grand_Staircase-big.jpg, id=56, 1355.0625pt x 385.44pt>
File: Grand_Staircase-big.jpg Graphic file (type jpg)
<use Grand_Staircase-big.jpg>
Package pdftex.def Info: Grand_Staircase-big.jpg  used on input line 129.
(pdftex.def)             Requested size: 496.85625pt x 141.32843pt.

Underfull \hbox (badness 1389) in paragraph at lines 137--138
\T1/ptm/m/n/10 über Mil-lio-nen von Jahren durch den Col-orado River
 []

[2 <./grand-canyon.jpg>]
Underfull \hbox (badness 1253) in paragraph at lines 139--140
\T1/ptm/m/n/10 flächen abzu-lagern, des gle-ichzeit-i-gen Auftretens mas-
 []


Underfull \hbox (badness 2538) in paragraph at lines 143--144
[]\T1/ptm/m/n/10 Abgesehen von den Pyra-mi-den ist ein groÿar-tiges
 []

<derinkuyu.jpeg, id=85, 1003.75pt x 648.4225pt>
File: derinkuyu.jpeg Graphic file (type jpg)
<use derinkuyu.jpeg>
Package pdftex.def Info: derinkuyu.jpeg  used on input line 148.
(pdftex.def)             Requested size: 237.13594pt x 153.19063pt.

Underfull \hbox (badness 1221) in paragraph at lines 154--155
\T1/ptm/m/n/10 nur über der Erde möglich sind. Die kon-ven-tionelle
 []


Underfull \hbox (badness 1270) in paragraph at lines 156--157
\T1/ptm/m/n/10 Ein-drin-glin-gen in Notzeiten konzip-iert wurde, son-dern
 []


Underfull \hbox (badness 1910) in paragraph at lines 158--159
\T1/ptm/m/n/10 langfristi-gen, sich selbst er-hal-tenden Schutzraum zum
 []

<derinkuyu-air.jpg, id=90, 1927.2pt x 1445.4pt>
File: derinkuyu-air.jpg Graphic file (type jpg)
<use derinkuyu-air.jpg>
Package pdftex.def Info: derinkuyu-air.jpg  used on input line 163.
(pdftex.def)             Requested size: 237.13594pt x 177.85152pt.

Underfull \hbox (badness 1117) in paragraph at lines 175--176
\T1/ptm/m/n/10 lie dar. In "Reliquoæ Dilu-vianæ" beschreibt William
 []


Underfull \hbox (badness 3158) in paragraph at lines 175--176
\T1/ptm/m/n/10 sames Vorkom-men es keine erk-lär-bare Ur-sache gab,
 []


Underfull \hbox (badness 3895) in paragraph at lines 175--176
\T1/ptm/m/n/10 Mis-chun-gen von Tierüber-resten wur-den auch in der
 []

[3 <./coconino.jpg>]
<muck-crop.jpeg, id=113, 969.6225pt x 637.38126pt>
File: muck-crop.jpeg Graphic file (type jpg)
<use muck-crop.jpeg>
Package pdftex.def Info: muck-crop.jpeg  used on input line 180.
(pdftex.def)             Requested size: 237.13594pt x 155.88258pt.

Underfull \vbox (badness 10000) has occurred while \output is active []



LaTeX Warning: Text page 4 contains only floats.

[4 <./Grand_Staircase-big.jpg> <./derinkuyu.jpeg> <./derinkuyu-air.jpg> <./muck
-crop.jpeg>]
<ww19.jpg, id=128, 955.57pt x 642.4pt>
File: ww19.jpg Graphic file (type jpg)
<use ww19.jpg>
Package pdftex.def Info: ww19.jpg  used on input line 194.
(pdftex.def)             Requested size: 237.13594pt x 159.41353pt.
LaTeX Font Info:    Trying to load font information for TS1+ptm on input line 2
03.
 (/usr/share/texlive/texmf-dist/tex/latex/psnfss/ts1ptm.fd
File: ts1ptm.fd 2001/06/04 font definitions for TS1/ptm.
)
<dolmen.jpg, id=134, 803.0pt x 504.88625pt>
File: dolmen.jpg Graphic file (type jpg)
<use dolmen.jpg>
Package pdftex.def Info: dolmen.jpg  used on input line 208.
(pdftex.def)             Requested size: 237.13594pt x 149.09422pt.

Underfull \vbox (badness 10000) has occurred while \output is active []

 [5 <./ww19.jpg> <./dolmen.jpg>]
<bottleneck.jpg, id=149, 657.45625pt x 1208.515pt>
File: bottleneck.jpg Graphic file (type jpg)
<use bottleneck.jpg>
Package pdftex.def Info: bottleneck.jpg  used on input line 228.
(pdftex.def)             Requested size: 237.13594pt x 435.89488pt.

Underfull \hbox (badness 1748) in paragraph at lines 230--230
[]\T1/ptm/m/n/9 Abbildung 10. []Ein genetis-cher Flaschen-hals, der eine Aus-
 []


Underfull \hbox (badness 2027) in paragraph at lines 236--237
[]\T1/ptm/m/n/10 Einige be-merkenswerte bi-ol-o-gis-che Anoma-lien sind
 []


Underfull \hbox (badness 2012) in paragraph at lines 236--237
\T1/ptm/m/n/10 Sequenzen von heuti-gen Men-schen und iden-ti-fizierten
 []


Underfull \hbox (badness 10000) in paragraph at lines 238--239
[]\T1/ptm/m/n/10 Zahlreiche Masse-nausster-ben haben in der
 []


Underfull \hbox (badness 1490) in paragraph at lines 238--239
\T1/ptm/m/n/10 Erdgeschichte stattge-fun-den, die am gründlich-sten un-
 []


Underfull \hbox (badness 6188) in paragraph at lines 238--239
\T1/ptm/m/n/10 ter-suchten sind die ^^RGroÿen Fünf^^P phanero-zois-chen
 []


Underfull \hbox (badness 3557) in paragraph at lines 238--239
\T1/ptm/m/n/10 che (LDME), per-mis-che (EPME), tri-a-sis-che (ETME)
 []


Underfull \hbox (badness 1142) in paragraph at lines 238--239
\T1/ptm/m/n/10 und krei-dezeitliche (ECME) Masse-nausster-ben [[], []].
 []

<columbia.jpg, id=160, 687.56876pt x 444.66125pt>
File: columbia.jpg Graphic file (type jpg)
<use columbia.jpg>
Package pdftex.def Info: columbia.jpg  used on input line 245.
(pdftex.def)             Requested size: 237.13594pt x 153.354pt.

Underfull \hbox (badness 10000) in paragraph at lines 247--247
[]\T1/ptm/m/n/9 Abbildung 11. []Massive Strö-mungsrip-peln im Glazialsee
 []

<zhangjiajie.jpg, id=168, 1204.5pt x 803.0pt>
File: zhangjiajie.jpg Graphic file (type jpg)
<use zhangjiajie.jpg>
Package pdftex.def Info: zhangjiajie.jpg  used on input line 256.
(pdftex.def)             Requested size: 237.13594pt x 158.08533pt.
[6 <./bottleneck.jpg> <./columbia.jpg>]
<hoy.jpg, id=189, 770.88pt x 433.62pt>
File: hoy.jpg Graphic file (type jpg)
<use hoy.jpg>
Package pdftex.def Info: hoy.jpg  used on input line 266.
(pdftex.def)             Requested size: 237.13594pt x 133.38863pt.

Underfull \hbox (badness 1648) in paragraph at lines 272--273
[]\T1/ptm/m/n/10 Inländische Ero-sion-sstruk-turen wer-den eben-falls gut
 []


Underfull \hbox (badness 1460) in paragraph at lines 276--277
\T1/ptm/m/n/10 Beispiele sind das 4,2-Kilojahr- und das 8,2-Kilojahr-
 []


Underfull \hbox (badness 1917) in paragraph at lines 276--277
\T1/ptm/m/n/10 Anoma-lien in Sediment- und Eisker-nen, fos-silen Ko-
 []


Underfull \hbox (badness 4660) in paragraph at lines 280--281
\T1/ptm/m/n/10 Aufze-ich-nun-gen ver-gan-gener katas-trophaler Ereignisse
 []

<jericho.jpg, id=213, 1082.0425pt x 1087.06125pt>
File: jericho.jpg Graphic file (type jpg)
<use jericho.jpg>
Package pdftex.def Info: jericho.jpg  used on input line 285.
(pdftex.def)             Requested size: 237.13594pt x 238.22533pt.
[7 <./zhangjiajie.jpg> <./hoy.jpg>] [8 <./jericho.jpg>]
(./2germantranslated.bbl
Underfull \hbox (badness 10000) in paragraph at lines 9--11
[]\T1/ptm/m/n/9 Answers re-search jour-nal, 2008--present.
 []


Underfull \hbox (badness 10000) in paragraph at lines 101--105
\T1/pcr/m/n/9 www . getyourguide . com / grand-[]canyon-[]l489 /
 []


Underfull \hbox (badness 2073) in paragraph at lines 126--130
[]\T1/ptm/m/n/9 J. Hol-land.  Mys-tery of the mam-moth and the but-
 []


Underfull \hbox (badness 10000) in paragraph at lines 132--137
[]\T1/ptm/m/n/9 Junho.  Ecdo kmls.  []$\T1/pcr/m/n/9 https : / / github . com /

 []


Underfull \hbox (badness 10000) in paragraph at lines 132--137
\T1/pcr/m/n/9 sovrynn / ecdo / tree / master / 5-[]TOOLS-[]DEV /
 []


Underfull \hbox (badness 10000) in paragraph at lines 139--144
[]\T1/ptm/m/n/9 Junho.  Mega-current rip-ples.  []$\T1/pcr/m/n/9 https :
 []


Underfull \hbox (badness 10000) in paragraph at lines 139--144
\T1/pcr/m/n/9 / / github . com / sovrynn / ecdo / tree /
 []


Underfull \hbox (badness 10000) in paragraph at lines 139--144
\T1/pcr/m/n/9 master / 1-[]EVIDENCE / physical-[]material /
 []


Underfull \hbox (badness 10000) in paragraph at lines 139--144
\T1/pcr/m/n/9 water-[]flow-[]structures /
 []


Underfull \hbox (badness 10000) in paragraph at lines 146--149
[]\T1/ptm/m/n/9 Junho.  Ecdo github re-search repos-i-tory, 2024.
 []


Underfull \hbox (badness 2680) in paragraph at lines 189--193
[]\T1/ptm/m/n/9 National Park Ser-vice.  Ge-ol-ogy - death val-ley na-
 []


Underfull \hbox (badness 1701) in paragraph at lines 195--199
[]\T1/ptm/m/n/9 National Park Ser-vice.  Ge-ol-ogy - grand canyon na-
 []


Underfull \hbox (badness 10000) in paragraph at lines 218--225
\T1/ptm/m/n/9 gri-fone.  []$\T1/pcr/m/n/9 https : / / archivioepensamenti .
 []


Underfull \hbox (badness 10000) in paragraph at lines 218--225
\T1/pcr/m/n/9 blogspot . com / 2017 / 05 /
 []


Underfull \hbox (badness 10000) in paragraph at lines 218--225
\T1/pcr/m/n/9 gli-[]archi-[]di-[]san-[]ciro-[]e-[]i-[]giganti-[]di .
 []


Underfull \hbox (badness 1297) in paragraph at lines 218--225
\T1/pcr/m/n/9 html$[]\T1/ptm/m/n/9 , May 2017.  An-no-tazioni di Rosanna Pel-le
r-ito.
 []

[9


]
Underfull \hbox (badness 4303) in paragraph at lines 277--282
[]\T1/ptm/m/n/9 T. E. Skep-tic.  Mas-ter exother-mic core-mantle de-
 []


Underfull \hbox (badness 10000) in paragraph at lines 277--282
\T1/ptm/m/n/9 cou-pling ^^U dzhanibekov os-cil-la-tion (ecdo) the-ory,
 []


Underfull \hbox (badness 6842) in paragraph at lines 277--282
\T1/ptm/m/n/9 2024.  https://theethicalskeptic.com/2024/05/23/master-
 []


Underfull \hbox (badness 10000) in paragraph at lines 277--282
\T1/ptm/m/n/9 exothermic-core-mantle-decoupling-dzhanibekov-
 []


Underfull \hbox (badness 10000) in paragraph at lines 372--375
[]\T1/ptm/m/n/9 Wikipedia.  Great pyra-mid of giza.  []$\T1/pcr/m/n/9 https :
 []


Underfull \hbox (badness 10000) in paragraph at lines 372--375
\T1/pcr/m/n/9 / / en . wikipedia . org / wiki / Great _ Pyramid _
 []


Underfull \hbox (badness 10000) in paragraph at lines 418--422
\T1/pcr/m/n/9 en . wikipedia . org / wiki / Newgrange # Burials$[]\T1/ptm/m/n/9
 ,
 []

) [10] (./2germantranslated.aux)
 ***********
LaTeX2e <2023-11-01> patch level 1
L3 programming layer <2024-01-22>
 ***********


LaTeX Warning: There were multiply-defined labels.

 ) 
Here is how much of TeX's memory you used:
 10635 strings out of 475142
 159247 string characters out of 5776209
 1950975 words of memory out of 5000000
 32516 multiletter control sequences out of 15000+600000
 591414 words of font info for 91 fonts, out of 8000000 for 9000
 680 hyphenation exceptions out of 8191
 75i,9n,79p,2680b,607s stack positions out of 10000i,1000n,20000p,200000b,200000s
</usr/share/texlive/texmf-dist/fonts/type1/public/amsfonts/cm/cmr7.pfb></usr/
share/texlive/texmf-dist/fonts/type1/urw/courier/ucrr8a.pfb></usr/share/texlive
/texmf-dist/fonts/type1/urw/times/utmb8a.pfb></usr/share/texlive/texmf-dist/fon
ts/type1/urw/times/utmr8a.pfb></usr/share/texlive/texmf-dist/fonts/type1/urw/ti
mes/utmri8a.pfb>
Output written on 2germantranslated.pdf (10 pages, 3141751 bytes).
PDF statistics:
 359 PDF objects out of 1000 (max. 8388607)
 310 compressed objects within 4 object streams
 114 named destinations out of 1000 (max. 500000)
 71 words of extra memory for PDF output out of 10000 (max. 10000000)

