This is LuaHBTeX, Version 1.17.0 (TeX Live 2023/Debian)  (format=lualatex 2025.6.27)  1 JUL 2025 03:02
 restricted system commands enabled.
**2khmerluatex.tex
(./2khmerluatex.tex
LaTeX2e <2023-11-01> patch level 1
L3 programming layer <2024-01-22>
Lua module: luaotfload 2023-08-31 3.26 Lua based OpenType font support
Lua module: lualibs 2023-07-13 2.76 ConTeXt Lua standard libraries.
Lua module: lualibs-extended 2023-07-13 2.76 ConTeXt Lua libraries -- extended c
ollection.
luaotfload | conf : Root cache directory is "/home/m120938/.texlive2023/texmf-va
r/luatex-cache/generic/names".
luaotfload | init : Loading fontloader "fontloader-2023-08-19.lua" from kpse-res
olved path "/usr/share/texlive/texmf-dist/tex/luatex/luaotfload/fontloader-2023-
08-19.lua".
Lua-only attribute luaotfload@noligature = 1
luaotfload | init : Context OpenType loader version 3.133
Inserting `luaotfload.node_processor' in `pre_linebreak_filter'.
Inserting `luaotfload.node_processor' in `hpack_filter'.
Inserting `luaotfload.glyph_stream' in `glyph_stream_provider'.
Inserting `luaotfload.define_font' in `define_font'.
Lua-only attribute luaotfload_color_attribute = 2
luaotfload | conf : Root cache directory is "/home/m120938/.texlive2023/texmf-va
r/luatex-cache/generic/names".
Inserting `luaotfload.harf.strip_prefix' in `find_opentype_file'.
Inserting `luaotfload.harf.strip_prefix' in `find_truetype_file'.
Removing  `luaotfload.glyph_stream' from `glyph_stream_provider'.
Inserting `luaotfload.harf.glyphstream' in `glyph_stream_provider'.
Inserting `luaotfload.harf.finalize_vlist' in `post_linebreak_filter'.
Inserting `luaotfload.harf.finalize_hlist' in `hpack_filter'.
Inserting `luaotfload.cleanup_files' in `wrapup_run'.
Inserting `luaotfload.harf.finalize_unicode' in `finish_pdffile'.
Inserting `luaotfload.glyphinfo' in `glyph_info'.
Lua-only attribute luaotfload.letterspace_done = 3
Inserting `luaotfload.aux.set_sscale_dimens' in `luaotfload.patch_font'.
Inserting `luaotfload.aux.set_font_index' in `luaotfload.patch_font'.
Inserting `luaotfload.aux.patch_cambria_domh' in `luaotfload.patch_font'.
Inserting `luaotfload.aux.fixup_fontdata' in `luaotfload.patch_font_unsafe'.
Inserting `luaotfload.aux.set_capheight' in `luaotfload.patch_font'.
Inserting `luaotfload.aux.set_xheight' in `luaotfload.patch_font'.
Inserting `luaotfload.rewrite_fontname' in `luaotfload.patch_font'.
Inserting `tracingstacklevels' in `input_level_string'. (/usr/share/texlive/tex
mf-dist/tex/latex/base/article.cls
Document Class: article 2023/05/17 v1.4n Standard LaTeX document class
(/usr/share/texlive/texmf-dist/tex/latex/base/size10.clo
File: size10.clo 2023/05/17 v1.4n Standard LaTeX file (size option)
luaotfload | db : Font names database loaded from /home/m120938/.texlive2023/tex
mf-var/luatex-cache/generic/names/luaotfload-names.luc.gz)
\c@part=\count185
\c@section=\count186
\c@subsection=\count187
\c@subsubsection=\count188
\c@paragraph=\count189
\c@subparagraph=\count190
\c@figure=\count191
\c@table=\count192
\abovecaptionskip=\skip48
\belowcaptionskip=\skip49
\bibindent=\dimen139
)
(/usr/share/texlive/texmf-dist/tex/latex/booktabs/booktabs.sty
Package: booktabs 2020/01/12 v1.61803398 Publication quality tables
\heavyrulewidth=\dimen140
\lightrulewidth=\dimen141
\cmidrulewidth=\dimen142
\belowrulesep=\dimen143
\belowbottomsep=\dimen144
\aboverulesep=\dimen145
\abovetopsep=\dimen146
\cmidrulesep=\dimen147
\cmidrulekern=\dimen148
\defaultaddspace=\dimen149
\@cmidla=\count193
\@cmidlb=\count194
\@aboverulesep=\dimen150
\@belowrulesep=\dimen151
\@thisruleclass=\count195
\@lastruleclass=\count196
\@thisrulewidth=\dimen152
)
(/usr/share/texlive/texmf-dist/tex/latex/sttools/stfloats.sty
Package: stfloats 2017/03/27 v3.3 Improve float mechanism and baselineskip sett
ings
\@dblbotnum=\count197
\c@dblbotnumber=\count198
)
(/usr/share/texlive/texmf-dist/tex/generic/iftex/iftex.sty
Package: iftex 2022/02/03 v1.0f TeX engine tests
)
(/usr/share/texlive/texmf-dist/tex/generic/babel/babel.sty
Package: babel 2024/01/07 v24.1 The Babel package

(/usr/share/texlive/texmf-dist/tex/generic/babel/luababel.def
\bbl@readstream=\read2
\l@dumylang=\language2
Package babel Info: Non-standard hyphenation setup on input line 118.
\l@nohyphenation=\language3
\l@vietnamese=\language4
\l@hebrew=\language5
\l@gujarati=\language6
\l@interlingua=\language7
\l@ethiopic=\language8
\l@esperanto=\language9
\l@churchslavonic=\language10
\l@serbian=\language11
\l@coptic=\language12
\l@mongolian=\language13
\l@panjabi=\language14
\l@tamil=\language15
\l@mongolianlmc=\language16
\l@indonesian=\language17
\l@assamese=\language18
\l@telugu=\language19
\l@pali=\language20
\l@sanskrit=\language21
\l@ukrainian=\language22
\l@hindi=\language23
\l@afrikaans=\language24
\l@georgian=\language25
\l@thai=\language26
\l@bulgarian=\language27
\l@armenian=\language28
\l@malayalam=\language29
\l@russian=\language30
\l@serbianc=\language31
\l@kannada=\language32
\l@belarusian=\language33
\l@marathi=\language34
\l@turkmen=\language35
\l@oriya=\language36
\l@bengali=\language37
\l@pinyin=\language38
\babelcatcodetablenum=\catcodetable14
\bbl@pattcodes=\catcodetable15
)
\babel@savecnt=\count199
\U@D=\dimen153
\l@unhyphenated=\language39

(/usr/share/texlive/texmf-dist/tex/generic/babel/luababel.def
\bbl@attr@locale=\attribute4

(/usr/share/texlive/texmf-dist/tex/luatex/luatexbase/luatexbase.sty
Package: luatexbase 2015/10/04 v1.3 luatexbase interface to LuaTeX 

(/usr/share/texlive/texmf-dist/tex/luatex/ctablestack/ctablestack.sty
Package: ctablestack 2015/10/01 v1.0 Catcode table stable support
\@catcodetablestackcnt=\count266
)
\CatcodeTableOther=\catcodetable16
\CatcodeTableExpl=\catcodetable17
)
Removing  `luaotfload.node_processor' from `pre_linebreak_filter'.
Inserting `Babel.pre_otfload_v' in `pre_linebreak_filter'.
Inserting `luaotfload.node_processor' in `pre_linebreak_filter'.
Removing  `luaotfload.node_processor' from `hpack_filter'.
Removing  `luaotfload.harf.finalize_hlist' from `hpack_filter'.
Inserting `Babel.pre_otfload_h' in `hpack_filter'.
Inserting `luaotfload.node_processor' in `hpack_filter'.
Inserting `luaotfload.harf.finalize_hlist' in `hpack_filter'.
\bbl@attr@dir=\attribute5
)
Package babel Info: You haven't specified a language as a class or package
(babel)             option. I'll load 'nil'. Reported on input line 4342.

(/usr/share/texlive/texmf-dist/tex/generic/babel/nil.ldf
Language: nil 2024/01/07 v24.1 Nil language
\l@nil=\language40
))
(/usr/share/texlive/texmf-dist/tex/latex/fontspec/fontspec.sty
(/usr/share/texlive/texmf-dist/tex/latex/l3packages/xparse/xparse.sty
(/usr/share/texlive/texmf-dist/tex/latex/l3kernel/expl3.sty
Package: expl3 2024-01-22 L3 programming layer (loader) 

(/usr/share/texlive/texmf-dist/tex/latex/l3backend/l3backend-luatex.def
File: l3backend-luatex.def 2024-01-04 L3 backend support: PDF output (LuaTeX)
\l__color_backend_stack_int=\count267
Inserting `l3color' in `luaotfload.parse_color'.
\l__pdf_internal_box=\box51
))
Package: xparse 2023-10-10 L3 Experimental document command parser
)
Package: fontspec 2022/01/15 v2.8a Font selection for XeLaTeX and LuaLaTeX
Lua module: fontspec 2022/01/15 2.8a Font selection for XeLaTeX and LuaLaTeX
(/usr/share/texlive/texmf-dist/tex/latex/fontspec/fontspec-luatex.sty
Package: fontspec-luatex 2022/01/15 v2.8a Font selection for XeLaTeX and LuaLaT
eX
\l__fontspec_script_int=\count268
\l__fontspec_language_int=\count269
\l__fontspec_strnum_int=\count270
\l__fontspec_tmp_int=\count271
\l__fontspec_tmpa_int=\count272
\l__fontspec_tmpb_int=\count273
\l__fontspec_tmpc_int=\count274
\l__fontspec_em_int=\count275
\l__fontspec_emdef_int=\count276
\l__fontspec_strong_int=\count277
\l__fontspec_strongdef_int=\count278
\l__fontspec_tmpa_dim=\dimen154
\l__fontspec_tmpb_dim=\dimen155
\l__fontspec_tmpc_dim=\dimen156

(/usr/share/texlive/texmf-dist/tex/latex/base/fontenc.sty
Package: fontenc 2021/04/29 v2.0v Standard LaTeX package
)
(/usr/share/texlive/texmf-dist/tex/latex/fontspec/fontspec.cfg)))
(/usr/share/texlive/texmf-dist/tex/generic/babel/locale/km/babel-khmer.tex)
Package babel Info: Importing data for khmer
(babel)             from babel-km.ini. Reported on input line 29.
Package babel Info: Hyphen rules for 'khmer' set to \l@nil
(babel)             (\language40). Reported on input line 29.
Replacing Khmr script ranges
Inserting `Babel.hyphenate' in `hyphenate'.
(/usr/share/texlive/texmf-dist/tex/generic/babel/locale/km/babel-khmer.tex)
luaotfload | cache : Lookup cache loaded from /home/m120938/.texlive2023/texmf-v
ar/luatex-cache/generic/names/luaotfload-lookup-cache.luc.

Package fontspec Info: NotoSerif scale = 0.80410164145368.


Package fontspec Info: NotoSerif scale = 0.80410164145368.


Package fontspec Info: NotoSerif scale = 0.80410164145368.


Package fontspec Info: NotoSerif/B scale = 0.80410164145368.


Package fontspec Info: NotoSerif/B scale = 0.80410164145368.


Package fontspec Info: NotoSerif/I scale = 0.80410164145368.


Package fontspec Info: NotoSerif/I scale = 0.80410164145368.


Package fontspec Info: NotoSerif/BI scale = 0.80410164145368.


Package fontspec Info: NotoSerif/BI scale = 0.80410164145368.


Package fontspec Info: Font family 'NotoSerif(0)' created for font 'Noto
(fontspec)             Serif' with options
(fontspec)             [Scale=MatchLowercase,Ligatures=TeX,Renderer=Harfbuzz,Li
gatures=TeX,Script=Latin,Language=nil,RawFeature={family=rm}].
(fontspec)              
(fontspec)              This font family consists of the following NFSS
(fontspec)             series/shapes:
(fontspec)              
(fontspec)             - 'normal' (m/n) with NFSS spec.:
(fontspec)             <->s*[0.80410164145368]"NotoSerif:mode=harf;script=latn;
language=dflt;+tlig;family=rm;"
(fontspec)             - 'small caps'  (m/sc) with NFSS spec.:
(fontspec)             <->s*[0.80410164145368]"NotoSerif:mode=harf;script=latn;
language=dflt;+tlig;family=rm;+smcp;"
(fontspec)             - 'bold' (b/n) with NFSS spec.:
(fontspec)             <->s*[0.80410164145368]"NotoSerif/B:mode=harf;script=lat
n;language=dflt;+tlig;family=rm;"
(fontspec)             - 'bold small caps'  (b/sc) with NFSS spec.:
(fontspec)             <->s*[0.80410164145368]"NotoSerif/B:mode=harf;script=lat
n;language=dflt;+tlig;family=rm;+smcp;"
(fontspec)             - 'italic' (m/it) with NFSS spec.:
(fontspec)             <->s*[0.80410164145368]"NotoSerif/I:mode=harf;script=lat
n;language=dflt;+tlig;family=rm;"
(fontspec)             - 'italic small caps'  (m/scit) with NFSS spec.:
(fontspec)             <->s*[0.80410164145368]"NotoSerif/I:mode=harf;script=lat
n;language=dflt;+tlig;family=rm;+smcp;"
(fontspec)             - 'bold italic' (b/it) with NFSS spec.:
(fontspec)             <->s*[0.80410164145368]"NotoSerif/BI:mode=harf;script=la
tn;language=dflt;+tlig;family=rm;"
(fontspec)             - 'bold italic small caps'  (b/scit) with NFSS spec.:
(fontspec)             <->s*[0.80410164145368]"NotoSerif/BI:mode=harf;script=la
tn;language=dflt;+tlig;family=rm;+smcp;"

LaTeX Font Info:    Font shape `TU/NotoSerif(0)/m/n' will be
(Font)              scaled to size 8.04108pt on input line 32.

(./cvpr.sty (./eso-pic.sty
Package: eso-pic 2002/11/16 v1.1b eso-pic (RN)
 (./cvpr_eso.sty

LaTeX Warning: You have requested package `eso-pic',
               but the package provides `everyshi'.

Package: everyshi 2001/05/15 v3.00 EveryShipout Package (MS)
) (/usr/share/texlive/texmf-dist/tex/latex/graphics/keyval.sty
Package: keyval 2022/05/29 v1.15 key=value parser (DPC)
\KV@toks@=\toks17
))
(/usr/share/texlive/texmf-dist/tex/latex/tools/xspace.sty
Package: xspace 2014/10/28 v1.13 Space after command names (DPC,MH)
)
CVPR 8.5 x 11-Inch Proceedings Style `cvpr.sty'.
\@ctmp=\skip50
\@figindent=\skip51
\cvprrulerbox=\box52
\cvprrulercount=\count279
\cvprruleroffset=\dimen157
\cv@lineheight=\dimen158
\cv@boxheight=\dimen159
\cv@tmpbox=\box53
\cv@refno=\count280
\cv@tot=\count281
\cv@tmpc@=\count282
\cv@tmpc=\count283
) (/usr/share/texlive/texmf-dist/tex/latex/psnfss/times.sty
Package: times 2020/03/25 PSNFSS-v9.3 (SPQR) 
)
(/usr/share/texlive/texmf-dist/tex/latex/graphics/epsfig.sty
Package: epsfig 2017/06/25 v1.7b (e)psfig emulation (SPQR)

(/usr/share/texlive/texmf-dist/tex/latex/graphics/graphicx.sty
Package: graphicx 2021/09/16 v1.2d Enhanced LaTeX Graphics (DPC,SPQR)

(/usr/share/texlive/texmf-dist/tex/latex/graphics/graphics.sty
Package: graphics 2022/03/10 v1.4e Standard LaTeX Graphics (DPC,SPQR)

(/usr/share/texlive/texmf-dist/tex/latex/graphics/trig.sty
Package: trig 2021/08/11 v1.11 sin cos tan (DPC)
)
(/usr/share/texlive/texmf-dist/tex/latex/graphics-cfg/graphics.cfg
File: graphics.cfg 2016/06/04 v1.11 sample graphics configuration
)
Package graphics Info: Driver file: luatex.def on input line 107.

(/usr/share/texlive/texmf-dist/tex/latex/graphics-def/luatex.def
File: luatex.def 2022/09/22 v1.2d Graphics/color driver for luatex
))
\Gin@req@height=\dimen160
\Gin@req@width=\dimen161
)
\epsfxsize=\dimen162
\epsfysize=\dimen163
)
(/usr/share/texlive/texmf-dist/tex/latex/amsmath/amsmath.sty
Package: amsmath 2023/05/13 v2.17o AMS math features
\@mathmargin=\skip52

For additional information on amsmath, use the `?' option.
(/usr/share/texlive/texmf-dist/tex/latex/amsmath/amstext.sty
Package: amstext 2021/08/26 v2.01 AMS text

(/usr/share/texlive/texmf-dist/tex/latex/amsmath/amsgen.sty
File: amsgen.sty 1999/11/30 v2.0 generic functions
\@emptytoks=\toks18
\ex@=\dimen164
))
(/usr/share/texlive/texmf-dist/tex/latex/amsmath/amsbsy.sty
Package: amsbsy 1999/11/29 v1.2d Bold Symbols
\pmbraise@=\dimen165
)
(/usr/share/texlive/texmf-dist/tex/latex/amsmath/amsopn.sty
Package: amsopn 2022/04/08 v2.04 operator names
)
\inf@bad=\count284
LaTeX Info: Redefining \frac on input line 236.
\uproot@=\count285
\leftroot@=\count286
LaTeX Info: Redefining \overline on input line 399.
LaTeX Info: Redefining \colon on input line 410.
\classnum@=\count287
\DOTSCASE@=\count288
LaTeX Info: Redefining \ldots on input line 496.
LaTeX Info: Redefining \dots on input line 499.
LaTeX Info: Redefining \cdots on input line 620.
\Mathstrutbox@=\box54
\strutbox@=\box55
LaTeX Info: Redefining \big on input line 722.
LaTeX Info: Redefining \Big on input line 723.
LaTeX Info: Redefining \bigg on input line 724.
LaTeX Info: Redefining \Bigg on input line 725.
\big@size=\dimen166
LaTeX Font Info:    Redeclaring font encoding OML on input line 743.
LaTeX Font Info:    Redeclaring font encoding OMS on input line 744.
\macc@depth=\count289
LaTeX Info: Redefining \bmod on input line 905.
LaTeX Info: Redefining \pmod on input line 910.
LaTeX Info: Redefining \smash on input line 940.
LaTeX Info: Redefining \relbar on input line 970.
LaTeX Info: Redefining \Relbar on input line 971.
\c@MaxMatrixCols=\count290
\dotsspace@=\muskip16
\c@parentequation=\count291
\dspbrk@lvl=\count292
\tag@help=\toks19
\row@=\count293
\column@=\count294
\maxfields@=\count295
\andhelp@=\toks20
\eqnshift@=\dimen167
\alignsep@=\dimen168
\tagshift@=\dimen169
\tagwidth@=\dimen170
\totwidth@=\dimen171
\lineht@=\dimen172
\@envbody=\toks21
\multlinegap=\skip53
\multlinetaggap=\skip54
\mathdisplay@stack=\toks22
LaTeX Info: Redefining \[ on input line 2953.
LaTeX Info: Redefining \] on input line 2954.
)
(/usr/share/texlive/texmf-dist/tex/latex/amsfonts/amssymb.sty
Package: amssymb 2013/01/14 v3.01 AMS font symbols

(/usr/share/texlive/texmf-dist/tex/latex/amsfonts/amsfonts.sty
Package: amsfonts 2013/01/14 v3.01 Basic AMSFonts support
\symAMSa=\mathgroup4
\symAMSb=\mathgroup5
LaTeX Font Info:    Redeclaring math symbol \hbar on input line 98.
LaTeX Font Info:    Overwriting math alphabet `\mathfrak' in version `bold'
(Font)                  U/euf/m/n --> U/euf/b/n on input line 106.
))
(/usr/share/texlive/texmf-dist/tex/latex/hyperref/hyperref.sty
Package: hyperref 2024-01-20 v7.01h Hypertext links for LaTeX

(/usr/share/texlive/texmf-dist/tex/latex/kvsetkeys/kvsetkeys.sty
Package: kvsetkeys 2022-10-05 v1.19 Key value parser (HO)
)
(/usr/share/texlive/texmf-dist/tex/generic/kvdefinekeys/kvdefinekeys.sty
Package: kvdefinekeys 2019-12-19 v1.6 Define keys (HO)
)
(/usr/share/texlive/texmf-dist/tex/generic/pdfescape/pdfescape.sty
Package: pdfescape 2019/12/09 v1.15 Implements pdfTeX's escape features (HO)

(/usr/share/texlive/texmf-dist/tex/generic/ltxcmds/ltxcmds.sty
Package: ltxcmds 2023-12-04 v1.26 LaTeX kernel commands for general use (HO)
)
(/usr/share/texlive/texmf-dist/tex/generic/pdftexcmds/pdftexcmds.sty
Package: pdftexcmds 2020-06-27 v0.33 Utility functions of pdfTeX for LuaTeX (HO
)

(/usr/share/texlive/texmf-dist/tex/generic/infwarerr/infwarerr.sty
Package: infwarerr 2019/12/03 v1.5 Providing info/warning/error messages (HO)
)
Package pdftexcmds Info: \pdf@primitive is available.
Package pdftexcmds Info: \pdf@ifprimitive is available.
Package pdftexcmds Info: \pdfdraftmode found.
\pdftexcmds@toks=\toks23
))
(/usr/share/texlive/texmf-dist/tex/latex/hycolor/hycolor.sty
Package: hycolor 2020-01-27 v1.10 Color options for hyperref/bookmark (HO)
)
(/usr/share/texlive/texmf-dist/tex/latex/auxhook/auxhook.sty
Package: auxhook 2019-12-17 v1.6 Hooks for auxiliary files (HO)
)
(/usr/share/texlive/texmf-dist/tex/latex/hyperref/nameref.sty
Package: nameref 2023-11-26 v2.56 Cross-referencing by name of section

(/usr/share/texlive/texmf-dist/tex/latex/refcount/refcount.sty
Package: refcount 2019/12/15 v3.6 Data extraction from label references (HO)
)
(/usr/share/texlive/texmf-dist/tex/generic/gettitlestring/gettitlestring.sty
Package: gettitlestring 2019/12/15 v1.6 Cleanup title references (HO)

(/usr/share/texlive/texmf-dist/tex/latex/kvoptions/kvoptions.sty
Package: kvoptions 2022-06-15 v3.15 Key value format for package options (HO)
))
\c@section@level=\count296
)
(/usr/share/texlive/texmf-dist/tex/latex/etoolbox/etoolbox.sty
Package: etoolbox 2020/10/05 v2.5k e-TeX tools for LaTeX (JAW)
\etb@tempcnta=\count297
)
\@linkdim=\dimen173
\Hy@linkcounter=\count298
\Hy@pagecounter=\count299

(/usr/share/texlive/texmf-dist/tex/latex/hyperref/pd1enc.def
File: pd1enc.def 2024-01-20 v7.01h Hyperref: PDFDocEncoding definition (HO)
)
(/usr/share/texlive/texmf-dist/tex/generic/intcalc/intcalc.sty
Package: intcalc 2019/12/15 v1.3 Expandable calculations with integers (HO)
)
\Hy@SavedSpaceFactor=\count300

(/usr/share/texlive/texmf-dist/tex/latex/hyperref/puenc.def
File: puenc.def 2024-01-20 v7.01h Hyperref: PDF Unicode definition (HO)
)
Package hyperref Info: Option `breaklinks' set `true' on input line 4062.
Package hyperref Info: Option `bookmarks' set `false' on input line 4062.
Package hyperref Info: Hyper figures OFF on input line 4179.
Package hyperref Info: Link nesting OFF on input line 4184.
Package hyperref Info: Hyper index ON on input line 4187.
Package hyperref Info: Plain pages OFF on input line 4194.
Package hyperref Info: Backreferencing OFF on input line 4199.
Package hyperref Info: Implicit mode ON; LaTeX internals redefined.
Package hyperref Info: Bookmarks OFF on input line 4452.
\c@Hy@tempcnt=\count301

(/usr/share/texlive/texmf-dist/tex/latex/url/url.sty
\Urlmuskip=\muskip17
Package: url 2013/09/16  ver 3.4  Verb mode for urls, etc.
)
LaTeX Info: Redefining \url on input line 4784.
\XeTeXLinkMargin=\dimen174

(/usr/share/texlive/texmf-dist/tex/generic/bitset/bitset.sty
Package: bitset 2019/12/09 v1.3 Handle bit-vector datatype (HO)

(/usr/share/texlive/texmf-dist/tex/generic/bigintcalc/bigintcalc.sty
Package: bigintcalc 2019/12/15 v1.5 Expandable calculations on big integers (HO
)
))
\Fld@menulength=\count302
\Field@Width=\dimen175
\Fld@charsize=\dimen176
Package hyperref Info: Hyper figures OFF on input line 6063.
Package hyperref Info: Link nesting OFF on input line 6068.
Package hyperref Info: Hyper index ON on input line 6071.
Package hyperref Info: backreferencing OFF on input line 6078.
Package hyperref Info: Link coloring OFF on input line 6083.
Package hyperref Info: Link coloring with OCG OFF on input line 6088.
Package hyperref Info: PDF/A mode OFF on input line 6093.

(/usr/share/texlive/texmf-dist/tex/latex/base/atbegshi-ltx.sty
Package: atbegshi-ltx 2021/01/10 v1.0c Emulation of the original atbegshi
package with kernel methods
)
\Hy@abspage=\count303
\c@Item=\count304
\c@Hfootnote=\count305
)
Package hyperref Info: Driver (autodetected): hluatex.

(/usr/share/texlive/texmf-dist/tex/latex/hyperref/hluatex.def
File: hluatex.def 2024-01-20 v7.01h Hyperref driver for luaTeX

(/usr/share/texlive/texmf-dist/tex/generic/stringenc/stringenc.sty
Package: stringenc 2019/11/29 v1.12 Convert strings between diff. encodings (HO
)
)
(/usr/share/texlive/texmf-dist/tex/latex/base/atveryend-ltx.sty
Package: atveryend-ltx 2020/08/19 v1.0a Emulation of the original atveryend pac
kage
with kernel methods
)
\Fld@listcount=\count306
\c@bookmark@seq@number=\count307

(/usr/share/texlive/texmf-dist/tex/latex/rerunfilecheck/rerunfilecheck.sty
Package: rerunfilecheck 2022-07-10 v1.10 Rerun checks for auxiliary files (HO)

(/usr/share/texlive/texmf-dist/tex/generic/uniquecounter/uniquecounter.sty
Package: uniquecounter 2019/12/15 v1.4 Provide unlimited unique counter (HO)
)
Package uniquecounter Info: New unique counter `rerunfilecheck' on input line 2
85.
)
\Hy@SectionHShift=\skip55
)
LaTeX Font Info:    Trying to load font information for TU+ptm on input line 76
.
LaTeX Font Info:    No file TUptm.fd. on input line 76.


LaTeX Font Warning: Font shape `TU/ptm/m/n' undefined
(Font)              using `TU/lmr/m/n' instead on input line 76.


Package fontspec Info: NotoSansKhmer scale = 0.80410164145368.


Package fontspec Info: Could not resolve font "NotoSansKhmer/BI" (it probably
(fontspec)             doesn't exist).


Package fontspec Info: Could not resolve font "NotoSansKhmer/I" (it probably
(fontspec)             doesn't exist).


Package fontspec Info: NotoSansKhmer scale = 0.80410164145368.


Package fontspec Info: NotoSansKhmer/B scale = 0.80410164145368.


Package fontspec Info: Font family 'NotoSansKhmer(0)' created for font 'Noto
(fontspec)             Sans Khmer' with options
(fontspec)             [Scale=MatchLowercase,Ligatures=TeX,Renderer=Harfbuzz,Li
gatures=TeX,Script=Khmer,Language=Khmer,RawFeature={family=rm},Renderer=Harfbuz
z].
(fontspec)              
(fontspec)              This font family consists of the following NFSS
(fontspec)             series/shapes:
(fontspec)              
(fontspec)             - 'normal' (m/n) with NFSS spec.:
(fontspec)             <->s*[0.80410164145368]"NotoSansKhmer:mode=harf;script=k
hmr;language=dflt;+tlig;family=rm;"
(fontspec)             - 'small caps'  (m/sc) with NFSS spec.: 
(fontspec)             - 'bold' (b/n) with NFSS spec.:
(fontspec)             <->s*[0.80410164145368]"NotoSansKhmer/B:mode=harf;script
=khmr;language=dflt;+tlig;family=rm;"
(fontspec)             - 'bold small caps'  (b/sc) with NFSS spec.: 

LaTeX Font Info:    Font shape `TU/NotoSansKhmer(0)/m/n' will be
(Font)              scaled to size 8.04108pt on input line 76.

Package fontspec Info: NotoSansKhmer scale = 0.8041044882342558.


Package fontspec Info: Could not resolve font "NotoSansKhmer/BI" (it probably
(fontspec)             doesn't exist).


Package fontspec Info: Could not resolve font "NotoSansKhmer/I" (it probably
(fontspec)             doesn't exist).


Package fontspec Info: NotoSansKhmer scale = 0.8041044882342558.


Package fontspec Info: NotoSansKhmer/B scale = 0.8041044882342558.


Package fontspec Info: Font family 'NotoSansKhmer(1)' created for font 'Noto
(fontspec)             Sans Khmer' with options
(fontspec)             [Scale=MatchLowercase,Ligatures=TeX,Renderer=Harfbuzz,Li
gatures=TeX,Script=Khmer,Language=Khmer,RawFeature={family=sf},Renderer=Harfbuz
z].
(fontspec)              
(fontspec)              This font family consists of the following NFSS
(fontspec)             series/shapes:
(fontspec)              
(fontspec)             - 'normal' (m/n) with NFSS spec.:
(fontspec)             <->s*[0.8041044882342558]"NotoSansKhmer:mode=harf;script
=khmr;language=dflt;+tlig;family=sf;"
(fontspec)             - 'small caps'  (m/sc) with NFSS spec.: 
(fontspec)             - 'bold' (b/n) with NFSS spec.:
(fontspec)             <->s*[0.8041044882342558]"NotoSansKhmer/B:mode=harf;scri
pt=khmr;language=dflt;+tlig;family=sf;"
(fontspec)             - 'bold small caps'  (b/sc) with NFSS spec.: 

LaTeX Font Info:    Font shape `TU/NotoSansKhmer(1)/m/n' will be
(Font)              scaled to size 8.04108pt on input line 76.

Package fontspec Info: NotoSansKhmer scale = 0.8041044882342558.


Package fontspec Info: Could not resolve font "NotoSansKhmer/BI" (it probably
(fontspec)             doesn't exist).


Package fontspec Info: Could not resolve font "NotoSansKhmer/I" (it probably
(fontspec)             doesn't exist).


Package fontspec Info: NotoSansKhmer scale = 0.8041044882342558.


Package fontspec Info: NotoSansKhmer/B scale = 0.8041044882342558.


Package fontspec Info: Font family 'NotoSansKhmer(2)' created for font 'Noto
(fontspec)             Sans Khmer' with options
(fontspec)             [Scale=MatchLowercase,Ligatures=TeX,Renderer=Harfbuzz,Sc
ript=Khmer,Language=Khmer,RawFeature={family=alt},Renderer=Harfbuzz].
(fontspec)              
(fontspec)              This font family consists of the following NFSS
(fontspec)             series/shapes:
(fontspec)              
(fontspec)             - 'normal' (m/n) with NFSS spec.:
(fontspec)             <->s*[0.8041044882342558]"NotoSansKhmer:mode=harf;script
=khmr;language=dflt;+tlig;family=alt;"
(fontspec)             - 'small caps'  (m/sc) with NFSS spec.: 
(fontspec)             - 'bold' (b/n) with NFSS spec.:
(fontspec)             <->s*[0.8041044882342558]"NotoSansKhmer/B:mode=harf;scri
pt=khmr;language=dflt;+tlig;family=alt;"
(fontspec)             - 'bold small caps'  (b/sc) with NFSS spec.: 

LaTeX Font Info:    Font shape `TU/NotoSansKhmer(2)/m/n' will be
(Font)              scaled to size 8.04108pt on input line 76.

Package babel Info: The current font is not a babel standard family:
(babel)             NotoSerif:mode=harf;script=latn;language=dflt;+tlig;family=
rm; at 8.04108pt
(babel)             There is nothing intrinsically wrong with this warning, and

(babel)             you can ignore it altogether if you do not need these
(babel)             families. But if they are used in the document, you should 
be
(babel)             aware 'babel' will not set Script and Language for them, so

(babel)             you may consider defining a new family with \babelfont.
(babel)             See the manual for further details about \babelfont.
(babel)             Reported on input line 76.

Package babel Info: New pattern: 1ក on input line 1.
Package babel Info: New pattern: 1ខ on input line 2.
Package babel Info: New pattern: 1គ on input line 3.
Package babel Info: New pattern: 1ឃ on input line 4.
Package babel Info: New pattern: 1ង on input line 5.
Package babel Info: New pattern: 1ច on input line 6.
Package babel Info: New pattern: 1ឆ on input line 7.
Package babel Info: New pattern: 1ជ on input line 8.
Package babel Info: New pattern: 1ឈ on input line 9.
Package babel Info: New pattern: 1ញ on input line 10.
Package babel Info: New pattern: 1ដ on input line 11.
Package babel Info: New pattern: 1ឋ on input line 12.
Package babel Info: New pattern: 1ឌ on input line 13.
Package babel Info: New pattern: 1ឍ on input line 14.
Package babel Info: New pattern: 1ណ on input line 15.
Package babel Info: New pattern: 1ត on input line 16.
Package babel Info: New pattern: 1ថ on input line 17.
Package babel Info: New pattern: 1ទ on input line 18.
Package babel Info: New pattern: 1ធ on input line 19.
Package babel Info: New pattern: 1ន on input line 20.
Package babel Info: New pattern: 1ប on input line 21.
Package babel Info: New pattern: 1ផ on input line 22.
Package babel Info: New pattern: 1ព on input line 23.
Package babel Info: New pattern: 1ភ on input line 24.
Package babel Info: New pattern: 1ម on input line 25.
Package babel Info: New pattern: 1យ on input line 26.
Package babel Info: New pattern: 1រ on input line 27.
Package babel Info: New pattern: 1ល on input line 28.
Package babel Info: New pattern: 1វ on input line 29.
Package babel Info: New pattern: 1ឝ on input line 30.
Package babel Info: New pattern: 1ឞ on input line 31.
Package babel Info: New pattern: 1ស on input line 32.
Package babel Info: New pattern: 1ហ on input line 33.
Package babel Info: New pattern: 1ឡ on input line 34.
Package babel Info: New pattern: 1អ on input line 35.
Package babel Info: New pattern: 1ឥ on input line 36.
Package babel Info: New pattern: 1ឦ on input line 37.
Package babel Info: New pattern: 1ឧ on input line 38.
Package babel Info: New pattern: 1ឨ on input line 39.
Package babel Info: New pattern: 1ឩ on input line 40.
Package babel Info: New pattern: 1ឪ on input line 41.
Package babel Info: New pattern: 1ឫ on input line 42.
Package babel Info: New pattern: 1ឬ on input line 43.
Package babel Info: New pattern: 1ឭ on input line 44.
Package babel Info: New pattern: 1ឮ on input line 45.
Package babel Info: New pattern: 1ឯ on input line 46.
Package babel Info: New pattern: 1ឰ on input line 47.
Package babel Info: New pattern: 1ឱ on input line 48.
Package babel Info: New pattern: 1ឲ on input line 49.
Package babel Info: New pattern: 1ឳ on input line 50.
(./2khmerluatex.aux
LaTeX Font Info:    Trying to load font information for TU+phv on input line 3.

LaTeX Font Info:    No file TUphv.fd. on input line 3.


LaTeX Font Warning: Font shape `TU/phv/m/n' undefined
(Font)              using `TU/lmr/m/n' instead on input line 3.

LaTeX Font Info:    Trying to load font information for TU+pcr on input line 3.

LaTeX Font Info:    No file TUpcr.fd. on input line 3.

LaTeX Font Warning: Font shape `TU/pcr/m/n' undefined
(Font)              using `TU/lmr/m/n' instead on input line 3.

LaTeX Font Info:    Trying to load font information for TU+ on input line 3.
LaTeX Font Info:    No file TU.fd. on input line 3.

LaTeX Font Warning: Font shape `TU//m/n' undefined
(Font)              using `TU/lmr/m/n' instead on input line 3.


Package babel Info: The following font families will use the default
(babel)             settings for all or some languages:
(babel)             * \sffamily = phv
(babel)               [lmroman10-regular]:+tlig;
(babel)             * \ttfamily = pcr
(babel)               [lmroman10-regular]:+tlig;
(babel)             * \altfamily = 
(babel)               [lmroman10-regular]:+tlig;
(babel)             There is nothing intrinsically wrong with it, but
(babel)             'babel' will no set Script and Language, which could
(babel)             be relevant in some languages. If your document uses
(babel)             these families, consider redefining them with \babelfont.
(babel)             Reported on input line 3.


LaTeX Warning: Label `fig:onecol' multiply defined.


LaTeX Warning: Label `fig:onecol' multiply defined.


LaTeX Warning: Label `fig:onecol' multiply defined.


LaTeX Warning: Label `fig:onecol' multiply defined.


LaTeX Warning: Label `fig:onecol' multiply defined.


LaTeX Warning: Label `fig:onecol' multiply defined.


LaTeX Warning: Label `fig:onecol' multiply defined.


LaTeX Warning: Label `fig:onecol' multiply defined.


LaTeX Warning: Label `fig:onecol' multiply defined.


LaTeX Warning: Label `fig:onecol' multiply defined.


LaTeX Warning: Label `fig:onecol' multiply defined.


LaTeX Warning: Label `fig:onecol' multiply defined.

)
\openout1 = 2khmerluatex.aux

LaTeX Font Info:    Checking defaults for OML/cmm/m/it on input line 76.
LaTeX Font Info:    ... okay on input line 76.
LaTeX Font Info:    Checking defaults for OMS/cmsy/m/n on input line 76.
LaTeX Font Info:    ... okay on input line 76.
LaTeX Font Info:    Checking defaults for OT1/cmr/m/n on input line 76.
LaTeX Font Info:    ... okay on input line 76.
LaTeX Font Info:    Checking defaults for T1/cmr/m/n on input line 76.
LaTeX Font Info:    ... okay on input line 76.
LaTeX Font Info:    Checking defaults for TS1/cmr/m/n on input line 76.
LaTeX Font Info:    Trying to load font information for TS1+cmr on input line 7
6.
 (/usr/share/texlive/texmf-dist/tex/latex/base/ts1cmr.fd
File: ts1cmr.fd 2023/04/13 v2.5m Standard LaTeX font definitions
)
LaTeX Font Info:    ... okay on input line 76.
LaTeX Font Info:    Checking defaults for TU/lmr/m/n on input line 76.
LaTeX Font Info:    ... okay on input line 76.
LaTeX Font Info:    Checking defaults for OMX/cmex/m/n on input line 76.
LaTeX Font Info:    ... okay on input line 76.
LaTeX Font Info:    Checking defaults for U/cmr/m/n on input line 76.
LaTeX Font Info:    ... okay on input line 76.
LaTeX Font Info:    Checking defaults for PD1/pdf/m/n on input line 76.
LaTeX Font Info:    ... okay on input line 76.
LaTeX Font Info:    Checking defaults for PU/pdf/m/n on input line 76.
LaTeX Font Info:    ... okay on input line 76.
Removing  `Babel.pre_otfload_h' from `hpack_filter'.
Removing  `luaotfload.node_processor' from `hpack_filter'.
Removing  `luaotfload.harf.finalize_hlist' from `hpack_filter'.
Inserting `Babel.math_box_dir' in `hpack_filter'.
Inserting `Babel.pre_otfload_h' in `hpack_filter'.
Inserting `luaotfload.node_processor' in `hpack_filter'.
Inserting `luaotfload.harf.finalize_hlist' in `hpack_filter'.

Package fontspec Info: Adjusting the maths setup (use [no-math] to avoid
(fontspec)             this).

\symlegacymaths=\mathgroup6
LaTeX Font Info:    Overwriting symbol font `legacymaths' in version `bold'
(Font)                  OT1/cmr/m/n --> OT1/cmr/bx/n on input line 76.
LaTeX Font Info:    Redeclaring math accent \acute on input line 76.
LaTeX Font Info:    Redeclaring math accent \grave on input line 76.
LaTeX Font Info:    Redeclaring math accent \ddot on input line 76.
LaTeX Font Info:    Redeclaring math accent \tilde on input line 76.
LaTeX Font Info:    Redeclaring math accent \bar on input line 76.
LaTeX Font Info:    Redeclaring math accent \breve on input line 76.
LaTeX Font Info:    Redeclaring math accent \check on input line 76.
LaTeX Font Info:    Redeclaring math accent \hat on input line 76.
LaTeX Font Info:    Redeclaring math accent \dot on input line 76.
LaTeX Font Info:    Redeclaring math accent \mathring on input line 76.
LaTeX Font Info:    Redeclaring math symbol \Gamma on input line 76.
LaTeX Font Info:    Redeclaring math symbol \Delta on input line 76.
LaTeX Font Info:    Redeclaring math symbol \Theta on input line 76.
LaTeX Font Info:    Redeclaring math symbol \Lambda on input line 76.
LaTeX Font Info:    Redeclaring math symbol \Xi on input line 76.
LaTeX Font Info:    Redeclaring math symbol \Pi on input line 76.
LaTeX Font Info:    Redeclaring math symbol \Sigma on input line 76.
LaTeX Font Info:    Redeclaring math symbol \Upsilon on input line 76.
LaTeX Font Info:    Redeclaring math symbol \Phi on input line 76.
LaTeX Font Info:    Redeclaring math symbol \Psi on input line 76.
LaTeX Font Info:    Redeclaring math symbol \Omega on input line 76.
LaTeX Font Info:    Redeclaring math symbol \mathdollar on input line 76.
LaTeX Font Info:    Redeclaring symbol font `operators' on input line 76.
LaTeX Font Info:    Encoding `OT1' has changed to `TU' for symbol font
(Font)              `operators' in the math version `normal' on input line 76.
LaTeX Font Info:    Overwriting symbol font `operators' in version `normal'
(Font)                  OT1/cmr/m/n --> TU/NotoSerif(0)/m/n on input line 76.
LaTeX Font Info:    Encoding `OT1' has changed to `TU' for symbol font
(Font)              `operators' in the math version `bold' on input line 76.
LaTeX Font Info:    Overwriting symbol font `operators' in version `bold'
(Font)                  OT1/cmr/bx/n --> TU/NotoSerif(0)/m/n on input line 76.
LaTeX Font Info:    Overwriting symbol font `operators' in version `normal'
(Font)                  TU/NotoSerif(0)/m/n --> TU/NotoSerif(0)/m/n on input li
ne 76.
LaTeX Font Info:    Overwriting math alphabet `\mathit' in version `normal'
(Font)                  OT1/cmr/m/it --> TU/NotoSerif(0)/m/it on input line 76.

LaTeX Font Info:    Overwriting math alphabet `\mathbf' in version `normal'
(Font)                  OT1/cmr/bx/n --> TU/NotoSerif(0)/b/n on input line 76.
LaTeX Font Info:    Overwriting math alphabet `\mathsf' in version `normal'
(Font)                  OT1/cmss/m/n --> TU/phv/m/n on input line 76.
LaTeX Font Info:    Overwriting math alphabet `\mathtt' in version `normal'
(Font)                  OT1/cmtt/m/n --> TU/pcr/m/n on input line 76.
LaTeX Font Info:    Overwriting symbol font `operators' in version `bold'
(Font)                  TU/NotoSerif(0)/m/n --> TU/NotoSerif(0)/b/n on input li
ne 76.
LaTeX Font Info:    Overwriting math alphabet `\mathit' in version `bold'
(Font)                  OT1/cmr/bx/it --> TU/NotoSerif(0)/b/it on input line 76
.
LaTeX Font Info:    Overwriting math alphabet `\mathsf' in version `bold'
(Font)                  OT1/cmss/bx/n --> TU/phv/b/n on input line 76.
LaTeX Font Info:    Overwriting math alphabet `\mathtt' in version `bold'
(Font)                  OT1/cmtt/m/n --> TU/pcr/b/n on input line 76.

ABD: EveryShipout initializing macros
(/usr/share/texlive/texmf-dist/tex/latex/graphics/color.sty
Package: color 2022/01/06 v1.3d Standard LaTeX Color (DPC)

(/usr/share/texlive/texmf-dist/tex/latex/graphics-cfg/color.cfg
File: color.cfg 2016/01/02 v1.6 sample color configuration
)
Package color Info: Driver file: luatex.def on input line 149.

(/usr/share/texlive/texmf-dist/tex/latex/graphics/mathcolor.ltx))
(/usr/share/texlive/texmf-dist/tex/context/base/mkii/supp-pdf.mkii
[Loading MPS to PDF converter (version 2006.09.02).]
\scratchcounter=\count308
\scratchdimen=\dimen177
\scratchbox=\box56
\nofMPsegments=\count309
\nofMParguments=\count310
\everyMPshowfont=\toks24
\MPscratchCnt=\count311
\MPscratchDim=\dimen178
\MPnumerator=\count312
\makeMPintoPDFobject=\count313
\everyMPtoPDFconversion=\toks25
) (/usr/share/texlive/texmf-dist/tex/latex/epstopdf-pkg/epstopdf-base.sty
Package: epstopdf-base 2020-01-24 v2.11 Base part for package epstopdf
Package epstopdf-base Info: Redefining graphics rule for `.eps' on input line 4
85.

(/usr/share/texlive/texmf-dist/tex/latex/latexconfig/epstopdf-sys.cfg
File: epstopdf-sys.cfg 2010/07/13 v1.3 Configuration of (r)epstopdf for TeX Liv
e
))
Package hyperref Info: Link coloring OFF on input line 76.
LaTeX Font Info:    Font shape `TU/NotoSerif(0)/m/n' will be
(Font)              scaled to size 11.57913pt on input line 90.
LaTeX Font Info:    Font shape `TU/NotoSansKhmer(0)/m/n' will be
(Font)              scaled to size 11.57913pt on input line 90.
LaTeX Font Info:    Font shape `TU/NotoSerif(0)/b/n' will be
(Font)              scaled to size 11.57913pt on input line 90.
LaTeX Font Info:    Font shape `TU/NotoSansKhmer(0)/b/n' will be
(Font)              scaled to size 11.57913pt on input line 90.
LaTeX Font Info:    Font shape `TU/NotoSerif(0)/m/n' will be
(Font)              scaled to size 9.64929pt on input line 90.
LaTeX Font Info:    Font shape `TU/NotoSansKhmer(0)/m/n' will be
(Font)              scaled to size 9.64929pt on input line 90.
LaTeX Font Info:    Font shape `TU/NotoSerif(0)/m/n' will be
(Font)              scaled to size 6.43286pt on input line 90.
LaTeX Font Info:    Font shape `TU/NotoSerif(0)/m/n' will be
(Font)              scaled to size 4.82465pt on input line 90.
LaTeX Font Info:    Trying to load font information for U+msa on input line 90.


(/usr/share/texlive/texmf-dist/tex/latex/amsfonts/umsa.fd
File: umsa.fd 2013/01/14 v3.01 AMS symbols A
)
LaTeX Font Info:    Trying to load font information for U+msb on input line 90.


(/usr/share/texlive/texmf-dist/tex/latex/amsfonts/umsb.fd
File: umsb.fd 2013/01/14 v3.01 AMS symbols B
)
LaTeX Font Info:    Font shape `TU/NotoSerif(0)/b/n' will be
(Font)              scaled to size 9.64929pt on input line 91.
LaTeX Font Info:    Font shape `TU/NotoSansKhmer(0)/b/n' will be
(Font)              scaled to size 9.64929pt on input line 91.
LaTeX Font Info:    Font shape `TU/NotoSerif(0)/m/it' will be
(Font)              scaled to size 8.04108pt on input line 91.


LaTeX Font Warning: Font shape `TU/NotoSansKhmer(0)/m/it' undefined
(Font)              using `TU/NotoSansKhmer(0)/m/n' instead on input line 91.

<jarkov-mammoth.jpg, id=16, 1284.8pt x 856.19875pt>
File: jarkov-mammoth.jpg Graphic file (type jpg)
<use jarkov-mammoth.jpg>
Package luatex.def Info: jarkov-mammoth.jpg  used on input line 108.
(luatex.def)             Requested size: 237.13594pt x 158.02847pt.
LaTeX Font Info:    Font shape `TU/NotoSerif(0)/m/n' will be
(Font)              scaled to size 7.23697pt on input line 110.
LaTeX Font Info:    Font shape `TU/NotoSansKhmer(0)/m/n' will be
(Font)              scaled to size 7.23697pt on input line 110.
LaTeX Font Info:    Font shape `TU/NotoSansKhmer(0)/m/it' will be
(Font)              scaled to size 8.04108pt on input line 115.

Underfull \vbox (badness 1838) has occurred while \output is active []

 [1{/var/lib/texmf/fonts/map/pdftex/updmap/pdftex.map}


<./jarkov-mammoth.jpg>]
LaTeX Font Info:    Font shape `TU/NotoSerif(0)/m/n' will be
(Font)              scaled to size 5.62875pt on input line 119.
LaTeX Font Info:    Font shape `TU/NotoSerif(0)/m/n' will be
(Font)              scaled to size 4.02054pt on input line 119.
<grand-canyon.jpg, id=54, 481.8pt x 321.2pt>
File: grand-canyon.jpg Graphic file (type jpg)
<use grand-canyon.jpg>
Package luatex.def Info: grand-canyon.jpg  used on input line 124.
(luatex.def)             Requested size: 237.13594pt x 158.09024pt.
<coconino.jpg, id=57, 923.45pt x 1123.19624pt>
File: coconino.jpg Graphic file (type jpg)
<use coconino.jpg>
Package luatex.def Info: coconino.jpg  used on input line 135.
(luatex.def)             Requested size: 237.13594pt x 288.42503pt.
<Grand_Staircase-big.jpg, id=62, 1355.0625pt x 385.44pt>
File: Grand_Staircase-big.jpg Graphic file (type jpg)
<use Grand_Staircase-big.jpg>
Package luatex.def Info: Grand_Staircase-big.jpg  used on input line 147.
(luatex.def)             Requested size: 496.85625pt x 141.32843pt.
<derinkuyu.jpeg, id=73, 1003.75pt x 648.4225pt>
File: derinkuyu.jpeg Graphic file (type jpg)
<use derinkuyu.jpeg>
Package luatex.def Info: derinkuyu.jpeg  used on input line 167.
(luatex.def)             Requested size: 237.13594pt x 153.19063pt.
 [2<./grand-canyon.jpg><./coconino.jpg>]
<derinkuyu-air.jpg, id=100, 1927.2pt x 1445.4pt>
File: derinkuyu-air.jpg Graphic file (type jpg)
<use derinkuyu-air.jpg>
Package luatex.def Info: derinkuyu-air.jpg  used on input line 183.
(luatex.def)             Requested size: 237.13594pt x 177.85152pt.
 [3<./Grand_Staircase-big.jpg><./derinkuyu.jpeg><./derinkuyu-air.jpg>]
<muck-crop.jpeg, id=122, 969.6225pt x 637.38126pt>
File: muck-crop.jpeg Graphic file (type jpg)
<use muck-crop.jpeg>
Package luatex.def Info: muck-crop.jpeg  used on input line 201.
(luatex.def)             Requested size: 237.13594pt x 155.88258pt.
<ww19.jpg, id=125, 955.57pt x 642.4pt>
File: ww19.jpg Graphic file (type jpg)
<use ww19.jpg>
Package luatex.def Info: ww19.jpg  used on input line 214.
(luatex.def)             Requested size: 237.13594pt x 159.41353pt.
<dolmen.jpg, id=131, 803.0pt x 504.88625pt>
File: dolmen.jpg Graphic file (type jpg)
<use dolmen.jpg>
Package luatex.def Info: dolmen.jpg  used on input line 228.
(luatex.def)             Requested size: 237.13594pt x 149.09422pt.

Underfull \vbox (badness 10000) has occurred while \output is active []

 [4<./muck-crop.jpeg><./ww19.jpg><./dolmen.jpg>]
LaTeX Font Info:    Font shape `TU/NotoSerif(0)/b/n' will be
(Font)              scaled to size 8.04108pt on input line 243.
LaTeX Font Info:    Font shape `TU/NotoSansKhmer(0)/b/n' will be
(Font)              scaled to size 8.04108pt on input line 243.
<bottleneck.jpg, id=150, 657.45625pt x 1208.515pt>
File: bottleneck.jpg Graphic file (type jpg)
<use bottleneck.jpg>
Package luatex.def Info: bottleneck.jpg  used on input line 248.
(luatex.def)             Requested size: 237.13594pt x 435.89488pt.
<columbia.jpg, id=161, 687.56876pt x 444.66125pt>
File: columbia.jpg Graphic file (type jpg)
<use columbia.jpg>
Package luatex.def Info: columbia.jpg  used on input line 264.
(luatex.def)             Requested size: 237.13594pt x 153.354pt.
<zhangjiajie.jpg, id=169, 1204.5pt x 803.0pt>
File: zhangjiajie.jpg Graphic file (type jpg)
<use zhangjiajie.jpg>
Package luatex.def Info: zhangjiajie.jpg  used on input line 276.
(luatex.def)             Requested size: 237.13594pt x 158.08533pt.
<hoy.jpg, id=170, 770.88pt x 433.62pt>
File: hoy.jpg Graphic file (type jpg)
<use hoy.jpg>
Package luatex.def Info: hoy.jpg  used on input line 287.
(luatex.def)             Requested size: 237.13594pt x 133.38863pt.
 [5<./bottleneck.jpg><./columbia.jpg>]
<jericho.jpg, id=221, 1082.0425pt x 1087.06125pt>
File: jericho.jpg Graphic file (type jpg)
<use jericho.jpg>
Package luatex.def Info: jericho.jpg  used on input line 308.
(luatex.def)             Requested size: 237.13594pt x 238.22533pt.

[6<./zhangjiajie.jpg><./hoy.jpg><./jericho.jpg>] [7

] (./2khmerluatex.bbl
LaTeX Font Info:    Font shape `TU/NotoSerif(0)/m/it' will be
(Font)              scaled to size 7.23697pt on input line 4.
LaTeX Font Info:    Font shape `TU/NotoSansKhmer(0)/m/it' will be
(Font)              scaled to size 7.23697pt on input line 4.

Underfull \hbox (badness 10000) in paragraph at lines 9--11
[]\TU/NotoSerif(0)/m/n/9 Answers research journal, 2008--present.
 []


Underfull \hbox (badness 1715) in paragraph at lines 24--31
\TU/NotoSerif(0)/m/n/9 paleoecology in south-west sweden and the identity of the

 []


Underfull \hbox (badness 10000) in paragraph at lines 24--31
\TU/NotoSerif(0)/m/n/9 swedenborg whale (*balaena swedenborgii* liljeborg).
 []


Underfull \hbox (badness 1168) in paragraph at lines 24--31
\TU/NotoSerif(0)/m/it/9 Historical Biology: An International Journal of Paleobio
logy\TU/NotoSerif(0)/m/n/9 ,
 []


Underfull \hbox (badness 1975) in paragraph at lines 70--76
\TU/NotoSerif(0)/m/it/9 Organic Remains Contained in Caves, Fissures, and Diluvi
al
 []


Underfull \hbox (badness 1024) in paragraph at lines 89--93
[]\TU/NotoSerif(0)/m/n/9 Encyclopædia Britannica.  Sir arthur evans.  \TU/Noto
Serif(0)/m/it/9 Encyclopædia
 []


Underfull \hbox (badness 10000) in paragraph at lines 101--105
[]\TU/NotoSerif(0)/m/n/9 GetYourGuide.  Canyoning in grand canyon.  []$\TU/pcr/
m/n/9 https:
 []


Underfull \hbox (badness 10000) in paragraph at lines 101--105
\TU/pcr/m/n/9 //www.getyourguide.com/grand-[]canyon-[]l489/
 []


Underfull \hbox (badness 1430) in paragraph at lines 126--130
[]\TU/NotoSerif(0)/m/n/9 J. Holland.  Mystery of the mammoth and the buttercups,

 []


Underfull \hbox (badness 10000) in paragraph at lines 132--137
\TU/pcr/m/n/9 tree/master/5-[]TOOLS-[]DEV/dev/0-[]completed-[]kmls$[]\TU/NotoSe
rif(0)/m/n/9 .
 []


Underfull \hbox (badness 10000) in paragraph at lines 139--144
[]\TU/NotoSerif(0)/m/n/9 Junho.  Mega-current ripples.  []$\TU/pcr/m/n/9 https:/
/github.
 []


Underfull \hbox (badness 10000) in paragraph at lines 139--144
\TU/pcr/m/n/9 com/sovrynn/ecdo/tree/master/1-[]EVIDENCE/
 []


Underfull \hbox (badness 10000) in paragraph at lines 139--144
\TU/pcr/m/n/9 physical-[]material/water-[]flow-[]structures/
 []


Underfull \hbox (badness 10000) in paragraph at lines 146--149
[]\TU/NotoSerif(0)/m/n/9 Junho.  Ecdo github research repository, 2024.
 []


Underfull \hbox (badness 3668) in paragraph at lines 156--161
[]\TU/NotoSerif(0)/m/n/9 E. Larsen, S. Gulliksen, S.-E. Lauritzen, R. Lie, R. L
øvlie,
 []


Underfull \hbox (badness 2875) in paragraph at lines 156--161
\TU/NotoSerif(0)/m/n/9 and J. Mangerud.  Cave stratigraphy in western norway;
 []


Underfull \hbox (badness 2165) in paragraph at lines 156--161
\TU/NotoSerif(0)/m/n/9 multiple weichselian glaciations and interstadial vertebr
ate
 []


Underfull \hbox (badness 10000) in paragraph at lines 189--193
[]$\TU/pcr/m/n/9 https://www.nps.gov/deva/learn/nature/geology.
 []


Underfull \hbox (badness 3078) in paragraph at lines 195--199
[]\TU/NotoSerif(0)/m/n/9 National Park Service.  Geology - grand canyon national

 []


Underfull \hbox (badness 10000) in paragraph at lines 195--199
\TU/NotoSerif(0)/m/n/9 park.  []$\TU/pcr/m/n/9 https://www.nps.gov/grca/learn/na
ture/
 []


Underfull \hbox (badness 2617) in paragraph at lines 206--210
[]\TU/NotoSerif(0)/m/n/9 V. Nyvlt, J. Musílek, J. Čejka, and O. Stopka.  The 
study
 []


Underfull \hbox (badness 6047) in paragraph at lines 206--210
\TU/NotoSerif(0)/m/n/9 of derinkuyu underground city in cappadocia located in
 []


Underfull \hbox (badness 3396) in paragraph at lines 218--225
[]\TU/NotoSerif(0)/m/n/9 R. Pellerito.  Gli archi di san ciro e i giganti di mon
te
 []


Underfull \hbox (badness 7667) in paragraph at lines 218--225
\TU/NotoSerif(0)/m/n/9 grifone.  []$\TU/pcr/m/n/9 https://archivioepensamenti.bl
ogspot.com/
 []


Underfull \hbox (badness 7576) in paragraph at lines 218--225
\TU/pcr/m/n/9 2017/05/gli-[]archi-[]di-[]san-[]ciro-[]e-[]i-[]giganti-[]di.html$[]\TU/NotoSerif(0)/m/n/9 , May
 []


Underfull \hbox (badness 3942) in paragraph at lines 227--234
[]\TU/NotoSerif(0)/m/n/9 J. Prestwich.  Xviii. on the evidences of a submergence

 []


Underfull \hbox (badness 5592) in paragraph at lines 227--234
\TU/NotoSerif(0)/m/n/9 of western europe, and of the mediterranean coasts, at
 []


Underfull \hbox (badness 10000) in paragraph at lines 227--234
\TU/NotoSerif(0)/m/n/9 the close of the glacial or so-called post-glacial period
,
 []


Underfull \hbox (badness 2495) in paragraph at lines 227--234
\TU/NotoSerif(0)/m/n/9 and immediately preceding the neolithic or recent period.

 []

[8


]
Underfull \hbox (badness 10000) in paragraph at lines 277--282
[]\TU/NotoSerif(0)/m/n/9 T. E. Skeptic.  Master exothermic core-mantle
 []


Underfull \hbox (badness 5726) in paragraph at lines 277--282
\TU/NotoSerif(0)/m/n/9 decoupling – dzhanibekov oscillation (ecdo) theory, 202
4.
 []


Underfull \hbox (badness 10000) in paragraph at lines 277--282
\TU/NotoSerif(0)/m/n/9 https://theethicalskeptic.com/2024/05/23/master-exothermi
c-
 []


Underfull \hbox (badness 2547) in paragraph at lines 326--329
[]\TU/NotoSerif(0)/m/n/9 TalkOrigins.  Flood stories from around the world, 2002
.
 []


Underfull \hbox (badness 3088) in paragraph at lines 335--341
\TU/NotoSerif(0)/m/it/9 (Full Version Uncensored)\TU/NotoSerif(0)/m/n/9 .  Open Source Collection, 2022.
 []


Underfull \hbox (badness 1708) in paragraph at lines 343--346
[]\TU/NotoSerif(0)/m/n/9 UNESCO World Heritage Centre.  South china karst, 2007.

 []


Underfull \hbox (badness 1796) in paragraph at lines 348--353
\TU/NotoSerif(0)/m/n/9 S. Peters, and M. McClennen.  paleobiodb: An r package
 []


Underfull \hbox (badness 1655) in paragraph at lines 348--353
\TU/NotoSerif(0)/m/n/9 for downloading, visualizing and processing data from the

 []


Underfull \hbox (badness 1960) in paragraph at lines 366--370
\TU/NotoSerif(0)/m/n/9 Implications for flood geology.  \TU/NotoSerif(0)/m/it/9
 Answers Research Journal\TU/NotoSerif(0)/m/n/9 ,
 []


Underfull \hbox (badness 4454) in paragraph at lines 392--396
[]\TU/NotoSerif(0)/m/n/9 Wikipedia contributors.  Derinkuyu underground city ---

 []


Underfull \hbox (badness 4205) in paragraph at lines 408--411
[]\TU/NotoSerif(0)/m/n/9 Wikipedia contributors.  Jericho --- Wikipedia, The Fre
e
 []

) [9] (./2khmerluatex.aux)
 ***********
LaTeX2e <2023-11-01> patch level 1
L3 programming layer <2024-01-22>
 ***********


LaTeX Font Warning: Some font shapes were not available, defaults substituted.


LaTeX Warning: There were multiply-defined labels.

)

Here is how much of LuaTeX's memory you used:
 14699 strings out of 476553
 381537,1977958 words of node,token memory allocated
 177766 words of node memory still in use:
   6 hlist, 2 vlist, 2 rule, 9322 disc, 2 glue, 4 kern, 1 glyph, 28011 attribute
, 54 glue_spec, 9339 attribute_list, 1 write, 9 pdf_action nodes
   avail lists: 1:2,2:4233,3:1885,4:162,5:353,6:77,7:16128,8:115,9:590,10:54,11:
82
 36266 multiletter control sequences out of 65536+600000
 102 fonts using 27792439 bytes
 79i,9n,136p,5780b,541s stack positions out of 10000i,1000n,20000p,200000b,200000s
</usr/share/fonts/truetype/noto/NotoSerif-Italic.ttf></usr/share/texmf/fonts/ope
ntype/public/lm/lmroman9-regular.otf></usr/share/fonts/truetype/noto/NotoSansKhm
er-Regular.ttf></usr/share/fonts/truetype/noto/NotoSerif-Regular.ttf></usr/share
/fonts/truetype/noto/NotoSansKhmer-Bold.ttf></usr/share/fonts/truetype/noto/Noto
Serif-Bold.ttf></usr/share/texlive/texmf-dist/fonts/type1/public/amsfonts/cm/cmr
7.pfb>
Output written on 2khmerluatex.pdf (9 pages, 3216967 bytes).

PDF statistics: 358 PDF objects out of 1000 (max. 8388607)
 301 compressed objects within 4 object streams
 113 named destinations out of 1000 (max. 131072)
 1 words of extra memory for PDF output out of 10000 (max. 100000000)

