This is XeTeX, Version 3.141592653-2.6-0.999995 (TeX Live 2023/Debian) (preloaded format=xelatex 2025.6.27)  13 JUL 2025 22:52
entering extended mode
 restricted \write18 enabled.
 %&-line parsing enabled.
**2khmertranslated3.tex
(./2khmertranslated3.tex
LaTeX2e <2023-11-01> patch level 1
L3 programming layer <2024-01-22>
(/usr/share/texlive/texmf-dist/tex/latex/base/article.cls
Document Class: article 2023/05/17 v1.4n Standard LaTeX document class
(/usr/share/texlive/texmf-dist/tex/latex/base/size10.clo
File: size10.clo 2023/05/17 v1.4n Standard LaTeX file (size option)
)
\c@part=\count183
\c@section=\count184
\c@subsection=\count185
\c@subsubsection=\count186
\c@paragraph=\count187
\c@subparagraph=\count188
\c@figure=\count189
\c@table=\count190
\abovecaptionskip=\skip48
\belowcaptionskip=\skip49
\bibindent=\dimen140
)
(/usr/share/texlive/texmf-dist/tex/latex/booktabs/booktabs.sty
Package: booktabs 2020/01/12 v1.61803398 Publication quality tables
\heavyrulewidth=\dimen141
\lightrulewidth=\dimen142
\cmidrulewidth=\dimen143
\belowrulesep=\dimen144
\belowbottomsep=\dimen145
\aboverulesep=\dimen146
\abovetopsep=\dimen147
\cmidrulesep=\dimen148
\cmidrulekern=\dimen149
\defaultaddspace=\dimen150
\@cmidla=\count191
\@cmidlb=\count192
\@aboverulesep=\dimen151
\@belowrulesep=\dimen152
\@thisruleclass=\count193
\@lastruleclass=\count194
\@thisrulewidth=\dimen153
)
(/usr/share/texlive/texmf-dist/tex/latex/sttools/stfloats.sty
Package: stfloats 2017/03/27 v3.3 Improve float mechanism and baselineskip sett
ings
\@dblbotnum=\count195
\c@dblbotnumber=\count196
)
(/usr/share/texlive/texmf-dist/tex/latex/fontspec/fontspec.sty
(/usr/share/texlive/texmf-dist/tex/latex/l3packages/xparse/xparse.sty
(/usr/share/texlive/texmf-dist/tex/latex/l3kernel/expl3.sty
Package: expl3 2024-01-22 L3 programming layer (loader) 

(/usr/share/texlive/texmf-dist/tex/latex/l3backend/l3backend-xetex.def
File: l3backend-xetex.def 2024-01-04 L3 backend support: XeTeX
\g__graphics_track_int=\count197
\l__pdf_internal_box=\box51
\g__pdf_backend_object_int=\count198
\g__pdf_backend_annotation_int=\count199
\g__pdf_backend_link_int=\count266
))
Package: xparse 2023-10-10 L3 Experimental document command parser
)
Package: fontspec 2022/01/15 v2.8a Font selection for XeLaTeX and LuaLaTeX

(/usr/share/texlive/texmf-dist/tex/latex/fontspec/fontspec-xetex.sty
Package: fontspec-xetex 2022/01/15 v2.8a Font selection for XeLaTeX and LuaLaTe
X
\l__fontspec_script_int=\count267
\l__fontspec_language_int=\count268
\l__fontspec_strnum_int=\count269
\l__fontspec_tmp_int=\count270
\l__fontspec_tmpa_int=\count271
\l__fontspec_tmpb_int=\count272
\l__fontspec_tmpc_int=\count273
\l__fontspec_em_int=\count274
\l__fontspec_emdef_int=\count275
\l__fontspec_strong_int=\count276
\l__fontspec_strongdef_int=\count277
\l__fontspec_tmpa_dim=\dimen154
\l__fontspec_tmpb_dim=\dimen155
\l__fontspec_tmpc_dim=\dimen156

(/usr/share/texlive/texmf-dist/tex/latex/base/fontenc.sty
Package: fontenc 2021/04/29 v2.0v Standard LaTeX package
)
(/usr/share/texlive/texmf-dist/tex/latex/fontspec/fontspec.cfg)))

Package fontspec Info: Font family 'LatinModernRoman(0)' created for font
(fontspec)             'Latin Modern Roman' with options [].
(fontspec)              
(fontspec)              This font family consists of the following NFSS
(fontspec)             series/shapes:
(fontspec)              
(fontspec)             - 'normal' (m/n) with NFSS spec.: <->"Latin Modern
(fontspec)             Roman/OT:script=latn;language=dflt;"
(fontspec)             - 'small caps'  (m/sc) with NFSS spec.: 
(fontspec)             - 'bold' (b/n) with NFSS spec.: <->"Latin Modern
(fontspec)             Roman/B/OT:script=latn;language=dflt;"
(fontspec)             - 'bold small caps'  (b/sc) with NFSS spec.: 
(fontspec)             - 'italic' (m/it) with NFSS spec.: <->"Latin Modern
(fontspec)             Roman/I/OT:script=latn;language=dflt;"
(fontspec)             - 'italic small caps'  (m/scit) with NFSS spec.: 
(fontspec)             - 'bold italic' (b/it) with NFSS spec.: <->"Latin
(fontspec)             Modern Roman/BI/OT:script=latn;language=dflt;"
(fontspec)             - 'bold italic small caps'  (b/scit) with NFSS spec.: 


Package fontspec Info: Could not resolve font "Noto Sans Khmer/I" (it probably
(fontspec)             doesn't exist).


Package fontspec Info: Font family 'NotoSansKhmer(0)' created for font 'Noto
(fontspec)             Sans Khmer' with options [Script=Khmer].
(fontspec)              
(fontspec)              This font family consists of the following NFSS
(fontspec)             series/shapes:
(fontspec)              
(fontspec)             - 'normal' (m/n) with NFSS spec.: <->"Noto Sans
(fontspec)             Khmer/OT:script=khmr;language=dflt;"
(fontspec)             - 'small caps'  (m/sc) with NFSS spec.: 
(fontspec)             - 'bold' (b/n) with NFSS spec.: <->"Noto Sans
(fontspec)             Khmer/B/OT:script=khmr;language=dflt;"
(fontspec)             - 'bold small caps'  (b/sc) with NFSS spec.: 
(fontspec)             - 'bold italic' (b/it) with NFSS spec.: <->"Noto Sans
(fontspec)             Khmer/BI/OT:script=khmr;language=dflt;"
(fontspec)             - 'bold italic small caps'  (b/scit) with NFSS spec.: 


(/usr/share/texlive/texmf-dist/tex/xelatex/ucharclasses/ucharclasses.sty
Package: ucharclasses 2022/10/20 v2.6.0 Unicode block character classes for XeL
aTeX

(/usr/share/texlive/texmf-dist/tex/generic/iftex/ifxetex.sty
Package: ifxetex 2019/10/25 v0.7 ifxetex legacy package. Use iftex instead.

(/usr/share/texlive/texmf-dist/tex/generic/iftex/iftex.sty
Package: iftex 2022/02/03 v1.0f TeX engine tests
))
\AegeanNumbersClass=\XeTeXcharclass1
\AlphabeticPresentationFormsClass=\XeTeXcharclass2
\AncientGreekMusicalNotationClass=\XeTeXcharclass3
\AncientGreekNumbersClass=\XeTeXcharclass4
\AncientSymbolsClass=\XeTeXcharclass5
\ArabicClass=\XeTeXcharclass6
\ArabicPresentationFormsAClass=\XeTeXcharclass7
\ArabicPresentationFormsBClass=\XeTeXcharclass8
\ArabicSupplementClass=\XeTeXcharclass9
\ArmenianClass=\XeTeXcharclass10
\ArrowsClass=\XeTeXcharclass11
\BalineseClass=\XeTeXcharclass12
\BasicLatinClass=\XeTeXcharclass13
\BengaliClass=\XeTeXcharclass14
\BlockElementsClass=\XeTeXcharclass15
\BopomofoClass=\XeTeXcharclass16
\BopomofoExtendedClass=\XeTeXcharclass17
\BoxDrawingClass=\XeTeXcharclass18
\BraillePatternsClass=\XeTeXcharclass19
\BugineseClass=\XeTeXcharclass20
\BuhidClass=\XeTeXcharclass21
\ByzantineMusicalSymbolsClass=\XeTeXcharclass22
\ChamClass=\XeTeXcharclass23
\CherokeeClass=\XeTeXcharclass24
\CJKCompatibilityClass=\XeTeXcharclass25
\CJKCompatibilityFormsClass=\XeTeXcharclass26
\CJKCompatibilityIdeographsClass=\XeTeXcharclass27
\CJKCompatibilityIdeographsSupplementClass=\XeTeXcharclass28
\CJKRadicalsSupplementClass=\XeTeXcharclass29
\CJKStrokesClass=\XeTeXcharclass30
\CJKSymbolsAndPunctuationClass=\XeTeXcharclass31
\CJKUnifiedIdeographsClass=\XeTeXcharclass32
\CJKUnifiedIdeographsExtensionAClass=\XeTeXcharclass33
\CJKUnifiedIdeographsExtensionBClass=\XeTeXcharclass34
\CombiningDiacriticalMarksClass=\XeTeXcharclass35
\CombiningDiacriticalMarksForSymbolsClass=\XeTeXcharclass36
\CombiningDiacriticalMarksSupplementClass=\XeTeXcharclass37
\CombiningHalfMarksClass=\XeTeXcharclass38
\ControlPicturesClass=\XeTeXcharclass39
\CopticClass=\XeTeXcharclass40
\CountingRodNumeralsClass=\XeTeXcharclass41
\CuneiformClass=\XeTeXcharclass42
\CuneiformNumbersAndPunctuationClass=\XeTeXcharclass43
\CurrencySymbolsClass=\XeTeXcharclass44
\CypriotSyllabaryClass=\XeTeXcharclass45
\CyrillicClass=\XeTeXcharclass46
\CyrillicExtendedAClass=\XeTeXcharclass47
\CyrillicExtendedBClass=\XeTeXcharclass48
\CyrillicSupplementClass=\XeTeXcharclass49
\DeseretClass=\XeTeXcharclass50
\DevanagariDanDaClass=\XeTeXcharclass51
\DevanagariMarksClass=\XeTeXcharclass52
\DevanagariPostDanDaClass=\XeTeXcharclass53
\DevanagariPostMarksClass=\XeTeXcharclass54
\DevanagariPreMarksClass=\XeTeXcharclass55
\DingbatsClass=\XeTeXcharclass56
\DominoTilesClass=\XeTeXcharclass57
\EnclosedAlphanumericsClass=\XeTeXcharclass58
\EnclosedCJKLettersAndMonthsClass=\XeTeXcharclass59
\EthiopicClass=\XeTeXcharclass60
\EthiopicExtendedClass=\XeTeXcharclass61
\EthiopicSupplementClass=\XeTeXcharclass62
\GeneralPunctuationClass=\XeTeXcharclass63
\GeometricShapesClass=\XeTeXcharclass64
\GeorgianClass=\XeTeXcharclass65
\GeorgianSupplementClass=\XeTeXcharclass66
\GlagoliticClass=\XeTeXcharclass67
\GreekAndCopticClass=\XeTeXcharclass68
\GreekExtendedClass=\XeTeXcharclass69
\GujaratiClass=\XeTeXcharclass70
\GurmukhiClass=\XeTeXcharclass71
\HalfwidthAndFullwidthFormsClass=\XeTeXcharclass72
\HangulCompatibilityJamoClass=\XeTeXcharclass73
\HangulJamoClass=\XeTeXcharclass74
\HangulSyllablesClass=\XeTeXcharclass75
\HanunooClass=\XeTeXcharclass76
\HebrewClass=\XeTeXcharclass77
\HiraganaClass=\XeTeXcharclass78
\IdeographicDescriptionCharactersClass=\XeTeXcharclass79
\IPAExtensionsClass=\XeTeXcharclass80
\KanbunClass=\XeTeXcharclass81
\KangxiRadicalsClass=\XeTeXcharclass82
\KannadaClass=\XeTeXcharclass83
\KatakanaClass=\XeTeXcharclass84
\KatakanaPhoneticExtensionsClass=\XeTeXcharclass85
\KayahLiClass=\XeTeXcharclass86
\KhmerClass=\XeTeXcharclass87
\KhmerSymbolsClass=\XeTeXcharclass88
\LaoClass=\XeTeXcharclass89
\LatinExtendedAdditionalClass=\XeTeXcharclass90
\LatinExtendedAClass=\XeTeXcharclass91
\LatinExtendedBClass=\XeTeXcharclass92
\LatinExtendedCClass=\XeTeXcharclass93
\LatinExtendedDClass=\XeTeXcharclass94
\LatinSupplementClass=\XeTeXcharclass95
\LepchaClass=\XeTeXcharclass96
\LetterlikeSymbolsClass=\XeTeXcharclass97
\LimbuClass=\XeTeXcharclass98
\LinearBIdeogramsClass=\XeTeXcharclass99
\LinearBSyllabaryClass=\XeTeXcharclass100
\MahjongTilesClass=\XeTeXcharclass101
\MalayalamClass=\XeTeXcharclass102
\MathematicalAlphanumericSymbolsClass=\XeTeXcharclass103
\MathematicalOperatorsClass=\XeTeXcharclass104
\MiscellaneousMathematicalSymbolsAClass=\XeTeXcharclass105
\MiscellaneousMathematicalSymbolsBClass=\XeTeXcharclass106
\MiscellaneousSymbolsClass=\XeTeXcharclass107
\MiscellaneousSymbolsAndArrowsClass=\XeTeXcharclass108
\MiscellaneousTechnicalClass=\XeTeXcharclass109
\ModifierToneLettersClass=\XeTeXcharclass110
\MongolianClass=\XeTeXcharclass111
\MusicalSymbolsClass=\XeTeXcharclass112
\MyanmarClass=\XeTeXcharclass113
\NewTaiLueClass=\XeTeXcharclass114
\NKoClass=\XeTeXcharclass115
\NumberFormsClass=\XeTeXcharclass116
\OghamClass=\XeTeXcharclass117
\OlChikiClass=\XeTeXcharclass118
\OldPersianClass=\XeTeXcharclass119
\OpticalCharacterRecognitionClass=\XeTeXcharclass120
\OriyaClass=\XeTeXcharclass121
\OsmanyaClass=\XeTeXcharclass122
\PhagsPaClass=\XeTeXcharclass123
\PhoenicianClass=\XeTeXcharclass124
\PhoneticExtensionsClass=\XeTeXcharclass125
\PhoneticExtensionsSupplementClass=\XeTeXcharclass126
\PrivateUseAreaClass=\XeTeXcharclass127
\RejangClass=\XeTeXcharclass128
\RunicClass=\XeTeXcharclass129
\SaurashtraClass=\XeTeXcharclass130
\ShavianClass=\XeTeXcharclass131
\SinhalaClass=\XeTeXcharclass132
\SmallFormVariantsClass=\XeTeXcharclass133
\SpacingModifierLettersClass=\XeTeXcharclass134
\SundaneseClass=\XeTeXcharclass135
\SuperscriptsAndSubscriptsClass=\XeTeXcharclass136
\SupplementalArrowsAClass=\XeTeXcharclass137
\SupplementalArrowsBClass=\XeTeXcharclass138
\SupplementalMathematicalOperatorsClass=\XeTeXcharclass139
\SupplementalPunctuationClass=\XeTeXcharclass140
\SylotiNagriClass=\XeTeXcharclass141
\SyriacClass=\XeTeXcharclass142
\TagalogClass=\XeTeXcharclass143
\TagbanwaClass=\XeTeXcharclass144
\TagsClass=\XeTeXcharclass145
\TaiLeClass=\XeTeXcharclass146
\TaiXuanJingSymbolsClass=\XeTeXcharclass147
\TamilClass=\XeTeXcharclass148
\TeluguClass=\XeTeXcharclass149
\ThaanaClass=\XeTeXcharclass150
\ThaiClass=\XeTeXcharclass151
\TibetanClass=\XeTeXcharclass152
\TifinaghClass=\XeTeXcharclass153
\UgariticClass=\XeTeXcharclass154
\UnifiedCanadianAboriginalSyllabicsClass=\XeTeXcharclass155
\VaiClass=\XeTeXcharclass156
\VerticalFormsClass=\XeTeXcharclass157
\YiRadicalsClass=\XeTeXcharclass158
\YiSyllablesClass=\XeTeXcharclass159
\YijingHexagramSymbolsClass=\XeTeXcharclass160
\AvestanClass=\XeTeXcharclass161
\BamumClass=\XeTeXcharclass162
\CJKUnifiedIdeographsExtensionCClass=\XeTeXcharclass163
\CommonIndicNumberFormsClass=\XeTeXcharclass164
\DevanagariExtendedClass=\XeTeXcharclass165
\EgyptianHieroglyphsClass=\XeTeXcharclass166
\EnclosedAlphanumericSupplementClass=\XeTeXcharclass167
\EnclosedIdeographicSupplementClass=\XeTeXcharclass168
\HangulJamoExtendedAClass=\XeTeXcharclass169
\HangulJamoExtendedBClass=\XeTeXcharclass170
\ImperialAramaicClass=\XeTeXcharclass171
\InscriptionalPahlaviClass=\XeTeXcharclass172
\InscriptionalParthianClass=\XeTeXcharclass173
\JavaneseClass=\XeTeXcharclass174
\KaithiClass=\XeTeXcharclass175
\LisuClass=\XeTeXcharclass176
\MeeteiMayekClass=\XeTeXcharclass177
\MyanmarExtendedAClass=\XeTeXcharclass178
\RumiNumeralSymbolsClass=\XeTeXcharclass179
\SamaritanClass=\XeTeXcharclass180
\TaiThamClass=\XeTeXcharclass181
\TaiVietClass=\XeTeXcharclass182
\UnifiedCanadianAboriginalSyllabicsExtendedClass=\XeTeXcharclass183
\VedicExtensionsClass=\XeTeXcharclass184
\AlchemicalSymbolsClass=\XeTeXcharclass185
\BamumSupplementClass=\XeTeXcharclass186
\BatakClass=\XeTeXcharclass187
\BrahmiClass=\XeTeXcharclass188
\CJKUnifiedIdeographsExtensionDClass=\XeTeXcharclass189
\EmoticonsClass=\XeTeXcharclass190
\EthiopicExtendedAClass=\XeTeXcharclass191
\KanaSupplementClass=\XeTeXcharclass192
\MandaicClass=\XeTeXcharclass193
\MiscellaneousSymbolsAndPictographsClass=\XeTeXcharclass194
\PlayingCardsClass=\XeTeXcharclass195
\TransportAndMapSymbolsClass=\XeTeXcharclass196
\ArabicExtendedAClass=\XeTeXcharclass197
\ArabicMathematicalAlphabeticSymbolsClass=\XeTeXcharclass198
\ChakmaClass=\XeTeXcharclass199
\MeeteiMayekExtensionsClass=\XeTeXcharclass200
\MeroiticCursiveClass=\XeTeXcharclass201
\MeroiticHieroglyphsClass=\XeTeXcharclass202
\MiaoClass=\XeTeXcharclass203
\SharadaClass=\XeTeXcharclass204
\SoraSompengClass=\XeTeXcharclass205
\SundaneseSupplementClass=\XeTeXcharclass206
\TakriClass=\XeTeXcharclass207
\BassaVahClass=\XeTeXcharclass208
\CaucasianAlbanianClass=\XeTeXcharclass209
\CombiningDiacriticalMarksExtendedClass=\XeTeXcharclass210
\CopticEpactNumbersClass=\XeTeXcharclass211
\ElbasanClass=\XeTeXcharclass212
\GeometricShapesExtendedClass=\XeTeXcharclass213
\GranthaClass=\XeTeXcharclass214
\KhojkiClass=\XeTeXcharclass215
\KhudawadiClass=\XeTeXcharclass216
\LatinExtendedEClass=\XeTeXcharclass217
\LinearAClass=\XeTeXcharclass218
\MahajaniClass=\XeTeXcharclass219
\MendeKikakuiClass=\XeTeXcharclass220
\ModiClass=\XeTeXcharclass221
\MroClass=\XeTeXcharclass222
\MyanmarExtendedBClass=\XeTeXcharclass223
\OrnamentalDingbatsClass=\XeTeXcharclass224
\PahawhHmongClass=\XeTeXcharclass225
\PauCinHauClass=\XeTeXcharclass226
\SiddhamClass=\XeTeXcharclass227
\SinhalaArchaicNumbersClass=\XeTeXcharclass228
\SupplementalArrowsCClass=\XeTeXcharclass229
\TirhutaClass=\XeTeXcharclass230
\WarangCitiClass=\XeTeXcharclass231
\CherokeeSupplementClass=\XeTeXcharclass232
\CJKUnifiedIdeographsExtensionEClass=\XeTeXcharclass233
\SupplementalSymbolsAndPictographsClass=\XeTeXcharclass234
\CyrillicExtendedCClass=\XeTeXcharclass235
\GlagoliticSupplementClass=\XeTeXcharclass236
\IdeographicSymbolsAndPunctuationClass=\XeTeXcharclass237
\MongolianSupplementClass=\XeTeXcharclass238
\CJKUnifiedIdeographsExtensionFClass=\XeTeXcharclass239
\KanaExtendedAClass=\XeTeXcharclass240
\SyriacSupplementClass=\XeTeXcharclass241
\GeorgianExtendedClass=\XeTeXcharclass242
\SmallKanaExtensionClass=\XeTeXcharclass243
\SymbolsAndPictographsExtendedAClass=\XeTeXcharclass244
\CJKUnifiedIdeographsExtensionGClass=\XeTeXcharclass245
\ArabicExtendedBClass=\XeTeXcharclass246
\EthiopicExtendedBClass=\XeTeXcharclass247
\KanaExtendedBClass=\XeTeXcharclass248
\LatinExtendedFClass=\XeTeXcharclass249
\LatinExtendedGClass=\XeTeXcharclass250
\UnifiedCanadianAboriginalSyllabicsExtendedAClass=\XeTeXcharclass251
\ArabicExtendedCClass=\XeTeXcharclass252
\CJKUnifiedIdeographsExtensionHClass=\XeTeXcharclass253
\CyrillicExtendedDClass=\XeTeXcharclass254
\DevanagariExtendedAClass=\XeTeXcharclass255
\CarianClass=\XeTeXcharclass256
\GothicClass=\XeTeXcharclass257
\KharoshthiClass=\XeTeXcharclass258
\LycianClass=\XeTeXcharclass259
\LydianClass=\XeTeXcharclass260
\OldItalicClass=\XeTeXcharclass261
\PhaistosDiscClass=\XeTeXcharclass262
\SupplementaryPrivateUseAreaAClass=\XeTeXcharclass263
\SupplementaryPrivateUseAreaBClass=\XeTeXcharclass264
\OldSouthArabianClass=\XeTeXcharclass265
\OldTurkicClass=\XeTeXcharclass266
\DuployanClass=\XeTeXcharclass267
\ManichaeanClass=\XeTeXcharclass268
\NabataeanClass=\XeTeXcharclass269
\OldNorthArabianClass=\XeTeXcharclass270
\OldPermicClass=\XeTeXcharclass271
\PalmyreneClass=\XeTeXcharclass272
\PsalterPahlaviClass=\XeTeXcharclass273
\ShorthandFormatControlsClass=\XeTeXcharclass274
\AhomClass=\XeTeXcharclass275
\AnatolianHieroglyphsClass=\XeTeXcharclass276
\EarlyDynasticCuneiformClass=\XeTeXcharclass277
\HatranClass=\XeTeXcharclass278
\MultaniClass=\XeTeXcharclass279
\OldHungarianClass=\XeTeXcharclass280
\SuttonSignWritingClass=\XeTeXcharclass281
\AdlamClass=\XeTeXcharclass282
\BhaiksukiClass=\XeTeXcharclass283
\MarchenClass=\XeTeXcharclass284
\NewaClass=\XeTeXcharclass285
\OsageClass=\XeTeXcharclass286
\TangutClass=\XeTeXcharclass287
\TangutComponentsClass=\XeTeXcharclass288
\MasaramGondiClass=\XeTeXcharclass289
\NushuClass=\XeTeXcharclass290
\SoyomboClass=\XeTeXcharclass291
\ZanabazarSquareClass=\XeTeXcharclass292
\ChessSymbolsClass=\XeTeXcharclass293
\DograClass=\XeTeXcharclass294
\GunjalaGondiClass=\XeTeXcharclass295
\HanifiRohingyaClass=\XeTeXcharclass296
\IndicSiyaqNumbersClass=\XeTeXcharclass297
\MakasarClass=\XeTeXcharclass298
\MayanNumeralsClass=\XeTeXcharclass299
\MedefaidrinClass=\XeTeXcharclass300
\OldSogdianClass=\XeTeXcharclass301
\SogdianClass=\XeTeXcharclass302
\EgyptianHieroglyphFormatControlsClass=\XeTeXcharclass303
\ElymaicClass=\XeTeXcharclass304
\NandinagariClass=\XeTeXcharclass305
\NyiakengPuachueHmongClass=\XeTeXcharclass306
\OttomanSiyaqNumbersClass=\XeTeXcharclass307
\TamilSupplementClass=\XeTeXcharclass308
\WanchoClass=\XeTeXcharclass309
\ChorasmianClass=\XeTeXcharclass310
\DivesAkuruClass=\XeTeXcharclass311
\KhitanSmallScriptClass=\XeTeXcharclass312
\LisuSupplementClass=\XeTeXcharclass313
\SymbolsForLegacyComputingClass=\XeTeXcharclass314
\TangutSupplementClass=\XeTeXcharclass315
\YezidiClass=\XeTeXcharclass316
\CyproMinoanClass=\XeTeXcharclass317
\OldUighurClass=\XeTeXcharclass318
\TangsaClass=\XeTeXcharclass319
\TotoClass=\XeTeXcharclass320
\VithkuqiClass=\XeTeXcharclass321
\ZnamennyMusicalNotationClass=\XeTeXcharclass322
\KaktovikNumeralsClass=\XeTeXcharclass323
\KawiClass=\XeTeXcharclass324
\NagMundariClass=\XeTeXcharclass325
) (./cvpr.sty
(./eso-pic.sty
Package: eso-pic 2002/11/16 v1.1b eso-pic (RN)
 (./cvpr_eso.sty

LaTeX Warning: You have requested package `eso-pic',
               but the package provides `everyshi'.

Package: everyshi 2001/05/15 v3.00 EveryShipout Package (MS)
) (/usr/share/texlive/texmf-dist/tex/latex/graphics/keyval.sty
Package: keyval 2022/05/29 v1.15 key=value parser (DPC)
\KV@toks@=\toks17
))
(/usr/share/texlive/texmf-dist/tex/latex/tools/xspace.sty
Package: xspace 2014/10/28 v1.13 Space after command names (DPC,MH)
)
CVPR 8.5 x 11-Inch Proceedings Style `cvpr.sty'.
\@ctmp=\skip50
\@figindent=\skip51
\cvprrulerbox=\box52
\cvprrulercount=\count278
\cvprruleroffset=\dimen157
\cv@lineheight=\dimen158
\cv@boxheight=\dimen159
\cv@tmpbox=\box53
\cv@refno=\count279
\cv@tot=\count280
\cv@tmpc@=\count281
\cv@tmpc=\count282
) (/usr/share/texlive/texmf-dist/tex/latex/psnfss/times.sty
Package: times 2020/03/25 PSNFSS-v9.3 (SPQR) 
)
(/usr/share/texlive/texmf-dist/tex/latex/graphics/epsfig.sty
Package: epsfig 2017/06/25 v1.7b (e)psfig emulation (SPQR)

(/usr/share/texlive/texmf-dist/tex/latex/graphics/graphicx.sty
Package: graphicx 2021/09/16 v1.2d Enhanced LaTeX Graphics (DPC,SPQR)

(/usr/share/texlive/texmf-dist/tex/latex/graphics/graphics.sty
Package: graphics 2022/03/10 v1.4e Standard LaTeX Graphics (DPC,SPQR)

(/usr/share/texlive/texmf-dist/tex/latex/graphics/trig.sty
Package: trig 2021/08/11 v1.11 sin cos tan (DPC)
)
(/usr/share/texlive/texmf-dist/tex/latex/graphics-cfg/graphics.cfg
File: graphics.cfg 2016/06/04 v1.11 sample graphics configuration
)
Package graphics Info: Driver file: xetex.def on input line 107.

(/usr/share/texlive/texmf-dist/tex/latex/graphics-def/xetex.def
File: xetex.def 2022/09/22 v5.0n Graphics/color driver for xetex
))
\Gin@req@height=\dimen160
\Gin@req@width=\dimen161
)
\epsfxsize=\dimen162
\epsfysize=\dimen163
)
(/usr/share/texlive/texmf-dist/tex/latex/amsmath/amsmath.sty
Package: amsmath 2023/05/13 v2.17o AMS math features
\@mathmargin=\skip52

For additional information on amsmath, use the `?' option.
(/usr/share/texlive/texmf-dist/tex/latex/amsmath/amstext.sty
Package: amstext 2021/08/26 v2.01 AMS text

(/usr/share/texlive/texmf-dist/tex/latex/amsmath/amsgen.sty
File: amsgen.sty 1999/11/30 v2.0 generic functions
\@emptytoks=\toks18
\ex@=\dimen164
))
(/usr/share/texlive/texmf-dist/tex/latex/amsmath/amsbsy.sty
Package: amsbsy 1999/11/29 v1.2d Bold Symbols
\pmbraise@=\dimen165
)
(/usr/share/texlive/texmf-dist/tex/latex/amsmath/amsopn.sty
Package: amsopn 2022/04/08 v2.04 operator names
)
\inf@bad=\count283
LaTeX Info: Redefining \frac on input line 234.
\uproot@=\count284
\leftroot@=\count285
LaTeX Info: Redefining \overline on input line 399.
LaTeX Info: Redefining \colon on input line 410.
\classnum@=\count286
\DOTSCASE@=\count287
LaTeX Info: Redefining \ldots on input line 496.
LaTeX Info: Redefining \dots on input line 499.
LaTeX Info: Redefining \cdots on input line 620.
\Mathstrutbox@=\box54
\strutbox@=\box55
LaTeX Info: Redefining \big on input line 722.
LaTeX Info: Redefining \Big on input line 723.
LaTeX Info: Redefining \bigg on input line 724.
LaTeX Info: Redefining \Bigg on input line 725.
\big@size=\dimen166
LaTeX Font Info:    Redeclaring font encoding OML on input line 743.
LaTeX Font Info:    Redeclaring font encoding OMS on input line 744.
\macc@depth=\count288
LaTeX Info: Redefining \bmod on input line 905.
LaTeX Info: Redefining \pmod on input line 910.
LaTeX Info: Redefining \smash on input line 940.
LaTeX Info: Redefining \relbar on input line 970.
LaTeX Info: Redefining \Relbar on input line 971.
\c@MaxMatrixCols=\count289
\dotsspace@=\muskip16
\c@parentequation=\count290
\dspbrk@lvl=\count291
\tag@help=\toks19
\row@=\count292
\column@=\count293
\maxfields@=\count294
\andhelp@=\toks20
\eqnshift@=\dimen167
\alignsep@=\dimen168
\tagshift@=\dimen169
\tagwidth@=\dimen170
\totwidth@=\dimen171
\lineht@=\dimen172
\@envbody=\toks21
\multlinegap=\skip53
\multlinetaggap=\skip54
\mathdisplay@stack=\toks22
LaTeX Info: Redefining \[ on input line 2953.
LaTeX Info: Redefining \] on input line 2954.
)
(/usr/share/texlive/texmf-dist/tex/latex/amsfonts/amssymb.sty
Package: amssymb 2013/01/14 v3.01 AMS font symbols

(/usr/share/texlive/texmf-dist/tex/latex/amsfonts/amsfonts.sty
Package: amsfonts 2013/01/14 v3.01 Basic AMSFonts support
\symAMSa=\mathgroup4
\symAMSb=\mathgroup5
LaTeX Font Info:    Redeclaring math symbol \hbar on input line 98.
LaTeX Font Info:    Overwriting math alphabet `\mathfrak' in version `bold'
(Font)                  U/euf/m/n --> U/euf/b/n on input line 106.
))
(/usr/share/texlive/texmf-dist/tex/latex/hyperref/hyperref.sty
Package: hyperref 2024-01-20 v7.01h Hypertext links for LaTeX

(/usr/share/texlive/texmf-dist/tex/latex/kvsetkeys/kvsetkeys.sty
Package: kvsetkeys 2022-10-05 v1.19 Key value parser (HO)
)
(/usr/share/texlive/texmf-dist/tex/generic/kvdefinekeys/kvdefinekeys.sty
Package: kvdefinekeys 2019-12-19 v1.6 Define keys (HO)
)
(/usr/share/texlive/texmf-dist/tex/generic/pdfescape/pdfescape.sty
Package: pdfescape 2019/12/09 v1.15 Implements pdfTeX's escape features (HO)

(/usr/share/texlive/texmf-dist/tex/generic/ltxcmds/ltxcmds.sty
Package: ltxcmds 2023-12-04 v1.26 LaTeX kernel commands for general use (HO)
)
(/usr/share/texlive/texmf-dist/tex/generic/pdftexcmds/pdftexcmds.sty
Package: pdftexcmds 2020-06-27 v0.33 Utility functions of pdfTeX for LuaTeX (HO
)

(/usr/share/texlive/texmf-dist/tex/generic/infwarerr/infwarerr.sty
Package: infwarerr 2019/12/03 v1.5 Providing info/warning/error messages (HO)
)
Package pdftexcmds Info: \pdf@primitive is available.
Package pdftexcmds Info: \pdf@ifprimitive is available.
Package pdftexcmds Info: \pdfdraftmode not found.
))
(/usr/share/texlive/texmf-dist/tex/latex/hycolor/hycolor.sty
Package: hycolor 2020-01-27 v1.10 Color options for hyperref/bookmark (HO)
)
(/usr/share/texlive/texmf-dist/tex/latex/auxhook/auxhook.sty
Package: auxhook 2019-12-17 v1.6 Hooks for auxiliary files (HO)
)
(/usr/share/texlive/texmf-dist/tex/latex/hyperref/nameref.sty
Package: nameref 2023-11-26 v2.56 Cross-referencing by name of section

(/usr/share/texlive/texmf-dist/tex/latex/refcount/refcount.sty
Package: refcount 2019/12/15 v3.6 Data extraction from label references (HO)
)
(/usr/share/texlive/texmf-dist/tex/generic/gettitlestring/gettitlestring.sty
Package: gettitlestring 2019/12/15 v1.6 Cleanup title references (HO)

(/usr/share/texlive/texmf-dist/tex/latex/kvoptions/kvoptions.sty
Package: kvoptions 2022-06-15 v3.15 Key value format for package options (HO)
))
\c@section@level=\count295
)
(/usr/share/texlive/texmf-dist/tex/latex/etoolbox/etoolbox.sty
Package: etoolbox 2020/10/05 v2.5k e-TeX tools for LaTeX (JAW)
\etb@tempcnta=\count296
)
\@linkdim=\dimen173
\Hy@linkcounter=\count297
\Hy@pagecounter=\count298

(/usr/share/texlive/texmf-dist/tex/latex/hyperref/pd1enc.def
File: pd1enc.def 2024-01-20 v7.01h Hyperref: PDFDocEncoding definition (HO)
)
(/usr/share/texlive/texmf-dist/tex/generic/intcalc/intcalc.sty
Package: intcalc 2019/12/15 v1.3 Expandable calculations with integers (HO)
)
\Hy@SavedSpaceFactor=\count299

(/usr/share/texlive/texmf-dist/tex/latex/hyperref/puenc.def
File: puenc.def 2024-01-20 v7.01h Hyperref: PDF Unicode definition (HO)
)
Package hyperref Info: Option `breaklinks' set `true' on input line 4062.
Package hyperref Info: Option `bookmarks' set `false' on input line 4062.
Package hyperref Info: Hyper figures OFF on input line 4179.
Package hyperref Info: Link nesting OFF on input line 4184.
Package hyperref Info: Hyper index ON on input line 4187.
Package hyperref Info: Plain pages OFF on input line 4194.
Package hyperref Info: Backreferencing OFF on input line 4199.
Package hyperref Info: Implicit mode ON; LaTeX internals redefined.
Package hyperref Info: Bookmarks OFF on input line 4452.
\c@Hy@tempcnt=\count300

(/usr/share/texlive/texmf-dist/tex/latex/url/url.sty
\Urlmuskip=\muskip17
Package: url 2013/09/16  ver 3.4  Verb mode for urls, etc.
)
LaTeX Info: Redefining \url on input line 4784.
\XeTeXLinkMargin=\dimen174

(/usr/share/texlive/texmf-dist/tex/generic/bitset/bitset.sty
Package: bitset 2019/12/09 v1.3 Handle bit-vector datatype (HO)

(/usr/share/texlive/texmf-dist/tex/generic/bigintcalc/bigintcalc.sty
Package: bigintcalc 2019/12/15 v1.5 Expandable calculations on big integers (HO
)
))
\Fld@menulength=\count301
\Field@Width=\dimen175
\Fld@charsize=\dimen176
Package hyperref Info: Hyper figures OFF on input line 6063.
Package hyperref Info: Link nesting OFF on input line 6068.
Package hyperref Info: Hyper index ON on input line 6071.
Package hyperref Info: backreferencing OFF on input line 6078.
Package hyperref Info: Link coloring OFF on input line 6083.
Package hyperref Info: Link coloring with OCG OFF on input line 6088.
Package hyperref Info: PDF/A mode OFF on input line 6093.

(/usr/share/texlive/texmf-dist/tex/latex/base/atbegshi-ltx.sty
Package: atbegshi-ltx 2021/01/10 v1.0c Emulation of the original atbegshi
package with kernel methods
)
\Hy@abspage=\count302
\c@Item=\count303
\c@Hfootnote=\count304
)
Package hyperref Info: Driver (autodetected): hxetex.

(/usr/share/texlive/texmf-dist/tex/latex/hyperref/hxetex.def
File: hxetex.def 2024-01-20 v7.01h Hyperref driver for XeTeX

(/usr/share/texlive/texmf-dist/tex/generic/stringenc/stringenc.sty
Package: stringenc 2019/11/29 v1.12 Convert strings between diff. encodings (HO
)
)
\pdfm@box=\box56
\c@Hy@AnnotLevel=\count305
\HyField@AnnotCount=\count306
\Fld@listcount=\count307
\c@bookmark@seq@number=\count308

(/usr/share/texlive/texmf-dist/tex/latex/rerunfilecheck/rerunfilecheck.sty
Package: rerunfilecheck 2022-07-10 v1.10 Rerun checks for auxiliary files (HO)

(/usr/share/texlive/texmf-dist/tex/latex/base/atveryend-ltx.sty
Package: atveryend-ltx 2020/08/19 v1.0a Emulation of the original atveryend pac
kage
with kernel methods
)
(/usr/share/texlive/texmf-dist/tex/generic/uniquecounter/uniquecounter.sty
Package: uniquecounter 2019/12/15 v1.4 Provide unlimited unique counter (HO)
)
Package uniquecounter Info: New unique counter `rerunfilecheck' on input line 2
85.
)
\Hy@SectionHShift=\skip55
)
LaTeX Font Info:    Trying to load font information for TU+ptm on input line 87
.
LaTeX Font Info:    No file TUptm.fd. on input line 87.


LaTeX Font Warning: Font shape `TU/ptm/m/n' undefined
(Font)              using `TU/lmr/m/n' instead on input line 87.

(./2khmertranslated3.aux

LaTeX Warning: Label `fig:onecol' multiply defined.


LaTeX Warning: Label `fig:onecol' multiply defined.


LaTeX Warning: Label `fig:onecol' multiply defined.


LaTeX Warning: Label `fig:onecol' multiply defined.


LaTeX Warning: Label `fig:onecol' multiply defined.


LaTeX Warning: Label `fig:onecol' multiply defined.


LaTeX Warning: Label `fig:onecol' multiply defined.


LaTeX Warning: Label `fig:onecol' multiply defined.


LaTeX Warning: Label `fig:onecol' multiply defined.


LaTeX Warning: Label `fig:onecol' multiply defined.


LaTeX Warning: Label `fig:onecol' multiply defined.


LaTeX Warning: Label `fig:onecol' multiply defined.

)
\openout1 = `2khmertranslated3.aux'.

LaTeX Font Info:    Checking defaults for OML/cmm/m/it on input line 87.
LaTeX Font Info:    ... okay on input line 87.
LaTeX Font Info:    Checking defaults for OMS/cmsy/m/n on input line 87.
LaTeX Font Info:    ... okay on input line 87.
LaTeX Font Info:    Checking defaults for OT1/cmr/m/n on input line 87.
LaTeX Font Info:    ... okay on input line 87.
LaTeX Font Info:    Checking defaults for T1/cmr/m/n on input line 87.
LaTeX Font Info:    ... okay on input line 87.
LaTeX Font Info:    Checking defaults for TS1/cmr/m/n on input line 87.
LaTeX Font Info:    Trying to load font information for TS1+cmr on input line 8
7.
 (/usr/share/texlive/texmf-dist/tex/latex/base/ts1cmr.fd
File: ts1cmr.fd 2023/04/13 v2.5m Standard LaTeX font definitions
)
LaTeX Font Info:    ... okay on input line 87.
LaTeX Font Info:    Checking defaults for TU/lmr/m/n on input line 87.
LaTeX Font Info:    ... okay on input line 87.
LaTeX Font Info:    Checking defaults for OMX/cmex/m/n on input line 87.
LaTeX Font Info:    ... okay on input line 87.
LaTeX Font Info:    Checking defaults for U/cmr/m/n on input line 87.
LaTeX Font Info:    ... okay on input line 87.
LaTeX Font Info:    Checking defaults for PD1/pdf/m/n on input line 87.
LaTeX Font Info:    ... okay on input line 87.
LaTeX Font Info:    Checking defaults for PU/pdf/m/n on input line 87.
LaTeX Font Info:    ... okay on input line 87.

Package fontspec Info: Adjusting the maths setup (use [no-math] to avoid
(fontspec)             this).

\symlegacymaths=\mathgroup6
LaTeX Font Info:    Overwriting symbol font `legacymaths' in version `bold'
(Font)                  OT1/cmr/m/n --> OT1/cmr/bx/n on input line 87.
LaTeX Font Info:    Redeclaring math accent \acute on input line 87.
LaTeX Font Info:    Redeclaring math accent \grave on input line 87.
LaTeX Font Info:    Redeclaring math accent \ddot on input line 87.
LaTeX Font Info:    Redeclaring math accent \tilde on input line 87.
LaTeX Font Info:    Redeclaring math accent \bar on input line 87.
LaTeX Font Info:    Redeclaring math accent \breve on input line 87.
LaTeX Font Info:    Redeclaring math accent \check on input line 87.
LaTeX Font Info:    Redeclaring math accent \hat on input line 87.
LaTeX Font Info:    Redeclaring math accent \dot on input line 87.
LaTeX Font Info:    Redeclaring math accent \mathring on input line 87.
LaTeX Font Info:    Redeclaring math symbol \Gamma on input line 87.
LaTeX Font Info:    Redeclaring math symbol \Delta on input line 87.
LaTeX Font Info:    Redeclaring math symbol \Theta on input line 87.
LaTeX Font Info:    Redeclaring math symbol \Lambda on input line 87.
LaTeX Font Info:    Redeclaring math symbol \Xi on input line 87.
LaTeX Font Info:    Redeclaring math symbol \Pi on input line 87.
LaTeX Font Info:    Redeclaring math symbol \Sigma on input line 87.
LaTeX Font Info:    Redeclaring math symbol \Upsilon on input line 87.
LaTeX Font Info:    Redeclaring math symbol \Phi on input line 87.
LaTeX Font Info:    Redeclaring math symbol \Psi on input line 87.
LaTeX Font Info:    Redeclaring math symbol \Omega on input line 87.
LaTeX Font Info:    Redeclaring math symbol \mathdollar on input line 87.
LaTeX Font Info:    Redeclaring symbol font `operators' on input line 87.
LaTeX Font Info:    Encoding `OT1' has changed to `TU' for symbol font
(Font)              `operators' in the math version `normal' on input line 87.
LaTeX Font Info:    Overwriting symbol font `operators' in version `normal'
(Font)                  OT1/cmr/m/n --> TU/ptm/m/n on input line 87.
LaTeX Font Info:    Encoding `OT1' has changed to `TU' for symbol font
(Font)              `operators' in the math version `bold' on input line 87.
LaTeX Font Info:    Overwriting symbol font `operators' in version `bold'
(Font)                  OT1/cmr/bx/n --> TU/ptm/m/n on input line 87.
LaTeX Font Info:    Overwriting symbol font `operators' in version `normal'
(Font)                  TU/ptm/m/n --> TU/ptm/m/n on input line 87.
LaTeX Font Info:    Overwriting math alphabet `\mathit' in version `normal'
(Font)                  OT1/cmr/m/it --> TU/ptm/m/it on input line 87.
LaTeX Font Info:    Overwriting math alphabet `\mathbf' in version `normal'
(Font)                  OT1/cmr/bx/n --> TU/ptm/b/n on input line 87.
LaTeX Font Info:    Overwriting math alphabet `\mathsf' in version `normal'
(Font)                  OT1/cmss/m/n --> TU/phv/m/n on input line 87.
LaTeX Font Info:    Overwriting math alphabet `\mathtt' in version `normal'
(Font)                  OT1/cmtt/m/n --> TU/pcr/m/n on input line 87.
LaTeX Font Info:    Overwriting symbol font `operators' in version `bold'
(Font)                  TU/ptm/m/n --> TU/ptm/b/n on input line 87.
LaTeX Font Info:    Overwriting math alphabet `\mathit' in version `bold'
(Font)                  OT1/cmr/bx/it --> TU/ptm/b/it on input line 87.
LaTeX Font Info:    Overwriting math alphabet `\mathsf' in version `bold'
(Font)                  OT1/cmss/bx/n --> TU/phv/b/n on input line 87.
LaTeX Font Info:    Overwriting math alphabet `\mathtt' in version `bold'
(Font)                  OT1/cmtt/m/n --> TU/pcr/b/n on input line 87.

ABD: EveryShipout initializing macros
(/usr/share/texlive/texmf-dist/tex/latex/graphics/color.sty
Package: color 2022/01/06 v1.3d Standard LaTeX Color (DPC)

(/usr/share/texlive/texmf-dist/tex/latex/graphics-cfg/color.cfg
File: color.cfg 2016/01/02 v1.6 sample color configuration
)
Package color Info: Driver file: xetex.def on input line 149.

(/usr/share/texlive/texmf-dist/tex/latex/graphics/mathcolor.ltx))
Package hyperref Info: Link coloring OFF on input line 87.


LaTeX Font Warning: Font shape `TU/ptm/b/n' undefined
(Font)              using `TU/ptm/m/n' instead on input line 101.

Missing character: There is no ​ (U+200B) in font Latin Modern Roman 12 Bold/OT
:script=latn;language=dflt;!
LaTeX Font Info:    Trying to load font information for U+msa on input line 101
.
(/usr/share/texlive/texmf-dist/tex/latex/amsfonts/umsa.fd
File: umsa.fd 2013/01/14 v3.01 AMS symbols A
)
LaTeX Font Info:    Trying to load font information for U+msb on input line 101
.

(/usr/share/texlive/texmf-dist/tex/latex/amsfonts/umsb.fd
File: umsb.fd 2013/01/14 v3.01 AMS symbols B
)
LaTeX Font Info:    Trying to load font information for TU+pcr on input line 10
1.
LaTeX Font Info:    No file TUpcr.fd. on input line 101.


LaTeX Font Warning: Font shape `TU/pcr/m/n' undefined
(Font)              using `TU/lmr/m/n' instead on input line 101.


LaTeX Font Warning: Font shape `TU/ptm/m/it' undefined
(Font)              using `TU/ptm/m/n' instead on input line 102.


LaTeX Font Warning: Font shape `TU/NotoSansKhmer(0)/m/it' undefined
(Font)              using `TU/NotoSansKhmer(0)/m/n' instead on input line 103.

Missing character: There is no ​ (U+200B) in font Latin Modern Roman 10 Italic/
OT:script=latn;language=dflt;!

Underfull \hbox (badness 10000) in paragraph at lines 103--104
[]\TU/NotoSansKhmer(0)/m/it/10 នៅក្នុងខែឧសភា ឆ្នាំ\TU/LatinModernRoman(0)/m/it/
10 2025 \TU/NotoSansKhmer(0)/m/it/10 អ្នកនិពន្ធអនឡាញម្នាក់ដែលបានប្រើ
 []


Underfull \hbox (badness 10000) in paragraph at lines 103--104
\TU/NotoSansKhmer(0)/m/it/10 នៃការបញ្ជេញកម្តៅដែលកើតចេញពីស្រទាប់ស្នូលទាំងពីរនៃផែ
នដីវិ
 []


Underfull \hbox (badness 10000) in paragraph at lines 103--104
\TU/NotoSansKhmer(0)/m/it/10 លបញ្ជ្រាស់គ្នា\TU/LatinModernRoman(0)/m/it/10 (ECD
O)[[]]\TU/NotoSansKhmer(0)/m/it/10 ។ ទ្រឹស្ដីនេះមិនត្រឹមតែបានបង្ហាញថា
 []


Underfull \hbox (badness 10000) in paragraph at lines 103--104
\TU/NotoSansKhmer(0)/m/it/10 ផែនដីកាលពីមុនបានប្តូរទិសអ័ក្សវិលដ៏ខ្លាំងហើយបានធ្វើ
អោយមាន
 []


Underfull \hbox (badness 3396) in paragraph at lines 103--104
\TU/NotoSansKhmer(0)/m/it/10 ទឹកជំនន់ដ៏ធំទូទាំងពិភពលោក ដែលបណ្តាលអោយទឹកសមុទ្រជន់
លិច
 []


Underfull \hbox (badness 10000) in paragraph at lines 103--104
\TU/NotoSansKhmer(0)/m/it/10 ទ្វីបនានា\TU/LatinModernRoman(0)/m/it/10 ​\TU/Noto
SansKhmer(0)/m/it/10 តែថែមទាំងផ្ដល់ការបកស្រាយនៃដំណើរការភូមិវិទ្យាដែលផ្តោត
 []


Underfull \hbox (badness 10000) in paragraph at lines 103--104
\TU/NotoSansKhmer(0)/m/it/10 លើទិន្នន័យហេតុផលដែលបានបង្ហាញថាការផ្លាស់ប្តូរផែនដីអ
ាចនឹង
 []


Underfull \hbox (badness 1077) in paragraph at lines 103--104
\TU/NotoSansKhmer(0)/m/it/10 ដោយសារតែការយោងទៅលើវិទ្យាសាស្ត្រ ពហុទ្រឹស្តី និងមាន
មូលដ្ឋាន
 []

Missing character: There is no ​ (U+200B) in font Latin Modern Roman 10 Italic/
OT:script=latn;language=dflt;!
Missing character: There is no ​ (U+200B) in font Latin Modern Roman 10 Italic/
OT:script=latn;language=dflt;!
Missing character: There is no ​ (U+200B) in font Latin Modern Roman 10 Italic/
OT:script=latn;language=dflt;!

Underfull \hbox (badness 10000) in paragraph at lines 105--106
[]\TU/NotoSansKhmer(0)/m/it/10 អត្តបទស្រាវជ្រាវនេះជាផ្នែកទី\TU/LatinModernRoman
(0)/m/it/10 2\TU/NotoSansKhmer(0)/m/it/10 នៃការសង្ខេបដែលមានពីរផ្នែក នេះ
 []


Underfull \hbox (badness 10000) in paragraph at lines 105--106
\TU/NotoSansKhmer(0)/m/it/10 ជាការស្រាវជ្រាវឯករាជ្យដែលមានរយៈពេល\TU/LatinModernR
oman(0)/m/it/10 6\TU/NotoSansKhmer(0)/m/it/10 ខែ\TU/LatinModernRoman(0)/m/it/10
 [[], []]​\TU/NotoSansKhmer(0)/m/it/10 ទៅក្នុងទ្រឹស្ដី
 []


Underfull \hbox (badness 10000) in paragraph at lines 105--106
\TU/LatinModernRoman(0)/m/it/10 ECDO \TU/NotoSansKhmer(0)/m/it/10 ដោយផ្តោតទៅលើភ
ាពមិនប្រក្រតីនៃផ្នែកវិទ្យាសាស្ត្រ និង
 []

Missing character: There is no ​ (U+200B) in font Latin Modern Roman 10 Regular
/OT:script=latn;language=dflt;!
Missing character: There is no ​ (U+200B) in font Latin Modern Roman 10 Regular
/OT:script=latn;language=dflt;!
Missing character: There is no ​ (U+200B) in font Latin Modern Roman 10 Regular
/OT:script=latn;language=dflt;!

Underfull \hbox (badness 10000) in paragraph at lines 111--112
[]\TU/NotoSansKhmer(0)/m/it/10 ការសិក្សាពីភូមិសាស្ត្រនៃគ្រោះធម្មជាតិបែបទំនើប\TU
/LatinModernRoman(0)/m/n/10 ​\TU/NotoSansKhmer(0)/m/it/10 និងប្រវត្តិសាស្ត្រ
 []


Underfull \hbox (badness 10000) in paragraph at lines 111--112
\TU/NotoSansKhmer(0)/m/it/10 បានអះអាងថា\TU/LatinModernRoman(0)/m/n/10 ​\TU/Noto
SansKhmer(0)/m/it/10 តំបន់ដីភូមិសាស្ត្រធំៗដូចជាតំបន់ខាន់យនធំ\TU/LatinModernRoma
n(0)/m/n/10 (Grand
 []


Underfull \hbox (badness 10000) in paragraph at lines 111--112
\TU/LatinModernRoman(0)/m/n/10 Canyon) \TU/NotoSansKhmer(0)/m/it/10 ត្រូវបានគេជ
ឿថាបានបង្កើតឡើងយ៉ាងយឺតៗក្នុងរយៈពេល
 []


Underfull \hbox (badness 10000) in paragraph at lines 111--112
\TU/LatinModernRoman(0)/m/n/10 Valley)\TU/NotoSansKhmer(0)/m/it/10 នៃរដ្ធកាលីហ្
វ័រញ៉ាត្រូវបានគេរកឃើញ\TU/LatinModernRoman(0)/m/n/10 ​\TU/NotoSansKhmer(0)/m/it/
10 ព្រោះតំបន់នេះធ្លាប់
 []


Underfull \hbox (badness 10000) in paragraph at lines 111--112
\TU/NotoSansKhmer(0)/m/it/10 ស្ថិតនៅក្រោមសមុទ្រមុននេះជាច្រើនលានឆ្នាំមកហើយ។ \TU/
LatinModernRoman(0)/m/n/10 [[]]
 []


Underfull \hbox (badness 10000) in paragraph at lines 111--112
\TU/NotoSansKhmer(0)/m/it/10 ដោយហេតុនេះហើយទើបបុព្វបុរសរបស់យើងប្រហែល\TU/LatinMod
ernRoman(0)/m/n/10 150\TU/NotoSansKhmer(0)/m/it/10 ជំនាន់
 []


Underfull \hbox (badness 10000) in paragraph at lines 111--112
\TU/NotoSansKhmer(0)/m/it/10 កន្លងមកបានចំណាយពេញមួយជីវិតរបស់ពួកគេដើម្បីសាងសង់ផ្ន
ូរ
 []


Underfull \hbox (badness 10000) in paragraph at lines 111--112
\TU/NotoSansKhmer(0)/m/it/10 ធំៗ\TU/LatinModernRoman(0)/m/n/10 [[], []] \TU/Not
oSansKhmer(0)/m/it/10 និងនេះហើយដែលត្រូវបានហៅថា \TU/LatinModernRoman(0)/m/n/10 "
\TU/NotoSansKhmer(0)/m/it/10 ប្រេងឥន្ធនៈផូសុី
 []


Underfull \hbox (badness 7613) in paragraph at lines 111--112
\TU/NotoSansKhmer(0)/m/it/10 ល\TU/LatinModernRoman(0)/m/n/10 " \TU/NotoSansKhme
r(0)/m/it/10 គឺមានអាយុរាប់រយលានឆ្នាំមកហើយ\TU/LatinModernRoman(0)/m/n/10 [[]]\TU
/NotoSansKhmer(0)/m/it/10 ។ អ្វីដែលគួរអោយគត់
 []


Underfull \hbox (badness 10000) in paragraph at lines 111--112
\TU/NotoSansKhmer(0)/m/it/10 ប៉ុន្តែប្រវត្តិសាស្ត្រដែលចងក្រងគឺត្រឹមតែ\TU/LatinM
odernRoman(0)/m/n/10 5000\TU/NotoSansKhmer(0)/m/it/10 ឆ្នាំប៉ុណ្ណោះដែលស្មើរនឹង
 []


Underfull \hbox (badness 10000) in paragraph at lines 113--114
[]\TU/NotoSansKhmer(0)/m/it/10 ភាពមិនប្រក្រតីទាំងនេះ នឹងត្រូវបានពន្យល់យ៉ាងក្បោះ
ក្បាយដោយ
 []


Underfull \hbox (badness 10000) in paragraph at lines 115--115
[] \TU/LatinModernRoman(0)/b/n/12 . \TU/NotoSansKhmer(0)/b/n/12 សាកសពសត្វដំរីបុ
រេប្រវត្តិម៉ាម៉ូសដែលបានកប់ក្នុង
 []

File: jarkov-mammoth.jpg Graphic file (type bmp)
<jarkov-mammoth.jpg>
Missing character: There is no ​ (U+200B) in font Latin Modern Roman 9 Regular/
OT:script=latn;language=dflt;!
Missing character: There is no ​ (U+200B) in font Latin Modern Roman 9 Regular/
OT:script=latn;language=dflt;!

Underfull \hbox (badness 10000) in paragraph at lines 121--121
[]\TU/LatinModernRoman(0)/m/n/9 Figure 1. []\TU/NotoSansKhmer(0)/m/n/9 សត្វដំរី
បុរេប្រវត្តិម៉ាម៉ូសយ៉ាកក៉ូវ \TU/LatinModernRoman(0)/m/n/9 (Jarkov Mammoth)
 []


Underfull \hbox (badness 10000) in paragraph at lines 121--121
\TU/NotoSansKhmer(0)/m/n/9 អាយុ\TU/LatinModernRoman(0)/m/n/9 20,000\TU/NotoSans
Khmer(0)/m/n/9 ឆ្នាំដែលសាកសពរបស់វាត្រូវបានរក្សាយ៉ាងល្អ\TU/LatinModernRoman(0)/m
/n/9 ​\TU/NotoSansKhmer(0)/m/n/9 វាជាដំរីស្ថិតនៅតំបន់
 []

Missing character: There is no ​ (U+200B) in font Latin Modern Roman 10 Italic/
OT:script=latn;language=dflt;!

Underfull \hbox (badness 10000) in paragraph at lines 126--127
\TU/NotoSansKhmer(0)/m/it/10 សាកសពរបស់វាត្រូវបានរក្សាយ៉ាងល្អក៍ព្រោះតែវាបានកក ហើ
យបាន
 []


Underfull \hbox (badness 2237) in paragraph at lines 126--127
\TU/NotoSansKhmer(0)/m/it/10 កប់នៅក្នុងភក់ វាត្រូវគេប្រទះឃើញនៅតំបន់អាកទិក \TU/L
atinModernRoman(0)/m/n/10 (\TU/NotoSansKhmer(0)/m/it/10 រូបភាពទី []\TU/LatinMod
ernRoman(0)/m/n/10 1[])\TU/NotoSansKhmer(0)/m/it/10 ។
 []


Underfull \hbox (badness 7704) in paragraph at lines 126--127
\TU/NotoSansKhmer(0)/m/it/10 សត្វម៉ាមម៉ុត់បេរេសូវកា \TU/LatinModernRoman(0)/m/n
/10 (Beresovka mammoth) \TU/NotoSansKhmer(0)/m/it/10 ដែលបានរក
 []


Underfull \hbox (badness 10000) in paragraph at lines 126--127
\TU/NotoSansKhmer(0)/m/it/10 សូម្បីតែសាច់របស់វាក៏អាចបរិភោគបានដែរ ទោះបីវាមានអាយុ
រាប់ពាន់
 []


Underfull \hbox (badness 10000) in paragraph at lines 126--127
\TU/NotoSansKhmer(0)/m/it/10 ឆ្នាំក៏ដោយ។ សត្វនេះនៅមានអាហារដែលរុក្ខជាតិនៅក្នុងមា
ត់និងពោះ
 []


Underfull \hbox (badness 10000) in paragraph at lines 126--127
\TU/NotoSansKhmer(0)/m/it/10 របស់វាទៀតផង ដែលបណ្ដាលអោយវេជ្ជបណ្ឌិតជាច្រើនមានចម្ងល
់
 []


Underfull \hbox (badness 10000) in paragraph at lines 126--127
\TU/NotoSansKhmer(0)/m/it/10 ថា ហេតុអ្វីបានជាវាកកយ៉ាងឆាប់រហ័សបែបនេះ ខណៈពេលវាកំព
ុង
 []


Underfull \hbox (badness 10000) in paragraph at lines 126--127
\TU/NotoSansKhmer(0)/m/it/10 តែសុីស្មៅមុនពេលវាស្លាប់\TU/LatinModernRoman(0)/m/n
/10 [[]]\TU/NotoSansKhmer(0)/m/it/10 ។ មានរបាយការណ៍មួយបានសរសេរ
 []


Underfull \hbox (badness 10000) in paragraph at lines 126--127
\TU/NotoSansKhmer(0)/m/it/10 ថា\TU/LatinModernRoman(0)/m/it/10 "\TU/NotoSansKhm
er(0)/m/it/10 នៅឆ្នាំ\TU/LatinModernRoman(0)/m/it/10 1901 \TU/NotoSansKhmer(0)/
m/it/10 មានការភ្ញាក់ផ្អើលយ៉ាងខ្លាំងពេលរកឃើញសាកសព
 []


Underfull \hbox (badness 10000) in paragraph at lines 126--127
\TU/NotoSansKhmer(0)/m/it/10 សត្វសត្វដំរីម៉ាម៉ូសដែលមានស្ថានភាពយ៉ាងល្អនៅជិតទន្លេ
បេរេហ្សូវ
 []


Underfull \hbox (badness 10000) in paragraph at lines 126--127
\TU/NotoSansKhmer(0)/m/it/10 កា ដោយសារសត្វនេះមើលទៅដូចបានសម្លាប់ដោយសារទឹកកកនៅ
 []


Underfull \hbox (badness 10000) in paragraph at lines 126--127
\TU/NotoSansKhmer(0)/m/it/10 ចំរដូវក្តៅទៅវិញ។ អាហារនៅក្នុងពោះរបស់វាស្ថិតក្នុងស្
ថានភាពយ៉ាង
 []


Underfull \hbox (badness 2435) in paragraph at lines 126--127
\TU/NotoSansKhmer(0)/m/it/10 ល្អ ហើយមានទាំងផ្កាសណ្តែកព្រៃផងដែរ នេះមានន័យផ្កាទាំ
ងនេះត្រូវ
 []


Underfull \hbox (badness 10000) in paragraph at lines 126--127
\TU/NotoSansKhmer(0)/m/it/10 បានវាសុីនៅចុងខែកក្កដាឬដើមខែសីហា។ សត្វនេះបានស្លាប់យ
៉ាង
 []


Underfull \hbox (badness 10000) in paragraph at lines 126--127
\TU/NotoSansKhmer(0)/m/it/10 ឆាប់រហ័សសូម្បីតែស្មៅនិងផ្កាក៏មាននៅក្នុងថ្គាមវាដែរ។
 ហាក់បីដូចជា
 []


Underfull \hbox (badness 10000) in paragraph at lines 126--127
\TU/NotoSansKhmer(0)/m/it/10 មានកម្លាំងមួយដ៏ខ្លាំងក្លាបានវាយប្រហារ និងបោះវាពីរប
ីគីឡូម៉ែត្រពី
 []


Underfull \hbox (badness 10000) in paragraph at lines 126--127
\TU/NotoSansKhmer(0)/m/it/10 តំបន់ដែលវាសុីចំណី។ ត្រគាកនិងជើងមួយចំហៀងរបស់វាបានបា
ក់
 []


Underfull \hbox (badness 10000) in paragraph at lines 126--127
\TU/NotoSansKhmer(0)/m/it/10 ប្រហែលជាសត្វដ៏ធំមួយនេះត្រូវបានកករហូតដល់ស្លាប់ នៅក្
នុងអំឡុង
 []


Underfull \hbox (badness 1231) in paragraph at lines 126--127
\TU/NotoSansKhmer(0)/m/it/10 ពេលដែលក្តៅទៅវិញ\TU/LatinModernRoman(0)/m/it/10 " \
TU/LatinModernRoman(0)/m/n/10 [[]]\TU/NotoSansKhmer(0)/m/it/10 ។ ម្យ៉ាងទៀត\TU/L
atinModernRoman(0)/m/it/10 "[\TU/NotoSansKhmer(0)/m/it/10 អ្នកវិទ្យាសាស្ត្ររុស្
ស៊ី\TU/LatinModernRoman(0)/m/it/10 ] \TU/NotoSansKhmer(0)/m/it/10 បាន
 []


Underfull \hbox (badness 10000) in paragraph at lines 126--127
\TU/NotoSansKhmer(0)/m/it/10 កត់ត្រាថាស្រទាប់ពោះខាងក្នុងបំផុតរបស់សត្វនេះមានរចនា
សម្ព័ន្ធ
 []


Underfull \hbox (badness 5504) in paragraph at lines 126--127
\TU/NotoSansKhmer(0)/m/it/10 កាត់ផ្តាច់ភ្លាមៗដោយដំណើរការធម្មជាតិដ៏អស្ចារ្យ។ លោក
 \TU/LatinModernRoman(0)/m/it/10 Sander-
 []


Underfull \hbox (badness 10000) in paragraph at lines 126--127
\TU/LatinModernRoman(0)/m/it/10 son \TU/NotoSansKhmer(0)/m/it/10 បានចាប់អារម្មណ
៍យ៉ាងខ្លាំងចំពោះបញ្ហានេះ គាត់ក៏បានបាន
 []


Underfull \hbox (badness 10000) in paragraph at lines 126--127
\TU/NotoSansKhmer(0)/m/it/10 ទាក់ទងទៅស្ថាប័នបង្កកអាហាររបស់សហរដ្ឋអាមេរិក\TU/Lati
nModernRoman(0)/m/it/10 (AFFI)\TU/NotoSansKhmer(0)/m/it/10 ៖ តើ
 []


Underfull \hbox (badness 10000) in paragraph at lines 126--127
\TU/NotoSansKhmer(0)/m/it/10 ស្រទាប់ពោះក្នុងបំផុតរបស់វាគ្មានពេលសម្រាប់បង្កើតកំណ
កគ្រីស្តាល់
 []


Underfull \hbox (badness 10000) in paragraph at lines 126--127
\TU/NotoSansKhmer(0)/m/it/10 ទឹកកកធំល្មមដែលអាចបំផ្លាញរចនាសម្ព័ន្ធនៃសរសៃសាច់បាន\
TU/LatinModernRoman(0)/m/it/10 ?...
 []


Underfull \hbox (badness 10000) in paragraph at lines 126--127
\TU/NotoSansKhmer(0)/m/it/10 ប៉ុន្មានសប្តាហ៍ក្រោយមកស្ថាប័ននេះបានឆ្លើយតបទៅលោកសាន
់ដឺ
 []


Underfull \hbox (badness 10000) in paragraph at lines 126--127
\TU/NotoSansKhmer(0)/m/it/10 សុន\TU/LatinModernRoman(0)/m/it/10 (Sanderson)\TU/
NotoSansKhmer(0)/m/it/10 ថា៖ វាមិនអាចទៅរួចនោះទេ។ ចំណេះដឹងនិង
 []


Underfull \hbox (badness 10000) in paragraph at lines 126--127
\TU/NotoSansKhmer(0)/m/it/10 ចេញពីសាកសពដ៏ធំដូចដំរីម៉ាម៉ូសបានលឿនគ្រប់គ្រាន់ដើម្ប
ីអោយវាក
 []


Underfull \hbox (badness 1648) in paragraph at lines 126--127
\TU/NotoSansKhmer(0)/m/it/10 កដោយគ្មានការបង្កើតដុំគ្រីស្តាល់ធំៗនៅក្នុងសាច់វានោះ
ទេ។ ម្យ៉ាងទៀត
 []


Underfull \hbox (badness 10000) in paragraph at lines 126--127
\TU/NotoSansKhmer(0)/m/it/10 ទោះបីជាខិតខំប្រើប្រាស់បច្ចេកទេសវិទ្យាសាស្រ្តនិងវិស
្វកម្មពួកគេដើម្បី
 []


Underfull \hbox (badness 10000) in paragraph at lines 126--127
\TU/NotoSansKhmer(0)/m/it/10 ការយល់ដឹងរបស់មនុស្សសព្វថ្ងៃគ្មានរបៀបណាមួយដែលអាចធ្វ
ើវាបាន
 []

[1


]
Underfull \hbox (badness 10000) in paragraph at lines 130--131
\TU/NotoSansKhmer(0)/m/it/10 បាតុភូតធម្មជាតិមួយផ្សេងទៀតដែលបញ្ជាក់ពីប្រភពមហន្តរា
យ\TU/LatinModernRoman(0)/m/n/10 (\TU/NotoSansKhmer(0)/m/it/10 រូបភាព
 []


Underfull \hbox (badness 10000) in paragraph at lines 130--131
\TU/NotoSansKhmer(0)/m/it/10 ផ្តេកដ៏ធំទូលាយនេះដែលមានរូបធាតុដូចគ្នាហាក់បីដូចជាត្
រូវបានបង្កើត
 []

File: grand-canyon.jpg Graphic file (type bmp)
<grand-canyon.jpg>
File: coconino.jpg Graphic file (type bmp)
<coconino.jpg>

Underfull \hbox (badness 10000) in paragraph at lines 148--148
[]\TU/LatinModernRoman(0)/m/n/9 Figure 3. []\TU/NotoSansKhmer(0)/m/n/9 ទំហំនៃស្
រទាប់ថ្មខ្សាច់ \TU/LatinModernRoman(0)/m/n/9 Coconino \TU/NotoSansKhmer(0)/m/n/
9 នៅភាគខាងលិច
 []


Underfull \hbox (badness 1975) in paragraph at lines 153--154
[]\TU/NotoSansKhmer(0)/m/it/10 បើយើងសង្កេតទៅលើ \TU/LatinModernRoman(0)/m/n/10 G
rand Canyon \TU/NotoSansKhmer(0)/m/it/10 វាអាចពន្យល់យើងអំពី
 []


Underfull \hbox (badness 10000) in paragraph at lines 153--154
\TU/NotoSansKhmer(0)/m/it/10 កំណនៃស្រទាប់ដីល្បាប់ ដែលបានកកើតឡើងជាមួយគ្នាដោយសារត
ែ
 []


Underfull \hbox (badness 10000) in paragraph at lines 153--154
\TU/NotoSansKhmer(0)/m/it/10 កម្លាំងតិចតូនិចផងដែរ។ ដើម្បីស្វែងយល់អំពីរឿងនេះយើងត
្រូវសង្កេត
 []


Underfull \hbox (badness 1337) in paragraph at lines 153--154
\TU/NotoSansKhmer(0)/m/it/10 តំបន់ខ្លះៗនៃ \TU/LatinModernRoman(0)/m/n/10 Canyon
 \TU/NotoSansKhmer(0)/m/it/10 អោយបានច្បាស់លាស់ទៅលើស្រទាប់ដីល្បាប់
 []


Underfull \hbox (badness 10000) in paragraph at lines 153--154
\TU/NotoSansKhmer(0)/m/it/10 ដែលត្រូវបានបត់ ហើយបង្ហាញចេញនៅលើផ្ទៃដី។ អ្នកស្រាវជ្
រាវមក
 []


Underfull \hbox (badness 3333) in paragraph at lines 153--154
\TU/NotoSansKhmer(0)/m/it/10 ពីក្រុមជុំនុំគ្រឺះដែលមានឈ្មោះថា \TU/LatinModernRom
an(0)/m/n/10 Answers in Genesis[[]] \TU/NotoSansKhmer(0)/m/it/10 បាន
 []


Underfull \hbox (badness 10000) in paragraph at lines 153--154
\TU/NotoSansKhmer(0)/m/it/10 សិក្សាខ្នាតមីក្រូស្កូពិកទៅលើសំណំថ្មមួយចំនួនដូចជា \
TU/LatinModernRoman(0)/m/n/10 Monument
 []


Underfull \hbox (badness 10000) in paragraph at lines 153--154
\TU/NotoSansKhmer(0)/m/it/10 លើសំណុំថ្មនោះបើសិនជាសំណុំថ្មបត់បែនទាំងនេះបានកើតនៅក
្នុង
 []


Underfull \hbox (badness 10000) in paragraph at lines 153--154
\TU/NotoSansKhmer(0)/m/it/10 រយៈពេលយូរនៅក្រោមកម្តៅនិងសំពាធ ដូចនេះអ្នកស្រាវជ្រាវ
ទាំងនេះ
 []


Underfull \hbox (badness 10000) in paragraph at lines 153--154
\TU/NotoSansKhmer(0)/m/it/10 បានសន្និដ្ឋានថា ស្រទាប់ដីល្បាប់ត្រូវបានបត់បែនដោយកម
្លាំងធូរតិច
 []


Underfull \hbox (badness 4595) in paragraph at lines 153--154
\TU/NotoSansKhmer(0)/m/it/10 តូនិច នៅពេលដែលវានៅទន់ នោះគឺបន្ទាប់ពីវាបានកើតជាកំណរ
ភ្លាម
 []


Underfull \vbox (badness 4132) has occurred while \output is active []

 [2]
File: Grand_Staircase-big.jpg Graphic file (type bmp)
<Grand_Staircase-big.jpg>

Underfull \hbox (badness 10000) in paragraph at lines 164--165
[]\TU/NotoSansKhmer(0)/m/it/10 នៅពេលដែលយើងពង្រីកមើល ឃើញថាស្រទាប់ដែលបង្កើត
 []


Underfull \hbox (badness 4036) in paragraph at lines 164--165
\TU/LatinModernRoman(0)/m/n/10 Grand Canyon \TU/NotoSansKhmer(0)/m/it/10 មិនត្រ
ឹមតែបត់កោងនៅក្នុង \TU/LatinModernRoman(0)/m/n/10 Grand Canyon
 []


Underfull \hbox (badness 10000) in paragraph at lines 164--165
\TU/NotoSansKhmer(0)/m/it/10 នោះទេ។ ស្រទាប់ទាំងនេះបានបត់កោងទៅភាគខាងកើតនៃតំបន់
 []


Underfull \hbox (badness 3907) in paragraph at lines 164--165
\TU/LatinModernRoman(0)/m/n/10 East Kaibab Monocline[[]] \TU/NotoSansKhmer(0)/m
/it/10 ហើយក៏បត់ទៅជើងនៃ \TU/LatinModernRoman(0)/m/n/10 Cedar
 []


Underfull \hbox (badness 2229) in paragraph at lines 164--165
\TU/LatinModernRoman(0)/m/n/10 Breaks \TU/NotoSansKhmer(0)/m/it/10 រដ្ឋ \TU/Lat
inModernRoman(0)/m/n/10 Utah \TU/NotoSansKhmer(0)/m/it/10 ផងដែរ \TU/LatinModern
Roman(0)/m/n/10 (\TU/NotoSansKhmer(0)/m/it/10 រូបភាពទី []\TU/LatinModernRoman(0
)/m/n/10 4[])\TU/NotoSansKhmer(0)/m/it/10 ។ មានន័យថាស្រទាប់
 []


Underfull \hbox (badness 3735) in paragraph at lines 164--165
\TU/NotoSansKhmer(0)/m/it/10 ទាំងនេះត្រូវបានបត់លើគ្នាយ៉ាងលឿនដោយកម្លាំងតេតូនិច។ 
យើងអាច
 []


Underfull \hbox (badness 3942) in paragraph at lines 164--165
\TU/NotoSansKhmer(0)/m/it/10 យោងទៅតាមស្រទាប់ផ្តេកនៃ \TU/LatinModernRoman(0)/m/n
/10 Grand Canyon \TU/NotoSansKhmer(0)/m/it/10 ដែលមានកម្រាស់
 []


Underfull \hbox (badness 7759) in paragraph at lines 164--165
\TU/NotoSansKhmer(0)/m/it/10 ប្រហែល \TU/LatinModernRoman(0)/m/n/10 1700 \TU/Not
oSansKhmer(0)/m/it/10 ម៉ែត្រនេះបាន។ ទំហំនៃដំណើរការរបស់ភូមិសាស្ត្រ
 []


Underfull \hbox (badness 10000) in paragraph at lines 164--165
\TU/NotoSansKhmer(0)/m/it/10 ដែលចាំបាច់សម្រាប់ពង្រាយស្រទាប់ដីល្បាប់ដែលមានកម្រាស
់ជាងមួយ
 []


Underfull \hbox (badness 10000) in paragraph at lines 166--167
[]\TU/NotoSansKhmer(0)/m/it/10 ពត៍មានជាក់លាក់នៃ \TU/LatinModernRoman(0)/m/n/10 
Grand Canyon \TU/NotoSansKhmer(0)/m/it/10 គឺជាបញ្ហាមួយទៀត
 []


Underfull \hbox (badness 10000) in paragraph at lines 166--167
\TU/NotoSansKhmer(0)/m/it/10 នៃការពិភាក្សាសម្រាប់វិទ្យាសាស្ត្រសម័យទំនើប។ ទ្រឹស្
តីវិទ្យាសាស្ត្រ
 []


Underfull \hbox (badness 10000) in paragraph at lines 166--167
\TU/NotoSansKhmer(0)/m/it/10 ដែលសិក្សាពីភូមិសាស្ត្រនៃគ្រោះធម្មជាតិបែបទំនើបបានបង
្ហាញថា
 []


Underfull \hbox (badness 1688) in paragraph at lines 166--167
\TU/LatinModernRoman(0)/m/n/10 Grand Canyon \TU/NotoSansKhmer(0)/m/it/10 ត្រូវប
ានឆ្លាក់ដោយទន្លេ \TU/LatinModernRoman(0)/m/n/10 Colorado \TU/NotoSansKhmer(0)/m
/it/10 រាប់លានឆ្នាំ
 []


Underfull \hbox (badness 1194) in paragraph at lines 166--167
\TU/NotoSansKhmer(0)/m/it/10 មកហើយ\TU/LatinModernRoman(0)/m/n/10 [[]]\TU/NotoSa
nsKhmer(0)/m/it/10 ។ យ៉ាងណាក៏ដោយក្រុមស្រាវជ្រាវរបស់ \TU/LatinModernRoman(0)/m/n
/10 Answers in
 []


Underfull \hbox (badness 10000) in paragraph at lines 166--167
\TU/NotoSansKhmer(0)/m/it/10 តែពីរបីសប្តាហ៍ដោយសារច្រោះដីហៀរចេញពីបឹងបុរាណមួយដែល
 []


Underfull \hbox (badness 10000) in paragraph at lines 166--167
\TU/NotoSansKhmer(0)/m/it/10 បណ្តាលអោយហៀរចេញដីល្បាប់ជាច្រើន ខណៈដែលវាបានឆ្លាក់
 []


Underfull \hbox (badness 2096) in paragraph at lines 166--167
\TU/LatinModernRoman(0)/m/n/10 Canyon \TU/NotoSansKhmer(0)/m/it/10 ទាំងនេះ។ ភស្
តុតាងជាក់លាក់អំពីបឹងដែលនៅលើតំបន់ខ្ពស់
 []


Underfull \hbox (badness 10000) in paragraph at lines 168--169
[]\TU/NotoSansKhmer(0)/m/it/10 បើសិនជាយើងពិចារណាពីមាត្រដ្ឋាននៃដំណើរការភូមិសាស្ត
្រដែល
 []


Underfull \hbox (badness 10000) in paragraph at lines 168--169
\TU/NotoSansKhmer(0)/m/it/10 ចាំបាច់សម្រាប់បង្ហូរដីល្បាប់ទៅលើទំហំដីដ៏សែនមហិមានេ
ះពីទំហំដ៏សែន
 []


Underfull \hbox (badness 10000) in paragraph at lines 172--173
[]\TU/NotoSansKhmer(0)/m/it/10 ក្រៅពីរ៉ាមីត ឧទាហរណ៍ដ៏ល្អមួយនៃវិស្វកម្មបុរាណគឺទី
ក្រុងក្រោម
 []


Underfull \hbox (badness 3635) in paragraph at lines 172--173
\TU/NotoSansKhmer(0)/m/it/10 ដី \TU/LatinModernRoman(0)/m/n/10 Derinkuyu (\TU/N
otoSansKhmer(0)/m/it/10 រូបភាពទី[]\TU/LatinModernRoman(0)/m/n/10 5[]) \TU/NotoS
ansKhmer(0)/m/it/10 ដែលស្ថិតនៅក្នុងតំបន់ \TU/LatinModernRoman(0)/m/n/10 Cappado
-
 []


Underfull \hbox (badness 10000) in paragraph at lines 172--173
\TU/LatinModernRoman(0)/m/n/10 cia \TU/NotoSansKhmer(0)/m/it/10 ប្រទេសតួកគី។ វា
ជាទីក្រុងដែលធំជាងគេក្នុងចំណោមជម្រក
 []


Underfull \hbox (badness 10000) in paragraph at lines 172--173
\TU/NotoSansKhmer(0)/m/it/10 ក្រោមដីជាង\TU/LatinModernRoman(0)/m/n/10 200\TU/No
toSansKhmer(0)/m/it/10 កន្លែងនៅតំបន់នេះ\TU/LatinModernRoman(0)/m/n/10 [[]]\TU/N
otoSansKhmer(0)/m/it/10 ។ ទីក្រុងក្រោមដីនេះត្រូវបាន
 []


Underfull \hbox (badness 10000) in paragraph at lines 172--173
\TU/NotoSansKhmer(0)/m/it/10 គេប៉ាន់ប្រមាណថាអាចមានប្រជាជនរស់នៅដល់ទៅ\TU/LatinMod
ernRoman(0)/m/n/10 20,000\TU/NotoSansKhmer(0)/m/it/10 នាក់និង
 []


Underfull \hbox (badness 10000) in paragraph at lines 172--173
\TU/NotoSansKhmer(0)/m/it/10 មាន\TU/LatinModernRoman(0)/m/n/10 18\TU/NotoSansKh
mer(0)/m/it/10 ជាន់ ហើយវាមានជ្រៅរហូតដល់\TU/LatinModernRoman(0)/m/n/10 85\TU/Not
oSansKhmer(0)/m/it/10 ម៉ែត្រ។ ទោះយើងមិនដឹង
 []


Underfull \hbox (badness 10000) in paragraph at lines 172--173
\TU/NotoSansKhmer(0)/m/it/10 ពីអាយុពិតរបស់វាក៏ដោយ បន្តែគេបានប៉ាន់ប្រមាណថាវាមានអ
ាយុ
 []


Underfull \hbox (badness 10000) in paragraph at lines 172--173
\TU/NotoSansKhmer(0)/m/it/10 យ៉ាងតិច\TU/LatinModernRoman(0)/m/n/10 2,800\TU/Not
oSansKhmer(0)/m/it/10 ឆ្នាំ។ ទីក្រុងនេះត្រូវបានគេឆ្លាក់ចេញពីថ្មភ្នុំភ្លើងទន់
 []


Underfull \vbox (badness 10000) has occurred while \output is active []

File: derinkuyu.jpeg Graphic file (type bmp)
<derinkuyu.jpeg>

Missing character: There is no ​ (U+200B) in font Latin Modern Roman 10 Regular
/OT:script=latn;language=dflt;!

Underfull \hbox (badness 10000) in paragraph at lines 185--186
\TU/NotoSansKhmer(0)/m/it/10 មិនដឹងថាមូលហេតុអ្វីបានជាមានសហគមន៍មួយ បានសម្រេចចិត្
ត
 []


Underfull \hbox (badness 6592) in paragraph at lines 185--186
\TU/NotoSansKhmer(0)/m/it/10 សាងសង់ទីក្រុងក្រោមដីនេះទាំងមូល។ ដើម្បីបង្កើតកន្លែង
រស់នៅក្រោម
 []


Underfull \hbox (badness 2005) in paragraph at lines 185--186
\TU/NotoSansKhmer(0)/m/it/10 ដី គេត្រូវឆ្លាក់រូងទាំងអស់ចេញពីថ្ម។ សភាពរូងភ្នុំបង
្ហាញយ៉ាងច្បាស់ថា
 []


Underfull \hbox (badness 10000) in paragraph at lines 185--186
\TU/NotoSansKhmer(0)/m/it/10 វាត្រូវបានគេឆ្លាក់ដោយកម្លាំងមនុស្ស មិនមែនប្រើឧបករណ
៍ជំនួយនោះ
 []


Underfull \hbox (badness 10000) in paragraph at lines 185--186
\TU/NotoSansKhmer(0)/m/it/10 នោះទេថាហេតុអ្វីបានជាមានមនុស្សសម្រេចចិត្តរស់នៅក្រោម
ដីទៅវិញ
 []


Underfull \hbox (badness 2689) in paragraph at lines 185--186
\TU/NotoSansKhmer(0)/m/it/10 ខណៈដែលកសិកម្ម ពន្លឺថ្ងៃ ធម្មជាតិ និងការរុករកមានតែន
ៅលើផ្ទៃដី
 []


Underfull \hbox (badness 10000) in paragraph at lines 185--186
\TU/NotoSansKhmer(0)/m/it/10 ដី \TU/LatinModernRoman(0)/m/n/10 Derinkuyu \TU/No
toSansKhmer(0)/m/it/10 ត្រូវបានសាងសង់ឡើងដោយគ្រិស្ដសាសនិកដែល
 []


Underfull \hbox (badness 10000) in paragraph at lines 185--186
\TU/NotoSansKhmer(0)/m/it/10 ត្រូវការទីកន្លែងសម្ងាត់សម្រាប់ប្រតិបត្តិជំនឿរបស់ពួ
កគេ\TU/LatinModernRoman(0)/m/n/10 [[]]\TU/NotoSansKhmer(0)/m/it/10 ។ ប៉ុន្តែជា
 []


Underfull \hbox (badness 10000) in paragraph at lines 185--186
\TU/NotoSansKhmer(0)/m/it/10 ធម្មតាវាត្រូវបានសន្និដ្ធានថា\TU/LatinModernRoman(0
)/m/n/10 ​\TU/NotoSansKhmer(0)/m/it/10 វិធីដែលត្រូវបំផុតក្នុងការដោះស្រាយជាមួយ
 []


Underfull \hbox (badness 2452) in paragraph at lines 185--186
\TU/NotoSansKhmer(0)/m/it/10 សត្រូវគឺត្រូវ \TU/LatinModernRoman(0)/m/n/10 "\TU/
NotoSansKhmer(0)/m/it/10 ប្រយុទ្ធឬរត់\TU/LatinModernRoman(0)/m/n/10 " \TU/NotoS
ansKhmer(0)/m/it/10 មិនមែន \TU/LatinModernRoman(0)/m/n/10 "\TU/NotoSansKhmer(0)
/m/it/10 បង្កើតទីក្រុងក្រោមដីចេញពីថ្ម\TU/LatinModernRoman(0)/m/n/10 "
 []


Underfull \vbox (badness 1769) has occurred while \output is active []

 [3]
Underfull \hbox (badness 4181) in paragraph at lines 187--188
[]\TU/NotoSansKhmer(0)/m/it/10 ទំហំ ជម្រៅ និងការពិចារណាទៅលើការរចនានៃទីក្រុងក្រោ
មដីនេះ
 []


Underfull \hbox (badness 10000) in paragraph at lines 187--188
\TU/NotoSansKhmer(0)/m/it/10 បង្ហាញថាវាមិនត្រូវបានសាងសង់ដើម្បីជាបន្ទាយទាហានបណ្ត
ោះអាសន្ន
 []


Underfull \hbox (badness 10000) in paragraph at lines 187--188
\TU/NotoSansKhmer(0)/m/it/10 សម្រាប់ការពារពួកឈ្លានពាននាគ្រាមានអាសន្ននោះទេ ប៉ុន្
តែគឺដើម្បី
 []


Underfull \hbox (badness 10000) in paragraph at lines 187--188
\TU/NotoSansKhmer(0)/m/it/10 ជាជម្រកការពារពីគ្រោះមហន្តរាយនៅលើផ្ទៃដីទៅវិញ។ ជម្រក
ក្រោម
 []


Underfull \hbox (badness 3471) in paragraph at lines 187--188
\TU/NotoSansKhmer(0)/m/it/10 ដី\TU/LatinModernRoman(0)/m/n/10 Derinkuyu \TU/Not
oSansKhmer(0)/m/it/10 មិនត្រឹមតែមានបន្ទប់គេង ផ្ទះបាយ បន្ទប់ទឹកនោះទេ
 []


Underfull \hbox (badness 10000) in paragraph at lines 189--190
[]\TU/NotoSansKhmer(0)/m/it/10 ការពន្យល់ដែលគួរអោយជឿជាក់បំផុតនៃការបង្កើត \TU/Lat
inModernRoman(0)/m/n/10 Derinkuyu
 []


Underfull \hbox (badness 10000) in paragraph at lines 189--190
\TU/NotoSansKhmer(0)/m/it/10 គឺអាចសន្និដ្ឋានបានថា វាជាការរៀបចំរយៈពេលវែងនិងជាជម្
រកដែល
 []


Underfull \hbox (badness 10000) in paragraph at lines 189--190
\TU/NotoSansKhmer(0)/m/it/10 អាចអាស្រ័យផលបានដើម្បីការពារពីកម្លាំងមហន្តរាយនៃភូគព
្ភសាស្ត្រលើ
 []

File: derinkuyu-air.jpg Graphic file (type bmp)
<derinkuyu-air.jpg>

Underfull \hbox (badness 10000) in paragraph at lines 207--208
[]\TU/NotoSansKhmer(0)/m/it/10 ការប្រមូលផ្តុំជីវម៉ាស់នៃប្រភេទសត្វនិងរុក្ខជាតិផ្
សេងៗគ្នា ជាធម្មតា
 []


Underfull \hbox (badness 10000) in paragraph at lines 207--208
\TU/NotoSansKhmer(0)/m/it/10 ត្រូវបានរកឃើញជាផូសុីលនៅក្នុងស្រទាប់ដីល្បាប់ ដែលជារ
ឿងដ៏មិន
 []


Underfull \hbox (badness 1460) in paragraph at lines 207--208
\TU/NotoSansKhmer(0)/m/it/10 ប្រក្រតីមួយផ្សេងទៀត។ នៅក្នុង \TU/LatinModernRoman(
0)/m/n/10 "Reliquoæ Diluvianæ" \TU/NotoSansKhmer(0)/m/it/10 លោក
 []


Underfull \hbox (badness 2261) in paragraph at lines 207--208
\TU/LatinModernRoman(0)/m/n/10 Rev. William Buckland \TU/NotoSansKhmer(0)/m/it/
10 បានកត់ត្រាអំពីការរកឃើញនូវសត្វ
 []


Underfull \hbox (badness 10000) in paragraph at lines 207--208
\TU/NotoSansKhmer(0)/m/it/10 ពេញប្រទេសអង់គ្លេសនិងអឺរ៉ុប ដែលបានកប់នៅស្រទាប់ដីល្ប
ាប់
 []


Underfull \hbox (badness 10000) in paragraph at lines 207--208
\TU/LatinModernRoman(0)/m/n/10 'diluvium'[[]]\TU/NotoSansKhmer(0)/m/it/10 ។ ការ
ប្រមូលផ្តុំនៃសាកសព្វសត្វបែបនេះត្រូវបានរក
 []


Underfull \hbox (badness 4328) in paragraph at lines 207--208
\TU/NotoSansKhmer(0)/m/it/10 ឃើញនៅក្នុងរូងភ្នុំ \TU/LatinModernRoman(0)/m/n/10 
Skjonghelleren \TU/NotoSansKhmer(0)/m/it/10 នៅកោះ \TU/LatinModernRoman(0)/m/n/1
0 Valdroy \TU/NotoSansKhmer(0)/m/it/10 ប្រទេស
 []


Underfull \hbox (badness 10000) in paragraph at lines 207--208
\TU/NotoSansKhmer(0)/m/it/10 ត្រី ដែលត្រូវបានរកឃើញនៅក្នុងស្រទាប់ជាច្រើននៃដីល្បា
ប់\TU/LatinModernRoman(0)/m/n/10 [[]]\TU/NotoSansKhmer(0)/m/it/10 ។
 []


Underfull \hbox (badness 10000) in paragraph at lines 207--208
\TU/NotoSansKhmer(0)/m/it/10 តោន ជាពិសេសសត្វដំរីទឹកដែលនូវមានសភាពល្អយ៉ាងខ្លាំងដែ
លត្រូវ
 []


Underfull \hbox (badness 7869) in paragraph at lines 207--208
\TU/NotoSansKhmer(0)/m/it/10 ប្រទេសអេហ្ស៊ីប ក៏បានរកឃើញឆ្អឹងសត្វប្រភេទផ្សេងៗដែលប
ានលាយ
 []


Underfull \hbox (badness 3930) in paragraph at lines 207--208
\TU/NotoSansKhmer(0)/m/it/10 ច្របល់ជាមួយគ្នាទៅនឹងដីឥដ្ឋកែវ \TU/LatinModernRoman
(0)/m/n/10 (glassy clay)\TU/NotoSansKhmer(0)/m/it/10 ផងដែរ\TU/LatinModernRoman(
0)/m/n/10 [[]]\TU/NotoSansKhmer(0)/m/it/10 ។ ការ
 []


Underfull \hbox (badness 10000) in paragraph at lines 207--208
\TU/NotoSansKhmer(0)/m/it/10 រកឃើញបែបនេះអាចធ្វើអោយមានចម្ងល់ ប៉ុន្តែអាចពន្យល់បាន
យ៉ាង
 []


Underfull \hbox (badness 10000) in paragraph at lines 207--208
\TU/NotoSansKhmer(0)/m/it/10 ងាយស្រួល គឺដោយសារមានទឹកជំនន់ដ៏ធំមហិមាដែលបង្កអោយឆ្ន
ឹង
 []


Underfull \hbox (badness 10000) in paragraph at lines 207--208
\TU/NotoSansKhmer(0)/m/it/10 សត្វគ្រប់ប្រភេទហូរឬកប់ទាំងរស់ទៅក្នុងស្រទាប់ដីល្បាប
់ឬនៅក្នុងរូងភ្នំ
 []


Underfull \hbox (badness 2865) in paragraph at lines 207--208
\TU/NotoSansKhmer(0)/m/it/10 ហើយសម្រាប់ករណីជីវម៉ាស់ដែលក្លាយជាកែវ \TU/LatinModer
nRoman(0)/m/n/10 (vitrified biomass)
 []


Underfull \hbox (badness 10000) in paragraph at lines 207--208
\TU/NotoSansKhmer(0)/m/it/10 នៅអេហ្ស៊ីបគឺកើតឡើងដោយចំហាយអគ្គិសនីនៅក្នុងស្រទាប់ម៉
ង់តូលប
 []

File: muck-crop.jpeg Graphic file (type bmp)
<muck-crop.jpeg>

Underfull \hbox (badness 10000) in paragraph at lines 220--221
[]\TU/NotoSansKhmer(0)/m/it/10 បុព្វជនរបស់យើងបានបន្សល់ទុកនូវសំណង់វិស្វកម្មបុរាណ
ជាច្រើន
 []


Underfull \hbox (badness 10000) in paragraph at lines 220--221
\TU/NotoSansKhmer(0)/m/it/10 ហើយនៅក្នុងនោះយើងបានរកឃើញសាកសពមនុស្សដែលជាទូទៅត្រូវ
 []


Underfull \hbox (badness 7256) in paragraph at lines 220--221
\TU/NotoSansKhmer(0)/m/it/10 បានចាត់ទុកថាជាផ្នូរ ប៉ុន្តែបើយើងពិនិត្យមើលអោយច្បាស
់លាស់វាអាច
 []

File: ww19.jpg Graphic file (type bmp)
<ww19.jpg>

Underfull \hbox (badness 3679) in paragraph at lines 227--227
[]\TU/LatinModernRoman(0)/m/n/9 Figure 8. []Newgrange \TU/NotoSansKhmer(0)/m/n/
9 ប្រទេសអៀរឡង់ \TU/LatinModernRoman(0)/m/n/9 - \TU/NotoSansKhmer(0)/m/n/9 សូមពិ
និត្យមើលទំហំភ្ញៀវ
 []


Underfull \hbox (badness 10000) in paragraph at lines 232--233
[]\TU/NotoSansKhmer(0)/m/it/10 ឧទាហរណ៍ដ៏ល្អមួយគឺនៅក្នុងតំបន់ \TU/LatinModernRom
an(0)/m/n/10 Newgrange (\TU/NotoSansKhmer(0)/m/it/10 រូបភាព
 []


Underfull \hbox (badness 1708) in paragraph at lines 232--233
\TU/NotoSansKhmer(0)/m/it/10 ទី[]\TU/LatinModernRoman(0)/m/n/10 8[]), \TU/NotoS
ansKhmer(0)/m/it/10 ដែលជាវិមានធំជាងគេនៅក្នុងតំបន់ \TU/LatinModernRoman(0)/m/n/1
0 Brú na Bóinne \TU/NotoSansKhmer(0)/m/it/10 មាន
 []


Underfull \hbox (badness 10000) in paragraph at lines 232--233
\TU/NotoSansKhmer(0)/m/it/10 សំណង់បុរាណជាច្រើនរួមទាំងផ្នូរបុរាណផងដែរ។ ផ្នូរទាំង
នេះមាន
 []


Underfull \hbox (badness 1803) in paragraph at lines 232--233
\TU/NotoSansKhmer(0)/m/it/10 បន្ទប់បញ្ចុះសពមួយឬច្រើនកន្លែងដែលគ្របដណ្តប់ដោយដី ឬថ
្ម ដែល
 []


Underfull \hbox (badness 10000) in paragraph at lines 232--233
\TU/NotoSansKhmer(0)/m/it/10 មានផ្លូវចូលតូចៗសាងសង់ដោយថ្មធំៗ\TU/LatinModernRoman
(0)/m/n/10 [[]]\TU/NotoSansKhmer(0)/m/it/10 ។ វាជាឧទាហរណ៍មួយនៃ
 []


Underfull \hbox (badness 10000) in paragraph at lines 232--233
\TU/NotoSansKhmer(0)/m/it/10 រចនាសម្ព័ន្ធវិស្វកម្មការពារដ៏ធំមហិមា ដែលបានសាងសង់អ
ស់ជាច្រើន
 []


Underfull \hbox (badness 10000) in paragraph at lines 232--233
\TU/NotoSansKhmer(0)/m/it/10 ជំនាន់ដើម្បីធ្វើជាផ្នូរអោយមនុស្សពីរបីនាក់ដែលបានស្ល
ាប់មុនផ្នូរបុរាណ
 []


Underfull \hbox (badness 10000) in paragraph at lines 232--233
\TU/NotoSansKhmer(0)/m/it/10 ទាំងនេះត្រូវបានចាប់ផ្តើមសាងសង់។ នៅពេលដែលកន្លែងនេះត
្រូវបាន
 []


Underfull \hbox (badness 10000) in paragraph at lines 232--233
\TU/NotoSansKhmer(0)/m/it/10 រកឃើញឡើងវិញដោយម្ចាស់ដីក្នុងឆ្នាំ\TU/LatinModernRom
an(0)/m/n/10 1699 \TU/NotoSansKhmer(0)/m/it/10 កន្លែងនេះគឺត្រូវបានកប់
 []

[4]
Underfull \hbox (badness 4739) in paragraph at lines 234--235
[]\TU/NotoSansKhmer(0)/m/it/10 គ្រាន់តែពិនិត្យមើលសំណង់នេះតែបន្តិចក៏ដឹងដែរថា ការ
សាងសង់វា
 []


Underfull \hbox (badness 10000) in paragraph at lines 234--235
\TU/NotoSansKhmer(0)/m/it/10 បន្ទប់សាកសពដែលអាចចេញចូលបានតាមច្រកអាគ្នេយ៍។ ផ្លូវនេ
ះមាន
 []


Underfull \hbox (badness 3503) in paragraph at lines 234--235
\TU/NotoSansKhmer(0)/m/it/10 ប្រវែងប្រហែល\TU/LatinModernRoman(0)/m/it/10 19\TU/
NotoSansKhmer(0)/m/it/10 ម៉ែត្រ ឬ\TU/LatinModernRoman(0)/m/it/10 1/3\TU/NotoSan
sKhmer(0)/m/it/10 នៃផ្លូវសរុបទៅកាន់ផ្នែកកណ្ដាល។ នៅ
 []


Underfull \hbox (badness 10000) in paragraph at lines 234--235
\TU/NotoSansKhmer(0)/m/it/10 ចំនុចចុងផ្លូវមានបន្ទប់តូចចំនួនបីដែលជាប់នឹងបន្ទប់ធំ
មួយទៀតហើយ
 []


Underfull \hbox (badness 10000) in paragraph at lines 234--235
\TU/NotoSansKhmer(0)/m/it/10 វាមានកម្ពស់មធ្យម\TU/LatinModernRoman(0)/m/it/10 1.
5\TU/NotoSansKhmer(0)/m/it/10 ម៉ែត្រ\TU/LatinModernRoman(0)/m/it/10 ”\TU/LatinM
odernRoman(0)/m/n/10 [[]]\TU/NotoSansKhmer(0)/m/it/10 ។ សព្វថ្ងៃនៅមានស្នាកស្មាម
អំពី
 []


Underfull \hbox (badness 10000) in paragraph at lines 234--235
\TU/NotoSansKhmer(0)/m/it/10 វិស្វកម្មការពារទឹកយ៉ាងល្អផងដែរ។ ជាឧទាហរណ៍នៅលើដំបូល
\TU/LatinModernRoman(0)/m/it/10 “\TU/NotoSansKhmer(0)/m/it/10 នៅ
 []


Underfull \hbox (badness 10000) in paragraph at lines 234--235
\TU/NotoSansKhmer(0)/m/it/10 តាមចន្លោះដំបូលត្រូវបានបិតដោយល្បាយដីដុតនិងដីខ្សាច់ដ
ើម្បីការពារ
 []


Underfull \hbox (badness 3612) in paragraph at lines 234--235
\TU/NotoSansKhmer(0)/m/it/10 ទឹកភ្លៀង ហើយបើតាមរយៈកាលបរិច្ឆេទកាំរស្មីកាបូន \TU/L
atinModernRoman(0)/m/it/10 (radiocarbon
 []


Underfull \hbox (badness 10000) in paragraph at lines 234--235
\TU/LatinModernRoman(0)/m/it/10 dating) \TU/NotoSansKhmer(0)/m/it/10 ល្បាយផ្នូរ
នេះបានរកឃើញថាវាត្រូវបាងសាងសង់នៅចន្លោះ
 []


Underfull \hbox (badness 10000) in paragraph at lines 234--235
\TU/NotoSansKhmer(0)/m/it/10 ឆ្នាំ\TU/LatinModernRoman(0)/m/it/10 2500\TU/NotoS
ansKhmer(0)/m/it/10 មុនគ្រឹស្តសករាជ\TU/LatinModernRoman(0)/m/it/10 "\TU/LatinMo
dernRoman(0)/m/n/10 [[]]\TU/NotoSansKhmer(0)/m/it/10 ។ ណាមួយទៀត ការដែលដំឡើង
 []


Underfull \hbox (badness 10000) in paragraph at lines 234--235
\TU/NotoSansKhmer(0)/m/it/10 កម្ពស់ទៅកាន់បន្ទប់កណ្តាលគឺត្រូវបានធ្វើឡើងសម្រាប់គោ
លបំណង
 []


Underfull \hbox (badness 10000) in paragraph at lines 234--235
\TU/NotoSansKhmer(0)/m/it/10 ដូចគ្នា៖\TU/LatinModernRoman(0)/m/it/10 “\TU/NotoS
ansKhmer(0)/m/it/10 ព្រោះថា\TU/LatinModernRoman(0)/m/it/10 _\TU/NotoSansKhmer(0
)/m/it/10 កម្រាល\TU/LatinModernRoman(0)/m/it/10 _\TU/NotoSansKhmer(0)/m/it/10 ន
ៃផ្លូវនិងបន្ទប់សាកសពនេះបានធ្វើតាម
 []


Underfull \hbox (badness 4940) in paragraph at lines 234--235
\TU/NotoSansKhmer(0)/m/it/10 កម្ពស់ដីដែលសំណង់នេះត្រូវបានកសាងឡើង គឺខុសគ្នាជិត\TU
/LatinModernRoman(0)/m/it/10 2\TU/NotoSansKhmer(0)/m/it/10 ម៉ែត្ររវាង
 []

File: dolmen.jpg Graphic file (type bmp)
<dolmen.jpg>

Underfull \hbox (badness 10000) in paragraph at lines 246--247
[]\TU/NotoSansKhmer(0)/m/it/10 អ្វីដែលគួរអោយមានចម្ងល់នោះគឺមិនសូវមានកាកសំណល់នៃសា
ក
 []


Underfull \hbox (badness 5652) in paragraph at lines 246--247
\TU/NotoSansKhmer(0)/m/it/10 សព្វនោះឡើយ។ តាមការស្រាយជ្រាវបានបង្ហាញថា មានបំណែកឆ្
អឹង
 []


Underfull \hbox (badness 10000) in paragraph at lines 246--247
\TU/NotoSansKhmer(0)/m/it/10 ឆេះនិងឆ្អឹងធម្មតាដែលជារបស់មនុស្សតែពីរបីនាក់តែប៉ុណ្
ណោះដែលបាន
 []


Underfull \hbox (badness 10000) in paragraph at lines 246--247
\TU/NotoSansKhmer(0)/m/it/10 បុរាណមួយនេះប្រឹងប្រែងសាងសង់ផ្នូរបុរាណពោរពេញទៅដោយវិ
ស្វកម្ម
 []


Underfull \hbox (badness 10000) in paragraph at lines 246--247
\TU/NotoSansKhmer(0)/m/it/10 ដ៏មហិមានេះ ប៉ុន្តែបានត្រឹមរាយប៉ាយបំណែកឆ្អឹងសាកសព្វ
តែពីរបីនាក់
 []


Underfull \hbox (badness 10000) in paragraph at lines 246--247
\TU/NotoSansKhmer(0)/m/it/10 ទឹកទាំងនេះគឺកសាងដើម្បីជាជម្រកការពារគ្រោះមហន្ថរាយលើ
ផែនដី
 []


Underfull \hbox (badness 10000) in paragraph at lines 248--249
[]\TU/NotoSansKhmer(0)/m/it/10 ឧទាហរណ៍មួយទៀតគឺនៅ \TU/LatinModernRoman(0)/m/n/10
 Dolmen de Soto \TU/NotoSansKhmer(0)/m/it/10 នៃតំបន់
 []


Underfull \hbox (badness 2158) in paragraph at lines 248--249
\TU/LatinModernRoman(0)/m/n/10 Huelva \TU/NotoSansKhmer(0)/m/it/10 ផ្នែខាងត្បូង
នៃអ៉េស្ប៉ាញ \TU/LatinModernRoman(0)/m/n/10 (\TU/NotoSansKhmer(0)/m/it/10 រូបភាព
ទី []\TU/LatinModernRoman(0)/m/n/10 9[]) \TU/NotoSansKhmer(0)/m/it/10 ដែលជាតំបន
់មួយ
 []


Underfull \hbox (badness 4531) in paragraph at lines 248--249
\TU/NotoSansKhmer(0)/m/it/10 ក្នុងចំណោម\TU/LatinModernRoman(0)/m/n/10 200\TU/No
toSansKhmer(0)/m/it/10 តំបន់ផ្សេងទៀត\TU/LatinModernRoman(0)/m/n/10 [[], []] \TU
/NotoSansKhmer(0)/m/it/10 វាជាសំណង់វិស្វកម្មដ៏ឆ្នើម
 []


Underfull \hbox (badness 10000) in paragraph at lines 248--249
\TU/NotoSansKhmer(0)/m/it/10 សាងសង់ឡើងដោយប្រើប្រាស់ដុំថ្មបុរាណធំៗមានអង្កត់ផ្ចិត
\TU/LatinModernRoman(0)/m/n/10 75\TU/NotoSansKhmer(0)/m/it/10 ម៉ែត្រ។
 []


Underfull \hbox (badness 10000) in paragraph at lines 248--249
\TU/NotoSansKhmer(0)/m/it/10 យោងតាមការស្រាវជ្រាវ មានតែសាកសពចំនួនប្រាំបីនាក់នោះទ
េដែល
 []


Underfull \hbox (badness 10000) in paragraph at lines 248--249
\TU/NotoSansKhmer(0)/m/it/10 ត្រូវបានរកឃើញ សាកសព ទាំងនេះគឺត្រូវបានគេបត់ដូចពេលទា
រក
 []


Underfull \hbox (badness 10000) in paragraph at lines 250--250
[] \TU/LatinModernRoman(0)/b/n/12 . \TU/NotoSansKhmer(0)/b/n/12 ការលើកឡើងអំពីភា
ពមិនប្រក្រតីដែលគួរអោយគត់
 []


Underfull \hbox (badness 10000) in paragraph at lines 252--253
[]\TU/NotoSansKhmer(0)/m/it/10 នៅក្នុងផ្នែកនេះ ខ្ញុំបានសង្ខេបនូវការលើកឡើងអំពីភា
ពមិន
 []


Underfull \hbox (badness 10000) in paragraph at lines 252--253
\TU/NotoSansKhmer(0)/m/it/10 ប្រក្រតីដែលគួរអោយគត់សម្គាល់មួយចំនួនដែលបានបកស្រាយយ៉
ាង
 []

File: bottleneck.jpg Graphic file (type bmp)
<bottleneck.jpg>

Underfull \hbox (badness 10000) in paragraph at lines 261--261
[]\TU/LatinModernRoman(0)/m/n/9 Figure 10. []\TU/NotoSansKhmer(0)/m/n/9 ការបង្ហ
ាញអំពីការថយចុះនៃចំនួនបុរស\TU/LatinModernRoman(0)/m/n/9 95%
 []

Missing character: There is no ​ (U+200B) in font Latin Modern Roman 10 Regular
/OT:script=latn;language=dflt;!

Underfull \hbox (badness 10000) in paragraph at lines 266--267
[]\TU/NotoSansKhmer(0)/m/it/10 ភាពមិនប្រក្រតីជីវវិទ្យាដែលគួរអោយគត់សំគាល់មួយចំនួ
ន គឺការ
 []


Underfull \hbox (badness 10000) in paragraph at lines 266--267
\TU/NotoSansKhmer(0)/m/it/10 កាត់បន្ថយនៃហ្សែននិងផូសុីលត្រីប៉ាឡែន។ បើយោងតាមអត្តប
ទ\TU/LatinModernRoman(0)/m/n/10 ​Zeng
 []


Underfull \hbox (badness 3724) in paragraph at lines 266--267
\TU/LatinModernRoman(0)/m/n/10 et al (2018) \TU/NotoSansKhmer(0)/m/it/10 តាមគំរ
ូលំដាប់ក្រូម៉ូសូម \TU/LatinModernRoman(0)/m/n/10 Y-125 \TU/NotoSansKhmer(0)/m/i
t/10 ពីមនុស្សសម័យ
 []


Underfull \hbox (badness 10000) in paragraph at lines 266--267
\TU/NotoSansKhmer(0)/m/it/10 ក្រោយ និងផ្តោតទៅលើភាពស្រដៀងនិងការប្រែប្រួលនៅក្នុង 
\TU/LatinModernRoman(0)/m/n/10 DNA
 []


Underfull \hbox (badness 10000) in paragraph at lines 266--267
\TU/NotoSansKhmer(0)/m/it/10 បានបង្ហាញថា ចំនួនប្រជាជនបុរសប្រហែល\TU/LatinModernR
oman(0)/m/n/10 95% \TU/NotoSansKhmer(0)/m/it/10 ត្រូវបានកាត់បន្ត
 []


Underfull \hbox (badness 10000) in paragraph at lines 266--267
\TU/NotoSansKhmer(0)/m/it/10 នត្រូវបានរកឃើញនៅកម្ពស់រាប់រយម៉ែត្រលើសពីកំពស់សមុទ្រ
នៅរដ្ឋ
 []


Underfull \hbox (badness 10000) in paragraph at lines 266--267
\TU/NotoSansKhmer(0)/m/it/10 ក្នុងស្ថានភាពខុសៗគ្នា៖ ខ្លះមានរូបរាងពេញលេញ នៅក្នុង
ភក់ដែល
 []


Underfull \hbox (badness 1043) in paragraph at lines 266--267
\TU/NotoSansKhmer(0)/m/it/10 តំបន់ទាំងនេះមានចាប់ពីពីរបីក្បាលរហូតដល់រាប់រយក្បាល។
 ត្រីប៉ាឡាន
 []


Underfull \hbox (badness 10000) in paragraph at lines 266--267
\TU/NotoSansKhmer(0)/m/it/10 ជាសត្វសមុទ្រដែលកម្រមកជិតឆ្នេរណាស់ មូលហេតុអ្វីបានជា
ត្រីប៉ា
 []


Underfull \hbox (badness 10000) in paragraph at lines 266--267
\TU/NotoSansKhmer(0)/m/it/10 ឡែនទាំងនេះត្រូវបានប្រទះឃើញនៅលើតំបន់ខ្ពស់ៗនិងឆ្ងាយព
ីសមុទ្រ
 []


Underfull \hbox (badness 10000) in paragraph at lines 268--269
[]\TU/NotoSansKhmer(0)/m/it/10 ការវិនាសសាបសូន្យលើផែនដីបានកើតឡើងជាច្រើនដងកាលពីមុ
ន
 []


Underfull \hbox (badness 10000) in paragraph at lines 268--269
\TU/NotoSansKhmer(0)/m/it/10 ហើយការវិនាសសាបសូន្យធំៗដែលយើងបានស្រាវជ្រាវបានច្រើនប
ំផុត
 []


Underfull \hbox (badness 5008) in paragraph at lines 268--269
\TU/NotoSansKhmer(0)/m/it/10 គឺ \TU/LatinModernRoman(0)/m/n/10 "\TU/NotoSansKhm
er(0)/m/it/10 ប្រាំធំៗ\TU/LatinModernRoman(0)/m/n/10 " \TU/NotoSansKhmer(0)/m/i
t/10 ព្រឹត្តិការណ៍ \TU/LatinModernRoman(0)/m/n/10 Phanerozoic\TU/NotoSansKhmer(
0)/m/it/10 ៖ ព្រឹត្តិការណ៍ចុងសម័យ
 []


Underfull \hbox (badness 2961) in paragraph at lines 268--269
\TU/LatinModernRoman(0)/m/n/10 (ECME)[[], []]\TU/NotoSansKhmer(0)/m/it/10 ។ អ្វ
ីដ៏គួរអោយចាប់អារម្មណ៍បំផុតនោះ ការវិនាស
 []


Underfull \hbox (badness 10000) in paragraph at lines 268--269
\TU/NotoSansKhmer(0)/m/it/10 សាបសូន្យមួយចំនួនទាំងនេះត្រូវបានគេចាត់ទុកថាបានកើតឡើ
ងស្រប
 []


Underfull \hbox (badness 1430) in paragraph at lines 268--269
\TU/NotoSansKhmer(0)/m/it/10 ពេលនិងការបង្កើតស្រទាប់ \TU/LatinModernRoman(0)/m/n
/10 Grand Canyon \TU/NotoSansKhmer(0)/m/it/10 ផងដែរ ជាពិសេសគឺ
 []

[5]
File: columbia.jpg Graphic file (type bmp)
<columbia.jpg>

Underfull \hbox (badness 10000) in paragraph at lines 282--283
\TU/NotoSansKhmer(0)/m/it/10 បង្កើតឡើងដោយកម្លាំងមហន្តរាយនៃធម្មជាតិ។ ភស្តុតាងអំព
ីការហូរ
 []


Underfull \hbox (badness 10000) in paragraph at lines 282--283
\TU/NotoSansKhmer(0)/m/it/10 ទឹកដ៏ធំធេងត្រូវបានគេរកឃើញតាមចរន្តស្នាមហូរទូទាំងពិភ
ពលោក។
 []


Underfull \hbox (badness 10000) in paragraph at lines 282--283
\TU/NotoSansKhmer(0)/m/it/10 នៅទីនេះយើងមិនត្រឹមតែឃើញទីតាំងល្បាយដីខ្សាច់និងដុំថ្
មផ្នត់ៗនោះ
 []


Underfull \hbox (badness 10000) in paragraph at lines 282--283
\TU/NotoSansKhmer(0)/m/it/10 ទេ មានទាំងលំដាប់ស្នាមហូររាប់រយដែលបានបង្កើតឡើងដោយចរ
ន្តទឹ
 []


Underfull \hbox (badness 5446) in paragraph at lines 282--283
\TU/NotoSansKhmer(0)/m/it/10 កធំៗ\TU/LatinModernRoman(0)/m/n/10 [[], []]\TU/Not
oSansKhmer(0)/m/it/10 ។ វាជាស្នាមចរន្តទឹកហូរធំៗដែលបានបង្កើតឡើងនៅក្នុង
 []


Underfull \hbox (badness 10000) in paragraph at lines 282--283
\TU/NotoSansKhmer(0)/m/it/10 ស្រទាប់ដីខ្សាច់នៃទឹកហូរ។ ស្នាមចរន្តទឹកហូរទាំងនេះយើ
ងអាចរកវា
 []


Underfull \vbox (badness 10000) has occurred while \output is active []

File: zhangjiajie.jpg Graphic file (type bmp)
<zhangjiajie.jpg>
File: hoy.jpg Graphic file (type bmp)
<hoy.jpg>

Underfull \hbox (badness 10000) in paragraph at lines 305--306
[]\TU/NotoSansKhmer(0)/m/it/10 រចនាសម្ព័ន្ធការហូរច្រោះក្នុងដីក៏ត្រូវបានពន្យល់យ៉
ាងច្បាស់ដូច
 []


Underfull \hbox (badness 2393) in paragraph at lines 305--306
\TU/NotoSansKhmer(0)/m/it/10 និងទ្រឹស្តី \TU/LatinModernRoman(0)/m/n/10 "\TU/No
toSansKhmer(0)/m/it/10 ការប្តូរប៉ូលម៉ាញ៉េទិកនៃផែនដី\TU/LatinModernRoman(0)/m/n/
10 " \TU/NotoSansKhmer(0)/m/it/10 របស់ \TU/LatinModernRoman(0)/m/n/10 ECDO \TU/
NotoSansKhmer(0)/m/it/10 ផងដែរ។
 []


Underfull \hbox (badness 10000) in paragraph at lines 305--306
\TU/NotoSansKhmer(0)/m/it/10 ឧទាហរណ៍ដ៏ល្អមួយនៃការហូរច្រោះ គឺនៅកន្លែងថ្មស្រួចដែល
ស្ថិតនៅ
 []


Underfull \hbox (badness 10000) in paragraph at lines 305--306
\TU/NotoSansKhmer(0)/m/it/10 ផ្នែកខាងត្បូងប្រទេសចិន\TU/LatinModernRoman(0)/m/n/
10 [[]]\TU/NotoSansKhmer(0)/m/it/10 ។ ទីតាំងទាំងនេះមានទាំង ប៉មថ្មស្រួច
 []


Underfull \hbox (badness 4859) in paragraph at lines 305--306
\TU/NotoSansKhmer(0)/m/it/10 កំពូលថ្មស្រួច ស្ពានធម្មជាតិ ជ្រលងភ្នុំ ប្រព័ន្ធរូង
ភ្នំធំៗ និងរណ្តៅ។
 []


Underfull \hbox (badness 3271) in paragraph at lines 305--306
\TU/NotoSansKhmer(0)/m/it/10 មានសសរក្វាតថ្មខ្សាច់ធំៗ\TU/LatinModernRoman(0)/m/n
/10 (\TU/NotoSansKhmer(0)/m/it/10 រូបភាពទី []\TU/LatinModernRoman(0)/m/n/10 12[
])[[]]\TU/NotoSansKhmer(0)/m/it/10 ។ សសរថ្មខ្សាច់ទាំងនេះ
 []


Underfull \hbox (badness 10000) in paragraph at lines 305--306
\TU/NotoSansKhmer(0)/m/it/10 មានកំពស់រហូតដល់\TU/LatinModernRoman(0)/m/n/10 1,00
0\TU/NotoSansKhmer(0)/m/it/10 ម៉ែត្រ ហើយមានចំនួនជាង\TU/LatinModernRoman(0)/m/n/
10 3,100\TU/NotoSansKhmer(0)/m/it/10 ឯនោះ។
 []


Underfull \hbox (badness 10000) in paragraph at lines 305--306
\TU/NotoSansKhmer(0)/m/it/10 ក្នុងចំណោមថ្មទាំងនេះ ថ្មដែលមានកំពស់លើស\TU/LatinMod
ernRoman(0)/m/n/10 120\TU/NotoSansKhmer(0)/m/it/10 ម៉ែត្រគឺមាន
 []


Underfull \hbox (badness 10000) in paragraph at lines 305--306
\TU/NotoSansKhmer(0)/m/it/10 សសរថ្មទាំងនេះមានរូបរាងដូចសសរថ្មដែលបង្កើតឡើងដោយសសរ
 []


Underfull \hbox (badness 10000) in paragraph at lines 305--306
\TU/NotoSansKhmer(0)/m/it/10 ច្រោះនៃសមុទ្រ\TU/LatinModernRoman(0)/m/n/10 (\TU/N
otoSansKhmer(0)/m/it/10 រូបភាពទី []\TU/LatinModernRoman(0)/m/n/10 13[]) \TU/Not
oSansKhmer(0)/m/it/10 ដែលជាថ្មឆ្នេរបង្កើតឡើងដោយការ
 []


Underfull \hbox (badness 6252) in paragraph at lines 305--306
\TU/NotoSansKhmer(0)/m/it/10 បាក់បែកជុំវិញ ដែលបង្កឡើងដោយរលកសមុទ្រ។ យើងអាចស្វែងរ
ក
 []


Underfull \hbox (badness 1755) in paragraph at lines 305--306
\TU/NotoSansKhmer(0)/m/it/10 រហូតដល់\TU/LatinModernRoman(0)/m/n/10 1000\TU/Noto
SansKhmer(0)/m/it/10 ម៉ែត្រ។ ទីតាំងទាំងនេះមានទាំងល្បាយអំបិលនិងផូសុីល
 []


Underfull \hbox (badness 1817) in paragraph at lines 305--306
\TU/NotoSansKhmer(0)/m/it/10 សត្វសមុទ្រដែលនៅជិតៗទីនោះ ដែលបង្ហាញអំពីការវាយប្រហារ
ទៅលើ
 []


Underfull \hbox (badness 7362) in paragraph at lines 305--306
\TU/NotoSansKhmer(0)/m/it/10 សត្វសមុទ្រកាលពីមុន\TU/LatinModernRoman(0)/m/n/10 [
[], [], []]\TU/NotoSansKhmer(0)/m/it/10 ។ រឿងព្រេងទឹកជំនន់\TU/LatinModernRoman(
0)/m/n/10 [[]]\TU/NotoSansKhmer(0)/m/it/10 បាន
 []


Underfull \hbox (badness 10000) in paragraph at lines 305--306
\TU/NotoSansKhmer(0)/m/it/10 រៀបរាប់ថារលកសមុទ្រមានកម្ពស់ខ្ពស់ជាង\TU/LatinModern
Roman(0)/m/n/10 1,000\TU/NotoSansKhmer(0)/m/it/10 ម៉ែត្រ ដែលយើង
 []


Underfull \hbox (badness 10000) in paragraph at lines 305--306
\TU/NotoSansKhmer(0)/m/it/10 អាចដឹងបានតាមរយៈវត្តមាននៃទឹកសមុទ្រនិងវាលអំបិលធំៗនៅល
ើភ្នុំ
 []


Underfull \hbox (badness 4353) in paragraph at lines 305--306
\TU/LatinModernRoman(0)/m/n/10 Andes \TU/NotoSansKhmer(0)/m/it/10 និង \TU/Latin
ModernRoman(0)/m/n/10 Himalayas \TU/NotoSansKhmer(0)/m/it/10 ដែលមានកម្ពស់ខ្ពស់ជ
ាងសមុទ្រជាច្រើន
 []


Underfull \vbox (badness 1062) has occurred while \output is active []

 [6]
Underfull \hbox (badness 10000) in paragraph at lines 309--310
[]\TU/NotoSansKhmer(0)/m/it/10 អត្ថបទវិទ្យាសាស្ត្រនាសម័យថ្មីទទួលស្គាល់ថាមានព្រឹ
ត្តិការណ៍
 []


Underfull \hbox (badness 10000) in paragraph at lines 309--310
\TU/NotoSansKhmer(0)/m/it/10 ផ្លាស់ប្ដូរអាកាសធាតុពិតមែន បើយោងទៅតាមប្រវត្តិថ្មីៗ
នៃភពផែនដី។
 []


Underfull \hbox (badness 10000) in paragraph at lines 309--310
\TU/NotoSansKhmer(0)/m/it/10 ឧទាហរណ៍សំខាន់ៗចំនួនពីរគឺព្រឹត្តិការណ៍\TU/LatinMode
rnRoman(0)/m/n/10 4,200\TU/NotoSansKhmer(0)/m/it/10 និង\TU/LatinModernRoman(0)/
m/n/10 8,200\TU/NotoSansKhmer(0)/m/it/10 ឆ្នាំ ដែល
 []


Underfull \hbox (badness 10000) in paragraph at lines 309--310
\TU/NotoSansKhmer(0)/m/it/10 កើតមានក្នុងពេលតែមួយនៃការថយចុះចំនួនប្រជាជន និងការប៉
ះពាល់
 []


Underfull \hbox (badness 10000) in paragraph at lines 309--310
\TU/NotoSansKhmer(0)/m/it/10 ដល់ការរស់នៅទៅលើផ្ទៃដីដ៏ធំ។ ព្រឹត្តិការណ៍ទាំងនេះត្រ
ូវបានរក្សាទុក
 []


Underfull \hbox (badness 10000) in paragraph at lines 309--310
\TU/NotoSansKhmer(0)/m/it/10 ជាភាពមិនប្រក្រតីក្នុងស្រទាប់ទឹកកកនិងដីល្បាប់ ផូសុី
លផ្ការថ្ម អុីសូ
 []


Underfull \hbox (badness 10000) in paragraph at lines 309--310
\TU/NotoSansKhmer(0)/m/it/10 តូប\TU/LatinModernRoman(0)/m/n/10 018 \TU/NotoSans
Khmer(0)/m/it/10 លំអង និងទិន្នន័យស្ពេលូថឹមនិងកម្រិតទឹកសមុទ្រ។ តាម
 []


Underfull \hbox (badness 10000) in paragraph at lines 309--310
\TU/NotoSansKhmer(0)/m/it/10 ការបកស្រាយនៃព្រឹត្តិការណ៍ផ្លាស់ប្ដូរអាកាសធាតុរួមមា
នការថយចុះនៃ
 []


Underfull \hbox (badness 5077) in paragraph at lines 309--310
\TU/NotoSansKhmer(0)/m/it/10 សីតុណ្ហភាពផែនដី ភាពរាំងស្ងួត ការផ្លាស់ប្តូរនៃចរន្ត
ទឹកសមុទ្រអ៉ាត្លង់
 []


Underfull \hbox (badness 1303) in paragraph at lines 309--310
\TU/NotoSansKhmer(0)/m/it/10 តិចផ្នែកខាងត្បូងនិងការកើនឡើងនៃផែនទឹកកក\TU/LatinMod
ernRoman(0)/m/n/10 [[], [], []]\TU/NotoSansKhmer(0)/m/it/10 ។ ព្រឹត្តិ
 []


Underfull \hbox (badness 10000) in paragraph at lines 309--310
\TU/NotoSansKhmer(0)/m/it/10 ការណ៍\TU/LatinModernRoman(0)/m/n/10 8,200\TU/NotoS
ansKhmer(0)/m/it/10 ឆ្នាំគឺកើតឡើងក្នុងពេលតែមួយជាមួយនិងទឹកជំនន់សមុទ្រ
 []


Underfull \hbox (badness 5374) in paragraph at lines 313--314
[]\TU/NotoSansKhmer(0)/m/it/10 យោងតាមភស្ថុតាងនៃបុរាណវិទ្យា មានទីក្រុងបុរាណមួយចំ
នួនបាន
 []


Underfull \hbox (badness 10000) in paragraph at lines 313--314
\TU/NotoSansKhmer(0)/m/it/10 បង្ហាញអំពីស្រទាប់បូជានិងបំផ្លិចបំផ្លាញ ដែលបង្ហាញអំ
ពីព្រឹត្តិការណ៍
 []


Underfull \hbox (badness 4492) in paragraph at lines 313--314
\TU/NotoSansKhmer(0)/m/it/10 គ្រោះមហន្តរាយកាលពីមុន។ ជាឧទាហរណ៍គឺទីក្រុងបុរាណ \TU
/LatinModernRoman(0)/m/n/10 Jericho
 []


Underfull \hbox (badness 10000) in paragraph at lines 313--314
\TU/NotoSansKhmer(0)/m/it/10 ដែលជាទីក្រុងមួយដែលស្ថិតនៅប្រទេសប៉ាលេស្ទីននាពេលបច្ច
ុប្បុ
 []


Underfull \hbox (badness 10000) in paragraph at lines 313--314
\TU/NotoSansKhmer(0)/m/it/10 ន្ន។ ទីក្រុងនេះមានស្រទាប់បំផ្លាញជាច្រើន ដោយមានការឆ
ាបឆេះជា
 []


Underfull \hbox (badness 2229) in paragraph at lines 313--314
\TU/NotoSansKhmer(0)/m/it/10 ខ្លាំងនិងការរលំនៃសំណង់ថ្ម\TU/LatinModernRoman(0)/m
/n/10 [[], []]\TU/NotoSansKhmer(0)/m/it/10 ។ កំណត់ត្រាប្រវត្តិសាស្ត្រនៅក្នុង
 []


Underfull \hbox (badness 10000) in paragraph at lines 313--314
\TU/NotoSansKhmer(0)/m/it/10 ស្រទាប់ទាំងនេះចាប់តាំងពី\TU/LatinModernRoman(0)/m/
n/10 9,000\TU/NotoSansKhmer(0)/m/it/10 ទៅ\TU/LatinModernRoman(0)/m/n/10 2,000\T
U/NotoSansKhmer(0)/m/it/10 ឆ្នាំមុនគ្រឹស្តសករាជ។ អ្វី
 []


Underfull \hbox (badness 2134) in paragraph at lines 313--314
\TU/NotoSansKhmer(0)/m/it/10 ដែលគួរអោយគត់សម្គាល់នោះគឺប៉មនៃសំណង់ទាំងនេះ វាហាក់បី
ដូចជា
 []


Underfull \hbox (badness 10000) in paragraph at lines 313--314
\TU/NotoSansKhmer(0)/m/it/10 ត្រូវគេកាត់ចោលហើយកប់ក្នុងដីល្បាប់កាលពី\TU/LatinMod
ernRoman(0)/m/n/10 7400\TU/NotoSansKhmer(0)/m/it/10 ឆ្នាំមុនគ្រឹស្តសករាជ
 []


Underfull \hbox (badness 10000) in paragraph at lines 313--314
\TU/NotoSansKhmer(0)/m/it/10 សុទ្ធតែជាឧទាហរណ៍នៃទីតាំងបុរាណដែលមានភស្ថុតាងក្នុងស្
រទាប់នៃ
 []


Underfull \vbox (badness 2772) has occurred while \output is active []

File: jericho.jpg Graphic file (type bmp)
<jericho.jpg>

Underfull \hbox (badness 10000) in paragraph at lines 326--327
[]\TU/NotoSansKhmer(0)/m/it/10 ភស្តុតាងដែលបញ្ជាក់ពីព្រឹត្តិការណ៍គ្រោះមហន្តរាយដ៏
ធំមួយទៀត
 []


Underfull \hbox (badness 10000) in paragraph at lines 326--327
\TU/NotoSansKhmer(0)/m/it/10 ពីដីឥដ្ឋដែលត្រូវបានគេរកឃើញជំរៅ\TU/LatinModernRoman
(0)/m/n/10 100\TU/NotoSansKhmer(0)/m/it/10 ម៉ែត្រខាងក្រោមកម្អែលភ្នុំភ្លើង
 []


Underfull \hbox (badness 10000) in paragraph at lines 326--327
\TU/NotoSansKhmer(0)/m/it/10 ត្រូវបានគេប៉ាន់ស្មានថាកើតឡើងនាអំឡុងពេលចុងសម័យទីបីឬ
ទីបួន
 []


Underfull \hbox (badness 5203) in paragraph at lines 326--327
\TU/NotoSansKhmer(0)/m/it/10 ប្រហែលជា\TU/LatinModernRoman(0)/m/n/10 2\TU/NotoSa
nsKhmer(0)/m/it/10 លានឆ្នាំមុន។ ទោះជាយ៉ាងណាកម្អែលភ្នំភ្លើងក្នុងតំបន់នេះ
 []


Underfull \hbox (badness 10000) in paragraph at lines 326--327
\TU/NotoSansKhmer(0)/m/it/10 បញ្ជាក់ពីព្រឹត្តិការណ៍គ្រោះមហន្តរាយដែលបំផ្លាញនៃការ
អភិវឌ្ឍន៍មនុស្ស
 []


Underfull \hbox (badness 10000) in paragraph at lines 330--331
[]\TU/NotoSansKhmer(0)/m/it/10 មានមូលហេតុសំខាន់ៗជាច្រើនដែលធ្វើអោយយើងមិនមានជំនឿ
 []


Underfull \hbox (badness 10000) in paragraph at lines 330--331
\TU/NotoSansKhmer(0)/m/it/10 ទៅលើកាលវិទ្យាសម័យទំនើប ដែលបានកំណត់ថាសម្ភារៈប្រើប្រ
ាស់
 []


Underfull \hbox (badness 10000) in paragraph at lines 330--331
\TU/NotoSansKhmer(0)/m/it/10 មួយចំនួនមានអាយុកាលយូរយារណាស់មកហើយ អាចមានអាយុរាប់
 []


Underfull \vbox (badness 10000) has occurred while \output is active []

 [7]
Underfull \hbox (badness 1342) in paragraph at lines 332--333
\TU/NotoSansKhmer(0)/m/it/10 និងឧស្ម័នធម្មជាតិមានអាយុរាប់រយលានឆ្នាំ\TU/LatinMod
ernRoman(0)/m/n/10 [[]]\TU/NotoSansKhmer(0)/m/it/10 ។ ផ្ទុយទៅវិញ បើតាម
 []


Underfull \hbox (badness 10000) in paragraph at lines 332--333
\TU/NotoSansKhmer(0)/m/it/10 ការធ្វើកាលបរិច្ឆេទកាបូនជាក់ស្តែងសម្រាប់ប្រេងឥន្ធនៈ
នៃឈូងសមុទ្រ
 []


Underfull \hbox (badness 10000) in paragraph at lines 332--333
\TU/NotoSansKhmer(0)/m/it/10 ណាស់\TU/LatinModernRoman(0)/m/n/10 (5,730\TU/NotoS
ansKhmer(0)/m/it/10 ឆ្នាំ\TU/LatinModernRoman(0)/m/n/10 ) \TU/NotoSansKhmer(0)/
m/it/10 ធ្វើអោយវាពុកផុយទាំងស្រុកបន្ទាប់ពីរយៈពេល\TU/LatinModernRoman(0)/m/n/10 2
-
 []


Underfull \hbox (badness 6526) in paragraph at lines 332--333
\TU/LatinModernRoman(0)/m/n/10 3\TU/NotoSansKhmer(0)/m/it/10 សែនឆ្នាំ។ យ៉ាងណាក៏
ដោយ គេក៏បានរកឃើញថានៅក្នុងធ្យងថ្មនិង
 []


Underfull \hbox (badness 5460) in paragraph at lines 332--333
\TU/NotoSansKhmer(0)/m/it/10 ផូសុីលអាចមានអាយុរាប់ពាន់ដងយូរជាងនឹងទៅទៀត\TU/LatinM
odernRoman(0)/m/n/10 [[]]\TU/NotoSansKhmer(0)/m/it/10 ។ ជាការពិត
 []


Underfull \hbox (badness 10000) in paragraph at lines 332--333
\TU/NotoSansKhmer(0)/m/it/10 ណាស់ធ្យងថ្មសិប្បនិម្មិតត្រូវបានគេផលិតឡើងនៅក្នុងមន្
ទីរពិសោធន៍
 []


Underfull \hbox (badness 10000) in paragraph at lines 332--333
\TU/NotoSansKhmer(0)/m/it/10 ការផលិតនេះអាស្រ័យទៅលើកម្តៅខ្ពស់ ហើយគេអាចផលិតវាបាន
 []


Underfull \hbox (badness 10000) in paragraph at lines 334--335
[]\TU/NotoSansKhmer(0)/m/it/10 វិធីសាស្ត្រធ្វើកាលបរិច្ឆេទអុីសូតូបក៏មិនប្រាកដថាត
្រឹមត្រូវនោះដែរ។
 []


Underfull \hbox (badness 10000) in paragraph at lines 334--335
\TU/NotoSansKhmer(0)/m/it/10 ប្រើប្រាស់វិធីទាំងនេះគឺមិនដូចគ្នានោះទេ និងថែមទាំងស
ួរដេញដោល
 []


Underfull \hbox (badness 8113) in paragraph at lines 334--335
\TU/NotoSansKhmer(0)/m/it/10 ទៅលើភាពស្មោះត្រង់របស់អ្នកស្រាវជ្រាវពីមុនថែមទៀត\TU/
LatinModernRoman(0)/m/n/10 [[]]\TU/NotoSansKhmer(0)/m/it/10 ។ ជាលិកា
 []


Underfull \hbox (badness 10000) in paragraph at lines 334--335
\TU/NotoSansKhmer(0)/m/it/10 ទន់ដែលមានកោសិកាឈាម សសៃឈាម និងកូឡាជែនត្រូវបានរក
 []


Underfull \hbox (badness 10000) in paragraph at lines 334--335
\TU/NotoSansKhmer(0)/m/it/10 ឃើញក្នុងសាកសព្វសត្វដាយណូស័រដែលថាមានអាយុរហូតដល់រាប់
រយ
 []


Underfull \hbox (badness 3849) in paragraph at lines 334--335
\TU/NotoSansKhmer(0)/m/it/10 លានឆ្នាំឯណោះ\TU/LatinModernRoman(0)/m/n/10 [[], []
]\TU/NotoSansKhmer(0)/m/it/10 ។ តាមអ្វីដែលយើងដឹង ការទទួលស្គាល់អំពី
 []


Underfull \hbox (badness 3386) in paragraph at lines 334--335
\TU/NotoSansKhmer(0)/m/it/10 អាយុភូគព្ភសាស្ត្រនៃថ្មនិងប្រេងឥន្ធនៈផូសុីលរបស់ផែនដ
ីសព្វថ្ងៃ គឺអាច
 []

Missing character: There is no ​ (U+200B) in font Latin Modern Roman 10 Regular
/OT:script=latn;language=dflt;!

Underfull \hbox (badness 10000) in paragraph at lines 338--339
[]\TU/NotoSansKhmer(0)/m/it/10 ក្នុងអត្ថបទនេះ ខ្ញុំបានលើកឡើងនូវភាពមិនប្រក្រតីដែ
លដែលអាច
 []


Underfull \hbox (badness 10000) in paragraph at lines 338--339
\TU/NotoSansKhmer(0)/m/it/10 ផ្តល់ជាយោបល់អំពីប្រភពដើមនៃគ្រោះមហន្ថរាយដែលអាចពន្យល
់
 []


Underfull \hbox (badness 10000) in paragraph at lines 338--339
\TU/NotoSansKhmer(0)/m/it/10 បានយ៉ាងក្បោះក្បាយតាមរបៀបនៃការប្តូរ \TU/LatinModern
Roman(0)/m/n/10 "\TU/NotoSansKhmer(0)/m/it/10 ទិសដែនម៉ាញ៉េទិករបស់់
 []


Underfull \hbox (badness 5388) in paragraph at lines 338--339
\TU/NotoSansKhmer(0)/m/it/10 ផែនដី\TU/LatinModernRoman(0)/m/n/10 "​\TU/NotoSans
Khmer(0)/m/it/10 តាមទ្រឹស្តីរបស់ \TU/LatinModernRoman(0)/m/n/10 ECDO\TU/NotoSan
sKhmer(0)/m/it/10 ។ ទោះបីវាខុសគ្នាក៏ដោយ ទិន្នន័យ
 []


Underfull \hbox (badness 10000) in paragraph at lines 338--339
\TU/NotoSansKhmer(0)/m/it/10 ដែលបានបង្ហាញគឺនៅខ្វះខាតនៅឡើយ ភាពមិនប្រក្រតីផ្សេងៗទ
ៀត
 []


Underfull \hbox (badness 10000) in paragraph at lines 338--339
\TU/NotoSansKhmer(0)/m/it/10 ត្រូវបានប្រមូលផ្តុំរួចរាល់ ហើយអាចស្វែងរកវាបាននៅក្ន
ុង \TU/LatinModernRoman(0)/m/n/10 Github
 []

Missing character: There is no ​ (U+200B) in font Latin Modern Roman 10 Regular
/OT:script=latn;language=dflt;!

Underfull \hbox (badness 10000) in paragraph at lines 341--342
[]\TU/NotoSansKhmer(0)/m/it/10 សូមអរគុណចំពោះលោក\TU/LatinModernRoman(0)/m/n/10 ​
Ethical Skeptic \TU/NotoSansKhmer(0)/m/it/10 ដែលជាអ្នកនិពន្ធ
 []


Underfull \hbox (badness 10000) in paragraph at lines 341--342
\TU/NotoSansKhmer(0)/m/it/10 ដំបូងនៃនិក្ខេបទអំពីទ្រឹស្តី \TU/LatinModernRoman(0
)/m/n/10 ECDO \TU/NotoSansKhmer(0)/m/it/10 ដែលបានបំពេញនូវនិក្ខេបទដ៏
 []


Underfull \hbox (badness 5133) in paragraph at lines 341--342
\TU/NotoSansKhmer(0)/m/it/10 ជ្រាលជ្រៅមួយនេះ ហើយនិងបានចែករំលែកវាទៅកាន់មនុស្សទាំ
ងអស់
 []


Underfull \hbox (badness 10000) in paragraph at lines 341--342
\TU/NotoSansKhmer(0)/m/it/10 នៅលើពិភពលោក។ និក្ខេបបទទាំងបីផ្នែករបស់លោក\TU/LatinM
odernRoman(0)/m/n/10 [[]] \TU/NotoSansKhmer(0)/m/it/10 នៅតែជា
 []


Underfull \hbox (badness 10000) in paragraph at lines 341--342
\TU/NotoSansKhmer(0)/m/it/10 ច្បាប់ដើមសម្រាប់ទ្រឹស្តី \TU/LatinModernRoman(0)/m
/n/10 "\TU/NotoSansKhmer(0)/m/it/10 ការបំបែកលំយោលស្រទាប់ក្រឡាប់ក្តៅក្នុង
 []


Underfull \hbox (badness 10000) in paragraph at lines 341--342
\TU/NotoSansKhmer(0)/m/it/10 ផែនដី\TU/LatinModernRoman(0)/m/n/10 (ECDO)" \TU/No
toSansKhmer(0)/m/it/10 ដែលមានពត៌មានច្រើនជាងអ្វីដែលខ្ញុំបានសង្ខេប
 []


Underfull \hbox (badness 10000) in paragraph at lines 343--344
[]\TU/NotoSansKhmer(0)/m/it/10 ចុងបញ្ចប់សូមអរគុណទៅដល់អ្នកដែលបានជួយជ្រោមជ្រែង
 []


Underfull \hbox (badness 10000) in paragraph at lines 343--344
\TU/NotoSansKhmer(0)/m/it/10 អ្នកស្រាវជ្រាវដែលបានប្រមូលពត៍មានទាំងអស់ដែលធ្វើអោយ
 []


Underfull \hbox (badness 10000) in paragraph at lines 343--344
\TU/NotoSansKhmer(0)/m/it/10 យើងមានលទ្ធភាពបង្កើតអត្ថបទនេះដើម្បីជួយទៅកាន់មនុស្សទ
ូទាំង
 []

[8] (./2khmertranslated3.bbl
Underfull \hbox (badness 3942) in paragraph at lines 9--11
[]\TU/LatinModernRoman(0)/m/n/9 Answers research journal, 2008--present.  https
://
 []


Underfull \hbox (badness 10000) in paragraph at lines 101--105
[]\TU/LatinModernRoman(0)/m/n/9 GetYourGuide.  Canyoning in grand canyon.
 []


Underfull \hbox (badness 10000) in paragraph at lines 101--105
[]$[][][][][] [] [] [] [][][] [] [][][][][][][][][][][][] [] [][][] [] [][][][]
[][][][][][][][][][][][][][][] []
 []


Underfull \hbox (badness 10000) in paragraph at lines 139--144
[]\TU/LatinModernRoman(0)/m/n/9 Junho.  Mega-current ripples.  []$[][][][][] []
 [] [] [][][][][][] []
 []


Underfull \hbox (badness 10000) in paragraph at lines 139--144
[][][] [] [][][][][][][] [] [][][][] [] [][][][] [] [][][][][][] [] [][][][][][
][][][][][] []
 []


Underfull \hbox (badness 10000) in paragraph at lines 139--144
[][][][][][][][][][][][][][][][][][] [] [][][][][][][][][][][][][][][][][][][][
][][][] []
 []


Underfull \hbox (badness 1005) in paragraph at lines 195--199
\TU/LatinModernRoman(0)/m/n/9 tional park.  []$[][][][][] [] [] [] [][][] [] []
[][] [] [][][] [] [][][][] [] [][][][][] [] [][][][][][] []
 []

[9


]
Underfull \hbox (badness 4556) in paragraph at lines 218--225
[][] [] [][][][][][][][][][][][][][][][][][][][][][][][][][][][][][][][][][][][
][][][][][][][][] [] [][][][]$[]\TU/LatinModernRoman(0)/m/n/9 , May 2017.
 []


Underfull \hbox (badness 10000) in paragraph at lines 277--282
\TU/LatinModernRoman(0)/m/n/9 theethicalskeptic.com/2024/05/23/master-exothermi
c-
 []


Underfull \hbox (badness 1048) in paragraph at lines 398--401
\TU/LatinModernRoman(0)/m/n/9 The Free Encyclopedia, 2025.  [Online; accessed 8
-
 []

[10]) [11

] (./2khmertranslated3.aux)
 ***********
LaTeX2e <2023-11-01> patch level 1
L3 programming layer <2024-01-22>
 ***********


LaTeX Font Warning: Some font shapes were not available, defaults substituted.


LaTeX Warning: There were multiply-defined labels.

 ) 
Here is how much of TeX's memory you used:
 13646 strings out of 475702
 264817 string characters out of 5785445
 2151627 words of memory out of 5000000
 35370 multiletter control sequences out of 15000+600000
 568483 words of font info for 112 fonts, out of 8000000 for 9000
 932 hyphenation exceptions out of 8191
 79i,9n,93p,2210b,515s stack positions out of 10000i,1000n,20000p,200000b,200000s

Output written on 2khmertranslated3.pdf (11 pages).
