This is LuaHBTeX, Version 1.17.0 (TeX Live 2023/Debian)  (format=lualatex 2025.6.27)  28 JUN 2025 03:03
 restricted system commands enabled.
**2malay41.tex
(./2malay41.tex
LaTeX2e <2023-11-01> patch level 1
L3 programming layer <2024-01-22>
Lua module: luaotfload 2023-08-31 3.26 Lua based OpenType font support
Lua module: lualibs 2023-07-13 2.76 ConTeXt Lua standard libraries.
Lua module: lualibs-extended 2023-07-13 2.76 ConTeXt Lua libraries -- extended c
ollection.
luaotfload | conf : Root cache directory is "/home/m120938/.texlive2023/texmf-va
r/luatex-cache/generic/names".
luaotfload | init : Loading fontloader "fontloader-2023-08-19.lua" from kpse-res
olved path "/usr/share/texlive/texmf-dist/tex/luatex/luaotfload/fontloader-2023-
08-19.lua".
Lua-only attribute luaotfload@noligature = 1
luaotfload | init : Context OpenType loader version 3.133
Inserting `luaotfload.node_processor' in `pre_linebreak_filter'.
Inserting `luaotfload.node_processor' in `hpack_filter'.
Inserting `luaotfload.glyph_stream' in `glyph_stream_provider'.
Inserting `luaotfload.define_font' in `define_font'.
Lua-only attribute luaotfload_color_attribute = 2
luaotfload | conf : Root cache directory is "/home/m120938/.texlive2023/texmf-va
r/luatex-cache/generic/names".
Inserting `luaotfload.harf.strip_prefix' in `find_opentype_file'.
Inserting `luaotfload.harf.strip_prefix' in `find_truetype_file'.
Removing  `luaotfload.glyph_stream' from `glyph_stream_provider'.
Inserting `luaotfload.harf.glyphstream' in `glyph_stream_provider'.
Inserting `luaotfload.harf.finalize_vlist' in `post_linebreak_filter'.
Inserting `luaotfload.harf.finalize_hlist' in `hpack_filter'.
Inserting `luaotfload.cleanup_files' in `wrapup_run'.
Inserting `luaotfload.harf.finalize_unicode' in `finish_pdffile'.
Inserting `luaotfload.glyphinfo' in `glyph_info'.
Lua-only attribute luaotfload.letterspace_done = 3
Inserting `luaotfload.aux.set_sscale_dimens' in `luaotfload.patch_font'.
Inserting `luaotfload.aux.set_font_index' in `luaotfload.patch_font'.
Inserting `luaotfload.aux.patch_cambria_domh' in `luaotfload.patch_font'.
Inserting `luaotfload.aux.fixup_fontdata' in `luaotfload.patch_font_unsafe'.
Inserting `luaotfload.aux.set_capheight' in `luaotfload.patch_font'.
Inserting `luaotfload.aux.set_xheight' in `luaotfload.patch_font'.
Inserting `luaotfload.rewrite_fontname' in `luaotfload.patch_font'.
Inserting `tracingstacklevels' in `input_level_string'. (/usr/share/texlive/tex
mf-dist/tex/latex/base/article.cls
Document Class: article 2023/05/17 v1.4n Standard LaTeX document class
(/usr/share/texlive/texmf-dist/tex/latex/base/size10.clo
File: size10.clo 2023/05/17 v1.4n Standard LaTeX file (size option)
luaotfload | db : Font names database loaded from /home/m120938/.texlive2023/tex
mf-var/luatex-cache/generic/names/luaotfload-names.luc.gz)
\c@part=\count185
\c@section=\count186
\c@subsection=\count187
\c@subsubsection=\count188
\c@paragraph=\count189
\c@subparagraph=\count190
\c@figure=\count191
\c@table=\count192
\abovecaptionskip=\skip48
\belowcaptionskip=\skip49
\bibindent=\dimen139
)
(/usr/share/texlive/texmf-dist/tex/latex/booktabs/booktabs.sty
Package: booktabs 2020/01/12 v1.61803398 Publication quality tables
\heavyrulewidth=\dimen140
\lightrulewidth=\dimen141
\cmidrulewidth=\dimen142
\belowrulesep=\dimen143
\belowbottomsep=\dimen144
\aboverulesep=\dimen145
\abovetopsep=\dimen146
\cmidrulesep=\dimen147
\cmidrulekern=\dimen148
\defaultaddspace=\dimen149
\@cmidla=\count193
\@cmidlb=\count194
\@aboverulesep=\dimen150
\@belowrulesep=\dimen151
\@thisruleclass=\count195
\@lastruleclass=\count196
\@thisrulewidth=\dimen152
)
(/usr/share/texlive/texmf-dist/tex/latex/sttools/stfloats.sty
Package: stfloats 2017/03/27 v3.3 Improve float mechanism and baselineskip sett
ings
\@dblbotnum=\count197
\c@dblbotnumber=\count198
) (./cvpr.sty
(./eso-pic.sty
Package: eso-pic 2002/11/16 v1.1b eso-pic (RN)
 (./cvpr_eso.sty

LaTeX Warning: You have requested package `eso-pic',
               but the package provides `everyshi'.

Package: everyshi 2001/05/15 v3.00 EveryShipout Package (MS)
) (/usr/share/texlive/texmf-dist/tex/latex/graphics/keyval.sty
Package: keyval 2022/05/29 v1.15 key=value parser (DPC)
\KV@toks@=\toks17
))
(/usr/share/texlive/texmf-dist/tex/latex/tools/xspace.sty
Package: xspace 2014/10/28 v1.13 Space after command names (DPC,MH)
)
CVPR 8.5 x 11-Inch Proceedings Style `cvpr.sty'.
\@ctmp=\skip50
\@figindent=\skip51
\cvprrulerbox=\box51
\cvprrulercount=\count199
\cvprruleroffset=\dimen153
\cv@lineheight=\dimen154
\cv@boxheight=\dimen155
\cv@tmpbox=\box52
\cv@refno=\count266
\cv@tot=\count267
\cv@tmpc@=\count268
\cv@tmpc=\count269
) (/usr/share/texlive/texmf-dist/tex/latex/psnfss/times.sty
Package: times 2020/03/25 PSNFSS-v9.3 (SPQR) 
)
(/usr/share/texlive/texmf-dist/tex/latex/graphics/epsfig.sty
Package: epsfig 2017/06/25 v1.7b (e)psfig emulation (SPQR)

(/usr/share/texlive/texmf-dist/tex/latex/graphics/graphicx.sty
Package: graphicx 2021/09/16 v1.2d Enhanced LaTeX Graphics (DPC,SPQR)

(/usr/share/texlive/texmf-dist/tex/latex/graphics/graphics.sty
Package: graphics 2022/03/10 v1.4e Standard LaTeX Graphics (DPC,SPQR)

(/usr/share/texlive/texmf-dist/tex/latex/graphics/trig.sty
Package: trig 2021/08/11 v1.11 sin cos tan (DPC)
)
(/usr/share/texlive/texmf-dist/tex/latex/graphics-cfg/graphics.cfg
File: graphics.cfg 2016/06/04 v1.11 sample graphics configuration
)
Package graphics Info: Driver file: luatex.def on input line 107.

(/usr/share/texlive/texmf-dist/tex/latex/graphics-def/luatex.def
File: luatex.def 2022/09/22 v1.2d Graphics/color driver for luatex
))
\Gin@req@height=\dimen156
\Gin@req@width=\dimen157
)
\epsfxsize=\dimen158
\epsfysize=\dimen159
)
(/usr/share/texlive/texmf-dist/tex/latex/amsmath/amsmath.sty
Package: amsmath 2023/05/13 v2.17o AMS math features
\@mathmargin=\skip52

For additional information on amsmath, use the `?' option.
(/usr/share/texlive/texmf-dist/tex/latex/amsmath/amstext.sty
Package: amstext 2021/08/26 v2.01 AMS text

(/usr/share/texlive/texmf-dist/tex/latex/amsmath/amsgen.sty
File: amsgen.sty 1999/11/30 v2.0 generic functions
\@emptytoks=\toks18
\ex@=\dimen160
))
(/usr/share/texlive/texmf-dist/tex/latex/amsmath/amsbsy.sty
Package: amsbsy 1999/11/29 v1.2d Bold Symbols
\pmbraise@=\dimen161
)
(/usr/share/texlive/texmf-dist/tex/latex/amsmath/amsopn.sty
Package: amsopn 2022/04/08 v2.04 operator names
)
\inf@bad=\count270
LaTeX Info: Redefining \frac on input line 236.
\uproot@=\count271
\leftroot@=\count272
LaTeX Info: Redefining \overline on input line 399.
LaTeX Info: Redefining \colon on input line 410.
\classnum@=\count273
\DOTSCASE@=\count274
LaTeX Info: Redefining \ldots on input line 496.
LaTeX Info: Redefining \dots on input line 499.
LaTeX Info: Redefining \cdots on input line 620.
\Mathstrutbox@=\box53
\strutbox@=\box54
LaTeX Info: Redefining \big on input line 722.
LaTeX Info: Redefining \Big on input line 723.
LaTeX Info: Redefining \bigg on input line 724.
LaTeX Info: Redefining \Bigg on input line 725.
\big@size=\dimen162
LaTeX Font Info:    Redeclaring font encoding OML on input line 743.
LaTeX Font Info:    Redeclaring font encoding OMS on input line 744.
\macc@depth=\count275
LaTeX Info: Redefining \bmod on input line 905.
LaTeX Info: Redefining \pmod on input line 910.
LaTeX Info: Redefining \smash on input line 940.
LaTeX Info: Redefining \relbar on input line 970.
LaTeX Info: Redefining \Relbar on input line 971.
\c@MaxMatrixCols=\count276
\dotsspace@=\muskip16
\c@parentequation=\count277
\dspbrk@lvl=\count278
\tag@help=\toks19
\row@=\count279
\column@=\count280
\maxfields@=\count281
\andhelp@=\toks20
\eqnshift@=\dimen163
\alignsep@=\dimen164
\tagshift@=\dimen165
\tagwidth@=\dimen166
\totwidth@=\dimen167
\lineht@=\dimen168
\@envbody=\toks21
\multlinegap=\skip53
\multlinetaggap=\skip54
\mathdisplay@stack=\toks22
LaTeX Info: Redefining \[ on input line 2953.
LaTeX Info: Redefining \] on input line 2954.
)
(/usr/share/texlive/texmf-dist/tex/latex/amsfonts/amssymb.sty
Package: amssymb 2013/01/14 v3.01 AMS font symbols

(/usr/share/texlive/texmf-dist/tex/latex/amsfonts/amsfonts.sty
Package: amsfonts 2013/01/14 v3.01 Basic AMSFonts support
\symAMSa=\mathgroup4
\symAMSb=\mathgroup5
LaTeX Font Info:    Redeclaring math symbol \hbar on input line 98.
LaTeX Font Info:    Overwriting math alphabet `\mathfrak' in version `bold'
(Font)                  U/euf/m/n --> U/euf/b/n on input line 106.
))
(/usr/share/texlive/texmf-dist/tex/latex/hyperref/hyperref.sty
Package: hyperref 2024-01-20 v7.01h Hypertext links for LaTeX

(/usr/share/texlive/texmf-dist/tex/generic/iftex/iftex.sty
Package: iftex 2022/02/03 v1.0f TeX engine tests
)
(/usr/share/texlive/texmf-dist/tex/latex/kvsetkeys/kvsetkeys.sty
Package: kvsetkeys 2022-10-05 v1.19 Key value parser (HO)
)
(/usr/share/texlive/texmf-dist/tex/generic/kvdefinekeys/kvdefinekeys.sty
Package: kvdefinekeys 2019-12-19 v1.6 Define keys (HO)
)
(/usr/share/texlive/texmf-dist/tex/generic/pdfescape/pdfescape.sty
Package: pdfescape 2019/12/09 v1.15 Implements pdfTeX's escape features (HO)

(/usr/share/texlive/texmf-dist/tex/generic/ltxcmds/ltxcmds.sty
Package: ltxcmds 2023-12-04 v1.26 LaTeX kernel commands for general use (HO)
)
(/usr/share/texlive/texmf-dist/tex/generic/pdftexcmds/pdftexcmds.sty
Package: pdftexcmds 2020-06-27 v0.33 Utility functions of pdfTeX for LuaTeX (HO
)

(/usr/share/texlive/texmf-dist/tex/generic/infwarerr/infwarerr.sty
Package: infwarerr 2019/12/03 v1.5 Providing info/warning/error messages (HO)
)
Package pdftexcmds Info: \pdf@primitive is available.
Package pdftexcmds Info: \pdf@ifprimitive is available.
Package pdftexcmds Info: \pdfdraftmode found.
\pdftexcmds@toks=\toks23
))
(/usr/share/texlive/texmf-dist/tex/latex/hycolor/hycolor.sty
Package: hycolor 2020-01-27 v1.10 Color options for hyperref/bookmark (HO)
)
(/usr/share/texlive/texmf-dist/tex/latex/auxhook/auxhook.sty
Package: auxhook 2019-12-17 v1.6 Hooks for auxiliary files (HO)
)
(/usr/share/texlive/texmf-dist/tex/latex/hyperref/nameref.sty
Package: nameref 2023-11-26 v2.56 Cross-referencing by name of section

(/usr/share/texlive/texmf-dist/tex/latex/refcount/refcount.sty
Package: refcount 2019/12/15 v3.6 Data extraction from label references (HO)
)
(/usr/share/texlive/texmf-dist/tex/generic/gettitlestring/gettitlestring.sty
Package: gettitlestring 2019/12/15 v1.6 Cleanup title references (HO)

(/usr/share/texlive/texmf-dist/tex/latex/kvoptions/kvoptions.sty
Package: kvoptions 2022-06-15 v3.15 Key value format for package options (HO)
))
\c@section@level=\count282
)
(/usr/share/texlive/texmf-dist/tex/latex/etoolbox/etoolbox.sty
Package: etoolbox 2020/10/05 v2.5k e-TeX tools for LaTeX (JAW)
\etb@tempcnta=\count283
)
\@linkdim=\dimen169
\Hy@linkcounter=\count284
\Hy@pagecounter=\count285

(/usr/share/texlive/texmf-dist/tex/latex/hyperref/pd1enc.def
File: pd1enc.def 2024-01-20 v7.01h Hyperref: PDFDocEncoding definition (HO)
)
(/usr/share/texlive/texmf-dist/tex/generic/intcalc/intcalc.sty
Package: intcalc 2019/12/15 v1.3 Expandable calculations with integers (HO)
)
\Hy@SavedSpaceFactor=\count286

(/usr/share/texlive/texmf-dist/tex/latex/hyperref/puenc.def
File: puenc.def 2024-01-20 v7.01h Hyperref: PDF Unicode definition (HO)
)
Package hyperref Info: Option `breaklinks' set `true' on input line 4062.
Package hyperref Info: Option `bookmarks' set `false' on input line 4062.
Package hyperref Info: Hyper figures OFF on input line 4179.
Package hyperref Info: Link nesting OFF on input line 4184.
Package hyperref Info: Hyper index ON on input line 4187.
Package hyperref Info: Plain pages OFF on input line 4194.
Package hyperref Info: Backreferencing OFF on input line 4199.
Package hyperref Info: Implicit mode ON; LaTeX internals redefined.
Package hyperref Info: Bookmarks OFF on input line 4452.
\c@Hy@tempcnt=\count287

(/usr/share/texlive/texmf-dist/tex/latex/url/url.sty
\Urlmuskip=\muskip17
Package: url 2013/09/16  ver 3.4  Verb mode for urls, etc.
)
LaTeX Info: Redefining \url on input line 4784.
\XeTeXLinkMargin=\dimen170

(/usr/share/texlive/texmf-dist/tex/generic/bitset/bitset.sty
Package: bitset 2019/12/09 v1.3 Handle bit-vector datatype (HO)

(/usr/share/texlive/texmf-dist/tex/generic/bigintcalc/bigintcalc.sty
Package: bigintcalc 2019/12/15 v1.5 Expandable calculations on big integers (HO
)
))
\Fld@menulength=\count288
\Field@Width=\dimen171
\Fld@charsize=\dimen172
Package hyperref Info: Hyper figures OFF on input line 6063.
Package hyperref Info: Link nesting OFF on input line 6068.
Package hyperref Info: Hyper index ON on input line 6071.
Package hyperref Info: backreferencing OFF on input line 6078.
Package hyperref Info: Link coloring OFF on input line 6083.
Package hyperref Info: Link coloring with OCG OFF on input line 6088.
Package hyperref Info: PDF/A mode OFF on input line 6093.

(/usr/share/texlive/texmf-dist/tex/latex/base/atbegshi-ltx.sty
Package: atbegshi-ltx 2021/01/10 v1.0c Emulation of the original atbegshi
package with kernel methods
)
\Hy@abspage=\count289
\c@Item=\count290
\c@Hfootnote=\count291
)
Package hyperref Info: Driver (autodetected): hluatex.

(/usr/share/texlive/texmf-dist/tex/latex/hyperref/hluatex.def
File: hluatex.def 2024-01-20 v7.01h Hyperref driver for luaTeX

(/usr/share/texlive/texmf-dist/tex/generic/stringenc/stringenc.sty
Package: stringenc 2019/11/29 v1.12 Convert strings between diff. encodings (HO
)
)
(/usr/share/texlive/texmf-dist/tex/latex/base/atveryend-ltx.sty
Package: atveryend-ltx 2020/08/19 v1.0a Emulation of the original atveryend pac
kage
with kernel methods
)
\Fld@listcount=\count292
\c@bookmark@seq@number=\count293

(/usr/share/texlive/texmf-dist/tex/latex/rerunfilecheck/rerunfilecheck.sty
Package: rerunfilecheck 2022-07-10 v1.10 Rerun checks for auxiliary files (HO)

(/usr/share/texlive/texmf-dist/tex/generic/uniquecounter/uniquecounter.sty
Package: uniquecounter 2019/12/15 v1.4 Provide unlimited unique counter (HO)
)
Package uniquecounter Info: New unique counter `rerunfilecheck' on input line 2
85.
)
\Hy@SectionHShift=\skip55
)
LaTeX Font Info:    Trying to load font information for TU+ptm on input line 32
.
LaTeX Font Info:    No file TUptm.fd. on input line 32.


LaTeX Font Warning: Font shape `TU/ptm/m/n' undefined
(Font)              using `TU/lmr/m/n' instead on input line 32.

(/usr/share/texlive/texmf-dist/tex/latex/l3backend/l3backend-luatex.def
File: l3backend-luatex.def 2024-01-04 L3 backend support: PDF output (LuaTeX)
\l__color_backend_stack_int=\count294
Inserting `l3color' in `luaotfload.parse_color'.
\l__pdf_internal_box=\box55
)
(./2malay41.aux

LaTeX Warning: Label `fig:onecol' multiply defined.


LaTeX Warning: Label `fig:onecol' multiply defined.


LaTeX Warning: Label `fig:onecol' multiply defined.


LaTeX Warning: Label `fig:onecol' multiply defined.


LaTeX Warning: Label `fig:onecol' multiply defined.


LaTeX Warning: Label `fig:onecol' multiply defined.


LaTeX Warning: Label `fig:onecol' multiply defined.


LaTeX Warning: Label `fig:onecol' multiply defined.


LaTeX Warning: Label `fig:onecol' multiply defined.


LaTeX Warning: Label `fig:onecol' multiply defined.


LaTeX Warning: Label `fig:onecol' multiply defined.


LaTeX Warning: Label `fig:onecol' multiply defined.

)
\openout1 = 2malay41.aux

LaTeX Font Info:    Checking defaults for OML/cmm/m/it on input line 32.
LaTeX Font Info:    ... okay on input line 32.
LaTeX Font Info:    Checking defaults for OMS/cmsy/m/n on input line 32.
LaTeX Font Info:    ... okay on input line 32.
LaTeX Font Info:    Checking defaults for OT1/cmr/m/n on input line 32.
LaTeX Font Info:    ... okay on input line 32.
LaTeX Font Info:    Checking defaults for T1/cmr/m/n on input line 32.
LaTeX Font Info:    ... okay on input line 32.
LaTeX Font Info:    Checking defaults for TS1/cmr/m/n on input line 32.
LaTeX Font Info:    Trying to load font information for TS1+cmr on input line 3
2.
 (/usr/share/texlive/texmf-dist/tex/latex/base/ts1cmr.fd
File: ts1cmr.fd 2023/04/13 v2.5m Standard LaTeX font definitions
)
LaTeX Font Info:    ... okay on input line 32.
LaTeX Font Info:    Checking defaults for TU/lmr/m/n on input line 32.
LaTeX Font Info:    ... okay on input line 32.
LaTeX Font Info:    Checking defaults for OMX/cmex/m/n on input line 32.
LaTeX Font Info:    ... okay on input line 32.
LaTeX Font Info:    Checking defaults for U/cmr/m/n on input line 32.
LaTeX Font Info:    ... okay on input line 32.
LaTeX Font Info:    Checking defaults for PD1/pdf/m/n on input line 32.
LaTeX Font Info:    ... okay on input line 32.
LaTeX Font Info:    Checking defaults for PU/pdf/m/n on input line 32.
LaTeX Font Info:    ... okay on input line 32.

ABD: EveryShipout initializing macros
(/usr/share/texlive/texmf-dist/tex/latex/graphics/color.sty
Package: color 2022/01/06 v1.3d Standard LaTeX Color (DPC)

(/usr/share/texlive/texmf-dist/tex/latex/graphics-cfg/color.cfg
File: color.cfg 2016/01/02 v1.6 sample color configuration
)
Package color Info: Driver file: luatex.def on input line 149.

(/usr/share/texlive/texmf-dist/tex/latex/graphics/mathcolor.ltx))
(/usr/share/texlive/texmf-dist/tex/context/base/mkii/supp-pdf.mkii
[Loading MPS to PDF converter (version 2006.09.02).]
\scratchcounter=\count295
\scratchdimen=\dimen173
\scratchbox=\box56
\nofMPsegments=\count296
\nofMParguments=\count297
\everyMPshowfont=\toks24
\MPscratchCnt=\count298
\MPscratchDim=\dimen174
\MPnumerator=\count299
\makeMPintoPDFobject=\count300
\everyMPtoPDFconversion=\toks25
) (/usr/share/texlive/texmf-dist/tex/latex/epstopdf-pkg/epstopdf-base.sty
Package: epstopdf-base 2020-01-24 v2.11 Base part for package epstopdf
Package epstopdf-base Info: Redefining graphics rule for `.eps' on input line 4
85.

(/usr/share/texlive/texmf-dist/tex/latex/latexconfig/epstopdf-sys.cfg
File: epstopdf-sys.cfg 2010/07/13 v1.3 Configuration of (r)epstopdf for TeX Liv
e
))
Package hyperref Info: Link coloring OFF on input line 32.


LaTeX Font Warning: Font shape `TU/ptm/b/n' undefined
(Font)              using `TU/ptm/m/n' instead on input line 46.

LaTeX Font Info:    Trying to load font information for U+msa on input line 46.

(/usr/share/texlive/texmf-dist/tex/latex/amsfonts/umsa.fd
File: umsa.fd 2013/01/14 v3.01 AMS symbols A
)
LaTeX Font Info:    Trying to load font information for U+msb on input line 46.


(/usr/share/texlive/texmf-dist/tex/latex/amsfonts/umsb.fd
File: umsb.fd 2013/01/14 v3.01 AMS symbols B
)
LaTeX Font Info:    Trying to load font information for TU+pcr on input line 46
.
LaTeX Font Info:    No file TUpcr.fd. on input line 46.


LaTeX Font Warning: Font shape `TU/pcr/m/n' undefined
(Font)              using `TU/lmr/m/n' instead on input line 46.


LaTeX Font Warning: Font shape `TU/ptm/m/it' undefined
(Font)              using `TU/ptm/m/n' instead on input line 47.


Underfull \hbox (badness 1264) in paragraph at lines 48--49
\TU/ptm/m/n/10 sa-haja men-cadan-gkan ba-hawa Bumi per-nah men-
 []


Underfull \hbox (badness 1117) in paragraph at lines 56--57
\TU/ptm/m/n/10 habiskan selu-ruh hidup mereka mem-bina makam-
 []

<jarkov-mammoth.jpg, id=16, 1284.8pt x 856.19875pt>
File: jarkov-mammoth.jpg Graphic file (type jpg)
<use jarkov-mammoth.jpg>
Package luatex.def Info: jarkov-mammoth.jpg  used on input line 64.
(luatex.def)             Requested size: 237.13594pt x 158.02847pt.
[1{/var/lib/texmf/fonts/map/pdftex/updmap/pdftex.map}


<./jarkov-mammoth.jpg>]
<grand-canyon.jpg, id=49, 481.8pt x 321.2pt>
File: grand-canyon.jpg Graphic file (type jpg)
<use grand-canyon.jpg>
Package luatex.def Info: grand-canyon.jpg  used on input line 80.
(luatex.def)             Requested size: 237.13594pt x 158.09024pt.
<coconino.jpg, id=52, 923.45pt x 1123.19624pt>
File: coconino.jpg Graphic file (type jpg)
<use coconino.jpg>
Package luatex.def Info: coconino.jpg  used on input line 91.
(luatex.def)             Requested size: 237.13594pt x 288.42503pt.

Underfull \hbox (badness 1024) in paragraph at lines 93--93
[]\TU/ptm/m/n/9 Fig-ure 3. []Saiz lapisan Batu Pasir Co-conino di barat
 []

<Grand_Staircase-big.jpg, id=57, 1355.0625pt x 385.44pt>
File: Grand_Staircase-big.jpg Graphic file (type jpg)
<use Grand_Staircase-big.jpg>
Package luatex.def Info: Grand_Staircase-big.jpg  used on input line 103.
(luatex.def)             Requested size: 496.85625pt x 141.32843pt.
[2<./grand-canyon.jpg>]
Underfull \vbox (badness 10000) has occurred while \output is active []

<derinkuyu.jpeg, id=86, 1003.75pt x 648.4225pt>
File: derinkuyu.jpeg Graphic file (type jpg)
<use derinkuyu.jpeg>
Package luatex.def Info: derinkuyu.jpeg  used on input line 123.
(luatex.def)             Requested size: 237.13594pt x 153.19063pt.
<derinkuyu-air.jpg, id=91, 1927.2pt x 1445.4pt>
File: derinkuyu-air.jpg Graphic file (type jpg)
<use derinkuyu-air.jpg>
Package luatex.def Info: derinkuyu-air.jpg  used on input line 139.
(luatex.def)             Requested size: 237.13594pt x 177.85152pt.

Underfull \vbox (badness 10000) has occurred while \output is active []

 [3<./coconino.jpg>]
<muck-crop.jpeg, id=114, 969.6225pt x 637.38126pt>
File: muck-crop.jpeg Graphic file (type jpg)
<use muck-crop.jpeg>
Package luatex.def Info: muck-crop.jpeg  used on input line 158.
(luatex.def)             Requested size: 237.13594pt x 155.88258pt.
 [4<./Grand_Staircase-big.jpg><./derinkuyu.jpeg><./derinkuyu-air.jpg>]
<ww19.jpg, id=132, 955.57pt x 642.4pt>
File: ww19.jpg Graphic file (type jpg)
<use ww19.jpg>
Package luatex.def Info: ww19.jpg  used on input line 171.
(luatex.def)             Requested size: 237.13594pt x 159.41353pt.
<dolmen.jpg, id=138, 803.0pt x 504.88625pt>
File: dolmen.jpg Graphic file (type jpg)
<use dolmen.jpg>
Package luatex.def Info: dolmen.jpg  used on input line 186.
(luatex.def)             Requested size: 237.13594pt x 149.09422pt.

Underfull \hbox (badness 1024) in paragraph at lines 193--194
[]\TU/ptm/m/it/10 Ke-ti-adaan tinggalan manu-sia di dalam-nya juga
 []

[5<./muck-crop.jpeg><./ww19.jpg><./dolmen.jpg>]
<bottleneck.jpg, id=152, 657.45625pt x 1208.515pt>
File: bottleneck.jpg Graphic file (type jpg)
<use bottleneck.jpg>
Package luatex.def Info: bottleneck.jpg  used on input line 207.
(luatex.def)             Requested size: 237.13594pt x 435.89488pt.

Underfull \hbox (badness 1546) in paragraph at lines 216--217
\TU/ptm/m/it/10 (LDME), Tamat Per-mian (EPME), Tamat Tri-as-
 []


Underfull \hbox (badness 1448) in paragraph at lines 216--217
\TU/ptm/m/it/10 sic (ETME) dan Tamat Ka-pur (ECME) [[], []].
 []

<columbia.jpg, id=163, 687.56876pt x 444.66125pt>
File: columbia.jpg Graphic file (type jpg)
<use columbia.jpg>
Package luatex.def Info: columbia.jpg  used on input line 223.
(luatex.def)             Requested size: 237.13594pt x 153.354pt.
<zhangjiajie.jpg, id=171, 1204.5pt x 803.0pt>
File: zhangjiajie.jpg Graphic file (type jpg)
<use zhangjiajie.jpg>
Package luatex.def Info: zhangjiajie.jpg  used on input line 235.
(luatex.def)             Requested size: 237.13594pt x 158.08533pt.

Underfull \vbox (badness 6859) has occurred while \output is active []

 [6<./bottleneck.jpg>]
<hoy.jpg, id=196, 770.88pt x 433.62pt>
File: hoy.jpg Graphic file (type jpg)
<use hoy.jpg>
Package luatex.def Info: hoy.jpg  used on input line 245.
(luatex.def)             Requested size: 237.13594pt x 133.38863pt.

Underfull \hbox (badness 1502) in paragraph at lines 260--261
\TU/ptm/m/it/10 yang kuat [[], []]. Kro-nologi yang di-rekod-kan
 []


Underfull \hbox (badness 1286) in paragraph at lines 260--261
\TU/ptm/m/it/10 SM hingga 2000 SM. Yang pal-ing menarik ialah
 []

[7<./columbia.jpg><./zhangjiajie.jpg><./hoy.jpg>]
<jericho.jpg, id=245, 1082.0425pt x 1087.06125pt>
File: jericho.jpg Graphic file (type jpg)
<use jericho.jpg>
Package luatex.def Info: jericho.jpg  used on input line 266.
(luatex.def)             Requested size: 237.13594pt x 238.22533pt.

Underfull \hbox (badness 2213) in paragraph at lines 268--268
[]\TU/ptm/m/n/9 Fig-ure 14. []Pembinaan sem-ula arke-ologi penge-bu-mian
 []

[8<./jericho.jpg>] (./2malay41.bbl
Underfull \hbox (badness 7595) in paragraph at lines 101--105
[]\TU/ptm/m/it/9 GetY-our-Guide.  Canyon-ing in grand canyon.
 []


Underfull \hbox (badness 10000) in paragraph at lines 101--105
[]$\TU/ptm/m/it/9 https://www.getyourguide.com/grand-[]canyon-[]l489/
 []


Underfull \hbox (badness 10000) in paragraph at lines 132--137
[]\TU/ptm/m/it/9 Junho.  Ecdo kmls.  []$https://github.com/
 []


Underfull \hbox (badness 10000) in paragraph at lines 132--137
\TU/ptm/m/it/9 sovrynn/ecdo/tree/master/5-[]TOOLS-[]DEV/dev/
 []


Underfull \hbox (badness 3323) in paragraph at lines 139--144
[]\TU/ptm/m/it/9 Junho.  Mega-current rip-ples.  []$https://github.
 []


Underfull \hbox (badness 10000) in paragraph at lines 139--144
\TU/ptm/m/it/9 com/sovrynn/ecdo/tree/master/1-[]EVIDENCE/
 []


Underfull \hbox (badness 10000) in paragraph at lines 139--144
\TU/ptm/m/it/9 physical-[]material/water-[]flow-[]structures/
 []


Underfull \hbox (badness 2302) in paragraph at lines 146--149
[]\TU/ptm/m/it/9 Junho.  Ecdo github re-search repos-i-tory, 2024.
 []


Underfull \hbox (badness 2057) in paragraph at lines 163--169
\TU/ptm/m/it/9 son, M. Fin-layson, T. Gum-bricht, L. Hi-lar-ides,
 []


Underfull \hbox (badness 1009) in paragraph at lines 177--181
\TU/ptm/m/it/9 Chem-i-cal and ar-chae-o-log-i-cal ev-i-dence for the de-
 []


Underfull \hbox (badness 1735) in paragraph at lines 189--193
[]\TU/ptm/m/it/9 Na-tional Park Ser-vice.  Ge-ol-ogy - death val-ley
 []


Underfull \hbox (badness 2591) in paragraph at lines 189--193
\TU/ptm/m/it/9 na-tional park.  []$https://www.nps.gov/deva/learn/
 []

[9


]
Underfull \hbox (badness 10000) in paragraph at lines 218--225
\TU/ptm/m/it/9 2017/05/gli-[]archi-[]di-[]san-[]ciro-[]e-[]i-[]giganti-[]di.html
$[],
 []


Underfull \hbox (badness 3417) in paragraph at lines 218--225
\TU/ptm/m/it/9 May 2017.  An-no-tazioni di Rosanna Pel-ler-ito.
 []


Underfull \hbox (badness 10000) in paragraph at lines 277--282
\TU/ptm/m/it/9 https://theeth-i-calskep-tic.com/2024/05/23/master-
 []


Underfull \hbox (badness 10000) in paragraph at lines 277--282
\TU/ptm/m/it/9 exothermic-core-mantle-decoupling-dzhanibekov-
 []


Underfull \hbox (badness 4913) in paragraph at lines 372--375
[]\TU/ptm/m/it/9 Wikipedia.  Great pyra-mid of giza.  []$https:
 []


Underfull \hbox (badness 10000) in paragraph at lines 372--375
\TU/ptm/m/it/9 //en.wikipedia.org/wiki/Great_Pyramid_of_Giza#
 []


Underfull \hbox (badness 7256) in paragraph at lines 377--380
[]\TU/ptm/m/it/9 Wikipedia con-trib-u-tors.  Ex-tinc-tion event ---
 []


Underfull \hbox (badness 5316) in paragraph at lines 382--385
[]\TU/ptm/m/it/9 Wikipedia con-trib-u-tors.  4.2-kiloyear event ---
 []


Underfull \hbox (badness 5316) in paragraph at lines 387--390
[]\TU/ptm/m/it/9 Wikipedia con-trib-u-tors.  8.2-kiloyear event ---
 []


Underfull \hbox (badness 2334) in paragraph at lines 408--411
\TU/ptm/m/it/9 Free En-cy-clo-pe-dia, 2025.  [On-line; ac-cessed 9-
 []

[10]) [11

] (./2malay41.aux)
 ***********
LaTeX2e <2023-11-01> patch level 1
L3 programming layer <2024-01-22>
 ***********


LaTeX Font Warning: Some font shapes were not available, defaults substituted.


LaTeX Warning: There were multiply-defined labels.

)

Here is how much of LuaTeX's memory you used:
 10773 strings out of 476553
 125027,1977958 words of node,token memory allocated
 588 words of node memory still in use:
   6 hlist, 2 vlist, 2 rule, 2 glue, 4 kern, 1 glyph, 16 attribute, 54 glue_spec
, 16 attribute_list, 1 write, 9 pdf_action nodes
   avail lists: 2:914,3:660,4:166,5:789,6:79,7:12786,8:115,9:551,10:19,11:822
 32412 multiletter control sequences out of 65536+600000
 64 fonts using 4033159 bytes
 72i,9n,75p,2616b,525s stack positions out of 10000i,1000n,20000p,200000b,200000s
{/usr/share/texlive/texmf-dist/fonts/enc/dvips/base/8r.enc}</usr/share/texmf/fon
ts/opentype/public/lm/lmroman10-regular.otf></usr/share/texmf/fonts/opentype/pub
lic/lm/lmroman9-regular.otf></usr/share/texmf/fonts/opentype/public/lm/lmroman12
-regular.otf></usr/share/texlive/texmf-dist/fonts/type1/public/amsfonts/cm/cmr7.
pfb></usr/share/texlive/texmf-dist/fonts/type1/urw/times/utmb8a.pfb>
Output written on 2malay41.pdf (11 pages, 3112646 bytes).

PDF statistics: 355 PDF objects out of 1000 (max. 8388607)
 303 compressed objects within 4 object streams
 115 named destinations out of 1000 (max. 131072)
 1 words of extra memory for PDF output out of 10000 (max. 100000000)

