This is XeTeX, Version 3.141592653-2.6-0.999995 (TeX Live 2023/Debian) (preloaded format=xelatex 2025.6.27)  6 JUL 2025 03:03
entering extended mode
 restricted \write18 enabled.
 %&-line parsing enabled.
**2mongoliantranslated.tex
(./2mongoliantranslated.tex
LaTeX2e <2023-11-01> patch level 1
L3 programming layer <2024-01-22>
(/usr/share/texlive/texmf-dist/tex/latex/base/article.cls
Document Class: article 2023/05/17 v1.4n Standard LaTeX document class
(/usr/share/texlive/texmf-dist/tex/latex/base/size10.clo
File: size10.clo 2023/05/17 v1.4n Standard LaTeX file (size option)
)
\c@part=\count183
\c@section=\count184
\c@subsection=\count185
\c@subsubsection=\count186
\c@paragraph=\count187
\c@subparagraph=\count188
\c@figure=\count189
\c@table=\count190
\abovecaptionskip=\skip48
\belowcaptionskip=\skip49
\bibindent=\dimen140
)
(/usr/share/texlive/texmf-dist/tex/latex/booktabs/booktabs.sty
Package: booktabs 2020/01/12 v1.61803398 Publication quality tables
\heavyrulewidth=\dimen141
\lightrulewidth=\dimen142
\cmidrulewidth=\dimen143
\belowrulesep=\dimen144
\belowbottomsep=\dimen145
\aboverulesep=\dimen146
\abovetopsep=\dimen147
\cmidrulesep=\dimen148
\cmidrulekern=\dimen149
\defaultaddspace=\dimen150
\@cmidla=\count191
\@cmidlb=\count192
\@aboverulesep=\dimen151
\@belowrulesep=\dimen152
\@thisruleclass=\count193
\@lastruleclass=\count194
\@thisrulewidth=\dimen153
)
(/usr/share/texlive/texmf-dist/tex/latex/sttools/stfloats.sty
Package: stfloats 2017/03/27 v3.3 Improve float mechanism and baselineskip sett
ings
\@dblbotnum=\count195
\c@dblbotnumber=\count196
)
(/usr/share/texlive/texmf-dist/tex/latex/float/float.sty
Package: float 2001/11/08 v1.3d Float enhancements (AL)
\c@float@type=\count197
\float@exts=\toks17
\float@box=\box51
\@float@everytoks=\toks18
\@floatcapt=\box52
)
(/usr/share/texlive/texmf-dist/tex/latex/base/fontenc.sty
Package: fontenc 2021/04/29 v2.0v Standard LaTeX package
LaTeX Font Info:    Trying to load font information for T1+lmr on input line 11
2.

(/usr/share/texmf/tex/latex/lm/t1lmr.fd
File: t1lmr.fd 2015/05/01 v1.6.1 Font defs for Latin Modern
))
(/usr/share/texlive/texmf-dist/tex/latex/newunicodechar/newunicodechar.sty
Package: newunicodechar 2018/04/08 v1.2 Defining Unicode characters
)
(/usr/share/texlive/texmf-dist/tex/latex/graphics/graphicx.sty
Package: graphicx 2021/09/16 v1.2d Enhanced LaTeX Graphics (DPC,SPQR)

(/usr/share/texlive/texmf-dist/tex/latex/graphics/keyval.sty
Package: keyval 2022/05/29 v1.15 key=value parser (DPC)
\KV@toks@=\toks19
)
(/usr/share/texlive/texmf-dist/tex/latex/graphics/graphics.sty
Package: graphics 2022/03/10 v1.4e Standard LaTeX Graphics (DPC,SPQR)

(/usr/share/texlive/texmf-dist/tex/latex/graphics/trig.sty
Package: trig 2021/08/11 v1.11 sin cos tan (DPC)
)
(/usr/share/texlive/texmf-dist/tex/latex/graphics-cfg/graphics.cfg
File: graphics.cfg 2016/06/04 v1.11 sample graphics configuration
)
Package graphics Info: Driver file: xetex.def on input line 107.

(/usr/share/texlive/texmf-dist/tex/latex/graphics-def/xetex.def
File: xetex.def 2022/09/22 v5.0n Graphics/color driver for xetex
))
\Gin@req@height=\dimen154
\Gin@req@width=\dimen155
)
(/usr/share/texlive/texmf-dist/tex/latex/fontspec/fontspec.sty
(/usr/share/texlive/texmf-dist/tex/latex/l3packages/xparse/xparse.sty
(/usr/share/texlive/texmf-dist/tex/latex/l3kernel/expl3.sty
Package: expl3 2024-01-22 L3 programming layer (loader) 

(/usr/share/texlive/texmf-dist/tex/latex/l3backend/l3backend-xetex.def
File: l3backend-xetex.def 2024-01-04 L3 backend support: XeTeX
\g__graphics_track_int=\count198
\l__pdf_internal_box=\box53
\g__pdf_backend_object_int=\count199
\g__pdf_backend_annotation_int=\count266
\g__pdf_backend_link_int=\count267
))
Package: xparse 2023-10-10 L3 Experimental document command parser
)
Package: fontspec 2022/01/15 v2.8a Font selection for XeLaTeX and LuaLaTeX

(/usr/share/texlive/texmf-dist/tex/latex/fontspec/fontspec-xetex.sty
Package: fontspec-xetex 2022/01/15 v2.8a Font selection for XeLaTeX and LuaLaTe
X
\l__fontspec_script_int=\count268
\l__fontspec_language_int=\count269
\l__fontspec_strnum_int=\count270
\l__fontspec_tmp_int=\count271
\l__fontspec_tmpa_int=\count272
\l__fontspec_tmpb_int=\count273
\l__fontspec_tmpc_int=\count274
\l__fontspec_em_int=\count275
\l__fontspec_emdef_int=\count276
\l__fontspec_strong_int=\count277
\l__fontspec_strongdef_int=\count278
\l__fontspec_tmpa_dim=\dimen156
\l__fontspec_tmpb_dim=\dimen157
\l__fontspec_tmpc_dim=\dimen158

(/usr/share/texlive/texmf-dist/tex/latex/base/fontenc.sty
Package: fontenc 2021/04/29 v2.0v Standard LaTeX package
)
(/usr/share/texlive/texmf-dist/tex/latex/fontspec/fontspec.cfg)))
(/usr/share/texlive/texmf-dist/tex/xelatex/ucharclasses/ucharclasses.sty
Package: ucharclasses 2022/10/20 v2.6.0 Unicode block character classes for XeL
aTeX

(/usr/share/texlive/texmf-dist/tex/generic/iftex/ifxetex.sty
Package: ifxetex 2019/10/25 v0.7 ifxetex legacy package. Use iftex instead.

(/usr/share/texlive/texmf-dist/tex/generic/iftex/iftex.sty
Package: iftex 2022/02/03 v1.0f TeX engine tests
))
\AegeanNumbersClass=\XeTeXcharclass1
\AlphabeticPresentationFormsClass=\XeTeXcharclass2
\AncientGreekMusicalNotationClass=\XeTeXcharclass3
\AncientGreekNumbersClass=\XeTeXcharclass4
\AncientSymbolsClass=\XeTeXcharclass5
\ArabicClass=\XeTeXcharclass6
\ArabicPresentationFormsAClass=\XeTeXcharclass7
\ArabicPresentationFormsBClass=\XeTeXcharclass8
\ArabicSupplementClass=\XeTeXcharclass9
\ArmenianClass=\XeTeXcharclass10
\ArrowsClass=\XeTeXcharclass11
\BalineseClass=\XeTeXcharclass12
\BasicLatinClass=\XeTeXcharclass13
\BengaliClass=\XeTeXcharclass14
\BlockElementsClass=\XeTeXcharclass15
\BopomofoClass=\XeTeXcharclass16
\BopomofoExtendedClass=\XeTeXcharclass17
\BoxDrawingClass=\XeTeXcharclass18
\BraillePatternsClass=\XeTeXcharclass19
\BugineseClass=\XeTeXcharclass20
\BuhidClass=\XeTeXcharclass21
\ByzantineMusicalSymbolsClass=\XeTeXcharclass22
\ChamClass=\XeTeXcharclass23
\CherokeeClass=\XeTeXcharclass24
\CJKCompatibilityClass=\XeTeXcharclass25
\CJKCompatibilityFormsClass=\XeTeXcharclass26
\CJKCompatibilityIdeographsClass=\XeTeXcharclass27
\CJKCompatibilityIdeographsSupplementClass=\XeTeXcharclass28
\CJKRadicalsSupplementClass=\XeTeXcharclass29
\CJKStrokesClass=\XeTeXcharclass30
\CJKSymbolsAndPunctuationClass=\XeTeXcharclass31
\CJKUnifiedIdeographsClass=\XeTeXcharclass32
\CJKUnifiedIdeographsExtensionAClass=\XeTeXcharclass33
\CJKUnifiedIdeographsExtensionBClass=\XeTeXcharclass34
\CombiningDiacriticalMarksClass=\XeTeXcharclass35
\CombiningDiacriticalMarksForSymbolsClass=\XeTeXcharclass36
\CombiningDiacriticalMarksSupplementClass=\XeTeXcharclass37
\CombiningHalfMarksClass=\XeTeXcharclass38
\ControlPicturesClass=\XeTeXcharclass39
\CopticClass=\XeTeXcharclass40
\CountingRodNumeralsClass=\XeTeXcharclass41
\CuneiformClass=\XeTeXcharclass42
\CuneiformNumbersAndPunctuationClass=\XeTeXcharclass43
\CurrencySymbolsClass=\XeTeXcharclass44
\CypriotSyllabaryClass=\XeTeXcharclass45
\CyrillicClass=\XeTeXcharclass46
\CyrillicExtendedAClass=\XeTeXcharclass47
\CyrillicExtendedBClass=\XeTeXcharclass48
\CyrillicSupplementClass=\XeTeXcharclass49
\DeseretClass=\XeTeXcharclass50
\DevanagariDanDaClass=\XeTeXcharclass51
\DevanagariMarksClass=\XeTeXcharclass52
\DevanagariPostDanDaClass=\XeTeXcharclass53
\DevanagariPostMarksClass=\XeTeXcharclass54
\DevanagariPreMarksClass=\XeTeXcharclass55
\DingbatsClass=\XeTeXcharclass56
\DominoTilesClass=\XeTeXcharclass57
\EnclosedAlphanumericsClass=\XeTeXcharclass58
\EnclosedCJKLettersAndMonthsClass=\XeTeXcharclass59
\EthiopicClass=\XeTeXcharclass60
\EthiopicExtendedClass=\XeTeXcharclass61
\EthiopicSupplementClass=\XeTeXcharclass62
\GeneralPunctuationClass=\XeTeXcharclass63
\GeometricShapesClass=\XeTeXcharclass64
\GeorgianClass=\XeTeXcharclass65
\GeorgianSupplementClass=\XeTeXcharclass66
\GlagoliticClass=\XeTeXcharclass67
\GreekAndCopticClass=\XeTeXcharclass68
\GreekExtendedClass=\XeTeXcharclass69
\GujaratiClass=\XeTeXcharclass70
\GurmukhiClass=\XeTeXcharclass71
\HalfwidthAndFullwidthFormsClass=\XeTeXcharclass72
\HangulCompatibilityJamoClass=\XeTeXcharclass73
\HangulJamoClass=\XeTeXcharclass74
\HangulSyllablesClass=\XeTeXcharclass75
\HanunooClass=\XeTeXcharclass76
\HebrewClass=\XeTeXcharclass77
\HiraganaClass=\XeTeXcharclass78
\IdeographicDescriptionCharactersClass=\XeTeXcharclass79
\IPAExtensionsClass=\XeTeXcharclass80
\KanbunClass=\XeTeXcharclass81
\KangxiRadicalsClass=\XeTeXcharclass82
\KannadaClass=\XeTeXcharclass83
\KatakanaClass=\XeTeXcharclass84
\KatakanaPhoneticExtensionsClass=\XeTeXcharclass85
\KayahLiClass=\XeTeXcharclass86
\KhmerClass=\XeTeXcharclass87
\KhmerSymbolsClass=\XeTeXcharclass88
\LaoClass=\XeTeXcharclass89
\LatinExtendedAdditionalClass=\XeTeXcharclass90
\LatinExtendedAClass=\XeTeXcharclass91
\LatinExtendedBClass=\XeTeXcharclass92
\LatinExtendedCClass=\XeTeXcharclass93
\LatinExtendedDClass=\XeTeXcharclass94
\LatinSupplementClass=\XeTeXcharclass95
\LepchaClass=\XeTeXcharclass96
\LetterlikeSymbolsClass=\XeTeXcharclass97
\LimbuClass=\XeTeXcharclass98
\LinearBIdeogramsClass=\XeTeXcharclass99
\LinearBSyllabaryClass=\XeTeXcharclass100
\MahjongTilesClass=\XeTeXcharclass101
\MalayalamClass=\XeTeXcharclass102
\MathematicalAlphanumericSymbolsClass=\XeTeXcharclass103
\MathematicalOperatorsClass=\XeTeXcharclass104
\MiscellaneousMathematicalSymbolsAClass=\XeTeXcharclass105
\MiscellaneousMathematicalSymbolsBClass=\XeTeXcharclass106
\MiscellaneousSymbolsClass=\XeTeXcharclass107
\MiscellaneousSymbolsAndArrowsClass=\XeTeXcharclass108
\MiscellaneousTechnicalClass=\XeTeXcharclass109
\ModifierToneLettersClass=\XeTeXcharclass110
\MongolianClass=\XeTeXcharclass111
\MusicalSymbolsClass=\XeTeXcharclass112
\MyanmarClass=\XeTeXcharclass113
\NewTaiLueClass=\XeTeXcharclass114
\NKoClass=\XeTeXcharclass115
\NumberFormsClass=\XeTeXcharclass116
\OghamClass=\XeTeXcharclass117
\OlChikiClass=\XeTeXcharclass118
\OldPersianClass=\XeTeXcharclass119
\OpticalCharacterRecognitionClass=\XeTeXcharclass120
\OriyaClass=\XeTeXcharclass121
\OsmanyaClass=\XeTeXcharclass122
\PhagsPaClass=\XeTeXcharclass123
\PhoenicianClass=\XeTeXcharclass124
\PhoneticExtensionsClass=\XeTeXcharclass125
\PhoneticExtensionsSupplementClass=\XeTeXcharclass126
\PrivateUseAreaClass=\XeTeXcharclass127
\RejangClass=\XeTeXcharclass128
\RunicClass=\XeTeXcharclass129
\SaurashtraClass=\XeTeXcharclass130
\ShavianClass=\XeTeXcharclass131
\SinhalaClass=\XeTeXcharclass132
\SmallFormVariantsClass=\XeTeXcharclass133
\SpacingModifierLettersClass=\XeTeXcharclass134
\SundaneseClass=\XeTeXcharclass135
\SuperscriptsAndSubscriptsClass=\XeTeXcharclass136
\SupplementalArrowsAClass=\XeTeXcharclass137
\SupplementalArrowsBClass=\XeTeXcharclass138
\SupplementalMathematicalOperatorsClass=\XeTeXcharclass139
\SupplementalPunctuationClass=\XeTeXcharclass140
\SylotiNagriClass=\XeTeXcharclass141
\SyriacClass=\XeTeXcharclass142
\TagalogClass=\XeTeXcharclass143
\TagbanwaClass=\XeTeXcharclass144
\TagsClass=\XeTeXcharclass145
\TaiLeClass=\XeTeXcharclass146
\TaiXuanJingSymbolsClass=\XeTeXcharclass147
\TamilClass=\XeTeXcharclass148
\TeluguClass=\XeTeXcharclass149
\ThaanaClass=\XeTeXcharclass150
\ThaiClass=\XeTeXcharclass151
\TibetanClass=\XeTeXcharclass152
\TifinaghClass=\XeTeXcharclass153
\UgariticClass=\XeTeXcharclass154
\UnifiedCanadianAboriginalSyllabicsClass=\XeTeXcharclass155
\VaiClass=\XeTeXcharclass156
\VerticalFormsClass=\XeTeXcharclass157
\YiRadicalsClass=\XeTeXcharclass158
\YiSyllablesClass=\XeTeXcharclass159
\YijingHexagramSymbolsClass=\XeTeXcharclass160
\AvestanClass=\XeTeXcharclass161
\BamumClass=\XeTeXcharclass162
\CJKUnifiedIdeographsExtensionCClass=\XeTeXcharclass163
\CommonIndicNumberFormsClass=\XeTeXcharclass164
\DevanagariExtendedClass=\XeTeXcharclass165
\EgyptianHieroglyphsClass=\XeTeXcharclass166
\EnclosedAlphanumericSupplementClass=\XeTeXcharclass167
\EnclosedIdeographicSupplementClass=\XeTeXcharclass168
\HangulJamoExtendedAClass=\XeTeXcharclass169
\HangulJamoExtendedBClass=\XeTeXcharclass170
\ImperialAramaicClass=\XeTeXcharclass171
\InscriptionalPahlaviClass=\XeTeXcharclass172
\InscriptionalParthianClass=\XeTeXcharclass173
\JavaneseClass=\XeTeXcharclass174
\KaithiClass=\XeTeXcharclass175
\LisuClass=\XeTeXcharclass176
\MeeteiMayekClass=\XeTeXcharclass177
\MyanmarExtendedAClass=\XeTeXcharclass178
\RumiNumeralSymbolsClass=\XeTeXcharclass179
\SamaritanClass=\XeTeXcharclass180
\TaiThamClass=\XeTeXcharclass181
\TaiVietClass=\XeTeXcharclass182
\UnifiedCanadianAboriginalSyllabicsExtendedClass=\XeTeXcharclass183
\VedicExtensionsClass=\XeTeXcharclass184
\AlchemicalSymbolsClass=\XeTeXcharclass185
\BamumSupplementClass=\XeTeXcharclass186
\BatakClass=\XeTeXcharclass187
\BrahmiClass=\XeTeXcharclass188
\CJKUnifiedIdeographsExtensionDClass=\XeTeXcharclass189
\EmoticonsClass=\XeTeXcharclass190
\EthiopicExtendedAClass=\XeTeXcharclass191
\KanaSupplementClass=\XeTeXcharclass192
\MandaicClass=\XeTeXcharclass193
\MiscellaneousSymbolsAndPictographsClass=\XeTeXcharclass194
\PlayingCardsClass=\XeTeXcharclass195
\TransportAndMapSymbolsClass=\XeTeXcharclass196
\ArabicExtendedAClass=\XeTeXcharclass197
\ArabicMathematicalAlphabeticSymbolsClass=\XeTeXcharclass198
\ChakmaClass=\XeTeXcharclass199
\MeeteiMayekExtensionsClass=\XeTeXcharclass200
\MeroiticCursiveClass=\XeTeXcharclass201
\MeroiticHieroglyphsClass=\XeTeXcharclass202
\MiaoClass=\XeTeXcharclass203
\SharadaClass=\XeTeXcharclass204
\SoraSompengClass=\XeTeXcharclass205
\SundaneseSupplementClass=\XeTeXcharclass206
\TakriClass=\XeTeXcharclass207
\BassaVahClass=\XeTeXcharclass208
\CaucasianAlbanianClass=\XeTeXcharclass209
\CombiningDiacriticalMarksExtendedClass=\XeTeXcharclass210
\CopticEpactNumbersClass=\XeTeXcharclass211
\ElbasanClass=\XeTeXcharclass212
\GeometricShapesExtendedClass=\XeTeXcharclass213
\GranthaClass=\XeTeXcharclass214
\KhojkiClass=\XeTeXcharclass215
\KhudawadiClass=\XeTeXcharclass216
\LatinExtendedEClass=\XeTeXcharclass217
\LinearAClass=\XeTeXcharclass218
\MahajaniClass=\XeTeXcharclass219
\MendeKikakuiClass=\XeTeXcharclass220
\ModiClass=\XeTeXcharclass221
\MroClass=\XeTeXcharclass222
\MyanmarExtendedBClass=\XeTeXcharclass223
\OrnamentalDingbatsClass=\XeTeXcharclass224
\PahawhHmongClass=\XeTeXcharclass225
\PauCinHauClass=\XeTeXcharclass226
\SiddhamClass=\XeTeXcharclass227
\SinhalaArchaicNumbersClass=\XeTeXcharclass228
\SupplementalArrowsCClass=\XeTeXcharclass229
\TirhutaClass=\XeTeXcharclass230
\WarangCitiClass=\XeTeXcharclass231
\CherokeeSupplementClass=\XeTeXcharclass232
\CJKUnifiedIdeographsExtensionEClass=\XeTeXcharclass233
\SupplementalSymbolsAndPictographsClass=\XeTeXcharclass234
\CyrillicExtendedCClass=\XeTeXcharclass235
\GlagoliticSupplementClass=\XeTeXcharclass236
\IdeographicSymbolsAndPunctuationClass=\XeTeXcharclass237
\MongolianSupplementClass=\XeTeXcharclass238
\CJKUnifiedIdeographsExtensionFClass=\XeTeXcharclass239
\KanaExtendedAClass=\XeTeXcharclass240
\SyriacSupplementClass=\XeTeXcharclass241
\GeorgianExtendedClass=\XeTeXcharclass242
\SmallKanaExtensionClass=\XeTeXcharclass243
\SymbolsAndPictographsExtendedAClass=\XeTeXcharclass244
\CJKUnifiedIdeographsExtensionGClass=\XeTeXcharclass245
\ArabicExtendedBClass=\XeTeXcharclass246
\EthiopicExtendedBClass=\XeTeXcharclass247
\KanaExtendedBClass=\XeTeXcharclass248
\LatinExtendedFClass=\XeTeXcharclass249
\LatinExtendedGClass=\XeTeXcharclass250
\UnifiedCanadianAboriginalSyllabicsExtendedAClass=\XeTeXcharclass251
\ArabicExtendedCClass=\XeTeXcharclass252
\CJKUnifiedIdeographsExtensionHClass=\XeTeXcharclass253
\CyrillicExtendedDClass=\XeTeXcharclass254
\DevanagariExtendedAClass=\XeTeXcharclass255
\CarianClass=\XeTeXcharclass256
\GothicClass=\XeTeXcharclass257
\KharoshthiClass=\XeTeXcharclass258
\LycianClass=\XeTeXcharclass259
\LydianClass=\XeTeXcharclass260
\OldItalicClass=\XeTeXcharclass261
\PhaistosDiscClass=\XeTeXcharclass262
\SupplementaryPrivateUseAreaAClass=\XeTeXcharclass263
\SupplementaryPrivateUseAreaBClass=\XeTeXcharclass264
\OldSouthArabianClass=\XeTeXcharclass265
\OldTurkicClass=\XeTeXcharclass266
\DuployanClass=\XeTeXcharclass267
\ManichaeanClass=\XeTeXcharclass268
\NabataeanClass=\XeTeXcharclass269
\OldNorthArabianClass=\XeTeXcharclass270
\OldPermicClass=\XeTeXcharclass271
\PalmyreneClass=\XeTeXcharclass272
\PsalterPahlaviClass=\XeTeXcharclass273
\ShorthandFormatControlsClass=\XeTeXcharclass274
\AhomClass=\XeTeXcharclass275
\AnatolianHieroglyphsClass=\XeTeXcharclass276
\EarlyDynasticCuneiformClass=\XeTeXcharclass277
\HatranClass=\XeTeXcharclass278
\MultaniClass=\XeTeXcharclass279
\OldHungarianClass=\XeTeXcharclass280
\SuttonSignWritingClass=\XeTeXcharclass281
\AdlamClass=\XeTeXcharclass282
\BhaiksukiClass=\XeTeXcharclass283
\MarchenClass=\XeTeXcharclass284
\NewaClass=\XeTeXcharclass285
\OsageClass=\XeTeXcharclass286
\TangutClass=\XeTeXcharclass287
\TangutComponentsClass=\XeTeXcharclass288
\MasaramGondiClass=\XeTeXcharclass289
\NushuClass=\XeTeXcharclass290
\SoyomboClass=\XeTeXcharclass291
\ZanabazarSquareClass=\XeTeXcharclass292
\ChessSymbolsClass=\XeTeXcharclass293
\DograClass=\XeTeXcharclass294
\GunjalaGondiClass=\XeTeXcharclass295
\HanifiRohingyaClass=\XeTeXcharclass296
\IndicSiyaqNumbersClass=\XeTeXcharclass297
\MakasarClass=\XeTeXcharclass298
\MayanNumeralsClass=\XeTeXcharclass299
\MedefaidrinClass=\XeTeXcharclass300
\OldSogdianClass=\XeTeXcharclass301
\SogdianClass=\XeTeXcharclass302
\EgyptianHieroglyphFormatControlsClass=\XeTeXcharclass303
\ElymaicClass=\XeTeXcharclass304
\NandinagariClass=\XeTeXcharclass305
\NyiakengPuachueHmongClass=\XeTeXcharclass306
\OttomanSiyaqNumbersClass=\XeTeXcharclass307
\TamilSupplementClass=\XeTeXcharclass308
\WanchoClass=\XeTeXcharclass309
\ChorasmianClass=\XeTeXcharclass310
\DivesAkuruClass=\XeTeXcharclass311
\KhitanSmallScriptClass=\XeTeXcharclass312
\LisuSupplementClass=\XeTeXcharclass313
\SymbolsForLegacyComputingClass=\XeTeXcharclass314
\TangutSupplementClass=\XeTeXcharclass315
\YezidiClass=\XeTeXcharclass316
\CyproMinoanClass=\XeTeXcharclass317
\OldUighurClass=\XeTeXcharclass318
\TangsaClass=\XeTeXcharclass319
\TotoClass=\XeTeXcharclass320
\VithkuqiClass=\XeTeXcharclass321
\ZnamennyMusicalNotationClass=\XeTeXcharclass322
\KaktovikNumeralsClass=\XeTeXcharclass323
\KawiClass=\XeTeXcharclass324
\NagMundariClass=\XeTeXcharclass325
)

Package fontspec Info: Font family 'LatinModernRoman(0)' created for font
(fontspec)             'Latin Modern Roman' with options [].
(fontspec)              
(fontspec)              This font family consists of the following NFSS
(fontspec)             series/shapes:
(fontspec)              
(fontspec)             - 'normal' (m/n) with NFSS spec.: <->"Latin Modern
(fontspec)             Roman/OT:script=latn;language=dflt;"
(fontspec)             - 'small caps'  (m/sc) with NFSS spec.: 
(fontspec)             - 'bold' (b/n) with NFSS spec.: <->"Latin Modern
(fontspec)             Roman/B/OT:script=latn;language=dflt;"
(fontspec)             - 'bold small caps'  (b/sc) with NFSS spec.: 
(fontspec)             - 'italic' (m/it) with NFSS spec.: <->"Latin Modern
(fontspec)             Roman/I/OT:script=latn;language=dflt;"
(fontspec)             - 'italic small caps'  (m/scit) with NFSS spec.: 
(fontspec)             - 'bold italic' (b/it) with NFSS spec.: <->"Latin
(fontspec)             Modern Roman/BI/OT:script=latn;language=dflt;"
(fontspec)             - 'bold italic small caps'  (b/scit) with NFSS spec.: 



Package fontspec Warning: Font "Noto Serif" does not contain requested Script
(fontspec)                "Mongolian".


Package fontspec Info: Font family 'NotoSerif(0)' created for font 'Noto
(fontspec)             Serif' with options [Script=Mongolian].
(fontspec)              
(fontspec)              This font family consists of the following NFSS
(fontspec)             series/shapes:
(fontspec)              
(fontspec)             - 'normal' (m/n) with NFSS spec.: <->"Noto
(fontspec)             Serif/OT:script=latn;language=dflt;"
(fontspec)             - 'small caps'  (m/sc) with NFSS spec.: <->"Noto
(fontspec)             Serif/OT:script=latn;language=dflt;+smcp;"
(fontspec)             - 'bold' (b/n) with NFSS spec.: <->"Noto
(fontspec)             Serif/B/OT:script=latn;language=dflt;"
(fontspec)             - 'bold small caps'  (b/sc) with NFSS spec.: <->"Noto
(fontspec)             Serif/B/OT:script=latn;language=dflt;+smcp;"
(fontspec)             - 'italic' (m/it) with NFSS spec.: <->"Noto
(fontspec)             Serif/I/OT:script=latn;language=dflt;"
(fontspec)             - 'italic small caps'  (m/scit) with NFSS spec.:
(fontspec)             <->"Noto Serif/I/OT:script=latn;language=dflt;+smcp;"
(fontspec)             - 'bold italic' (b/it) with NFSS spec.: <->"Noto
(fontspec)             Serif/BI/OT:script=latn;language=dflt;"
(fontspec)             - 'bold italic small caps'  (b/scit) with NFSS spec.:
(fontspec)             <->"Noto Serif/BI/OT:script=latn;language=dflt;+smcp;"


Package fontspec Info: Font family 'NotoSerif(1)' created for font 'Noto
(fontspec)             Serif' with options [Script=Cyrillic].
(fontspec)              
(fontspec)              This font family consists of the following NFSS
(fontspec)             series/shapes:
(fontspec)              
(fontspec)             - 'normal' (m/n) with NFSS spec.: <->"Noto
(fontspec)             Serif/OT:script=cyrl;language=dflt;"
(fontspec)             - 'small caps'  (m/sc) with NFSS spec.: <->"Noto
(fontspec)             Serif/OT:script=cyrl;language=dflt;+smcp;"
(fontspec)             - 'bold' (b/n) with NFSS spec.: <->"Noto
(fontspec)             Serif/B/OT:script=cyrl;language=dflt;"
(fontspec)             - 'bold small caps'  (b/sc) with NFSS spec.: <->"Noto
(fontspec)             Serif/B/OT:script=cyrl;language=dflt;+smcp;"
(fontspec)             - 'italic' (m/it) with NFSS spec.: <->"Noto
(fontspec)             Serif/I/OT:script=cyrl;language=dflt;"
(fontspec)             - 'italic small caps'  (m/scit) with NFSS spec.:
(fontspec)             <->"Noto Serif/I/OT:script=cyrl;language=dflt;+smcp;"
(fontspec)             - 'bold italic' (b/it) with NFSS spec.: <->"Noto
(fontspec)             Serif/BI/OT:script=cyrl;language=dflt;"
(fontspec)             - 'bold italic small caps'  (b/scit) with NFSS spec.:
(fontspec)             <->"Noto Serif/BI/OT:script=cyrl;language=dflt;+smcp;"

(./cvpr.sty (./eso-pic.sty
Package: eso-pic 2002/11/16 v1.1b eso-pic (RN)
 (./cvpr_eso.sty

LaTeX Warning: You have requested package `eso-pic',
               but the package provides `everyshi'.

Package: everyshi 2001/05/15 v3.00 EveryShipout Package (MS)
)) (/usr/share/texlive/texmf-dist/tex/latex/tools/xspace.sty
Package: xspace 2014/10/28 v1.13 Space after command names (DPC,MH)
)
CVPR 8.5 x 11-Inch Proceedings Style `cvpr.sty'.
\@ctmp=\skip50
\@figindent=\skip51
\cvprrulerbox=\box54
\cvprrulercount=\count279
\cvprruleroffset=\dimen159
\cv@lineheight=\dimen160
\cv@boxheight=\dimen161
\cv@tmpbox=\box55
\cv@refno=\count280
\cv@tot=\count281
\cv@tmpc@=\count282
\cv@tmpc=\count283
) (/usr/share/texlive/texmf-dist/tex/latex/psnfss/times.sty
Package: times 2020/03/25 PSNFSS-v9.3 (SPQR) 
)
(/usr/share/texlive/texmf-dist/tex/latex/graphics/epsfig.sty
Package: epsfig 2017/06/25 v1.7b (e)psfig emulation (SPQR)
\epsfxsize=\dimen162
\epsfysize=\dimen163
)
(/usr/share/texlive/texmf-dist/tex/latex/amsmath/amsmath.sty
Package: amsmath 2023/05/13 v2.17o AMS math features
\@mathmargin=\skip52

For additional information on amsmath, use the `?' option.
(/usr/share/texlive/texmf-dist/tex/latex/amsmath/amstext.sty
Package: amstext 2021/08/26 v2.01 AMS text

(/usr/share/texlive/texmf-dist/tex/latex/amsmath/amsgen.sty
File: amsgen.sty 1999/11/30 v2.0 generic functions
\@emptytoks=\toks20
\ex@=\dimen164
))
(/usr/share/texlive/texmf-dist/tex/latex/amsmath/amsbsy.sty
Package: amsbsy 1999/11/29 v1.2d Bold Symbols
\pmbraise@=\dimen165
)
(/usr/share/texlive/texmf-dist/tex/latex/amsmath/amsopn.sty
Package: amsopn 2022/04/08 v2.04 operator names
)
\inf@bad=\count284
LaTeX Info: Redefining \frac on input line 234.
\uproot@=\count285
\leftroot@=\count286
LaTeX Info: Redefining \overline on input line 399.
LaTeX Info: Redefining \colon on input line 410.
\classnum@=\count287
\DOTSCASE@=\count288
LaTeX Info: Redefining \ldots on input line 496.
LaTeX Info: Redefining \dots on input line 499.
LaTeX Info: Redefining \cdots on input line 620.
\Mathstrutbox@=\box56
\strutbox@=\box57
LaTeX Info: Redefining \big on input line 722.
LaTeX Info: Redefining \Big on input line 723.
LaTeX Info: Redefining \bigg on input line 724.
LaTeX Info: Redefining \Bigg on input line 725.
\big@size=\dimen166
LaTeX Font Info:    Redeclaring font encoding OML on input line 743.
LaTeX Font Info:    Redeclaring font encoding OMS on input line 744.
\macc@depth=\count289
LaTeX Info: Redefining \bmod on input line 905.
LaTeX Info: Redefining \pmod on input line 910.
LaTeX Info: Redefining \smash on input line 940.
LaTeX Info: Redefining \relbar on input line 970.
LaTeX Info: Redefining \Relbar on input line 971.
\c@MaxMatrixCols=\count290
\dotsspace@=\muskip16
\c@parentequation=\count291
\dspbrk@lvl=\count292
\tag@help=\toks21
\row@=\count293
\column@=\count294
\maxfields@=\count295
\andhelp@=\toks22
\eqnshift@=\dimen167
\alignsep@=\dimen168
\tagshift@=\dimen169
\tagwidth@=\dimen170
\totwidth@=\dimen171
\lineht@=\dimen172
\@envbody=\toks23
\multlinegap=\skip53
\multlinetaggap=\skip54
\mathdisplay@stack=\toks24
LaTeX Info: Redefining \[ on input line 2953.
LaTeX Info: Redefining \] on input line 2954.
)
(/usr/share/texlive/texmf-dist/tex/latex/amsfonts/amssymb.sty
Package: amssymb 2013/01/14 v3.01 AMS font symbols

(/usr/share/texlive/texmf-dist/tex/latex/amsfonts/amsfonts.sty
Package: amsfonts 2013/01/14 v3.01 Basic AMSFonts support
\symAMSa=\mathgroup4
\symAMSb=\mathgroup5
LaTeX Font Info:    Redeclaring math symbol \hbar on input line 98.
LaTeX Font Info:    Overwriting math alphabet `\mathfrak' in version `bold'
(Font)                  U/euf/m/n --> U/euf/b/n on input line 106.
))
(/usr/share/texlive/texmf-dist/tex/latex/hyperref/hyperref.sty
Package: hyperref 2024-01-20 v7.01h Hypertext links for LaTeX

(/usr/share/texlive/texmf-dist/tex/latex/kvsetkeys/kvsetkeys.sty
Package: kvsetkeys 2022-10-05 v1.19 Key value parser (HO)
)
(/usr/share/texlive/texmf-dist/tex/generic/kvdefinekeys/kvdefinekeys.sty
Package: kvdefinekeys 2019-12-19 v1.6 Define keys (HO)
)
(/usr/share/texlive/texmf-dist/tex/generic/pdfescape/pdfescape.sty
Package: pdfescape 2019/12/09 v1.15 Implements pdfTeX's escape features (HO)

(/usr/share/texlive/texmf-dist/tex/generic/ltxcmds/ltxcmds.sty
Package: ltxcmds 2023-12-04 v1.26 LaTeX kernel commands for general use (HO)
)
(/usr/share/texlive/texmf-dist/tex/generic/pdftexcmds/pdftexcmds.sty
Package: pdftexcmds 2020-06-27 v0.33 Utility functions of pdfTeX for LuaTeX (HO
)

(/usr/share/texlive/texmf-dist/tex/generic/infwarerr/infwarerr.sty
Package: infwarerr 2019/12/03 v1.5 Providing info/warning/error messages (HO)
)
Package pdftexcmds Info: \pdf@primitive is available.
Package pdftexcmds Info: \pdf@ifprimitive is available.
Package pdftexcmds Info: \pdfdraftmode not found.
))
(/usr/share/texlive/texmf-dist/tex/latex/hycolor/hycolor.sty
Package: hycolor 2020-01-27 v1.10 Color options for hyperref/bookmark (HO)
)
(/usr/share/texlive/texmf-dist/tex/latex/auxhook/auxhook.sty
Package: auxhook 2019-12-17 v1.6 Hooks for auxiliary files (HO)
)
(/usr/share/texlive/texmf-dist/tex/latex/hyperref/nameref.sty
Package: nameref 2023-11-26 v2.56 Cross-referencing by name of section

(/usr/share/texlive/texmf-dist/tex/latex/refcount/refcount.sty
Package: refcount 2019/12/15 v3.6 Data extraction from label references (HO)
)
(/usr/share/texlive/texmf-dist/tex/generic/gettitlestring/gettitlestring.sty
Package: gettitlestring 2019/12/15 v1.6 Cleanup title references (HO)

(/usr/share/texlive/texmf-dist/tex/latex/kvoptions/kvoptions.sty
Package: kvoptions 2022-06-15 v3.15 Key value format for package options (HO)
))
\c@section@level=\count296
)
(/usr/share/texlive/texmf-dist/tex/latex/etoolbox/etoolbox.sty
Package: etoolbox 2020/10/05 v2.5k e-TeX tools for LaTeX (JAW)
\etb@tempcnta=\count297
)
\@linkdim=\dimen173
\Hy@linkcounter=\count298
\Hy@pagecounter=\count299

(/usr/share/texlive/texmf-dist/tex/latex/hyperref/pd1enc.def
File: pd1enc.def 2024-01-20 v7.01h Hyperref: PDFDocEncoding definition (HO)
)
(/usr/share/texlive/texmf-dist/tex/generic/intcalc/intcalc.sty
Package: intcalc 2019/12/15 v1.3 Expandable calculations with integers (HO)
)
\Hy@SavedSpaceFactor=\count300

(/usr/share/texlive/texmf-dist/tex/latex/hyperref/puenc.def
File: puenc.def 2024-01-20 v7.01h Hyperref: PDF Unicode definition (HO)
)
Package hyperref Info: Option `breaklinks' set `true' on input line 4062.
Package hyperref Info: Option `bookmarks' set `false' on input line 4062.
Package hyperref Info: Hyper figures OFF on input line 4179.
Package hyperref Info: Link nesting OFF on input line 4184.
Package hyperref Info: Hyper index ON on input line 4187.
Package hyperref Info: Plain pages OFF on input line 4194.
Package hyperref Info: Backreferencing OFF on input line 4199.
Package hyperref Info: Implicit mode ON; LaTeX internals redefined.
Package hyperref Info: Bookmarks OFF on input line 4452.
\c@Hy@tempcnt=\count301

(/usr/share/texlive/texmf-dist/tex/latex/url/url.sty
\Urlmuskip=\muskip17
Package: url 2013/09/16  ver 3.4  Verb mode for urls, etc.
)
LaTeX Info: Redefining \url on input line 4784.
\XeTeXLinkMargin=\dimen174

(/usr/share/texlive/texmf-dist/tex/generic/bitset/bitset.sty
Package: bitset 2019/12/09 v1.3 Handle bit-vector datatype (HO)

(/usr/share/texlive/texmf-dist/tex/generic/bigintcalc/bigintcalc.sty
Package: bigintcalc 2019/12/15 v1.5 Expandable calculations on big integers (HO
)
))
\Fld@menulength=\count302
\Field@Width=\dimen175
\Fld@charsize=\dimen176
Package hyperref Info: Hyper figures OFF on input line 6063.
Package hyperref Info: Link nesting OFF on input line 6068.
Package hyperref Info: Hyper index ON on input line 6071.
Package hyperref Info: backreferencing OFF on input line 6078.
Package hyperref Info: Link coloring OFF on input line 6083.
Package hyperref Info: Link coloring with OCG OFF on input line 6088.
Package hyperref Info: PDF/A mode OFF on input line 6093.

(/usr/share/texlive/texmf-dist/tex/latex/base/atbegshi-ltx.sty
Package: atbegshi-ltx 2021/01/10 v1.0c Emulation of the original atbegshi
package with kernel methods
)
\Hy@abspage=\count303
\c@Item=\count304
\c@Hfootnote=\count305
)
Package hyperref Info: Driver (autodetected): hxetex.

(/usr/share/texlive/texmf-dist/tex/latex/hyperref/hxetex.def
File: hxetex.def 2024-01-20 v7.01h Hyperref driver for XeTeX

(/usr/share/texlive/texmf-dist/tex/generic/stringenc/stringenc.sty
Package: stringenc 2019/11/29 v1.12 Convert strings between diff. encodings (HO
)
)
\pdfm@box=\box58
\c@Hy@AnnotLevel=\count306
\HyField@AnnotCount=\count307
\Fld@listcount=\count308
\c@bookmark@seq@number=\count309

(/usr/share/texlive/texmf-dist/tex/latex/rerunfilecheck/rerunfilecheck.sty
Package: rerunfilecheck 2022-07-10 v1.10 Rerun checks for auxiliary files (HO)

(/usr/share/texlive/texmf-dist/tex/latex/base/atveryend-ltx.sty
Package: atveryend-ltx 2020/08/19 v1.0a Emulation of the original atveryend pac
kage
with kernel methods
)
(/usr/share/texlive/texmf-dist/tex/generic/uniquecounter/uniquecounter.sty
Package: uniquecounter 2019/12/15 v1.4 Provide unlimited unique counter (HO)
)
Package uniquecounter Info: New unique counter `rerunfilecheck' on input line 2
85.
)
\Hy@SectionHShift=\skip55
)
LaTeX Font Info:    Trying to load font information for TU+ptm on input line 99
.
LaTeX Font Info:    No file TUptm.fd. on input line 99.


LaTeX Font Warning: Font shape `TU/ptm/m/n' undefined
(Font)              using `TU/lmr/m/n' instead on input line 99.

(./2mongoliantranslated.aux

LaTeX Warning: Label `fig:onecol' multiply defined.


LaTeX Warning: Label `fig:onecol' multiply defined.


LaTeX Warning: Label `fig:onecol' multiply defined.


LaTeX Warning: Label `fig:onecol' multiply defined.


LaTeX Warning: Label `fig:onecol' multiply defined.


LaTeX Warning: Label `fig:onecol' multiply defined.


LaTeX Warning: Label `fig:onecol' multiply defined.


LaTeX Warning: Label `fig:onecol' multiply defined.


LaTeX Warning: Label `fig:onecol' multiply defined.


LaTeX Warning: Label `fig:onecol' multiply defined.


LaTeX Warning: Label `fig:onecol' multiply defined.


LaTeX Warning: Label `fig:onecol' multiply defined.

)
\openout1 = `2mongoliantranslated.aux'.

LaTeX Font Info:    Checking defaults for OML/cmm/m/it on input line 99.
LaTeX Font Info:    ... okay on input line 99.
LaTeX Font Info:    Checking defaults for OMS/cmsy/m/n on input line 99.
LaTeX Font Info:    ... okay on input line 99.
LaTeX Font Info:    Checking defaults for OT1/cmr/m/n on input line 99.
LaTeX Font Info:    ... okay on input line 99.
LaTeX Font Info:    Checking defaults for T1/cmr/m/n on input line 99.
LaTeX Font Info:    ... okay on input line 99.
LaTeX Font Info:    Checking defaults for TS1/cmr/m/n on input line 99.
LaTeX Font Info:    Trying to load font information for TS1+cmr on input line 9
9.
 (/usr/share/texlive/texmf-dist/tex/latex/base/ts1cmr.fd
File: ts1cmr.fd 2023/04/13 v2.5m Standard LaTeX font definitions
)
LaTeX Font Info:    ... okay on input line 99.
LaTeX Font Info:    Checking defaults for TU/lmr/m/n on input line 99.
LaTeX Font Info:    ... okay on input line 99.
LaTeX Font Info:    Checking defaults for OMX/cmex/m/n on input line 99.
LaTeX Font Info:    ... okay on input line 99.
LaTeX Font Info:    Checking defaults for U/cmr/m/n on input line 99.
LaTeX Font Info:    ... okay on input line 99.
LaTeX Font Info:    Checking defaults for PD1/pdf/m/n on input line 99.
LaTeX Font Info:    ... okay on input line 99.
LaTeX Font Info:    Checking defaults for PU/pdf/m/n on input line 99.
LaTeX Font Info:    ... okay on input line 99.

Package fontspec Info: Adjusting the maths setup (use [no-math] to avoid
(fontspec)             this).

\symlegacymaths=\mathgroup6
LaTeX Font Info:    Overwriting symbol font `legacymaths' in version `bold'
(Font)                  OT1/cmr/m/n --> OT1/cmr/bx/n on input line 99.
LaTeX Font Info:    Redeclaring math accent \acute on input line 99.
LaTeX Font Info:    Redeclaring math accent \grave on input line 99.
LaTeX Font Info:    Redeclaring math accent \ddot on input line 99.
LaTeX Font Info:    Redeclaring math accent \tilde on input line 99.
LaTeX Font Info:    Redeclaring math accent \bar on input line 99.
LaTeX Font Info:    Redeclaring math accent \breve on input line 99.
LaTeX Font Info:    Redeclaring math accent \check on input line 99.
LaTeX Font Info:    Redeclaring math accent \hat on input line 99.
LaTeX Font Info:    Redeclaring math accent \dot on input line 99.
LaTeX Font Info:    Redeclaring math accent \mathring on input line 99.
LaTeX Font Info:    Redeclaring math symbol \Gamma on input line 99.
LaTeX Font Info:    Redeclaring math symbol \Delta on input line 99.
LaTeX Font Info:    Redeclaring math symbol \Theta on input line 99.
LaTeX Font Info:    Redeclaring math symbol \Lambda on input line 99.
LaTeX Font Info:    Redeclaring math symbol \Xi on input line 99.
LaTeX Font Info:    Redeclaring math symbol \Pi on input line 99.
LaTeX Font Info:    Redeclaring math symbol \Sigma on input line 99.
LaTeX Font Info:    Redeclaring math symbol \Upsilon on input line 99.
LaTeX Font Info:    Redeclaring math symbol \Phi on input line 99.
LaTeX Font Info:    Redeclaring math symbol \Psi on input line 99.
LaTeX Font Info:    Redeclaring math symbol \Omega on input line 99.
LaTeX Font Info:    Redeclaring math symbol \mathdollar on input line 99.
LaTeX Font Info:    Redeclaring symbol font `operators' on input line 99.
LaTeX Font Info:    Encoding `OT1' has changed to `TU' for symbol font
(Font)              `operators' in the math version `normal' on input line 99.
LaTeX Font Info:    Overwriting symbol font `operators' in version `normal'
(Font)                  OT1/cmr/m/n --> TU/ptm/m/n on input line 99.
LaTeX Font Info:    Encoding `OT1' has changed to `TU' for symbol font
(Font)              `operators' in the math version `bold' on input line 99.
LaTeX Font Info:    Overwriting symbol font `operators' in version `bold'
(Font)                  OT1/cmr/bx/n --> TU/ptm/m/n on input line 99.
LaTeX Font Info:    Overwriting symbol font `operators' in version `normal'
(Font)                  TU/ptm/m/n --> TU/ptm/m/n on input line 99.
LaTeX Font Info:    Overwriting math alphabet `\mathit' in version `normal'
(Font)                  OT1/cmr/m/it --> TU/ptm/m/it on input line 99.
LaTeX Font Info:    Overwriting math alphabet `\mathbf' in version `normal'
(Font)                  OT1/cmr/bx/n --> TU/ptm/b/n on input line 99.
LaTeX Font Info:    Overwriting math alphabet `\mathsf' in version `normal'
(Font)                  OT1/cmss/m/n --> TU/phv/m/n on input line 99.
LaTeX Font Info:    Overwriting math alphabet `\mathtt' in version `normal'
(Font)                  OT1/cmtt/m/n --> TU/pcr/m/n on input line 99.
LaTeX Font Info:    Overwriting symbol font `operators' in version `bold'
(Font)                  TU/ptm/m/n --> TU/ptm/b/n on input line 99.
LaTeX Font Info:    Overwriting math alphabet `\mathit' in version `bold'
(Font)                  OT1/cmr/bx/it --> TU/ptm/b/it on input line 99.
LaTeX Font Info:    Overwriting math alphabet `\mathsf' in version `bold'
(Font)                  OT1/cmss/bx/n --> TU/phv/b/n on input line 99.
LaTeX Font Info:    Overwriting math alphabet `\mathtt' in version `bold'
(Font)                  OT1/cmtt/m/n --> TU/pcr/b/n on input line 99.

ABD: EveryShipout initializing macros
(/usr/share/texlive/texmf-dist/tex/latex/graphics/color.sty
Package: color 2022/01/06 v1.3d Standard LaTeX Color (DPC)

(/usr/share/texlive/texmf-dist/tex/latex/graphics-cfg/color.cfg
File: color.cfg 2016/01/02 v1.6 sample color configuration
)
Package color Info: Driver file: xetex.def on input line 149.

(/usr/share/texlive/texmf-dist/tex/latex/graphics/mathcolor.ltx))
Package hyperref Info: Link coloring OFF on input line 99.


LaTeX Font Warning: Font shape `TU/ptm/b/n' undefined
(Font)              using `TU/ptm/m/n' instead on input line 113.

LaTeX Font Info:    Trying to load font information for U+msa on input line 113
.
(/usr/share/texlive/texmf-dist/tex/latex/amsfonts/umsa.fd
File: umsa.fd 2013/01/14 v3.01 AMS symbols A
)
LaTeX Font Info:    Trying to load font information for U+msb on input line 113
.

(/usr/share/texlive/texmf-dist/tex/latex/amsfonts/umsb.fd
File: umsb.fd 2013/01/14 v3.01 AMS symbols B
)
LaTeX Font Info:    Trying to load font information for TU+pcr on input line 11
3.
LaTeX Font Info:    No file TUpcr.fd. on input line 113.


LaTeX Font Warning: Font shape `TU/pcr/m/n' undefined
(Font)              using `TU/lmr/m/n' instead on input line 113.


LaTeX Font Warning: Font shape `TU/ptm/m/it' undefined
(Font)              using `TU/ptm/m/n' instead on input line 114.


Underfull \hbox (badness 10000) in paragraph at lines 115--116
[]\TU/LatinModernRoman(0)/m/it/10 2024 \TU/NotoSerif(1)/m/it/10 оны тавдугаар с
ард \TU/LatinModernRoman(0)/m/it/10 “\TU/NotoSerif(1)/m/it/10 Ёс зүйт
 []


Underfull \hbox (badness 10000) in paragraph at lines 115--116
\TU/NotoSerif(1)/m/it/10 сонирхогч\TU/LatinModernRoman(0)/m/it/10 ” \TU/NotoSer
if(1)/m/it/10 хэмээх нууц нэртэй онлайн
 []


Underfull \hbox (badness 4967) in paragraph at lines 115--116
\TU/LatinModernRoman(0)/m/it/10 [[]] \TU/NotoSerif(1)/m/it/10 хэмээх хувьсгалт 
онолыг нийтэлсэн\TU/LatinModernRoman(0)/m/it/10 .
 []


Underfull \hbox (badness 3492) in paragraph at lines 115--116
\TU/NotoSerif(1)/m/it/10 Энэхүү онолд дэлхий өмнө нь эргэлтийн
 []


Underfull \hbox (badness 5359) in paragraph at lines 115--116
\TU/NotoSerif(1)/m/it/10 тэнхлэгийн огцом\TU/LatinModernRoman(0)/m/it/10 , \TU/
NotoSerif(1)/m/it/10 сүйрлийн шилжилтэд
 []


Underfull \hbox (badness 6575) in paragraph at lines 115--116
\TU/NotoSerif(1)/m/it/10 орж\TU/LatinModernRoman(0)/m/it/10 , \TU/NotoSerif(1)/
m/it/10 эргэлтийн инерцийн улмаас далай
 []


Underfull \hbox (badness 2951) in paragraph at lines 115--116
\TU/NotoSerif(1)/m/it/10 шалтгаант процессыг санал болгож буй\TU/LatinModernRom
an(0)/m/it/10 .
 []


Underfull \hbox (badness 4792) in paragraph at lines 115--116
\TU/NotoSerif(1)/m/it/10 таамаглал шинэ зүйл биш ч\TU/LatinModernRoman(0)/m/it/
10 , \TU/NotoSerif(1)/m/it/10 шинжлэх
 []


Underfull \hbox (badness 10000) in paragraph at lines 115--116
\TU/NotoSerif(1)/m/it/10 тулгуурласан\TU/LatinModernRoman(0)/m/it/10 , \TU/Noto
Serif(1)/m/it/10 өгөгдөлд суурилсан арга
 []


Underfull \hbox (badness 10000) in paragraph at lines 115--116
\TU/NotoSerif(1)/m/it/10 барилтай \TU/LatinModernRoman(0)/m/it/10 ECDO \TU/Noto
Serif(1)/m/it/10 онол нь өөрийн гэсэн
 []


Underfull \hbox (badness 1057) in paragraph at lines 117--118
[]\TU/NotoSerif(1)/m/it/10 Энэхүү судалгааны өгүүлэл нь сүүлийн \TU/LatinModern
Roman(0)/m/it/10 6
 []


Underfull \hbox (badness 3189) in paragraph at lines 117--118
\TU/NotoSerif(1)/m/it/10 бүрдэх товч тайлангийн хоёр дахь хэсэг
 []


Underfull \hbox (badness 10000) in paragraph at lines 117--118
\TU/NotoSerif(1)/m/it/10 түүхэнд тохиолдсон онцгой үзэгдлүүдээс
 []


Underfull \hbox (badness 1371) in paragraph at lines 123--124
\TU/NotoSerif(1)/m/n/10 геологийн тогтоц хэдэн сая жилийн турш
 []


Underfull \hbox (badness 3019) in paragraph at lines 123--124
\TU/LatinModernRoman(0)/m/n/10 [[]]; 150 \TU/NotoSerif(1)/m/n/10 үеийн өмнөх ма
най өвөг дээдэс
 []


Underfull \hbox (badness 1308) in paragraph at lines 123--124
\TU/NotoSerif(1)/m/n/10 хүн төрөлхтөн \TU/LatinModernRoman(0)/m/n/10 300,000 \T
U/NotoSerif(1)/m/n/10 жилийн настай гэж
 []


Underfull \hbox (badness 2020) in paragraph at lines 123--124
\TU/NotoSerif(1)/m/n/10 үздэг хэдий ч\TU/LatinModernRoman(0)/m/n/10 , \TU/NotoS
erif(1)/m/n/10 бичигдсэн түүх\TU/LatinModernRoman(0)/m/n/10 , \TU/NotoSerif(1)/
m/n/10 иргэншил
 []


Underfull \hbox (badness 7869) in paragraph at lines 123--124
\TU/NotoSerif(1)/m/n/10 ердөө \TU/LatinModernRoman(0)/m/n/10 5,000 \TU/NotoSeri
f(1)/m/n/10 жил буюу \TU/LatinModernRoman(0)/m/n/10 150 \TU/NotoSerif(1)/m/n/10
 хүний үе л
 []


Underfull \vbox (badness 10000) has occurred while \output is active []


Underfull \hbox (badness 4595) in paragraph at lines 125--126
[]\TU/NotoSerif(1)/m/n/10 Дараа нь авч үзэх эдгээр хачирхалтай
 []


Underfull \hbox (badness 10000) in paragraph at lines 125--126
\TU/NotoSerif(1)/m/n/10 үзэгдлүүдийг гамшгийн шинж чанартай
 []

File: jarkov-mammoth.jpg Graphic file (type bmp)
<jarkov-mammoth.jpg>

Underfull \hbox (badness 6204) in paragraph at lines 134--134
\TU/NotoSerif(1)/m/n/9 мөстэй шаварт бүрэн хадгалагдсан Сибирийн
 []


Underfull \hbox (badness 10000) in paragraph at lines 139--140
[]\TU/NotoSerif(1)/m/n/10 Ийм төрлийн гаж үзэгдлийн нэг нь
 []


Underfull \hbox (badness 10000) in paragraph at lines 139--140
\TU/NotoSerif(1)/m/n/10 Арктикийн бүс нутагт ихэвчлэн олддог
 []


Underfull \hbox (badness 4024) in paragraph at lines 139--140
\TU/NotoSerif(1)/m/n/10 булагдсан байдлаар илэрсэн бөгөөд хэдэн
 []


Underfull \hbox (badness 8189) in paragraph at lines 139--140
\TU/NotoSerif(1)/m/n/10 мянган жилийн дараа ч мах нь идэж
 []


Underfull \hbox (badness 5548) in paragraph at lines 139--140
\TU/NotoSerif(1)/m/n/10 нь нэн гайхалтай бөгөөд энэхүү амьтан
 []


Underfull \hbox (badness 10000) in paragraph at lines 139--140
\TU/NotoSerif(1)/m/n/10 үхэхээсээ өмнөхөн цэцэглэсэн ургамлаар
 []


Underfull \hbox (badness 3826) in paragraph at lines 139--140
\TU/NotoSerif(1)/m/n/10 идэш тэжээл хийж байхад хэрхэн ингэж
 []


Underfull \hbox (badness 2856) in paragraph at lines 139--140
\TU/NotoSerif(1)/m/it/10 юм\TU/LatinModernRoman(0)/m/it/10 . \TU/NotoSerif(1)/m
/it/10 Амьтан тун гэнэтээр нас барсан
 []


Underfull \hbox (badness 2772) in paragraph at lines 139--140
\TU/NotoSerif(1)/m/it/10 тул амандаа хүртэл өвс\TU/LatinModernRoman(0)/m/it/10 
, \TU/NotoSerif(1)/m/it/10 цэцгээр дүүрэн
 []


Underfull \hbox (badness 1515) in paragraph at lines 139--140
\TU/NotoSerif(1)/m/it/10 зүйл орон нутгаас нь хэдэн милийн зайд
 []


Underfull \hbox (badness 2384) in paragraph at lines 139--140
\TU/NotoSerif(1)/m/it/10 нэг хөл нь хугарснаар олдсон энэ аварга
 []


Underfull \hbox (badness 3439) in paragraph at lines 139--140
\TU/NotoSerif(1)/m/it/10 том амьтан өвдөг дээрээ сөхөрч\TU/LatinModernRoman(0)/
m/it/10 , \TU/NotoSerif(1)/m/it/10 дараа
 []


Underfull \hbox (badness 3302) in paragraph at lines 139--140
\TU/NotoSerif(1)/m/it/10 нь жилийн хамгийн халуун үеэр хөлдөж
 []


Underfull \hbox (badness 10000) in paragraph at lines 139--140
\TU/NotoSerif(1)/m/it/10 амьтны ходоодны дотоод хана хүртэл
 []


Underfull \hbox (badness 1292) in paragraph at lines 139--140
\TU/NotoSerif(1)/m/it/10 тэмдэглэсэн нь\TU/LatinModernRoman(0)/m/it/10 , \TU/No
toSerif(1)/m/it/10 амьтны биеийн дулааныг
 []


Underfull \hbox (badness 10000) in paragraph at lines 139--140
\TU/NotoSerif(1)/m/it/10 Америкийн Хөлдүү Хүнсний Институтэд
 []


Underfull \hbox (badness 1776) in paragraph at lines 139--140
\TU/NotoSerif(1)/m/it/10 тавьсан\TU/LatinModernRoman(0)/m/it/10 : \TU/NotoSerif
(1)/m/it/10 Бүхэл бүтэн мамонтын биеийн
 []


Underfull \hbox (badness 2269) in paragraph at lines 139--140
\TU/NotoSerif(1)/m/it/10 дотоод хананд хүртэл талст бий болж\TU/LatinModernRoma
n(0)/m/it/10 ,
 []


Underfull \hbox (badness 7907) in paragraph at lines 139--140
\TU/NotoSerif(1)/m/it/10 махны бүтцийг эвдэхгүй байхаар цэвдэг
 []


Underfull \hbox (badness 1389) in paragraph at lines 139--140
\TU/NotoSerif(1)/m/it/10 ийм том амьтны сэгийн дулааныг тийм
 []


Underfull \hbox (badness 10000) in paragraph at lines 139--140
\TU/NotoSerif(1)/m/it/10 хурдан буулгаж\TU/LatinModernRoman(0)/m/it/10 , \TU/No
toSerif(1)/m/it/10 маханд их хэмжээний
 []

[1


]
Underfull \hbox (badness 10000) in paragraph at lines 143--144
[]\TU/NotoSerif(1)/m/n/10 Их Хөндий\TU/LatinModernRoman(0)/m/n/10 , \TU/NotoSer
if(1)/m/n/10 Хойд Америкийн баруун
 []


Underfull \hbox (badness 3735) in paragraph at lines 143--144
\TU/NotoSerif(1)/m/n/10 өмнөд хэсгийн Их сав газрын нэг хэсэг\TU/LatinModernRom
an(0)/m/n/10 ,
 []


Underfull \hbox (badness 2359) in paragraph at lines 143--144
\TU/NotoSerif(1)/m/n/10 сүйрлийн гарал үүсэлтэй байж болох бас
 []


Underfull \hbox (badness 10000) in paragraph at lines 143--144
\TU/NotoSerif(1)/m/n/10 нэгэн байгалийн үзэгдэл юм \TU/LatinModernRoman(0)/m/n/
10 (\TU/NotoSerif(1)/m/n/10 Зураг []\TU/LatinModernRoman(0)/m/n/10 2[]).
 []


Underfull \hbox (badness 10000) in paragraph at lines 143--144
\TU/NotoSerif(1)/m/n/10 Юуны түрүүнд\TU/LatinModernRoman(0)/m/n/10 , \TU/NotoSe
rif(1)/m/n/10 Их Хөндийг бүрдүүлдэг
 []


Underfull \hbox (badness 1117) in paragraph at lines 143--144
\TU/NotoSerif(1)/m/n/10 тунамал элс\TU/LatinModernRoman(0)/m/n/10 , \TU/NotoSer
if(1)/m/n/10 шохойн давхаргууд маш том
 []


Underfull \hbox (badness 4454) in paragraph at lines 143--144
\TU/LatinModernRoman(0)/m/n/10 2.4 \TU/NotoSerif(1)/m/n/10 сая км$[]$ талбайд т
архсан байдаг \TU/LatinModernRoman(0)/m/n/10 [[]].
 []


Underfull \hbox (badness 1178) in paragraph at lines 143--144
\TU/NotoSerif(1)/m/n/10 Зураг []\TU/LatinModernRoman(0)/m/n/10 3[] \TU/NotoSeri
f(1)/m/n/10 нь АНУ\TU/LatinModernRoman(0)/m/n/10 -\TU/NotoSerif(1)/m/n/10 ын ба
руун хэсэгт байрлах
 []


Underfull \hbox (badness 2856) in paragraph at lines 143--144
\TU/NotoSerif(1)/m/n/10 Кокононийн элс чулуун давхаргын хүрээг
 []

File: grand-canyon.jpg Graphic file (type bmp)
<grand-canyon.jpg>
File: coconino.jpg Graphic file (type bmp)
<coconino.jpg>

Underfull \hbox (badness 3281) in paragraph at lines 166--167
\TU/NotoSerif(1)/m/n/10 хүчнүүд зэрэгцэн үйлчилж байсныг харж
 []


Underfull \hbox (badness 3690) in paragraph at lines 166--167
\TU/NotoSerif(1)/m/n/10 болно\TU/LatinModernRoman(0)/m/n/10 . \TU/NotoSerif(1)/
m/n/10 Үүнийг ойлгохын тулд Хөндийн
 []


Underfull \hbox (badness 1286) in paragraph at lines 166--167
\TU/NotoSerif(1)/m/n/10 зарим хэсэгт элсэн үеүд нугаларсан болон
 []


Underfull \hbox (badness 5359) in paragraph at lines 166--167
\TU/NotoSerif(1)/m/n/10 ил гарсан байдлыг анхааралтай ажиглах
 []


Underfull \hbox (badness 10000) in paragraph at lines 166--167
\TU/LatinModernRoman(0)/m/n/10 [[]] \TU/NotoSerif(1)/m/n/10 эдгээр нугалааснууд
ын заримын\TU/LatinModernRoman(0)/m/n/10 ,
 []


Underfull \hbox (badness 5490) in paragraph at lines 166--167
\TU/NotoSerif(1)/m/n/10 жишээ нь \TU/LatinModernRoman(0)/m/n/10 Monument Fold-\
TU/NotoSerif(1)/m/n/10 ийн чулуулгийн
 []


Underfull \hbox (badness 10000) in paragraph at lines 166--167
\TU/NotoSerif(1)/m/n/10 дээжийг микроскопоор шинжилж\TU/LatinModernRoman(0)/m/n
/10 , \TU/NotoSerif(1)/m/n/10 хэрэв
 []


Underfull \hbox (badness 6775) in paragraph at lines 166--167
\TU/NotoSerif(1)/m/n/10 уг нугалааснууд удаан хугацаанд халуун
 []


Underfull \hbox (badness 5245) in paragraph at lines 166--167
\TU/NotoSerif(1)/m/n/10 ба даралтын нөлөөгөөр үүссэн бол байх
 []


Underfull \hbox (badness 10000) in paragraph at lines 166--167
\TU/NotoSerif(1)/m/n/10 байх үедээ тектоник хүчний нөлөөгөөр
 []

File: Grand_Staircase-big.jpg Graphic file (type bmp)
<Grand_Staircase-big.jpg>

Underfull \hbox (badness 5064) in paragraph at lines 178--179
[]\TU/NotoSerif(1)/m/n/10 Өргөн хүрээнд авч үзвэл\TU/LatinModernRoman(0)/m/n/10
 , \TU/NotoSerif(1)/m/n/10 Их хавцлыг
 []


Underfull \hbox (badness 2343) in paragraph at lines 178--179
\TU/NotoSerif(1)/m/n/10 бүрдүүлж буй давхаргууд зөвхөн хавцлын
 []


Underfull \hbox (badness 10000) in paragraph at lines 178--179
\TU/NotoSerif(1)/m/n/10 доторх нумарсан бүрхүүл төдийхнөөр
 []


Underfull \hbox (badness 4595) in paragraph at lines 178--179
\TU/NotoSerif(1)/m/n/10 хязгаарлагдаагүй байна\TU/LatinModernRoman(0)/m/n/10 . 
\TU/NotoSerif(1)/m/n/10 Энэ давхаргууд
 []


Underfull \hbox (badness 10000) in paragraph at lines 178--179
\TU/NotoSerif(1)/m/n/10 нэгэн зэрэг эвхэгдсэн байж болзошгүйг
 []


Underfull \hbox (badness 1253) in paragraph at lines 178--179
\TU/LatinModernRoman(0)/m/n/10 1700 \TU/NotoSerif(1)/m/n/10 метр байдаг\TU/Lati
nModernRoman(0)/m/n/10 . \TU/NotoSerif(1)/m/n/10 Нэг милийн зузаантай
 []


Underfull \hbox (badness 1552) in paragraph at lines 178--179
\TU/NotoSerif(1)/m/n/10 тунамал давхаргуудыг үүсгэхэд шаардагдах
 []

[2]
Underfull \hbox (badness 5548) in paragraph at lines 180--181
[]\TU/NotoSerif(1)/m/n/10 Их хавцлын жинхэнэ үүсэл нь орчин
 []


Underfull \hbox (badness 3179) in paragraph at lines 180--181
\TU/NotoSerif(1)/m/n/10 үүднээс бол Их хавцлыг Колорадо мөрөн
 []


Underfull \hbox (badness 3281) in paragraph at lines 180--181
\TU/NotoSerif(1)/m/n/10 багийнхан Их хавцал нь эртний нуурын
 []


Underfull \hbox (badness 10000) in paragraph at lines 180--181
\TU/NotoSerif(1)/m/n/10 нөлөөгөөр хэдхэн долоо хоногийн дотор
 []


Underfull \hbox (badness 10000) in paragraph at lines 180--181
\TU/NotoSerif(1)/m/n/10 үүссэн байх магадлалтай бөгөөд үүний
 []


Underfull \hbox (badness 2245) in paragraph at lines 180--181
\TU/NotoSerif(1)/m/n/10 байсан шинж тэмдэг нь нуурын тунамал
 []


Underfull \hbox (badness 10000) in paragraph at lines 180--181
\TU/NotoSerif(1)/m/n/10 бусад ижил хэмжээний усны түрлэгийн
 []


Underfull \hbox (badness 10000) in paragraph at lines 180--181
\TU/NotoSerif(1)/m/n/10 эвдрэлээс үүдэлтэй байгууламжууд болох
 []


Underfull \hbox (badness 10000) in paragraph at lines 180--181
\TU/NotoSerif(1)/m/n/10 Афтоны хавцал ба Сэнт Хеленс уултай
 []


Underfull \hbox (badness 1668) in paragraph at lines 180--181
\TU/NotoSerif(1)/m/n/10 төрхтэй бөгөөд их хэмжээний усны урсац
 []


Underfull \hbox (badness 4205) in paragraph at lines 180--181
\TU/NotoSerif(1)/m/n/10 богино хугацаанд аварга том хавцлуудыг
 []


Underfull \hbox (badness 10000) in paragraph at lines 182--183
[]\TU/NotoSerif(1)/m/n/10 Тунамал давхаргуудыг ингэж өргөн
 []


Underfull \hbox (badness 3849) in paragraph at lines 182--183
\TU/NotoSerif(1)/m/n/10 уудам нутаг дэвсгэр дээр хуримтлуулахад
 []


Underfull \hbox (badness 10000) in paragraph at lines 182--183
\TU/NotoSerif(1)/m/n/10 шаардагдах геологийн процессын цар
 []


Underfull \hbox (badness 1137) in paragraph at lines 182--183
\TU/NotoSerif(1)/m/n/10 хүрээ\TU/LatinModernRoman(0)/m/n/10 , \TU/NotoSerif(1)/
m/n/10 уг давхаргууд үүссэний дараахан яг
 []


Underfull \hbox (badness 1496) in paragraph at lines 182--183
\TU/NotoSerif(1)/m/n/10 бяцхан хэмжээ Их хавцлын асар том цар
 []


Underfull \hbox (badness 10000) in paragraph at lines 186--187
[]\TU/NotoSerif(1)/m/n/10 Пирамидуудаас гадна\TU/LatinModernRoman(0)/m/n/10 , \
TU/NotoSerif(1)/m/n/10 эртний
 []


Underfull \hbox (badness 7397) in paragraph at lines 186--187
\TU/NotoSerif(1)/m/n/10 инженерчлэлийн гайхалтай нэгэн жишээ
 []


Underfull \hbox (badness 7379) in paragraph at lines 186--187
\TU/NotoSerif(1)/m/n/10 бол Туркийн Каппадоки мужид байрлах
 []

File: derinkuyu.jpeg Graphic file (type bmp)
<derinkuyu.jpeg>

Underfull \hbox (badness 3354) in paragraph at lines 198--199
\TU/NotoSerif(1)/m/n/10 хот байгуулна гэж шийдсэн нь тодорхой
 []


Underfull \hbox (badness 1571) in paragraph at lines 198--199
\TU/NotoSerif(1)/m/n/10 бус байдагт оршдог\TU/LatinModernRoman(0)/m/n/10 . \TU/
NotoSerif(1)/m/n/10 Газар доор амьдрах
 []


Underfull \hbox (badness 4518) in paragraph at lines 198--199
\TU/NotoSerif(1)/m/n/10 хад чулуунаас ухаж гаргах шаардлагатай
 []


Underfull \hbox (badness 2401) in paragraph at lines 198--199
\TU/NotoSerif(1)/m/n/10 илтгэж байгаа бөгөөд энэ нь газар дээрх
 []


Underfull \hbox (badness 2088) in paragraph at lines 198--199
\TU/NotoSerif(1)/m/n/10 оромж барихаас хэд дахин илүү төвөгтэй
 []


Underfull \hbox (badness 6526) in paragraph at lines 198--199
\TU/NotoSerif(1)/m/n/10 газар хэрэгтэй байсан учраас Дэринкуюг
 []


Underfull \hbox (badness 10000) in paragraph at lines 198--199
\TU/NotoSerif(1)/m/n/10 бодвол\TU/LatinModernRoman(0)/m/n/10 , \TU/NotoSerif(1)
/m/n/10 дайсантай тулгарахад хамгийн
 []

[3]
Underfull \hbox (badness 1173) in paragraph at lines 200--201
[]\TU/NotoSerif(1)/m/n/10 Газар доорх хотын хэмжээ\TU/LatinModernRoman(0)/m/n/1
0 , \TU/NotoSerif(1)/m/n/10 гүн\TU/LatinModernRoman(0)/m/n/10 , \TU/NotoSerif(1
)/m/n/10 ухаалаг
 []


Underfull \hbox (badness 10000) in paragraph at lines 200--201
\TU/NotoSerif(1)/m/n/10 урт хугацаанд хамгаалах орчин болгон
 []


Underfull \hbox (badness 2119) in paragraph at lines 200--201
\TU/NotoSerif(1)/m/n/10 бүтээсэн нь илэрхий байдаг\TU/LatinModernRoman(0)/m/n/1
0 . \TU/NotoSerif(1)/m/n/10 Дэринкуюд
 []


Underfull \hbox (badness 3579) in paragraph at lines 200--201
\TU/NotoSerif(1)/m/n/10 энгийн унтлагын өрөө\TU/LatinModernRoman(0)/m/n/10 , \T
U/NotoSerif(1)/m/n/10 гал тогоо\TU/LatinModernRoman(0)/m/n/10 , \TU/NotoSerif(1
)/m/n/10 ариун
 []


Underfull \hbox (badness 10000) in paragraph at lines 200--201
\TU/NotoSerif(1)/m/n/10 газар болон асар том агааржуулалтын
 []


Underfull \hbox (badness 1629) in paragraph at lines 200--201
\TU/NotoSerif(1)/m/n/10 хоргодох байранд яагаад дарсны шахуурга
 []


Underfull \vbox (badness 3668) has occurred while \output is active []


Underfull \hbox (badness 1852) in paragraph at lines 202--203
\TU/NotoSerif(1)/m/n/10 шалтгаан нь дэлхийн гадаргуу дээр үүсэх
 []


Underfull \hbox (badness 10000) in paragraph at lines 202--203
\TU/NotoSerif(1)/m/n/10 сүйрлийн геофизикийн хүчин зүйлээс
 []


Underfull \hbox (badness 10000) in paragraph at lines 202--203
\TU/NotoSerif(1)/m/n/10 хамгаалах\TU/LatinModernRoman(0)/m/n/10 , \TU/NotoSerif
(1)/m/n/10 урт хугацааны\TU/LatinModernRoman(0)/m/n/10 , \TU/NotoSerif(1)/m/n/1
0 өөрийгөө
 []


Underfull \hbox (badness 3635) in paragraph at lines 202--203
\TU/NotoSerif(1)/m/n/10 хангахуйц байр бэлдэх шаардлага байсан
 []

File: derinkuyu-air.jpg Graphic file (type bmp)
<derinkuyu-air.jpg>

Underfull \hbox (badness 2591) in paragraph at lines 220--221
[]\TU/NotoSerif(1)/m/n/10 Амьтан\TU/LatinModernRoman(0)/m/n/10 , \TU/NotoSerif(
1)/m/n/10 ургамлын янз бүрийн холимог
 []


Underfull \hbox (badness 10000) in paragraph at lines 220--221
\TU/NotoSerif(1)/m/n/10 биомасс\TU/LatinModernRoman(0)/m/n/10 , \TU/NotoSerif(1
)/m/n/10 ихэвчлэн тунамал давхаргад
 []


Underfull \hbox (badness 10000) in paragraph at lines 220--221
\TU/NotoSerif(1)/m/n/10 чулуужин олддог нь өөр нэг учир нь
 []


Underfull \hbox (badness 2486) in paragraph at lines 220--221
\TU/NotoSerif(1)/m/n/10 тайлагдаагүй оньсого юм\TU/LatinModernRoman(0)/m/n/10 .
 "Reliquoæ Dilu-
 []


Underfull \hbox (badness 10000) in paragraph at lines 220--221
\TU/LatinModernRoman(0)/m/n/10 vianæ" \TU/NotoSerif(1)/m/n/10 зохиолд\TU/LatinM
odernRoman(0)/m/n/10 , \TU/NotoSerif(1)/m/n/10 Уильям Баклэнд пастор
 []


Underfull \hbox (badness 10000) in paragraph at lines 220--221
\TU/NotoSerif(1)/m/n/10 Британи болон Европ даяар\TU/LatinModernRoman(0)/m/n/10
 , \TU/NotoSerif(1)/m/n/10 ямар ч
 []


Underfull \hbox (badness 10000) in paragraph at lines 220--221
\TU/NotoSerif(1)/m/n/10 ойлгомжтой шалтгаангүйгээр хамтдаа
 []


Underfull \hbox (badness 4832) in paragraph at lines 220--221
\TU/NotoSerif(1)/m/n/10 тайлбарласан байдаг \TU/LatinModernRoman(0)/m/n/10 [[]]
. \TU/NotoSerif(1)/m/n/10 Ийм амьтны
 []


Underfull \hbox (badness 10000) in paragraph at lines 220--221
\TU/NotoSerif(1)/m/n/10 үлдэгдлийн холимог нь бас Норвегийн
 []


Underfull \hbox (badness 10000) in paragraph at lines 220--221
\TU/NotoSerif(1)/m/n/10 Валдрой арал дахь Скёнхеллерен агуйд
 []


Underfull \hbox (badness 1590) in paragraph at lines 220--221
\TU/NotoSerif(1)/m/n/10 хийхээр нийлүүлдэг байжээ\TU/LatinModernRoman(0)/m/n/10
 . \TU/NotoSerif(1)/m/n/10 Янз бүрийн
 []


Underfull \hbox (badness 1661) in paragraph at lines 220--221
\TU/NotoSerif(1)/m/n/10 ч\TU/LatinModernRoman(0)/m/n/10 , \TU/NotoSerif(1)/m/n/
10 үерийн үлэмж давалгаанд амьтдын сэг
 []


Underfull \hbox (badness 7186) in paragraph at lines 220--221
\TU/NotoSerif(1)/m/n/10 нь агуйд амьдаараа булагджээ хэмээвээс
 []


Underfull \hbox (badness 6944) in paragraph at lines 220--221
\TU/NotoSerif(1)/m/n/10 амархан ойлгогдоно\TU/LatinModernRoman(0)/m/n/10 . \TU/
NotoSerif(1)/m/n/10 Харин Египетийн
 []


Underfull \hbox (badness 2644) in paragraph at lines 220--221
\TU/LatinModernRoman(0)/m/n/10 "\TU/NotoSerif(1)/m/n/10 шавар\TU/LatinModernRom
an(0)/m/n/10 "-\TU/NotoSerif(1)/m/n/10 ын ил харуулсан жишээ үзүүлсэн
 []

[4]
File: muck-crop.jpeg Graphic file (type bmp)
<muck-crop.jpeg>

Underfull \hbox (badness 10000) in paragraph at lines 233--234
\TU/NotoSerif(1)/m/n/10 үлдээсэн бөгөөд эдгээрээс хүний цогцос
 []


Underfull \hbox (badness 10000) in paragraph at lines 233--234
\TU/NotoSerif(1)/m/n/10 олдсон байдаг\TU/LatinModernRoman(0)/m/n/10 . \TU/NotoS
erif(1)/m/n/10 Ихэвчлэн эдгээрийг
 []


Underfull \vbox (badness 10000) has occurred while \output is active []

File: ww19.jpg Graphic file (type bmp)
<ww19.jpg>

Underfull \hbox (badness 2894) in paragraph at lines 245--246
[]\TU/NotoSerif(1)/m/n/10 Нэгэн онцлох жишээ бол Нью Грийнж
 []


Underfull \hbox (badness 1448) in paragraph at lines 245--246
\TU/LatinModernRoman(0)/m/n/10 (\TU/NotoSerif(1)/m/n/10 Зураг []\TU/LatinModern
Roman(0)/m/n/10 8[]), \TU/NotoSerif(1)/m/n/10 Бру на Бойнн цогцолборын гол
 []


Underfull \hbox (badness 1194) in paragraph at lines 245--246
\TU/NotoSerif(1)/m/n/10 бүрдэх ба тэдгээрийг хөрс эсвэл чулуугаар
 []


Underfull \hbox (badness 3250) in paragraph at lines 245--246
\TU/NotoSerif(1)/m/n/10 гарцтай байгуулсан байдаг \TU/LatinModernRoman(0)/m/n/1
0 [[]]. \TU/NotoSerif(1)/m/n/10 Энэ нь
 []


Underfull \hbox (badness 4291) in paragraph at lines 245--246
\TU/NotoSerif(1)/m/n/10 олон хүний асар их хүчин чармайлтаар
 []


Underfull \hbox (badness 2205) in paragraph at lines 245--246
\TU/NotoSerif(1)/m/n/10 босож\TU/LatinModernRoman(0)/m/n/10 , \TU/NotoSerif(1)/
m/n/10 тухайн бүтээн байгуулалтын ажил
 []


Underfull \hbox (badness 3884) in paragraph at lines 245--246
\TU/NotoSerif(1)/m/n/10 эхлэхэд амьд ч байгаагүй хэдхэн хүнийг
 []


Underfull \hbox (badness 2393) in paragraph at lines 247--248
[]\TU/NotoSerif(1)/m/n/10 Бүтцийг өнгөц харвал байгуулахад асар
 []


Underfull \hbox (badness 10000) in paragraph at lines 247--248
\TU/NotoSerif(1)/m/n/10 Грийнж нь ойролцоогоор \TU/LatinModernRoman(0)/m/n/10 2
00,000 \TU/NotoSerif(1)/m/n/10 тонн
 []


Underfull \hbox (badness 1769) in paragraph at lines 247--248
\TU/NotoSerif(1)/m/it/10 хонгил байх бөгөөд баруун өмнөд талаас
 []


Underfull \hbox (badness 3690) in paragraph at lines 247--248
\TU/NotoSerif(1)/m/it/10 орж болох нэвтрэх хаалгатай\TU/LatinModernRoman(0)/m/i
t/10 . \TU/NotoSerif(1)/m/it/10 Хонгил
 []


Underfull \hbox (badness 1565) in paragraph at lines 247--248
\TU/NotoSerif(1)/m/n/10 дээвэрт\TU/LatinModernRoman(0)/m/n/10 , \TU/LatinModern
Roman(0)/m/it/10 “\TU/NotoSerif(1)/m/it/10 Дээврийн завсрыг шатаасан хөрс
 []


Underfull \hbox (badness 2165) in paragraph at lines 247--248
\TU/NotoSerif(1)/m/it/10 ба далайн элсний холимгоор чигжиж\TU/LatinModernRoman(
0)/m/it/10 , \TU/NotoSerif(1)/m/it/10 ус
 []


Underfull \hbox (badness 1173) in paragraph at lines 247--248
\TU/NotoSerif(1)/m/it/10 нэвтрэхгүй болгосон бөгөөд энэ холимгоос
 []


Underfull \hbox (badness 2326) in paragraph at lines 247--248
\TU/LatinModernRoman(0)/m/it/10 2500 \TU/NotoSerif(1)/m/it/10 МЭӨ үед хамаарахы
г харуулсан\TU/LatinModernRoman(0)/m/it/10 " \TU/LatinModernRoman(0)/m/n/10 [[]
].
 []


Underfull \hbox (badness 1199) in paragraph at lines 247--248
\TU/NotoSerif(1)/m/n/10 ялгаа нь мөн адил зориулалтаар шийдсэн
 []


Underfull \hbox (badness 10000) in paragraph at lines 247--248
\TU/NotoSerif(1)/m/n/10 байх магадлалтай\TU/LatinModernRoman(0)/m/n/10 : \TU/La
tinModernRoman(0)/m/it/10 “\TU/NotoSerif(1)/m/it/10 Булшны хонгил ба
 []

[5]
File: dolmen.jpg Graphic file (type bmp)
<dolmen.jpg>

Underfull \hbox (badness 10000) in paragraph at lines 260--261
\TU/NotoSerif(1)/m/n/10 нь бас сонирхолтой юм\TU/LatinModernRoman(0)/m/n/10 . \
TU/NotoSerif(1)/m/n/10 Малталтаар
 []


Underfull \hbox (badness 2469) in paragraph at lines 260--261
\TU/NotoSerif(1)/m/n/10 шатаагдсан болон шатаагдаагүй хэд хэдэн
 []


Underfull \hbox (badness 10000) in paragraph at lines 260--261
\TU/NotoSerif(1)/m/n/10 хүнд хамаарах үлдэгдлүүд буюу ясны
 []


Underfull \hbox (badness 1845) in paragraph at lines 260--261
\TU/NotoSerif(1)/m/n/10 тарсан байсан нь олдсон\TU/LatinModernRoman(0)/m/n/10 .
 \TU/NotoSerif(1)/m/n/10 Ньюгренжийн
 []


Underfull \hbox (badness 5637) in paragraph at lines 260--261
\TU/NotoSerif(1)/m/n/10 булш босгоод ердөө цөөхөн хүний ясны
 []


Underfull \hbox (badness 3250) in paragraph at lines 260--261
\TU/NotoSerif(1)/m/n/10 гэгч нь хамгаалсан эдгээр эртний аварга
 []


Underfull \hbox (badness 10000) in paragraph at lines 260--261
\TU/NotoSerif(1)/m/n/10 чулуун байгууламжийг үнэндээ олон
 []


Underfull \hbox (badness 2229) in paragraph at lines 260--261
\TU/NotoSerif(1)/m/n/10 дахин давтагдсан дэлхийн гамшгийн үеэр
 []


Underfull \hbox (badness 3312) in paragraph at lines 262--263
[]\TU/NotoSerif(1)/m/n/10 Испанийн өмнөд хэсэгт орших Уэльвад
 []


Underfull \hbox (badness 3058) in paragraph at lines 262--263
\TU/LatinModernRoman(0)/m/n/10 [[], []]. \TU/NotoSerif(1)/m/n/10 Энэ нь аварга 
чулууг ашиглан
 []


Underfull \hbox (badness 2103) in paragraph at lines 262--263
\TU/NotoSerif(1)/m/n/10 инженерчлэлийн өндөр түвшинд хийгдсэн
 []


Underfull \hbox (badness 3128) in paragraph at lines 266--267
[]\TU/NotoSerif(1)/m/n/10 Энэ хэсэгт\TU/LatinModernRoman(0)/m/n/10 , \TU/NotoSe
rif(1)/m/n/10 би зарим нэг илүү онцлог
 []


Underfull \hbox (badness 4001) in paragraph at lines 266--267
\TU/NotoSerif(1)/m/n/10 гаж үзэгдлийг товч дурдах бөгөөд эдгээр
 []


Underfull \hbox (badness 2050) in paragraph at lines 266--267
\TU/NotoSerif(1)/m/n/10 нь бүгд \TU/LatinModernRoman(0)/m/n/10 ECDO-\TU/NotoSer
if(1)/m/n/10 той төстэй гамшгаар бүрэн
 []

File: bottleneck.jpg Graphic file (type bmp)
<bottleneck.jpg>

Underfull \hbox (badness 1067) in paragraph at lines 275--275
[]\TU/LatinModernRoman(0)/m/n/9 Figure 10. []\TU/NotoSerif(1)/m/n/9 Генетикийн 
бөглөрлийн үүднээс \TU/LatinModernRoman(0)/m/n/9 6,000
 []


Underfull \hbox (badness 1226) in paragraph at lines 280--281
\TU/NotoSerif(1)/m/n/10 халимын чулуужсан үлдэгдлүүд юм\TU/LatinModernRoman(0)/
m/n/10 . Zeng
 []


Underfull \hbox (badness 10000) in paragraph at lines 280--281
\TU/NotoSerif(1)/m/n/10 нар \TU/LatinModernRoman(0)/m/n/10 (2018) \TU/NotoSerif
(1)/m/n/10 орчин үеийн хүмүүсийн \TU/LatinModernRoman(0)/m/n/10 125
 []


Underfull \hbox (badness 10000) in paragraph at lines 280--281
\TU/LatinModernRoman(0)/m/n/10 Y-\TU/NotoSerif(1)/m/n/10 хромосомын дарааллыг с
удалж\TU/LatinModernRoman(0)/m/n/10 , \TU/NotoSerif(1)/m/n/10 ДНХ\TU/LatinModer
nRoman(0)/m/n/10 -
 []


Underfull \hbox (badness 10000) in paragraph at lines 280--281
\TU/NotoSerif(1)/m/n/10 ийн ижил төстэй байдал ба мутацид
 []


Underfull \hbox (badness 10000) in paragraph at lines 280--281
\TU/NotoSerif(1)/m/n/10 үндэслэн\TU/LatinModernRoman(0)/m/n/10 , 5,000-\TU/Noto
Serif(1)/m/n/10 аас \TU/LatinModernRoman(0)/m/n/10 7,000 \TU/NotoSerif(1)/m/n/1
0 жилийн өмнө
 []


Underfull \hbox (badness 5161) in paragraph at lines 280--281
\TU/NotoSerif(1)/m/n/10 бий болсон бөглөрлийг илрүүлсэн \TU/LatinModernRoman(0)
/m/n/10 (\TU/NotoSerif(1)/m/n/10 Зураг
 []


Underfull \hbox (badness 2744) in paragraph at lines 280--281
[]\TU/LatinModernRoman(0)/m/n/10 10[]) [[]]. \TU/NotoSerif(1)/m/n/10 Халимын чу
луужсан үлдэгдлүүд
 []


Underfull \hbox (badness 10000) in paragraph at lines 280--281
\TU/NotoSerif(1)/m/n/10 Шведенборг\TU/LatinModernRoman(0)/m/n/10 , \TU/NotoSeri
f(1)/m/n/10 Мичиган\TU/LatinModernRoman(0)/m/n/10 , \TU/NotoSerif(1)/m/n/10 Вер
монт\TU/LatinModernRoman(0)/m/n/10 , \TU/NotoSerif(1)/m/n/10 Канад\TU/LatinMode
rnRoman(0)/m/n/10 ,
 []


Underfull \hbox (badness 2005) in paragraph at lines 280--281
\TU/NotoSerif(1)/m/n/10 болон хөрсөнд булшлагдсан байдалтайгаар
 []


Underfull \hbox (badness 5519) in paragraph at lines 280--281
\TU/NotoSerif(1)/m/n/10 олдсон байна\TU/LatinModernRoman(0)/m/n/10 . \TU/NotoSe
rif(1)/m/n/10 Эдгээр газруудад байгаа
 []


Underfull \hbox (badness 2401) in paragraph at lines 280--281
\TU/NotoSerif(1)/m/n/10 амьтан бөгөөд эрэг рүү бараг ойртдоггүй\TU/LatinModernR
oman(0)/m/n/10 .
 []


Underfull \hbox (badness 2158) in paragraph at lines 280--281
\TU/NotoSerif(1)/m/n/10 Эдгээр халим яаж ийм өндөрлөг цэгт\TU/LatinModernRoman(
0)/m/n/10 , \TU/NotoSerif(1)/m/n/10 эх
 []


Underfull \hbox (badness 7777) in paragraph at lines 282--283
[]\TU/NotoSerif(1)/m/n/10 Дэлхийн түүхэнд тэр чигээрээ устгалд
 []


Underfull \hbox (badness 10000) in paragraph at lines 282--283
\TU/NotoSerif(1)/m/n/10 орсон тохиолдлууд хэд хэд бий бөгөөд
 []


Underfull \hbox (badness 10000) in paragraph at lines 282--283
\TU/NotoSerif(1)/m/n/10 Тав\TU/LatinModernRoman(0)/m/n/10 "-\TU/NotoSerif(1)/m/
n/10 ын массын устгалууд\TU/LatinModernRoman(0)/m/n/10 : \TU/NotoSerif(1)/m/n/1
0 Ордовикийн
 []


Underfull \hbox (badness 5667) in paragraph at lines 282--283
\TU/NotoSerif(1)/m/n/10 сүүлийн үеийн \TU/LatinModernRoman(0)/m/n/10 (LOME), \T
U/NotoSerif(1)/m/n/10 Девоны сүүлийн
 []


Underfull \hbox (badness 10000) in paragraph at lines 282--283
\TU/NotoSerif(1)/m/n/10 Триасын төгсгөлийн \TU/LatinModernRoman(0)/m/n/10 (ETME
), \TU/NotoSerif(1)/m/n/10 Цэрдийн
 []


Underfull \hbox (badness 4467) in paragraph at lines 282--283
\TU/NotoSerif(1)/m/n/10 төгсгөлийн \TU/LatinModernRoman(0)/m/n/10 (ECME) \TU/No
toSerif(1)/m/n/10 массын устгалууд юм
 []


Underfull \hbox (badness 1226) in paragraph at lines 282--283
\TU/NotoSerif(1)/m/n/10 нь Их Хөндийн олон давхаргын үед буюу
 []

[6]
File: columbia.jpg Graphic file (type bmp)
<columbia.jpg>

Underfull \hbox (badness 1028) in paragraph at lines 292--292
[]\TU/LatinModernRoman(0)/m/n/9 Figure 11. []\TU/NotoSerif(1)/m/n/9 Вашингтон м
ужийн Колумбын мөсөн
 []


Underfull \hbox (badness 3271) in paragraph at lines 297--298
[]\TU/NotoSerif(1)/m/n/10 Их Хөндийгөөс гадна олон газар нутаг
 []


Underfull \hbox (badness 6592) in paragraph at lines 297--298
\TU/NotoSerif(1)/m/n/10 сүйрлийн хүчний нөлөөгөөр бий болсон
 []


Underfull \hbox (badness 2875) in paragraph at lines 297--298
\TU/NotoSerif(1)/m/n/10 байх магадлалтай\TU/LatinModernRoman(0)/m/n/10 . \TU/No
toSerif(1)/m/n/10 Эх газрын усны үер
 []


Underfull \hbox (badness 10000) in paragraph at lines 297--298
\TU/NotoSerif(1)/m/n/10 дэгдэж байсны нотолгоо дэлхий даяар
 []


Underfull \hbox (badness 2119) in paragraph at lines 297--298
\TU/NotoSerif(1)/m/n/10 жишээний нэг нь Номхон далайн баруун
 []


Underfull \hbox (badness 7221) in paragraph at lines 297--298
\TU/NotoSerif(1)/m/n/10 хойд бүсэд байрлах Чаннелед Скабландс
 []


Underfull \hbox (badness 3323) in paragraph at lines 297--298
\TU/NotoSerif(1)/m/n/10 ёроолд бий болдог жижигхэн давлагааны
 []


Underfull \hbox (badness 10000) in paragraph at lines 297--298
\TU/NotoSerif(1)/m/n/10 илүү том хэмжээний хувилбарууд юм\TU/LatinModernRoman(0
)/m/n/10 .
 []


Underfull \hbox (badness 7522) in paragraph at lines 297--298
\TU/NotoSerif(1)/m/n/10 Эдгээрийг Франц\TU/LatinModernRoman(0)/m/n/10 , \TU/Not
oSerif(1)/m/n/10 Аргентин\TU/LatinModernRoman(0)/m/n/10 , \TU/NotoSerif(1)/m/n/
10 Орос\TU/LatinModernRoman(0)/m/n/10 , \TU/NotoSerif(1)/m/n/10 Хойд
 []


Underfull \hbox (badness 4341) in paragraph at lines 297--298
\TU/NotoSerif(1)/m/n/10 Америк зэрэг дэлхийн олон газарт харж
 []

File: zhangjiajie.jpg Graphic file (type bmp)
<zhangjiajie.jpg>

Underfull \hbox (badness 10000) in paragraph at lines 304--304
\TU/NotoSerif(1)/m/n/9 ойн цэцэрлэгт хүрээлэнгийн аварга чулуун
 []

File: hoy.jpg Graphic file (type bmp)
<hoy.jpg>

Underfull \hbox (badness 10000) in paragraph at lines 319--320
\TU/NotoSerif(1)/m/n/10 той төстэй дэлхийн эргэлтийн онолоор
 []


Underfull \hbox (badness 4391) in paragraph at lines 319--320
\TU/NotoSerif(1)/m/n/10 сайн тайлбарлагддаг\TU/LatinModernRoman(0)/m/n/10 . \TU
/NotoSerif(1)/m/n/10 Өмнөд Хятад бол
 []


Underfull \hbox (badness 2269) in paragraph at lines 319--320
\TU/NotoSerif(1)/m/n/10 ландшафтын тод жишээ юм \TU/LatinModernRoman(0)/m/n/10 
[[]]. \TU/NotoSerif(1)/m/n/10 Эдгээр
 []


Underfull \hbox (badness 5161) in paragraph at lines 319--320
\TU/NotoSerif(1)/m/n/10 газар нутагт цамхаг карст\TU/LatinModernRoman(0)/m/n/10
 , \TU/NotoSerif(1)/m/n/10 оргил карст\TU/LatinModernRoman(0)/m/n/10 ,
 []


Underfull \hbox (badness 1242) in paragraph at lines 319--320
\TU/NotoSerif(1)/m/n/10 конус карст\TU/LatinModernRoman(0)/m/n/10 , \TU/NotoSer
if(1)/m/n/10 байгалийн гүүр\TU/LatinModernRoman(0)/m/n/10 , \TU/NotoSerif(1)/m/
n/10 хавцал\TU/LatinModernRoman(0)/m/n/10 , \TU/NotoSerif(1)/m/n/10 том
 []


Underfull \hbox (badness 10000) in paragraph at lines 319--320
\TU/NotoSerif(1)/m/n/10 агуйн систем\TU/LatinModernRoman(0)/m/n/10 , \TU/NotoSe
rif(1)/m/n/10 болон цөөрөм уналтууд
 []


Underfull \hbox (badness 4543) in paragraph at lines 319--320
\TU/NotoSerif(1)/m/n/10 нь Жанжиажие Үндэсний ойн цогцолбор
 []


Underfull \hbox (badness 3536) in paragraph at lines 319--320
\TU/NotoSerif(1)/m/n/10 бөгөөд асар том кварцын элсэн чулууны
 []


Underfull \hbox (badness 2617) in paragraph at lines 319--320
\TU/NotoSerif(1)/m/n/10 нь \TU/LatinModernRoman(0)/m/n/10 120 \TU/NotoSerif(1)/
m/n/10 метрээс өндөр\TU/LatinModernRoman(0)/m/n/10 , 45 \TU/NotoSerif(1)/m/n/10
 нь \TU/LatinModernRoman(0)/m/n/10 300 \TU/NotoSerif(1)/m/n/10 метрээс
 []


Underfull \hbox (badness 1189) in paragraph at lines 319--320
\TU/NotoSerif(1)/m/n/10 элэгдлийн багануудтай \TU/LatinModernRoman(0)/m/n/10 (\
TU/NotoSerif(1)/m/n/10 Зураг []\TU/LatinModernRoman(0)/m/n/10 13[]) \TU/NotoSer
if(1)/m/n/10 ижилхэн
 []


Underfull \hbox (badness 4181) in paragraph at lines 319--320
\TU/NotoSerif(1)/m/n/10 Ижил элэгдлийн ландшафтуудыг Туркийн
 []


Underfull \hbox (badness 10000) in paragraph at lines 319--320
\TU/NotoSerif(1)/m/n/10 чулуужсан үлдэгдэл илэрдэг нь эртний
 []


Underfull \hbox (badness 10000) in paragraph at lines 319--320
\TU/NotoSerif(1)/m/n/10 далайн түрэмгийлэл болсныг харуулна
 []


Underfull \hbox (badness 1708) in paragraph at lines 319--320
\TU/LatinModernRoman(0)/m/n/10 [[], [], []]. \TU/NotoSerif(1)/m/n/10 Мэдээж\TU/
LatinModernRoman(0)/m/n/10 , \TU/NotoSerif(1)/m/n/10 үерийн тохиолдлууд
 []


Underfull \hbox (badness 1331) in paragraph at lines 319--320
\TU/LatinModernRoman(0)/m/n/10 [[]] \TU/NotoSerif(1)/m/n/10 далайн ус \TU/Latin
ModernRoman(0)/m/n/10 1000 \TU/NotoSerif(1)/m/n/10 метрээс давсан өндөрт
 []


Underfull \hbox (badness 5302) in paragraph at lines 319--320
\TU/NotoSerif(1)/m/n/10 хүрсэн талаар өгүүлдэг ба үүнийг хэдэн
 []


Underfull \hbox (badness 10000) in paragraph at lines 319--320
\TU/NotoSerif(1)/m/n/10 километрийн өндөрт орших Анд болон
 []


Underfull \hbox (badness 1635) in paragraph at lines 319--320
\TU/NotoSerif(1)/m/n/10 Гималайн нуруун дахь давстай устай цөл
 []


Underfull \hbox (badness 10000) in paragraph at lines 319--320
\TU/NotoSerif(1)/m/n/10 болон том давст талбайнууд нотолдог\TU/LatinModernRoman
(0)/m/n/10 .
 []

[7]
Underfull \hbox (badness 3690) in paragraph at lines 323--324
\TU/NotoSerif(1)/m/n/10 амьсгалын өөрчлөлт тохиолдсоныг хүлээн
 []


Underfull \hbox (badness 10000) in paragraph at lines 323--324
\TU/NotoSerif(1)/m/n/10 суурьшил алдагдах үзэгдэлтэй давхацсан
 []


Underfull \hbox (badness 10000) in paragraph at lines 323--324
\TU/NotoSerif(1)/m/n/10 хэмжээ\TU/LatinModernRoman(0)/m/n/10 , \TU/NotoSerif(1)
/m/n/10 тоос\TU/LatinModernRoman(0)/m/n/10 , \TU/NotoSerif(1)/m/n/10 сталактит\
TU/LatinModernRoman(0)/m/n/10 , \TU/NotoSerif(1)/m/n/10 сталагмитны
 []


Underfull \hbox (badness 10000) in paragraph at lines 323--324
\TU/NotoSerif(1)/m/n/10 Таамагласан уур амьсгалын өөрчлөлтөд
 []


Underfull \hbox (badness 10000) in paragraph at lines 323--324
\TU/NotoSerif(1)/m/n/10 Атлантын меридиональ урсгал тасалдал\TU/LatinModernRoma
n(0)/m/n/10 ,
 []


Underfull \hbox (badness 10000) in paragraph at lines 323--324
\TU/NotoSerif(1)/m/n/10 мөсөн голын үргэлжлэл зэрэг багтдаг
 []


Underfull \hbox (badness 1460) in paragraph at lines 323--324
\TU/LatinModernRoman(0)/m/n/10 [[], [], []]. \TU/NotoSerif(1)/m/n/10 Ялангуяа \
TU/LatinModernRoman(0)/m/n/10 8.2 \TU/NotoSerif(1)/m/n/10 мянган жилийн
 []


Underfull \hbox (badness 1983) in paragraph at lines 323--324
\TU/NotoSerif(1)/m/n/10 үзэгдэл нь МЭӨ \TU/LatinModernRoman(0)/m/n/10 6400 \TU/
NotoSerif(1)/m/n/10 оны үед Хар тэнгис
 []


Underfull \hbox (badness 10000) in paragraph at lines 327--328
[]\TU/NotoSerif(1)/m/n/10 Эртний зарим хотын археологийн
 []


Underfull \hbox (badness 1062) in paragraph at lines 327--328
\TU/NotoSerif(1)/m/n/10 одоогийн Палестинд байрлах Иерихон юм\TU/LatinModernRom
an(0)/m/n/10 .
 []


Underfull \hbox (badness 3364) in paragraph at lines 327--328
\TU/NotoSerif(1)/m/n/10 Энэ хотод чулуун бүтцийн нуралт болон
 []


Underfull \hbox (badness 2762) in paragraph at lines 327--328
\TU/NotoSerif(1)/m/n/10 хүчтэй галын улмаас үүссэн олон давхар
 []


Underfull \hbox (badness 3219) in paragraph at lines 327--328
\TU/LatinModernRoman(0)/m/n/10 9000-2000 \TU/NotoSerif(1)/m/n/10 оны хооронд та
арна\TU/LatinModernRoman(0)/m/n/10 . \TU/NotoSerif(1)/m/n/10 Ялангуяа
 []


Underfull \hbox (badness 3792) in paragraph at lines 327--328
\TU/LatinModernRoman(0)/m/n/10 [[], []] \TU/NotoSerif(1)/m/n/10 зэрэг нь аливаа
 гамшигт үзэгдэл
 []


Underfull \hbox (badness 2393) in paragraph at lines 327--328
\TU/NotoSerif(1)/m/n/10 тохиолдсоныг гэрчлэх баримт бүхий олон
 []

File: jericho.jpg Graphic file (type bmp)
<jericho.jpg>

Underfull \hbox (badness 10000) in paragraph at lines 340--341
[]\TU/NotoSerif(1)/m/n/10 Хүн төрөлхтний соёл иргэншлийг
 []


Underfull \hbox (badness 2393) in paragraph at lines 340--341
\TU/NotoSerif(1)/m/n/10 бусниулсан томоохон сүйрлийн өөр нэгэн
 []


Underfull \hbox (badness 2285) in paragraph at lines 340--341
\TU/NotoSerif(1)/m/n/10 уулын хайлмагийн дороос олдсон шавран
 []


Underfull \hbox (badness 3189) in paragraph at lines 340--341
\TU/NotoSerif(1)/m/n/10 хүүхэлдэй юм \TU/LatinModernRoman(0)/m/n/10 [[], []]. \
TU/NotoSerif(1)/m/n/10 Хүүхэлдэй олдсон
 []


Underfull \hbox (badness 10000) in paragraph at lines 340--341
\TU/NotoSerif(1)/m/n/10 хайлмагийн давхаргыг хожуу гуравдагч
 []


Underfull \hbox (badness 3471) in paragraph at lines 340--341
\TU/NotoSerif(1)/m/n/10 галав эсвэл эрт дөрөвдүгээр галавын үед
 []


Underfull \hbox (badness 1755) in paragraph at lines 340--341
\TU/NotoSerif(1)/m/n/10 бий болсон гэж тооцоолж\TU/LatinModernRoman(0)/m/n/10 ,
 2 \TU/NotoSerif(1)/m/n/10 сая жилийн
 []


Underfull \hbox (badness 8151) in paragraph at lines 340--341
\TU/NotoSerif(1)/m/n/10 иргэншлийг устгасан гамшиг тохиолдсон
 []


Underfull \hbox (badness 4024) in paragraph at lines 344--345
[]\TU/NotoSerif(1)/m/n/10 Орчин үед хэрэглэгдэж буй он цагийн
 []


Underfull \hbox (badness 2790) in paragraph at lines 344--345
\TU/NotoSerif(1)/m/n/10 зуугаас хэдэн зуун сая жилээр тооцоолох
 []


Underfull \vbox (badness 10000) has occurred while \output is active []

 [8]
Underfull \hbox (badness 7722) in paragraph at lines 346--347
[]\TU/NotoSerif(1)/m/n/10 Уламжлалт ойлголтоор бол \TU/LatinModernRoman(0)/m/n/
10 "\TU/NotoSerif(1)/m/n/10 чулуужсан
 []


Underfull \hbox (badness 6792) in paragraph at lines 346--347
\TU/NotoSerif(1)/m/n/10 тосыг нүүрстөрөгчийн аргаар шинжлэхэд
 []


Underfull \hbox (badness 7667) in paragraph at lines 346--347
\TU/NotoSerif(1)/m/n/10 ойролцоогоор \TU/LatinModernRoman(0)/m/n/10 13,000 \TU/
NotoSerif(1)/m/n/10 жилийн настай гэж
 []


Underfull \hbox (badness 3108) in paragraph at lines 346--347
\TU/LatinModernRoman(0)/m/n/10 14 \TU/NotoSerif(1)/m/n/10 илэрсэн байдаг \TU/La
tinModernRoman(0)/m/n/10 [[]]. \TU/NotoSerif(1)/m/n/10 Үнэндээ хиймэл
 []


Underfull \hbox (badness 7379) in paragraph at lines 348--349
\TU/LatinModernRoman(0)/m/n/10 Answers in Genesis \TU/NotoSerif(1)/m/n/10 судал
гааны бүлэг ийм
 []


Underfull \hbox (badness 3189) in paragraph at lines 348--349
\TU/NotoSerif(1)/m/n/10 аргуудаар гарсан огноо хоорондын зөрүүг
 []


Underfull \hbox (badness 10000) in paragraph at lines 348--349
\TU/NotoSerif(1)/m/n/10 илрүүлж\TU/LatinModernRoman(0)/m/n/10 , \TU/NotoSerif(1
)/m/n/10 үүний үнэн зөвийг эсэхийг
 []


Underfull \hbox (badness 1292) in paragraph at lines 348--349
\TU/NotoSerif(1)/m/n/10 тунгаахад хүргэсэн байдаг \TU/LatinModernRoman(0)/m/n/1
0 [[]]. \TU/NotoSerif(1)/m/n/10 Түүнчлэн\TU/LatinModernRoman(0)/m/n/10 ,
 []


Underfull \hbox (badness 3803) in paragraph at lines 348--349
\TU/NotoSerif(1)/m/n/10 зуун сая жилийн настай гэж тооцогдсон
 []


Underfull \hbox (badness 10000) in paragraph at lines 348--349
\TU/NotoSerif(1)/m/n/10 үлэг гүрвэлийн олдвороос цусны эс\TU/LatinModernRoman(0
)/m/n/10 ,
 []


Underfull \hbox (badness 10000) in paragraph at lines 348--349
\TU/NotoSerif(1)/m/n/10 судас\TU/LatinModernRoman(0)/m/n/10 , \TU/NotoSerif(1)/
m/n/10 коллаген агуулсан зөөлөн эдүүд
 []


Underfull \hbox (badness 3930) in paragraph at lines 348--349
\TU/NotoSerif(1)/m/n/10 илэрсэн тохиолдол бий \TU/LatinModernRoman(0)/m/n/10 [[
], []]. \TU/NotoSerif(1)/m/n/10 Бидний
 []


Underfull \hbox (badness 10000) in paragraph at lines 348--349
\TU/NotoSerif(1)/m/n/10 мэдэж байгаагаар\TU/LatinModernRoman(0)/m/n/10 , \TU/No
toSerif(1)/m/n/10 Дэлхийн геологийн
 []


Underfull \hbox (badness 10000) in paragraph at lines 348--349
\TU/NotoSerif(1)/m/n/10 цаг хугацааны хуваарь болон чулуулаг\TU/LatinModernRoma
n(0)/m/n/10 ,
 []


Underfull \hbox (badness 10000) in paragraph at lines 348--349
\TU/NotoSerif(1)/m/n/10 чулуужсан түлш зэрэг материалуудын
 []


Underfull \hbox (badness 10000) in paragraph at lines 348--349
\TU/NotoSerif(1)/m/n/10 уламжлалт настай холбоотой ойлголтууд
 []


Underfull \hbox (badness 10000) in paragraph at lines 352--353
[]\TU/NotoSerif(1)/m/n/10 Энэ судалгааны ажилд би гамшгийн
 []


Underfull \hbox (badness 10000) in paragraph at lines 352--353
\TU/NotoSerif(1)/m/n/10 дэлхийн эргэлтийн тайлбарт хамгийн
 []


Underfull \hbox (badness 10000) in paragraph at lines 352--353
\TU/NotoSerif(1)/m/n/10 заримыг танилцууллаа\TU/LatinModernRoman(0)/m/n/10 . \T
U/NotoSerif(1)/m/n/10 Танилцуулсан
 []


Underfull \hbox (badness 10000) in paragraph at lines 356--357
[]\TU/LatinModernRoman(0)/m/n/10 ECDO-\TU/NotoSerif(1)/m/n/10 ийн онолын бүтээл
ийн анхны
 []


Underfull \hbox (badness 10000) in paragraph at lines 356--357
\TU/NotoSerif(1)/m/n/10 зохиогч болох \TU/LatinModernRoman(0)/m/n/10 "\TU/NotoS
erif(1)/m/n/10 Ёс зүйт сонирхогч\TU/LatinModernRoman(0)/m/n/10 "-\TU/NotoSerif(
1)/m/n/10 д\TU/LatinModernRoman(0)/m/n/10 ,
 []


Underfull \hbox (badness 4647) in paragraph at lines 356--357
\TU/NotoSerif(1)/m/n/10 түүний гүн\TU/LatinModernRoman(0)/m/n/10 , \TU/NotoSeri
f(1)/m/n/10 шинэлэг бүтээлээ дэлхийтэй
 []


Underfull \hbox (badness 1521) in paragraph at lines 356--357
\TU/NotoSerif(1)/m/n/10 гурван хэсэг бүхий онолын бүтээл \TU/LatinModernRoman(0
)/m/n/10 [[]] \TU/NotoSerif(1)/m/n/10 нь
 []


Underfull \hbox (badness 2726) in paragraph at lines 356--357
\TU/NotoSerif(1)/m/n/10 Джаанибековын Хэлбэлзэл \TU/LatinModernRoman(0)/m/n/10 
(ECDO) \TU/NotoSerif(1)/m/n/10 онолын
 []


Underfull \hbox (badness 6477) in paragraph at lines 356--357
\TU/NotoSerif(1)/m/n/10 хамгийн нэр хүндтэй бүтээл бөгөөд энэ
 []


Underfull \hbox (badness 3954) in paragraph at lines 358--359
[]\TU/NotoSerif(1)/m/n/10 Мөн биднээс өмнө бүх судалгаа болон
 []


Underfull \hbox (badness 2150) in paragraph at lines 358--359
\TU/NotoSerif(1)/m/n/10 төрөлхтөнд гэрэл авчрах гэж зорьсон хэн
 []


Underfull \hbox (badness 1215) in paragraph at lines 358--359
\TU/NotoSerif(1)/m/n/10 бүхэнд талархал илэрхийлье\TU/LatinModernRoman(0)/m/n/1
0 . \TU/NotoSerif(1)/m/n/10 Та бүхэн л
 []

[9] (./2mongoliantranslated.bbl
Underfull \hbox (badness 10000) in paragraph at lines 9--11
[]\TU/LatinModernRoman(0)/m/n/9 Answers research journal, 2008--present.
 []


Underfull \hbox (badness 7595) in paragraph at lines 101--105
[]\TU/LatinModernRoman(0)/m/n/9 GetYourGuide.  Canyoning in grand canyon.
 []


Underfull \hbox (badness 10000) in paragraph at lines 101--105
[]$[][][][][] [] [] [] [][][] [] [][][][][][][][][][][][] [] [][][] [] [][][][]
[][][][][][][][][][][][][][][] []
 []


Underfull \hbox (badness 10000) in paragraph at lines 132--137
[]\TU/LatinModernRoman(0)/m/n/9 Junho.  Ecdo kmls.  []$[][][][][] [] [] [] [][]
[][][][] [] [][][] []
 []


Underfull \hbox (badness 10000) in paragraph at lines 132--137
[][][][][][][] [] [][][][] [] [][][][] [] [][][][][][] [] [][][][][][][][][][][
][][] [] [][][] []
 []


Underfull \hbox (badness 3323) in paragraph at lines 139--144
[]\TU/LatinModernRoman(0)/m/n/9 Junho.  Mega-current ripples.  []$[][][][][] []
 [] [] [][][][][][] []
 []


Underfull \hbox (badness 10000) in paragraph at lines 139--144
[][][] [] [][][][][][][] [] [][][][] [] [][][][] [] [][][][][][] [] [][][][][][
][][][][][] []
 []


Underfull \hbox (badness 10000) in paragraph at lines 139--144
[][][][][][][][][][][][][][][][][][] [] [][][][][][][][][][][][][][][][][][][][
][][][] []
 []


Underfull \hbox (badness 2302) in paragraph at lines 146--149
[]\TU/LatinModernRoman(0)/m/n/9 Junho.  Ecdo github research repository, 2024.
 []


Underfull \hbox (badness 2057) in paragraph at lines 163--169
\TU/LatinModernRoman(0)/m/n/9 son, M. Finlayson, T. Gumbricht, L. Hilarides,
 []


Underfull \hbox (badness 1735) in paragraph at lines 189--193
[]\TU/LatinModernRoman(0)/m/n/9 National Park Service.  Geology - death valley
 []


Underfull \hbox (badness 2591) in paragraph at lines 189--193
\TU/LatinModernRoman(0)/m/n/9 national park.  []$[][][][][] [] [] [] [][][] [] 
[][][] [] [][][] [] [][][][] [] [][][][][] []
 []

[10


]
Underfull \hbox (badness 10000) in paragraph at lines 218--225
[][][][] [] [][] [] [][][][][][][][][][][][][][][][][][][][][][][][][][][][][][
][][][][][][][][][][][][][][] [] [][][][]$[]\TU/LatinModernRoman(0)/m/n/9 ,
 []


Underfull \hbox (badness 3417) in paragraph at lines 218--225
\TU/LatinModernRoman(0)/m/n/9 May 2017.  Annotazioni di Rosanna Pellerito.
 []


Underfull \hbox (badness 10000) in paragraph at lines 271--276
\TU/LatinModernRoman(0)/m/n/9 https://theethicalskeptic.com/2024/05/23/master-
 []


Underfull \hbox (badness 10000) in paragraph at lines 271--276
\TU/LatinModernRoman(0)/m/n/9 exothermic-core-mantle-decoupling-dzhanibekov-
 []


Underfull \hbox (badness 4913) in paragraph at lines 366--369
[]\TU/LatinModernRoman(0)/m/n/9 Wikipedia.  Great pyramid of giza.  []$[][][][]
[] []
 []


Underfull \hbox (badness 10000) in paragraph at lines 366--369
[] [] [][] [] [][][][][][][][][] [] [][][] [] [][][][] [] [][][][][] [] [][][][
][][][] [] [][] [] [][][][] []
 []


Underfull \hbox (badness 7256) in paragraph at lines 371--374
[]\TU/LatinModernRoman(0)/m/n/9 Wikipedia contributors.  Extinction event ---
 []


Underfull \hbox (badness 5316) in paragraph at lines 376--379
[]\TU/LatinModernRoman(0)/m/n/9 Wikipedia contributors.  4.2-kiloyear event ---

 []


Underfull \hbox (badness 5316) in paragraph at lines 381--384
[]\TU/LatinModernRoman(0)/m/n/9 Wikipedia contributors.  8.2-kiloyear event ---

 []


Underfull \hbox (badness 5417) in paragraph at lines 392--395
[]\TU/LatinModernRoman(0)/m/n/9 Wikipedia contributors.  Dolmen de Soto ---
 []


Underfull \hbox (badness 2334) in paragraph at lines 402--405
\TU/LatinModernRoman(0)/m/n/9 Free Encyclopedia, 2025.  [Online; accessed 9-
 []

[11]) [12

] (./2mongoliantranslated.aux)
 ***********
LaTeX2e <2023-11-01> patch level 1
L3 programming layer <2024-01-22>
 ***********


LaTeX Font Warning: Some font shapes were not available, defaults substituted.


LaTeX Warning: There were multiply-defined labels.

 ) 
Here is how much of TeX's memory you used:
 13832 strings out of 475702
 269426 string characters out of 5785445
 2164627 words of memory out of 5000000
 35530 multiletter control sequences out of 15000+600000
 571577 words of font info for 126 fonts, out of 8000000 for 9000
 932 hyphenation exceptions out of 8191
 79i,9n,93p,2159b,511s stack positions out of 10000i,1000n,20000p,200000b,200000s

Output written on 2mongoliantranslated.pdf (12 pages).
