This is XeTeX, Version 3.141592653-2.6-0.999995 (TeX Live 2023/Debian) (preloaded format=xelatex 2025.6.27)  7 JUL 2025 03:10
entering extended mode
 restricted \write18 enabled.
 %&-line parsing enabled.
**2mongoliantranslated2.tex
(./2mongoliantranslated2.tex
LaTeX2e <2023-11-01> patch level 1
L3 programming layer <2024-01-22>
(/usr/share/texlive/texmf-dist/tex/latex/base/article.cls
Document Class: article 2023/05/17 v1.4n Standard LaTeX document class
(/usr/share/texlive/texmf-dist/tex/latex/base/size10.clo
File: size10.clo 2023/05/17 v1.4n Standard LaTeX file (size option)
)
\c@part=\count183
\c@section=\count184
\c@subsection=\count185
\c@subsubsection=\count186
\c@paragraph=\count187
\c@subparagraph=\count188
\c@figure=\count189
\c@table=\count190
\abovecaptionskip=\skip48
\belowcaptionskip=\skip49
\bibindent=\dimen140
)
(/usr/share/texlive/texmf-dist/tex/latex/booktabs/booktabs.sty
Package: booktabs 2020/01/12 v1.61803398 Publication quality tables
\heavyrulewidth=\dimen141
\lightrulewidth=\dimen142
\cmidrulewidth=\dimen143
\belowrulesep=\dimen144
\belowbottomsep=\dimen145
\aboverulesep=\dimen146
\abovetopsep=\dimen147
\cmidrulesep=\dimen148
\cmidrulekern=\dimen149
\defaultaddspace=\dimen150
\@cmidla=\count191
\@cmidlb=\count192
\@aboverulesep=\dimen151
\@belowrulesep=\dimen152
\@thisruleclass=\count193
\@lastruleclass=\count194
\@thisrulewidth=\dimen153
)
(/usr/share/texlive/texmf-dist/tex/latex/sttools/stfloats.sty
Package: stfloats 2017/03/27 v3.3 Improve float mechanism and baselineskip sett
ings
\@dblbotnum=\count195
\c@dblbotnumber=\count196
)
(/usr/share/texlive/texmf-dist/tex/latex/newunicodechar/newunicodechar.sty
Package: newunicodechar 2018/04/08 v1.2 Defining Unicode characters
)
(/usr/share/texlive/texmf-dist/tex/latex/graphics/graphicx.sty
Package: graphicx 2021/09/16 v1.2d Enhanced LaTeX Graphics (DPC,SPQR)

(/usr/share/texlive/texmf-dist/tex/latex/graphics/keyval.sty
Package: keyval 2022/05/29 v1.15 key=value parser (DPC)
\KV@toks@=\toks17
)
(/usr/share/texlive/texmf-dist/tex/latex/graphics/graphics.sty
Package: graphics 2022/03/10 v1.4e Standard LaTeX Graphics (DPC,SPQR)

(/usr/share/texlive/texmf-dist/tex/latex/graphics/trig.sty
Package: trig 2021/08/11 v1.11 sin cos tan (DPC)
)
(/usr/share/texlive/texmf-dist/tex/latex/graphics-cfg/graphics.cfg
File: graphics.cfg 2016/06/04 v1.11 sample graphics configuration
)
Package graphics Info: Driver file: xetex.def on input line 107.

(/usr/share/texlive/texmf-dist/tex/latex/graphics-def/xetex.def
File: xetex.def 2022/09/22 v5.0n Graphics/color driver for xetex
))
\Gin@req@height=\dimen154
\Gin@req@width=\dimen155
)
(/usr/share/texlive/texmf-dist/tex/latex/fontspec/fontspec.sty
(/usr/share/texlive/texmf-dist/tex/latex/l3packages/xparse/xparse.sty
(/usr/share/texlive/texmf-dist/tex/latex/l3kernel/expl3.sty
Package: expl3 2024-01-22 L3 programming layer (loader) 

(/usr/share/texlive/texmf-dist/tex/latex/l3backend/l3backend-xetex.def
File: l3backend-xetex.def 2024-01-04 L3 backend support: XeTeX
\g__graphics_track_int=\count197
\l__pdf_internal_box=\box51
\g__pdf_backend_object_int=\count198
\g__pdf_backend_annotation_int=\count199
\g__pdf_backend_link_int=\count266
))
Package: xparse 2023-10-10 L3 Experimental document command parser
)
Package: fontspec 2022/01/15 v2.8a Font selection for XeLaTeX and LuaLaTeX

(/usr/share/texlive/texmf-dist/tex/latex/fontspec/fontspec-xetex.sty
Package: fontspec-xetex 2022/01/15 v2.8a Font selection for XeLaTeX and LuaLaTe
X
\l__fontspec_script_int=\count267
\l__fontspec_language_int=\count268
\l__fontspec_strnum_int=\count269
\l__fontspec_tmp_int=\count270
\l__fontspec_tmpa_int=\count271
\l__fontspec_tmpb_int=\count272
\l__fontspec_tmpc_int=\count273
\l__fontspec_em_int=\count274
\l__fontspec_emdef_int=\count275
\l__fontspec_strong_int=\count276
\l__fontspec_strongdef_int=\count277
\l__fontspec_tmpa_dim=\dimen156
\l__fontspec_tmpb_dim=\dimen157
\l__fontspec_tmpc_dim=\dimen158

(/usr/share/texlive/texmf-dist/tex/latex/base/fontenc.sty
Package: fontenc 2021/04/29 v2.0v Standard LaTeX package
)
(/usr/share/texlive/texmf-dist/tex/latex/fontspec/fontspec.cfg)))
(/usr/share/texlive/texmf-dist/tex/xelatex/ucharclasses/ucharclasses.sty
Package: ucharclasses 2022/10/20 v2.6.0 Unicode block character classes for XeL
aTeX

(/usr/share/texlive/texmf-dist/tex/generic/iftex/ifxetex.sty
Package: ifxetex 2019/10/25 v0.7 ifxetex legacy package. Use iftex instead.

(/usr/share/texlive/texmf-dist/tex/generic/iftex/iftex.sty
Package: iftex 2022/02/03 v1.0f TeX engine tests
))
\AegeanNumbersClass=\XeTeXcharclass1
\AlphabeticPresentationFormsClass=\XeTeXcharclass2
\AncientGreekMusicalNotationClass=\XeTeXcharclass3
\AncientGreekNumbersClass=\XeTeXcharclass4
\AncientSymbolsClass=\XeTeXcharclass5
\ArabicClass=\XeTeXcharclass6
\ArabicPresentationFormsAClass=\XeTeXcharclass7
\ArabicPresentationFormsBClass=\XeTeXcharclass8
\ArabicSupplementClass=\XeTeXcharclass9
\ArmenianClass=\XeTeXcharclass10
\ArrowsClass=\XeTeXcharclass11
\BalineseClass=\XeTeXcharclass12
\BasicLatinClass=\XeTeXcharclass13
\BengaliClass=\XeTeXcharclass14
\BlockElementsClass=\XeTeXcharclass15
\BopomofoClass=\XeTeXcharclass16
\BopomofoExtendedClass=\XeTeXcharclass17
\BoxDrawingClass=\XeTeXcharclass18
\BraillePatternsClass=\XeTeXcharclass19
\BugineseClass=\XeTeXcharclass20
\BuhidClass=\XeTeXcharclass21
\ByzantineMusicalSymbolsClass=\XeTeXcharclass22
\ChamClass=\XeTeXcharclass23
\CherokeeClass=\XeTeXcharclass24
\CJKCompatibilityClass=\XeTeXcharclass25
\CJKCompatibilityFormsClass=\XeTeXcharclass26
\CJKCompatibilityIdeographsClass=\XeTeXcharclass27
\CJKCompatibilityIdeographsSupplementClass=\XeTeXcharclass28
\CJKRadicalsSupplementClass=\XeTeXcharclass29
\CJKStrokesClass=\XeTeXcharclass30
\CJKSymbolsAndPunctuationClass=\XeTeXcharclass31
\CJKUnifiedIdeographsClass=\XeTeXcharclass32
\CJKUnifiedIdeographsExtensionAClass=\XeTeXcharclass33
\CJKUnifiedIdeographsExtensionBClass=\XeTeXcharclass34
\CombiningDiacriticalMarksClass=\XeTeXcharclass35
\CombiningDiacriticalMarksForSymbolsClass=\XeTeXcharclass36
\CombiningDiacriticalMarksSupplementClass=\XeTeXcharclass37
\CombiningHalfMarksClass=\XeTeXcharclass38
\ControlPicturesClass=\XeTeXcharclass39
\CopticClass=\XeTeXcharclass40
\CountingRodNumeralsClass=\XeTeXcharclass41
\CuneiformClass=\XeTeXcharclass42
\CuneiformNumbersAndPunctuationClass=\XeTeXcharclass43
\CurrencySymbolsClass=\XeTeXcharclass44
\CypriotSyllabaryClass=\XeTeXcharclass45
\CyrillicClass=\XeTeXcharclass46
\CyrillicExtendedAClass=\XeTeXcharclass47
\CyrillicExtendedBClass=\XeTeXcharclass48
\CyrillicSupplementClass=\XeTeXcharclass49
\DeseretClass=\XeTeXcharclass50
\DevanagariDanDaClass=\XeTeXcharclass51
\DevanagariMarksClass=\XeTeXcharclass52
\DevanagariPostDanDaClass=\XeTeXcharclass53
\DevanagariPostMarksClass=\XeTeXcharclass54
\DevanagariPreMarksClass=\XeTeXcharclass55
\DingbatsClass=\XeTeXcharclass56
\DominoTilesClass=\XeTeXcharclass57
\EnclosedAlphanumericsClass=\XeTeXcharclass58
\EnclosedCJKLettersAndMonthsClass=\XeTeXcharclass59
\EthiopicClass=\XeTeXcharclass60
\EthiopicExtendedClass=\XeTeXcharclass61
\EthiopicSupplementClass=\XeTeXcharclass62
\GeneralPunctuationClass=\XeTeXcharclass63
\GeometricShapesClass=\XeTeXcharclass64
\GeorgianClass=\XeTeXcharclass65
\GeorgianSupplementClass=\XeTeXcharclass66
\GlagoliticClass=\XeTeXcharclass67
\GreekAndCopticClass=\XeTeXcharclass68
\GreekExtendedClass=\XeTeXcharclass69
\GujaratiClass=\XeTeXcharclass70
\GurmukhiClass=\XeTeXcharclass71
\HalfwidthAndFullwidthFormsClass=\XeTeXcharclass72
\HangulCompatibilityJamoClass=\XeTeXcharclass73
\HangulJamoClass=\XeTeXcharclass74
\HangulSyllablesClass=\XeTeXcharclass75
\HanunooClass=\XeTeXcharclass76
\HebrewClass=\XeTeXcharclass77
\HiraganaClass=\XeTeXcharclass78
\IdeographicDescriptionCharactersClass=\XeTeXcharclass79
\IPAExtensionsClass=\XeTeXcharclass80
\KanbunClass=\XeTeXcharclass81
\KangxiRadicalsClass=\XeTeXcharclass82
\KannadaClass=\XeTeXcharclass83
\KatakanaClass=\XeTeXcharclass84
\KatakanaPhoneticExtensionsClass=\XeTeXcharclass85
\KayahLiClass=\XeTeXcharclass86
\KhmerClass=\XeTeXcharclass87
\KhmerSymbolsClass=\XeTeXcharclass88
\LaoClass=\XeTeXcharclass89
\LatinExtendedAdditionalClass=\XeTeXcharclass90
\LatinExtendedAClass=\XeTeXcharclass91
\LatinExtendedBClass=\XeTeXcharclass92
\LatinExtendedCClass=\XeTeXcharclass93
\LatinExtendedDClass=\XeTeXcharclass94
\LatinSupplementClass=\XeTeXcharclass95
\LepchaClass=\XeTeXcharclass96
\LetterlikeSymbolsClass=\XeTeXcharclass97
\LimbuClass=\XeTeXcharclass98
\LinearBIdeogramsClass=\XeTeXcharclass99
\LinearBSyllabaryClass=\XeTeXcharclass100
\MahjongTilesClass=\XeTeXcharclass101
\MalayalamClass=\XeTeXcharclass102
\MathematicalAlphanumericSymbolsClass=\XeTeXcharclass103
\MathematicalOperatorsClass=\XeTeXcharclass104
\MiscellaneousMathematicalSymbolsAClass=\XeTeXcharclass105
\MiscellaneousMathematicalSymbolsBClass=\XeTeXcharclass106
\MiscellaneousSymbolsClass=\XeTeXcharclass107
\MiscellaneousSymbolsAndArrowsClass=\XeTeXcharclass108
\MiscellaneousTechnicalClass=\XeTeXcharclass109
\ModifierToneLettersClass=\XeTeXcharclass110
\MongolianClass=\XeTeXcharclass111
\MusicalSymbolsClass=\XeTeXcharclass112
\MyanmarClass=\XeTeXcharclass113
\NewTaiLueClass=\XeTeXcharclass114
\NKoClass=\XeTeXcharclass115
\NumberFormsClass=\XeTeXcharclass116
\OghamClass=\XeTeXcharclass117
\OlChikiClass=\XeTeXcharclass118
\OldPersianClass=\XeTeXcharclass119
\OpticalCharacterRecognitionClass=\XeTeXcharclass120
\OriyaClass=\XeTeXcharclass121
\OsmanyaClass=\XeTeXcharclass122
\PhagsPaClass=\XeTeXcharclass123
\PhoenicianClass=\XeTeXcharclass124
\PhoneticExtensionsClass=\XeTeXcharclass125
\PhoneticExtensionsSupplementClass=\XeTeXcharclass126
\PrivateUseAreaClass=\XeTeXcharclass127
\RejangClass=\XeTeXcharclass128
\RunicClass=\XeTeXcharclass129
\SaurashtraClass=\XeTeXcharclass130
\ShavianClass=\XeTeXcharclass131
\SinhalaClass=\XeTeXcharclass132
\SmallFormVariantsClass=\XeTeXcharclass133
\SpacingModifierLettersClass=\XeTeXcharclass134
\SundaneseClass=\XeTeXcharclass135
\SuperscriptsAndSubscriptsClass=\XeTeXcharclass136
\SupplementalArrowsAClass=\XeTeXcharclass137
\SupplementalArrowsBClass=\XeTeXcharclass138
\SupplementalMathematicalOperatorsClass=\XeTeXcharclass139
\SupplementalPunctuationClass=\XeTeXcharclass140
\SylotiNagriClass=\XeTeXcharclass141
\SyriacClass=\XeTeXcharclass142
\TagalogClass=\XeTeXcharclass143
\TagbanwaClass=\XeTeXcharclass144
\TagsClass=\XeTeXcharclass145
\TaiLeClass=\XeTeXcharclass146
\TaiXuanJingSymbolsClass=\XeTeXcharclass147
\TamilClass=\XeTeXcharclass148
\TeluguClass=\XeTeXcharclass149
\ThaanaClass=\XeTeXcharclass150
\ThaiClass=\XeTeXcharclass151
\TibetanClass=\XeTeXcharclass152
\TifinaghClass=\XeTeXcharclass153
\UgariticClass=\XeTeXcharclass154
\UnifiedCanadianAboriginalSyllabicsClass=\XeTeXcharclass155
\VaiClass=\XeTeXcharclass156
\VerticalFormsClass=\XeTeXcharclass157
\YiRadicalsClass=\XeTeXcharclass158
\YiSyllablesClass=\XeTeXcharclass159
\YijingHexagramSymbolsClass=\XeTeXcharclass160
\AvestanClass=\XeTeXcharclass161
\BamumClass=\XeTeXcharclass162
\CJKUnifiedIdeographsExtensionCClass=\XeTeXcharclass163
\CommonIndicNumberFormsClass=\XeTeXcharclass164
\DevanagariExtendedClass=\XeTeXcharclass165
\EgyptianHieroglyphsClass=\XeTeXcharclass166
\EnclosedAlphanumericSupplementClass=\XeTeXcharclass167
\EnclosedIdeographicSupplementClass=\XeTeXcharclass168
\HangulJamoExtendedAClass=\XeTeXcharclass169
\HangulJamoExtendedBClass=\XeTeXcharclass170
\ImperialAramaicClass=\XeTeXcharclass171
\InscriptionalPahlaviClass=\XeTeXcharclass172
\InscriptionalParthianClass=\XeTeXcharclass173
\JavaneseClass=\XeTeXcharclass174
\KaithiClass=\XeTeXcharclass175
\LisuClass=\XeTeXcharclass176
\MeeteiMayekClass=\XeTeXcharclass177
\MyanmarExtendedAClass=\XeTeXcharclass178
\RumiNumeralSymbolsClass=\XeTeXcharclass179
\SamaritanClass=\XeTeXcharclass180
\TaiThamClass=\XeTeXcharclass181
\TaiVietClass=\XeTeXcharclass182
\UnifiedCanadianAboriginalSyllabicsExtendedClass=\XeTeXcharclass183
\VedicExtensionsClass=\XeTeXcharclass184
\AlchemicalSymbolsClass=\XeTeXcharclass185
\BamumSupplementClass=\XeTeXcharclass186
\BatakClass=\XeTeXcharclass187
\BrahmiClass=\XeTeXcharclass188
\CJKUnifiedIdeographsExtensionDClass=\XeTeXcharclass189
\EmoticonsClass=\XeTeXcharclass190
\EthiopicExtendedAClass=\XeTeXcharclass191
\KanaSupplementClass=\XeTeXcharclass192
\MandaicClass=\XeTeXcharclass193
\MiscellaneousSymbolsAndPictographsClass=\XeTeXcharclass194
\PlayingCardsClass=\XeTeXcharclass195
\TransportAndMapSymbolsClass=\XeTeXcharclass196
\ArabicExtendedAClass=\XeTeXcharclass197
\ArabicMathematicalAlphabeticSymbolsClass=\XeTeXcharclass198
\ChakmaClass=\XeTeXcharclass199
\MeeteiMayekExtensionsClass=\XeTeXcharclass200
\MeroiticCursiveClass=\XeTeXcharclass201
\MeroiticHieroglyphsClass=\XeTeXcharclass202
\MiaoClass=\XeTeXcharclass203
\SharadaClass=\XeTeXcharclass204
\SoraSompengClass=\XeTeXcharclass205
\SundaneseSupplementClass=\XeTeXcharclass206
\TakriClass=\XeTeXcharclass207
\BassaVahClass=\XeTeXcharclass208
\CaucasianAlbanianClass=\XeTeXcharclass209
\CombiningDiacriticalMarksExtendedClass=\XeTeXcharclass210
\CopticEpactNumbersClass=\XeTeXcharclass211
\ElbasanClass=\XeTeXcharclass212
\GeometricShapesExtendedClass=\XeTeXcharclass213
\GranthaClass=\XeTeXcharclass214
\KhojkiClass=\XeTeXcharclass215
\KhudawadiClass=\XeTeXcharclass216
\LatinExtendedEClass=\XeTeXcharclass217
\LinearAClass=\XeTeXcharclass218
\MahajaniClass=\XeTeXcharclass219
\MendeKikakuiClass=\XeTeXcharclass220
\ModiClass=\XeTeXcharclass221
\MroClass=\XeTeXcharclass222
\MyanmarExtendedBClass=\XeTeXcharclass223
\OrnamentalDingbatsClass=\XeTeXcharclass224
\PahawhHmongClass=\XeTeXcharclass225
\PauCinHauClass=\XeTeXcharclass226
\SiddhamClass=\XeTeXcharclass227
\SinhalaArchaicNumbersClass=\XeTeXcharclass228
\SupplementalArrowsCClass=\XeTeXcharclass229
\TirhutaClass=\XeTeXcharclass230
\WarangCitiClass=\XeTeXcharclass231
\CherokeeSupplementClass=\XeTeXcharclass232
\CJKUnifiedIdeographsExtensionEClass=\XeTeXcharclass233
\SupplementalSymbolsAndPictographsClass=\XeTeXcharclass234
\CyrillicExtendedCClass=\XeTeXcharclass235
\GlagoliticSupplementClass=\XeTeXcharclass236
\IdeographicSymbolsAndPunctuationClass=\XeTeXcharclass237
\MongolianSupplementClass=\XeTeXcharclass238
\CJKUnifiedIdeographsExtensionFClass=\XeTeXcharclass239
\KanaExtendedAClass=\XeTeXcharclass240
\SyriacSupplementClass=\XeTeXcharclass241
\GeorgianExtendedClass=\XeTeXcharclass242
\SmallKanaExtensionClass=\XeTeXcharclass243
\SymbolsAndPictographsExtendedAClass=\XeTeXcharclass244
\CJKUnifiedIdeographsExtensionGClass=\XeTeXcharclass245
\ArabicExtendedBClass=\XeTeXcharclass246
\EthiopicExtendedBClass=\XeTeXcharclass247
\KanaExtendedBClass=\XeTeXcharclass248
\LatinExtendedFClass=\XeTeXcharclass249
\LatinExtendedGClass=\XeTeXcharclass250
\UnifiedCanadianAboriginalSyllabicsExtendedAClass=\XeTeXcharclass251
\ArabicExtendedCClass=\XeTeXcharclass252
\CJKUnifiedIdeographsExtensionHClass=\XeTeXcharclass253
\CyrillicExtendedDClass=\XeTeXcharclass254
\DevanagariExtendedAClass=\XeTeXcharclass255
\CarianClass=\XeTeXcharclass256
\GothicClass=\XeTeXcharclass257
\KharoshthiClass=\XeTeXcharclass258
\LycianClass=\XeTeXcharclass259
\LydianClass=\XeTeXcharclass260
\OldItalicClass=\XeTeXcharclass261
\PhaistosDiscClass=\XeTeXcharclass262
\SupplementaryPrivateUseAreaAClass=\XeTeXcharclass263
\SupplementaryPrivateUseAreaBClass=\XeTeXcharclass264
\OldSouthArabianClass=\XeTeXcharclass265
\OldTurkicClass=\XeTeXcharclass266
\DuployanClass=\XeTeXcharclass267
\ManichaeanClass=\XeTeXcharclass268
\NabataeanClass=\XeTeXcharclass269
\OldNorthArabianClass=\XeTeXcharclass270
\OldPermicClass=\XeTeXcharclass271
\PalmyreneClass=\XeTeXcharclass272
\PsalterPahlaviClass=\XeTeXcharclass273
\ShorthandFormatControlsClass=\XeTeXcharclass274
\AhomClass=\XeTeXcharclass275
\AnatolianHieroglyphsClass=\XeTeXcharclass276
\EarlyDynasticCuneiformClass=\XeTeXcharclass277
\HatranClass=\XeTeXcharclass278
\MultaniClass=\XeTeXcharclass279
\OldHungarianClass=\XeTeXcharclass280
\SuttonSignWritingClass=\XeTeXcharclass281
\AdlamClass=\XeTeXcharclass282
\BhaiksukiClass=\XeTeXcharclass283
\MarchenClass=\XeTeXcharclass284
\NewaClass=\XeTeXcharclass285
\OsageClass=\XeTeXcharclass286
\TangutClass=\XeTeXcharclass287
\TangutComponentsClass=\XeTeXcharclass288
\MasaramGondiClass=\XeTeXcharclass289
\NushuClass=\XeTeXcharclass290
\SoyomboClass=\XeTeXcharclass291
\ZanabazarSquareClass=\XeTeXcharclass292
\ChessSymbolsClass=\XeTeXcharclass293
\DograClass=\XeTeXcharclass294
\GunjalaGondiClass=\XeTeXcharclass295
\HanifiRohingyaClass=\XeTeXcharclass296
\IndicSiyaqNumbersClass=\XeTeXcharclass297
\MakasarClass=\XeTeXcharclass298
\MayanNumeralsClass=\XeTeXcharclass299
\MedefaidrinClass=\XeTeXcharclass300
\OldSogdianClass=\XeTeXcharclass301
\SogdianClass=\XeTeXcharclass302
\EgyptianHieroglyphFormatControlsClass=\XeTeXcharclass303
\ElymaicClass=\XeTeXcharclass304
\NandinagariClass=\XeTeXcharclass305
\NyiakengPuachueHmongClass=\XeTeXcharclass306
\OttomanSiyaqNumbersClass=\XeTeXcharclass307
\TamilSupplementClass=\XeTeXcharclass308
\WanchoClass=\XeTeXcharclass309
\ChorasmianClass=\XeTeXcharclass310
\DivesAkuruClass=\XeTeXcharclass311
\KhitanSmallScriptClass=\XeTeXcharclass312
\LisuSupplementClass=\XeTeXcharclass313
\SymbolsForLegacyComputingClass=\XeTeXcharclass314
\TangutSupplementClass=\XeTeXcharclass315
\YezidiClass=\XeTeXcharclass316
\CyproMinoanClass=\XeTeXcharclass317
\OldUighurClass=\XeTeXcharclass318
\TangsaClass=\XeTeXcharclass319
\TotoClass=\XeTeXcharclass320
\VithkuqiClass=\XeTeXcharclass321
\ZnamennyMusicalNotationClass=\XeTeXcharclass322
\KaktovikNumeralsClass=\XeTeXcharclass323
\KawiClass=\XeTeXcharclass324
\NagMundariClass=\XeTeXcharclass325
)

Package fontspec Info: Font family 'LatinModernRoman(0)' created for font
(fontspec)             'Latin Modern Roman' with options [].
(fontspec)              
(fontspec)              This font family consists of the following NFSS
(fontspec)             series/shapes:
(fontspec)              
(fontspec)             - 'normal' (m/n) with NFSS spec.: <->"Latin Modern
(fontspec)             Roman/OT:script=latn;language=dflt;"
(fontspec)             - 'small caps'  (m/sc) with NFSS spec.: 
(fontspec)             - 'bold' (b/n) with NFSS spec.: <->"Latin Modern
(fontspec)             Roman/B/OT:script=latn;language=dflt;"
(fontspec)             - 'bold small caps'  (b/sc) with NFSS spec.: 
(fontspec)             - 'italic' (m/it) with NFSS spec.: <->"Latin Modern
(fontspec)             Roman/I/OT:script=latn;language=dflt;"
(fontspec)             - 'italic small caps'  (m/scit) with NFSS spec.: 
(fontspec)             - 'bold italic' (b/it) with NFSS spec.: <->"Latin
(fontspec)             Modern Roman/BI/OT:script=latn;language=dflt;"
(fontspec)             - 'bold italic small caps'  (b/scit) with NFSS spec.: 



Package fontspec Warning: Font "Noto Serif" does not contain requested Script
(fontspec)                "Mongolian".


Package fontspec Info: Font family 'NotoSerif(0)' created for font 'Noto
(fontspec)             Serif' with options [Script=Mongolian].
(fontspec)              
(fontspec)              This font family consists of the following NFSS
(fontspec)             series/shapes:
(fontspec)              
(fontspec)             - 'normal' (m/n) with NFSS spec.: <->"Noto
(fontspec)             Serif/OT:script=latn;language=dflt;"
(fontspec)             - 'small caps'  (m/sc) with NFSS spec.: <->"Noto
(fontspec)             Serif/OT:script=latn;language=dflt;+smcp;"
(fontspec)             - 'bold' (b/n) with NFSS spec.: <->"Noto
(fontspec)             Serif/B/OT:script=latn;language=dflt;"
(fontspec)             - 'bold small caps'  (b/sc) with NFSS spec.: <->"Noto
(fontspec)             Serif/B/OT:script=latn;language=dflt;+smcp;"
(fontspec)             - 'italic' (m/it) with NFSS spec.: <->"Noto
(fontspec)             Serif/I/OT:script=latn;language=dflt;"
(fontspec)             - 'italic small caps'  (m/scit) with NFSS spec.:
(fontspec)             <->"Noto Serif/I/OT:script=latn;language=dflt;+smcp;"
(fontspec)             - 'bold italic' (b/it) with NFSS spec.: <->"Noto
(fontspec)             Serif/BI/OT:script=latn;language=dflt;"
(fontspec)             - 'bold italic small caps'  (b/scit) with NFSS spec.:
(fontspec)             <->"Noto Serif/BI/OT:script=latn;language=dflt;+smcp;"


Package fontspec Info: Font family 'NotoSerif(1)' created for font 'Noto
(fontspec)             Serif' with options [Script=Cyrillic].
(fontspec)              
(fontspec)              This font family consists of the following NFSS
(fontspec)             series/shapes:
(fontspec)              
(fontspec)             - 'normal' (m/n) with NFSS spec.: <->"Noto
(fontspec)             Serif/OT:script=cyrl;language=dflt;"
(fontspec)             - 'small caps'  (m/sc) with NFSS spec.: <->"Noto
(fontspec)             Serif/OT:script=cyrl;language=dflt;+smcp;"
(fontspec)             - 'bold' (b/n) with NFSS spec.: <->"Noto
(fontspec)             Serif/B/OT:script=cyrl;language=dflt;"
(fontspec)             - 'bold small caps'  (b/sc) with NFSS spec.: <->"Noto
(fontspec)             Serif/B/OT:script=cyrl;language=dflt;+smcp;"
(fontspec)             - 'italic' (m/it) with NFSS spec.: <->"Noto
(fontspec)             Serif/I/OT:script=cyrl;language=dflt;"
(fontspec)             - 'italic small caps'  (m/scit) with NFSS spec.:
(fontspec)             <->"Noto Serif/I/OT:script=cyrl;language=dflt;+smcp;"
(fontspec)             - 'bold italic' (b/it) with NFSS spec.: <->"Noto
(fontspec)             Serif/BI/OT:script=cyrl;language=dflt;"
(fontspec)             - 'bold italic small caps'  (b/scit) with NFSS spec.:
(fontspec)             <->"Noto Serif/BI/OT:script=cyrl;language=dflt;+smcp;"

(./cvpr.sty (./eso-pic.sty
Package: eso-pic 2002/11/16 v1.1b eso-pic (RN)
 (./cvpr_eso.sty

LaTeX Warning: You have requested package `eso-pic',
               but the package provides `everyshi'.

Package: everyshi 2001/05/15 v3.00 EveryShipout Package (MS)
)) (/usr/share/texlive/texmf-dist/tex/latex/tools/xspace.sty
Package: xspace 2014/10/28 v1.13 Space after command names (DPC,MH)
)
CVPR 8.5 x 11-Inch Proceedings Style `cvpr.sty'.
\@ctmp=\skip50
\@figindent=\skip51
\cvprrulerbox=\box52
\cvprrulercount=\count278
\cvprruleroffset=\dimen159
\cv@lineheight=\dimen160
\cv@boxheight=\dimen161
\cv@tmpbox=\box53
\cv@refno=\count279
\cv@tot=\count280
\cv@tmpc@=\count281
\cv@tmpc=\count282
) (/usr/share/texlive/texmf-dist/tex/latex/psnfss/times.sty
Package: times 2020/03/25 PSNFSS-v9.3 (SPQR) 
)
(/usr/share/texlive/texmf-dist/tex/latex/graphics/epsfig.sty
Package: epsfig 2017/06/25 v1.7b (e)psfig emulation (SPQR)
\epsfxsize=\dimen162
\epsfysize=\dimen163
)
(/usr/share/texlive/texmf-dist/tex/latex/amsmath/amsmath.sty
Package: amsmath 2023/05/13 v2.17o AMS math features
\@mathmargin=\skip52

For additional information on amsmath, use the `?' option.
(/usr/share/texlive/texmf-dist/tex/latex/amsmath/amstext.sty
Package: amstext 2021/08/26 v2.01 AMS text

(/usr/share/texlive/texmf-dist/tex/latex/amsmath/amsgen.sty
File: amsgen.sty 1999/11/30 v2.0 generic functions
\@emptytoks=\toks18
\ex@=\dimen164
))
(/usr/share/texlive/texmf-dist/tex/latex/amsmath/amsbsy.sty
Package: amsbsy 1999/11/29 v1.2d Bold Symbols
\pmbraise@=\dimen165
)
(/usr/share/texlive/texmf-dist/tex/latex/amsmath/amsopn.sty
Package: amsopn 2022/04/08 v2.04 operator names
)
\inf@bad=\count283
LaTeX Info: Redefining \frac on input line 234.
\uproot@=\count284
\leftroot@=\count285
LaTeX Info: Redefining \overline on input line 399.
LaTeX Info: Redefining \colon on input line 410.
\classnum@=\count286
\DOTSCASE@=\count287
LaTeX Info: Redefining \ldots on input line 496.
LaTeX Info: Redefining \dots on input line 499.
LaTeX Info: Redefining \cdots on input line 620.
\Mathstrutbox@=\box54
\strutbox@=\box55
LaTeX Info: Redefining \big on input line 722.
LaTeX Info: Redefining \Big on input line 723.
LaTeX Info: Redefining \bigg on input line 724.
LaTeX Info: Redefining \Bigg on input line 725.
\big@size=\dimen166
LaTeX Font Info:    Redeclaring font encoding OML on input line 743.
LaTeX Font Info:    Redeclaring font encoding OMS on input line 744.
\macc@depth=\count288
LaTeX Info: Redefining \bmod on input line 905.
LaTeX Info: Redefining \pmod on input line 910.
LaTeX Info: Redefining \smash on input line 940.
LaTeX Info: Redefining \relbar on input line 970.
LaTeX Info: Redefining \Relbar on input line 971.
\c@MaxMatrixCols=\count289
\dotsspace@=\muskip16
\c@parentequation=\count290
\dspbrk@lvl=\count291
\tag@help=\toks19
\row@=\count292
\column@=\count293
\maxfields@=\count294
\andhelp@=\toks20
\eqnshift@=\dimen167
\alignsep@=\dimen168
\tagshift@=\dimen169
\tagwidth@=\dimen170
\totwidth@=\dimen171
\lineht@=\dimen172
\@envbody=\toks21
\multlinegap=\skip53
\multlinetaggap=\skip54
\mathdisplay@stack=\toks22
LaTeX Info: Redefining \[ on input line 2953.
LaTeX Info: Redefining \] on input line 2954.
)
(/usr/share/texlive/texmf-dist/tex/latex/amsfonts/amssymb.sty
Package: amssymb 2013/01/14 v3.01 AMS font symbols

(/usr/share/texlive/texmf-dist/tex/latex/amsfonts/amsfonts.sty
Package: amsfonts 2013/01/14 v3.01 Basic AMSFonts support
\symAMSa=\mathgroup4
\symAMSb=\mathgroup5
LaTeX Font Info:    Redeclaring math symbol \hbar on input line 98.
LaTeX Font Info:    Overwriting math alphabet `\mathfrak' in version `bold'
(Font)                  U/euf/m/n --> U/euf/b/n on input line 106.
))
(/usr/share/texlive/texmf-dist/tex/latex/hyperref/hyperref.sty
Package: hyperref 2024-01-20 v7.01h Hypertext links for LaTeX

(/usr/share/texlive/texmf-dist/tex/latex/kvsetkeys/kvsetkeys.sty
Package: kvsetkeys 2022-10-05 v1.19 Key value parser (HO)
)
(/usr/share/texlive/texmf-dist/tex/generic/kvdefinekeys/kvdefinekeys.sty
Package: kvdefinekeys 2019-12-19 v1.6 Define keys (HO)
)
(/usr/share/texlive/texmf-dist/tex/generic/pdfescape/pdfescape.sty
Package: pdfescape 2019/12/09 v1.15 Implements pdfTeX's escape features (HO)

(/usr/share/texlive/texmf-dist/tex/generic/ltxcmds/ltxcmds.sty
Package: ltxcmds 2023-12-04 v1.26 LaTeX kernel commands for general use (HO)
)
(/usr/share/texlive/texmf-dist/tex/generic/pdftexcmds/pdftexcmds.sty
Package: pdftexcmds 2020-06-27 v0.33 Utility functions of pdfTeX for LuaTeX (HO
)

(/usr/share/texlive/texmf-dist/tex/generic/infwarerr/infwarerr.sty
Package: infwarerr 2019/12/03 v1.5 Providing info/warning/error messages (HO)
)
Package pdftexcmds Info: \pdf@primitive is available.
Package pdftexcmds Info: \pdf@ifprimitive is available.
Package pdftexcmds Info: \pdfdraftmode not found.
))
(/usr/share/texlive/texmf-dist/tex/latex/hycolor/hycolor.sty
Package: hycolor 2020-01-27 v1.10 Color options for hyperref/bookmark (HO)
)
(/usr/share/texlive/texmf-dist/tex/latex/auxhook/auxhook.sty
Package: auxhook 2019-12-17 v1.6 Hooks for auxiliary files (HO)
)
(/usr/share/texlive/texmf-dist/tex/latex/hyperref/nameref.sty
Package: nameref 2023-11-26 v2.56 Cross-referencing by name of section

(/usr/share/texlive/texmf-dist/tex/latex/refcount/refcount.sty
Package: refcount 2019/12/15 v3.6 Data extraction from label references (HO)
)
(/usr/share/texlive/texmf-dist/tex/generic/gettitlestring/gettitlestring.sty
Package: gettitlestring 2019/12/15 v1.6 Cleanup title references (HO)

(/usr/share/texlive/texmf-dist/tex/latex/kvoptions/kvoptions.sty
Package: kvoptions 2022-06-15 v3.15 Key value format for package options (HO)
))
\c@section@level=\count295
)
(/usr/share/texlive/texmf-dist/tex/latex/etoolbox/etoolbox.sty
Package: etoolbox 2020/10/05 v2.5k e-TeX tools for LaTeX (JAW)
\etb@tempcnta=\count296
)
\@linkdim=\dimen173
\Hy@linkcounter=\count297
\Hy@pagecounter=\count298

(/usr/share/texlive/texmf-dist/tex/latex/hyperref/pd1enc.def
File: pd1enc.def 2024-01-20 v7.01h Hyperref: PDFDocEncoding definition (HO)
)
(/usr/share/texlive/texmf-dist/tex/generic/intcalc/intcalc.sty
Package: intcalc 2019/12/15 v1.3 Expandable calculations with integers (HO)
)
\Hy@SavedSpaceFactor=\count299

(/usr/share/texlive/texmf-dist/tex/latex/hyperref/puenc.def
File: puenc.def 2024-01-20 v7.01h Hyperref: PDF Unicode definition (HO)
)
Package hyperref Info: Option `breaklinks' set `true' on input line 4062.
Package hyperref Info: Option `bookmarks' set `false' on input line 4062.
Package hyperref Info: Hyper figures OFF on input line 4179.
Package hyperref Info: Link nesting OFF on input line 4184.
Package hyperref Info: Hyper index ON on input line 4187.
Package hyperref Info: Plain pages OFF on input line 4194.
Package hyperref Info: Backreferencing OFF on input line 4199.
Package hyperref Info: Implicit mode ON; LaTeX internals redefined.
Package hyperref Info: Bookmarks OFF on input line 4452.
\c@Hy@tempcnt=\count300

(/usr/share/texlive/texmf-dist/tex/latex/url/url.sty
\Urlmuskip=\muskip17
Package: url 2013/09/16  ver 3.4  Verb mode for urls, etc.
)
LaTeX Info: Redefining \url on input line 4784.
\XeTeXLinkMargin=\dimen174

(/usr/share/texlive/texmf-dist/tex/generic/bitset/bitset.sty
Package: bitset 2019/12/09 v1.3 Handle bit-vector datatype (HO)

(/usr/share/texlive/texmf-dist/tex/generic/bigintcalc/bigintcalc.sty
Package: bigintcalc 2019/12/15 v1.5 Expandable calculations on big integers (HO
)
))
\Fld@menulength=\count301
\Field@Width=\dimen175
\Fld@charsize=\dimen176
Package hyperref Info: Hyper figures OFF on input line 6063.
Package hyperref Info: Link nesting OFF on input line 6068.
Package hyperref Info: Hyper index ON on input line 6071.
Package hyperref Info: backreferencing OFF on input line 6078.
Package hyperref Info: Link coloring OFF on input line 6083.
Package hyperref Info: Link coloring with OCG OFF on input line 6088.
Package hyperref Info: PDF/A mode OFF on input line 6093.

(/usr/share/texlive/texmf-dist/tex/latex/base/atbegshi-ltx.sty
Package: atbegshi-ltx 2021/01/10 v1.0c Emulation of the original atbegshi
package with kernel methods
)
\Hy@abspage=\count302
\c@Item=\count303
\c@Hfootnote=\count304
)
Package hyperref Info: Driver (autodetected): hxetex.

(/usr/share/texlive/texmf-dist/tex/latex/hyperref/hxetex.def
File: hxetex.def 2024-01-20 v7.01h Hyperref driver for XeTeX

(/usr/share/texlive/texmf-dist/tex/generic/stringenc/stringenc.sty
Package: stringenc 2019/11/29 v1.12 Convert strings between diff. encodings (HO
)
)
\pdfm@box=\box56
\c@Hy@AnnotLevel=\count305
\HyField@AnnotCount=\count306
\Fld@listcount=\count307
\c@bookmark@seq@number=\count308

(/usr/share/texlive/texmf-dist/tex/latex/rerunfilecheck/rerunfilecheck.sty
Package: rerunfilecheck 2022-07-10 v1.10 Rerun checks for auxiliary files (HO)

(/usr/share/texlive/texmf-dist/tex/latex/base/atveryend-ltx.sty
Package: atveryend-ltx 2020/08/19 v1.0a Emulation of the original atveryend pac
kage
with kernel methods
)
(/usr/share/texlive/texmf-dist/tex/generic/uniquecounter/uniquecounter.sty
Package: uniquecounter 2019/12/15 v1.4 Provide unlimited unique counter (HO)
)
Package uniquecounter Info: New unique counter `rerunfilecheck' on input line 2
85.
)
\Hy@SectionHShift=\skip55
)
LaTeX Font Info:    Trying to load font information for TU+ptm on input line 82
.
LaTeX Font Info:    No file TUptm.fd. on input line 82.


LaTeX Font Warning: Font shape `TU/ptm/m/n' undefined
(Font)              using `TU/lmr/m/n' instead on input line 82.

(./2mongoliantranslated2.aux

LaTeX Warning: Label `fig:onecol' multiply defined.


LaTeX Warning: Label `fig:onecol' multiply defined.


LaTeX Warning: Label `fig:onecol' multiply defined.


LaTeX Warning: Label `fig:onecol' multiply defined.


LaTeX Warning: Label `fig:onecol' multiply defined.


LaTeX Warning: Label `fig:onecol' multiply defined.


LaTeX Warning: Label `fig:onecol' multiply defined.


LaTeX Warning: Label `fig:onecol' multiply defined.


LaTeX Warning: Label `fig:onecol' multiply defined.


LaTeX Warning: Label `fig:onecol' multiply defined.


LaTeX Warning: Label `fig:onecol' multiply defined.


LaTeX Warning: Label `fig:onecol' multiply defined.

)
\openout1 = `2mongoliantranslated2.aux'.

LaTeX Font Info:    Checking defaults for OML/cmm/m/it on input line 82.
LaTeX Font Info:    ... okay on input line 82.
LaTeX Font Info:    Checking defaults for OMS/cmsy/m/n on input line 82.
LaTeX Font Info:    ... okay on input line 82.
LaTeX Font Info:    Checking defaults for OT1/cmr/m/n on input line 82.
LaTeX Font Info:    ... okay on input line 82.
LaTeX Font Info:    Checking defaults for T1/cmr/m/n on input line 82.
LaTeX Font Info:    ... okay on input line 82.
LaTeX Font Info:    Checking defaults for TS1/cmr/m/n on input line 82.
LaTeX Font Info:    Trying to load font information for TS1+cmr on input line 8
2.
 (/usr/share/texlive/texmf-dist/tex/latex/base/ts1cmr.fd
File: ts1cmr.fd 2023/04/13 v2.5m Standard LaTeX font definitions
)
LaTeX Font Info:    ... okay on input line 82.
LaTeX Font Info:    Checking defaults for TU/lmr/m/n on input line 82.
LaTeX Font Info:    ... okay on input line 82.
LaTeX Font Info:    Checking defaults for OMX/cmex/m/n on input line 82.
LaTeX Font Info:    ... okay on input line 82.
LaTeX Font Info:    Checking defaults for U/cmr/m/n on input line 82.
LaTeX Font Info:    ... okay on input line 82.
LaTeX Font Info:    Checking defaults for PD1/pdf/m/n on input line 82.
LaTeX Font Info:    ... okay on input line 82.
LaTeX Font Info:    Checking defaults for PU/pdf/m/n on input line 82.
LaTeX Font Info:    ... okay on input line 82.

Package fontspec Info: Adjusting the maths setup (use [no-math] to avoid
(fontspec)             this).

\symlegacymaths=\mathgroup6
LaTeX Font Info:    Overwriting symbol font `legacymaths' in version `bold'
(Font)                  OT1/cmr/m/n --> OT1/cmr/bx/n on input line 82.
LaTeX Font Info:    Redeclaring math accent \acute on input line 82.
LaTeX Font Info:    Redeclaring math accent \grave on input line 82.
LaTeX Font Info:    Redeclaring math accent \ddot on input line 82.
LaTeX Font Info:    Redeclaring math accent \tilde on input line 82.
LaTeX Font Info:    Redeclaring math accent \bar on input line 82.
LaTeX Font Info:    Redeclaring math accent \breve on input line 82.
LaTeX Font Info:    Redeclaring math accent \check on input line 82.
LaTeX Font Info:    Redeclaring math accent \hat on input line 82.
LaTeX Font Info:    Redeclaring math accent \dot on input line 82.
LaTeX Font Info:    Redeclaring math accent \mathring on input line 82.
LaTeX Font Info:    Redeclaring math symbol \Gamma on input line 82.
LaTeX Font Info:    Redeclaring math symbol \Delta on input line 82.
LaTeX Font Info:    Redeclaring math symbol \Theta on input line 82.
LaTeX Font Info:    Redeclaring math symbol \Lambda on input line 82.
LaTeX Font Info:    Redeclaring math symbol \Xi on input line 82.
LaTeX Font Info:    Redeclaring math symbol \Pi on input line 82.
LaTeX Font Info:    Redeclaring math symbol \Sigma on input line 82.
LaTeX Font Info:    Redeclaring math symbol \Upsilon on input line 82.
LaTeX Font Info:    Redeclaring math symbol \Phi on input line 82.
LaTeX Font Info:    Redeclaring math symbol \Psi on input line 82.
LaTeX Font Info:    Redeclaring math symbol \Omega on input line 82.
LaTeX Font Info:    Redeclaring math symbol \mathdollar on input line 82.
LaTeX Font Info:    Redeclaring symbol font `operators' on input line 82.
LaTeX Font Info:    Encoding `OT1' has changed to `TU' for symbol font
(Font)              `operators' in the math version `normal' on input line 82.
LaTeX Font Info:    Overwriting symbol font `operators' in version `normal'
(Font)                  OT1/cmr/m/n --> TU/ptm/m/n on input line 82.
LaTeX Font Info:    Encoding `OT1' has changed to `TU' for symbol font
(Font)              `operators' in the math version `bold' on input line 82.
LaTeX Font Info:    Overwriting symbol font `operators' in version `bold'
(Font)                  OT1/cmr/bx/n --> TU/ptm/m/n on input line 82.
LaTeX Font Info:    Overwriting symbol font `operators' in version `normal'
(Font)                  TU/ptm/m/n --> TU/ptm/m/n on input line 82.
LaTeX Font Info:    Overwriting math alphabet `\mathit' in version `normal'
(Font)                  OT1/cmr/m/it --> TU/ptm/m/it on input line 82.
LaTeX Font Info:    Overwriting math alphabet `\mathbf' in version `normal'
(Font)                  OT1/cmr/bx/n --> TU/ptm/b/n on input line 82.
LaTeX Font Info:    Overwriting math alphabet `\mathsf' in version `normal'
(Font)                  OT1/cmss/m/n --> TU/phv/m/n on input line 82.
LaTeX Font Info:    Overwriting math alphabet `\mathtt' in version `normal'
(Font)                  OT1/cmtt/m/n --> TU/pcr/m/n on input line 82.
LaTeX Font Info:    Overwriting symbol font `operators' in version `bold'
(Font)                  TU/ptm/m/n --> TU/ptm/b/n on input line 82.
LaTeX Font Info:    Overwriting math alphabet `\mathit' in version `bold'
(Font)                  OT1/cmr/bx/it --> TU/ptm/b/it on input line 82.
LaTeX Font Info:    Overwriting math alphabet `\mathsf' in version `bold'
(Font)                  OT1/cmss/bx/n --> TU/phv/b/n on input line 82.
LaTeX Font Info:    Overwriting math alphabet `\mathtt' in version `bold'
(Font)                  OT1/cmtt/m/n --> TU/pcr/b/n on input line 82.

ABD: EveryShipout initializing macros
(/usr/share/texlive/texmf-dist/tex/latex/graphics/color.sty
Package: color 2022/01/06 v1.3d Standard LaTeX Color (DPC)

(/usr/share/texlive/texmf-dist/tex/latex/graphics-cfg/color.cfg
File: color.cfg 2016/01/02 v1.6 sample color configuration
)
Package color Info: Driver file: xetex.def on input line 149.

(/usr/share/texlive/texmf-dist/tex/latex/graphics/mathcolor.ltx))
Package hyperref Info: Link coloring OFF on input line 82.


LaTeX Font Warning: Font shape `TU/ptm/b/n' undefined
(Font)              using `TU/ptm/m/n' instead on input line 96.

LaTeX Font Info:    Trying to load font information for U+msa on input line 96.

(/usr/share/texlive/texmf-dist/tex/latex/amsfonts/umsa.fd
File: umsa.fd 2013/01/14 v3.01 AMS symbols A
)
LaTeX Font Info:    Trying to load font information for U+msb on input line 96.


(/usr/share/texlive/texmf-dist/tex/latex/amsfonts/umsb.fd
File: umsb.fd 2013/01/14 v3.01 AMS symbols B
)
LaTeX Font Info:    Trying to load font information for TU+pcr on input line 96
.
LaTeX Font Info:    No file TUpcr.fd. on input line 96.


LaTeX Font Warning: Font shape `TU/pcr/m/n' undefined
(Font)              using `TU/lmr/m/n' instead on input line 96.


LaTeX Font Warning: Font shape `TU/ptm/m/it' undefined
(Font)              using `TU/ptm/m/n' instead on input line 97.


Underfull \hbox (badness 10000) in paragraph at lines 98--99
\TU/NotoSerif(1)/m/it/10 хэмээх нууц нэртэй онлайн зохиогч \TU/LatinModernRoman
(0)/m/it/10 [[]]
 []


Underfull \hbox (badness 4686) in paragraph at lines 98--99
\TU/LatinModernRoman(0)/m/it/10 “\TU/NotoSerif(1)/m/it/10 Дулаан ялгаруулах цөм
\TU/LatinModernRoman(0)/m/it/10 -\TU/NotoSerif(1)/m/it/10 мантийн салалтын
 []


Underfull \hbox (badness 1460) in paragraph at lines 98--99
\TU/NotoSerif(1)/m/it/10 хувьсгалт онолыг нийтэлсэн\TU/LatinModernRoman(0)/m/it
/10 . \TU/NotoSerif(1)/m/it/10 Энэхүү онолд
 []


Underfull \hbox (badness 4518) in paragraph at lines 98--99
\TU/NotoSerif(1)/m/it/10 улмаас далай тэнгисүүд эх газрын дээгүүр
 []


Underfull \hbox (badness 10000) in paragraph at lines 98--99
\TU/NotoSerif(1)/m/it/10 дэвшүүлээд зогсохгүй\TU/LatinModernRoman(0)/m/it/10 , 
\TU/NotoSerif(1)/m/it/10 мөн энэхүү эргэлт
 []


Underfull \hbox (badness 5652) in paragraph at lines 98--99
\TU/NotoSerif(1)/m/it/10 дахин ойртсоор байгааг илтгэх баримтат
 []


Underfull \hbox (badness 2951) in paragraph at lines 98--99
\TU/NotoSerif(1)/m/it/10 мэдээлэл болон түүнийг үүсгэх геофизикийн
 []


Underfull \hbox (badness 1983) in paragraph at lines 98--99
\TU/NotoSerif(1)/m/it/10 тайлбарлагдсан шалтгаант процессыг санал
 []


Underfull \hbox (badness 10000) in paragraph at lines 98--99
\TU/NotoSerif(1)/m/it/10 сүйрлийн таамаглал шинэ зүйл биш ч\TU/LatinModernRoman
(0)/m/it/10 ,
 []


Underfull \hbox (badness 1688) in paragraph at lines 98--99
\TU/NotoSerif(1)/m/it/10 шинжлэх ухааны суурьт\TU/LatinModernRoman(0)/m/it/10 ,
 \TU/NotoSerif(1)/m/it/10 орчин үеийн\TU/LatinModernRoman(0)/m/it/10 , \TU/Noto
Serif(1)/m/it/10 олон
 []


Underfull \hbox (badness 1939) in paragraph at lines 100--101
\TU/NotoSerif(1)/m/it/10 онцгой үзэгдлүүдээс \TU/LatinModernRoman(0)/m/it/10 EC
DO “\TU/NotoSerif(1)/m/it/10 Дэлхийн эргэлт\TU/LatinModernRoman(0)/m/it/10 ”-
 []


Underfull \hbox (badness 5446) in paragraph at lines 100--101
\TU/NotoSerif(1)/m/it/10 ийн онолын хүрээнд хамгийн оновчтойгоор
 []


Underfull \hbox (badness 10000) in paragraph at lines 100--101
\TU/NotoSerif(1)/m/it/10 тайлбарлагдаж болох гамшгийн шинж
 []


Underfull \hbox (badness 7081) in paragraph at lines 106--107
[]\TU/NotoSerif(1)/m/n/10 Орчин үеийн жигд өөрчлөлтийн геологи
 []


Underfull \hbox (badness 7047) in paragraph at lines 106--107
\TU/NotoSerif(1)/m/n/10 геологийн тогтоц хэдэн сая жилийн турш
 []


Underfull \hbox (badness 3724) in paragraph at lines 106--107
\TU/NotoSerif(1)/m/n/10 далайн ёроолд оршиж байсантай холбоотой
 []


Underfull \hbox (badness 10000) in paragraph at lines 106--107
\TU/LatinModernRoman(0)/m/n/10 [[]]; 150 \TU/NotoSerif(1)/m/n/10 үеийн өмнөх ма
най өвөг дээдэс
 []


Underfull \hbox (badness 1303) in paragraph at lines 106--107
\TU/NotoSerif(1)/m/n/10 малтмал\TU/LatinModernRoman(0)/m/n/10 ”-\TU/NotoSerif(1
)/m/n/10 ууд хэдэн зуун сая жилийн настай
 []


Underfull \hbox (badness 3291) in paragraph at lines 106--107
\TU/NotoSerif(1)/m/n/10 төрөлхтөн \TU/LatinModernRoman(0)/m/n/10 300,000 \TU/No
toSerif(1)/m/n/10 жилийн настай гэж үздэг
 []


Underfull \hbox (badness 1484) in paragraph at lines 106--107
\TU/NotoSerif(1)/m/n/10 жил буюу зөвхөн \TU/LatinModernRoman(0)/m/n/10 150 \TU/
NotoSerif(1)/m/n/10 хүний үе үргэлжилсэн
 []


Underfull \hbox (badness 10000) in paragraph at lines 108--109
[]\TU/NotoSerif(1)/m/n/10 Дараа нь авч үзэх эдгээр хачирхалтай
 []


Underfull \hbox (badness 10000) in paragraph at lines 108--109
\TU/NotoSerif(1)/m/n/10 үзэгдлүүдийг гамшгийн шинж чанартай
 []


Underfull \hbox (badness 2809) in paragraph at lines 108--109
\TU/NotoSerif(1)/m/n/10 геологийн хүчээр хамгийн сайн тайлбарлаж
 []

File: jarkov-mammoth.jpg Graphic file (type bmp)
<jarkov-mammoth.jpg>

Underfull \hbox (badness 1173) in paragraph at lines 122--123
\TU/NotoSerif(1)/m/n/10 бүрэн хадгалагдсан ба маш түргэн хаталттай
 []


Underfull \hbox (badness 1147) in paragraph at lines 122--123
\TU/NotoSerif(1)/m/n/10 нь Сибирьт шавар ихтэй хайрганд булагдсан
 []


Underfull \hbox (badness 1178) in paragraph at lines 122--123
\TU/NotoSerif(1)/m/n/10 амьтан үхэхээсээ өмнөхөн шинээр цэцэглэсэн
 []


Underfull \hbox (badness 1603) in paragraph at lines 122--123
\TU/NotoSerif(1)/m/n/10 ургамлаар идэш тэжээл хийж байхад хэрхэн
 []


Underfull \hbox (badness 5161) in paragraph at lines 122--123
\TU/NotoSerif(1)/m/n/10 ингэж хурдан царцах боломжтойг эрдэмтэд
 []


Underfull \hbox (badness 1189) in paragraph at lines 122--123
\TU/NotoSerif(1)/m/it/10 ходоодны агууламж сайн хадгалалдагдсан ба
 []


Underfull \hbox (badness 2435) in paragraph at lines 122--123
\TU/NotoSerif(1)/m/it/10 долоодугаар сарын сүүлээр эсвэл наймдугаар
 []


Underfull \hbox (badness 1939) in paragraph at lines 122--123
\TU/NotoSerif(1)/m/it/10 хүртэл өвс\TU/LatinModernRoman(0)/m/it/10 , \TU/NotoSe
rif(1)/m/it/10 цэцгээр дүүрэн байж\TU/LatinModernRoman(0)/m/it/10 . \TU/NotoSer
if(1)/m/it/10 Түүнийг
 []


Underfull \hbox (badness 1728) in paragraph at lines 122--123
\TU/NotoSerif(1)/m/it/10 байв\TU/LatinModernRoman(0)/m/it/10 . \TU/NotoSerif(1)
/m/it/10 Аарцаг болон нэг хөл нь хугарснаар
 []


Underfull \hbox (badness 1024) in paragraph at lines 122--123
\TU/NotoSerif(1)/m/it/10 олдсон энэ аварга том амьтан өвдөг дээрээ
 []


Underfull \hbox (badness 6364) in paragraph at lines 122--123
\TU/NotoSerif(1)/m/it/10 сөхөрч\TU/LatinModernRoman(0)/m/it/10 , \TU/NotoSerif(
1)/m/it/10 дараа нь жилийн хамгийн халуун
 []


Underfull \hbox (badness 10000) in paragraph at lines 122--123
\TU/NotoSerif(1)/m/it/10 эрдэмтэд\TU/LatinModernRoman(0)/m/it/10 ] \TU/NotoSeri
f(1)/m/it/10 амьтны ходоодны дотоод хана
 []


Underfull \hbox (badness 10000) in paragraph at lines 122--123
\TU/NotoSerif(1)/m/it/10 хүртэл бүтцийн хувьд бүрэн хадгалагдсан
 []


Underfull \hbox (badness 10000) in paragraph at lines 122--123
\TU/NotoSerif(1)/m/it/10 болохыг тэмдэглэсэн нь\TU/LatinModernRoman(0)/m/it/10 
, \TU/NotoSerif(1)/m/it/10 амьтны биеийн
 []


Underfull \hbox (badness 1424) in paragraph at lines 122--123
\TU/NotoSerif(1)/m/it/10 дулааныг байгаль дахь ямар нэгэн ер бусын
 []


Underfull \hbox (badness 3758) in paragraph at lines 122--123
\TU/NotoSerif(1)/m/it/10 харуулжээ\TU/LatinModernRoman(0)/m/it/10 . \TU/NotoSer
if(1)/m/it/10 Сандерсон энэ өнцгийг онцлон
 []


Underfull \hbox (badness 6220) in paragraph at lines 122--123
\TU/NotoSerif(1)/m/it/10 авч\TU/LatinModernRoman(0)/m/it/10 , \TU/NotoSerif(1)/
m/it/10 түүнийгээ Америкийн Хөлдүү Хүнсний
 []


Underfull \hbox (badness 3977) in paragraph at lines 122--123
\TU/NotoSerif(1)/m/it/10 биеийн хамгийн дотоод чийгт хэсэг болон
 []


Underfull \hbox (badness 1552) in paragraph at lines 122--123
\TU/NotoSerif(1)/m/it/10 ходоодны дотоод хананд хүртэл талст бий
 []


Underfull \hbox (badness 1694) in paragraph at lines 122--123
\TU/NotoSerif(1)/m/it/10 хоногийн дараа Институт Сандерсонд хариу
 []


Underfull \hbox (badness 1527) in paragraph at lines 122--123
\TU/NotoSerif(1)/m/it/10 шинжлэх ухаан\TU/LatinModernRoman(0)/m/it/10 , \TU/Not
oSerif(1)/m/it/10 инженерийн мэдлэгээр\TU/LatinModernRoman(0)/m/it/10 , \TU/Not
oSerif(1)/m/it/10 ийм
 []


Underfull \hbox (badness 1584) in paragraph at lines 122--123
\TU/NotoSerif(1)/m/it/10 том амьтны сэгийн дулааныг тийм хурдан
 []

[1


]
File: grand-canyon.jpg Graphic file (type bmp)
<grand-canyon.jpg>
File: coconino.jpg Graphic file (type bmp)
<coconino.jpg>

Underfull \hbox (badness 7540) in paragraph at lines 149--150
\TU/NotoSerif(1)/m/n/10 хуримтлагдах явцад нөлөө бүхий тектоник
 []


Underfull \hbox (badness 10000) in paragraph at lines 149--150
\TU/NotoSerif(1)/m/n/10 хүчнүүд зэрэгцэн үйлчилж байсныг харж
 []


Underfull \hbox (badness 10000) in paragraph at lines 149--150
\TU/NotoSerif(1)/m/n/10 болно\TU/LatinModernRoman(0)/m/n/10 . \TU/NotoSerif(1)/
m/n/10 Үүнийг ойлгохын тулд хөндийн
 []


Underfull \hbox (badness 6792) in paragraph at lines 149--150
\TU/NotoSerif(1)/m/n/10 зарим хэсэгт элсэн үеүд нугаларсан болон
 []


Underfull \hbox (badness 10000) in paragraph at lines 149--150
\TU/NotoSerif(1)/m/n/10 ил гарсан байдлыг анхааралтай ажиглах
 []


Underfull \hbox (badness 2547) in paragraph at lines 149--150
\TU/NotoSerif(1)/m/n/10 хэрэгтэй\TU/LatinModernRoman(0)/m/n/10 . "Answers in Ge
nesis"-\TU/NotoSerif(1)/m/n/10 ийн судлаачид
 []


Underfull \hbox (badness 6300) in paragraph at lines 149--150
\TU/LatinModernRoman(0)/m/n/10 [[]] \TU/NotoSerif(1)/m/n/10 эдгээр нугалааснууд
ын заримын\TU/LatinModernRoman(0)/m/n/10 , \TU/NotoSerif(1)/m/n/10 жишээ
 []


Underfull \hbox (badness 10000) in paragraph at lines 149--150
\TU/NotoSerif(1)/m/n/10 нь \TU/LatinModernRoman(0)/m/n/10 Monument Fold-\TU/Not
oSerif(1)/m/n/10 ийн чулуулгийн дээжийг
 []

File: Grand_Staircase-big.jpg Graphic file (type bmp)
<Grand_Staircase-big.jpg>

Underfull \hbox (badness 1742) in paragraph at lines 161--162
[]\TU/NotoSerif(1)/m/n/10 Өргөн хүрээнд авч үзвэл\TU/LatinModernRoman(0)/m/n/10
 , \TU/NotoSerif(1)/m/n/10 Гранд Каньоныг
 []


Underfull \hbox (badness 4713) in paragraph at lines 161--162
\TU/NotoSerif(1)/m/n/10 нэг талаар \TU/LatinModernRoman(0)/m/n/10 (East Kaibab 
Monocline) \TU/NotoSerif(1)/m/n/10 нумарсан
 []


Underfull \hbox (badness 4096) in paragraph at lines 161--162
\TU/LatinModernRoman(0)/m/n/10 [[]], \TU/NotoSerif(1)/m/n/10 мөн хойд зүгт Сида
р Брэйкс\TU/LatinModernRoman(0)/m/n/10 , \TU/NotoSerif(1)/m/n/10 Ютад ч
 []


Underfull \hbox (badness 1158) in paragraph at lines 161--162
\TU/NotoSerif(1)/m/n/10 гэсэн \TU/LatinModernRoman(0)/m/n/10 (\TU/NotoSerif(1)/
m/n/10 Зураг []\TU/LatinModernRoman(0)/m/n/10 4[]) \TU/NotoSerif(1)/m/n/10 ингэ
ж нугарсан байдаг\TU/LatinModernRoman(0)/m/n/10 . \TU/NotoSerif(1)/m/n/10 Энэ
 []


Underfull \hbox (badness 5578) in paragraph at lines 161--162
\TU/NotoSerif(1)/m/n/10 дараалан үелж үүссэний дараа нэгэн зэрэг
 []


Underfull \hbox (badness 6110) in paragraph at lines 161--162
\TU/NotoSerif(1)/m/n/10 эвхэгдсэн байж болзошгүйг харуулж байна\TU/LatinModernR
oman(0)/m/n/10 .
 []


Underfull \hbox (badness 1242) in paragraph at lines 161--162
\TU/NotoSerif(1)/m/n/10 Нэг милийн зузаантай тунамал давхаргуудыг
 []


Underfull \hbox (badness 4205) in paragraph at lines 163--164
[]\TU/NotoSerif(1)/m/n/10 Гранд Каньоны жинхэнэ үүсэл нь орчин
 []


Underfull \hbox (badness 2343) in paragraph at lines 163--164
\TU/NotoSerif(1)/m/n/10 үеийн геологийн шинжлэх ухааны маргаант
 []


Underfull \hbox (badness 2990) in paragraph at lines 163--164
\TU/NotoSerif(1)/m/n/10 сэдвүүдийн нэг юм\TU/LatinModernRoman(0)/m/n/10 . \TU/N
otoSerif(1)/m/n/10 Уламжлалт геологийн
 []


Underfull \hbox (badness 1215) in paragraph at lines 163--164
\TU/NotoSerif(1)/m/n/10 олон сая жилийн туршид сийлсэн гэж үздэг
 []


Underfull \hbox (badness 3281) in paragraph at lines 163--164
\TU/LatinModernRoman(0)/m/n/10 [[]]. \TU/NotoSerif(1)/m/n/10 Харин \TU/LatinMod
ernRoman(0)/m/n/10 “Answers in Genesis” \TU/NotoSerif(1)/m/n/10 судалгааны
 []


Underfull \hbox (badness 1997) in paragraph at lines 163--164
\TU/NotoSerif(1)/m/n/10 багийнхан Гранд Каньон нь эртний нуурын
 []


Underfull \hbox (badness 5189) in paragraph at lines 163--164
\TU/NotoSerif(1)/m/n/10 байх магадлалтай бөгөөд үүний улмаас их
 []


Underfull \hbox (badness 10000) in paragraph at lines 163--164
\TU/NotoSerif(1)/m/n/10 хэмжээний тунамал чулуулаг нэг мөчид
 []


Underfull \hbox (badness 5771) in paragraph at lines 163--164
\TU/NotoSerif(1)/m/n/10 зайлуулагдсан гэж үздэг\TU/LatinModernRoman(0)/m/n/10 .
 \TU/NotoSerif(1)/m/n/10 Зүүн хэсэгт нь
 []


Underfull \hbox (badness 10000) in paragraph at lines 163--164
\TU/NotoSerif(1)/m/n/10 орших өндөрлөг байрлалтай нуур байсан
 []


Underfull \hbox (badness 1024) in paragraph at lines 163--164
\TU/NotoSerif(1)/m/n/10 шинж тэмдэг нь нуурын тунамал хуримтлал
 []


Underfull \vbox (badness 1052) has occurred while \output is active []

 [2]
Underfull \hbox (badness 3375) in paragraph at lines 165--166
[]\TU/NotoSerif(1)/m/n/10 Тунамал давхаргуудыг ингэж өргөн уудам
 []


Underfull \hbox (badness 2617) in paragraph at lines 165--166
\TU/NotoSerif(1)/m/n/10 хүчтэй тектоник хөдөлгөөний үр дүн болон
 []


Underfull \vbox (badness 2762) has occurred while \output is active []


Underfull \hbox (badness 10000) in paragraph at lines 169--170
[]\TU/NotoSerif(1)/m/n/10 Пирамидуудаас гадна\TU/LatinModernRoman(0)/m/n/10 , \
TU/NotoSerif(1)/m/n/10 эртний
 []


Underfull \hbox (badness 10000) in paragraph at lines 169--170
\TU/NotoSerif(1)/m/n/10 инженерчлэлийн гайхалтай нэгэн жишээ
 []


Underfull \hbox (badness 10000) in paragraph at lines 169--170
\TU/NotoSerif(1)/m/n/10 бол Туркийн Каппадоки мужид байрлах
 []


Underfull \hbox (badness 1910) in paragraph at lines 169--170
\TU/LatinModernRoman(0)/m/n/10 200 \TU/NotoSerif(1)/m/n/10 гаруй хоргодох байрн
ы хамгийн том нь
 []


Underfull \hbox (badness 2237) in paragraph at lines 169--170
\TU/NotoSerif(1)/m/n/10 байсан гэж тооцогддог\TU/LatinModernRoman(0)/m/n/10 , 1
8 \TU/NotoSerif(1)/m/n/10 давхар бүхий\TU/LatinModernRoman(0)/m/n/10 , 85
 []


Underfull \hbox (badness 1881) in paragraph at lines 169--170
\TU/NotoSerif(1)/m/n/10 метрийн гүн рүү нэвтэрсэн байгууламж юм\TU/LatinModernR
oman(0)/m/n/10 .
 []

File: derinkuyu.jpeg Graphic file (type bmp)
<derinkuyu.jpeg>

Underfull \hbox (badness 1509) in paragraph at lines 181--182
[]\TU/NotoSerif(1)/m/n/10 Дэринкуюг сонирхолтой нэг тал нь яагаад
 []


Underfull \hbox (badness 3525) in paragraph at lines 181--182
\TU/NotoSerif(1)/m/n/10 гаргах шаардлагатай болно\TU/LatinModernRoman(0)/m/n/10
 . \TU/NotoSerif(1)/m/n/10 Газрын доорх
 []


Underfull \hbox (badness 5711) in paragraph at lines 183--184
[]\TU/NotoSerif(1)/m/n/10 Газар доорх хотын хэмжээ\TU/LatinModernRoman(0)/m/n/1
0 , \TU/NotoSerif(1)/m/n/10 гүн\TU/LatinModernRoman(0)/m/n/10 , \TU/NotoSerif(1
)/m/n/10 ухаалаг
 []


Underfull \hbox (badness 10000) in paragraph at lines 183--184
\TU/NotoSerif(1)/m/n/10 шийдлээс нь харвал энэ байгууламжийг
 []


Underfull \hbox (badness 6001) in paragraph at lines 183--184
\TU/NotoSerif(1)/m/n/10 түр зуурын цэргийн хамгаалалтын орогнох
 []


Underfull \hbox (badness 6725) in paragraph at lines 183--184
\TU/NotoSerif(1)/m/n/10 унтлагын өрөө\TU/LatinModernRoman(0)/m/n/10 , \TU/NotoS
erif(1)/m/n/10 гал тогоо\TU/LatinModernRoman(0)/m/n/10 , \TU/NotoSerif(1)/m/n/1
0 ариун цэврийн
 []


Underfull \hbox (badness 10000) in paragraph at lines 183--184
\TU/NotoSerif(1)/m/n/10 өрөөнөөс гадна мал амьтны хашаа\TU/LatinModernRoman(0)/
m/n/10 , \TU/NotoSerif(1)/m/n/10 усны
 []


Underfull \hbox (badness 3000) in paragraph at lines 183--184
\TU/NotoSerif(1)/m/n/10 төхөөрөмж\TU/LatinModernRoman(0)/m/n/10 , \TU/NotoSerif
(1)/m/n/10 сургууль\TU/LatinModernRoman(0)/m/n/10 , \TU/NotoSerif(1)/m/n/10 сүм
\TU/LatinModernRoman(0)/m/n/10 , \TU/NotoSerif(1)/m/n/10 оршуулгын газар
 []


Underfull \hbox (badness 6792) in paragraph at lines 183--184
\TU/NotoSerif(1)/m/n/10 болон асар том агааржуулалтын хонгилууд
 []


Underfull \hbox (badness 1888) in paragraph at lines 183--184
\TU/NotoSerif(1)/m/n/10 хүртэл \TU/LatinModernRoman(0)/m/n/10 (\TU/NotoSerif(1)
/m/n/10 Зураг []\TU/LatinModernRoman(0)/m/n/10 6[]) \TU/NotoSerif(1)/m/n/10 бай
сан\TU/LatinModernRoman(0)/m/n/10 . \TU/NotoSerif(1)/m/n/10 Цэргийн хоргодох
 []


Underfull \hbox (badness 10000) in paragraph at lines 183--184
\TU/NotoSerif(1)/m/n/10 байранд яагаад дарсны шахуурга хэрэгтэй
 []


Underfull \hbox (badness 2600) in paragraph at lines 185--186
[]\TU/NotoSerif(1)/m/n/10 Дэринкуюг үүсгэх хамгийн итгэл төрүүлэх
 []


Underfull \hbox (badness 10000) in paragraph at lines 185--186
\TU/NotoSerif(1)/m/n/10 шалтгаан нь дэлхийн гадаргуу дээр үүсэх
 []


Underfull \hbox (badness 10000) in paragraph at lines 185--186
\TU/NotoSerif(1)/m/n/10 сүйрлийн геофизикийн хүчин зүйлээс
 []


Underfull \hbox (badness 10000) in paragraph at lines 185--186
\TU/NotoSerif(1)/m/n/10 хамгаалах\TU/LatinModernRoman(0)/m/n/10 , \TU/NotoSerif
(1)/m/n/10 урт хугацааны\TU/LatinModernRoman(0)/m/n/10 , \TU/NotoSerif(1)/m/n/1
0 өөрийгөө
 []

[3]
File: derinkuyu-air.jpg Graphic file (type bmp)
<derinkuyu-air.jpg>

Underfull \hbox (badness 10000) in paragraph at lines 203--204
[]\TU/NotoSerif(1)/m/n/10 Амьтан\TU/LatinModernRoman(0)/m/n/10 , \TU/NotoSerif(
1)/m/n/10 ургамлын янз бүрийн холимог
 []


Underfull \hbox (badness 6725) in paragraph at lines 203--204
\TU/NotoSerif(1)/m/n/10 юм\TU/LatinModernRoman(0)/m/n/10 . "Reliquoæ Diluvianæ"
 \TU/NotoSerif(1)/m/n/10 зохиолд\TU/LatinModernRoman(0)/m/n/10 , \TU/NotoSerif(
1)/m/n/10 Уильям
 []


Underfull \hbox (badness 1824) in paragraph at lines 203--204
\TU/NotoSerif(1)/m/n/10 Баклэнд пастор Британи болон Европ даяар\TU/LatinModern
Roman(0)/m/n/10 ,
 []


Underfull \hbox (badness 10000) in paragraph at lines 203--204
\TU/NotoSerif(1)/m/n/10 ямар ч тодорхой шалтгаангүйгээр хамтдаа
 []


Underfull \hbox (badness 4217) in paragraph at lines 203--204
\TU/NotoSerif(1)/m/n/10 олдсон олон төрлийн амьтдын олдворуудыг
 []


Underfull \hbox (badness 2894) in paragraph at lines 203--204
\TU/NotoSerif(1)/m/n/10 тунамал \TU/LatinModernRoman(0)/m/n/10 "\TU/NotoSerif(1
)/m/n/10 дилувиум\TU/LatinModernRoman(0)/m/n/10 " \TU/NotoSerif(1)/m/n/10 давха
ргад булаастайгаар
 []


Underfull \hbox (badness 10000) in paragraph at lines 203--204
\TU/NotoSerif(1)/m/n/10 тайлбарласан байдаг \TU/LatinModernRoman(0)/m/n/10 [[]]
. \TU/NotoSerif(1)/m/n/10 Ийм амьтны
 []


Underfull \hbox (badness 1019) in paragraph at lines 203--204
\TU/NotoSerif(1)/m/n/10 арал дахь Скёнхеллерен агуйд илэрсэн\TU/LatinModernRoma
n(0)/m/n/10 . \TU/NotoSerif(1)/m/n/10 Энэ
 []


Underfull \hbox (badness 4556) in paragraph at lines 203--204
\TU/NotoSerif(1)/m/n/10 дахь Сан Чиро\TU/LatinModernRoman(0)/m/n/10 , \TU/NotoS
erif(1)/m/n/10 буюу \TU/LatinModernRoman(0)/m/n/10 "\TU/NotoSerif(1)/m/n/10 Ава
рга биетнүүдийн
 []


Underfull \hbox (badness 1418) in paragraph at lines 203--204
\TU/NotoSerif(1)/m/n/10 олдсон ба бүр уран хээтэй болгон зүссэнээр\TU/LatinMode
rnRoman(0)/m/n/10 ,
 []


Underfull \hbox (badness 1584) in paragraph at lines 203--204
\TU/NotoSerif(1)/m/n/10 бүрийн амьтдын яс нь хоорондоо холилдож\TU/LatinModernR
oman(0)/m/n/10 ,
 []


Underfull \hbox (badness 3417) in paragraph at lines 203--204
\TU/NotoSerif(1)/m/n/10 эвдэрч\TU/LatinModernRoman(0)/m/n/10 , \TU/NotoSerif(1)
/m/n/10 бутарч\TU/LatinModernRoman(0)/m/n/10 , \TU/NotoSerif(1)/m/n/10 хэлтэрхи
й болон тараагдсан
 []


Underfull \hbox (badness 2781) in paragraph at lines 203--204
\TU/NotoSerif(1)/m/n/10 шилэн шаварт холилдон олдсон \TU/LatinModernRoman(0)/m/
n/10 [[]]. \TU/NotoSerif(1)/m/n/10 Ийм
 []


Underfull \hbox (badness 10000) in paragraph at lines 203--204
\TU/NotoSerif(1)/m/n/10 ойлгогдоно\TU/LatinModernRoman(0)/m/n/10 . \TU/NotoSeri
f(1)/m/n/10 Харин Египетийн шилэрсэн
 []


Underfull \hbox (badness 2401) in paragraph at lines 203--204
\TU/NotoSerif(1)/m/n/10 биомассын хувьд\TU/LatinModernRoman(0)/m/n/10 , \TU/Not
oSerif(1)/m/n/10 үерийн дараах цөм\TU/LatinModernRoman(0)/m/n/10 -\TU/NotoSerif
(1)/m/n/10 манти
 []


Underfull \hbox (badness 10000) in paragraph at lines 203--204
\TU/NotoSerif(1)/m/n/10 давхаргын шилжилтээс үүдэлтэй асар их
 []


Underfull \hbox (badness 6691) in paragraph at lines 203--204
\TU/NotoSerif(1)/m/n/10 цахилгаан цэнэглэлтээс болсон байж болох
 []

File: muck-crop.jpeg Graphic file (type bmp)
<muck-crop.jpeg>

Underfull \hbox (badness 2096) in paragraph at lines 216--217
[]\TU/NotoSerif(1)/m/n/10 Бидний өвөг дээдэс олон инженерчлэлийн
 []


Underfull \hbox (badness 3635) in paragraph at lines 216--217
\TU/NotoSerif(1)/m/n/10 өндөр зэрэг бүхий эртний байгууламжуудыг
 []


Underfull \vbox (badness 10000) has occurred while \output is active []

 [4]
File: ww19.jpg Graphic file (type bmp)
<ww19.jpg>

Underfull \hbox (badness 2384) in paragraph at lines 228--229
[]\TU/LatinModernRoman(0)/m/n/10 8[]), \TU/NotoSerif(1)/m/n/10 Бру на Бойнн цог
цолборын гол дурсгал\TU/LatinModernRoman(0)/m/n/10 ,
 []


Underfull \hbox (badness 5771) in paragraph at lines 228--229
\TU/NotoSerif(1)/m/n/10 хөрс эсвэл чулуугаар хучиж\TU/LatinModernRoman(0)/m/n/1
0 , \TU/NotoSerif(1)/m/n/10 их чулуугаар
 []


Underfull \hbox (badness 7925) in paragraph at lines 228--229
\TU/NotoSerif(1)/m/n/10 бүхий хамгаалалттай бүтэц байсны жишээ
 []


Underfull \hbox (badness 10000) in paragraph at lines 228--229
\TU/NotoSerif(1)/m/n/10 босож\TU/LatinModernRoman(0)/m/n/10 , \TU/NotoSerif(1)/
m/n/10 тухайн бүтээн байгуулалтын ажил
 []


Underfull \hbox (badness 10000) in paragraph at lines 228--229
\TU/NotoSerif(1)/m/n/10 эхлэхэд амьд ч байгаагүй хэдхэн хүнийг
 []


Underfull \hbox (badness 10000) in paragraph at lines 230--231
\TU/NotoSerif(1)/m/n/10 нь ойролцоогоор \TU/LatinModernRoman(0)/m/n/10 200,000 
\TU/NotoSerif(1)/m/n/10 тонн материалаас
 []


Underfull \hbox (badness 2591) in paragraph at lines 230--231
\TU/NotoSerif(1)/m/n/10 бүтдэг\TU/LatinModernRoman(0)/m/n/10 . \TU/NotoSerif(1)
/m/n/10 Дотроо\TU/LatinModernRoman(0)/m/n/10 , \TU/LatinModernRoman(0)/m/it/10 
“…\TU/NotoSerif(1)/m/it/10 танхимтай хонгил байх
 []


Underfull \hbox (badness 10000) in paragraph at lines 230--231
\TU/NotoSerif(1)/m/it/10 бөгөөд баруун өмнөд талаас орж болох
 []


Underfull \hbox (badness 6876) in paragraph at lines 230--231
\TU/NotoSerif(1)/m/it/10 фут\TU/LatinModernRoman(0)/m/it/10 ), \TU/NotoSerif(1)
/m/it/10 эсвэл бүтцийн төв хүртэлх замын
 []


Underfull \hbox (badness 10000) in paragraph at lines 230--231
\TU/NotoSerif(1)/m/it/10 Хонгилын төгсгөлд төв том танхимтай
 []


Underfull \hbox (badness 7777) in paragraph at lines 230--231
\TU/NotoSerif(1)/m/it/10 дээврээр өндөрлөн хийгдсэн\TU/LatinModernRoman(0)/m/it
/10 … \TU/NotoSerif(1)/m/it/10 Энэ хонгилын
 []


Underfull \hbox (badness 1960) in paragraph at lines 230--231
\TU/NotoSerif(1)/m/n/10 Мөн уснаас хамгаалсан нарийн инженерийн
 []


Underfull \hbox (badness 3088) in paragraph at lines 230--231
\TU/NotoSerif(1)/m/n/10 шийдэлтэй\TU/LatinModernRoman(0)/m/n/10 . \TU/NotoSerif
(1)/m/n/10 Жишээ нь\TU/LatinModernRoman(0)/m/n/10 , \TU/NotoSerif(1)/m/n/10 дээ
вэрт\TU/LatinModernRoman(0)/m/n/10 , \TU/LatinModernRoman(0)/m/it/10 “\TU/NotoS
erif(1)/m/it/10 Дээврийн
 []


Underfull \hbox (badness 8094) in paragraph at lines 230--231
\TU/NotoSerif(1)/m/it/10 завсрыг шатаасан хөрс ба далайн элсний
 []


Underfull \hbox (badness 2799) in paragraph at lines 230--231
\TU/NotoSerif(1)/m/it/10 холимгоор чигжиж\TU/LatinModernRoman(0)/m/it/10 , \TU/
NotoSerif(1)/m/it/10 ус нэвтрэхгүй болгосон
 []


Underfull \hbox (badness 2671) in paragraph at lines 230--231
\TU/NotoSerif(1)/m/it/10 налуудыг дагасан тул\TU/LatinModernRoman(0)/m/it/10 , 
\TU/NotoSerif(1)/m/it/10 орц\TU/LatinModernRoman(0)/m/it/10 , \TU/NotoSerif(1)/
m/it/10 дотор танхим
 []

File: dolmen.jpg Graphic file (type bmp)
<dolmen.jpg>

Underfull \hbox (badness 1014) in paragraph at lines 243--244
[]\TU/NotoSerif(1)/m/n/10 Дотор нь хүний чулуужсан яс бага олдсон
 []


Underfull \hbox (badness 10000) in paragraph at lines 243--244
\TU/NotoSerif(1)/m/n/10 нь бас сонирхолтой юм\TU/LatinModernRoman(0)/m/n/10 . \
TU/NotoSerif(1)/m/n/10 Малталтаар
 []


Underfull \hbox (badness 4001) in paragraph at lines 243--244
\TU/NotoSerif(1)/m/n/10 олдсон\TU/LatinModernRoman(0)/m/n/10 . \TU/NotoSerif(1)
/m/n/10 Ньюгренжийн доторх материалын
 []


Underfull \hbox (badness 10000) in paragraph at lines 243--244
\TU/NotoSerif(1)/m/n/10 нүүрстөрөгчийн огноог судалсны дагуу
 []


Underfull \hbox (badness 10000) in paragraph at lines 243--244
\TU/NotoSerif(1)/m/n/10 барилгын явц нь хэд хэдэн үе дамнан
 []


Underfull \hbox (badness 8094) in paragraph at lines 243--244
\TU/NotoSerif(1)/m/n/10 үргэлжилсэн гэж тооцдог\TU/LatinModernRoman(0)/m/n/10 .
 \TU/NotoSerif(1)/m/n/10 Эртний нэгэн
 []


Underfull \hbox (badness 1776) in paragraph at lines 243--244
\TU/NotoSerif(1)/m/n/10 нийгэм яагаад ийм их хүч хөдөлмөр гарган
 []


Underfull \hbox (badness 1205) in paragraph at lines 243--244
\TU/NotoSerif(1)/m/n/10 том хэмжээний\TU/LatinModernRoman(0)/m/n/10 , \TU/NotoS
erif(1)/m/n/10 маш нарийн бүтэцтэй булш
 []


Underfull \hbox (badness 2359) in paragraph at lines 243--244
\TU/NotoSerif(1)/m/n/10 эдгээр эртний аварга чулуун байгууламжийг
 []


Underfull \hbox (badness 10000) in paragraph at lines 243--244
\TU/NotoSerif(1)/m/n/10 үнэндээ олон дахин давтагдсан дэлхийн
 []


Underfull \hbox (badness 10000) in paragraph at lines 243--244
\TU/NotoSerif(1)/m/n/10 гамшгийн үеэр хүмүүсийг хамгаалах байр
 []


Underfull \hbox (badness 4072) in paragraph at lines 243--244
\TU/NotoSerif(1)/m/n/10 болгон барьсан нь илүү магадлалтай байж
 []

[5]
Underfull \hbox (badness 3815) in paragraph at lines 245--246
\TU/NotoSerif(1)/m/n/10 нь аварга чулууг ашиглан инженерчлэлийн
 []


Underfull \hbox (badness 10000) in paragraph at lines 245--246
\TU/NotoSerif(1)/m/n/10 өндөр түвшинд хийгдсэн бөгөөд \TU/LatinModernRoman(0)/m
/n/10 75 \TU/NotoSerif(1)/m/n/10 метр
 []


Underfull \hbox (badness 10000) in paragraph at lines 245--246
\TU/NotoSerif(1)/m/n/10 диаметртэй\TU/LatinModernRoman(0)/m/n/10 , \TU/NotoSeri
f(1)/m/n/10 хялбар болон үр бүтээмжтэй
 []


Underfull \hbox (badness 1424) in paragraph at lines 249--250
\TU/NotoSerif(1)/m/n/10 үзэгдлийг товч дурдах бөгөөд эдгээр нь бүгд
 []

File: bottleneck.jpg Graphic file (type bmp)
<bottleneck.jpg>

Underfull \hbox (badness 6758) in paragraph at lines 258--258
[]\TU/LatinModernRoman(0)/m/n/9 Figure 10. []\TU/NotoSerif(1)/m/n/9 Генетикийн 
бөглөрлийн үүднээс \TU/LatinModernRoman(0)/m/n/9 6,000
 []


Underfull \hbox (badness 2762) in paragraph at lines 258--258
\TU/NotoSerif(1)/m/n/9 жилийн өмнө эрэгтэйчүүдийн \TU/LatinModernRoman(0)/m/n/9
 95% \TU/NotoSerif(1)/m/n/9 нь устгагдсан
 []


Underfull \hbox (badness 3872) in paragraph at lines 263--264
[]\TU/NotoSerif(1)/m/n/10 Зарим онцгой биологийн гаж үзэгдлүүдэд
 []


Underfull \hbox (badness 1168) in paragraph at lines 263--264
\TU/NotoSerif(1)/m/n/10 генетикийн бөглөрөл болон эх газарт олдсон
 []


Underfull \hbox (badness 1728) in paragraph at lines 263--264
\TU/NotoSerif(1)/m/n/10 ба мутацид үндэслэн\TU/LatinModernRoman(0)/m/n/10 , 5,0
00-\TU/NotoSerif(1)/m/n/10 аас \TU/LatinModernRoman(0)/m/n/10 7,000 \TU/NotoSer
if(1)/m/n/10 жилийн
 []


Underfull \hbox (badness 10000) in paragraph at lines 263--264
\TU/NotoSerif(1)/m/n/10 өмнө нийт эрчүүдийн хүн амын \TU/LatinModernRoman(0)/m/
n/10 95%-\TU/NotoSerif(1)/m/n/10 ийн
 []


Underfull \hbox (badness 10000) in paragraph at lines 263--264
\TU/NotoSerif(1)/m/n/10 цөөрөл бий болсон бөглөрлийг илрүүлсэн
 []


Underfull \hbox (badness 1028) in paragraph at lines 263--264
\TU/NotoSerif(1)/m/n/10 Эдгээр халимууд янз бүрийн нөхцөлд\TU/LatinModernRoman(
0)/m/n/10 : \TU/NotoSerif(1)/m/n/10 бүрэн
 []


Underfull \hbox (badness 3281) in paragraph at lines 263--264
\TU/NotoSerif(1)/m/n/10 бүтэн хадгалагдсан\TU/LatinModernRoman(0)/m/n/10 , \TU/
NotoSerif(1)/m/n/10 мөсөн үеийн давхаргын
 []


Underfull \hbox (badness 7081) in paragraph at lines 263--264
\TU/NotoSerif(1)/m/n/10 дээр намагт хэвтэж байсан болон хөрсөнд
 []


Underfull \hbox (badness 10000) in paragraph at lines 263--264
\TU/NotoSerif(1)/m/n/10 булшлагдсан байдалтайгаар олдсон байна\TU/LatinModernRo
man(0)/m/n/10 .
 []


Underfull \hbox (badness 10000) in paragraph at lines 263--264
\TU/NotoSerif(1)/m/n/10 Эдгээр газруудад байгаа чулуужмалын тоо
 []


Underfull \hbox (badness 4060) in paragraph at lines 263--264
\TU/NotoSerif(1)/m/n/10 бараг ойртдоггүй\TU/LatinModernRoman(0)/m/n/10 . \TU/No
toSerif(1)/m/n/10 Эдгээр халим яаж ийм
 []


Underfull \hbox (badness 1337) in paragraph at lines 265--266
\TU/NotoSerif(1)/m/n/10 тохиолдлууд хэд хэд бий бөгөөд хамгийн их
 []


Underfull \hbox (badness 10000) in paragraph at lines 265--266
\TU/NotoSerif(1)/m/n/10 Девоны сүүлийн үеийн \TU/LatinModernRoman(0)/m/n/10 (LD
ME), \TU/NotoSerif(1)/m/n/10 Пермийн
 []


Underfull \hbox (badness 1845) in paragraph at lines 265--266
\TU/NotoSerif(1)/m/n/10 юм \TU/LatinModernRoman(0)/m/n/10 [[], []]. \TU/NotoSer
if(1)/m/n/10 Сонирхолтой нь\TU/LatinModernRoman(0)/m/n/10 , \TU/NotoSerif(1)/m/
n/10 эдгээрийн хэд
 []

File: columbia.jpg Graphic file (type bmp)
<columbia.jpg>

Underfull \hbox (badness 4726) in paragraph at lines 280--281
[]\TU/NotoSerif(1)/m/n/10 Гранд Каньоноос гадна олон газар нутаг
 []


Underfull \hbox (badness 10000) in paragraph at lines 280--281
\TU/NotoSerif(1)/m/n/10 нотолгоо дэлхий даяар аварга давлагааны
 []


Underfull \hbox (badness 2600) in paragraph at lines 280--281
\TU/NotoSerif(1)/m/n/10 мөрүүдээр илэрнэ\TU/LatinModernRoman(0)/m/n/10 . \TU/No
toSerif(1)/m/n/10 Ийм жишээний нэг нь
 []


Underfull \hbox (badness 4217) in paragraph at lines 280--281
\TU/NotoSerif(1)/m/n/10 Номхон далайн баруун хойд бүсэд байрлах
 []


Underfull \hbox (badness 1910) in paragraph at lines 280--281
\TU/NotoSerif(1)/m/n/10 Чаннелед Скабландс юм\TU/LatinModernRoman(0)/m/n/10 . \
TU/NotoSerif(1)/m/n/10 Энд бид тунамал
 []


Underfull \hbox (badness 1014) in paragraph at lines 280--281
\TU/NotoSerif(1)/m/n/10 ул мөрүүдийг харж болно \TU/LatinModernRoman(0)/m/n/10 
[[], []]. \TU/NotoSerif(1)/m/n/10 Эдгээр нь
 []

[6]
File: zhangjiajie.jpg Graphic file (type bmp)
<zhangjiajie.jpg>
File: hoy.jpg Graphic file (type bmp)
<hoy.jpg>

Underfull \hbox (badness 1460) in paragraph at lines 302--303
\TU/NotoSerif(1)/m/n/10 той төстэй дэлхийн эргэлтийн онолоор сайн
 []


Underfull \hbox (badness 1406) in paragraph at lines 302--303
\TU/NotoSerif(1)/m/n/10 жишээ юм \TU/LatinModernRoman(0)/m/n/10 [[]]. \TU/NotoS
erif(1)/m/n/10 Эдгээр газар нутагт цамхаг
 []


Underfull \hbox (badness 2512) in paragraph at lines 302--303
\TU/NotoSerif(1)/m/n/10 карст\TU/LatinModernRoman(0)/m/n/10 , \TU/NotoSerif(1)/
m/n/10 оргил карст\TU/LatinModernRoman(0)/m/n/10 , \TU/NotoSerif(1)/m/n/10 кону
с карст\TU/LatinModernRoman(0)/m/n/10 , \TU/NotoSerif(1)/m/n/10 байгалийн
 []


Underfull \hbox (badness 10000) in paragraph at lines 302--303
\TU/NotoSerif(1)/m/n/10 гүүр\TU/LatinModernRoman(0)/m/n/10 , \TU/NotoSerif(1)/m
/n/10 хавцал\TU/LatinModernRoman(0)/m/n/10 , \TU/NotoSerif(1)/m/n/10 том агуйн 
систем\TU/LatinModernRoman(0)/m/n/10 , \TU/NotoSerif(1)/m/n/10 болон
 []


Underfull \hbox (badness 1596) in paragraph at lines 302--303
\TU/NotoSerif(1)/m/n/10 гайхамшигтай нь Жанжиажие Үндэсний ойн
 []


Underfull \hbox (badness 6063) in paragraph at lines 302--303
\TU/NotoSerif(1)/m/n/10 цогцолбор бөгөөд асар том кварцын элсэн
 []


Underfull \hbox (badness 1642) in paragraph at lines 302--303
\TU/NotoSerif(1)/m/n/10 чулууны багануудтай \TU/LatinModernRoman(0)/m/n/10 (\TU
/NotoSerif(1)/m/n/10 Зураг []\TU/LatinModernRoman(0)/m/n/10 12[]) [[]]. \TU/Not
oSerif(1)/m/n/10 Эдгээр
 []


Underfull \hbox (badness 6252) in paragraph at lines 302--303
\TU/NotoSerif(1)/m/n/10 багануудын дундаж өндөр нь \TU/LatinModernRoman(0)/m/n/
10 1000 \TU/NotoSerif(1)/m/n/10 метрээс
 []


Underfull \hbox (badness 10000) in paragraph at lines 302--303
\TU/NotoSerif(1)/m/n/10 элэгдлийн багануудтай \TU/LatinModernRoman(0)/m/n/10 (\
TU/NotoSerif(1)/m/n/10 Зураг []\TU/LatinModernRoman(0)/m/n/10 13[]) \TU/NotoSer
if(1)/m/n/10 ижилхэн
 []


Underfull \hbox (badness 1005) in paragraph at lines 302--303
\TU/NotoSerif(1)/m/n/10 бөгөөд тэдгээр нь далайн давлагаанаар эргэн
 []


Underfull \hbox (badness 3029) in paragraph at lines 302--303
\TU/NotoSerif(1)/m/n/10 тойрны чулуулгууд унаж\TU/LatinModernRoman(0)/m/n/10 , 
\TU/NotoSerif(1)/m/n/10 эвдэрснээр үүсдэг\TU/LatinModernRoman(0)/m/n/10 .
 []


Underfull \hbox (badness 10000) in paragraph at lines 302--303
\TU/NotoSerif(1)/m/n/10 Ижил элэгдлийн ландшафтуудыг Туркийн
 []


Underfull \hbox (badness 2837) in paragraph at lines 302--303
\TU/NotoSerif(1)/m/n/10 Үргүпийн чулуужсан конус болон Испанийн
 []


Underfull \hbox (badness 1248) in paragraph at lines 302--303
\TU/NotoSerif(1)/m/n/10 Сьюдад Энкантадад олж болно\TU/LatinModernRoman(0)/m/n/
10 . \TU/NotoSerif(1)/m/n/10 Эдгээр хоёр
 []


Underfull \hbox (badness 2261) in paragraph at lines 302--303
\TU/NotoSerif(1)/m/n/10 газар хоёулаа далайн түвшнээс \TU/LatinModernRoman(0)/m
/n/10 1000 \TU/NotoSerif(1)/m/n/10 метрээс
 []


Underfull \hbox (badness 1708) in paragraph at lines 302--303
\TU/NotoSerif(1)/m/n/10 дээш өндөрт оршдог\TU/LatinModernRoman(0)/m/n/10 . \TU/
NotoSerif(1)/m/n/10 Эдгээр бүх газруудын
 []


Underfull \hbox (badness 4084) in paragraph at lines 302--303
\TU/NotoSerif(1)/m/n/10 эргэн тойронд давс болон далайн гаралтай
 []


Underfull \hbox (badness 7649) in paragraph at lines 302--303
\TU/NotoSerif(1)/m/n/10 түрэмгийлэл болсныг харуулна \TU/LatinModernRoman(0)/m/
n/10 [[], [], []].
 []


Underfull \hbox (badness 2158) in paragraph at lines 304--304
[] \TU/LatinModernRoman(0)/b/n/11 . \TU/NotoSerif(1)/b/n/11 Уур амьсгалын гэнэт
 өөрчлөгдсөн
 []


Underfull \hbox (badness 1852) in paragraph at lines 306--307
[]\TU/NotoSerif(1)/m/n/10 Орчин үеийн шинжлэх ухааны судалгаанд
 []


Underfull \hbox (badness 10000) in paragraph at lines 306--307
\TU/NotoSerif(1)/m/n/10 амьсгалын өөрчлөлт тохиолдсоныг хүлээн
 []


Underfull \hbox (badness 2635) in paragraph at lines 306--307
\TU/NotoSerif(1)/m/n/10 бөгөөд эдгээр нь хүн ам буурах\TU/LatinModernRoman(0)/m
/n/10 , \TU/NotoSerif(1)/m/n/10 нийгмийн
 []


Underfull \hbox (badness 6658) in paragraph at lines 306--307
\TU/NotoSerif(1)/m/n/10 Эдгээр үйл явдлууд тунадас болон мөсний
 []


Underfull \hbox (badness 5189) in paragraph at lines 306--307
\TU/NotoSerif(1)/m/n/10 уналт\TU/LatinModernRoman(0)/m/n/10 , \TU/NotoSerif(1)/
m/n/10 хуурайшилт\TU/LatinModernRoman(0)/m/n/10 , \TU/NotoSerif(1)/m/n/10 Атлан
тын меридиональ
 []


Underfull \hbox (badness 10000) in paragraph at lines 306--307
\TU/NotoSerif(1)/m/n/10 усаар хүчтэй үерлэсэнтэй давхацсан байж
 []

[7]
Underfull \hbox (badness 1137) in paragraph at lines 310--311
\TU/NotoSerif(1)/m/n/10 мөр илэрдэг нь эртний гамшигт үйл явдлыг
 []


Underfull \hbox (badness 3260) in paragraph at lines 310--311
\TU/NotoSerif(1)/m/n/10 баталдаг\TU/LatinModernRoman(0)/m/n/10 . \TU/NotoSerif(
1)/m/n/10 Ийм хотуудын нэг нь одоогийн
 []


Underfull \hbox (badness 1199) in paragraph at lines 310--311
\TU/NotoSerif(1)/m/n/10 Палестинд байрлах Иерихон юм\TU/LatinModernRoman(0)/m/n
/10 . \TU/NotoSerif(1)/m/n/10 Энэ хотод
 []


Underfull \hbox (badness 1558) in paragraph at lines 310--311
\TU/NotoSerif(1)/m/n/10 чулуун бүтцийн нуралт болон хүчтэй галын
 []


Underfull \hbox (badness 2351) in paragraph at lines 310--311
\TU/NotoSerif(1)/m/n/10 үеийг шинжвээс МЭӨ \TU/LatinModernRoman(0)/m/n/10 9000-
2000 \TU/NotoSerif(1)/m/n/10 оны хооронд
 []


Underfull \hbox (badness 4416) in paragraph at lines 310--311
\TU/NotoSerif(1)/m/n/10 таарна\TU/LatinModernRoman(0)/m/n/10 . \TU/NotoSerif(1)
/m/n/10 Ялангуяа энэ хотын цамхаг МЭӨ
 []


Underfull \hbox (badness 1874) in paragraph at lines 310--311
\TU/LatinModernRoman(0)/m/n/10 7400 \TU/NotoSerif(1)/m/n/10 оны үед огцом сүйрч
\TU/LatinModernRoman(0)/m/n/10 , \TU/NotoSerif(1)/m/n/10 тунадастай хамт
 []


Underfull \hbox (badness 2158) in paragraph at lines 310--311
\TU/LatinModernRoman(0)/m/n/10 [[]], \TU/NotoSerif(1)/m/n/10 Грамалотэ \TU/Lati
nModernRoman(0)/m/n/10 [[]], \TU/NotoSerif(1)/m/n/10 мөн Крит дэх Миносын
 []


Underfull \hbox (badness 3471) in paragraph at lines 310--311
\TU/NotoSerif(1)/m/n/10 үзэгдэл тохиолдсоныг гэрчлэх баримт бүхий
 []

File: jericho.jpg Graphic file (type bmp)
<jericho.jpg>

Underfull \hbox (badness 1460) in paragraph at lines 318--318
[]\TU/LatinModernRoman(0)/m/n/9 Figure 14. []\TU/NotoSerif(1)/m/n/9 Ерихын цамх
гийн булшны археологийн
 []


Underfull \hbox (badness 2856) in paragraph at lines 323--324
\TU/NotoSerif(1)/m/n/10 томоохон сүйрлийн өөр нэгэн нотолгоо бол
 []


Underfull \hbox (badness 2150) in paragraph at lines 323--324
\TU/NotoSerif(1)/m/n/10 дороос олдсон шавран хүүхэлдэй юм \TU/LatinModernRoman(
0)/m/n/10 [[], []].
 []


Underfull \hbox (badness 8075) in paragraph at lines 323--324
\TU/NotoSerif(1)/m/n/10 настай гэж үзсэн байдаг\TU/LatinModernRoman(0)/m/n/10 .
 \TU/NotoSerif(1)/m/n/10 Гэвч тус бүс
 []


Underfull \hbox (badness 4001) in paragraph at lines 323--324
\TU/NotoSerif(1)/m/n/10 цагийн тооллын үнэн зөв байдалд эргэлзээ
 []


Underfull \hbox (badness 10000) in paragraph at lines 329--330
[]\TU/NotoSerif(1)/m/n/10 Уламжлалт ойлголтоор бол \TU/LatinModernRoman(0)/m/n/
10 "\TU/NotoSerif(1)/m/n/10 чулуужсан
 []


Underfull \hbox (badness 4242) in paragraph at lines 329--330
\TU/NotoSerif(1)/m/n/10 түлш\TU/LatinModernRoman(0)/m/n/10 " \TU/NotoSerif(1)/m
/n/10 болох нүүрс\TU/LatinModernRoman(0)/m/n/10 , \TU/NotoSerif(1)/m/n/10 газры
н тос\TU/LatinModernRoman(0)/m/n/10 , \TU/NotoSerif(1)/m/n/10 байгалийн
 []


Underfull \hbox (badness 10000) in paragraph at lines 329--330
\TU/NotoSerif(1)/m/n/10 тосыг нүүрстөрөгчийн аргаар шинжлэхэд
 []


Underfull \hbox (badness 10000) in paragraph at lines 329--330
\TU/NotoSerif(1)/m/n/10 ойролцоогоор \TU/LatinModernRoman(0)/m/n/10 13,000 \TU/
NotoSerif(1)/m/n/10 жилийн настай гэж
 []


Underfull \hbox (badness 1102) in paragraph at lines 329--330
\TU/NotoSerif(1)/m/n/10 тооцоологдсон байна \TU/LatinModernRoman(0)/m/n/10 [[]]
. \TU/NotoSerif(1)/m/n/10 Нүүрстөрөгч\TU/LatinModernRoman(0)/m/n/10 -14 \TU/Not
oSerif(1)/m/n/10 нь
 []


Underfull \hbox (badness 3646) in paragraph at lines 329--330
\TU/NotoSerif(1)/m/n/10 бүрэн задрах учиртай\TU/LatinModernRoman(0)/m/n/10 . \T
U/NotoSerif(1)/m/n/10 Гэвч үүнээс мянга
 []


Underfull \hbox (badness 2503) in paragraph at lines 329--330
\TU/NotoSerif(1)/m/n/10 болон чулуужсан олдворуудад нүүрстөрөгч\TU/LatinModernR
oman(0)/m/n/10 -14
 []


Underfull \hbox (badness 1910) in paragraph at lines 331--332
[]\TU/NotoSerif(1)/m/n/10 Нүүрстөрөгчийн аргаас өөр радиоизотопын
 []


Underfull \hbox (badness 3291) in paragraph at lines 331--332
\TU/NotoSerif(1)/m/n/10 уламжлалт настай холбоотой ойлголтууд нь
 []


Underfull \hbox (badness 10000) in paragraph at lines 335--336
[]\TU/NotoSerif(1)/m/n/10 Энэ судалгааны ажилд би гамшгийн
 []


Underfull \hbox (badness 2452) in paragraph at lines 335--336
\TU/NotoSerif(1)/m/n/10 гаралтай гэж үзэж болохуйц\TU/LatinModernRoman(0)/m/n/1
0 , ECDO \TU/NotoSerif(1)/m/n/10 онолын
 []


Underfull \hbox (badness 10000) in paragraph at lines 335--336
\TU/NotoSerif(1)/m/n/10 нийцэх онцгой гаж үзэгдлүүдийн заримыг
 []


Underfull \hbox (badness 10000) in paragraph at lines 339--340
\TU/NotoSerif(1)/m/n/10 бүтээлээ дэлхийтэй хуваалцсанд талархал
 []


Underfull \hbox (badness 10000) in paragraph at lines 339--340
\TU/NotoSerif(1)/m/n/10 салалтын джаанибековын хэлбэлзэл \TU/LatinModernRoman(0
)/m/n/10 (ECDO)
 []

[8]
Underfull \hbox (badness 10000) in paragraph at lines 341--342
[]\TU/NotoSerif(1)/m/n/10 Мөн биднээс өмнө бүх судалгаа болон
 []


Underfull \hbox (badness 10000) in paragraph at lines 341--342
\TU/NotoSerif(1)/m/n/10 төрөлхтөнд гэрэл авчрах гэж зорьсон хэн
 []


Underfull \hbox (badness 7256) in paragraph at lines 341--342
\TU/NotoSerif(1)/m/n/10 судалгааны ажил орших боломжийг олгож
 []

[9

] (./2mongoliantranslated2.bbl
Underfull \hbox (badness 10000) in paragraph at lines 9--11
[]\TU/LatinModernRoman(0)/m/n/9 Answers research journal, 2008--present.
 []


Underfull \hbox (badness 10000) in paragraph at lines 101--105
[]\TU/LatinModernRoman(0)/m/n/9 GetYourGuide.  Canyoning in grand canyon.
 []


Underfull \hbox (badness 10000) in paragraph at lines 101--105
[]$[][][][][] [] [] [] [][][] [] [][][][][][][][][][][][] [] [][][] [] [][][][]
[][][][][][][][][][][][][][][] []
 []


Underfull \hbox (badness 10000) in paragraph at lines 139--144
[]\TU/LatinModernRoman(0)/m/n/9 Junho.  Mega-current ripples.  []$[][][][][] []
 [] [] [][][][][][] []
 []


Underfull \hbox (badness 10000) in paragraph at lines 139--144
[][][] [] [][][][][][][] [] [][][][] [] [][][][] [] [][][][][][] [] [][][][][][
][][][][][] []
 []


Underfull \hbox (badness 10000) in paragraph at lines 139--144
[][][][][][][][][][][][][][][][][][] [] [][][][][][][][][][][][][][][][][][][][
][][][] []
 []


Underfull \hbox (badness 7133) in paragraph at lines 146--149
[]\TU/LatinModernRoman(0)/m/n/9 Junho.  Ecdo github research repository, 2024.
 []


Underfull \hbox (badness 1005) in paragraph at lines 195--199
\TU/LatinModernRoman(0)/m/n/9 tional park.  []$[][][][][] [] [] [] [][][] [] []
[][] [] [][][] [] [][][][] [] [][][][][] [] [][][][][][] []
 []


Underfull \hbox (badness 4556) in paragraph at lines 218--225
[][] [] [][][][][][][][][][][][][][][][][][][][][][][][][][][][][][][][][][][][
][][][][][][][][] [] [][][][]$[]\TU/LatinModernRoman(0)/m/n/9 , May 2017.
 []

[10


]
Underfull \hbox (badness 1571) in paragraph at lines 271--276
\TU/LatinModernRoman(0)/m/n/9 pling – dzhanibekov oscillation (ecdo) theory, 20
24.
 []


Underfull \hbox (badness 10000) in paragraph at lines 271--276
\TU/LatinModernRoman(0)/m/n/9 https://theethicalskeptic.com/2024/05/23/master-
 []


Underfull \hbox (badness 10000) in paragraph at lines 271--276
\TU/LatinModernRoman(0)/m/n/9 exothermic-core-mantle-decoupling-dzhanibekov-
 []


Underfull \hbox (badness 1048) in paragraph at lines 392--395
\TU/LatinModernRoman(0)/m/n/9 The Free Encyclopedia, 2025.  [Online; accessed 8
-
 []

) [11] (./2mongoliantranslated2.aux)
 ***********
LaTeX2e <2023-11-01> patch level 1
L3 programming layer <2024-01-22>
 ***********


LaTeX Font Warning: Some font shapes were not available, defaults substituted.


LaTeX Warning: There were multiply-defined labels.

 ) 
Here is how much of TeX's memory you used:
 13730 strings out of 475702
 267525 string characters out of 5785445
 2162627 words of memory out of 5000000
 35438 multiletter control sequences out of 15000+600000
 568587 words of font info for 125 fonts, out of 8000000 for 9000
 932 hyphenation exceptions out of 8191
 79i,9n,93p,2177b,509s stack positions out of 10000i,1000n,20000p,200000b,200000s

Output written on 2mongoliantranslated2.pdf (11 pages).
