This is XeTeX, Version 3.141592653-2.6-0.999995 (TeX Live 2023/Debian) (preloaded format=xelatex 2025.6.27)  12 JUL 2025 18:39
entering extended mode
 restricted \write18 enabled.
 %&-line parsing enabled.
**2nepalitranslated.tex
(./2nepalitranslated.tex
LaTeX2e <2023-11-01> patch level 1
L3 programming layer <2024-01-22>
(/usr/share/texlive/texmf-dist/tex/latex/base/article.cls
Document Class: article 2023/05/17 v1.4n Standard LaTeX document class
(/usr/share/texlive/texmf-dist/tex/latex/base/size10.clo
File: size10.clo 2023/05/17 v1.4n Standard LaTeX file (size option)
)
\c@part=\count183
\c@section=\count184
\c@subsection=\count185
\c@subsubsection=\count186
\c@paragraph=\count187
\c@subparagraph=\count188
\c@figure=\count189
\c@table=\count190
\abovecaptionskip=\skip48
\belowcaptionskip=\skip49
\bibindent=\dimen140
)
(/usr/share/texlive/texmf-dist/tex/latex/booktabs/booktabs.sty
Package: booktabs 2020/01/12 v1.61803398 Publication quality tables
\heavyrulewidth=\dimen141
\lightrulewidth=\dimen142
\cmidrulewidth=\dimen143
\belowrulesep=\dimen144
\belowbottomsep=\dimen145
\aboverulesep=\dimen146
\abovetopsep=\dimen147
\cmidrulesep=\dimen148
\cmidrulekern=\dimen149
\defaultaddspace=\dimen150
\@cmidla=\count191
\@cmidlb=\count192
\@aboverulesep=\dimen151
\@belowrulesep=\dimen152
\@thisruleclass=\count193
\@lastruleclass=\count194
\@thisrulewidth=\dimen153
)
(/usr/share/texlive/texmf-dist/tex/latex/sttools/stfloats.sty
Package: stfloats 2017/03/27 v3.3 Improve float mechanism and baselineskip sett
ings
\@dblbotnum=\count195
\c@dblbotnumber=\count196
)
(/usr/share/texlive/texmf-dist/tex/latex/fontspec/fontspec.sty
(/usr/share/texlive/texmf-dist/tex/latex/l3packages/xparse/xparse.sty
(/usr/share/texlive/texmf-dist/tex/latex/l3kernel/expl3.sty
Package: expl3 2024-01-22 L3 programming layer (loader) 

(/usr/share/texlive/texmf-dist/tex/latex/l3backend/l3backend-xetex.def
File: l3backend-xetex.def 2024-01-04 L3 backend support: XeTeX
\g__graphics_track_int=\count197
\l__pdf_internal_box=\box51
\g__pdf_backend_object_int=\count198
\g__pdf_backend_annotation_int=\count199
\g__pdf_backend_link_int=\count266
))
Package: xparse 2023-10-10 L3 Experimental document command parser
)
Package: fontspec 2022/01/15 v2.8a Font selection for XeLaTeX and LuaLaTeX

(/usr/share/texlive/texmf-dist/tex/latex/fontspec/fontspec-xetex.sty
Package: fontspec-xetex 2022/01/15 v2.8a Font selection for XeLaTeX and LuaLaTe
X
\l__fontspec_script_int=\count267
\l__fontspec_language_int=\count268
\l__fontspec_strnum_int=\count269
\l__fontspec_tmp_int=\count270
\l__fontspec_tmpa_int=\count271
\l__fontspec_tmpb_int=\count272
\l__fontspec_tmpc_int=\count273
\l__fontspec_em_int=\count274
\l__fontspec_emdef_int=\count275
\l__fontspec_strong_int=\count276
\l__fontspec_strongdef_int=\count277
\l__fontspec_tmpa_dim=\dimen154
\l__fontspec_tmpb_dim=\dimen155
\l__fontspec_tmpc_dim=\dimen156

(/usr/share/texlive/texmf-dist/tex/latex/base/fontenc.sty
Package: fontenc 2021/04/29 v2.0v Standard LaTeX package
)
(/usr/share/texlive/texmf-dist/tex/latex/fontspec/fontspec.cfg)))
(/usr/share/texlive/texmf-dist/tex/xelatex/ucharclasses/ucharclasses.sty
Package: ucharclasses 2022/10/20 v2.6.0 Unicode block character classes for XeL
aTeX

(/usr/share/texlive/texmf-dist/tex/generic/iftex/ifxetex.sty
Package: ifxetex 2019/10/25 v0.7 ifxetex legacy package. Use iftex instead.

(/usr/share/texlive/texmf-dist/tex/generic/iftex/iftex.sty
Package: iftex 2022/02/03 v1.0f TeX engine tests
))
\AegeanNumbersClass=\XeTeXcharclass1
\AlphabeticPresentationFormsClass=\XeTeXcharclass2
\AncientGreekMusicalNotationClass=\XeTeXcharclass3
\AncientGreekNumbersClass=\XeTeXcharclass4
\AncientSymbolsClass=\XeTeXcharclass5
\ArabicClass=\XeTeXcharclass6
\ArabicPresentationFormsAClass=\XeTeXcharclass7
\ArabicPresentationFormsBClass=\XeTeXcharclass8
\ArabicSupplementClass=\XeTeXcharclass9
\ArmenianClass=\XeTeXcharclass10
\ArrowsClass=\XeTeXcharclass11
\BalineseClass=\XeTeXcharclass12
\BasicLatinClass=\XeTeXcharclass13
\BengaliClass=\XeTeXcharclass14
\BlockElementsClass=\XeTeXcharclass15
\BopomofoClass=\XeTeXcharclass16
\BopomofoExtendedClass=\XeTeXcharclass17
\BoxDrawingClass=\XeTeXcharclass18
\BraillePatternsClass=\XeTeXcharclass19
\BugineseClass=\XeTeXcharclass20
\BuhidClass=\XeTeXcharclass21
\ByzantineMusicalSymbolsClass=\XeTeXcharclass22
\ChamClass=\XeTeXcharclass23
\CherokeeClass=\XeTeXcharclass24
\CJKCompatibilityClass=\XeTeXcharclass25
\CJKCompatibilityFormsClass=\XeTeXcharclass26
\CJKCompatibilityIdeographsClass=\XeTeXcharclass27
\CJKCompatibilityIdeographsSupplementClass=\XeTeXcharclass28
\CJKRadicalsSupplementClass=\XeTeXcharclass29
\CJKStrokesClass=\XeTeXcharclass30
\CJKSymbolsAndPunctuationClass=\XeTeXcharclass31
\CJKUnifiedIdeographsClass=\XeTeXcharclass32
\CJKUnifiedIdeographsExtensionAClass=\XeTeXcharclass33
\CJKUnifiedIdeographsExtensionBClass=\XeTeXcharclass34
\CombiningDiacriticalMarksClass=\XeTeXcharclass35
\CombiningDiacriticalMarksForSymbolsClass=\XeTeXcharclass36
\CombiningDiacriticalMarksSupplementClass=\XeTeXcharclass37
\CombiningHalfMarksClass=\XeTeXcharclass38
\ControlPicturesClass=\XeTeXcharclass39
\CopticClass=\XeTeXcharclass40
\CountingRodNumeralsClass=\XeTeXcharclass41
\CuneiformClass=\XeTeXcharclass42
\CuneiformNumbersAndPunctuationClass=\XeTeXcharclass43
\CurrencySymbolsClass=\XeTeXcharclass44
\CypriotSyllabaryClass=\XeTeXcharclass45
\CyrillicClass=\XeTeXcharclass46
\CyrillicExtendedAClass=\XeTeXcharclass47
\CyrillicExtendedBClass=\XeTeXcharclass48
\CyrillicSupplementClass=\XeTeXcharclass49
\DeseretClass=\XeTeXcharclass50
\DevanagariDanDaClass=\XeTeXcharclass51
\DevanagariMarksClass=\XeTeXcharclass52
\DevanagariPostDanDaClass=\XeTeXcharclass53
\DevanagariPostMarksClass=\XeTeXcharclass54
\DevanagariPreMarksClass=\XeTeXcharclass55
\DingbatsClass=\XeTeXcharclass56
\DominoTilesClass=\XeTeXcharclass57
\EnclosedAlphanumericsClass=\XeTeXcharclass58
\EnclosedCJKLettersAndMonthsClass=\XeTeXcharclass59
\EthiopicClass=\XeTeXcharclass60
\EthiopicExtendedClass=\XeTeXcharclass61
\EthiopicSupplementClass=\XeTeXcharclass62
\GeneralPunctuationClass=\XeTeXcharclass63
\GeometricShapesClass=\XeTeXcharclass64
\GeorgianClass=\XeTeXcharclass65
\GeorgianSupplementClass=\XeTeXcharclass66
\GlagoliticClass=\XeTeXcharclass67
\GreekAndCopticClass=\XeTeXcharclass68
\GreekExtendedClass=\XeTeXcharclass69
\GujaratiClass=\XeTeXcharclass70
\GurmukhiClass=\XeTeXcharclass71
\HalfwidthAndFullwidthFormsClass=\XeTeXcharclass72
\HangulCompatibilityJamoClass=\XeTeXcharclass73
\HangulJamoClass=\XeTeXcharclass74
\HangulSyllablesClass=\XeTeXcharclass75
\HanunooClass=\XeTeXcharclass76
\HebrewClass=\XeTeXcharclass77
\HiraganaClass=\XeTeXcharclass78
\IdeographicDescriptionCharactersClass=\XeTeXcharclass79
\IPAExtensionsClass=\XeTeXcharclass80
\KanbunClass=\XeTeXcharclass81
\KangxiRadicalsClass=\XeTeXcharclass82
\KannadaClass=\XeTeXcharclass83
\KatakanaClass=\XeTeXcharclass84
\KatakanaPhoneticExtensionsClass=\XeTeXcharclass85
\KayahLiClass=\XeTeXcharclass86
\KhmerClass=\XeTeXcharclass87
\KhmerSymbolsClass=\XeTeXcharclass88
\LaoClass=\XeTeXcharclass89
\LatinExtendedAdditionalClass=\XeTeXcharclass90
\LatinExtendedAClass=\XeTeXcharclass91
\LatinExtendedBClass=\XeTeXcharclass92
\LatinExtendedCClass=\XeTeXcharclass93
\LatinExtendedDClass=\XeTeXcharclass94
\LatinSupplementClass=\XeTeXcharclass95
\LepchaClass=\XeTeXcharclass96
\LetterlikeSymbolsClass=\XeTeXcharclass97
\LimbuClass=\XeTeXcharclass98
\LinearBIdeogramsClass=\XeTeXcharclass99
\LinearBSyllabaryClass=\XeTeXcharclass100
\MahjongTilesClass=\XeTeXcharclass101
\MalayalamClass=\XeTeXcharclass102
\MathematicalAlphanumericSymbolsClass=\XeTeXcharclass103
\MathematicalOperatorsClass=\XeTeXcharclass104
\MiscellaneousMathematicalSymbolsAClass=\XeTeXcharclass105
\MiscellaneousMathematicalSymbolsBClass=\XeTeXcharclass106
\MiscellaneousSymbolsClass=\XeTeXcharclass107
\MiscellaneousSymbolsAndArrowsClass=\XeTeXcharclass108
\MiscellaneousTechnicalClass=\XeTeXcharclass109
\ModifierToneLettersClass=\XeTeXcharclass110
\MongolianClass=\XeTeXcharclass111
\MusicalSymbolsClass=\XeTeXcharclass112
\MyanmarClass=\XeTeXcharclass113
\NewTaiLueClass=\XeTeXcharclass114
\NKoClass=\XeTeXcharclass115
\NumberFormsClass=\XeTeXcharclass116
\OghamClass=\XeTeXcharclass117
\OlChikiClass=\XeTeXcharclass118
\OldPersianClass=\XeTeXcharclass119
\OpticalCharacterRecognitionClass=\XeTeXcharclass120
\OriyaClass=\XeTeXcharclass121
\OsmanyaClass=\XeTeXcharclass122
\PhagsPaClass=\XeTeXcharclass123
\PhoenicianClass=\XeTeXcharclass124
\PhoneticExtensionsClass=\XeTeXcharclass125
\PhoneticExtensionsSupplementClass=\XeTeXcharclass126
\PrivateUseAreaClass=\XeTeXcharclass127
\RejangClass=\XeTeXcharclass128
\RunicClass=\XeTeXcharclass129
\SaurashtraClass=\XeTeXcharclass130
\ShavianClass=\XeTeXcharclass131
\SinhalaClass=\XeTeXcharclass132
\SmallFormVariantsClass=\XeTeXcharclass133
\SpacingModifierLettersClass=\XeTeXcharclass134
\SundaneseClass=\XeTeXcharclass135
\SuperscriptsAndSubscriptsClass=\XeTeXcharclass136
\SupplementalArrowsAClass=\XeTeXcharclass137
\SupplementalArrowsBClass=\XeTeXcharclass138
\SupplementalMathematicalOperatorsClass=\XeTeXcharclass139
\SupplementalPunctuationClass=\XeTeXcharclass140
\SylotiNagriClass=\XeTeXcharclass141
\SyriacClass=\XeTeXcharclass142
\TagalogClass=\XeTeXcharclass143
\TagbanwaClass=\XeTeXcharclass144
\TagsClass=\XeTeXcharclass145
\TaiLeClass=\XeTeXcharclass146
\TaiXuanJingSymbolsClass=\XeTeXcharclass147
\TamilClass=\XeTeXcharclass148
\TeluguClass=\XeTeXcharclass149
\ThaanaClass=\XeTeXcharclass150
\ThaiClass=\XeTeXcharclass151
\TibetanClass=\XeTeXcharclass152
\TifinaghClass=\XeTeXcharclass153
\UgariticClass=\XeTeXcharclass154
\UnifiedCanadianAboriginalSyllabicsClass=\XeTeXcharclass155
\VaiClass=\XeTeXcharclass156
\VerticalFormsClass=\XeTeXcharclass157
\YiRadicalsClass=\XeTeXcharclass158
\YiSyllablesClass=\XeTeXcharclass159
\YijingHexagramSymbolsClass=\XeTeXcharclass160
\AvestanClass=\XeTeXcharclass161
\BamumClass=\XeTeXcharclass162
\CJKUnifiedIdeographsExtensionCClass=\XeTeXcharclass163
\CommonIndicNumberFormsClass=\XeTeXcharclass164
\DevanagariExtendedClass=\XeTeXcharclass165
\EgyptianHieroglyphsClass=\XeTeXcharclass166
\EnclosedAlphanumericSupplementClass=\XeTeXcharclass167
\EnclosedIdeographicSupplementClass=\XeTeXcharclass168
\HangulJamoExtendedAClass=\XeTeXcharclass169
\HangulJamoExtendedBClass=\XeTeXcharclass170
\ImperialAramaicClass=\XeTeXcharclass171
\InscriptionalPahlaviClass=\XeTeXcharclass172
\InscriptionalParthianClass=\XeTeXcharclass173
\JavaneseClass=\XeTeXcharclass174
\KaithiClass=\XeTeXcharclass175
\LisuClass=\XeTeXcharclass176
\MeeteiMayekClass=\XeTeXcharclass177
\MyanmarExtendedAClass=\XeTeXcharclass178
\RumiNumeralSymbolsClass=\XeTeXcharclass179
\SamaritanClass=\XeTeXcharclass180
\TaiThamClass=\XeTeXcharclass181
\TaiVietClass=\XeTeXcharclass182
\UnifiedCanadianAboriginalSyllabicsExtendedClass=\XeTeXcharclass183
\VedicExtensionsClass=\XeTeXcharclass184
\AlchemicalSymbolsClass=\XeTeXcharclass185
\BamumSupplementClass=\XeTeXcharclass186
\BatakClass=\XeTeXcharclass187
\BrahmiClass=\XeTeXcharclass188
\CJKUnifiedIdeographsExtensionDClass=\XeTeXcharclass189
\EmoticonsClass=\XeTeXcharclass190
\EthiopicExtendedAClass=\XeTeXcharclass191
\KanaSupplementClass=\XeTeXcharclass192
\MandaicClass=\XeTeXcharclass193
\MiscellaneousSymbolsAndPictographsClass=\XeTeXcharclass194
\PlayingCardsClass=\XeTeXcharclass195
\TransportAndMapSymbolsClass=\XeTeXcharclass196
\ArabicExtendedAClass=\XeTeXcharclass197
\ArabicMathematicalAlphabeticSymbolsClass=\XeTeXcharclass198
\ChakmaClass=\XeTeXcharclass199
\MeeteiMayekExtensionsClass=\XeTeXcharclass200
\MeroiticCursiveClass=\XeTeXcharclass201
\MeroiticHieroglyphsClass=\XeTeXcharclass202
\MiaoClass=\XeTeXcharclass203
\SharadaClass=\XeTeXcharclass204
\SoraSompengClass=\XeTeXcharclass205
\SundaneseSupplementClass=\XeTeXcharclass206
\TakriClass=\XeTeXcharclass207
\BassaVahClass=\XeTeXcharclass208
\CaucasianAlbanianClass=\XeTeXcharclass209
\CombiningDiacriticalMarksExtendedClass=\XeTeXcharclass210
\CopticEpactNumbersClass=\XeTeXcharclass211
\ElbasanClass=\XeTeXcharclass212
\GeometricShapesExtendedClass=\XeTeXcharclass213
\GranthaClass=\XeTeXcharclass214
\KhojkiClass=\XeTeXcharclass215
\KhudawadiClass=\XeTeXcharclass216
\LatinExtendedEClass=\XeTeXcharclass217
\LinearAClass=\XeTeXcharclass218
\MahajaniClass=\XeTeXcharclass219
\MendeKikakuiClass=\XeTeXcharclass220
\ModiClass=\XeTeXcharclass221
\MroClass=\XeTeXcharclass222
\MyanmarExtendedBClass=\XeTeXcharclass223
\OrnamentalDingbatsClass=\XeTeXcharclass224
\PahawhHmongClass=\XeTeXcharclass225
\PauCinHauClass=\XeTeXcharclass226
\SiddhamClass=\XeTeXcharclass227
\SinhalaArchaicNumbersClass=\XeTeXcharclass228
\SupplementalArrowsCClass=\XeTeXcharclass229
\TirhutaClass=\XeTeXcharclass230
\WarangCitiClass=\XeTeXcharclass231
\CherokeeSupplementClass=\XeTeXcharclass232
\CJKUnifiedIdeographsExtensionEClass=\XeTeXcharclass233
\SupplementalSymbolsAndPictographsClass=\XeTeXcharclass234
\CyrillicExtendedCClass=\XeTeXcharclass235
\GlagoliticSupplementClass=\XeTeXcharclass236
\IdeographicSymbolsAndPunctuationClass=\XeTeXcharclass237
\MongolianSupplementClass=\XeTeXcharclass238
\CJKUnifiedIdeographsExtensionFClass=\XeTeXcharclass239
\KanaExtendedAClass=\XeTeXcharclass240
\SyriacSupplementClass=\XeTeXcharclass241
\GeorgianExtendedClass=\XeTeXcharclass242
\SmallKanaExtensionClass=\XeTeXcharclass243
\SymbolsAndPictographsExtendedAClass=\XeTeXcharclass244
\CJKUnifiedIdeographsExtensionGClass=\XeTeXcharclass245
\ArabicExtendedBClass=\XeTeXcharclass246
\EthiopicExtendedBClass=\XeTeXcharclass247
\KanaExtendedBClass=\XeTeXcharclass248
\LatinExtendedFClass=\XeTeXcharclass249
\LatinExtendedGClass=\XeTeXcharclass250
\UnifiedCanadianAboriginalSyllabicsExtendedAClass=\XeTeXcharclass251
\ArabicExtendedCClass=\XeTeXcharclass252
\CJKUnifiedIdeographsExtensionHClass=\XeTeXcharclass253
\CyrillicExtendedDClass=\XeTeXcharclass254
\DevanagariExtendedAClass=\XeTeXcharclass255
\CarianClass=\XeTeXcharclass256
\GothicClass=\XeTeXcharclass257
\KharoshthiClass=\XeTeXcharclass258
\LycianClass=\XeTeXcharclass259
\LydianClass=\XeTeXcharclass260
\OldItalicClass=\XeTeXcharclass261
\PhaistosDiscClass=\XeTeXcharclass262
\SupplementaryPrivateUseAreaAClass=\XeTeXcharclass263
\SupplementaryPrivateUseAreaBClass=\XeTeXcharclass264
\OldSouthArabianClass=\XeTeXcharclass265
\OldTurkicClass=\XeTeXcharclass266
\DuployanClass=\XeTeXcharclass267
\ManichaeanClass=\XeTeXcharclass268
\NabataeanClass=\XeTeXcharclass269
\OldNorthArabianClass=\XeTeXcharclass270
\OldPermicClass=\XeTeXcharclass271
\PalmyreneClass=\XeTeXcharclass272
\PsalterPahlaviClass=\XeTeXcharclass273
\ShorthandFormatControlsClass=\XeTeXcharclass274
\AhomClass=\XeTeXcharclass275
\AnatolianHieroglyphsClass=\XeTeXcharclass276
\EarlyDynasticCuneiformClass=\XeTeXcharclass277
\HatranClass=\XeTeXcharclass278
\MultaniClass=\XeTeXcharclass279
\OldHungarianClass=\XeTeXcharclass280
\SuttonSignWritingClass=\XeTeXcharclass281
\AdlamClass=\XeTeXcharclass282
\BhaiksukiClass=\XeTeXcharclass283
\MarchenClass=\XeTeXcharclass284
\NewaClass=\XeTeXcharclass285
\OsageClass=\XeTeXcharclass286
\TangutClass=\XeTeXcharclass287
\TangutComponentsClass=\XeTeXcharclass288
\MasaramGondiClass=\XeTeXcharclass289
\NushuClass=\XeTeXcharclass290
\SoyomboClass=\XeTeXcharclass291
\ZanabazarSquareClass=\XeTeXcharclass292
\ChessSymbolsClass=\XeTeXcharclass293
\DograClass=\XeTeXcharclass294
\GunjalaGondiClass=\XeTeXcharclass295
\HanifiRohingyaClass=\XeTeXcharclass296
\IndicSiyaqNumbersClass=\XeTeXcharclass297
\MakasarClass=\XeTeXcharclass298
\MayanNumeralsClass=\XeTeXcharclass299
\MedefaidrinClass=\XeTeXcharclass300
\OldSogdianClass=\XeTeXcharclass301
\SogdianClass=\XeTeXcharclass302
\EgyptianHieroglyphFormatControlsClass=\XeTeXcharclass303
\ElymaicClass=\XeTeXcharclass304
\NandinagariClass=\XeTeXcharclass305
\NyiakengPuachueHmongClass=\XeTeXcharclass306
\OttomanSiyaqNumbersClass=\XeTeXcharclass307
\TamilSupplementClass=\XeTeXcharclass308
\WanchoClass=\XeTeXcharclass309
\ChorasmianClass=\XeTeXcharclass310
\DivesAkuruClass=\XeTeXcharclass311
\KhitanSmallScriptClass=\XeTeXcharclass312
\LisuSupplementClass=\XeTeXcharclass313
\SymbolsForLegacyComputingClass=\XeTeXcharclass314
\TangutSupplementClass=\XeTeXcharclass315
\YezidiClass=\XeTeXcharclass316
\CyproMinoanClass=\XeTeXcharclass317
\OldUighurClass=\XeTeXcharclass318
\TangsaClass=\XeTeXcharclass319
\TotoClass=\XeTeXcharclass320
\VithkuqiClass=\XeTeXcharclass321
\ZnamennyMusicalNotationClass=\XeTeXcharclass322
\KaktovikNumeralsClass=\XeTeXcharclass323
\KawiClass=\XeTeXcharclass324
\NagMundariClass=\XeTeXcharclass325
)

Package fontspec Info: Font family 'LatinModernRoman(0)' created for font
(fontspec)             'Latin Modern Roman' with options [].
(fontspec)              
(fontspec)              This font family consists of the following NFSS
(fontspec)             series/shapes:
(fontspec)              
(fontspec)             - 'normal' (m/n) with NFSS spec.: <->"Latin Modern
(fontspec)             Roman/OT:script=latn;language=dflt;"
(fontspec)             - 'small caps'  (m/sc) with NFSS spec.: 
(fontspec)             - 'bold' (b/n) with NFSS spec.: <->"Latin Modern
(fontspec)             Roman/B/OT:script=latn;language=dflt;"
(fontspec)             - 'bold small caps'  (b/sc) with NFSS spec.: 
(fontspec)             - 'italic' (m/it) with NFSS spec.: <->"Latin Modern
(fontspec)             Roman/I/OT:script=latn;language=dflt;"
(fontspec)             - 'italic small caps'  (m/scit) with NFSS spec.: 
(fontspec)             - 'bold italic' (b/it) with NFSS spec.: <->"Latin
(fontspec)             Modern Roman/BI/OT:script=latn;language=dflt;"
(fontspec)             - 'bold italic small caps'  (b/scit) with NFSS spec.: 


Package fontspec Info: Could not resolve font "NewCM08Devanagari/BI" (it
(fontspec)             probably doesn't exist).


Package fontspec Info: Could not resolve font "NewCM08Devanagari/B" (it
(fontspec)             probably doesn't exist).


Package fontspec Info: Could not resolve font "NewCM08Devanagari/I" (it
(fontspec)             probably doesn't exist).


Package fontspec Info: Font family 'NewCM08Devanagari(0)' created for font
(fontspec)             'NewCM08Devanagari' with options [Script=Devanagari].
(fontspec)              
(fontspec)              This font family consists of the following NFSS
(fontspec)             series/shapes:
(fontspec)              
(fontspec)             - 'normal' (m/n) with NFSS spec.:
(fontspec)             <->"NewCM08Devanagari/OT:script=dev2;language=dflt;"
(fontspec)             - 'small caps'  (m/sc) with NFSS spec.: 

 (./cvpr.sty
(./eso-pic.sty
Package: eso-pic 2002/11/16 v1.1b eso-pic (RN)
 (./cvpr_eso.sty

LaTeX Warning: You have requested package `eso-pic',
               but the package provides `everyshi'.

Package: everyshi 2001/05/15 v3.00 EveryShipout Package (MS)
) (/usr/share/texlive/texmf-dist/tex/latex/graphics/keyval.sty
Package: keyval 2022/05/29 v1.15 key=value parser (DPC)
\KV@toks@=\toks17
))
(/usr/share/texlive/texmf-dist/tex/latex/tools/xspace.sty
Package: xspace 2014/10/28 v1.13 Space after command names (DPC,MH)
)
CVPR 8.5 x 11-Inch Proceedings Style `cvpr.sty'.
\@ctmp=\skip50
\@figindent=\skip51
\cvprrulerbox=\box52
\cvprrulercount=\count278
\cvprruleroffset=\dimen157
\cv@lineheight=\dimen158
\cv@boxheight=\dimen159
\cv@tmpbox=\box53
\cv@refno=\count279
\cv@tot=\count280
\cv@tmpc@=\count281
\cv@tmpc=\count282
) (/usr/share/texlive/texmf-dist/tex/latex/psnfss/times.sty
Package: times 2020/03/25 PSNFSS-v9.3 (SPQR) 
)
(/usr/share/texlive/texmf-dist/tex/latex/graphics/epsfig.sty
Package: epsfig 2017/06/25 v1.7b (e)psfig emulation (SPQR)

(/usr/share/texlive/texmf-dist/tex/latex/graphics/graphicx.sty
Package: graphicx 2021/09/16 v1.2d Enhanced LaTeX Graphics (DPC,SPQR)

(/usr/share/texlive/texmf-dist/tex/latex/graphics/graphics.sty
Package: graphics 2022/03/10 v1.4e Standard LaTeX Graphics (DPC,SPQR)

(/usr/share/texlive/texmf-dist/tex/latex/graphics/trig.sty
Package: trig 2021/08/11 v1.11 sin cos tan (DPC)
)
(/usr/share/texlive/texmf-dist/tex/latex/graphics-cfg/graphics.cfg
File: graphics.cfg 2016/06/04 v1.11 sample graphics configuration
)
Package graphics Info: Driver file: xetex.def on input line 107.

(/usr/share/texlive/texmf-dist/tex/latex/graphics-def/xetex.def
File: xetex.def 2022/09/22 v5.0n Graphics/color driver for xetex
))
\Gin@req@height=\dimen160
\Gin@req@width=\dimen161
)
\epsfxsize=\dimen162
\epsfysize=\dimen163
)
(/usr/share/texlive/texmf-dist/tex/latex/amsmath/amsmath.sty
Package: amsmath 2023/05/13 v2.17o AMS math features
\@mathmargin=\skip52

For additional information on amsmath, use the `?' option.
(/usr/share/texlive/texmf-dist/tex/latex/amsmath/amstext.sty
Package: amstext 2021/08/26 v2.01 AMS text

(/usr/share/texlive/texmf-dist/tex/latex/amsmath/amsgen.sty
File: amsgen.sty 1999/11/30 v2.0 generic functions
\@emptytoks=\toks18
\ex@=\dimen164
))
(/usr/share/texlive/texmf-dist/tex/latex/amsmath/amsbsy.sty
Package: amsbsy 1999/11/29 v1.2d Bold Symbols
\pmbraise@=\dimen165
)
(/usr/share/texlive/texmf-dist/tex/latex/amsmath/amsopn.sty
Package: amsopn 2022/04/08 v2.04 operator names
)
\inf@bad=\count283
LaTeX Info: Redefining \frac on input line 234.
\uproot@=\count284
\leftroot@=\count285
LaTeX Info: Redefining \overline on input line 399.
LaTeX Info: Redefining \colon on input line 410.
\classnum@=\count286
\DOTSCASE@=\count287
LaTeX Info: Redefining \ldots on input line 496.
LaTeX Info: Redefining \dots on input line 499.
LaTeX Info: Redefining \cdots on input line 620.
\Mathstrutbox@=\box54
\strutbox@=\box55
LaTeX Info: Redefining \big on input line 722.
LaTeX Info: Redefining \Big on input line 723.
LaTeX Info: Redefining \bigg on input line 724.
LaTeX Info: Redefining \Bigg on input line 725.
\big@size=\dimen166
LaTeX Font Info:    Redeclaring font encoding OML on input line 743.
LaTeX Font Info:    Redeclaring font encoding OMS on input line 744.
\macc@depth=\count288
LaTeX Info: Redefining \bmod on input line 905.
LaTeX Info: Redefining \pmod on input line 910.
LaTeX Info: Redefining \smash on input line 940.
LaTeX Info: Redefining \relbar on input line 970.
LaTeX Info: Redefining \Relbar on input line 971.
\c@MaxMatrixCols=\count289
\dotsspace@=\muskip16
\c@parentequation=\count290
\dspbrk@lvl=\count291
\tag@help=\toks19
\row@=\count292
\column@=\count293
\maxfields@=\count294
\andhelp@=\toks20
\eqnshift@=\dimen167
\alignsep@=\dimen168
\tagshift@=\dimen169
\tagwidth@=\dimen170
\totwidth@=\dimen171
\lineht@=\dimen172
\@envbody=\toks21
\multlinegap=\skip53
\multlinetaggap=\skip54
\mathdisplay@stack=\toks22
LaTeX Info: Redefining \[ on input line 2953.
LaTeX Info: Redefining \] on input line 2954.
)
(/usr/share/texlive/texmf-dist/tex/latex/amsfonts/amssymb.sty
Package: amssymb 2013/01/14 v3.01 AMS font symbols

(/usr/share/texlive/texmf-dist/tex/latex/amsfonts/amsfonts.sty
Package: amsfonts 2013/01/14 v3.01 Basic AMSFonts support
\symAMSa=\mathgroup4
\symAMSb=\mathgroup5
LaTeX Font Info:    Redeclaring math symbol \hbar on input line 98.
LaTeX Font Info:    Overwriting math alphabet `\mathfrak' in version `bold'
(Font)                  U/euf/m/n --> U/euf/b/n on input line 106.
))
(/usr/share/texlive/texmf-dist/tex/latex/hyperref/hyperref.sty
Package: hyperref 2024-01-20 v7.01h Hypertext links for LaTeX

(/usr/share/texlive/texmf-dist/tex/latex/kvsetkeys/kvsetkeys.sty
Package: kvsetkeys 2022-10-05 v1.19 Key value parser (HO)
)
(/usr/share/texlive/texmf-dist/tex/generic/kvdefinekeys/kvdefinekeys.sty
Package: kvdefinekeys 2019-12-19 v1.6 Define keys (HO)
)
(/usr/share/texlive/texmf-dist/tex/generic/pdfescape/pdfescape.sty
Package: pdfescape 2019/12/09 v1.15 Implements pdfTeX's escape features (HO)

(/usr/share/texlive/texmf-dist/tex/generic/ltxcmds/ltxcmds.sty
Package: ltxcmds 2023-12-04 v1.26 LaTeX kernel commands for general use (HO)
)
(/usr/share/texlive/texmf-dist/tex/generic/pdftexcmds/pdftexcmds.sty
Package: pdftexcmds 2020-06-27 v0.33 Utility functions of pdfTeX for LuaTeX (HO
)

(/usr/share/texlive/texmf-dist/tex/generic/infwarerr/infwarerr.sty
Package: infwarerr 2019/12/03 v1.5 Providing info/warning/error messages (HO)
)
Package pdftexcmds Info: \pdf@primitive is available.
Package pdftexcmds Info: \pdf@ifprimitive is available.
Package pdftexcmds Info: \pdfdraftmode not found.
))
(/usr/share/texlive/texmf-dist/tex/latex/hycolor/hycolor.sty
Package: hycolor 2020-01-27 v1.10 Color options for hyperref/bookmark (HO)
)
(/usr/share/texlive/texmf-dist/tex/latex/auxhook/auxhook.sty
Package: auxhook 2019-12-17 v1.6 Hooks for auxiliary files (HO)
)
(/usr/share/texlive/texmf-dist/tex/latex/hyperref/nameref.sty
Package: nameref 2023-11-26 v2.56 Cross-referencing by name of section

(/usr/share/texlive/texmf-dist/tex/latex/refcount/refcount.sty
Package: refcount 2019/12/15 v3.6 Data extraction from label references (HO)
)
(/usr/share/texlive/texmf-dist/tex/generic/gettitlestring/gettitlestring.sty
Package: gettitlestring 2019/12/15 v1.6 Cleanup title references (HO)

(/usr/share/texlive/texmf-dist/tex/latex/kvoptions/kvoptions.sty
Package: kvoptions 2022-06-15 v3.15 Key value format for package options (HO)
))
\c@section@level=\count295
)
(/usr/share/texlive/texmf-dist/tex/latex/etoolbox/etoolbox.sty
Package: etoolbox 2020/10/05 v2.5k e-TeX tools for LaTeX (JAW)
\etb@tempcnta=\count296
)
\@linkdim=\dimen173
\Hy@linkcounter=\count297
\Hy@pagecounter=\count298

(/usr/share/texlive/texmf-dist/tex/latex/hyperref/pd1enc.def
File: pd1enc.def 2024-01-20 v7.01h Hyperref: PDFDocEncoding definition (HO)
)
(/usr/share/texlive/texmf-dist/tex/generic/intcalc/intcalc.sty
Package: intcalc 2019/12/15 v1.3 Expandable calculations with integers (HO)
)
\Hy@SavedSpaceFactor=\count299

(/usr/share/texlive/texmf-dist/tex/latex/hyperref/puenc.def
File: puenc.def 2024-01-20 v7.01h Hyperref: PDF Unicode definition (HO)
)
Package hyperref Info: Option `breaklinks' set `true' on input line 4062.
Package hyperref Info: Option `bookmarks' set `false' on input line 4062.
Package hyperref Info: Hyper figures OFF on input line 4179.
Package hyperref Info: Link nesting OFF on input line 4184.
Package hyperref Info: Hyper index ON on input line 4187.
Package hyperref Info: Plain pages OFF on input line 4194.
Package hyperref Info: Backreferencing OFF on input line 4199.
Package hyperref Info: Implicit mode ON; LaTeX internals redefined.
Package hyperref Info: Bookmarks OFF on input line 4452.
\c@Hy@tempcnt=\count300

(/usr/share/texlive/texmf-dist/tex/latex/url/url.sty
\Urlmuskip=\muskip17
Package: url 2013/09/16  ver 3.4  Verb mode for urls, etc.
)
LaTeX Info: Redefining \url on input line 4784.
\XeTeXLinkMargin=\dimen174

(/usr/share/texlive/texmf-dist/tex/generic/bitset/bitset.sty
Package: bitset 2019/12/09 v1.3 Handle bit-vector datatype (HO)

(/usr/share/texlive/texmf-dist/tex/generic/bigintcalc/bigintcalc.sty
Package: bigintcalc 2019/12/15 v1.5 Expandable calculations on big integers (HO
)
))
\Fld@menulength=\count301
\Field@Width=\dimen175
\Fld@charsize=\dimen176
Package hyperref Info: Hyper figures OFF on input line 6063.
Package hyperref Info: Link nesting OFF on input line 6068.
Package hyperref Info: Hyper index ON on input line 6071.
Package hyperref Info: backreferencing OFF on input line 6078.
Package hyperref Info: Link coloring OFF on input line 6083.
Package hyperref Info: Link coloring with OCG OFF on input line 6088.
Package hyperref Info: PDF/A mode OFF on input line 6093.

(/usr/share/texlive/texmf-dist/tex/latex/base/atbegshi-ltx.sty
Package: atbegshi-ltx 2021/01/10 v1.0c Emulation of the original atbegshi
package with kernel methods
)
\Hy@abspage=\count302
\c@Item=\count303
\c@Hfootnote=\count304
)
Package hyperref Info: Driver (autodetected): hxetex.

(/usr/share/texlive/texmf-dist/tex/latex/hyperref/hxetex.def
File: hxetex.def 2024-01-20 v7.01h Hyperref driver for XeTeX

(/usr/share/texlive/texmf-dist/tex/generic/stringenc/stringenc.sty
Package: stringenc 2019/11/29 v1.12 Convert strings between diff. encodings (HO
)
)
\pdfm@box=\box56
\c@Hy@AnnotLevel=\count305
\HyField@AnnotCount=\count306
\Fld@listcount=\count307
\c@bookmark@seq@number=\count308

(/usr/share/texlive/texmf-dist/tex/latex/rerunfilecheck/rerunfilecheck.sty
Package: rerunfilecheck 2022-07-10 v1.10 Rerun checks for auxiliary files (HO)

(/usr/share/texlive/texmf-dist/tex/latex/base/atveryend-ltx.sty
Package: atveryend-ltx 2020/08/19 v1.0a Emulation of the original atveryend pac
kage
with kernel methods
)
(/usr/share/texlive/texmf-dist/tex/generic/uniquecounter/uniquecounter.sty
Package: uniquecounter 2019/12/15 v1.4 Provide unlimited unique counter (HO)
)
Package uniquecounter Info: New unique counter `rerunfilecheck' on input line 2
85.
)
\Hy@SectionHShift=\skip55
)
LaTeX Font Info:    Trying to load font information for TU+ptm on input line 46
.
LaTeX Font Info:    No file TUptm.fd. on input line 46.


LaTeX Font Warning: Font shape `TU/ptm/m/n' undefined
(Font)              using `TU/lmr/m/n' instead on input line 46.

(./2nepalitranslated.aux

LaTeX Warning: Label `fig:onecol' multiply defined.


LaTeX Warning: Label `fig:onecol' multiply defined.


LaTeX Warning: Label `fig:onecol' multiply defined.


LaTeX Warning: Label `fig:onecol' multiply defined.


LaTeX Warning: Label `fig:onecol' multiply defined.


LaTeX Warning: Label `fig:onecol' multiply defined.


LaTeX Warning: Label `fig:onecol' multiply defined.


LaTeX Warning: Label `fig:onecol' multiply defined.


LaTeX Warning: Label `fig:onecol' multiply defined.


LaTeX Warning: Label `fig:onecol' multiply defined.


LaTeX Warning: Label `fig:onecol' multiply defined.


LaTeX Warning: Label `fig:onecol' multiply defined.

)
\openout1 = `2nepalitranslated.aux'.

LaTeX Font Info:    Checking defaults for OML/cmm/m/it on input line 46.
LaTeX Font Info:    ... okay on input line 46.
LaTeX Font Info:    Checking defaults for OMS/cmsy/m/n on input line 46.
LaTeX Font Info:    ... okay on input line 46.
LaTeX Font Info:    Checking defaults for OT1/cmr/m/n on input line 46.
LaTeX Font Info:    ... okay on input line 46.
LaTeX Font Info:    Checking defaults for T1/cmr/m/n on input line 46.
LaTeX Font Info:    ... okay on input line 46.
LaTeX Font Info:    Checking defaults for TS1/cmr/m/n on input line 46.
LaTeX Font Info:    Trying to load font information for TS1+cmr on input line 4
6.
 (/usr/share/texlive/texmf-dist/tex/latex/base/ts1cmr.fd
File: ts1cmr.fd 2023/04/13 v2.5m Standard LaTeX font definitions
)
LaTeX Font Info:    ... okay on input line 46.
LaTeX Font Info:    Checking defaults for TU/lmr/m/n on input line 46.
LaTeX Font Info:    ... okay on input line 46.
LaTeX Font Info:    Checking defaults for OMX/cmex/m/n on input line 46.
LaTeX Font Info:    ... okay on input line 46.
LaTeX Font Info:    Checking defaults for U/cmr/m/n on input line 46.
LaTeX Font Info:    ... okay on input line 46.
LaTeX Font Info:    Checking defaults for PD1/pdf/m/n on input line 46.
LaTeX Font Info:    ... okay on input line 46.
LaTeX Font Info:    Checking defaults for PU/pdf/m/n on input line 46.
LaTeX Font Info:    ... okay on input line 46.

Package fontspec Info: Adjusting the maths setup (use [no-math] to avoid
(fontspec)             this).

\symlegacymaths=\mathgroup6
LaTeX Font Info:    Overwriting symbol font `legacymaths' in version `bold'
(Font)                  OT1/cmr/m/n --> OT1/cmr/bx/n on input line 46.
LaTeX Font Info:    Redeclaring math accent \acute on input line 46.
LaTeX Font Info:    Redeclaring math accent \grave on input line 46.
LaTeX Font Info:    Redeclaring math accent \ddot on input line 46.
LaTeX Font Info:    Redeclaring math accent \tilde on input line 46.
LaTeX Font Info:    Redeclaring math accent \bar on input line 46.
LaTeX Font Info:    Redeclaring math accent \breve on input line 46.
LaTeX Font Info:    Redeclaring math accent \check on input line 46.
LaTeX Font Info:    Redeclaring math accent \hat on input line 46.
LaTeX Font Info:    Redeclaring math accent \dot on input line 46.
LaTeX Font Info:    Redeclaring math accent \mathring on input line 46.
LaTeX Font Info:    Redeclaring math symbol \Gamma on input line 46.
LaTeX Font Info:    Redeclaring math symbol \Delta on input line 46.
LaTeX Font Info:    Redeclaring math symbol \Theta on input line 46.
LaTeX Font Info:    Redeclaring math symbol \Lambda on input line 46.
LaTeX Font Info:    Redeclaring math symbol \Xi on input line 46.
LaTeX Font Info:    Redeclaring math symbol \Pi on input line 46.
LaTeX Font Info:    Redeclaring math symbol \Sigma on input line 46.
LaTeX Font Info:    Redeclaring math symbol \Upsilon on input line 46.
LaTeX Font Info:    Redeclaring math symbol \Phi on input line 46.
LaTeX Font Info:    Redeclaring math symbol \Psi on input line 46.
LaTeX Font Info:    Redeclaring math symbol \Omega on input line 46.
LaTeX Font Info:    Redeclaring math symbol \mathdollar on input line 46.
LaTeX Font Info:    Redeclaring symbol font `operators' on input line 46.
LaTeX Font Info:    Encoding `OT1' has changed to `TU' for symbol font
(Font)              `operators' in the math version `normal' on input line 46.
LaTeX Font Info:    Overwriting symbol font `operators' in version `normal'
(Font)                  OT1/cmr/m/n --> TU/ptm/m/n on input line 46.
LaTeX Font Info:    Encoding `OT1' has changed to `TU' for symbol font
(Font)              `operators' in the math version `bold' on input line 46.
LaTeX Font Info:    Overwriting symbol font `operators' in version `bold'
(Font)                  OT1/cmr/bx/n --> TU/ptm/m/n on input line 46.
LaTeX Font Info:    Overwriting symbol font `operators' in version `normal'
(Font)                  TU/ptm/m/n --> TU/ptm/m/n on input line 46.
LaTeX Font Info:    Overwriting math alphabet `\mathit' in version `normal'
(Font)                  OT1/cmr/m/it --> TU/ptm/m/it on input line 46.
LaTeX Font Info:    Overwriting math alphabet `\mathbf' in version `normal'
(Font)                  OT1/cmr/bx/n --> TU/ptm/b/n on input line 46.
LaTeX Font Info:    Overwriting math alphabet `\mathsf' in version `normal'
(Font)                  OT1/cmss/m/n --> TU/phv/m/n on input line 46.
LaTeX Font Info:    Overwriting math alphabet `\mathtt' in version `normal'
(Font)                  OT1/cmtt/m/n --> TU/pcr/m/n on input line 46.
LaTeX Font Info:    Overwriting symbol font `operators' in version `bold'
(Font)                  TU/ptm/m/n --> TU/ptm/b/n on input line 46.
LaTeX Font Info:    Overwriting math alphabet `\mathit' in version `bold'
(Font)                  OT1/cmr/bx/it --> TU/ptm/b/it on input line 46.
LaTeX Font Info:    Overwriting math alphabet `\mathsf' in version `bold'
(Font)                  OT1/cmss/bx/n --> TU/phv/b/n on input line 46.
LaTeX Font Info:    Overwriting math alphabet `\mathtt' in version `bold'
(Font)                  OT1/cmtt/m/n --> TU/pcr/b/n on input line 46.

ABD: EveryShipout initializing macros
(/usr/share/texlive/texmf-dist/tex/latex/graphics/color.sty
Package: color 2022/01/06 v1.3d Standard LaTeX Color (DPC)

(/usr/share/texlive/texmf-dist/tex/latex/graphics-cfg/color.cfg
File: color.cfg 2016/01/02 v1.6 sample color configuration
)
Package color Info: Driver file: xetex.def on input line 149.

(/usr/share/texlive/texmf-dist/tex/latex/graphics/mathcolor.ltx))
Package hyperref Info: Link coloring OFF on input line 46.


LaTeX Font Warning: Font shape `TU/ptm/b/n' undefined
(Font)              using `TU/ptm/m/n' instead on input line 60.


LaTeX Font Warning: Font shape `TU/NewCM08Devanagari(0)/b/n' undefined
(Font)              using `TU/NewCM08Devanagari(0)/m/n' instead on input line 6
0.

LaTeX Font Info:    Trying to load font information for U+msa on input line 60.

(/usr/share/texlive/texmf-dist/tex/latex/amsfonts/umsa.fd
File: umsa.fd 2013/01/14 v3.01 AMS symbols A
)
LaTeX Font Info:    Trying to load font information for U+msb on input line 60.


(/usr/share/texlive/texmf-dist/tex/latex/amsfonts/umsb.fd
File: umsb.fd 2013/01/14 v3.01 AMS symbols B
)
LaTeX Font Info:    Trying to load font information for TU+pcr on input line 60
.
LaTeX Font Info:    No file TUpcr.fd. on input line 60.


LaTeX Font Warning: Font shape `TU/pcr/m/n' undefined
(Font)              using `TU/lmr/m/n' instead on input line 60.


LaTeX Font Warning: Font shape `TU/ptm/m/it' undefined
(Font)              using `TU/ptm/m/n' instead on input line 61.


LaTeX Font Warning: Font shape `TU/NewCM08Devanagari(0)/m/it' undefined
(Font)              using `TU/NewCM08Devanagari(0)/m/n' instead on input line 6
2.


Underfull \hbox (badness 1515) in paragraph at lines 62--63
[]\TU/NewCM08Devanagari(0)/m/it/10 मे २०२४ मा\TU/LatinModernRoman(0)/m/it/10 , 
"\TU/NewCM08Devanagari(0)/m/it/10 द इथिकल स्केप्टिक\TU/LatinModernRoman(0)/m/it
/10 " \TU/NewCM08Devanagari(0)/m/it/10 उपनाम द्वारा
 []


Underfull \hbox (badness 1895) in paragraph at lines 62--63
\TU/NewCM08Devanagari(0)/m/it/10 छुट्टिने जानिबेकोभ कम्पन \TU/LatinModernRoman(
0)/m/it/10 (Exothermic Core-Mantle
 []


Underfull \hbox (badness 2726) in paragraph at lines 62--63
\TU/NewCM08Devanagari(0)/m/it/10 एउटा नयाँ मार्ग खोल्ने सिद्धान्त प्रकाशित गरे 
\TU/LatinModernRoman(0)/m/it/10 [[]]\TU/NewCM08Devanagari(0)/m/it/10 ।
 []


Underfull \hbox (badness 1874) in paragraph at lines 62--63
\TU/NewCM08Devanagari(0)/m/it/10 समुद्रहरूलाई जड़त्वाघूर्णका कारण महादेशहरूमा ब
गाई
 []


Underfull \hbox (badness 2521) in paragraph at lines 64--65
[]\TU/NewCM08Devanagari(0)/m/it/10 यो अनुसन्धानपत्र \TU/LatinModernRoman(0)/m/i
t/10 ECDO \TU/NewCM08Devanagari(0)/m/it/10 सिद्धान्तमा ६ महिनासम्म
 []


Underfull \hbox (badness 10000) in paragraph at lines 64--65
\TU/NewCM08Devanagari(0)/m/it/10 गरिएको स्वतन्त्र अनुसन्धानको दुइ\TU/LatinModer
nRoman(0)/m/it/10 -\TU/NewCM08Devanagari(0)/m/it/10 भागको संक्षिप्त
 []


Underfull \hbox (badness 2941) in paragraph at lines 64--65
\TU/NewCM08Devanagari(0)/m/it/10 वैज्ञानिक र ऐतिहासिक विसंगतिहरूलाई केन्द्रीत ग
रेर
 []


Underfull \hbox (badness 4927) in paragraph at lines 72--73
[]\TU/NewCM08Devanagari(0)/m/it/10 यस्ता विसंगतिहरू\TU/LatinModernRoman(0)/m/n/
10 , \TU/NewCM08Devanagari(0)/m/it/10 जुन् हामी देख्नेछौं\TU/LatinModernRoman(0
)/m/n/10 , \TU/NewCM08Devanagari(0)/m/it/10 प्रलयकारी
 []


Underfull \hbox (badness 2970) in paragraph at lines 72--73
\TU/NewCM08Devanagari(0)/m/it/10 भूवैज्ञानिक बलहरूद्वारा सबैभन्दा राम्रोसँग व्य
ाख्या गर्न
 []


Underfull \hbox (badness 3884) in paragraph at lines 74--74
[] \TU/LatinModernRoman(0)/b/n/12 . \TU/NewCM08Devanagari(0)/b/n/12 माटोमा गाडि
एका र तिव्रगतिमा जमेका
 []

File: jarkov-mammoth.jpg Graphic file (type bmp)
<jarkov-mammoth.jpg>

Underfull \hbox (badness 1122) in paragraph at lines 85--86
[]\TU/NewCM08Devanagari(0)/m/it/10 यस्तै प्रकारको विसंगति भनेको आर्कटिक क्षेत्र
हरूमा
 []


Underfull \hbox (badness 1009) in paragraph at lines 85--86
\TU/NewCM08Devanagari(0)/m/it/10 तह समेत राम्ररी सुरक्षित फाइबरयुक्त बनावटमा रह
ेछ\TU/LatinModernRoman(0)/m/it/10 ,
 []

[1


]
Underfull \vbox (badness 10000) has occurred while \output is active []

File: grand-canyon.jpg Graphic file (type bmp)
<grand-canyon.jpg>
File: coconino.jpg Graphic file (type bmp)
<coconino.jpg>

Underfull \hbox (badness 1590) in paragraph at lines 112--113
\TU/NewCM08Devanagari(0)/m/it/10 कि यी विशाल अवसादी तहहरूको निक्षेपण महत्वपूर्ण

 []


Underfull \hbox (badness 1024) in paragraph at lines 112--113
\TU/NewCM08Devanagari(0)/m/it/10 तहहरू निक्षेपण पछिको छोटो समयमै\TU/LatinModern
Roman(0)/m/n/10 , \TU/NewCM08Devanagari(0)/m/it/10 अझै नरम हुँदा\TU/LatinModern
Roman(0)/m/n/10 ,
 []

File: Grand_Staircase-big.jpg Graphic file (type bmp)
<Grand_Staircase-big.jpg>

Underfull \vbox (badness 1769) has occurred while \output is active []

 [2]
Underfull \hbox (badness 1769) in paragraph at lines 126--129
\TU/NewCM08Devanagari(0)/m/it/10 मात्रामा अवसाद हटाउँदै क्यान्यन कोरेको थियो। ग
्रान्ड
 []


Underfull \vbox (badness 10000) has occurred while \output is active []


Underfull \hbox (badness 1132) in paragraph at lines 132--133
[]\TU/NewCM08Devanagari(0)/m/it/10 पिरामिड बाहेक\TU/LatinModernRoman(0)/m/n/10 
, \TU/NewCM08Devanagari(0)/m/it/10 प्राचीन ईन्जिनियरिङ्को एक उत्कृष्ट
 []


Underfull \hbox (badness 4752) in paragraph at lines 132--133
\TU/NewCM08Devanagari(0)/m/it/10 उदाहरण हो डेरिन्कुयु भूमिगत सहर \TU/LatinModer
nRoman(0)/m/n/10 (\TU/NewCM08Devanagari(0)/m/it/10 चित्र []\TU/LatinModernRoman
(0)/m/n/10 5[]), \TU/NewCM08Devanagari(0)/m/it/10 जुन
 []

File: derinkuyu.jpeg Graphic file (type bmp)
<derinkuyu.jpeg>

Underfull \hbox (badness 1755) in paragraph at lines 145--146
[]\TU/NewCM08Devanagari(0)/m/it/10 डेरिन्कुयु रोचक हुनुको कारण के हो भने कुनैपन
ि
 []


Underfull \hbox (badness 10000) in paragraph at lines 147--149
[]\TU/NewCM08Devanagari(0)/m/it/10 भूमिगत शहरको ढाँचाको स्केल\TU/LatinModernRom
an(0)/m/n/10 , \TU/NewCM08Devanagari(0)/m/it/10 गहिराइ र
 []


Underfull \hbox (badness 5161) in paragraph at lines 147--149
\TU/NewCM08Devanagari(0)/m/it/10 घातक शक्तिहरू विरुद्ध सुरक्षाको लागि दीर्घकाली
न
 []


Underfull \hbox (badness 3009) in paragraph at lines 147--149
\TU/NewCM08Devanagari(0)/m/it/10 आश्रयको रूपमा डिजाइन गरिएको थियो। डेरिन्कुयुमा

 []

File: derinkuyu-air.jpg Graphic file (type bmp)
<derinkuyu-air.jpg>
[3]
Missing character: There is no ‍ (U+200D) in font Latin Modern Roman 10 Regular
/OT:script=latn;language=dflt;!
File: muck-crop.jpeg Graphic file (type bmp)
<muck-crop.jpeg>

Underfull \hbox (badness 4229) in paragraph at lines 167--177
[]\TU/NewCM08Devanagari(0)/m/it/10 विभिन्न किसिमका जनावर र वनस्पतिहरूको जैव
 []


Underfull \hbox (badness 2119) in paragraph at lines 167--177
\TU/LatinModernRoman(0)/m/n/10 vianæ"(\TU/NewCM08Devanagari(0)/m/it/10 प्रलयकाल
ीन अवशेषहरू\TU/LatinModernRoman(0)/m/n/10 ) \TU/NewCM08Devanagari(0)/m/it/10 मा
\TU/LatinModernRoman(0)/m/n/10 , \TU/NewCM08Devanagari(0)/m/it/10 रेभरेन्ड विलि
यम
 []


Underfull \hbox (badness 1968) in paragraph at lines 167--177
\TU/NewCM08Devanagari(0)/m/it/10 प्रजातिका जनावरहरूको जीवाश्म विवरण दिएका छन्\T
U/LatinModernRoman(0)/m/n/10 ,
 []


Underfull \hbox (badness 1436) in paragraph at lines 167--177
\TU/NewCM08Devanagari(0)/m/it/10 जसलाई एउटै स्थानमा फेला पार्नुको कुनै स्पष्ट क
ारण
 []


Underfull \hbox (badness 1184) in paragraph at lines 167--177
\TU/NewCM08Devanagari(0)/m/it/10 मिसिएका मात्र थिएनन्\TU/LatinModernRoman(0)/m/
n/10 , \TU/NewCM08Devanagari(0)/m/it/10 बरु टुक्रा\TU/LatinModernRoman(0)/m/n/1
0 , \TU/NewCM08Devanagari(0)/m/it/10 फुटेका र छरिएका
 []


Underfull \hbox (badness 1831) in paragraph at lines 167--177
\TU/NewCM08Devanagari(0)/m/it/10 प्रजातिका जनावरका हड्डीहरू काँचो \TU/LatinMode
rnRoman(0)/m/n/10 (glassy) \TU/NewCM08Devanagari(0)/m/it/10 माटोसँग
 []

[4]
File: ww19.jpg Graphic file (type bmp)
<ww19.jpg>

Underfull \hbox (badness 2253) in paragraph at lines 193--194
\TU/NewCM08Devanagari(0)/m/it/10 मेहनत गरिएको छ भन्ने थाहा हुन्छ \TU/LatinModer
nRoman(0)/m/n/10 - \TU/NewCM08Devanagari(0)/m/it/10 न्युग्रेन्ज करिब
 []


Underfull \hbox (badness 1509) in paragraph at lines 193--194
\TU/NewCM08Devanagari(0)/m/it/10 तीनवटा साना कक्षहरू छन्\TU/LatinModernRoman(0)
/m/it/10 , \TU/NewCM08Devanagari(0)/m/it/10 जसमा माथिल्लो भागमा
 []


Underfull \hbox (badness 1902) in paragraph at lines 193--194
\TU/NewCM08Devanagari(0)/m/it/10 जलरोधक बनाउनको लागि जलेको माटो र समुन्द्रको
 []


Underfull \hbox (badness 1199) in paragraph at lines 193--194
\TU/NewCM08Devanagari(0)/m/it/10 बालुवाको मिश्रणले छोपिएको थियो र यस मिश्रणबाट
 []

File: dolmen.jpg Graphic file (type bmp)
<dolmen.jpg>

Underfull \hbox (badness 1122) in paragraph at lines 205--207
\TU/NewCM08Devanagari(0)/m/it/10 प्रतिनिधित्व गर्छ। भित्रका सामग्रीहरूको कार्बन
 मितिका
 []


Underfull \hbox (badness 1377) in paragraph at lines 205--207
\TU/NewCM08Devanagari(0)/m/it/10 हो भने यी प्राचीन र ध्यानपूर्वक जलरोधक बनाइएका

 []

[5]
File: bottleneck.jpg Graphic file (type bmp)
<bottleneck.jpg>

Underfull \hbox (badness 2828) in paragraph at lines 224--226
\TU/NewCM08Devanagari(0)/m/it/10 सङ्कीर्णता र भूपरिवेशी ह्वेल जीवाश्महरू छन्। झ
ेङ्ग
 []


Underfull \hbox (badness 1859) in paragraph at lines 224--226
\TU/NewCM08Devanagari(0)/m/it/10 उत्परिवर्तनहरूका आधारमा\TU/LatinModernRoman(0)
/m/n/10 , \TU/NewCM08Devanagari(0)/m/it/10 करिब ५\TU/LatinModernRoman(0)/m/n/10
 ,\TU/NewCM08Devanagari(0)/m/it/10 ००० देखि ७\TU/LatinModernRoman(0)/m/n/10 ,\T
U/NewCM08Devanagari(0)/m/it/10 ०००
 []


Underfull \hbox (badness 1308) in paragraph at lines 224--226
\TU/LatinModernRoman(0)/m/n/10 (LOME), \TU/NewCM08Devanagari(0)/m/it/10 पछिल्लो
 डेवोनियन \TU/LatinModernRoman(0)/m/n/10 (LDME), \TU/NewCM08Devanagari(0)/m/it/
10 अन्त\TU/LatinModernRoman(0)/m/n/10 -\TU/NewCM08Devanagari(0)/m/it/10 परमियन
 []


Underfull \hbox (badness 2158) in paragraph at lines 224--226
\TU/LatinModernRoman(0)/m/n/10 (EPME), \TU/NewCM08Devanagari(0)/m/it/10 अन्त\TU
/LatinModernRoman(0)/m/n/10 -\TU/NewCM08Devanagari(0)/m/it/10 ट्राइसिक \TU/Lati
nModernRoman(0)/m/n/10 (ETME) \TU/NewCM08Devanagari(0)/m/it/10 र अन्त\TU/LatinM
odernRoman(0)/m/n/10 -\TU/NewCM08Devanagari(0)/m/it/10 क्रिटेशियस
 []

File: columbia.jpg Graphic file (type bmp)
<columbia.jpg>

Underfull \hbox (badness 2261) in paragraph at lines 234--234
[]\TU/LatinModernRoman(0)/m/n/9 Figure 11. []\TU/NewCM08Devanagari(0)/m/n/9 ग्ल
ेशियल लेक कोलम्बिया\TU/LatinModernRoman(0)/m/n/9 , \TU/NewCM08Devanagari(0)/m/n
/9 वाशिंगटन राज्यमा
 []


Underfull \hbox (badness 1152) in paragraph at lines 239--240
\TU/NewCM08Devanagari(0)/m/it/10 रहेको च्यानल्ड स्क्याबल्याण्ड्स हो। यहाँ\TU/La
tinModernRoman(0)/m/n/10 , \TU/NewCM08Devanagari(0)/m/it/10 हामी तलछट
 []


Underfull \hbox (badness 2237) in paragraph at lines 239--240
\TU/NewCM08Devanagari(0)/m/it/10 विशाल समुद्री प्रवाहबाट बनेको सय भन्दा बढी ठूल
ा
 []

[6]
File: zhangjiajie.jpg Graphic file (type bmp)
<zhangjiajie.jpg>
File: hoy.jpg Graphic file (type bmp)
<hoy.jpg>

Underfull \hbox (badness 1655) in paragraph at lines 263--264
\TU/NewCM08Devanagari(0)/m/it/10 उल्टोफेरले राम्रोसँग व्याख्या गर्न सकिन्छ। दक्
षिणी चीन
 []


Underfull \hbox (badness 1127) in paragraph at lines 263--264
\TU/NewCM08Devanagari(0)/m/it/10 कार्स्ट\TU/LatinModernRoman(0)/m/n/10 , \TU/Ne
wCM08Devanagari(0)/m/it/10 कोन कार्स्ट\TU/LatinModernRoman(0)/m/n/10 , \TU/NewC
M08Devanagari(0)/m/it/10 प्राकृतिक पुलहरू\TU/LatinModernRoman(0)/m/n/10 , \TU/N
ewCM08Devanagari(0)/m/it/10 खोँचहरू\TU/LatinModernRoman(0)/m/n/10 , \TU/NewCM08
Devanagari(0)/m/it/10 ठूला
 []


Underfull \hbox (badness 1205) in paragraph at lines 263--264
\TU/NewCM08Devanagari(0)/m/it/10 विशाल क्वार्ट्जयुक्त बालुवापत्थर स्तम्भहरू \TU
/LatinModernRoman(0)/m/n/10 (\TU/NewCM08Devanagari(0)/m/it/10 चित्र []\TU/Latin
ModernRoman(0)/m/n/10 12[])
 []


Underfull \hbox (badness 10000) in paragraph at lines 266--267
[]\TU/NewCM08Devanagari(0)/m/it/10 आधुनिक वैज्ञानिक साहित्यले पृथ्वीको हालैको
 []


Underfull \hbox (badness 1308) in paragraph at lines 266--267
\TU/NewCM08Devanagari(0)/m/it/10 अस्तित्वलाई मान्यता दिन्छ। दुई उल्लेखनीय उदाहर
णहरू
 []


Underfull \hbox (badness 1789) in paragraph at lines 266--267
\TU/NewCM08Devanagari(0)/m/it/10 जनसंख्या घटावट र ठूलो भौगोलिक क्षेत्रमा समाजिक

 []


Underfull \hbox (badness 4454) in paragraph at lines 266--267
\TU/NewCM08Devanagari(0)/m/it/10 र बरफको कोर\TU/LatinModernRoman(0)/m/n/10 , \T
U/NewCM08Devanagari(0)/m/it/10 जीवाश्म कोरल\TU/LatinModernRoman(0)/m/n/10 , O18
 \TU/NewCM08Devanagari(0)/m/it/10 आइसोटोप
 []


Underfull \hbox (badness 1755) in paragraph at lines 266--267
\TU/NewCM08Devanagari(0)/m/it/10 मान\TU/LatinModernRoman(0)/m/n/10 , \TU/NewCM0
8Devanagari(0)/m/it/10 परागकण र स्पिलियोथेम अभिलेख\TU/LatinModernRoman(0)/m/n/1
0 , \TU/NewCM08Devanagari(0)/m/it/10 तथा समुद्री
 []


Underfull \hbox (badness 2564) in paragraph at lines 266--267
\TU/NewCM08Devanagari(0)/m/it/10 सतहका डेटामा विसंगतिहरूको रूपमा संरक्षित भएको
 []


Underfull \hbox (badness 10000) in paragraph at lines 266--267
\TU/NewCM08Devanagari(0)/m/it/10 तापक्रमको तिब्र गिरावट\TU/LatinModernRoman(0)/
m/n/10 , \TU/NewCM08Devanagari(0)/m/it/10 मरुभूमीकरण\TU/LatinModernRoman(0)/m/n
/10 , \TU/NewCM08Devanagari(0)/m/it/10 एटलान्टिक
 []

[7]
Underfull \hbox (badness 6236) in paragraph at lines 270--271
\TU/NewCM08Devanagari(0)/m/it/10 विपत्तिपूर्ण घटनाहरूको अभिलेख सिर्जना गरेको छ।

 []

File: jericho.jpg Graphic file (type bmp)
<jericho.jpg>
Missing character: There is no ‍ (U+200D) in font Latin Modern Roman 10 Regular
/OT:script=latn;language=dflt;!
Missing character: There is no फ़ (U+095E) in font Latin Modern Roman 10 Regular
/OT:script=latn;language=dflt;!

Underfull \hbox (badness 3895) in paragraph at lines 291--292
[]\TU/NewCM08Devanagari(0)/m/it/10 कार्बन डेटिङ बाहेक अन्य रेडियोआइसोटोप डेटिङ
 []


Underfull \hbox (badness 1418) in paragraph at lines 291--292
\TU/NewCM08Devanagari(0)/m/it/10 अनुसन्धान समूहले यस्ता विधिहरूबाट प्राप्त मिति
हरूमा
 []


Underfull \hbox (badness 1460) in paragraph at lines 295--296
[]\TU/NewCM08Devanagari(0)/m/it/10 यस लेखमा\TU/LatinModernRoman(0)/m/n/10 , \TU
/NewCM08Devanagari(0)/m/it/10 मैले विनाशकारी उत्पत्तिहरू संकेत गर्ने
 []


Underfull \hbox (badness 1721) in paragraph at lines 295--296
\TU/NewCM08Devanagari(0)/m/it/10 सबैभन्दा प्रभावशाली विसंगतिहरू समेटेको छु जसला
ई
 []


Underfull \hbox (badness 1009) in paragraph at lines 298--299
\TU/NewCM08Devanagari(0)/m/it/10 उहाँको सजीव\TU/LatinModernRoman(0)/m/n/10 , \T
U/NewCM08Devanagari(0)/m/it/10 नविनतम् थेसिस सम्पन्न गरी संसारसंग
 []


Underfull \hbox (badness 1888) in paragraph at lines 298--299
\TU/NewCM08Devanagari(0)/m/it/10 साझा गर्नुभएकोमा धन्यवाद। उहाँको त्रि\TU/Latin
ModernRoman(0)/m/n/10 -\TU/NewCM08Devanagari(0)/m/it/10 भागीय थेसिस
 []


Underfull \hbox (badness 1540) in paragraph at lines 298--299
\TU/NewCM08Devanagari(0)/m/it/10 सिद्धान्तको लागि अधिकारिक कृति रहिरहन्छ\TU/Lat
inModernRoman(0)/m/n/10 , \TU/NewCM08Devanagari(0)/m/it/10 र त्यहाँ
 []

[8] [9

] (./2nepalitranslated.bbl
Underfull \hbox (badness 10000) in paragraph at lines 9--11
[]\TU/LatinModernRoman(0)/m/n/9 Answers research journal, 2008--present.
 []


Underfull \hbox (badness 7595) in paragraph at lines 101--105
[]\TU/LatinModernRoman(0)/m/n/9 GetYourGuide.  Canyoning in grand canyon.
 []


Underfull \hbox (badness 10000) in paragraph at lines 101--105
[]$[][][][][] [] [] [] [][][] [] [][][][][][][][][][][][] [] [][][] [] [][][][]
[][][][][][][][][][][][][][][] []
 []


Underfull \hbox (badness 10000) in paragraph at lines 132--137
[]\TU/LatinModernRoman(0)/m/n/9 Junho.  Ecdo kmls.  []$[][][][][] [] [] [] [][]
[][][][] [] [][][] []
 []


Underfull \hbox (badness 10000) in paragraph at lines 132--137
[][][][][][][] [] [][][][] [] [][][][] [] [][][][][][] [] [][][][][][][][][][][
][][] [] [][][] []
 []


Underfull \hbox (badness 3323) in paragraph at lines 139--144
[]\TU/LatinModernRoman(0)/m/n/9 Junho.  Mega-current ripples.  []$[][][][][] []
 [] [] [][][][][][] []
 []


Underfull \hbox (badness 10000) in paragraph at lines 139--144
[][][] [] [][][][][][][] [] [][][][] [] [][][][] [] [][][][][][] [] [][][][][][
][][][][][] []
 []


Underfull \hbox (badness 10000) in paragraph at lines 139--144
[][][][][][][][][][][][][][][][][][] [] [][][][][][][][][][][][][][][][][][][][
][][][] []
 []


Underfull \hbox (badness 2302) in paragraph at lines 146--149
[]\TU/LatinModernRoman(0)/m/n/9 Junho.  Ecdo github research repository, 2024.
 []


Underfull \hbox (badness 2057) in paragraph at lines 163--169
\TU/LatinModernRoman(0)/m/n/9 son, M. Finlayson, T. Gumbricht, L. Hilarides,
 []


Underfull \hbox (badness 1735) in paragraph at lines 189--193
[]\TU/LatinModernRoman(0)/m/n/9 National Park Service.  Geology - death valley
 []


Underfull \hbox (badness 2591) in paragraph at lines 189--193
\TU/LatinModernRoman(0)/m/n/9 national park.  []$[][][][][] [] [] [] [][][] [] 
[][][] [] [][][] [] [][][][] [] [][][][][] []
 []

[10


]
Underfull \hbox (badness 10000) in paragraph at lines 218--225
[][][][] [] [][] [] [][][][][][][][][][][][][][][][][][][][][][][][][][][][][][
][][][][][][][][][][][][][][] [] [][][][]$[]\TU/LatinModernRoman(0)/m/n/9 ,
 []


Underfull \hbox (badness 3417) in paragraph at lines 218--225
\TU/LatinModernRoman(0)/m/n/9 May 2017.  Annotazioni di Rosanna Pellerito.
 []


Underfull \hbox (badness 10000) in paragraph at lines 277--282
\TU/LatinModernRoman(0)/m/n/9 https://theethicalskeptic.com/2024/05/23/master-
 []


Underfull \hbox (badness 10000) in paragraph at lines 277--282
\TU/LatinModernRoman(0)/m/n/9 exothermic-core-mantle-decoupling-dzhanibekov-
 []


Underfull \hbox (badness 4913) in paragraph at lines 372--375
[]\TU/LatinModernRoman(0)/m/n/9 Wikipedia.  Great pyramid of giza.  []$[][][][]
[] []
 []


Underfull \hbox (badness 10000) in paragraph at lines 372--375
[] [] [][] [] [][][][][][][][][] [] [][][] [] [][][][] [] [][][][][] [] [][][][
][][][] [] [][] [] [][][][] []
 []


Underfull \hbox (badness 7256) in paragraph at lines 377--380
[]\TU/LatinModernRoman(0)/m/n/9 Wikipedia contributors.  Extinction event ---
 []


Underfull \hbox (badness 5316) in paragraph at lines 382--385
[]\TU/LatinModernRoman(0)/m/n/9 Wikipedia contributors.  4.2-kiloyear event ---

 []


Underfull \hbox (badness 5316) in paragraph at lines 387--390
[]\TU/LatinModernRoman(0)/m/n/9 Wikipedia contributors.  8.2-kiloyear event ---

 []


Underfull \hbox (badness 5417) in paragraph at lines 398--401
[]\TU/LatinModernRoman(0)/m/n/9 Wikipedia contributors.  Dolmen de Soto ---
 []


Underfull \hbox (badness 2334) in paragraph at lines 408--411
\TU/LatinModernRoman(0)/m/n/9 Free Encyclopedia, 2025.  [Online; accessed 9-
 []

[11]) [12

] (./2nepalitranslated.aux)
 ***********
LaTeX2e <2023-11-01> patch level 1
L3 programming layer <2024-01-22>
 ***********


LaTeX Font Warning: Some font shapes were not available, defaults substituted.


LaTeX Warning: There were multiply-defined labels.

 ) 
Here is how much of TeX's memory you used:
 13615 strings out of 475702
 264017 string characters out of 5785445
 2159627 words of memory out of 5000000
 35348 multiletter control sequences out of 15000+600000
 566726 words of font info for 99 fonts, out of 8000000 for 9000
 932 hyphenation exceptions out of 8191
 79i,9n,93p,2255b,499s stack positions out of 10000i,1000n,20000p,200000b,200000s

Output written on 2nepalitranslated.pdf (12 pages).
