This is pdfTeX, Version 3.141592653-2.6-1.40.25 (TeX Live 2023/Debian) (preloaded format=pdflatex 2025.6.25)  25 JUN 2025 23:08
entering extended mode
 restricted \write18 enabled.
 %&-line parsing enabled.
**2russian41.tex
(./2russian41.tex
LaTeX2e <2023-11-01> patch level 1
L3 programming layer <2024-01-22>
(/usr/share/texlive/texmf-dist/tex/latex/base/article.cls
Document Class: article 2023/05/17 v1.4n Standard LaTeX document class
(/usr/share/texlive/texmf-dist/tex/latex/base/size10.clo
File: size10.clo 2023/05/17 v1.4n Standard LaTeX file (size option)
)
\c@part=\count187
\c@section=\count188
\c@subsection=\count189
\c@subsubsection=\count190
\c@paragraph=\count191
\c@subparagraph=\count192
\c@figure=\count193
\c@table=\count194
\abovecaptionskip=\skip48
\belowcaptionskip=\skip49
\bibindent=\dimen140
)
(/usr/share/texlive/texmf-dist/tex/latex/booktabs/booktabs.sty
Package: booktabs 2020/01/12 v1.61803398 Publication quality tables
\heavyrulewidth=\dimen141
\lightrulewidth=\dimen142
\cmidrulewidth=\dimen143
\belowrulesep=\dimen144
\belowbottomsep=\dimen145
\aboverulesep=\dimen146
\abovetopsep=\dimen147
\cmidrulesep=\dimen148
\cmidrulekern=\dimen149
\defaultaddspace=\dimen150
\@cmidla=\count195
\@cmidlb=\count196
\@aboverulesep=\dimen151
\@belowrulesep=\dimen152
\@thisruleclass=\count197
\@lastruleclass=\count198
\@thisrulewidth=\dimen153
)
(/usr/share/texlive/texmf-dist/tex/latex/sttools/stfloats.sty
Package: stfloats 2017/03/27 v3.3 Improve float mechanism and baselineskip sett
ings
\@dblbotnum=\count199
\c@dblbotnumber=\count266
)
(/usr/share/texlive/texmf-dist/tex/latex/base/fontenc.sty
Package: fontenc 2021/04/29 v2.0v Standard LaTeX package

(/usr/share/texlive/texmf-dist/tex/latex/cyrillic/t2aenc.def
File: t2aenc.def 2022/06/11 v1.0j Cyrillic encoding definition file
Now handling font encoding T2A ...
... processing UTF-8 mapping file for font encoding T2A

(/usr/share/texlive/texmf-dist/tex/latex/base/t2aenc.dfu
File: t2aenc.dfu 2022/06/07 v1.3c UTF-8 support
   defining Unicode char U+00A4 (decimal 164)
   defining Unicode char U+00A7 (decimal 167)
   defining Unicode char U+00AB (decimal 171)
   defining Unicode char U+00BB (decimal 187)
   defining Unicode char U+0131 (decimal 305)
   defining Unicode char U+0237 (decimal 567)
   defining Unicode char U+0400 (decimal 1024)
   defining Unicode char U+0401 (decimal 1025)
   defining Unicode char U+0402 (decimal 1026)
   defining Unicode char U+0403 (decimal 1027)
   defining Unicode char U+0404 (decimal 1028)
   defining Unicode char U+0405 (decimal 1029)
   defining Unicode char U+0406 (decimal 1030)
   defining Unicode char U+0407 (decimal 1031)
   defining Unicode char U+0408 (decimal 1032)
   defining Unicode char U+0409 (decimal 1033)
   defining Unicode char U+040A (decimal 1034)
   defining Unicode char U+040B (decimal 1035)
   defining Unicode char U+040C (decimal 1036)
   defining Unicode char U+040D (decimal 1037)
   defining Unicode char U+040E (decimal 1038)
   defining Unicode char U+040F (decimal 1039)
   defining Unicode char U+0410 (decimal 1040)
   defining Unicode char U+0411 (decimal 1041)
   defining Unicode char U+0412 (decimal 1042)
   defining Unicode char U+0413 (decimal 1043)
   defining Unicode char U+0414 (decimal 1044)
   defining Unicode char U+0415 (decimal 1045)
   defining Unicode char U+0416 (decimal 1046)
   defining Unicode char U+0417 (decimal 1047)
   defining Unicode char U+0418 (decimal 1048)
   defining Unicode char U+0419 (decimal 1049)
   defining Unicode char U+041A (decimal 1050)
   defining Unicode char U+041B (decimal 1051)
   defining Unicode char U+041C (decimal 1052)
   defining Unicode char U+041D (decimal 1053)
   defining Unicode char U+041E (decimal 1054)
   defining Unicode char U+041F (decimal 1055)
   defining Unicode char U+0420 (decimal 1056)
   defining Unicode char U+0421 (decimal 1057)
   defining Unicode char U+0422 (decimal 1058)
   defining Unicode char U+0423 (decimal 1059)
   defining Unicode char U+0424 (decimal 1060)
   defining Unicode char U+0425 (decimal 1061)
   defining Unicode char U+0426 (decimal 1062)
   defining Unicode char U+0427 (decimal 1063)
   defining Unicode char U+0428 (decimal 1064)
   defining Unicode char U+0429 (decimal 1065)
   defining Unicode char U+042A (decimal 1066)
   defining Unicode char U+042B (decimal 1067)
   defining Unicode char U+042C (decimal 1068)
   defining Unicode char U+042D (decimal 1069)
   defining Unicode char U+042E (decimal 1070)
   defining Unicode char U+042F (decimal 1071)
   defining Unicode char U+0430 (decimal 1072)
   defining Unicode char U+0431 (decimal 1073)
   defining Unicode char U+0432 (decimal 1074)
   defining Unicode char U+0433 (decimal 1075)
   defining Unicode char U+0434 (decimal 1076)
   defining Unicode char U+0435 (decimal 1077)
   defining Unicode char U+0436 (decimal 1078)
   defining Unicode char U+0437 (decimal 1079)
   defining Unicode char U+0438 (decimal 1080)
   defining Unicode char U+0439 (decimal 1081)
   defining Unicode char U+043A (decimal 1082)
   defining Unicode char U+043B (decimal 1083)
   defining Unicode char U+043C (decimal 1084)
   defining Unicode char U+043D (decimal 1085)
   defining Unicode char U+043E (decimal 1086)
   defining Unicode char U+043F (decimal 1087)
   defining Unicode char U+0440 (decimal 1088)
   defining Unicode char U+0441 (decimal 1089)
   defining Unicode char U+0442 (decimal 1090)
   defining Unicode char U+0443 (decimal 1091)
   defining Unicode char U+0444 (decimal 1092)
   defining Unicode char U+0445 (decimal 1093)
   defining Unicode char U+0446 (decimal 1094)
   defining Unicode char U+0447 (decimal 1095)
   defining Unicode char U+0448 (decimal 1096)
   defining Unicode char U+0449 (decimal 1097)
   defining Unicode char U+044A (decimal 1098)
   defining Unicode char U+044B (decimal 1099)
   defining Unicode char U+044C (decimal 1100)
   defining Unicode char U+044D (decimal 1101)
   defining Unicode char U+044E (decimal 1102)
   defining Unicode char U+044F (decimal 1103)
   defining Unicode char U+0450 (decimal 1104)
   defining Unicode char U+0451 (decimal 1105)
   defining Unicode char U+0452 (decimal 1106)
   defining Unicode char U+0453 (decimal 1107)
   defining Unicode char U+0454 (decimal 1108)
   defining Unicode char U+0455 (decimal 1109)
   defining Unicode char U+0456 (decimal 1110)
   defining Unicode char U+0457 (decimal 1111)
   defining Unicode char U+0458 (decimal 1112)
   defining Unicode char U+0459 (decimal 1113)
   defining Unicode char U+045A (decimal 1114)
   defining Unicode char U+045B (decimal 1115)
   defining Unicode char U+045C (decimal 1116)
   defining Unicode char U+045D (decimal 1117)
   defining Unicode char U+045E (decimal 1118)
   defining Unicode char U+045F (decimal 1119)
   defining Unicode char U+0490 (decimal 1168)
   defining Unicode char U+0491 (decimal 1169)
   defining Unicode char U+0492 (decimal 1170)
   defining Unicode char U+0493 (decimal 1171)
   defining Unicode char U+0496 (decimal 1174)
   defining Unicode char U+0497 (decimal 1175)
   defining Unicode char U+0498 (decimal 1176)
   defining Unicode char U+0499 (decimal 1177)
   defining Unicode char U+049A (decimal 1178)
   defining Unicode char U+049B (decimal 1179)
   defining Unicode char U+049C (decimal 1180)
   defining Unicode char U+049D (decimal 1181)
   defining Unicode char U+04A0 (decimal 1184)
   defining Unicode char U+04A1 (decimal 1185)
   defining Unicode char U+04A2 (decimal 1186)
   defining Unicode char U+04A3 (decimal 1187)
   defining Unicode char U+04A4 (decimal 1188)
   defining Unicode char U+04A5 (decimal 1189)
   defining Unicode char U+04AA (decimal 1194)
   defining Unicode char U+04AB (decimal 1195)
   defining Unicode char U+04AE (decimal 1198)
   defining Unicode char U+04AF (decimal 1199)
   defining Unicode char U+04B0 (decimal 1200)
   defining Unicode char U+04B1 (decimal 1201)
   defining Unicode char U+04B2 (decimal 1202)
   defining Unicode char U+04B3 (decimal 1203)
   defining Unicode char U+04B6 (decimal 1206)
   defining Unicode char U+04B7 (decimal 1207)
   defining Unicode char U+04B8 (decimal 1208)
   defining Unicode char U+04B9 (decimal 1209)
   defining Unicode char U+04BA (decimal 1210)
   defining Unicode char U+04BB (decimal 1211)
   defining Unicode char U+04C0 (decimal 1216)
   defining Unicode char U+04C1 (decimal 1217)
   defining Unicode char U+04C2 (decimal 1218)
   defining Unicode char U+04D0 (decimal 1232)
   defining Unicode char U+04D1 (decimal 1233)
   defining Unicode char U+04D2 (decimal 1234)
   defining Unicode char U+04D3 (decimal 1235)
   defining Unicode char U+04D4 (decimal 1236)
   defining Unicode char U+04D5 (decimal 1237)
   defining Unicode char U+04D6 (decimal 1238)
   defining Unicode char U+04D7 (decimal 1239)
   defining Unicode char U+04D8 (decimal 1240)
   defining Unicode char U+04D9 (decimal 1241)
   defining Unicode char U+04DA (decimal 1242)
   defining Unicode char U+04DB (decimal 1243)
   defining Unicode char U+04DC (decimal 1244)
   defining Unicode char U+04DD (decimal 1245)
   defining Unicode char U+04DE (decimal 1246)
   defining Unicode char U+04DF (decimal 1247)
   defining Unicode char U+04E2 (decimal 1250)
   defining Unicode char U+04E3 (decimal 1251)
   defining Unicode char U+04E4 (decimal 1252)
   defining Unicode char U+04E5 (decimal 1253)
   defining Unicode char U+04E6 (decimal 1254)
   defining Unicode char U+04E7 (decimal 1255)
   defining Unicode char U+04E8 (decimal 1256)
   defining Unicode char U+04E9 (decimal 1257)
   defining Unicode char U+04EC (decimal 1260)
   defining Unicode char U+04ED (decimal 1261)
   defining Unicode char U+04EE (decimal 1262)
   defining Unicode char U+04EF (decimal 1263)
   defining Unicode char U+04F0 (decimal 1264)
   defining Unicode char U+04F1 (decimal 1265)
   defining Unicode char U+04F2 (decimal 1266)
   defining Unicode char U+04F3 (decimal 1267)
   defining Unicode char U+04F4 (decimal 1268)
   defining Unicode char U+04F5 (decimal 1269)
   defining Unicode char U+04F8 (decimal 1272)
   defining Unicode char U+04F9 (decimal 1273)
   defining Unicode char U+200C (decimal 8204)
   defining Unicode char U+2013 (decimal 8211)
   defining Unicode char U+2014 (decimal 8212)
   defining Unicode char U+2018 (decimal 8216)
   defining Unicode char U+2019 (decimal 8217)
   defining Unicode char U+201C (decimal 8220)
   defining Unicode char U+201D (decimal 8221)
   defining Unicode char U+201E (decimal 8222)
   defining Unicode char U+2030 (decimal 8240)
   defining Unicode char U+2031 (decimal 8241)
   defining Unicode char U+2116 (decimal 8470)
   defining Unicode char U+2329 (decimal 9001)
   defining Unicode char U+3008 (decimal 12296)
   defining Unicode char U+232A (decimal 9002)
   defining Unicode char U+3009 (decimal 12297)
   defining Unicode char U+2423 (decimal 9251)
   defining Unicode char U+27E8 (decimal 10216)
   defining Unicode char U+27E9 (decimal 10217)
   defining Unicode char U+FB00 (decimal 64256)
   defining Unicode char U+FB01 (decimal 64257)
   defining Unicode char U+FB02 (decimal 64258)
   defining Unicode char U+FB03 (decimal 64259)
   defining Unicode char U+FB04 (decimal 64260)
   defining Unicode char U+FB05 (decimal 64261)
   defining Unicode char U+FB06 (decimal 64262)
))
LaTeX Font Info:    Trying to load font information for T2A+cmr on input line 1
12.

(/usr/share/texlive/texmf-dist/tex/latex/cyrillic/t2acmr.fd
File: t2acmr.fd 2001/08/11 v1.0a Computer Modern Cyrillic font definitions
))
(/usr/share/texlive/texmf-dist/tex/latex/base/inputenc.sty
Package: inputenc 2021/02/14 v1.3d Input encoding file
\inpenc@prehook=\toks17
\inpenc@posthook=\toks18
)
(/usr/share/texlive/texmf-dist/tex/generic/babel/babel.sty
Package: babel 2024/01/07 v24.1 The Babel package
\babel@savecnt=\count267
\U@D=\dimen154
\l@unhyphenated=\language38

(/usr/share/texlive/texmf-dist/tex/generic/babel/txtbabel.def)
\bbl@readstream=\read2
\bbl@dirlevel=\count268

(/usr/share/texlive/texmf-dist/tex/generic/babel-russian/russianb.ldf
File: russianb.ldf 2021/01/10 1.3m Russian support for the Babel system
Language: russian 2020/09/09 1.3k Russian support for the Babel system
Package babel Info: Making " an active character on input line 124.
Package babel Info: Default for \cyrdash is provided on input line 163.
))
(/usr/share/texlive/texmf-dist/tex/generic/babel/locale/ru/babel-russian.tex
Package babel Info: Importing font and identification data for russian
(babel)             from babel-ru.ini. Reported on input line 11.
)
(./cvpr.sty (./eso-pic.sty
Package: eso-pic 2002/11/16 v1.1b eso-pic (RN)
 (./cvpr_eso.sty

LaTeX Warning: You have requested package `eso-pic',
               but the package provides `everyshi'.

Package: everyshi 2001/05/15 v3.00 EveryShipout Package (MS)
) (/usr/share/texlive/texmf-dist/tex/latex/graphics/keyval.sty
Package: keyval 2022/05/29 v1.15 key=value parser (DPC)
\KV@toks@=\toks19
))
(/usr/share/texlive/texmf-dist/tex/latex/tools/xspace.sty
Package: xspace 2014/10/28 v1.13 Space after command names (DPC,MH)
)
CVPR 8.5 x 11-Inch Proceedings Style `cvpr.sty'.
\@ctmp=\skip50
\@figindent=\skip51
\cvprrulerbox=\box51
\cvprrulercount=\count269
\cvprruleroffset=\dimen155
\cv@lineheight=\dimen156
\cv@boxheight=\dimen157
\cv@tmpbox=\box52
\cv@refno=\count270
\cv@tot=\count271
\cv@tmpc@=\count272
\cv@tmpc=\count273
) (/usr/share/texlive/texmf-dist/tex/latex/psnfss/times.sty
Package: times 2020/03/25 PSNFSS-v9.3 (SPQR) 
)
(/usr/share/texlive/texmf-dist/tex/latex/graphics/epsfig.sty
Package: epsfig 2017/06/25 v1.7b (e)psfig emulation (SPQR)

(/usr/share/texlive/texmf-dist/tex/latex/graphics/graphicx.sty
Package: graphicx 2021/09/16 v1.2d Enhanced LaTeX Graphics (DPC,SPQR)

(/usr/share/texlive/texmf-dist/tex/latex/graphics/graphics.sty
Package: graphics 2022/03/10 v1.4e Standard LaTeX Graphics (DPC,SPQR)

(/usr/share/texlive/texmf-dist/tex/latex/graphics/trig.sty
Package: trig 2021/08/11 v1.11 sin cos tan (DPC)
)
(/usr/share/texlive/texmf-dist/tex/latex/graphics-cfg/graphics.cfg
File: graphics.cfg 2016/06/04 v1.11 sample graphics configuration
)
Package graphics Info: Driver file: pdftex.def on input line 107.

(/usr/share/texlive/texmf-dist/tex/latex/graphics-def/pdftex.def
File: pdftex.def 2022/09/22 v1.2b Graphics/color driver for pdftex
))
\Gin@req@height=\dimen158
\Gin@req@width=\dimen159
)
\epsfxsize=\dimen160
\epsfysize=\dimen161
)
(/usr/share/texlive/texmf-dist/tex/latex/amsmath/amsmath.sty
Package: amsmath 2023/05/13 v2.17o AMS math features
\@mathmargin=\skip52

For additional information on amsmath, use the `?' option.
(/usr/share/texlive/texmf-dist/tex/latex/amsmath/amstext.sty
Package: amstext 2021/08/26 v2.01 AMS text

(/usr/share/texlive/texmf-dist/tex/latex/amsmath/amsgen.sty
File: amsgen.sty 1999/11/30 v2.0 generic functions
\@emptytoks=\toks20
\ex@=\dimen162
))
(/usr/share/texlive/texmf-dist/tex/latex/amsmath/amsbsy.sty
Package: amsbsy 1999/11/29 v1.2d Bold Symbols
\pmbraise@=\dimen163
)
(/usr/share/texlive/texmf-dist/tex/latex/amsmath/amsopn.sty
Package: amsopn 2022/04/08 v2.04 operator names
)
\inf@bad=\count274
LaTeX Info: Redefining \frac on input line 234.
\uproot@=\count275
\leftroot@=\count276
LaTeX Info: Redefining \overline on input line 399.
LaTeX Info: Redefining \colon on input line 410.
\classnum@=\count277
\DOTSCASE@=\count278
LaTeX Info: Redefining \ldots on input line 496.
LaTeX Info: Redefining \dots on input line 499.
LaTeX Info: Redefining \cdots on input line 620.
\Mathstrutbox@=\box53
\strutbox@=\box54
LaTeX Info: Redefining \big on input line 722.
LaTeX Info: Redefining \Big on input line 723.
LaTeX Info: Redefining \bigg on input line 724.
LaTeX Info: Redefining \Bigg on input line 725.
\big@size=\dimen164
LaTeX Font Info:    Redeclaring font encoding OML on input line 743.
LaTeX Font Info:    Redeclaring font encoding OMS on input line 744.
\macc@depth=\count279
LaTeX Info: Redefining \bmod on input line 905.
LaTeX Info: Redefining \pmod on input line 910.
LaTeX Info: Redefining \smash on input line 940.
LaTeX Info: Redefining \relbar on input line 970.
LaTeX Info: Redefining \Relbar on input line 971.
\c@MaxMatrixCols=\count280
\dotsspace@=\muskip16
\c@parentequation=\count281
\dspbrk@lvl=\count282
\tag@help=\toks21
\row@=\count283
\column@=\count284
\maxfields@=\count285
\andhelp@=\toks22
\eqnshift@=\dimen165
\alignsep@=\dimen166
\tagshift@=\dimen167
\tagwidth@=\dimen168
\totwidth@=\dimen169
\lineht@=\dimen170
\@envbody=\toks23
\multlinegap=\skip53
\multlinetaggap=\skip54
\mathdisplay@stack=\toks24
LaTeX Info: Redefining \[ on input line 2953.
LaTeX Info: Redefining \] on input line 2954.
)
(/usr/share/texlive/texmf-dist/tex/latex/amsfonts/amssymb.sty
Package: amssymb 2013/01/14 v3.01 AMS font symbols

(/usr/share/texlive/texmf-dist/tex/latex/amsfonts/amsfonts.sty
Package: amsfonts 2013/01/14 v3.01 Basic AMSFonts support
\symAMSa=\mathgroup4
\symAMSb=\mathgroup5
LaTeX Font Info:    Redeclaring math symbol \hbar on input line 98.
LaTeX Font Info:    Overwriting math alphabet `\mathfrak' in version `bold'
(Font)                  U/euf/m/n --> U/euf/b/n on input line 106.
))
(/usr/share/texlive/texmf-dist/tex/latex/hyperref/hyperref.sty
Package: hyperref 2024-01-20 v7.01h Hypertext links for LaTeX

(/usr/share/texlive/texmf-dist/tex/generic/iftex/iftex.sty
Package: iftex 2022/02/03 v1.0f TeX engine tests
)
(/usr/share/texlive/texmf-dist/tex/latex/kvsetkeys/kvsetkeys.sty
Package: kvsetkeys 2022-10-05 v1.19 Key value parser (HO)
)
(/usr/share/texlive/texmf-dist/tex/generic/kvdefinekeys/kvdefinekeys.sty
Package: kvdefinekeys 2019-12-19 v1.6 Define keys (HO)
)
(/usr/share/texlive/texmf-dist/tex/generic/pdfescape/pdfescape.sty
Package: pdfescape 2019/12/09 v1.15 Implements pdfTeX's escape features (HO)

(/usr/share/texlive/texmf-dist/tex/generic/ltxcmds/ltxcmds.sty
Package: ltxcmds 2023-12-04 v1.26 LaTeX kernel commands for general use (HO)
)
(/usr/share/texlive/texmf-dist/tex/generic/pdftexcmds/pdftexcmds.sty
Package: pdftexcmds 2020-06-27 v0.33 Utility functions of pdfTeX for LuaTeX (HO
)

(/usr/share/texlive/texmf-dist/tex/generic/infwarerr/infwarerr.sty
Package: infwarerr 2019/12/03 v1.5 Providing info/warning/error messages (HO)
)
Package pdftexcmds Info: \pdf@primitive is available.
Package pdftexcmds Info: \pdf@ifprimitive is available.
Package pdftexcmds Info: \pdfdraftmode found.
))
(/usr/share/texlive/texmf-dist/tex/latex/hycolor/hycolor.sty
Package: hycolor 2020-01-27 v1.10 Color options for hyperref/bookmark (HO)
)
(/usr/share/texlive/texmf-dist/tex/latex/auxhook/auxhook.sty
Package: auxhook 2019-12-17 v1.6 Hooks for auxiliary files (HO)
)
(/usr/share/texlive/texmf-dist/tex/latex/hyperref/nameref.sty
Package: nameref 2023-11-26 v2.56 Cross-referencing by name of section

(/usr/share/texlive/texmf-dist/tex/latex/refcount/refcount.sty
Package: refcount 2019/12/15 v3.6 Data extraction from label references (HO)
)
(/usr/share/texlive/texmf-dist/tex/generic/gettitlestring/gettitlestring.sty
Package: gettitlestring 2019/12/15 v1.6 Cleanup title references (HO)

(/usr/share/texlive/texmf-dist/tex/latex/kvoptions/kvoptions.sty
Package: kvoptions 2022-06-15 v3.15 Key value format for package options (HO)
))
\c@section@level=\count286
)
(/usr/share/texlive/texmf-dist/tex/latex/etoolbox/etoolbox.sty
Package: etoolbox 2020/10/05 v2.5k e-TeX tools for LaTeX (JAW)
\etb@tempcnta=\count287
)
\@linkdim=\dimen171
\Hy@linkcounter=\count288
\Hy@pagecounter=\count289

(/usr/share/texlive/texmf-dist/tex/latex/hyperref/pd1enc.def
File: pd1enc.def 2024-01-20 v7.01h Hyperref: PDFDocEncoding definition (HO)
Now handling font encoding PD1 ...
... no UTF-8 mapping file for font encoding PD1
)
(/usr/share/texlive/texmf-dist/tex/generic/intcalc/intcalc.sty
Package: intcalc 2019/12/15 v1.3 Expandable calculations with integers (HO)
)
\Hy@SavedSpaceFactor=\count290

(/usr/share/texlive/texmf-dist/tex/latex/hyperref/puenc.def
File: puenc.def 2024-01-20 v7.01h Hyperref: PDF Unicode definition (HO)
Now handling font encoding PU ...
... no UTF-8 mapping file for font encoding PU
)
Package hyperref Info: Option `unicode' set `true' on input line 3165.
Package hyperref Info: Option `breaklinks' set `true' on input line 4062.
Package hyperref Info: Option `bookmarks' set `false' on input line 4062.
Package hyperref Info: Hyper figures OFF on input line 4179.
Package hyperref Info: Link nesting OFF on input line 4184.
Package hyperref Info: Hyper index ON on input line 4187.
Package hyperref Info: Plain pages OFF on input line 4194.
Package hyperref Info: Backreferencing OFF on input line 4199.
Package hyperref Info: Implicit mode ON; LaTeX internals redefined.
Package hyperref Info: Bookmarks OFF on input line 4452.
\c@Hy@tempcnt=\count291

(/usr/share/texlive/texmf-dist/tex/latex/url/url.sty
\Urlmuskip=\muskip17
Package: url 2013/09/16  ver 3.4  Verb mode for urls, etc.
)
LaTeX Info: Redefining \url on input line 4784.
\XeTeXLinkMargin=\dimen172

(/usr/share/texlive/texmf-dist/tex/generic/bitset/bitset.sty
Package: bitset 2019/12/09 v1.3 Handle bit-vector datatype (HO)

(/usr/share/texlive/texmf-dist/tex/generic/bigintcalc/bigintcalc.sty
Package: bigintcalc 2019/12/15 v1.5 Expandable calculations on big integers (HO
)
))
\Fld@menulength=\count292
\Field@Width=\dimen173
\Fld@charsize=\dimen174
Package hyperref Info: Hyper figures OFF on input line 6063.
Package hyperref Info: Link nesting OFF on input line 6068.
Package hyperref Info: Hyper index ON on input line 6071.
Package hyperref Info: backreferencing OFF on input line 6078.
Package hyperref Info: Link coloring OFF on input line 6083.
Package hyperref Info: Link coloring with OCG OFF on input line 6088.
Package hyperref Info: PDF/A mode OFF on input line 6093.

(/usr/share/texlive/texmf-dist/tex/latex/base/atbegshi-ltx.sty
Package: atbegshi-ltx 2021/01/10 v1.0c Emulation of the original atbegshi
package with kernel methods
)
\Hy@abspage=\count293
\c@Item=\count294
\c@Hfootnote=\count295
)
Package hyperref Info: Driver (autodetected): hpdftex.

(/usr/share/texlive/texmf-dist/tex/latex/hyperref/hpdftex.def
File: hpdftex.def 2024-01-20 v7.01h Hyperref driver for pdfTeX

(/usr/share/texlive/texmf-dist/tex/latex/base/atveryend-ltx.sty
Package: atveryend-ltx 2020/08/19 v1.0a Emulation of the original atveryend pac
kage
with kernel methods
)
\Fld@listcount=\count296
\c@bookmark@seq@number=\count297

(/usr/share/texlive/texmf-dist/tex/latex/rerunfilecheck/rerunfilecheck.sty
Package: rerunfilecheck 2022-07-10 v1.10 Rerun checks for auxiliary files (HO)

(/usr/share/texlive/texmf-dist/tex/generic/uniquecounter/uniquecounter.sty
Package: uniquecounter 2019/12/15 v1.4 Provide unlimited unique counter (HO)
)
Package uniquecounter Info: New unique counter `rerunfilecheck' on input line 2
85.
)
\Hy@SectionHShift=\skip55
)
LaTeX Font Info:    Trying to load font information for T2A+ptm on input line 4
2.
LaTeX Font Info:    No file T2Aptm.fd. on input line 42.


LaTeX Font Warning: Font shape `T2A/ptm/m/n' undefined
(Font)              using `T2A/cmr/m/n' instead on input line 42.

(/usr/share/texlive/texmf-dist/tex/latex/l3backend/l3backend-pdftex.def
File: l3backend-pdftex.def 2024-01-04 L3 backend support: PDF output (pdfTeX)
\l__color_backend_stack_int=\count298
\l__pdf_internal_box=\box55
)
(./2russian41.aux

LaTeX Warning: Label `fig:onecol' multiply defined.


LaTeX Warning: Label `fig:onecol' multiply defined.


LaTeX Warning: Label `fig:onecol' multiply defined.


LaTeX Warning: Label `fig:onecol' multiply defined.


LaTeX Warning: Label `fig:6' multiply defined.


LaTeX Warning: Label `fig:onecol' multiply defined.


LaTeX Warning: Label `fig:onecol' multiply defined.


LaTeX Warning: Label `fig:onecol' multiply defined.


LaTeX Warning: Label `fig:onecol' multiply defined.


LaTeX Warning: Label `fig:onecol' multiply defined.


LaTeX Warning: Label `fig:onecol' multiply defined.


LaTeX Warning: Label `fig:onecol' multiply defined.


LaTeX Warning: Label `fig:onecol' multiply defined.


LaTeX Warning: Label `fig:onecol' multiply defined.

)
\openout1 = `2russian41.aux'.

LaTeX Font Info:    Checking defaults for OML/cmm/m/it on input line 42.
LaTeX Font Info:    ... okay on input line 42.
LaTeX Font Info:    Checking defaults for OMS/cmsy/m/n on input line 42.
LaTeX Font Info:    ... okay on input line 42.
LaTeX Font Info:    Checking defaults for OT1/cmr/m/n on input line 42.
LaTeX Font Info:    ... okay on input line 42.
LaTeX Font Info:    Checking defaults for T1/cmr/m/n on input line 42.
LaTeX Font Info:    ... okay on input line 42.
LaTeX Font Info:    Checking defaults for TS1/cmr/m/n on input line 42.
LaTeX Font Info:    ... okay on input line 42.
LaTeX Font Info:    Checking defaults for OMX/cmex/m/n on input line 42.
LaTeX Font Info:    ... okay on input line 42.
LaTeX Font Info:    Checking defaults for U/cmr/m/n on input line 42.
LaTeX Font Info:    ... okay on input line 42.
LaTeX Font Info:    Checking defaults for T2A/cmr/m/n on input line 42.
LaTeX Font Info:    ... okay on input line 42.
LaTeX Font Info:    Checking defaults for PD1/pdf/m/n on input line 42.
LaTeX Font Info:    ... okay on input line 42.
LaTeX Font Info:    Checking defaults for PU/pdf/m/n on input line 42.
LaTeX Font Info:    ... okay on input line 42.
LaTeX Info: Redefining \th on input line 42.
 ABD: EveryShipout initializing macros
(/usr/share/texlive/texmf-dist/tex/latex/graphics/color.sty
Package: color 2022/01/06 v1.3d Standard LaTeX Color (DPC)

(/usr/share/texlive/texmf-dist/tex/latex/graphics-cfg/color.cfg
File: color.cfg 2016/01/02 v1.6 sample color configuration
)
Package color Info: Driver file: pdftex.def on input line 149.

(/usr/share/texlive/texmf-dist/tex/latex/graphics/mathcolor.ltx))
(/usr/share/texlive/texmf-dist/tex/context/base/mkii/supp-pdf.mkii
[Loading MPS to PDF converter (version 2006.09.02).]
\scratchcounter=\count299
\scratchdimen=\dimen175
\scratchbox=\box56
\nofMPsegments=\count300
\nofMParguments=\count301
\everyMPshowfont=\toks25
\MPscratchCnt=\count302
\MPscratchDim=\dimen176
\MPnumerator=\count303
\makeMPintoPDFobject=\count304
\everyMPtoPDFconversion=\toks26
) (/usr/share/texlive/texmf-dist/tex/latex/epstopdf-pkg/epstopdf-base.sty
Package: epstopdf-base 2020-01-24 v2.11 Base part for package epstopdf
Package epstopdf-base Info: Redefining graphics rule for `.eps' on input line 4
85.

(/usr/share/texlive/texmf-dist/tex/latex/latexconfig/epstopdf-sys.cfg
File: epstopdf-sys.cfg 2010/07/13 v1.3 Configuration of (r)epstopdf for TeX Liv
e
))
Package hyperref Info: Link coloring OFF on input line 42.


LaTeX Font Warning: Font shape `T2A/ptm/b/n' undefined
(Font)              using `T2A/ptm/m/n' instead on input line 66.

LaTeX Font Info:    Trying to load font information for U+msa on input line 66.

(/usr/share/texlive/texmf-dist/tex/latex/amsfonts/umsa.fd
File: umsa.fd 2013/01/14 v3.01 AMS symbols A
)
LaTeX Font Info:    Trying to load font information for U+msb on input line 66.


(/usr/share/texlive/texmf-dist/tex/latex/amsfonts/umsb.fd
File: umsb.fd 2013/01/14 v3.01 AMS symbols B
)
LaTeX Font Info:    Trying to load font information for T2A+pcr on input line 6
6.
LaTeX Font Info:    No file T2Apcr.fd. on input line 66.


LaTeX Font Warning: Font shape `T2A/pcr/m/n' undefined
(Font)              using `T2A/cmr/m/n' instead on input line 66.


LaTeX Font Warning: Font shape `T2A/ptm/m/it' undefined
(Font)              using `T2A/ptm/m/n' instead on input line 68.


LaTeX Warning: Citation `0' on page 1 undefined on input line 69.


LaTeX Warning: Citation `1' on page 1 undefined on input line 69.


LaTeX Warning: Citation `2' on page 1 undefined on input line 71.


LaTeX Warning: Citation `20' on page 1 undefined on input line 71.


LaTeX Warning: Citation `143' on page 1 undefined on input line 79.


LaTeX Warning: Citation `144' on page 1 undefined on input line 79.


LaTeX Warning: Citation `29' on page 1 undefined on input line 79.


LaTeX Warning: Citation `70' on page 1 undefined on input line 79.


LaTeX Warning: Citation `104' on page 1 undefined on input line 79.


LaTeX Warning: Citation `145' on page 1 undefined on input line 79.

<jarkov-mammoth.jpg, id=6, 1284.8pt x 856.19875pt>
File: jarkov-mammoth.jpg Graphic file (type jpg)
<use jarkov-mammoth.jpg>
Package pdftex.def Info: jarkov-mammoth.jpg  used on input line 88.
(pdftex.def)             Requested size: 237.13594pt x 158.02847pt.

LaTeX Warning: Citation `51' on page 1 undefined on input line 90.


LaTeX Warning: Citation `51' on page 1 undefined on input line 90.


LaTeX Warning: Citation `17' on page 1 undefined on input line 95.


LaTeX Warning: Citation `18' on page 1 undefined on input line 95.


LaTeX Warning: Citation `19' on page 1 undefined on input line 95.

[1{/var/lib/texmf/fonts/map/pdftex/updmap/pdftex.map}


 <./jarkov-mammoth.jpg>]

LaTeX Warning: Citation `21' on page 2 undefined on input line 99.

<grand-canyon.jpg, id=22, 481.8pt x 321.2pt>
File: grand-canyon.jpg Graphic file (type jpg)
<use grand-canyon.jpg>
Package pdftex.def Info: grand-canyon.jpg  used on input line 104.
(pdftex.def)             Requested size: 237.13594pt x 158.09024pt.

LaTeX Warning: Citation `49' on page 2 undefined on input line 106.

<coconino.jpg, id=23, 923.45pt x 1123.19624pt>
File: coconino.jpg Graphic file (type jpg)
<use coconino.jpg>
Package pdftex.def Info: coconino.jpg  used on input line 114.
(pdftex.def)             Requested size: 237.13594pt x 288.42503pt.

LaTeX Warning: Citation `21' on page 2 undefined on input line 116.


LaTeX Warning: Citation `21' on page 2 undefined on input line 116.


LaTeX Warning: Citation `42' on page 2 undefined on input line 121.


LaTeX Warning: Citation `43' on page 2 undefined on input line 121.


Underfull \hbox (badness 1194) in paragraph at lines 121--122
\T2A/ptm/m/it/10 доч-ных по-род так-же про-ис-хо-ди-ло од-но-вре-мен-но
 []


Underfull \hbox (badness 1997) in paragraph at lines 121--122
\T2A/ptm/m/it/10 сле-до-ва-те-ли из Answers in Genesis [[]] про-ве-ли
 []

<Grand_Staircase-big.jpg, id=24, 1355.0625pt x 385.44pt>
File: Grand_Staircase-big.jpg Graphic file (type jpg)
<use Grand_Staircase-big.jpg>
Package pdftex.def Info: Grand_Staircase-big.jpg  used on input line 126.
(pdftex.def)             Requested size: 496.85625pt x 141.32843pt.

LaTeX Warning: Citation `50' on page 2 undefined on input line 128.


LaTeX Warning: Citation `50' on page 2 undefined on input line 128.


LaTeX Warning: Citation `46' on page 2 undefined on input line 132.


LaTeX Warning: Citation `47' on page 2 undefined on input line 134.


LaTeX Warning: Citation `48' on page 2 undefined on input line 134.


Underfull \hbox (badness 1082) in paragraph at lines 134--135
[]\T2A/ptm/m/it/10 The actual formation of the Grand Canyon is
 []


Underfull \hbox (badness 3815) in paragraph at lines 134--135
\T2A/ptm/m/it/10 another issue of contention in modern geology.
 []


Underfull \hbox (badness 2772) in paragraph at lines 134--135
\T2A/ptm/m/it/10 Uniformitarian geology proposes that the Grand
 []

[2 <./grand-canyon.jpg>]
Underfull \hbox (badness 5696) in paragraph at lines 136--137
[]\T2A/ptm/m/it/10 Considering the scale of geological processes
 []


LaTeX Warning: Citation `54' on page 3 undefined on input line 140.


LaTeX Warning: Citation `52' on page 3 undefined on input line 140.


LaTeX Warning: Citation `53' on page 3 undefined on input line 140.


Underfull \vbox (badness 10000) has occurred while \output is active []

<derinkuyu.jpeg, id=36, 1003.75pt x 648.4225pt>
File: derinkuyu.jpeg Graphic file (type jpg)
<use derinkuyu.jpeg>
Package pdftex.def Info: derinkuyu.jpeg  used on input line 145.
(pdftex.def)             Requested size: 237.13594pt x 153.19063pt.


LaTeX Warning: Citation `56' on page 3 undefined on input line 147.


LaTeX Warning: Citation `53' on page 3 undefined on input line 151.


Underfull \hbox (badness 1342) in paragraph at lines 151--152
\T2A/ptm/m/it/10 and exploration are only available above ground.
 []


Underfull \hbox (badness 1540) in paragraph at lines 151--152
\T2A/ptm/m/it/10 to practice their religion [[]]. But common sense
 []

<derinkuyu-air.jpg, id=38, 1927.2pt x 1445.4pt>
File: derinkuyu-air.jpg Graphic file (type jpg)
<use derinkuyu-air.jpg>
Package pdftex.def Info: derinkuyu-air.jpg  used on input line 160.
(pdftex.def)             Requested size: 237.13594pt x 177.85152pt.

LaTeX Warning: Citation `53' on page 3 undefined on input line 162.


LaTeX Warning: Citation `53' on page 3 undefined on input line 162.


LaTeX Warning: Citation `53' on page 3 undefined on input line 173.

[3 <./coconino.jpg>]
Underfull \vbox (badness 2213) has occurred while \output is active []

File: derinkuyu-air.jpg Graphic file (type jpg)
<use derinkuyu-air.jpg>
Package pdftex.def Info: derinkuyu-air.jpg  used on input line 182.
(pdftex.def)             Requested size: 237.13594pt x 177.85152pt.


LaTeX Warning: Citation `53' on page 4 undefined on input line 184.


LaTeX Warning: Citation `53' on page 4 undefined on input line 184.

LaTeX Font Info:    Trying to load font information for OT1+ptm on input line 1
94.
(/usr/share/texlive/texmf-dist/tex/latex/psnfss/ot1ptm.fd
File: ot1ptm.fd 2001/06/04 font definitions for OT1/ptm.
)

LaTeX Warning: Citation `58' on page 4 undefined on input line 194.


LaTeX Warning: Citation `59' on page 4 undefined on input line 194.


LaTeX Warning: Citation `60' on page 4 undefined on input line 194.


LaTeX Warning: Citation `61' on page 4 undefined on input line 194.


LaTeX Warning: Citation `57' on page 4 undefined on input line 194.


LaTeX Warning: Citation `56' on page 4 undefined on input line 194.

[4 <./Grand_Staircase-big.jpg> <./derinkuyu.jpeg> <./derinkuyu-air.jpg>]
<muck-crop.jpeg, id=54, 969.6225pt x 637.38126pt>
File: muck-crop.jpeg Graphic file (type jpg)
<use muck-crop.jpeg>
Package pdftex.def Info: muck-crop.jpeg  used on input line 199.
(pdftex.def)             Requested size: 237.13594pt x 155.88258pt.


LaTeX Warning: Citation `146' on page 5 undefined on input line 201.


LaTeX Warning: Citation `146' on page 5 undefined on input line 201.


Underfull \vbox (badness 10000) has occurred while \output is active []

<ww19.jpg, id=55, 955.57pt x 642.4pt>
File: ww19.jpg Graphic file (type jpg)
<use ww19.jpg>
Package pdftex.def Info: ww19.jpg  used on input line 214.
(pdftex.def)             Requested size: 237.13594pt x 159.41353pt.


LaTeX Warning: Citation `70' on page 5 undefined on input line 221.


Underfull \hbox (badness 1325) in paragraph at lines 221--222
\T2A/ptm/m/it/10 се Брю-на-Бойн, со-бра-нии древ-них со-ору-же-ний,
 []

[5{/usr/share/texlive/texmf-dist/fonts/enc/dvips/base/8r.enc} <./muck-crop.jpeg
> <./ww19.jpg>]
LaTeX Font Info:    Trying to load font information for TS1+ptm on input line 2
23.
 (/usr/share/texlive/texmf-dist/tex/latex/psnfss/ts1ptm.fd
File: ts1ptm.fd 2001/06/04 font definitions for TS1/ptm.
)

LaTeX Warning: Citation `70' on page 6 undefined on input line 223.


LaTeX Warning: Citation `71' on page 6 undefined on input line 223.


LaTeX Warning: Citation `71' on page 6 undefined on input line 223.

<dolmen.jpg, id=65, 803.0pt x 504.88625pt>
File: dolmen.jpg Graphic file (type jpg)
<use dolmen.jpg>
Package pdftex.def Info: dolmen.jpg  used on input line 228.
(pdftex.def)             Requested size: 237.13594pt x 149.09422pt.

LaTeX Warning: Citation `53' on page 6 undefined on input line 230.


Underfull \hbox (badness 3679) in paragraph at lines 235--236
\T2A/ptm/m/it/10 жжјн-ные и необо-жжјн-ные фраг-мен-ты ко-стей,
 []


Underfull \hbox (badness 2556) in paragraph at lines 235--236
\T2A/ptm/m/it/10 дей, раз-бро-сан-ные по ко-ри-до-ру. Стро-и-тель-ство
 []


LaTeX Warning: Citation `72' on page 6 undefined on input line 237.


LaTeX Warning: Citation `32' on page 6 undefined on input line 237.

Missing character: There is no ч in font ptmb!
<bottleneck.jpg, id=67, 657.45625pt x 1208.515pt>
File: bottleneck.jpg Graphic file (type jpg)
<use bottleneck.jpg>
Package pdftex.def Info: bottleneck.jpg  used on input line 248.
(pdftex.def)             Requested size: 237.13594pt x 435.89488pt.

LaTeX Warning: Citation `62' on page 6 undefined on input line 250.


LaTeX Warning: Citation `62' on page 6 undefined on input line 250.


LaTeX Warning: Citation `62' on page 6 undefined on input line 255.


LaTeX Warning: Citation `63' on page 6 undefined on input line 255.


LaTeX Warning: Citation `64' on page 6 undefined on input line 255.


LaTeX Warning: Citation `65' on page 6 undefined on input line 255.


LaTeX Warning: Citation `66' on page 6 undefined on input line 255.


Underfull \hbox (badness 1629) in paragraph at lines 255--256
[]\T2A/ptm/m/it/10 Некоторые за-мет-ные био-ло-ги-че-ские ано-ма-лии
 []


LaTeX Warning: Citation `88' on page 6 undefined on input line 257.


LaTeX Warning: Citation `89' on page 6 undefined on input line 257.


Underfull \hbox (badness 3460) in paragraph at lines 257--258
\T2A/ptm/m/it/10 ми-ра-ний, наи-бо-лее изу-че-ны из них "Боль-шая
 []


Underfull \hbox (badness 1776) in paragraph at lines 257--258
\T2A/ptm/m/it/10 пя-тјр-ка"фанерозойских со-бы-тий: позд-не-ор-до-вик-
 []


Underfull \hbox (badness 1033) in paragraph at lines 257--258
\T2A/ptm/m/it/10 (EPME), три-а-со-вое (ETME) и ме-ло-вое (ECME)
 []

[6 <./dolmen.jpg>]
Missing character: There is no ч in font ptmb!
<columbia.jpg, id=79, 687.56876pt x 444.66125pt>
File: columbia.jpg Graphic file (type jpg)
<use columbia.jpg>
Package pdftex.def Info: columbia.jpg  used on input line 264.
(pdftex.def)             Requested size: 237.13594pt x 153.354pt.

LaTeX Warning: Citation `80' on page 7 undefined on input line 266.


LaTeX Warning: Citation `80' on page 7 undefined on input line 266.


LaTeX Warning: Citation `78' on page 7 undefined on input line 271.


LaTeX Warning: Citation `79' on page 7 undefined on input line 271.


LaTeX Warning: Citation `81' on page 7 undefined on input line 271.


LaTeX Warning: Citation `80' on page 7 undefined on input line 271.

<zhangjiajie.jpg, id=81, 1204.5pt x 803.0pt>
File: zhangjiajie.jpg Graphic file (type jpg)
<use zhangjiajie.jpg>
Package pdftex.def Info: zhangjiajie.jpg  used on input line 275.
(pdftex.def)             Requested size: 237.13594pt x 158.08533pt.

Underfull \hbox (badness 4416) in paragraph at lines 271--281
[]\T2A/ptm/m/it/10 Существует мно-же-ство ланд-шаф-тов, по-ми-мо
 []

<hoy.jpg, id=82, 770.88pt x 433.62pt>
File: hoy.jpg Graphic file (type jpg)
<use hoy.jpg>
Package pdftex.def Info: hoy.jpg  used on input line 285.
(pdftex.def)             Requested size: 237.13594pt x 133.38863pt.

LaTeX Warning: Citation `83' on page 7 undefined on input line 287.


LaTeX Warning: Citation `83' on page 7 undefined on input line 287.


LaTeX Warning: Citation `82' on page 7 undefined on input line 292.


LaTeX Warning: Citation `84' on page 7 undefined on input line 292.


LaTeX Warning: Citation `85' on page 7 undefined on input line 292.


LaTeX Warning: Citation `15' on page 7 undefined on input line 292.


LaTeX Warning: Citation `86' on page 7 undefined on input line 292.


LaTeX Warning: Citation `87' on page 7 undefined on input line 292.


LaTeX Warning: Citation `3' on page 7 undefined on input line 292.


LaTeX Warning: Citation `94' on page 7 undefined on input line 292.

[7 <./bottleneck.jpg> <./columbia.jpg> <./zhangjiajie.jpg>]
Missing character: There is no р in font ptmb!

LaTeX Warning: Citation `90' on page 8 undefined on input line 296.


LaTeX Warning: Citation `91' on page 8 undefined on input line 296.


LaTeX Warning: Citation `92' on page 8 undefined on input line 296.


LaTeX Warning: Citation `93' on page 8 undefined on input line 296.

Missing character: There is no р in font ptmb!
Missing character: There is no ч in font ptmb!

LaTeX Warning: Citation `96' on page 8 undefined on input line 300.


LaTeX Warning: Citation `97' on page 8 undefined on input line 300.


LaTeX Warning: Citation `95' on page 8 undefined on input line 300.


LaTeX Warning: Citation `99' on page 8 undefined on input line 300.


LaTeX Warning: Citation `98' on page 8 undefined on input line 300.


LaTeX Warning: Citation `100' on page 8 undefined on input line 300.


LaTeX Warning: Citation `101' on page 8 undefined on input line 300.


Underfull \vbox (badness 10000) has occurred while \output is active []

<jericho.jpg, id=94, 1082.0425pt x 1087.06125pt>
File: jericho.jpg Graphic file (type jpg)
<use jericho.jpg>
Package pdftex.def Info: jericho.jpg  used on input line 305.
(pdftex.def)             Requested size: 237.13594pt x 238.22533pt.


LaTeX Warning: Citation `95' on page 8 undefined on input line 307.


LaTeX Warning: Citation `95' on page 8 undefined on input line 307.


LaTeX Warning: Citation `102' on page 8 undefined on input line 311.


LaTeX Warning: Citation `103' on page 8 undefined on input line 311.


Underfull \vbox (badness 1043) has occurred while \output is active []

 [8 <./hoy.jpg> <./jericho.jpg>]

LaTeX Warning: Citation `104' on page 9 undefined on input line 317.


LaTeX Warning: Citation `105' on page 9 undefined on input line 317.


LaTeX Warning: Citation `106' on page 9 undefined on input line 317.


LaTeX Warning: Citation `107' on page 9 undefined on input line 317.


LaTeX Warning: Citation `108' on page 9 undefined on input line 319.


LaTeX Warning: Citation `109' on page 9 undefined on input line 319.


LaTeX Warning: Citation `110' on page 9 undefined on input line 319.


LaTeX Warning: Citation `2' on page 9 undefined on input line 323.


LaTeX Warning: Citation `1' on page 9 undefined on input line 327.

(./2russian41.bbl) [9] (./2russian41.aux)
 ***********
LaTeX2e <2023-11-01> patch level 1
L3 programming layer <2024-01-22>
 ***********


LaTeX Font Warning: Some font shapes were not available, defaults substituted.


LaTeX Warning: There were undefined references.


LaTeX Warning: There were multiply-defined labels.

 ) 
Here is how much of TeX's memory you used:
 12495 strings out of 475142
 191011 string characters out of 5776209
 1943975 words of memory out of 5000000
 34439 multiletter control sequences out of 15000+600000
 572980 words of font info for 73 fonts, out of 8000000 for 9000
 680 hyphenation exceptions out of 8191
 75i,9n,79p,4325b,462s stack positions out of 10000i,1000n,20000p,200000b,200000s
 </home/m120938/.texlive2023/texmf-var/fonts/pk/ljfour/lh/lh-t2a/larm1000.600
pk> </home/m120938/.texlive2023/texmf-var/fonts/pk/ljfour/lh/lh-t2a/larm0900.60
0pk> </home/m120938/.texlive2023/texmf-var/fonts/pk/ljfour/lh/lh-t2a/larm1200.6
00pk> </home/m120938/.texlive2023/texmf-var/fonts/pk/ljfour/lh/lh-t2a/larm1440.
600pk></usr/share/texlive/texmf-dist/fonts/type1/public/amsfonts/cm/cmr7.pfb></
usr/share/texlive/texmf-dist/fonts/type1/urw/times/utmb8a.pfb></usr/share/texli
ve/texmf-dist/fonts/type1/urw/times/utmr8a.pfb></usr/share/texlive/texmf-dist/f
onts/type1/urw/times/utmri8a.pfb>
Output written on 2russian41.pdf (9 pages, 3179705 bytes).
PDF statistics:
 491 PDF objects out of 1000 (max. 8388607)
 119 compressed objects within 2 object streams
 39 named destinations out of 1000 (max. 500000)
 71 words of extra memory for PDF output out of 10000 (max. 10000000)

