This is XeTeX, Version 3.141592653-2.6-0.999995 (TeX Live 2023/Debian) (preloaded format=xelatex 2025.6.27)  22 JUL 2025 19:05
entering extended mode
 restricted \write18 enabled.
 %&-line parsing enabled.
**chinesetranslated.tex
(./chinesetranslated.tex
LaTeX2e <2023-11-01> patch level 1
L3 programming layer <2024-01-22>
(/usr/share/texlive/texmf-dist/tex/latex/base/article.cls
Document Class: article 2023/05/17 v1.4n Standard LaTeX document class
(/usr/share/texlive/texmf-dist/tex/latex/base/size10.clo
File: size10.clo 2023/05/17 v1.4n Standard LaTeX file (size option)
)
\c@part=\count183
\c@section=\count184
\c@subsection=\count185
\c@subsubsection=\count186
\c@paragraph=\count187
\c@subparagraph=\count188
\c@figure=\count189
\c@table=\count190
\abovecaptionskip=\skip48
\belowcaptionskip=\skip49
\bibindent=\dimen140
)
(/usr/share/texlive/texmf-dist/tex/latex/booktabs/booktabs.sty
Package: booktabs 2020/01/12 v1.61803398 Publication quality tables
\heavyrulewidth=\dimen141
\lightrulewidth=\dimen142
\cmidrulewidth=\dimen143
\belowrulesep=\dimen144
\belowbottomsep=\dimen145
\aboverulesep=\dimen146
\abovetopsep=\dimen147
\cmidrulesep=\dimen148
\cmidrulekern=\dimen149
\defaultaddspace=\dimen150
\@cmidla=\count191
\@cmidlb=\count192
\@aboverulesep=\dimen151
\@belowrulesep=\dimen152
\@thisruleclass=\count193
\@lastruleclass=\count194
\@thisrulewidth=\dimen153
)
(/usr/share/texlive/texmf-dist/tex/latex/sttools/stfloats.sty
Package: stfloats 2017/03/27 v3.3 Improve float mechanism and baselineskip sett
ings
\@dblbotnum=\count195
\c@dblbotnumber=\count196
)
(/usr/share/texlive/texmf-dist/tex/latex/float/float.sty
Package: float 2001/11/08 v1.3d Float enhancements (AL)
\c@float@type=\count197
\float@exts=\toks17
\float@box=\box51
\@float@everytoks=\toks18
\@floatcapt=\box52
)
(/usr/share/texlive/texmf-dist/tex/xelatex/xecjk/xeCJK.sty
(/usr/share/texlive/texmf-dist/tex/latex/l3kernel/expl3.sty
Package: expl3 2024-01-22 L3 programming layer (loader) 

(/usr/share/texlive/texmf-dist/tex/latex/l3backend/l3backend-xetex.def
File: l3backend-xetex.def 2024-01-04 L3 backend support: XeTeX
\g__graphics_track_int=\count198
\l__pdf_internal_box=\box53
\g__pdf_backend_object_int=\count199
\g__pdf_backend_annotation_int=\count266
\g__pdf_backend_link_int=\count267
))
Package: xeCJK 2022/08/05 v3.9.1 Typesetting CJK scripts with XeLaTeX

(/usr/share/texlive/texmf-dist/tex/latex/ctex/ctexhook.sty
Package: ctexhook 2022/07/14 v2.5.10 Document and package hooks (CTEX)
)
(/usr/share/texlive/texmf-dist/tex/latex/l3packages/xtemplate/xtemplate.sty
Package: xtemplate 2023-10-10 L3 Experimental prototype document functions
\l__xtemplate_tmp_dim=\dimen154
\l__xtemplate_tmp_int=\count268
\l__xtemplate_tmp_muskip=\muskip16
\l__xtemplate_tmp_skip=\skip50
)
\l__xeCJK_tmp_int=\count269
\l__xeCJK_tmp_box=\box54
\l__xeCJK_tmp_dim=\dimen155
\l__xeCJK_tmp_skip=\skip51
\g__xeCJK_space_factor_int=\count270
\l__xeCJK_begin_int=\count271
\l__xeCJK_end_int=\count272
\c__xeCJK_CJK_class_int=\XeTeXcharclass1
\c__xeCJK_FullLeft_class_int=\XeTeXcharclass2
\c__xeCJK_FullRight_class_int=\XeTeXcharclass3
\c__xeCJK_HalfLeft_class_int=\XeTeXcharclass4
\c__xeCJK_HalfRight_class_int=\XeTeXcharclass5
\c__xeCJK_NormalSpace_class_int=\XeTeXcharclass6
\c__xeCJK_CM_class_int=\XeTeXcharclass7
\c__xeCJK_HangulJamo_class_int=\XeTeXcharclass8
\l__xeCJK_last_skip=\skip52
\c__xeCJK_none_node=\count273
\g__xeCJK_node_int=\count274
\c__xeCJK_CJK_node_dim=\dimen156
\c__xeCJK_CJK-space_node_dim=\dimen157
\c__xeCJK_default_node_dim=\dimen158
\c__xeCJK_CJK-widow_node_dim=\dimen159
\c__xeCJK_normalspace_node_dim=\dimen160
\c__xeCJK_default-space_node_skip=\skip53
\l__xeCJK_ccglue_skip=\skip54
\l__xeCJK_ecglue_skip=\skip55
\l__xeCJK_punct_kern_skip=\skip56
\l__xeCJK_indent_box=\box55
\l__xeCJK_last_penalty_int=\count275
\l__xeCJK_last_bound_dim=\dimen161
\l__xeCJK_last_kern_dim=\dimen162
\l__xeCJK_widow_penalty_int=\count276

Package xtemplate Info: Declaring object type 'xeCJK/punctuation' taking 0
(xtemplate)             argument(s) on line 2396.

\l__xeCJK_fixed_punct_width_dim=\dimen163
\l__xeCJK_mixed_punct_width_dim=\dimen164
\l__xeCJK_middle_punct_width_dim=\dimen165
\l__xeCJK_fixed_margin_width_dim=\dimen166
\l__xeCJK_mixed_margin_width_dim=\dimen167
\l__xeCJK_middle_margin_width_dim=\dimen168
\l__xeCJK_bound_punct_width_dim=\dimen169
\l__xeCJK_bound_margin_width_dim=\dimen170
\l__xeCJK_margin_minimum_dim=\dimen171
\l__xeCJK_kerning_total_width_dim=\dimen172
\l__xeCJK_same_align_margin_dim=\dimen173
\l__xeCJK_different_align_margin_dim=\dimen174
\l__xeCJK_kerning_margin_width_dim=\dimen175
\l__xeCJK_kerning_margin_minimum_dim=\dimen176
\l__xeCJK_bound_dim=\dimen177
\l__xeCJK_reverse_bound_dim=\dimen178
\l__xeCJK_margin_dim=\dimen179
\l__xeCJK_minimum_bound_dim=\dimen180
\l__xeCJK_kerning_margin_dim=\dimen181
\g__xeCJK_family_int=\count277
\l__xeCJK_fam_int=\count278
\g__xeCJK_fam_allocation_int=\count279
\l__xeCJK_verb_case_int=\count280
\l__xeCJK_verb_exspace_skip=\skip57

(/usr/share/texlive/texmf-dist/tex/latex/fontspec/fontspec.sty
(/usr/share/texlive/texmf-dist/tex/latex/l3packages/xparse/xparse.sty
Package: xparse 2023-10-10 L3 Experimental document command parser
)
Package: fontspec 2022/01/15 v2.8a Font selection for XeLaTeX and LuaLaTeX

(/usr/share/texlive/texmf-dist/tex/latex/fontspec/fontspec-xetex.sty
Package: fontspec-xetex 2022/01/15 v2.8a Font selection for XeLaTeX and LuaLaTe
X
\l__fontspec_script_int=\count281
\l__fontspec_language_int=\count282
\l__fontspec_strnum_int=\count283
\l__fontspec_tmp_int=\count284
\l__fontspec_tmpa_int=\count285
\l__fontspec_tmpb_int=\count286
\l__fontspec_tmpc_int=\count287
\l__fontspec_em_int=\count288
\l__fontspec_emdef_int=\count289
\l__fontspec_strong_int=\count290
\l__fontspec_strongdef_int=\count291
\l__fontspec_tmpa_dim=\dimen182
\l__fontspec_tmpb_dim=\dimen183
\l__fontspec_tmpc_dim=\dimen184

(/usr/share/texlive/texmf-dist/tex/latex/base/fontenc.sty
Package: fontenc 2021/04/29 v2.0v Standard LaTeX package
)
(/usr/share/texlive/texmf-dist/tex/latex/fontspec/fontspec.cfg)))
(/usr/share/texlive/texmf-dist/tex/xelatex/xecjk/xeCJK.cfg
File: xeCJK.cfg 2022/08/05 v3.9.1 Configuration file for xeCJK package
)) (./cvpr.sty
(./eso-pic.sty
Package: eso-pic 2002/11/16 v1.1b eso-pic (RN)
 (./cvpr_eso.sty

LaTeX Warning: You have requested package `eso-pic',
               but the package provides `everyshi'.

Package: everyshi 2001/05/15 v3.00 EveryShipout Package (MS)
) (/usr/share/texlive/texmf-dist/tex/latex/graphics/keyval.sty
Package: keyval 2022/05/29 v1.15 key=value parser (DPC)
\KV@toks@=\toks19
))
(/usr/share/texlive/texmf-dist/tex/latex/tools/xspace.sty
Package: xspace 2014/10/28 v1.13 Space after command names (DPC,MH)
)
CVPR 8.5 x 11-Inch Proceedings Style `cvpr.sty'.
\@ctmp=\skip58
\@figindent=\skip59
\cvprrulerbox=\box56
\cvprrulercount=\count292
\cvprruleroffset=\dimen185
\cv@lineheight=\dimen186
\cv@boxheight=\dimen187
\cv@tmpbox=\box57
\cv@refno=\count293
\cv@tot=\count294
\cv@tmpc@=\count295
\cv@tmpc=\count296
) (/usr/share/texlive/texmf-dist/tex/latex/psnfss/times.sty
Package: times 2020/03/25 PSNFSS-v9.3 (SPQR) 
)
(/usr/share/texlive/texmf-dist/tex/latex/graphics/epsfig.sty
Package: epsfig 2017/06/25 v1.7b (e)psfig emulation (SPQR)

(/usr/share/texlive/texmf-dist/tex/latex/graphics/graphicx.sty
Package: graphicx 2021/09/16 v1.2d Enhanced LaTeX Graphics (DPC,SPQR)

(/usr/share/texlive/texmf-dist/tex/latex/graphics/graphics.sty
Package: graphics 2022/03/10 v1.4e Standard LaTeX Graphics (DPC,SPQR)

(/usr/share/texlive/texmf-dist/tex/latex/graphics/trig.sty
Package: trig 2021/08/11 v1.11 sin cos tan (DPC)
)
(/usr/share/texlive/texmf-dist/tex/latex/graphics-cfg/graphics.cfg
File: graphics.cfg 2016/06/04 v1.11 sample graphics configuration
)
Package graphics Info: Driver file: xetex.def on input line 107.

(/usr/share/texlive/texmf-dist/tex/latex/graphics-def/xetex.def
File: xetex.def 2022/09/22 v5.0n Graphics/color driver for xetex
))
\Gin@req@height=\dimen188
\Gin@req@width=\dimen189
)
\epsfxsize=\dimen190
\epsfysize=\dimen191
)
(/usr/share/texlive/texmf-dist/tex/latex/amsmath/amsmath.sty
Package: amsmath 2023/05/13 v2.17o AMS math features
\@mathmargin=\skip60

For additional information on amsmath, use the `?' option.
(/usr/share/texlive/texmf-dist/tex/latex/amsmath/amstext.sty
Package: amstext 2021/08/26 v2.01 AMS text

(/usr/share/texlive/texmf-dist/tex/latex/amsmath/amsgen.sty
File: amsgen.sty 1999/11/30 v2.0 generic functions
\@emptytoks=\toks20
\ex@=\dimen192
))
(/usr/share/texlive/texmf-dist/tex/latex/amsmath/amsbsy.sty
Package: amsbsy 1999/11/29 v1.2d Bold Symbols
\pmbraise@=\dimen193
)
(/usr/share/texlive/texmf-dist/tex/latex/amsmath/amsopn.sty
Package: amsopn 2022/04/08 v2.04 operator names
)
\inf@bad=\count297
LaTeX Info: Redefining \frac on input line 234.
\uproot@=\count298
\leftroot@=\count299
LaTeX Info: Redefining \overline on input line 399.
LaTeX Info: Redefining \colon on input line 410.
\classnum@=\count300
\DOTSCASE@=\count301
LaTeX Info: Redefining \ldots on input line 496.
LaTeX Info: Redefining \dots on input line 499.
LaTeX Info: Redefining \cdots on input line 620.
\Mathstrutbox@=\box58
\strutbox@=\box59
LaTeX Info: Redefining \big on input line 722.
LaTeX Info: Redefining \Big on input line 723.
LaTeX Info: Redefining \bigg on input line 724.
LaTeX Info: Redefining \Bigg on input line 725.
\big@size=\dimen194
LaTeX Font Info:    Redeclaring font encoding OML on input line 743.
LaTeX Font Info:    Redeclaring font encoding OMS on input line 744.
\macc@depth=\count302
LaTeX Info: Redefining \bmod on input line 905.
LaTeX Info: Redefining \pmod on input line 910.
LaTeX Info: Redefining \smash on input line 940.
LaTeX Info: Redefining \relbar on input line 970.
LaTeX Info: Redefining \Relbar on input line 971.
\c@MaxMatrixCols=\count303
\dotsspace@=\muskip17
\c@parentequation=\count304
\dspbrk@lvl=\count305
\tag@help=\toks21
\row@=\count306
\column@=\count307
\maxfields@=\count308
\andhelp@=\toks22
\eqnshift@=\dimen195
\alignsep@=\dimen196
\tagshift@=\dimen197
\tagwidth@=\dimen198
\totwidth@=\dimen199
\lineht@=\dimen256
\@envbody=\toks23
\multlinegap=\skip61
\multlinetaggap=\skip62
\mathdisplay@stack=\toks24
LaTeX Info: Redefining \[ on input line 2953.
LaTeX Info: Redefining \] on input line 2954.
)
(/usr/share/texlive/texmf-dist/tex/latex/amsfonts/amssymb.sty
Package: amssymb 2013/01/14 v3.01 AMS font symbols

(/usr/share/texlive/texmf-dist/tex/latex/amsfonts/amsfonts.sty
Package: amsfonts 2013/01/14 v3.01 Basic AMSFonts support
\symAMSa=\mathgroup4
\symAMSb=\mathgroup5
LaTeX Font Info:    Redeclaring math symbol \hbar on input line 98.
LaTeX Font Info:    Overwriting math alphabet `\mathfrak' in version `bold'
(Font)                  U/euf/m/n --> U/euf/b/n on input line 106.
))
(/usr/share/texlive/texmf-dist/tex/latex/url/url.sty
\Urlmuskip=\muskip18
Package: url 2013/09/16  ver 3.4  Verb mode for urls, etc.
)
(/usr/share/texlive/texmf-dist/tex/latex/hyperref/hyperref.sty
Package: hyperref 2024-01-20 v7.01h Hypertext links for LaTeX

(/usr/share/texlive/texmf-dist/tex/generic/iftex/iftex.sty
Package: iftex 2022/02/03 v1.0f TeX engine tests
)
(/usr/share/texlive/texmf-dist/tex/latex/kvsetkeys/kvsetkeys.sty
Package: kvsetkeys 2022-10-05 v1.19 Key value parser (HO)
)
(/usr/share/texlive/texmf-dist/tex/generic/kvdefinekeys/kvdefinekeys.sty
Package: kvdefinekeys 2019-12-19 v1.6 Define keys (HO)
)
(/usr/share/texlive/texmf-dist/tex/generic/pdfescape/pdfescape.sty
Package: pdfescape 2019/12/09 v1.15 Implements pdfTeX's escape features (HO)

(/usr/share/texlive/texmf-dist/tex/generic/ltxcmds/ltxcmds.sty
Package: ltxcmds 2023-12-04 v1.26 LaTeX kernel commands for general use (HO)
)
(/usr/share/texlive/texmf-dist/tex/generic/pdftexcmds/pdftexcmds.sty
Package: pdftexcmds 2020-06-27 v0.33 Utility functions of pdfTeX for LuaTeX (HO
)

(/usr/share/texlive/texmf-dist/tex/generic/infwarerr/infwarerr.sty
Package: infwarerr 2019/12/03 v1.5 Providing info/warning/error messages (HO)
)
Package pdftexcmds Info: \pdf@primitive is available.
Package pdftexcmds Info: \pdf@ifprimitive is available.
Package pdftexcmds Info: \pdfdraftmode not found.
))
(/usr/share/texlive/texmf-dist/tex/latex/hycolor/hycolor.sty
Package: hycolor 2020-01-27 v1.10 Color options for hyperref/bookmark (HO)
)
(/usr/share/texlive/texmf-dist/tex/latex/auxhook/auxhook.sty
Package: auxhook 2019-12-17 v1.6 Hooks for auxiliary files (HO)
)
(/usr/share/texlive/texmf-dist/tex/latex/hyperref/nameref.sty
Package: nameref 2023-11-26 v2.56 Cross-referencing by name of section

(/usr/share/texlive/texmf-dist/tex/latex/refcount/refcount.sty
Package: refcount 2019/12/15 v3.6 Data extraction from label references (HO)
)
(/usr/share/texlive/texmf-dist/tex/generic/gettitlestring/gettitlestring.sty
Package: gettitlestring 2019/12/15 v1.6 Cleanup title references (HO)

(/usr/share/texlive/texmf-dist/tex/latex/kvoptions/kvoptions.sty
Package: kvoptions 2022-06-15 v3.15 Key value format for package options (HO)
))
\c@section@level=\count309
)
(/usr/share/texlive/texmf-dist/tex/latex/etoolbox/etoolbox.sty
Package: etoolbox 2020/10/05 v2.5k e-TeX tools for LaTeX (JAW)
\etb@tempcnta=\count310
)
\@linkdim=\dimen257
\Hy@linkcounter=\count311
\Hy@pagecounter=\count312

(/usr/share/texlive/texmf-dist/tex/latex/hyperref/pd1enc.def
File: pd1enc.def 2024-01-20 v7.01h Hyperref: PDFDocEncoding definition (HO)
)
(/usr/share/texlive/texmf-dist/tex/generic/intcalc/intcalc.sty
Package: intcalc 2019/12/15 v1.3 Expandable calculations with integers (HO)
)
\Hy@SavedSpaceFactor=\count313

(/usr/share/texlive/texmf-dist/tex/latex/hyperref/puenc.def
File: puenc.def 2024-01-20 v7.01h Hyperref: PDF Unicode definition (HO)
)
Package hyperref Info: Option `breaklinks' set `true' on input line 4062.
Package hyperref Info: Option `bookmarks' set `false' on input line 4062.
Package hyperref Info: Hyper figures OFF on input line 4179.
Package hyperref Info: Link nesting OFF on input line 4184.
Package hyperref Info: Hyper index ON on input line 4187.
Package hyperref Info: Plain pages OFF on input line 4194.
Package hyperref Info: Backreferencing OFF on input line 4199.
Package hyperref Info: Implicit mode ON; LaTeX internals redefined.
Package hyperref Info: Bookmarks OFF on input line 4452.
\c@Hy@tempcnt=\count314
LaTeX Info: Redefining \url on input line 4784.
\XeTeXLinkMargin=\dimen258

(/usr/share/texlive/texmf-dist/tex/generic/bitset/bitset.sty
Package: bitset 2019/12/09 v1.3 Handle bit-vector datatype (HO)

(/usr/share/texlive/texmf-dist/tex/generic/bigintcalc/bigintcalc.sty
Package: bigintcalc 2019/12/15 v1.5 Expandable calculations on big integers (HO
)
))
\Fld@menulength=\count315
\Field@Width=\dimen259
\Fld@charsize=\dimen260
Package hyperref Info: Hyper figures OFF on input line 6063.
Package hyperref Info: Link nesting OFF on input line 6068.
Package hyperref Info: Hyper index ON on input line 6071.
Package hyperref Info: backreferencing OFF on input line 6078.
Package hyperref Info: Link coloring OFF on input line 6083.
Package hyperref Info: Link coloring with OCG OFF on input line 6088.
Package hyperref Info: PDF/A mode OFF on input line 6093.

(/usr/share/texlive/texmf-dist/tex/latex/base/atbegshi-ltx.sty
Package: atbegshi-ltx 2021/01/10 v1.0c Emulation of the original atbegshi
package with kernel methods
)
\Hy@abspage=\count316
\c@Item=\count317
\c@Hfootnote=\count318
)
Package hyperref Info: Driver (autodetected): hxetex.

(/usr/share/texlive/texmf-dist/tex/latex/hyperref/hxetex.def
File: hxetex.def 2024-01-20 v7.01h Hyperref driver for XeTeX

(/usr/share/texlive/texmf-dist/tex/generic/stringenc/stringenc.sty
Package: stringenc 2019/11/29 v1.12 Convert strings between diff. encodings (HO
)
)
\pdfm@box=\box60
\c@Hy@AnnotLevel=\count319
\HyField@AnnotCount=\count320
\Fld@listcount=\count321
\c@bookmark@seq@number=\count322

(/usr/share/texlive/texmf-dist/tex/latex/rerunfilecheck/rerunfilecheck.sty
Package: rerunfilecheck 2022-07-10 v1.10 Rerun checks for auxiliary files (HO)

(/usr/share/texlive/texmf-dist/tex/latex/base/atveryend-ltx.sty
Package: atveryend-ltx 2020/08/19 v1.0a Emulation of the original atveryend pac
kage
with kernel methods
)
(/usr/share/texlive/texmf-dist/tex/generic/uniquecounter/uniquecounter.sty
Package: uniquecounter 2019/12/15 v1.4 Provide unlimited unique counter (HO)
)
Package uniquecounter Info: New unique counter `rerunfilecheck' on input line 2
85.
)
\Hy@SectionHShift=\skip63
)

Package xeCJK Warning: Fandol is being set as the default font for CJK text.
(xeCJK)                Please make sure it has been properly installed.


Package fontspec Warning: Font "FandolSong-Regular" does not contain requested
(fontspec)                Script "CJK".


Package fontspec Info: Font family 'FandolSong-Regular(0)' created for font
(fontspec)             'FandolSong-Regular' with options
(fontspec)             [Script={CJK},Extension={.otf},BoldFont={FandolSong-Bold
},ItalicFont={FandolKai-Regular}].
(fontspec)              
(fontspec)              This font family consists of the following NFSS
(fontspec)             series/shapes:
(fontspec)              
(fontspec)             - 'normal' (m/n) with NFSS spec.:
(fontspec)             <->"[FandolSong-Regular.otf]/OT:language=dflt;"
(fontspec)             - 'small caps'  (m/sc) with NFSS spec.: 
(fontspec)             - 'bold' (b/n) with NFSS spec.:
(fontspec)             <->"[FandolSong-Bold.otf]/OT:language=dflt;"
(fontspec)             - 'bold small caps'  (b/sc) with NFSS spec.: 
(fontspec)             - 'italic' (m/it) with NFSS spec.:
(fontspec)             <->"[FandolKai-Regular.otf]/OT:language=dflt;"
(fontspec)             - 'italic small caps'  (m/scit) with NFSS spec.: 

LaTeX Font Info:    Trying to load font information for TU+ptm on input line 69
.
LaTeX Font Info:    No file TUptm.fd. on input line 69.

LaTeX Font Warning: Font shape `TU/ptm/m/n' undefined
(Font)              using `TU/lmr/m/n' instead on input line 69.

(./chinesetranslated.aux

LaTeX Warning: Label `fig:onecol' multiply defined.


LaTeX Warning: Label `fig:onecol' multiply defined.


LaTeX Warning: Label `fig:onecol' multiply defined.


LaTeX Warning: Label `fig:onecol' multiply defined.


LaTeX Warning: Label `fig:onecol' multiply defined.


LaTeX Warning: Label `fig:onecol' multiply defined.


LaTeX Warning: Label `fig:onecol' multiply defined.


LaTeX Warning: Label `fig:onecol' multiply defined.


LaTeX Warning: Label `fig:onecol' multiply defined.


LaTeX Warning: Label `fig:onecol' multiply defined.

)
\openout1 = `chinesetranslated.aux'.

LaTeX Font Info:    Checking defaults for OML/cmm/m/it on input line 69.
LaTeX Font Info:    ... okay on input line 69.
LaTeX Font Info:    Checking defaults for OMS/cmsy/m/n on input line 69.
LaTeX Font Info:    ... okay on input line 69.
LaTeX Font Info:    Checking defaults for OT1/cmr/m/n on input line 69.
LaTeX Font Info:    ... okay on input line 69.
LaTeX Font Info:    Checking defaults for T1/cmr/m/n on input line 69.
LaTeX Font Info:    ... okay on input line 69.
LaTeX Font Info:    Checking defaults for TS1/cmr/m/n on input line 69.
LaTeX Font Info:    Trying to load font information for TS1+cmr on input line 6
9.
 (/usr/share/texlive/texmf-dist/tex/latex/base/ts1cmr.fd
File: ts1cmr.fd 2023/04/13 v2.5m Standard LaTeX font definitions
)
LaTeX Font Info:    ... okay on input line 69.
LaTeX Font Info:    Checking defaults for TU/lmr/m/n on input line 69.
LaTeX Font Info:    ... okay on input line 69.
LaTeX Font Info:    Checking defaults for OMX/cmex/m/n on input line 69.
LaTeX Font Info:    ... okay on input line 69.
LaTeX Font Info:    Checking defaults for U/cmr/m/n on input line 69.
LaTeX Font Info:    ... okay on input line 69.
LaTeX Font Info:    Checking defaults for PD1/pdf/m/n on input line 69.
LaTeX Font Info:    ... okay on input line 69.
LaTeX Font Info:    Checking defaults for PU/pdf/m/n on input line 69.
LaTeX Font Info:    ... okay on input line 69.

Package fontspec Info: Adjusting the maths setup (use [no-math] to avoid
(fontspec)             this).

\symlegacymaths=\mathgroup6
LaTeX Font Info:    Overwriting symbol font `legacymaths' in version `bold'
(Font)                  OT1/cmr/m/n --> OT1/cmr/bx/n on input line 69.
LaTeX Font Info:    Redeclaring math accent \acute on input line 69.
LaTeX Font Info:    Redeclaring math accent \grave on input line 69.
LaTeX Font Info:    Redeclaring math accent \ddot on input line 69.
LaTeX Font Info:    Redeclaring math accent \tilde on input line 69.
LaTeX Font Info:    Redeclaring math accent \bar on input line 69.
LaTeX Font Info:    Redeclaring math accent \breve on input line 69.
LaTeX Font Info:    Redeclaring math accent \check on input line 69.
LaTeX Font Info:    Redeclaring math accent \hat on input line 69.
LaTeX Font Info:    Redeclaring math accent \dot on input line 69.
LaTeX Font Info:    Redeclaring math accent \mathring on input line 69.
LaTeX Font Info:    Redeclaring math symbol \Gamma on input line 69.
LaTeX Font Info:    Redeclaring math symbol \Delta on input line 69.
LaTeX Font Info:    Redeclaring math symbol \Theta on input line 69.
LaTeX Font Info:    Redeclaring math symbol \Lambda on input line 69.
LaTeX Font Info:    Redeclaring math symbol \Xi on input line 69.
LaTeX Font Info:    Redeclaring math symbol \Pi on input line 69.
LaTeX Font Info:    Redeclaring math symbol \Sigma on input line 69.
LaTeX Font Info:    Redeclaring math symbol \Upsilon on input line 69.
LaTeX Font Info:    Redeclaring math symbol \Phi on input line 69.
LaTeX Font Info:    Redeclaring math symbol \Psi on input line 69.
LaTeX Font Info:    Redeclaring math symbol \Omega on input line 69.
LaTeX Font Info:    Redeclaring math symbol \mathdollar on input line 69.
LaTeX Font Info:    Redeclaring symbol font `operators' on input line 69.
LaTeX Font Info:    Encoding `OT1' has changed to `TU' for symbol font
(Font)              `operators' in the math version `normal' on input line 69.
LaTeX Font Info:    Overwriting symbol font `operators' in version `normal'
(Font)                  OT1/cmr/m/n --> TU/ptm/m/n on input line 69.
LaTeX Font Info:    Encoding `OT1' has changed to `TU' for symbol font
(Font)              `operators' in the math version `bold' on input line 69.
LaTeX Font Info:    Overwriting symbol font `operators' in version `bold'
(Font)                  OT1/cmr/bx/n --> TU/ptm/m/n on input line 69.
LaTeX Font Info:    Overwriting symbol font `operators' in version `normal'
(Font)                  TU/ptm/m/n --> TU/ptm/m/n on input line 69.
LaTeX Font Info:    Overwriting math alphabet `\mathit' in version `normal'
(Font)                  OT1/cmr/m/it --> TU/ptm/m/it on input line 69.
LaTeX Font Info:    Overwriting math alphabet `\mathbf' in version `normal'
(Font)                  OT1/cmr/bx/n --> TU/ptm/b/n on input line 69.
LaTeX Font Info:    Overwriting math alphabet `\mathsf' in version `normal'
(Font)                  OT1/cmss/m/n --> TU/phv/m/n on input line 69.
LaTeX Font Info:    Overwriting math alphabet `\mathtt' in version `normal'
(Font)                  OT1/cmtt/m/n --> TU/pcr/m/n on input line 69.
LaTeX Font Info:    Overwriting symbol font `operators' in version `bold'
(Font)                  TU/ptm/m/n --> TU/ptm/b/n on input line 69.
LaTeX Font Info:    Overwriting math alphabet `\mathit' in version `bold'
(Font)                  OT1/cmr/bx/it --> TU/ptm/b/it on input line 69.
LaTeX Font Info:    Overwriting math alphabet `\mathsf' in version `bold'
(Font)                  OT1/cmss/bx/n --> TU/phv/b/n on input line 69.
LaTeX Font Info:    Overwriting math alphabet `\mathtt' in version `bold'
(Font)                  OT1/cmtt/m/n --> TU/pcr/b/n on input line 69.

ABD: EveryShipout initializing macros
(/usr/share/texlive/texmf-dist/tex/latex/graphics/color.sty
Package: color 2022/01/06 v1.3d Standard LaTeX Color (DPC)

(/usr/share/texlive/texmf-dist/tex/latex/graphics-cfg/color.cfg
File: color.cfg 2016/01/02 v1.6 sample color configuration
)
Package color Info: Driver file: xetex.def on input line 149.

(/usr/share/texlive/texmf-dist/tex/latex/graphics/mathcolor.ltx))
Package hyperref Info: Link coloring OFF on input line 69.


LaTeX Font Warning: Font shape `TU/ptm/b/n' undefined
(Font)              using `TU/ptm/m/n' instead on input line 83.

LaTeX Font Info:    Trying to load font information for U+msa on input line 83.

(/usr/share/texlive/texmf-dist/tex/latex/amsfonts/umsa.fd
File: umsa.fd 2013/01/14 v3.01 AMS symbols A
)
LaTeX Font Info:    Trying to load font information for U+msb on input line 83.


(/usr/share/texlive/texmf-dist/tex/latex/amsfonts/umsb.fd
File: umsb.fd 2013/01/14 v3.01 AMS symbols B
)

Package fontspec Warning: Font "FandolFang-Regular" does not contain requested
(fontspec)                Script "CJK".

LaTeX Font Info:    Trying to load font information for TU+pcr on input line 83
.
LaTeX Font Info:    No file TUpcr.fd. on input line 83.

LaTeX Font Warning: Font shape `TU/pcr/m/n' undefined
(Font)              using `TU/lmr/m/n' instead on input line 83.


Package fontspec Info: Font family 'FandolFang-Regular(0)' created for font
(fontspec)             'FandolFang-Regular' with options
(fontspec)             [Script={CJK},Extension={.otf}].
(fontspec)              
(fontspec)              This font family consists of the following NFSS
(fontspec)             series/shapes:
(fontspec)              
(fontspec)             - 'normal' (m/n) with NFSS spec.:
(fontspec)             <->"[FandolFang-Regular.otf]/OT:language=dflt;"
(fontspec)             - 'small caps'  (m/sc) with NFSS spec.: 


LaTeX Font Warning: Font shape `TU/ptm/m/it' undefined
(Font)              using `TU/ptm/m/n' instead on input line 85.

File: noah.jpg Graphic file (type bmp)
<noah.jpg>
[1


]
File: aquifer.jpg Graphic file (type bmp)
<aquifer.jpg>

Underfull \vbox (badness 10000) has occurred while \output is active []

 [2]
File: paleo.png Graphic file (type bmp)
<paleo.png>
File: solargeo.jpg Graphic file (type bmp)
<solargeo.jpg>
File: rotate2.png Graphic file (type bmp)
<rotate2.png>
File: bulgecrop.png Graphic file (type bmp)
<bulgecrop.png>

[3]
File: lightning.jpg Graphic file (type bmp)
<lightning.jpg>
File: vitrified.jpeg Graphic file (type bmp)
<vitrified.jpeg>

Underfull \vbox (badness 2951) has occurred while \output is active []


Underfull \vbox (badness 10000) has occurred while \output is active []

 [4]
File: sendai.png Graphic file (type bmp)
<sendai.png>
File: faraday.jpg Graphic file (type bmp)
<faraday.jpg>
File: prominence.jpeg Graphic file (type bmp)
<prominence.jpeg>

[5]

LaTeX Font Warning: Font shape `TU/ptm/b/it' undefined
(Font)              using `TU/ptm/b/n' instead on input line 318.


LaTeX Font Warning: Font shape `TU/FandolSong-Regular(0)/b/it' undefined
(Font)              using `TU/FandolSong-Regular(0)/b/n' instead on input line 
318.

[6]
File: tver.png Graphic file (type bmp)
<tver.png>
File: toropets.png Graphic file (type bmp)
<toropets.png>
File: nukes.png Graphic file (type bmp)
<nukes.png>
File: tartous.jpeg Graphic file (type bmp)
<tartous.jpeg>
File: sound.jpeg Graphic file (type bmp)
<sound.jpeg>
 [7

] [8] [9] [10] [11]
File: japan.png Graphic file (type bmp)
<japan.png>
File: tes1.jpeg Graphic file (type bmp)
<tes1.jpeg>
File: tes2.png Graphic file (type bmp)
<tes2.png>
 [12




] [13]
File: farmcrop.PNG Graphic file (type bmp)
<farmcrop.PNG>

Underfull \vbox (badness 10000) has occurred while \output is active []

 [14



]
[15]
File: flood.jpg Graphic file (type bmp)
<flood.jpg>
 [16



]
File: peaks.png Graphic file (type bmp)
<peaks.png>
 [17


] [18

] (./chinesetranslated.bbl
Underfull \hbox (badness 4353) in paragraph at lines 4--7
[]\TU/ptm/m/it/9 Seneca the younger — wikipedia, the free ency-
 []


Underfull \hbox (badness 2932) in paragraph at lines 4--7
\TU/ptm/m/it/9 clopedia.  []$[][][][][] [] [] [] [][] [] [][][][][][][][][] [] 
[][][] [] [][][][] [] [][][][][][] [] [][][] []
 []


Underfull \hbox (badness 2582) in paragraph at lines 9--13
[]\TU/ptm/m/it/9 Alchetron.  Vitrified Fort.  []$[][][][][] [] [] [] [][][][][]
[][][][] [] [][][] []
 []


Underfull \hbox (badness 2073) in paragraph at lines 21--27
[]\TU/ptm/m/it/9 Aussie17.  Japan\TU/FandolSong-Regular(0)/m/n/9 ’| \TU/ptm/m/i
t/9 s Most Senior Oncologist, Prof.
 []


Underfull \hbox (badness 1028) in paragraph at lines 29--33
[]\TU/ptm/m/it/9 Aussie17.  PharmaFiles by Aussie17.  []$[][][][][] [] [] [] []
[][] []
 []


Underfull \hbox (badness 10000) in paragraph at lines 58--64
[][][][][] [] [][][] [][] [][][] [][] [][][][][][][][][] [][] [][][][][][][][][
] [][] [][][][][][][][] [][] [][][][] [][] [][][] [][]
 []


Underfull \hbox (badness 10000) in paragraph at lines 74--81
[]\TU/ptm/m/it/9 David Icke.  Directed Energy Weapons Capa-
 []


Underfull \hbox (badness 10000) in paragraph at lines 74--81
\TU/ptm/m/it/9 ble of Causing Earthquakes Hidden in Antarc-
 []


Underfull \hbox (badness 10000) in paragraph at lines 74--81
\TU/ptm/m/it/9 tica, Claims Raytheon Whistleblower.  []$[][][][][] []
 []


Underfull \hbox (badness 10000) in paragraph at lines 74--81
[] [] [][][][][][][][][] [] [][][] [] [][][][] [] [][] [] [][] [] [][][][][][][
][] [][] [][][][][][] [][] [][][][][][][] [][]
 []


Underfull \hbox (badness 10000) in paragraph at lines 74--81
[][][][][][][] [][] [][] [][] [][][][][][][] [][] [][][][][][][][][][][] [][] [
][][][][][] [][] [][] [][] [][][][][][][][][][] [][]
 []


Underfull \hbox (badness 1521) in paragraph at lines 74--81
[][][][][][] [][] [][][][][][][][] [][] [][][][][][][][][][][][][][]$[]\TU/ptm/
m/it/9 , Nov. 2023.  [Online;
 []


Underfull \hbox (badness 10000) in paragraph at lines 97--102
[][][][][][] [] [][] [] [][][][][][][][] [] [][][][] [] [][][][] [] [][][][][][
][][][] [] [] [][] [][] [] [][] [] [] [][]
 []


Underfull \hbox (badness 10000) in paragraph at lines 104--110
[][][][][][][] [][] [][][][][] [] [][][][][][][] [][] [][][][] [][] [][][] [][]
 [][][] [][] [][][][] [][] [][][][][][] [][] [][][][] [][]
 []


Underfull \hbox (badness 10000) in paragraph at lines 119--125
\TU/ptm/m/it/9 Time.  []$[][][][][] [] [] [] [][][][][][][][][][][][][][][][] [
] [][][] [] [][][][][][][][] [] [][][][][][] [][]
 []


Underfull \hbox (badness 3291) in paragraph at lines 119--125
[][][][][][][][] [][] [][][][][] [][] [][][][][][][] [][] [][][][][][][] [][] [
][][][][]$[]\TU/ptm/m/it/9 , 2020.  Online
 []


Underfull \hbox (badness 10000) in paragraph at lines 135--141
[] [] [][][] [] [][][][] [] [][][] [] [][][][] [] [][][][][][][][][][] [] [][][
][] [] [][] [] [][][][][][] [][] [][] [][]
 []


Underfull \hbox (badness 7133) in paragraph at lines 149--152
[]\TU/ptm/m/it/9 Junho.  Ecdo github research repository, 2024.
 []


Underfull \hbox (badness 1210) in paragraph at lines 159--165
\TU/ptm/m/it/9 of birth defects.  KFF News Summary, Jan. 2012.
 []


Underfull \hbox (badness 10000) in paragraph at lines 159--165
[]$[][][][][] [] [] [] [][][] [] [][][] [] [][][] [] [][][][] [][] [][][][][][]
[] [] [][][][][][][][] [][] [][][][][][][] [][]
 []


Underfull \hbox (badness 10000) in paragraph at lines 159--165
[][][] [][] [][][][][][][][][] [][] [][][][] [][] [] [][] [] [][] [][][][][][][
] [][] [][] [][] [][][][][] [][] [][][] [][] [][][][] [][]
 []


Underfull \hbox (badness 10000) in paragraph at lines 167--173
[]\TU/ptm/m/it/9 Lioness of Judah.  GENOCIDE CONFIRMED:
 []


Underfull \hbox (badness 6708) in paragraph at lines 167--173
\TU/ptm/m/it/9 Japan Admits Covid Shots Killed Over 600,000.
 []


Underfull \hbox (badness 10000) in paragraph at lines 167--173
[]$[][][][][] [] [] [] [][][][][][][][][][][][][][] [] [][][][][][][][] [] [][]
[] [] [] [] [][][][][][][][] [][]
 []


Underfull \hbox (badness 4060) in paragraph at lines 167--173
[][][][][][][][][] [][] [][][][][] [][] [][][][][][] [][] [][][][][]$[]\TU/ptm/
m/it/9 , July 2025.  [Online;
 []


Underfull \hbox (badness 6775) in paragraph at lines 200--206
\TU/FandolSong-Regular(0)/m/n/9 …| ”| —| \TU/ptm/m/it/9 Prof. Fukushima on mRNA
 vaccine biodis-
 []


Underfull \hbox (badness 10000) in paragraph at lines 200--206
\TU/ptm/m/it/9 tribution.  []$[][][][][] [] [] [] [] [] [][][] [] [][][][][][][
][] [] [][][][] [] [][][][][][] []
 []


Underfull \hbox (badness 1354) in paragraph at lines 200--206
[][][][][][][][][][][][][][][][][][][]$[]\TU/ptm/m/it/9 , July 2025.  [Online; 
accessed
 []


Underfull \hbox (badness 2269) in paragraph at lines 214--219
[]\TU/ptm/m/it/9 Peaklist.  Orometry I.  []$[][][][] [] [] [] [][][][][][][][] 
[] [][][] [] [][][][][][] []
 []

[19


]
Underfull \hbox (badness 1642) in paragraph at lines 226--232
\TU/ptm/m/it/9 tality Spike.  []$[][][][][] [] [] [] [][][][][][][][][][][][][]
[] [] [][][][][][][][] [] [][][] [] [] []
 []


Underfull \hbox (badness 2343) in paragraph at lines 234--241
[]\TU/ptm/m/it/9 Philip Patrick.   |\TU/FandolSong-Regular(0)/m/n/9 “\TU/ptm/m/
it/9 Unprecedented Vaccine Disaster\TU/FandolSong-Regular(0)/m/n/9 ”|
 []


Underfull \hbox (badness 10000) in paragraph at lines 234--241
[]$[][][][][] [] [] [] [][][][][][][][][][][][] [] [][][] [] [][][][] [] [][] [
] [][] [] [][][][][][][][][][][][][] [][]
 []


Underfull \hbox (badness 10000) in paragraph at lines 234--241
[][][][][][][] [][] [][][][][][][][] [][] [][] [][] [][][][][][][][][] [][] [][
][][] [][] [][][][][][][][][] [][] [][][][][][][][] [][]
 []


Underfull \hbox (badness 10000) in paragraph at lines 275--282
[][][] [][] [][][][] [][] [][][] [][] [][][][][][][][][][][] [][] [][][][][][][
] [][] [][][][][][] [][] [][][][] [][] [][][] [][]
 []


Underfull \hbox (badness 3849) in paragraph at lines 288--293
\TU/ptm/m/it/9 pling  |\TU/FandolSong-Regular(0)/m/n/9 –| \TU/ptm/m/it/9 dzhani
bekov oscillation (ecdo) theory, 2024.
 []


Underfull \hbox (badness 10000) in paragraph at lines 288--293
\TU/ptm/m/it/9 https://theethicalskeptic.com/2024/05/23/master-
 []


Underfull \hbox (badness 10000) in paragraph at lines 288--293
\TU/ptm/m/it/9 exothermic-core-mantle-decoupling-dzhanibekov-
 []


Underfull \hbox (badness 1681) in paragraph at lines 295--301
[]\TU/ptm/m/it/9 sovrynn.  aztec1.jpeg.  []$[][][][][] [] [] [] [][][][][][] []
 [][][] [] [][][][][][][] []
 []


Underfull \hbox (badness 10000) in paragraph at lines 295--301
[][][][] [] [][][][] [] [][][][][][] [] [] [][] [][][][][][][][][][] [][] [][][
][][] [] [] [][]
 []


Underfull \hbox (badness 1248) in paragraph at lines 295--301
[][][][][][][][] [] [][][] [] [][][][][][] [] [][][][]$[]\TU/ptm/m/it/9 , 2025.
  Accessed: 2025-07-
 []


Underfull \hbox (badness 10000) in paragraph at lines 303--309
[]\TU/ptm/m/it/9 sovrynn.  Cataclysm chronology: Asia/china.
 []


Underfull \hbox (badness 10000) in paragraph at lines 303--309
[]$[][][][][] [] [] [] [][][][][][] [] [][][] [] [][][][][][][] [] [][][][] [] 
[][][][] [] [][][][][][] [] [] [][]
 []


Underfull \hbox (badness 10000) in paragraph at lines 303--309
[][][][][][][][] [] [][][][][][][][][] [][] [][][][][][][][][][] [] [][][][] []
 [][][][][]$[]\TU/ptm/m/it/9 , 2025.
 []


Underfull \hbox (badness 6493) in paragraph at lines 311--317
[]\TU/ptm/m/it/9 Sovrynn.  cirnosad.  GitHub repository, direc-
 []


Underfull \hbox (badness 3884) in paragraph at lines 311--317
\TU/ptm/m/it/9 tory under ecdo/6-LITERATURE-MEDIA/1-cirnosad,
 []


Underfull \hbox (badness 1308) in paragraph at lines 319--325
[]\TU/ptm/m/it/9 sovrynn.  ecdo: cataclysm‑chronology/europe (direc-
 []


Underfull \hbox (badness 10000) in paragraph at lines 319--325
[][][][][][][][] [] [][][][][][][][][] [][] [][][][][][][][][][] [] [][][][][][
]$[]\TU/ptm/m/it/9 , 2025.
 []


Underfull \hbox (badness 10000) in paragraph at lines 327--333
[][][] [] [][][][][][][] [] [][][][] [] [][][][] [] [][][][][][] [] [] [][] [][
][][][][][][][][] [][]
 []


Underfull \hbox (badness 2261) in paragraph at lines 341--347
[]\TU/ptm/m/it/9 sovrynn.  Geomagnetic Dipole Strength.  []$[][][][][] [] [] []

 []


Underfull \hbox (badness 10000) in paragraph at lines 341--347
[][][][][][] [] [][][] [] [][][][][][][] [] [][][][] [] [][][][] [] [][][][][][
] [] [] [][] [][][][][][][][] [] [] [][]
 []


Underfull \hbox (badness 10000) in paragraph at lines 341--347
[][][][][][][] [][] [][][][][][][] [][] [][][][][][][][][] [] [] [][] [][][][][
][][][][][][] []
 []


Underfull \hbox (badness 1253) in paragraph at lines 354--360
\TU/ptm/m/it/9 using a new uranium weapon  |\TU/FandolSong-Regular(0)/m/n/9 –| 
\TU/ptm/m/it/9 make that the neu-
 []


Underfull \hbox (badness 10000) in paragraph at lines 354--360
[]$[][][][][] [] [] [] [][][] [] [][][][][][][][][][][][][][][][][][] [] [][][]
 [] [][][][] [] [][] [] [][] [] [][][] [][]
 []


Underfull \hbox (badness 10000) in paragraph at lines 354--360
[][][][][][][][] [][] [][][][] [][] [][][][][][] [][] [][] [][] [][][][][] [][]
 [] [][] [][][] [][] [][][][][][][] [][] [][][][][][] [][]
 []


Underfull \hbox (badness 5331) in paragraph at lines 377--384
[]\TU/ptm/m/it/9 The Exposé.  Dr. Mike Yeadon: The COVID
 []


Underfull \hbox (badness 10000) in paragraph at lines 377--384
|\TU/FandolSong-Regular(0)/m/n/9 “\TU/ptm/m/it/9 vaccines\TU/FandolSong-Regular
(0)/m/n/9 ”| \TU/ptm/m/it/9 were intentionally designed to harm.
 []


Underfull \hbox (badness 10000) in paragraph at lines 377--384
[]$[][][][][] [] [] [] [][][][][][] [][] [][][][] [] [][][] [] [][][][] [] [][]
 [] [][] [] [][][][][] [][] [][][][][][][][] [][]
 []


Underfull \hbox (badness 5022) in paragraph at lines 416--420
[]\TU/ptm/m/it/9 Worldometer.  World Population.  []$[][][][][] [] [] [] [][][]
 []
 []

) [20] (./chinesetranslated.aux)
 ***********
LaTeX2e <2023-11-01> patch level 1
L3 programming layer <2022/08/05>
 ***********


LaTeX Font Warning: Some font shapes were not available, defaults substituted.


LaTeX Warning: There were multiply-defined labels.

 ) 
Here is how much of TeX's memory you used:
 15321 strings out of 475702
 367374 string characters out of 5785445
 1979627 words of memory out of 5000000
 37044 multiletter control sequences out of 15000+600000
 568929 words of font info for 100 fonts, out of 8000000 for 9000
 932 hyphenation exceptions out of 8191
 74i,9n,81p,847b,528s stack positions out of 10000i,1000n,20000p,200000b,200000s

Output written on chinesetranslated.pdf (20 pages).
