This is pdfTeX, Version 3.141592653-2.6-1.40.25 (TeX Live 2023/Debian) (preloaded format=pdflatex 2025.6.27)  21 JUL 2025 14:41
entering extended mode
 restricted \write18 enabled.
 %&-line parsing enabled.
**english-no-list.tex
(./english-no-list.tex
LaTeX2e <2023-11-01> patch level 1
L3 programming layer <2024-01-22>
(/usr/share/texlive/texmf-dist/tex/latex/base/article.cls
Document Class: article 2023/05/17 v1.4n Standard LaTeX document class
(/usr/share/texlive/texmf-dist/tex/latex/base/size10.clo
File: size10.clo 2023/05/17 v1.4n Standard LaTeX file (size option)
)
\c@part=\count187
\c@section=\count188
\c@subsection=\count189
\c@subsubsection=\count190
\c@paragraph=\count191
\c@subparagraph=\count192
\c@figure=\count193
\c@table=\count194
\abovecaptionskip=\skip48
\belowcaptionskip=\skip49
\bibindent=\dimen140
)
(/usr/share/texlive/texmf-dist/tex/latex/booktabs/booktabs.sty
Package: booktabs 2020/01/12 v1.61803398 Publication quality tables
\heavyrulewidth=\dimen141
\lightrulewidth=\dimen142
\cmidrulewidth=\dimen143
\belowrulesep=\dimen144
\belowbottomsep=\dimen145
\aboverulesep=\dimen146
\abovetopsep=\dimen147
\cmidrulesep=\dimen148
\cmidrulekern=\dimen149
\defaultaddspace=\dimen150
\@cmidla=\count195
\@cmidlb=\count196
\@aboverulesep=\dimen151
\@belowrulesep=\dimen152
\@thisruleclass=\count197
\@lastruleclass=\count198
\@thisrulewidth=\dimen153
)
(/usr/share/texlive/texmf-dist/tex/latex/sttools/stfloats.sty
Package: stfloats 2017/03/27 v3.3 Improve float mechanism and baselineskip sett
ings
\@dblbotnum=\count199
\c@dblbotnumber=\count266
)
(/usr/share/texlive/texmf-dist/tex/latex/float/float.sty
Package: float 2001/11/08 v1.3d Float enhancements (AL)
\c@float@type=\count267
\float@exts=\toks17
\float@box=\box51
\@float@everytoks=\toks18
\@floatcapt=\box52
) (./cvpr.sty
(./eso-pic.sty
Package: eso-pic 2002/11/16 v1.1b eso-pic (RN)
 (./cvpr_eso.sty

LaTeX Warning: You have requested package `eso-pic',
               but the package provides `everyshi'.

Package: everyshi 2001/05/15 v3.00 EveryShipout Package (MS)
) (/usr/share/texlive/texmf-dist/tex/latex/graphics/keyval.sty
Package: keyval 2022/05/29 v1.15 key=value parser (DPC)
\KV@toks@=\toks19
))
(/usr/share/texlive/texmf-dist/tex/latex/tools/xspace.sty
Package: xspace 2014/10/28 v1.13 Space after command names (DPC,MH)
)
CVPR 8.5 x 11-Inch Proceedings Style `cvpr.sty'.
\@ctmp=\skip50
\@figindent=\skip51
\cvprrulerbox=\box53
\cvprrulercount=\count268
\cvprruleroffset=\dimen154
\cv@lineheight=\dimen155
\cv@boxheight=\dimen156
\cv@tmpbox=\box54
\cv@refno=\count269
\cv@tot=\count270
\cv@tmpc@=\count271
\cv@tmpc=\count272
) (/usr/share/texlive/texmf-dist/tex/latex/psnfss/times.sty
Package: times 2020/03/25 PSNFSS-v9.3 (SPQR) 
)
(/usr/share/texlive/texmf-dist/tex/latex/graphics/epsfig.sty
Package: epsfig 2017/06/25 v1.7b (e)psfig emulation (SPQR)

(/usr/share/texlive/texmf-dist/tex/latex/graphics/graphicx.sty
Package: graphicx 2021/09/16 v1.2d Enhanced LaTeX Graphics (DPC,SPQR)

(/usr/share/texlive/texmf-dist/tex/latex/graphics/graphics.sty
Package: graphics 2022/03/10 v1.4e Standard LaTeX Graphics (DPC,SPQR)

(/usr/share/texlive/texmf-dist/tex/latex/graphics/trig.sty
Package: trig 2021/08/11 v1.11 sin cos tan (DPC)
)
(/usr/share/texlive/texmf-dist/tex/latex/graphics-cfg/graphics.cfg
File: graphics.cfg 2016/06/04 v1.11 sample graphics configuration
)
Package graphics Info: Driver file: pdftex.def on input line 107.

(/usr/share/texlive/texmf-dist/tex/latex/graphics-def/pdftex.def
File: pdftex.def 2022/09/22 v1.2b Graphics/color driver for pdftex
))
\Gin@req@height=\dimen157
\Gin@req@width=\dimen158
)
\epsfxsize=\dimen159
\epsfysize=\dimen160
)
(/usr/share/texlive/texmf-dist/tex/latex/amsmath/amsmath.sty
Package: amsmath 2023/05/13 v2.17o AMS math features
\@mathmargin=\skip52

For additional information on amsmath, use the `?' option.
(/usr/share/texlive/texmf-dist/tex/latex/amsmath/amstext.sty
Package: amstext 2021/08/26 v2.01 AMS text

(/usr/share/texlive/texmf-dist/tex/latex/amsmath/amsgen.sty
File: amsgen.sty 1999/11/30 v2.0 generic functions
\@emptytoks=\toks20
\ex@=\dimen161
))
(/usr/share/texlive/texmf-dist/tex/latex/amsmath/amsbsy.sty
Package: amsbsy 1999/11/29 v1.2d Bold Symbols
\pmbraise@=\dimen162
)
(/usr/share/texlive/texmf-dist/tex/latex/amsmath/amsopn.sty
Package: amsopn 2022/04/08 v2.04 operator names
)
\inf@bad=\count273
LaTeX Info: Redefining \frac on input line 234.
\uproot@=\count274
\leftroot@=\count275
LaTeX Info: Redefining \overline on input line 399.
LaTeX Info: Redefining \colon on input line 410.
\classnum@=\count276
\DOTSCASE@=\count277
LaTeX Info: Redefining \ldots on input line 496.
LaTeX Info: Redefining \dots on input line 499.
LaTeX Info: Redefining \cdots on input line 620.
\Mathstrutbox@=\box55
\strutbox@=\box56
LaTeX Info: Redefining \big on input line 722.
LaTeX Info: Redefining \Big on input line 723.
LaTeX Info: Redefining \bigg on input line 724.
LaTeX Info: Redefining \Bigg on input line 725.
\big@size=\dimen163
LaTeX Font Info:    Redeclaring font encoding OML on input line 743.
LaTeX Font Info:    Redeclaring font encoding OMS on input line 744.
\macc@depth=\count278
LaTeX Info: Redefining \bmod on input line 905.
LaTeX Info: Redefining \pmod on input line 910.
LaTeX Info: Redefining \smash on input line 940.
LaTeX Info: Redefining \relbar on input line 970.
LaTeX Info: Redefining \Relbar on input line 971.
\c@MaxMatrixCols=\count279
\dotsspace@=\muskip16
\c@parentequation=\count280
\dspbrk@lvl=\count281
\tag@help=\toks21
\row@=\count282
\column@=\count283
\maxfields@=\count284
\andhelp@=\toks22
\eqnshift@=\dimen164
\alignsep@=\dimen165
\tagshift@=\dimen166
\tagwidth@=\dimen167
\totwidth@=\dimen168
\lineht@=\dimen169
\@envbody=\toks23
\multlinegap=\skip53
\multlinetaggap=\skip54
\mathdisplay@stack=\toks24
LaTeX Info: Redefining \[ on input line 2953.
LaTeX Info: Redefining \] on input line 2954.
)
(/usr/share/texlive/texmf-dist/tex/latex/amsfonts/amssymb.sty
Package: amssymb 2013/01/14 v3.01 AMS font symbols

(/usr/share/texlive/texmf-dist/tex/latex/amsfonts/amsfonts.sty
Package: amsfonts 2013/01/14 v3.01 Basic AMSFonts support
\symAMSa=\mathgroup4
\symAMSb=\mathgroup5
LaTeX Font Info:    Redeclaring math symbol \hbar on input line 98.
LaTeX Font Info:    Overwriting math alphabet `\mathfrak' in version `bold'
(Font)                  U/euf/m/n --> U/euf/b/n on input line 106.
))
(/usr/share/texlive/texmf-dist/tex/latex/url/url.sty
\Urlmuskip=\muskip17
Package: url 2013/09/16  ver 3.4  Verb mode for urls, etc.
)
(/usr/share/texlive/texmf-dist/tex/latex/hyperref/hyperref.sty
Package: hyperref 2024-01-20 v7.01h Hypertext links for LaTeX

(/usr/share/texlive/texmf-dist/tex/generic/iftex/iftex.sty
Package: iftex 2022/02/03 v1.0f TeX engine tests
)
(/usr/share/texlive/texmf-dist/tex/latex/kvsetkeys/kvsetkeys.sty
Package: kvsetkeys 2022-10-05 v1.19 Key value parser (HO)
)
(/usr/share/texlive/texmf-dist/tex/generic/kvdefinekeys/kvdefinekeys.sty
Package: kvdefinekeys 2019-12-19 v1.6 Define keys (HO)
)
(/usr/share/texlive/texmf-dist/tex/generic/pdfescape/pdfescape.sty
Package: pdfescape 2019/12/09 v1.15 Implements pdfTeX's escape features (HO)

(/usr/share/texlive/texmf-dist/tex/generic/ltxcmds/ltxcmds.sty
Package: ltxcmds 2023-12-04 v1.26 LaTeX kernel commands for general use (HO)
)
(/usr/share/texlive/texmf-dist/tex/generic/pdftexcmds/pdftexcmds.sty
Package: pdftexcmds 2020-06-27 v0.33 Utility functions of pdfTeX for LuaTeX (HO
)

(/usr/share/texlive/texmf-dist/tex/generic/infwarerr/infwarerr.sty
Package: infwarerr 2019/12/03 v1.5 Providing info/warning/error messages (HO)
)
Package pdftexcmds Info: \pdf@primitive is available.
Package pdftexcmds Info: \pdf@ifprimitive is available.
Package pdftexcmds Info: \pdfdraftmode found.
))
(/usr/share/texlive/texmf-dist/tex/latex/hycolor/hycolor.sty
Package: hycolor 2020-01-27 v1.10 Color options for hyperref/bookmark (HO)
)
(/usr/share/texlive/texmf-dist/tex/latex/auxhook/auxhook.sty
Package: auxhook 2019-12-17 v1.6 Hooks for auxiliary files (HO)
)
(/usr/share/texlive/texmf-dist/tex/latex/hyperref/nameref.sty
Package: nameref 2023-11-26 v2.56 Cross-referencing by name of section

(/usr/share/texlive/texmf-dist/tex/latex/refcount/refcount.sty
Package: refcount 2019/12/15 v3.6 Data extraction from label references (HO)
)
(/usr/share/texlive/texmf-dist/tex/generic/gettitlestring/gettitlestring.sty
Package: gettitlestring 2019/12/15 v1.6 Cleanup title references (HO)

(/usr/share/texlive/texmf-dist/tex/latex/kvoptions/kvoptions.sty
Package: kvoptions 2022-06-15 v3.15 Key value format for package options (HO)
))
\c@section@level=\count285
)
(/usr/share/texlive/texmf-dist/tex/latex/etoolbox/etoolbox.sty
Package: etoolbox 2020/10/05 v2.5k e-TeX tools for LaTeX (JAW)
\etb@tempcnta=\count286
)
\@linkdim=\dimen170
\Hy@linkcounter=\count287
\Hy@pagecounter=\count288

(/usr/share/texlive/texmf-dist/tex/latex/hyperref/pd1enc.def
File: pd1enc.def 2024-01-20 v7.01h Hyperref: PDFDocEncoding definition (HO)
Now handling font encoding PD1 ...
... no UTF-8 mapping file for font encoding PD1
)
(/usr/share/texlive/texmf-dist/tex/generic/intcalc/intcalc.sty
Package: intcalc 2019/12/15 v1.3 Expandable calculations with integers (HO)
)
\Hy@SavedSpaceFactor=\count289

(/usr/share/texlive/texmf-dist/tex/latex/hyperref/puenc.def
File: puenc.def 2024-01-20 v7.01h Hyperref: PDF Unicode definition (HO)
Now handling font encoding PU ...
... no UTF-8 mapping file for font encoding PU
)
Package hyperref Info: Option `breaklinks' set `true' on input line 4062.
Package hyperref Info: Option `bookmarks' set `false' on input line 4062.
Package hyperref Info: Hyper figures OFF on input line 4179.
Package hyperref Info: Link nesting OFF on input line 4184.
Package hyperref Info: Hyper index ON on input line 4187.
Package hyperref Info: Plain pages OFF on input line 4194.
Package hyperref Info: Backreferencing OFF on input line 4199.
Package hyperref Info: Implicit mode ON; LaTeX internals redefined.
Package hyperref Info: Bookmarks OFF on input line 4452.
\c@Hy@tempcnt=\count290
LaTeX Info: Redefining \url on input line 4784.
\XeTeXLinkMargin=\dimen171

(/usr/share/texlive/texmf-dist/tex/generic/bitset/bitset.sty
Package: bitset 2019/12/09 v1.3 Handle bit-vector datatype (HO)

(/usr/share/texlive/texmf-dist/tex/generic/bigintcalc/bigintcalc.sty
Package: bigintcalc 2019/12/15 v1.5 Expandable calculations on big integers (HO
)
))
\Fld@menulength=\count291
\Field@Width=\dimen172
\Fld@charsize=\dimen173
Package hyperref Info: Hyper figures OFF on input line 6063.
Package hyperref Info: Link nesting OFF on input line 6068.
Package hyperref Info: Hyper index ON on input line 6071.
Package hyperref Info: backreferencing OFF on input line 6078.
Package hyperref Info: Link coloring OFF on input line 6083.
Package hyperref Info: Link coloring with OCG OFF on input line 6088.
Package hyperref Info: PDF/A mode OFF on input line 6093.

(/usr/share/texlive/texmf-dist/tex/latex/base/atbegshi-ltx.sty
Package: atbegshi-ltx 2021/01/10 v1.0c Emulation of the original atbegshi
package with kernel methods
)
\Hy@abspage=\count292
\c@Item=\count293
\c@Hfootnote=\count294
)
Package hyperref Info: Driver (autodetected): hpdftex.

(/usr/share/texlive/texmf-dist/tex/latex/hyperref/hpdftex.def
File: hpdftex.def 2024-01-20 v7.01h Hyperref driver for pdfTeX

(/usr/share/texlive/texmf-dist/tex/latex/base/atveryend-ltx.sty
Package: atveryend-ltx 2020/08/19 v1.0a Emulation of the original atveryend pac
kage
with kernel methods
)
\Fld@listcount=\count295
\c@bookmark@seq@number=\count296

(/usr/share/texlive/texmf-dist/tex/latex/rerunfilecheck/rerunfilecheck.sty
Package: rerunfilecheck 2022-07-10 v1.10 Rerun checks for auxiliary files (HO)

(/usr/share/texlive/texmf-dist/tex/generic/uniquecounter/uniquecounter.sty
Package: uniquecounter 2019/12/15 v1.4 Provide unlimited unique counter (HO)
)
Package uniquecounter Info: New unique counter `rerunfilecheck' on input line 2
85.
)
\Hy@SectionHShift=\skip55
)
LaTeX Font Info:    Trying to load font information for OT1+ptm on input line 3
3.

(/usr/share/texlive/texmf-dist/tex/latex/psnfss/ot1ptm.fd
File: ot1ptm.fd 2001/06/04 font definitions for OT1/ptm.
)
(/usr/share/texlive/texmf-dist/tex/latex/l3backend/l3backend-pdftex.def
File: l3backend-pdftex.def 2024-01-04 L3 backend support: PDF output (pdfTeX)
\l__color_backend_stack_int=\count297
\l__pdf_internal_box=\box57
)
(./english-no-list.aux

LaTeX Warning: Label `fig:onecol' multiply defined.


LaTeX Warning: Label `fig:onecol' multiply defined.


LaTeX Warning: Label `fig:onecol' multiply defined.


LaTeX Warning: Label `fig:onecol' multiply defined.


LaTeX Warning: Label `fig:onecol' multiply defined.


LaTeX Warning: Label `fig:onecol' multiply defined.


LaTeX Warning: Label `fig:onecol' multiply defined.


LaTeX Warning: Label `fig:onecol' multiply defined.


LaTeX Warning: Label `fig:onecol' multiply defined.


LaTeX Warning: Label `fig:onecol' multiply defined.

)
\openout1 = `english-no-list.aux'.

LaTeX Font Info:    Checking defaults for OML/cmm/m/it on input line 33.
LaTeX Font Info:    ... okay on input line 33.
LaTeX Font Info:    Checking defaults for OMS/cmsy/m/n on input line 33.
LaTeX Font Info:    ... okay on input line 33.
LaTeX Font Info:    Checking defaults for OT1/cmr/m/n on input line 33.
LaTeX Font Info:    ... okay on input line 33.
LaTeX Font Info:    Checking defaults for T1/cmr/m/n on input line 33.
LaTeX Font Info:    ... okay on input line 33.
LaTeX Font Info:    Checking defaults for TS1/cmr/m/n on input line 33.
LaTeX Font Info:    ... okay on input line 33.
LaTeX Font Info:    Checking defaults for OMX/cmex/m/n on input line 33.
LaTeX Font Info:    ... okay on input line 33.
LaTeX Font Info:    Checking defaults for U/cmr/m/n on input line 33.
LaTeX Font Info:    ... okay on input line 33.
LaTeX Font Info:    Checking defaults for PD1/pdf/m/n on input line 33.
LaTeX Font Info:    ... okay on input line 33.
LaTeX Font Info:    Checking defaults for PU/pdf/m/n on input line 33.
LaTeX Font Info:    ... okay on input line 33.
 ABD: EveryShipout initializing macros
(/usr/share/texlive/texmf-dist/tex/latex/graphics/color.sty
Package: color 2022/01/06 v1.3d Standard LaTeX Color (DPC)

(/usr/share/texlive/texmf-dist/tex/latex/graphics-cfg/color.cfg
File: color.cfg 2016/01/02 v1.6 sample color configuration
)
Package color Info: Driver file: pdftex.def on input line 149.

(/usr/share/texlive/texmf-dist/tex/latex/graphics/mathcolor.ltx))
(/usr/share/texlive/texmf-dist/tex/context/base/mkii/supp-pdf.mkii
[Loading MPS to PDF converter (version 2006.09.02).]
\scratchcounter=\count298
\scratchdimen=\dimen174
\scratchbox=\box58
\nofMPsegments=\count299
\nofMParguments=\count300
\everyMPshowfont=\toks25
\MPscratchCnt=\count301
\MPscratchDim=\dimen175
\MPnumerator=\count302
\makeMPintoPDFobject=\count303
\everyMPtoPDFconversion=\toks26
) (/usr/share/texlive/texmf-dist/tex/latex/epstopdf-pkg/epstopdf-base.sty
Package: epstopdf-base 2020-01-24 v2.11 Base part for package epstopdf
Package epstopdf-base Info: Redefining graphics rule for `.eps' on input line 4
85.

(/usr/share/texlive/texmf-dist/tex/latex/latexconfig/epstopdf-sys.cfg
File: epstopdf-sys.cfg 2010/07/13 v1.3 Configuration of (r)epstopdf for TeX Liv
e
))
Package hyperref Info: Link coloring OFF on input line 33.
LaTeX Font Info:    Trying to load font information for U+msa on input line 47.


(/usr/share/texlive/texmf-dist/tex/latex/amsfonts/umsa.fd
File: umsa.fd 2013/01/14 v3.01 AMS symbols A
)
LaTeX Font Info:    Trying to load font information for U+msb on input line 47.


(/usr/share/texlive/texmf-dist/tex/latex/amsfonts/umsb.fd
File: umsb.fd 2013/01/14 v3.01 AMS symbols B
)
LaTeX Font Info:    Trying to load font information for OT1+pcr on input line 4
7.

(/usr/share/texlive/texmf-dist/tex/latex/psnfss/ot1pcr.fd
File: ot1pcr.fd 2001/06/04 font definitions for OT1/pcr.
)
<noah.jpg, id=11, 722.7pt x 481.8pt>
File: noah.jpg Graphic file (type jpg)
<use noah.jpg>
Package pdftex.def Info: noah.jpg  used on input line 71.
(pdftex.def)             Requested size: 251.5897pt x 167.72826pt.

Underfull \hbox (badness 2245) in paragraph at lines 92--93
\OT1/ptm/m/n/10 lit-i-cal risks for civil-ians due to hu-man-ity's government-
 []

[1{/var/lib/texmf/fonts/map/pdftex/updmap/pdftex.map}{/usr/share/texlive/texmf-
dist/fonts/enc/dvips/base/8r.enc}


 <./noah.jpg>]
<aquifer.jpg, id=45, 767.86874pt x 1037.8775pt>
File: aquifer.jpg Graphic file (type jpg)
<use aquifer.jpg>
Package pdftex.def Info: aquifer.jpg  used on input line 138.
(pdftex.def)             Requested size: 251.5897pt x 340.04594pt.

Underfull \vbox (badness 5388) has occurred while \output is active []

 [2 <./aquifer.jpg>]
<paleo.png, id=64, 532.99126pt x 508.90125pt>
File: paleo.png Graphic file (type png)
<use paleo.png>
Package pdftex.def Info: paleo.png  used on input line 155.
(pdftex.def)             Requested size: 251.5897pt x 240.21638pt.
<solargeo.jpg, id=68, 903.375pt x 457.71pt>
File: solargeo.jpg Graphic file (type jpg)
<use solargeo.jpg>
Package pdftex.def Info: solargeo.jpg  used on input line 166.
(pdftex.def)             Requested size: 251.5897pt x 127.47348pt.
 [3 <./paleo.png> <./solargeo.jpg>]
<rotate2.png, id=97, 1445.4pt x 813.0375pt>
File: rotate2.png Graphic file (type png)
<use rotate2.png>
Package pdftex.def Info: rotate2.png  used on input line 183.
(pdftex.def)             Requested size: 473.1842pt x 266.16939pt.
<bulgecrop.png, id=99, 828.09375pt x 787.94376pt>
File: bulgecrop.png Graphic file (type png)
<use bulgecrop.png>
Package pdftex.def Info: bulgecrop.png  used on input line 191.
(pdftex.def)             Requested size: 251.5897pt x 239.3907pt.

Underfull \vbox (badness 3019) has occurred while \output is active []

 [4 <./rotate2.png> <./bulgecrop.png>]
<lightning.jpg, id=117, 642.4pt x 410.53375pt>
File: lightning.jpg Graphic file (type jpg)
<use lightning.jpg>
Package pdftex.def Info: lightning.jpg  used on input line 212.
(pdftex.def)             Requested size: 251.5897pt x 160.77779pt.
<vitrified.jpeg, id=125, 1361.085pt x 670.505pt>
File: vitrified.jpeg Graphic file (type jpg)
<use vitrified.jpeg>
Package pdftex.def Info: vitrified.jpeg  used on input line 223.
(pdftex.def)             Requested size: 251.5897pt x 123.93916pt.
<sendai.png, id=128, 1858.945pt x 1050.92625pt>
File: sendai.png Graphic file (type png)
<use sendai.png>
Package pdftex.def Info: sendai.png  used on input line 232.
(pdftex.def)             Requested size: 251.5897pt x 142.22171pt.
LaTeX Info: Symbol \textasciiacute not provided by
            font family ptm in TS1 encoding.
            Default family used instead on input line 239.
 [5 <./lightning.jpg> <./vitrified.jpeg> <./sendai.png>]
<faraday.jpg, id=156, 891.33pt x 593.21625pt>
File: faraday.jpg Graphic file (type jpg)
<use faraday.jpg>
Package pdftex.def Info: faraday.jpg  used on input line 257.
(pdftex.def)             Requested size: 251.5897pt x 167.43907pt.
<prominence.jpeg, id=159, 474.77374pt x 251.94125pt>
File: prominence.jpeg Graphic file (type jpg)
<use prominence.jpeg>
Package pdftex.def Info: prominence.jpeg  used on input line 272.
(pdftex.def)             Requested size: 251.5897pt x 133.509pt.
 [6 <./faraday.jpg> <./prominence.jpeg>]
Underfull \hbox (badness 1910) in paragraph at lines 298--299
[]\OT1/ptm/m/n/10 In ad-di-tion to geo-phys-i-cal risks, hu-man-ity must con-
 []

[7]
<tver.png, id=205, 1859.94875pt x 993.7125pt>
File: tver.png Graphic file (type png)
<use tver.png>
Package pdftex.def Info: tver.png  used on input line 336.
(pdftex.def)             Requested size: 525.7638pt x 280.8911pt.
<toropets.png, id=208, 1501.61pt x 498.86375pt>
File: toropets.png Graphic file (type png)
<use toropets.png>
Package pdftex.def Info: toropets.png  used on input line 344.
(pdftex.def)             Requested size: 525.7638pt x 174.67343pt.
<nukes.png, id=211, 668.4975pt x 806.01125pt>
File: nukes.png Graphic file (type png)
<use nukes.png>
Package pdftex.def Info: nukes.png  used on input line 352.
(pdftex.def)             Requested size: 525.7638pt x 633.9624pt.
<tartous.jpeg, id=216, 1915.155pt x 1559.8275pt>
File: tartous.jpeg Graphic file (type jpg)
<use tartous.jpeg>
Package pdftex.def Info: tartous.jpeg  used on input line 360.
(pdftex.def)             Requested size: 525.7638pt x 428.20416pt.
<sound.jpeg, id=219, 2085.7925pt x 1495.5875pt>
File: sound.jpeg Graphic file (type jpg)
<use sound.jpeg>
Package pdftex.def Info: sound.jpeg  used on input line 368.
(pdftex.def)             Requested size: 525.7638pt x 376.97676pt.
 [8

] [9 <./tver.png> <./toropets.png>] [10 <./nukes.png>] [11 <./tartous.jpeg>] [1
2 <./sound.jpeg>]
<japan.png, id=273, 503.63156pt x 270.25969pt>
File: japan.png Graphic file (type png)
<use japan.png>
Package pdftex.def Info: japan.png  used on input line 379.
(pdftex.def)             Requested size: 525.7638pt x 282.13562pt.
<tes1.jpeg, id=286, 1284.8pt x 689.57625pt>
File: tes1.jpeg Graphic file (type jpg)
<use tes1.jpeg>
Package pdftex.def Info: tes1.jpeg  used on input line 395.
(pdftex.def)             Requested size: 525.7638pt x 282.19145pt.
<tes2.png, id=289, 1046.91125pt x 481.8pt>
File: tes2.png Graphic file (type png)
<use tes2.png>
Package pdftex.def Info: tes2.png  used on input line 403.
(pdftex.def)             Requested size: 525.7638pt x 241.9654pt.
 [13



 <./japan.png>] [14 <./tes1.jpeg> <./tes2.png>]
<farmcrop.PNG, id=314, 1341.01pt x 692.5875pt>
File: farmcrop.PNG Graphic file (type png)
<use farmcrop.PNG>
Package pdftex.def Info: farmcrop.PNG  used on input line 414.
(pdftex.def)             Requested size: 525.7638pt x 271.53471pt.

[15


 <./farmcrop.PNG>] [16]
<flood.jpg, id=369, 1535.7375pt x 1193.45876pt>
File: flood.jpg Graphic file (type jpg)
<use flood.jpg>
Package pdftex.def Info: flood.jpg  used on input line 497.
(pdftex.def)             Requested size: 251.5897pt x 195.50996pt.
 [17



 <./flood.jpg>]
<peaks.png, id=390, 1524.69624pt x 1172.38pt>
File: peaks.png Graphic file (type png)
<use peaks.png>
Package pdftex.def Info: peaks.png  used on input line 544.
(pdftex.def)             Requested size: 368.03305pt x 282.98695pt.
 [18


 <./peaks.png>] [19

]
(./english-no-list.bbl
Underfull \hbox (badness 6220) in paragraph at lines 4--7
[]\OT1/ptm/m/n/9 Seneca the younger --- wikipedia, the free en-cy-clo-pe-
 []


Underfull \hbox (badness 4441) in paragraph at lines 4--7
\OT1/ptm/m/n/9 dia.  []$\OT1/pcr/m/n/9 https : / / en . wikipedia . org / wiki 
/ Seneca _
 []


Underfull \hbox (badness 1087) in paragraph at lines 21--27
\OT1/ptm/m/n/9 Con-demns mRNA Vac-cines as `Evil Prac-tices of Sci-ence'.
 []


Underfull \hbox (badness 10000) in paragraph at lines 21--27
[]$\OT1/pcr/m/n/9 https : / / www . aussie17 . com / p / japans -[] most -[]
 []


Underfull \hbox (badness 1910) in paragraph at lines 29--33
[]\OT1/ptm/m/n/9 Aussie17.  Phar-maFiles by Aussie17.  []$\OT1/pcr/m/n/9 https 
: / / www .
 []


Underfull \hbox (badness 10000) in paragraph at lines 58--64
[]$\OT1/pcr/m/n/9 https : / / www . usgs . gov / news / featured -[] story /
 []


Underfull \hbox (badness 10000) in paragraph at lines 58--64
\OT1/pcr/m/n/9 new -[] map -[] worldwide -[] croplands -[] supports -[] food -[
]
 []


Underfull \hbox (badness 1122) in paragraph at lines 74--81
[]\OT1/ptm/m/n/9 David Icke.  Di-rected En-ergy Weapons Ca-pa-ble of Caus-
 []


Underfull \hbox (badness 4036) in paragraph at lines 74--81
\OT1/ptm/m/n/9 ing Earth-quakes Hid-den in Antarc-tica, Claims Raytheon
 []


Underfull \hbox (badness 2050) in paragraph at lines 74--81
\OT1/ptm/m/n/9 Whistle-blower.  []$\OT1/pcr/m/n/9 https : / / davidicke . com /
 2023 / 11 /
 []


Underfull \hbox (badness 10000) in paragraph at lines 74--81
\OT1/pcr/m/n/9 17 / directed -[] energy -[] weapons -[] capable -[] of -[]
 []


Underfull \hbox (badness 10000) in paragraph at lines 74--81
\OT1/pcr/m/n/9 causing -[] earthquakes -[] hidden -[] in -[] antarctica -[]
 []


Underfull \hbox (badness 10000) in paragraph at lines 74--81
\OT1/pcr/m/n/9 claims -[] raytheon -[] whistleblower/$[]\OT1/ptm/m/n/9 , Nov. 2
023.
 []


Underfull \hbox (badness 6173) in paragraph at lines 83--89
[]\OT1/ptm/m/n/9 Depop Agenda.  Are Di-rected En-ergy Weapons Sys-
 []


Underfull \hbox (badness 10000) in paragraph at lines 97--102
\OT1/pcr/m/n/9 eu / meetdocs / 2009 _ 2014 / documents / d -[] iq / dv / d -[]
 []


Underfull \hbox (badness 2486) in paragraph at lines 104--110
\OT1/ptm/m/n/9 Safe From Light-ning.  []$\OT1/pcr/m/n/9 https : / / medium . co
m / open -[]
 []


Underfull \hbox (badness 10000) in paragraph at lines 104--110
\OT1/pcr/m/n/9 physics -[] class / faraday -[] cage -[] why -[] are -[] cars -[
]
 []


Underfull \hbox (badness 2435) in paragraph at lines 104--110
\OT1/pcr/m/n/9 planes -[] safe -[] from -[] lighting -[] f9753135f648$[]\OT1/pt
m/m/n/9 , July
 []


Underfull \hbox (badness 10000) in paragraph at lines 119--125
[]$\OT1/pcr/m/n/9 https : / / researchoutreach . org / articles /
 []


Underfull \hbox (badness 10000) in paragraph at lines 119--125
\OT1/pcr/m/n/9 earths -[] magnetic -[] field -[] changes -[] through -[]
 []

LaTeX Font Info:    Trying to load font information for TS1+ptm on input line 1
31.
(/usr/share/texlive/texmf-dist/tex/latex/psnfss/ts1ptm.fd
File: ts1ptm.fd 2001/06/04 font definitions for TS1/ptm.
)
Underfull \hbox (badness 5460) in paragraph at lines 135--141
[]\OT1/ptm/m/n/9 D. M. Ger-stein.  Re-turn of tac-ti-cal nu-clear weapons
 []


Underfull \hbox (badness 4084) in paragraph at lines 135--141
\OT1/ptm/m/n/9 would send a dan-ger-ous sig-nal.  Com-men-tary, RAND
 []


Underfull \hbox (badness 7291) in paragraph at lines 135--141
\OT1/ptm/m/n/9 Cor-po-ra-tion (orig-i-nally pub-lished on CNN), Jan. 2018.
 []


Underfull \hbox (badness 10000) in paragraph at lines 135--141
[]$\OT1/pcr/m/n/9 https : / / www . rand . org / pubs / commentary / 2018 /
 []


Underfull \hbox (badness 10000) in paragraph at lines 135--141
\OT1/pcr/m/n/9 01 / return -[] of -[] tactical -[] nuclear -[] weapons -[]
 []


Underfull \hbox (badness 10000) in paragraph at lines 149--152
[]\OT1/ptm/m/n/9 Junho.  Ecdo github re-search repos-i-tory, 2024.
 []


Underfull \hbox (badness 3088) in paragraph at lines 159--165
[]\OT1/ptm/m/n/9 KFF (Kaiser Fam-ily Foun-da-tion).  Fal-lu-jah doc-tors say
 []


Underfull \hbox (badness 8151) in paragraph at lines 159--165
\OT1/ptm/m/n/9 chem-i-cals from u.s. weapons to blame for high lev-
 []


Underfull \hbox (badness 2717) in paragraph at lines 159--165
\OT1/ptm/m/n/9 els of birth de-fects.  KFF News Sum-mary, Jan. 2012.
 []


Underfull \hbox (badness 10000) in paragraph at lines 159--165
[]$\OT1/pcr/m/n/9 https : / / www . kff . org / news -[] summary / fallujah -[]

 []


Underfull \hbox (badness 10000) in paragraph at lines 159--165
\OT1/pcr/m/n/9 doctors -[] say -[] chemicals -[] from -[] u -[] s -[] weapons -
[] to -[]
 []


Underfull \hbox (badness 6268) in paragraph at lines 167--173
[]\OT1/ptm/m/n/9 Lioness of Ju-dah.  GENO-CIDE CON-FIRMED: Japan
 []


Underfull \hbox (badness 6477) in paragraph at lines 167--173
\OT1/ptm/m/n/9 Ad-mits Covid Shots Killed Over 600,000.  []$\OT1/pcr/m/n/9 http
s :
 []


Underfull \hbox (badness 10000) in paragraph at lines 167--173
\OT1/pcr/m/n/9 / / lionessofjudah . substack . com / p / genocide -[]
 []


Underfull \hbox (badness 10000) in paragraph at lines 200--206
\OT1/ptm/m/n/9 | Prof. Fukushima on mRNA vac-cine biodis-tri-bu-
 []


Underfull \hbox (badness 10000) in paragraph at lines 200--206
\OT1/ptm/m/n/9 tion.  []$\OT1/pcr/m/n/9 https : / / x . com / newstart _ 2024 /
 status /
 []

[20


]
Underfull \hbox (badness 1783) in paragraph at lines 226--232
\OT1/ptm/m/n/9 Spike.  []$\OT1/pcr/m/n/9 https : / / philipmcmillan . substack 
. com /
 []


Underfull \hbox (badness 10000) in paragraph at lines 226--232
\OT1/pcr/m/n/9 p / japanese -[] data -[] reveals -[] vaccine -[] mortality$[]\O
T1/ptm/m/n/9 ,
 []


Underfull \hbox (badness 1348) in paragraph at lines 234--241
\OT1/ptm/m/n/9 ter-view with Pro-fes-sor Masanori Fukushima.  []$\OT1/pcr/m/n/9
 https : / /
 []


Underfull \hbox (badness 10000) in paragraph at lines 234--241
\OT1/pcr/m/n/9 dailysceptic . org / 2023 / 01 / 01 / unprecedented -[]
 []


Underfull \hbox (badness 10000) in paragraph at lines 234--241
\OT1/pcr/m/n/9 vaccine -[] disaster -[] an -[] interview -[] with -[]
 []


Underfull \hbox (badness 10000) in paragraph at lines 275--282
\OT1/pcr/m/n/9 cattle -[] and -[] land -[] use -[] differences -[] between -[]
 []


Underfull \hbox (badness 10000) in paragraph at lines 275--282
\OT1/pcr/m/n/9 arable -[] land -[] and -[] marginal -[] land -[] and -[] how -[
]
 []


Underfull \hbox (badness 4819) in paragraph at lines 288--293
[]\OT1/ptm/m/n/9 T. E. Skep-tic.  Mas-ter exother-mic core-mantle de-cou-
 []


Underfull \hbox (badness 10000) in paragraph at lines 288--293
\OT1/ptm/m/n/9 pling { dzhanibekov os-cil-la-tion (ecdo) the-ory, 2024.
 []


Underfull \hbox (badness 10000) in paragraph at lines 288--293
\OT1/ptm/m/n/9 https://theethicalskeptic.com/2024/05/23/master-exothermic-
 []


Underfull \hbox (badness 10000) in paragraph at lines 295--301
\OT1/pcr/m/n/9 ecdo / blob / master / 6 -[] LITERATURE -[] MEDIA / 0 -[]
 []


Underfull \hbox (badness 1975) in paragraph at lines 303--309
[]\OT1/ptm/m/n/9 sovrynn.  Cat-a-clysm chronol-ogy: Asia/china.  []$\OT1/pcr/m/
n/9 https :
 []


Underfull \hbox (badness 10000) in paragraph at lines 303--309
\OT1/pcr/m/n/9 / / github . com / sovrynn / ecdo / tree / master / 1 -[]
 []


Underfull \hbox (badness 10000) in paragraph at lines 303--309
\OT1/pcr/m/n/9 EVIDENCE / cataclysm -[] chronology / asia / china$[]\OT1/ptm/m/
n/9 ,
 []


Underfull \hbox (badness 1910) in paragraph at lines 311--317
[]\OT1/ptm/m/n/9 Sovrynn.  cirnosad.  GitHub repos-i-tory, di-rec-tory un-der
 []


Underfull \hbox (badness 10000) in paragraph at lines 311--317
\OT1/pcr/m/n/9 ecdo/6-LITERATURE-MEDIA/1-cirnosad\OT1/ptm/m/n/9 , 2025.
 []


Underfull \hbox (badness 10000) in paragraph at lines 311--317
[]$\OT1/pcr/m/n/9 https : / / github . com / sovrynn / ecdo / tree /
 []


Underfull \hbox (badness 2662) in paragraph at lines 319--325
[]\OT1/ptm/m/n/9 sovrynn.  ecdo: cataclysm[]chronology/europe (di-rec-tory).
 []


Underfull \hbox (badness 10000) in paragraph at lines 319--325
[]$\OT1/pcr/m/n/9 https : / / github . com / sovrynn / ecdo / tree /
 []


Underfull \hbox (badness 10000) in paragraph at lines 319--325
\OT1/pcr/m/n/9 master / 1 -[] EVIDENCE / cataclysm -[] chronology /
 []


Underfull \hbox (badness 10000) in paragraph at lines 327--333
[]\OT1/ptm/m/n/9 sovrynn.  ecdo: toll-mann (di-rec-tory).  []$\OT1/pcr/m/n/9 ht
tps :
 []


Underfull \hbox (badness 10000) in paragraph at lines 327--333
\OT1/pcr/m/n/9 / / github . com / sovrynn / ecdo / tree / master / 6 -[]
 []


Underfull \hbox (badness 10000) in paragraph at lines 341--347
[]\OT1/ptm/m/n/9 sovrynn.  Ge-o-mag-netic Dipole Strength.  []$\OT1/pcr/m/n/9 h
ttps :
 []


Underfull \hbox (badness 10000) in paragraph at lines 341--347
\OT1/pcr/m/n/9 / / github . com / sovrynn / ecdo / tree / master / 1 -[]
 []


Underfull \hbox (badness 10000) in paragraph at lines 341--347
\OT1/pcr/m/n/9 EVIDENCE / 1 -[] PRESENT -[] CLIMATE -[] ANOMALIES / 0 -[]
 []


Underfull \hbox (badness 1102) in paragraph at lines 349--352
[]\OT1/ptm/m/n/9 TalkOrigins.  Flood sto-ries from around the world, 2002.
 []


Underfull \hbox (badness 6542) in paragraph at lines 354--360
[]\OT1/ptm/m/n/9 The Burn-ing Plat-form.  New ev-i-dence that is-rael is
 []


Underfull \hbox (badness 7256) in paragraph at lines 354--360
\OT1/ptm/m/n/9 us-ing a new ura-nium weapon { make that the neu-
 []


Underfull \hbox (badness 3492) in paragraph at lines 354--360
\OT1/ptm/m/n/9 tron bomb.  The Burn-ing Plat-form (blog), Dec. 2023.
 []


Underfull \hbox (badness 10000) in paragraph at lines 354--360
[]$\OT1/pcr/m/n/9 https : / / www . theburningplatform . com / 2023 /
 []


Underfull \hbox (badness 10000) in paragraph at lines 354--360
\OT1/pcr/m/n/9 12 / 14 / new -[] evidence -[] that -[] israel -[] is -[] using 
-[] a -[]
 []


Underfull \hbox (badness 10000) in paragraph at lines 354--360
\OT1/pcr/m/n/9 new -[] uranium -[] weapon -[] make -[] that -[] the -[] neutron
 -[]
 []


Underfull \hbox (badness 10000) in paragraph at lines 369--375
\OT1/pcr/m/n/9 20 / the -[] state -[] of -[] things -[] pandemic/$[]\OT1/ptm/m/
n/9 , June 2025.
 []


Underfull \hbox (badness 1142) in paragraph at lines 377--384
[]\OT1/ptm/m/n/9 The Ex-pos[]e.  Dr. Mike Yeadon: The COVID \vac-cines"
 []


Underfull \hbox (badness 10000) in paragraph at lines 377--384
\OT1/pcr/m/n/9 news . com / 2024 / 11 / 11 / covid -[] vaccines -[] were -[]
 []


Underfull \hbox (badness 10000) in paragraph at lines 377--384
\OT1/pcr/m/n/9 intentionally -[] designed -[] to -[] harm/$[]\OT1/ptm/m/n/9 , N
ov. 2024.
 []


Underfull \hbox (badness 1540) in paragraph at lines 386--390
[]\OT1/ptm/m/n/9 Wikipedia con-trib-u-tors.  COVID-19 pan-demic.  []$\OT1/pcr/m
/n/9 https :
 []


Underfull \hbox (badness 10000) in paragraph at lines 386--390
\OT1/pcr/m/n/9 / / en . wikipedia . org / wiki / COVID -[] 19 _ pandemic$[]\OT1
/ptm/m/n/9 ,
 []


Underfull \hbox (badness 5490) in paragraph at lines 399--403
[]\OT1/ptm/m/n/9 Wikipedia con-trib-u-tors.  Five Suns.  []$\OT1/pcr/m/n/9 http
s : / / en .
 []


Underfull \hbox (badness 1466) in paragraph at lines 405--409
[]\OT1/ptm/m/n/9 Wikipedia con-trib-u-tors.  Luis Eli-zondo.  []$\OT1/pcr/m/n/9
 https : / / en .
 []


Underfull \hbox (badness 10000) in paragraph at lines 416--420
[]\OT1/ptm/m/n/9 Worldometer.  World Pop-u-la-tion.  []$\OT1/pcr/m/n/9 https : 
/ / www .
 []


Underfull \hbox (badness 10000) in paragraph at lines 416--420
\OT1/pcr/m/n/9 worldometers . info / world -[] population/$[]\OT1/ptm/m/n/9 , 2
025.
 []

) [21] (./english-no-list.aux)
 ***********
LaTeX2e <2023-11-01> patch level 1
L3 programming layer <2024-01-22>
 ***********


LaTeX Warning: There were multiply-defined labels.

 ) 
Here is how much of TeX's memory you used:
 10685 strings out of 475142
 160156 string characters out of 5776209
 1956975 words of memory out of 5000000
 32435 multiletter control sequences out of 15000+600000
 585168 words of font info for 96 fonts, out of 8000000 for 9000
 680 hyphenation exceptions out of 8191
 75i,9n,79p,2599b,612s stack positions out of 10000i,1000n,20000p,200000b,200000s
 </home/m120938/.texlive2023/texmf-var/fonts/pk/ljfour/jknappen/ec/tcti1000.6
00pk></usr/share/texlive/texmf-dist/fonts/type1/urw/courier/ucrr8a.pfb></usr/sh
are/texlive/texmf-dist/fonts/type1/urw/times/utmb8a.pfb></usr/share/texlive/tex
mf-dist/fonts/type1/urw/times/utmbi8a.pfb></usr/share/texlive/texmf-dist/fonts/
type1/urw/times/utmr8a.pfb></usr/share/texlive/texmf-dist/fonts/type1/urw/times
/utmri8a.pfb>
Output written on english-no-list.pdf (21 pages, 13366331 bytes).
PDF statistics:
 655 PDF objects out of 1000 (max. 8388607)
 564 compressed objects within 6 object streams
 243 named destinations out of 1000 (max. 500000)
 111 words of extra memory for PDF output out of 10000 (max. 10000000)

